[2025-04-06T14:56:25.779+0000] {local_task_job_runner.py:123} INFO - ::group::Pre task execution logs
[2025-04-06T14:56:26.014+0000] {taskinstance.py:2614} INFO - Dependencies all met for dep_context=non-requeueable deps ti=<TaskInstance: dag_data_quality.record_quality_log manual__2025-04-06T14:56:09.273887+00:00 [queued]>
[2025-04-06T14:56:26.026+0000] {taskinstance.py:2614} INFO - Dependencies all met for dep_context=requeueable deps ti=<TaskInstance: dag_data_quality.record_quality_log manual__2025-04-06T14:56:09.273887+00:00 [queued]>
[2025-04-06T14:56:26.027+0000] {taskinstance.py:2867} INFO - Starting attempt 1 of 2
[2025-04-06T14:56:26.045+0000] {taskinstance.py:2890} INFO - Executing <Task(_PythonDecoratedOperator): record_quality_log> on 2025-04-06 14:56:09.273887+00:00
[2025-04-06T14:56:26.059+0000] {warnings.py:112} WARNING - /home/***/.local/lib/python3.12/site-packages/***/task/task_runner/standard_task_runner.py:70: DeprecationWarning: This process (pid=2089) is multi-threaded, use of fork() may lead to deadlocks in the child.
  pid = os.fork()

[2025-04-06T14:56:26.061+0000] {standard_task_runner.py:72} INFO - Started process 2091 to run task
[2025-04-06T14:56:26.062+0000] {standard_task_runner.py:104} INFO - Running: ['***', 'tasks', 'run', 'dag_data_quality', 'record_quality_log', 'manual__2025-04-06T14:56:09.273887+00:00', '--job-id', '73', '--raw', '--subdir', 'DAGS_FOLDER/dag_data_quality.py', '--cfg-path', '/tmp/tmpgzdkw35b']
[2025-04-06T14:56:26.064+0000] {standard_task_runner.py:105} INFO - Job 73: Subtask record_quality_log
[2025-04-06T14:56:26.126+0000] {task_command.py:467} INFO - Running <TaskInstance: dag_data_quality.record_quality_log manual__2025-04-06T14:56:09.273887+00:00 [running]> on host 2e277e0df613
[2025-04-06T14:56:26.243+0000] {taskinstance.py:3134} INFO - Exporting env vars: AIRFLOW_CTX_DAG_EMAIL='laurenziusjulioanreaja@mail.ugm.ac.id,selvianisacahyamukti@mail.ugm.ac.id,yudypratamafanggidae@mail.ugm.ac.id' AIRFLOW_CTX_DAG_OWNER='julio' AIRFLOW_CTX_DAG_ID='dag_data_quality' AIRFLOW_CTX_TASK_ID='record_quality_log' AIRFLOW_CTX_EXECUTION_DATE='2025-04-06T14:56:09.273887+00:00' AIRFLOW_CTX_TRY_NUMBER='1' AIRFLOW_CTX_DAG_RUN_ID='manual__2025-04-06T14:56:09.273887+00:00'
[2025-04-06T14:56:26.245+0000] {logging_mixin.py:190} INFO - Task instance is in running state
[2025-04-06T14:56:26.246+0000] {logging_mixin.py:190} INFO -  Previous state of the Task instance: queued
[2025-04-06T14:56:26.246+0000] {logging_mixin.py:190} INFO - Current task name:record_quality_log state:running start_date:2025-04-06 14:56:26.015247+00:00
[2025-04-06T14:56:26.247+0000] {logging_mixin.py:190} INFO - Dag name:dag_data_quality and current dag run status:running
[2025-04-06T14:56:26.248+0000] {taskinstance.py:732} INFO - ::endgroup::
[2025-04-06T14:56:26.357+0000] {python.py:240} INFO - Done. Returned value was: None
[2025-04-06T14:56:26.370+0000] {taskinstance.py:341} INFO - ::group::Post task execution logs
[2025-04-06T14:56:26.372+0000] {taskinstance.py:353} INFO - Marking task as SUCCESS. dag_id=dag_data_quality, task_id=record_quality_log, run_id=manual__2025-04-06T14:56:09.273887+00:00, execution_date=20250406T145609, start_date=20250406T145626, end_date=20250406T145626
[2025-04-06T14:56:26.402+0000] {logging_mixin.py:190} INFO - Task instance in success state
[2025-04-06T14:56:26.403+0000] {logging_mixin.py:190} INFO -  Previous state of the Task instance: running
[2025-04-06T14:56:26.404+0000] {logging_mixin.py:190} INFO - Dag name:dag_data_quality queued_at:2025-04-06 14:56:09.467584+00:00
[2025-04-06T14:56:26.404+0000] {logging_mixin.py:190} INFO - Task hostname:2e277e0df613 operator:_PythonDecoratedOperator
[2025-04-06T14:56:26.439+0000] {local_task_job_runner.py:266} INFO - Task exited with return code 0
[2025-04-06T14:56:26.477+0000] {taskinstance.py:3901} INFO - 1 downstream tasks scheduled from follow-on schedule check
[2025-04-06T14:56:26.485+0000] {local_task_job_runner.py:245} INFO - ::endgroup::
