[2025-04-15T19:35:30.354+0000] {local_task_job_runner.py:123} INFO - ::group::Pre task execution logs
[2025-04-15T19:35:30.409+0000] {taskinstance.py:2614} INFO - Dependencies all met for dep_context=non-requeueable deps ti=<TaskInstance: etl_duckdb_dag_custom_class.check_data scheduled__2025-04-14T00:00:00+00:00 [queued]>
[2025-04-15T19:35:30.435+0000] {taskinstance.py:2614} INFO - Dependencies all met for dep_context=requeueable deps ti=<TaskInstance: etl_duckdb_dag_custom_class.check_data scheduled__2025-04-14T00:00:00+00:00 [queued]>
[2025-04-15T19:35:30.437+0000] {taskinstance.py:2867} INFO - Starting attempt 1 of 2
[2025-04-15T19:35:30.483+0000] {taskinstance.py:2890} INFO - Executing <Task(_PythonDecoratedOperator): check_data> on 2025-04-14 00:00:00+00:00
[2025-04-15T19:35:30.539+0000] {warnings.py:112} WARNING - /home/***/.local/lib/python3.12/site-packages/***/task/task_runner/standard_task_runner.py:70: DeprecationWarning: This process (pid=11301) is multi-threaded, use of fork() may lead to deadlocks in the child.
  pid = os.fork()

[2025-04-15T19:35:30.543+0000] {standard_task_runner.py:72} INFO - Started process 11359 to run task
[2025-04-15T19:35:30.544+0000] {standard_task_runner.py:104} INFO - Running: ['***', 'tasks', 'run', 'etl_duckdb_dag_custom_class', 'check_data', 'scheduled__2025-04-14T00:00:00+00:00', '--job-id', '153', '--raw', '--subdir', 'DAGS_FOLDER/etl_duckdb_dag.py', '--cfg-path', '/tmp/tmpi2lvug5l']
[2025-04-15T19:35:30.548+0000] {standard_task_runner.py:105} INFO - Job 153: Subtask check_data
[2025-04-15T19:35:30.725+0000] {task_command.py:467} INFO - Running <TaskInstance: etl_duckdb_dag_custom_class.check_data scheduled__2025-04-14T00:00:00+00:00 [running]> on host 697c9a4320f6
[2025-04-15T19:35:31.066+0000] {taskinstance.py:3134} INFO - Exporting env vars: AIRFLOW_CTX_DAG_EMAIL='laurenziusjulioanreaja@mail.ugm.ac.id,selvianisacahyamukti@mail.ugm.ac.id,yudypratamafanggidae@mail.ugm.ac.id' AIRFLOW_CTX_DAG_OWNER='julio' AIRFLOW_CTX_DAG_ID='etl_duckdb_dag_custom_class' AIRFLOW_CTX_TASK_ID='check_data' AIRFLOW_CTX_EXECUTION_DATE='2025-04-14T00:00:00+00:00' AIRFLOW_CTX_TRY_NUMBER='1' AIRFLOW_CTX_DAG_RUN_ID='scheduled__2025-04-14T00:00:00+00:00'
[2025-04-15T19:35:31.075+0000] {logging_mixin.py:190} INFO - Task instance is in running state
[2025-04-15T19:35:31.076+0000] {logging_mixin.py:190} INFO -  Previous state of the Task instance: queued
[2025-04-15T19:35:31.078+0000] {logging_mixin.py:190} INFO - Current task name:check_data state:running start_date:2025-04-15 19:35:30.410998+00:00
[2025-04-15T19:35:31.079+0000] {logging_mixin.py:190} INFO - Dag name:etl_duckdb_dag_custom_class and current dag run status:running
[2025-04-15T19:35:31.082+0000] {taskinstance.py:732} INFO - ::endgroup::
[2025-04-15T19:35:31.096+0000] {python.py:240} INFO - Done. Returned value was: True
[2025-04-15T19:35:31.196+0000] {taskinstance.py:341} INFO - ::group::Post task execution logs
[2025-04-15T19:35:31.197+0000] {taskinstance.py:353} INFO - Marking task as SUCCESS. dag_id=etl_duckdb_dag_custom_class, task_id=check_data, run_id=scheduled__2025-04-14T00:00:00+00:00, execution_date=20250414T000000, start_date=20250415T193530, end_date=20250415T193531
[2025-04-15T19:35:31.311+0000] {logging_mixin.py:190} INFO - Task instance in success state
[2025-04-15T19:35:31.312+0000] {logging_mixin.py:190} INFO -  Previous state of the Task instance: running
[2025-04-15T19:35:31.313+0000] {logging_mixin.py:190} INFO - Dag name:etl_duckdb_dag_custom_class queued_at:2025-04-15 19:34:37.371666+00:00
[2025-04-15T19:35:31.314+0000] {logging_mixin.py:190} INFO - Task hostname:697c9a4320f6 operator:_PythonDecoratedOperator
[2025-04-15T19:35:31.377+0000] {local_task_job_runner.py:266} INFO - Task exited with return code 0
[2025-04-15T19:35:31.499+0000] {taskinstance.py:3901} INFO - 1 downstream tasks scheduled from follow-on schedule check
[2025-04-15T19:35:31.503+0000] {local_task_job_runner.py:245} INFO - ::endgroup::
