[2025-04-11T00:00:30.654+0000] {local_task_job_runner.py:123} INFO - ::group::Pre task execution logs
[2025-04-11T00:00:30.679+0000] {taskinstance.py:2614} INFO - Dependencies all met for dep_context=non-requeueable deps ti=<TaskInstance: etl_duckdb_dag_custom_class.notify_success scheduled__2025-04-10T00:00:00+00:00 [queued]>
[2025-04-11T00:00:30.690+0000] {taskinstance.py:2614} INFO - Dependencies all met for dep_context=requeueable deps ti=<TaskInstance: etl_duckdb_dag_custom_class.notify_success scheduled__2025-04-10T00:00:00+00:00 [queued]>
[2025-04-11T00:00:30.691+0000] {taskinstance.py:2867} INFO - Starting attempt 1 of 2
[2025-04-11T00:00:30.708+0000] {taskinstance.py:2890} INFO - Executing <Task(_PythonDecoratedOperator): notify_success> on 2025-04-10 00:00:00+00:00
[2025-04-11T00:00:30.720+0000] {warnings.py:112} WARNING - /home/***/.local/lib/python3.12/site-packages/***/task/task_runner/standard_task_runner.py:70: DeprecationWarning: This process (pid=39094) is multi-threaded, use of fork() may lead to deadlocks in the child.
  pid = os.fork()

[2025-04-11T00:00:30.723+0000] {standard_task_runner.py:72} INFO - Started process 39096 to run task
[2025-04-11T00:00:30.722+0000] {standard_task_runner.py:104} INFO - Running: ['***', 'tasks', 'run', 'etl_duckdb_dag_custom_class', 'notify_success', 'scheduled__2025-04-10T00:00:00+00:00', '--job-id', '126', '--raw', '--subdir', 'DAGS_FOLDER/etl_duckdb_dag.py', '--cfg-path', '/tmp/tmpib7neptq']
[2025-04-11T00:00:30.723+0000] {standard_task_runner.py:105} INFO - Job 126: Subtask notify_success
[2025-04-11T00:00:30.773+0000] {task_command.py:467} INFO - Running <TaskInstance: etl_duckdb_dag_custom_class.notify_success scheduled__2025-04-10T00:00:00+00:00 [running]> on host 2e277e0df613
[2025-04-11T00:00:30.867+0000] {taskinstance.py:3134} INFO - Exporting env vars: AIRFLOW_CTX_DAG_EMAIL='laurenziusjulioanreaja@mail.ugm.ac.id,selvianisacahyamukti@mail.ugm.ac.id,yudypratamafanggidae@mail.ugm.ac.id' AIRFLOW_CTX_DAG_OWNER='julio' AIRFLOW_CTX_DAG_ID='etl_duckdb_dag_custom_class' AIRFLOW_CTX_TASK_ID='notify_success' AIRFLOW_CTX_EXECUTION_DATE='2025-04-10T00:00:00+00:00' AIRFLOW_CTX_TRY_NUMBER='1' AIRFLOW_CTX_DAG_RUN_ID='scheduled__2025-04-10T00:00:00+00:00'
[2025-04-11T00:00:30.868+0000] {logging_mixin.py:190} INFO - Task instance is in running state
[2025-04-11T00:00:30.869+0000] {logging_mixin.py:190} INFO -  Previous state of the Task instance: queued
[2025-04-11T00:00:30.869+0000] {logging_mixin.py:190} INFO - Current task name:notify_success state:running start_date:2025-04-11 00:00:30.680311+00:00
[2025-04-11T00:00:30.870+0000] {logging_mixin.py:190} INFO - Dag name:etl_duckdb_dag_custom_class and current dag run status:running
[2025-04-11T00:00:30.870+0000] {taskinstance.py:732} INFO - ::endgroup::
[2025-04-11T00:00:30.881+0000] {warnings.py:112} WARNING - /home/***/.local/lib/python3.12/site-packages/***/utils/email.py:155: RemovedInAirflow3Warning: Fetching SMTP credentials from configuration variables will be deprecated in a future release. Please set credentials using a connection instead.
  send_mime_email(e_from=mail_from, e_to=recipients, mime_msg=msg, conn_id=conn_id, dryrun=dryrun)

[2025-04-11T00:00:30.881+0000] {email.py:272} INFO - Email alerting: attempt 1
[2025-04-11T00:00:32.393+0000] {email.py:283} INFO - Sent an alert email to ['laurenziusjulioanreaja@mail.ugm.ac.id', 'selvianisacahyamukti@mail.ugm.ac.id', 'yudypratamafanggidae@mail.ugm.ac.id']
[2025-04-11T00:00:34.638+0000] {python.py:240} INFO - Done. Returned value was: None
[2025-04-11T00:00:34.653+0000] {taskinstance.py:341} INFO - ::group::Post task execution logs
[2025-04-11T00:00:34.654+0000] {taskinstance.py:353} INFO - Marking task as SUCCESS. dag_id=etl_duckdb_dag_custom_class, task_id=notify_success, run_id=scheduled__2025-04-10T00:00:00+00:00, execution_date=20250410T000000, start_date=20250411T000030, end_date=20250411T000034
[2025-04-11T00:00:34.692+0000] {logging_mixin.py:190} INFO - Task instance in success state
[2025-04-11T00:00:34.694+0000] {logging_mixin.py:190} INFO -  Previous state of the Task instance: running
[2025-04-11T00:00:34.695+0000] {logging_mixin.py:190} INFO - Dag name:etl_duckdb_dag_custom_class queued_at:2025-04-11 00:00:00.899367+00:00
[2025-04-11T00:00:34.696+0000] {logging_mixin.py:190} INFO - Task hostname:2e277e0df613 operator:_PythonDecoratedOperator
[2025-04-11T00:00:34.750+0000] {local_task_job_runner.py:266} INFO - Task exited with return code 0
[2025-04-11T00:00:34.773+0000] {taskinstance.py:3901} INFO - 0 downstream tasks scheduled from follow-on schedule check
[2025-04-11T00:00:34.776+0000] {local_task_job_runner.py:245} INFO - ::endgroup::
