[2025-04-15T19:35:28.914+0000] {processor.py:186} INFO - Started process (PID=15772) to work on /home/airflow/.local/lib/python3.12/site-packages/airflow/example_dags/example_time_delta_sensor_async.py
[2025-04-15T19:35:28.916+0000] {processor.py:914} INFO - Processing file /home/airflow/.local/lib/python3.12/site-packages/airflow/example_dags/example_time_delta_sensor_async.py for tasks to queue
[2025-04-15T19:35:28.920+0000] {logging_mixin.py:190} INFO - [2025-04-15T19:35:28.919+0000] {dagbag.py:588} INFO - Filling up the DagBag from /home/airflow/.local/lib/python3.12/site-packages/airflow/example_dags/example_time_delta_sensor_async.py
[2025-04-15T19:35:28.933+0000] {processor.py:925} INFO - DAG(s) 'example_time_delta_sensor_async' retrieved from /home/airflow/.local/lib/python3.12/site-packages/airflow/example_dags/example_time_delta_sensor_async.py
[2025-04-15T19:35:28.977+0000] {logging_mixin.py:190} INFO - [2025-04-15T19:35:28.975+0000] {dag.py:3239} INFO - Sync 1 DAGs
[2025-04-15T19:35:29.039+0000] {logging_mixin.py:190} INFO - [2025-04-15T19:35:29.039+0000] {dag.py:4180} INFO - Setting next_dagrun for example_time_delta_sensor_async to None, run_after=None
[2025-04-15T19:35:29.110+0000] {processor.py:208} INFO - Processing /home/airflow/.local/lib/python3.12/site-packages/airflow/example_dags/example_time_delta_sensor_async.py took 0.206 seconds
[2025-04-15T19:36:00.311+0000] {processor.py:186} INFO - Started process (PID=15839) to work on /home/airflow/.local/lib/python3.12/site-packages/airflow/example_dags/example_time_delta_sensor_async.py
[2025-04-15T19:36:00.313+0000] {processor.py:914} INFO - Processing file /home/airflow/.local/lib/python3.12/site-packages/airflow/example_dags/example_time_delta_sensor_async.py for tasks to queue
[2025-04-15T19:36:00.317+0000] {logging_mixin.py:190} INFO - [2025-04-15T19:36:00.316+0000] {dagbag.py:588} INFO - Filling up the DagBag from /home/airflow/.local/lib/python3.12/site-packages/airflow/example_dags/example_time_delta_sensor_async.py
[2025-04-15T19:36:00.342+0000] {processor.py:925} INFO - DAG(s) 'example_time_delta_sensor_async' retrieved from /home/airflow/.local/lib/python3.12/site-packages/airflow/example_dags/example_time_delta_sensor_async.py
[2025-04-15T19:36:00.393+0000] {logging_mixin.py:190} INFO - [2025-04-15T19:36:00.392+0000] {dag.py:3239} INFO - Sync 1 DAGs
[2025-04-15T19:36:00.431+0000] {logging_mixin.py:190} INFO - [2025-04-15T19:36:00.430+0000] {dag.py:4180} INFO - Setting next_dagrun for example_time_delta_sensor_async to None, run_after=None
[2025-04-15T19:36:00.485+0000] {processor.py:208} INFO - Processing /home/airflow/.local/lib/python3.12/site-packages/airflow/example_dags/example_time_delta_sensor_async.py took 0.186 seconds
[2025-04-15T19:36:30.684+0000] {processor.py:186} INFO - Started process (PID=15905) to work on /home/airflow/.local/lib/python3.12/site-packages/airflow/example_dags/example_time_delta_sensor_async.py
[2025-04-15T19:36:30.686+0000] {processor.py:914} INFO - Processing file /home/airflow/.local/lib/python3.12/site-packages/airflow/example_dags/example_time_delta_sensor_async.py for tasks to queue
[2025-04-15T19:36:30.688+0000] {logging_mixin.py:190} INFO - [2025-04-15T19:36:30.687+0000] {dagbag.py:588} INFO - Filling up the DagBag from /home/airflow/.local/lib/python3.12/site-packages/airflow/example_dags/example_time_delta_sensor_async.py
[2025-04-15T19:36:30.698+0000] {processor.py:925} INFO - DAG(s) 'example_time_delta_sensor_async' retrieved from /home/airflow/.local/lib/python3.12/site-packages/airflow/example_dags/example_time_delta_sensor_async.py
[2025-04-15T19:36:30.730+0000] {logging_mixin.py:190} INFO - [2025-04-15T19:36:30.730+0000] {dag.py:3239} INFO - Sync 1 DAGs
[2025-04-15T19:36:30.754+0000] {logging_mixin.py:190} INFO - [2025-04-15T19:36:30.754+0000] {dag.py:4180} INFO - Setting next_dagrun for example_time_delta_sensor_async to None, run_after=None
[2025-04-15T19:36:30.786+0000] {processor.py:208} INFO - Processing /home/airflow/.local/lib/python3.12/site-packages/airflow/example_dags/example_time_delta_sensor_async.py took 0.111 seconds
[2025-04-15T19:37:01.501+0000] {processor.py:186} INFO - Started process (PID=15972) to work on /home/airflow/.local/lib/python3.12/site-packages/airflow/example_dags/example_time_delta_sensor_async.py
[2025-04-15T19:37:01.503+0000] {processor.py:914} INFO - Processing file /home/airflow/.local/lib/python3.12/site-packages/airflow/example_dags/example_time_delta_sensor_async.py for tasks to queue
[2025-04-15T19:37:01.505+0000] {logging_mixin.py:190} INFO - [2025-04-15T19:37:01.505+0000] {dagbag.py:588} INFO - Filling up the DagBag from /home/airflow/.local/lib/python3.12/site-packages/airflow/example_dags/example_time_delta_sensor_async.py
[2025-04-15T19:37:01.515+0000] {processor.py:925} INFO - DAG(s) 'example_time_delta_sensor_async' retrieved from /home/airflow/.local/lib/python3.12/site-packages/airflow/example_dags/example_time_delta_sensor_async.py
[2025-04-15T19:37:01.560+0000] {logging_mixin.py:190} INFO - [2025-04-15T19:37:01.560+0000] {dag.py:3239} INFO - Sync 1 DAGs
[2025-04-15T19:37:01.589+0000] {logging_mixin.py:190} INFO - [2025-04-15T19:37:01.588+0000] {dag.py:4180} INFO - Setting next_dagrun for example_time_delta_sensor_async to None, run_after=None
[2025-04-15T19:37:01.623+0000] {processor.py:208} INFO - Processing /home/airflow/.local/lib/python3.12/site-packages/airflow/example_dags/example_time_delta_sensor_async.py took 0.131 seconds
[2025-04-15T19:37:32.495+0000] {processor.py:186} INFO - Started process (PID=16039) to work on /home/airflow/.local/lib/python3.12/site-packages/airflow/example_dags/example_time_delta_sensor_async.py
[2025-04-15T19:37:32.496+0000] {processor.py:914} INFO - Processing file /home/airflow/.local/lib/python3.12/site-packages/airflow/example_dags/example_time_delta_sensor_async.py for tasks to queue
[2025-04-15T19:37:32.498+0000] {logging_mixin.py:190} INFO - [2025-04-15T19:37:32.497+0000] {dagbag.py:588} INFO - Filling up the DagBag from /home/airflow/.local/lib/python3.12/site-packages/airflow/example_dags/example_time_delta_sensor_async.py
[2025-04-15T19:37:32.508+0000] {processor.py:925} INFO - DAG(s) 'example_time_delta_sensor_async' retrieved from /home/airflow/.local/lib/python3.12/site-packages/airflow/example_dags/example_time_delta_sensor_async.py
[2025-04-15T19:37:32.535+0000] {logging_mixin.py:190} INFO - [2025-04-15T19:37:32.534+0000] {dag.py:3239} INFO - Sync 1 DAGs
[2025-04-15T19:37:32.557+0000] {logging_mixin.py:190} INFO - [2025-04-15T19:37:32.556+0000] {dag.py:4180} INFO - Setting next_dagrun for example_time_delta_sensor_async to None, run_after=None
[2025-04-15T19:37:32.595+0000] {processor.py:208} INFO - Processing /home/airflow/.local/lib/python3.12/site-packages/airflow/example_dags/example_time_delta_sensor_async.py took 0.108 seconds
[2025-04-15T19:38:03.298+0000] {processor.py:186} INFO - Started process (PID=16106) to work on /home/airflow/.local/lib/python3.12/site-packages/airflow/example_dags/example_time_delta_sensor_async.py
[2025-04-15T19:38:03.300+0000] {processor.py:914} INFO - Processing file /home/airflow/.local/lib/python3.12/site-packages/airflow/example_dags/example_time_delta_sensor_async.py for tasks to queue
[2025-04-15T19:38:03.303+0000] {logging_mixin.py:190} INFO - [2025-04-15T19:38:03.302+0000] {dagbag.py:588} INFO - Filling up the DagBag from /home/airflow/.local/lib/python3.12/site-packages/airflow/example_dags/example_time_delta_sensor_async.py
[2025-04-15T19:38:03.315+0000] {processor.py:925} INFO - DAG(s) 'example_time_delta_sensor_async' retrieved from /home/airflow/.local/lib/python3.12/site-packages/airflow/example_dags/example_time_delta_sensor_async.py
[2025-04-15T19:38:03.352+0000] {logging_mixin.py:190} INFO - [2025-04-15T19:38:03.351+0000] {dag.py:3239} INFO - Sync 1 DAGs
[2025-04-15T19:38:03.376+0000] {logging_mixin.py:190} INFO - [2025-04-15T19:38:03.376+0000] {dag.py:4180} INFO - Setting next_dagrun for example_time_delta_sensor_async to None, run_after=None
[2025-04-15T19:38:03.417+0000] {processor.py:208} INFO - Processing /home/airflow/.local/lib/python3.12/site-packages/airflow/example_dags/example_time_delta_sensor_async.py took 0.130 seconds
[2025-04-15T19:38:33.678+0000] {processor.py:186} INFO - Started process (PID=16173) to work on /home/airflow/.local/lib/python3.12/site-packages/airflow/example_dags/example_time_delta_sensor_async.py
[2025-04-15T19:38:33.680+0000] {processor.py:914} INFO - Processing file /home/airflow/.local/lib/python3.12/site-packages/airflow/example_dags/example_time_delta_sensor_async.py for tasks to queue
[2025-04-15T19:38:33.682+0000] {logging_mixin.py:190} INFO - [2025-04-15T19:38:33.682+0000] {dagbag.py:588} INFO - Filling up the DagBag from /home/airflow/.local/lib/python3.12/site-packages/airflow/example_dags/example_time_delta_sensor_async.py
[2025-04-15T19:38:33.694+0000] {processor.py:925} INFO - DAG(s) 'example_time_delta_sensor_async' retrieved from /home/airflow/.local/lib/python3.12/site-packages/airflow/example_dags/example_time_delta_sensor_async.py
[2025-04-15T19:38:33.730+0000] {logging_mixin.py:190} INFO - [2025-04-15T19:38:33.730+0000] {dag.py:3239} INFO - Sync 1 DAGs
[2025-04-15T19:38:33.756+0000] {logging_mixin.py:190} INFO - [2025-04-15T19:38:33.756+0000] {dag.py:4180} INFO - Setting next_dagrun for example_time_delta_sensor_async to None, run_after=None
[2025-04-15T19:38:33.785+0000] {processor.py:208} INFO - Processing /home/airflow/.local/lib/python3.12/site-packages/airflow/example_dags/example_time_delta_sensor_async.py took 0.116 seconds
[2025-04-15T19:39:04.385+0000] {processor.py:186} INFO - Started process (PID=16240) to work on /home/airflow/.local/lib/python3.12/site-packages/airflow/example_dags/example_time_delta_sensor_async.py
[2025-04-15T19:39:04.386+0000] {processor.py:914} INFO - Processing file /home/airflow/.local/lib/python3.12/site-packages/airflow/example_dags/example_time_delta_sensor_async.py for tasks to queue
[2025-04-15T19:39:04.387+0000] {logging_mixin.py:190} INFO - [2025-04-15T19:39:04.387+0000] {dagbag.py:588} INFO - Filling up the DagBag from /home/airflow/.local/lib/python3.12/site-packages/airflow/example_dags/example_time_delta_sensor_async.py
[2025-04-15T19:39:04.395+0000] {processor.py:925} INFO - DAG(s) 'example_time_delta_sensor_async' retrieved from /home/airflow/.local/lib/python3.12/site-packages/airflow/example_dags/example_time_delta_sensor_async.py
[2025-04-15T19:39:04.420+0000] {logging_mixin.py:190} INFO - [2025-04-15T19:39:04.420+0000] {dag.py:3239} INFO - Sync 1 DAGs
[2025-04-15T19:39:04.438+0000] {logging_mixin.py:190} INFO - [2025-04-15T19:39:04.438+0000] {dag.py:4180} INFO - Setting next_dagrun for example_time_delta_sensor_async to None, run_after=None
[2025-04-15T19:39:04.465+0000] {processor.py:208} INFO - Processing /home/airflow/.local/lib/python3.12/site-packages/airflow/example_dags/example_time_delta_sensor_async.py took 0.087 seconds
[2025-04-15T19:39:34.846+0000] {processor.py:186} INFO - Started process (PID=16307) to work on /home/airflow/.local/lib/python3.12/site-packages/airflow/example_dags/example_time_delta_sensor_async.py
[2025-04-15T19:39:34.847+0000] {processor.py:914} INFO - Processing file /home/airflow/.local/lib/python3.12/site-packages/airflow/example_dags/example_time_delta_sensor_async.py for tasks to queue
[2025-04-15T19:39:34.849+0000] {logging_mixin.py:190} INFO - [2025-04-15T19:39:34.849+0000] {dagbag.py:588} INFO - Filling up the DagBag from /home/airflow/.local/lib/python3.12/site-packages/airflow/example_dags/example_time_delta_sensor_async.py
[2025-04-15T19:39:34.859+0000] {processor.py:925} INFO - DAG(s) 'example_time_delta_sensor_async' retrieved from /home/airflow/.local/lib/python3.12/site-packages/airflow/example_dags/example_time_delta_sensor_async.py
[2025-04-15T19:39:34.890+0000] {logging_mixin.py:190} INFO - [2025-04-15T19:39:34.889+0000] {dag.py:3239} INFO - Sync 1 DAGs
[2025-04-15T19:39:34.911+0000] {logging_mixin.py:190} INFO - [2025-04-15T19:39:34.910+0000] {dag.py:4180} INFO - Setting next_dagrun for example_time_delta_sensor_async to None, run_after=None
[2025-04-15T19:39:34.945+0000] {processor.py:208} INFO - Processing /home/airflow/.local/lib/python3.12/site-packages/airflow/example_dags/example_time_delta_sensor_async.py took 0.107 seconds
[2025-04-15T19:40:05.367+0000] {processor.py:186} INFO - Started process (PID=16374) to work on /home/airflow/.local/lib/python3.12/site-packages/airflow/example_dags/example_time_delta_sensor_async.py
[2025-04-15T19:40:05.369+0000] {processor.py:914} INFO - Processing file /home/airflow/.local/lib/python3.12/site-packages/airflow/example_dags/example_time_delta_sensor_async.py for tasks to queue
[2025-04-15T19:40:05.370+0000] {logging_mixin.py:190} INFO - [2025-04-15T19:40:05.370+0000] {dagbag.py:588} INFO - Filling up the DagBag from /home/airflow/.local/lib/python3.12/site-packages/airflow/example_dags/example_time_delta_sensor_async.py
[2025-04-15T19:40:05.387+0000] {processor.py:925} INFO - DAG(s) 'example_time_delta_sensor_async' retrieved from /home/airflow/.local/lib/python3.12/site-packages/airflow/example_dags/example_time_delta_sensor_async.py
[2025-04-15T19:40:05.464+0000] {logging_mixin.py:190} INFO - [2025-04-15T19:40:05.464+0000] {dag.py:3239} INFO - Sync 1 DAGs
[2025-04-15T19:40:05.493+0000] {logging_mixin.py:190} INFO - [2025-04-15T19:40:05.492+0000] {dag.py:4180} INFO - Setting next_dagrun for example_time_delta_sensor_async to None, run_after=None
[2025-04-15T19:40:05.524+0000] {processor.py:208} INFO - Processing /home/airflow/.local/lib/python3.12/site-packages/airflow/example_dags/example_time_delta_sensor_async.py took 0.167 seconds
[2025-04-15T19:40:35.591+0000] {processor.py:186} INFO - Started process (PID=16441) to work on /home/airflow/.local/lib/python3.12/site-packages/airflow/example_dags/example_time_delta_sensor_async.py
[2025-04-15T19:40:35.592+0000] {processor.py:914} INFO - Processing file /home/airflow/.local/lib/python3.12/site-packages/airflow/example_dags/example_time_delta_sensor_async.py for tasks to queue
[2025-04-15T19:40:35.593+0000] {logging_mixin.py:190} INFO - [2025-04-15T19:40:35.593+0000] {dagbag.py:588} INFO - Filling up the DagBag from /home/airflow/.local/lib/python3.12/site-packages/airflow/example_dags/example_time_delta_sensor_async.py
[2025-04-15T19:40:35.602+0000] {processor.py:925} INFO - DAG(s) 'example_time_delta_sensor_async' retrieved from /home/airflow/.local/lib/python3.12/site-packages/airflow/example_dags/example_time_delta_sensor_async.py
[2025-04-15T19:40:35.627+0000] {logging_mixin.py:190} INFO - [2025-04-15T19:40:35.626+0000] {dag.py:3239} INFO - Sync 1 DAGs
[2025-04-15T19:40:35.642+0000] {logging_mixin.py:190} INFO - [2025-04-15T19:40:35.642+0000] {dag.py:4180} INFO - Setting next_dagrun for example_time_delta_sensor_async to None, run_after=None
[2025-04-15T19:40:35.669+0000] {processor.py:208} INFO - Processing /home/airflow/.local/lib/python3.12/site-packages/airflow/example_dags/example_time_delta_sensor_async.py took 0.084 seconds
[2025-04-15T19:41:05.802+0000] {processor.py:186} INFO - Started process (PID=16508) to work on /home/airflow/.local/lib/python3.12/site-packages/airflow/example_dags/example_time_delta_sensor_async.py
[2025-04-15T19:41:05.803+0000] {processor.py:914} INFO - Processing file /home/airflow/.local/lib/python3.12/site-packages/airflow/example_dags/example_time_delta_sensor_async.py for tasks to queue
[2025-04-15T19:41:05.804+0000] {logging_mixin.py:190} INFO - [2025-04-15T19:41:05.804+0000] {dagbag.py:588} INFO - Filling up the DagBag from /home/airflow/.local/lib/python3.12/site-packages/airflow/example_dags/example_time_delta_sensor_async.py
[2025-04-15T19:41:05.811+0000] {processor.py:925} INFO - DAG(s) 'example_time_delta_sensor_async' retrieved from /home/airflow/.local/lib/python3.12/site-packages/airflow/example_dags/example_time_delta_sensor_async.py
[2025-04-15T19:41:05.834+0000] {logging_mixin.py:190} INFO - [2025-04-15T19:41:05.834+0000] {dag.py:3239} INFO - Sync 1 DAGs
[2025-04-15T19:41:05.852+0000] {logging_mixin.py:190} INFO - [2025-04-15T19:41:05.852+0000] {dag.py:4180} INFO - Setting next_dagrun for example_time_delta_sensor_async to None, run_after=None
[2025-04-15T19:41:05.877+0000] {processor.py:208} INFO - Processing /home/airflow/.local/lib/python3.12/site-packages/airflow/example_dags/example_time_delta_sensor_async.py took 0.081 seconds
[2025-04-15T19:41:36.347+0000] {processor.py:186} INFO - Started process (PID=16575) to work on /home/airflow/.local/lib/python3.12/site-packages/airflow/example_dags/example_time_delta_sensor_async.py
[2025-04-15T19:41:36.348+0000] {processor.py:914} INFO - Processing file /home/airflow/.local/lib/python3.12/site-packages/airflow/example_dags/example_time_delta_sensor_async.py for tasks to queue
[2025-04-15T19:41:36.350+0000] {logging_mixin.py:190} INFO - [2025-04-15T19:41:36.350+0000] {dagbag.py:588} INFO - Filling up the DagBag from /home/airflow/.local/lib/python3.12/site-packages/airflow/example_dags/example_time_delta_sensor_async.py
[2025-04-15T19:41:36.361+0000] {processor.py:925} INFO - DAG(s) 'example_time_delta_sensor_async' retrieved from /home/airflow/.local/lib/python3.12/site-packages/airflow/example_dags/example_time_delta_sensor_async.py
[2025-04-15T19:41:36.392+0000] {logging_mixin.py:190} INFO - [2025-04-15T19:41:36.392+0000] {dag.py:3239} INFO - Sync 1 DAGs
[2025-04-15T19:41:36.642+0000] {logging_mixin.py:190} INFO - [2025-04-15T19:41:36.642+0000] {dag.py:4180} INFO - Setting next_dagrun for example_time_delta_sensor_async to None, run_after=None
[2025-04-15T19:41:36.670+0000] {processor.py:208} INFO - Processing /home/airflow/.local/lib/python3.12/site-packages/airflow/example_dags/example_time_delta_sensor_async.py took 0.333 seconds
[2025-04-15T19:42:06.945+0000] {processor.py:186} INFO - Started process (PID=16642) to work on /home/airflow/.local/lib/python3.12/site-packages/airflow/example_dags/example_time_delta_sensor_async.py
[2025-04-15T19:42:06.947+0000] {processor.py:914} INFO - Processing file /home/airflow/.local/lib/python3.12/site-packages/airflow/example_dags/example_time_delta_sensor_async.py for tasks to queue
[2025-04-15T19:42:06.949+0000] {logging_mixin.py:190} INFO - [2025-04-15T19:42:06.948+0000] {dagbag.py:588} INFO - Filling up the DagBag from /home/airflow/.local/lib/python3.12/site-packages/airflow/example_dags/example_time_delta_sensor_async.py
[2025-04-15T19:42:06.959+0000] {processor.py:925} INFO - DAG(s) 'example_time_delta_sensor_async' retrieved from /home/airflow/.local/lib/python3.12/site-packages/airflow/example_dags/example_time_delta_sensor_async.py
[2025-04-15T19:42:06.988+0000] {logging_mixin.py:190} INFO - [2025-04-15T19:42:06.988+0000] {dag.py:3239} INFO - Sync 1 DAGs
[2025-04-15T19:42:07.223+0000] {logging_mixin.py:190} INFO - [2025-04-15T19:42:07.222+0000] {dag.py:4180} INFO - Setting next_dagrun for example_time_delta_sensor_async to None, run_after=None
[2025-04-15T19:42:07.250+0000] {processor.py:208} INFO - Processing /home/airflow/.local/lib/python3.12/site-packages/airflow/example_dags/example_time_delta_sensor_async.py took 0.314 seconds
[2025-04-15T19:42:37.521+0000] {processor.py:186} INFO - Started process (PID=16710) to work on /home/airflow/.local/lib/python3.12/site-packages/airflow/example_dags/example_time_delta_sensor_async.py
[2025-04-15T19:42:37.522+0000] {processor.py:914} INFO - Processing file /home/airflow/.local/lib/python3.12/site-packages/airflow/example_dags/example_time_delta_sensor_async.py for tasks to queue
[2025-04-15T19:42:37.524+0000] {logging_mixin.py:190} INFO - [2025-04-15T19:42:37.524+0000] {dagbag.py:588} INFO - Filling up the DagBag from /home/airflow/.local/lib/python3.12/site-packages/airflow/example_dags/example_time_delta_sensor_async.py
[2025-04-15T19:42:37.533+0000] {processor.py:925} INFO - DAG(s) 'example_time_delta_sensor_async' retrieved from /home/airflow/.local/lib/python3.12/site-packages/airflow/example_dags/example_time_delta_sensor_async.py
[2025-04-15T19:42:37.562+0000] {logging_mixin.py:190} INFO - [2025-04-15T19:42:37.562+0000] {dag.py:3239} INFO - Sync 1 DAGs
[2025-04-15T19:42:37.583+0000] {logging_mixin.py:190} INFO - [2025-04-15T19:42:37.582+0000] {dag.py:4180} INFO - Setting next_dagrun for example_time_delta_sensor_async to None, run_after=None
[2025-04-15T19:42:37.617+0000] {processor.py:208} INFO - Processing /home/airflow/.local/lib/python3.12/site-packages/airflow/example_dags/example_time_delta_sensor_async.py took 0.104 seconds
[2025-04-15T19:43:08.093+0000] {processor.py:186} INFO - Started process (PID=16776) to work on /home/airflow/.local/lib/python3.12/site-packages/airflow/example_dags/example_time_delta_sensor_async.py
[2025-04-15T19:43:08.094+0000] {processor.py:914} INFO - Processing file /home/airflow/.local/lib/python3.12/site-packages/airflow/example_dags/example_time_delta_sensor_async.py for tasks to queue
[2025-04-15T19:43:08.096+0000] {logging_mixin.py:190} INFO - [2025-04-15T19:43:08.096+0000] {dagbag.py:588} INFO - Filling up the DagBag from /home/airflow/.local/lib/python3.12/site-packages/airflow/example_dags/example_time_delta_sensor_async.py
[2025-04-15T19:43:08.105+0000] {processor.py:925} INFO - DAG(s) 'example_time_delta_sensor_async' retrieved from /home/airflow/.local/lib/python3.12/site-packages/airflow/example_dags/example_time_delta_sensor_async.py
[2025-04-15T19:43:08.130+0000] {logging_mixin.py:190} INFO - [2025-04-15T19:43:08.130+0000] {dag.py:3239} INFO - Sync 1 DAGs
[2025-04-15T19:43:08.152+0000] {logging_mixin.py:190} INFO - [2025-04-15T19:43:08.152+0000] {dag.py:4180} INFO - Setting next_dagrun for example_time_delta_sensor_async to None, run_after=None
[2025-04-15T19:43:08.182+0000] {processor.py:208} INFO - Processing /home/airflow/.local/lib/python3.12/site-packages/airflow/example_dags/example_time_delta_sensor_async.py took 0.097 seconds
[2025-04-15T19:43:39.131+0000] {processor.py:186} INFO - Started process (PID=16844) to work on /home/airflow/.local/lib/python3.12/site-packages/airflow/example_dags/example_time_delta_sensor_async.py
[2025-04-15T19:43:39.132+0000] {processor.py:914} INFO - Processing file /home/airflow/.local/lib/python3.12/site-packages/airflow/example_dags/example_time_delta_sensor_async.py for tasks to queue
[2025-04-15T19:43:39.135+0000] {logging_mixin.py:190} INFO - [2025-04-15T19:43:39.134+0000] {dagbag.py:588} INFO - Filling up the DagBag from /home/airflow/.local/lib/python3.12/site-packages/airflow/example_dags/example_time_delta_sensor_async.py
[2025-04-15T19:43:39.143+0000] {processor.py:925} INFO - DAG(s) 'example_time_delta_sensor_async' retrieved from /home/airflow/.local/lib/python3.12/site-packages/airflow/example_dags/example_time_delta_sensor_async.py
[2025-04-15T19:43:39.172+0000] {logging_mixin.py:190} INFO - [2025-04-15T19:43:39.172+0000] {dag.py:3239} INFO - Sync 1 DAGs
[2025-04-15T19:43:39.194+0000] {logging_mixin.py:190} INFO - [2025-04-15T19:43:39.194+0000] {dag.py:4180} INFO - Setting next_dagrun for example_time_delta_sensor_async to None, run_after=None
[2025-04-15T19:43:39.225+0000] {processor.py:208} INFO - Processing /home/airflow/.local/lib/python3.12/site-packages/airflow/example_dags/example_time_delta_sensor_async.py took 0.102 seconds
[2025-04-15T19:44:09.842+0000] {processor.py:186} INFO - Started process (PID=16911) to work on /home/airflow/.local/lib/python3.12/site-packages/airflow/example_dags/example_time_delta_sensor_async.py
[2025-04-15T19:44:09.843+0000] {processor.py:914} INFO - Processing file /home/airflow/.local/lib/python3.12/site-packages/airflow/example_dags/example_time_delta_sensor_async.py for tasks to queue
[2025-04-15T19:44:09.844+0000] {logging_mixin.py:190} INFO - [2025-04-15T19:44:09.844+0000] {dagbag.py:588} INFO - Filling up the DagBag from /home/airflow/.local/lib/python3.12/site-packages/airflow/example_dags/example_time_delta_sensor_async.py
[2025-04-15T19:44:09.851+0000] {processor.py:925} INFO - DAG(s) 'example_time_delta_sensor_async' retrieved from /home/airflow/.local/lib/python3.12/site-packages/airflow/example_dags/example_time_delta_sensor_async.py
[2025-04-15T19:44:09.876+0000] {logging_mixin.py:190} INFO - [2025-04-15T19:44:09.875+0000] {dag.py:3239} INFO - Sync 1 DAGs
[2025-04-15T19:44:09.893+0000] {logging_mixin.py:190} INFO - [2025-04-15T19:44:09.893+0000] {dag.py:4180} INFO - Setting next_dagrun for example_time_delta_sensor_async to None, run_after=None
[2025-04-15T19:44:09.917+0000] {processor.py:208} INFO - Processing /home/airflow/.local/lib/python3.12/site-packages/airflow/example_dags/example_time_delta_sensor_async.py took 0.081 seconds
[2025-04-15T19:44:40.425+0000] {processor.py:186} INFO - Started process (PID=16978) to work on /home/airflow/.local/lib/python3.12/site-packages/airflow/example_dags/example_time_delta_sensor_async.py
[2025-04-15T19:44:40.427+0000] {processor.py:914} INFO - Processing file /home/airflow/.local/lib/python3.12/site-packages/airflow/example_dags/example_time_delta_sensor_async.py for tasks to queue
[2025-04-15T19:44:40.429+0000] {logging_mixin.py:190} INFO - [2025-04-15T19:44:40.428+0000] {dagbag.py:588} INFO - Filling up the DagBag from /home/airflow/.local/lib/python3.12/site-packages/airflow/example_dags/example_time_delta_sensor_async.py
[2025-04-15T19:44:40.437+0000] {processor.py:925} INFO - DAG(s) 'example_time_delta_sensor_async' retrieved from /home/airflow/.local/lib/python3.12/site-packages/airflow/example_dags/example_time_delta_sensor_async.py
[2025-04-15T19:44:40.467+0000] {logging_mixin.py:190} INFO - [2025-04-15T19:44:40.466+0000] {dag.py:3239} INFO - Sync 1 DAGs
[2025-04-15T19:44:40.489+0000] {logging_mixin.py:190} INFO - [2025-04-15T19:44:40.489+0000] {dag.py:4180} INFO - Setting next_dagrun for example_time_delta_sensor_async to None, run_after=None
[2025-04-15T19:44:40.528+0000] {processor.py:208} INFO - Processing /home/airflow/.local/lib/python3.12/site-packages/airflow/example_dags/example_time_delta_sensor_async.py took 0.112 seconds
[2025-04-15T19:45:10.679+0000] {processor.py:186} INFO - Started process (PID=17045) to work on /home/airflow/.local/lib/python3.12/site-packages/airflow/example_dags/example_time_delta_sensor_async.py
[2025-04-15T19:45:10.681+0000] {processor.py:914} INFO - Processing file /home/airflow/.local/lib/python3.12/site-packages/airflow/example_dags/example_time_delta_sensor_async.py for tasks to queue
[2025-04-15T19:45:10.682+0000] {logging_mixin.py:190} INFO - [2025-04-15T19:45:10.682+0000] {dagbag.py:588} INFO - Filling up the DagBag from /home/airflow/.local/lib/python3.12/site-packages/airflow/example_dags/example_time_delta_sensor_async.py
[2025-04-15T19:45:10.692+0000] {processor.py:925} INFO - DAG(s) 'example_time_delta_sensor_async' retrieved from /home/airflow/.local/lib/python3.12/site-packages/airflow/example_dags/example_time_delta_sensor_async.py
[2025-04-15T19:45:10.720+0000] {logging_mixin.py:190} INFO - [2025-04-15T19:45:10.720+0000] {dag.py:3239} INFO - Sync 1 DAGs
[2025-04-15T19:45:10.742+0000] {logging_mixin.py:190} INFO - [2025-04-15T19:45:10.742+0000] {dag.py:4180} INFO - Setting next_dagrun for example_time_delta_sensor_async to None, run_after=None
[2025-04-15T19:45:10.771+0000] {processor.py:208} INFO - Processing /home/airflow/.local/lib/python3.12/site-packages/airflow/example_dags/example_time_delta_sensor_async.py took 0.100 seconds
[2025-04-15T19:45:41.373+0000] {processor.py:186} INFO - Started process (PID=17112) to work on /home/airflow/.local/lib/python3.12/site-packages/airflow/example_dags/example_time_delta_sensor_async.py
[2025-04-15T19:45:41.374+0000] {processor.py:914} INFO - Processing file /home/airflow/.local/lib/python3.12/site-packages/airflow/example_dags/example_time_delta_sensor_async.py for tasks to queue
[2025-04-15T19:45:41.376+0000] {logging_mixin.py:190} INFO - [2025-04-15T19:45:41.376+0000] {dagbag.py:588} INFO - Filling up the DagBag from /home/airflow/.local/lib/python3.12/site-packages/airflow/example_dags/example_time_delta_sensor_async.py
[2025-04-15T19:45:41.390+0000] {processor.py:925} INFO - DAG(s) 'example_time_delta_sensor_async' retrieved from /home/airflow/.local/lib/python3.12/site-packages/airflow/example_dags/example_time_delta_sensor_async.py
[2025-04-15T19:45:41.422+0000] {logging_mixin.py:190} INFO - [2025-04-15T19:45:41.421+0000] {dag.py:3239} INFO - Sync 1 DAGs
[2025-04-15T19:45:41.447+0000] {logging_mixin.py:190} INFO - [2025-04-15T19:45:41.446+0000] {dag.py:4180} INFO - Setting next_dagrun for example_time_delta_sensor_async to None, run_after=None
[2025-04-15T19:45:41.481+0000] {processor.py:208} INFO - Processing /home/airflow/.local/lib/python3.12/site-packages/airflow/example_dags/example_time_delta_sensor_async.py took 0.116 seconds
[2025-04-15T19:46:11.939+0000] {processor.py:186} INFO - Started process (PID=17179) to work on /home/airflow/.local/lib/python3.12/site-packages/airflow/example_dags/example_time_delta_sensor_async.py
[2025-04-15T19:46:11.940+0000] {processor.py:914} INFO - Processing file /home/airflow/.local/lib/python3.12/site-packages/airflow/example_dags/example_time_delta_sensor_async.py for tasks to queue
[2025-04-15T19:46:11.943+0000] {logging_mixin.py:190} INFO - [2025-04-15T19:46:11.943+0000] {dagbag.py:588} INFO - Filling up the DagBag from /home/airflow/.local/lib/python3.12/site-packages/airflow/example_dags/example_time_delta_sensor_async.py
[2025-04-15T19:46:11.956+0000] {processor.py:925} INFO - DAG(s) 'example_time_delta_sensor_async' retrieved from /home/airflow/.local/lib/python3.12/site-packages/airflow/example_dags/example_time_delta_sensor_async.py
[2025-04-15T19:46:11.990+0000] {logging_mixin.py:190} INFO - [2025-04-15T19:46:11.989+0000] {dag.py:3239} INFO - Sync 1 DAGs
[2025-04-15T19:46:12.017+0000] {logging_mixin.py:190} INFO - [2025-04-15T19:46:12.016+0000] {dag.py:4180} INFO - Setting next_dagrun for example_time_delta_sensor_async to None, run_after=None
[2025-04-15T19:46:12.046+0000] {processor.py:208} INFO - Processing /home/airflow/.local/lib/python3.12/site-packages/airflow/example_dags/example_time_delta_sensor_async.py took 0.126 seconds
[2025-04-15T19:46:42.889+0000] {processor.py:186} INFO - Started process (PID=17246) to work on /home/airflow/.local/lib/python3.12/site-packages/airflow/example_dags/example_time_delta_sensor_async.py
[2025-04-15T19:46:42.890+0000] {processor.py:914} INFO - Processing file /home/airflow/.local/lib/python3.12/site-packages/airflow/example_dags/example_time_delta_sensor_async.py for tasks to queue
[2025-04-15T19:46:42.892+0000] {logging_mixin.py:190} INFO - [2025-04-15T19:46:42.892+0000] {dagbag.py:588} INFO - Filling up the DagBag from /home/airflow/.local/lib/python3.12/site-packages/airflow/example_dags/example_time_delta_sensor_async.py
[2025-04-15T19:46:42.901+0000] {processor.py:925} INFO - DAG(s) 'example_time_delta_sensor_async' retrieved from /home/airflow/.local/lib/python3.12/site-packages/airflow/example_dags/example_time_delta_sensor_async.py
[2025-04-15T19:46:42.934+0000] {logging_mixin.py:190} INFO - [2025-04-15T19:46:42.934+0000] {dag.py:3239} INFO - Sync 1 DAGs
[2025-04-15T19:46:42.957+0000] {logging_mixin.py:190} INFO - [2025-04-15T19:46:42.957+0000] {dag.py:4180} INFO - Setting next_dagrun for example_time_delta_sensor_async to None, run_after=None
[2025-04-15T19:46:42.986+0000] {processor.py:208} INFO - Processing /home/airflow/.local/lib/python3.12/site-packages/airflow/example_dags/example_time_delta_sensor_async.py took 0.106 seconds
[2025-04-15T19:47:13.776+0000] {processor.py:186} INFO - Started process (PID=17312) to work on /home/airflow/.local/lib/python3.12/site-packages/airflow/example_dags/example_time_delta_sensor_async.py
[2025-04-15T19:47:13.777+0000] {processor.py:914} INFO - Processing file /home/airflow/.local/lib/python3.12/site-packages/airflow/example_dags/example_time_delta_sensor_async.py for tasks to queue
[2025-04-15T19:47:13.778+0000] {logging_mixin.py:190} INFO - [2025-04-15T19:47:13.778+0000] {dagbag.py:588} INFO - Filling up the DagBag from /home/airflow/.local/lib/python3.12/site-packages/airflow/example_dags/example_time_delta_sensor_async.py
[2025-04-15T19:47:13.786+0000] {processor.py:925} INFO - DAG(s) 'example_time_delta_sensor_async' retrieved from /home/airflow/.local/lib/python3.12/site-packages/airflow/example_dags/example_time_delta_sensor_async.py
[2025-04-15T19:47:13.810+0000] {logging_mixin.py:190} INFO - [2025-04-15T19:47:13.809+0000] {dag.py:3239} INFO - Sync 1 DAGs
[2025-04-15T19:47:13.825+0000] {logging_mixin.py:190} INFO - [2025-04-15T19:47:13.825+0000] {dag.py:4180} INFO - Setting next_dagrun for example_time_delta_sensor_async to None, run_after=None
[2025-04-15T19:47:13.857+0000] {processor.py:208} INFO - Processing /home/airflow/.local/lib/python3.12/site-packages/airflow/example_dags/example_time_delta_sensor_async.py took 0.088 seconds
[2025-04-15T19:47:44.099+0000] {processor.py:186} INFO - Started process (PID=17379) to work on /home/airflow/.local/lib/python3.12/site-packages/airflow/example_dags/example_time_delta_sensor_async.py
[2025-04-15T19:47:44.102+0000] {processor.py:914} INFO - Processing file /home/airflow/.local/lib/python3.12/site-packages/airflow/example_dags/example_time_delta_sensor_async.py for tasks to queue
[2025-04-15T19:47:44.105+0000] {logging_mixin.py:190} INFO - [2025-04-15T19:47:44.105+0000] {dagbag.py:588} INFO - Filling up the DagBag from /home/airflow/.local/lib/python3.12/site-packages/airflow/example_dags/example_time_delta_sensor_async.py
[2025-04-15T19:47:44.118+0000] {processor.py:925} INFO - DAG(s) 'example_time_delta_sensor_async' retrieved from /home/airflow/.local/lib/python3.12/site-packages/airflow/example_dags/example_time_delta_sensor_async.py
[2025-04-15T19:47:44.160+0000] {logging_mixin.py:190} INFO - [2025-04-15T19:47:44.159+0000] {dag.py:3239} INFO - Sync 1 DAGs
[2025-04-15T19:47:44.190+0000] {logging_mixin.py:190} INFO - [2025-04-15T19:47:44.190+0000] {dag.py:4180} INFO - Setting next_dagrun for example_time_delta_sensor_async to None, run_after=None
[2025-04-15T19:47:44.219+0000] {processor.py:208} INFO - Processing /home/airflow/.local/lib/python3.12/site-packages/airflow/example_dags/example_time_delta_sensor_async.py took 0.136 seconds
[2025-04-15T19:48:14.357+0000] {processor.py:186} INFO - Started process (PID=17446) to work on /home/airflow/.local/lib/python3.12/site-packages/airflow/example_dags/example_time_delta_sensor_async.py
[2025-04-15T19:48:14.358+0000] {processor.py:914} INFO - Processing file /home/airflow/.local/lib/python3.12/site-packages/airflow/example_dags/example_time_delta_sensor_async.py for tasks to queue
[2025-04-15T19:48:14.359+0000] {logging_mixin.py:190} INFO - [2025-04-15T19:48:14.359+0000] {dagbag.py:588} INFO - Filling up the DagBag from /home/airflow/.local/lib/python3.12/site-packages/airflow/example_dags/example_time_delta_sensor_async.py
[2025-04-15T19:48:14.369+0000] {processor.py:925} INFO - DAG(s) 'example_time_delta_sensor_async' retrieved from /home/airflow/.local/lib/python3.12/site-packages/airflow/example_dags/example_time_delta_sensor_async.py
[2025-04-15T19:48:14.395+0000] {logging_mixin.py:190} INFO - [2025-04-15T19:48:14.395+0000] {dag.py:3239} INFO - Sync 1 DAGs
[2025-04-15T19:48:14.417+0000] {logging_mixin.py:190} INFO - [2025-04-15T19:48:14.417+0000] {dag.py:4180} INFO - Setting next_dagrun for example_time_delta_sensor_async to None, run_after=None
[2025-04-15T19:48:14.444+0000] {processor.py:208} INFO - Processing /home/airflow/.local/lib/python3.12/site-packages/airflow/example_dags/example_time_delta_sensor_async.py took 0.095 seconds
[2025-04-15T19:48:44.553+0000] {processor.py:186} INFO - Started process (PID=17512) to work on /home/airflow/.local/lib/python3.12/site-packages/airflow/example_dags/example_time_delta_sensor_async.py
[2025-04-15T19:48:44.555+0000] {processor.py:914} INFO - Processing file /home/airflow/.local/lib/python3.12/site-packages/airflow/example_dags/example_time_delta_sensor_async.py for tasks to queue
[2025-04-15T19:48:44.561+0000] {logging_mixin.py:190} INFO - [2025-04-15T19:48:44.560+0000] {dagbag.py:588} INFO - Filling up the DagBag from /home/airflow/.local/lib/python3.12/site-packages/airflow/example_dags/example_time_delta_sensor_async.py
[2025-04-15T19:48:44.574+0000] {processor.py:925} INFO - DAG(s) 'example_time_delta_sensor_async' retrieved from /home/airflow/.local/lib/python3.12/site-packages/airflow/example_dags/example_time_delta_sensor_async.py
[2025-04-15T19:48:44.611+0000] {logging_mixin.py:190} INFO - [2025-04-15T19:48:44.610+0000] {dag.py:3239} INFO - Sync 1 DAGs
[2025-04-15T19:48:44.642+0000] {logging_mixin.py:190} INFO - [2025-04-15T19:48:44.641+0000] {dag.py:4180} INFO - Setting next_dagrun for example_time_delta_sensor_async to None, run_after=None
[2025-04-15T19:48:44.682+0000] {processor.py:208} INFO - Processing /home/airflow/.local/lib/python3.12/site-packages/airflow/example_dags/example_time_delta_sensor_async.py took 0.140 seconds
[2025-04-15T19:49:15.583+0000] {processor.py:186} INFO - Started process (PID=17580) to work on /home/airflow/.local/lib/python3.12/site-packages/airflow/example_dags/example_time_delta_sensor_async.py
[2025-04-15T19:49:15.584+0000] {processor.py:914} INFO - Processing file /home/airflow/.local/lib/python3.12/site-packages/airflow/example_dags/example_time_delta_sensor_async.py for tasks to queue
[2025-04-15T19:49:15.586+0000] {logging_mixin.py:190} INFO - [2025-04-15T19:49:15.586+0000] {dagbag.py:588} INFO - Filling up the DagBag from /home/airflow/.local/lib/python3.12/site-packages/airflow/example_dags/example_time_delta_sensor_async.py
[2025-04-15T19:49:15.595+0000] {processor.py:925} INFO - DAG(s) 'example_time_delta_sensor_async' retrieved from /home/airflow/.local/lib/python3.12/site-packages/airflow/example_dags/example_time_delta_sensor_async.py
[2025-04-15T19:49:15.623+0000] {logging_mixin.py:190} INFO - [2025-04-15T19:49:15.623+0000] {dag.py:3239} INFO - Sync 1 DAGs
[2025-04-15T19:49:15.648+0000] {logging_mixin.py:190} INFO - [2025-04-15T19:49:15.647+0000] {dag.py:4180} INFO - Setting next_dagrun for example_time_delta_sensor_async to None, run_after=None
[2025-04-15T19:49:15.678+0000] {processor.py:208} INFO - Processing /home/airflow/.local/lib/python3.12/site-packages/airflow/example_dags/example_time_delta_sensor_async.py took 0.104 seconds
[2025-04-15T19:49:46.333+0000] {processor.py:186} INFO - Started process (PID=17647) to work on /home/airflow/.local/lib/python3.12/site-packages/airflow/example_dags/example_time_delta_sensor_async.py
[2025-04-15T19:49:46.334+0000] {processor.py:914} INFO - Processing file /home/airflow/.local/lib/python3.12/site-packages/airflow/example_dags/example_time_delta_sensor_async.py for tasks to queue
[2025-04-15T19:49:46.336+0000] {logging_mixin.py:190} INFO - [2025-04-15T19:49:46.335+0000] {dagbag.py:588} INFO - Filling up the DagBag from /home/airflow/.local/lib/python3.12/site-packages/airflow/example_dags/example_time_delta_sensor_async.py
[2025-04-15T19:49:46.344+0000] {processor.py:925} INFO - DAG(s) 'example_time_delta_sensor_async' retrieved from /home/airflow/.local/lib/python3.12/site-packages/airflow/example_dags/example_time_delta_sensor_async.py
[2025-04-15T19:49:46.374+0000] {logging_mixin.py:190} INFO - [2025-04-15T19:49:46.374+0000] {dag.py:3239} INFO - Sync 1 DAGs
[2025-04-15T19:49:46.395+0000] {logging_mixin.py:190} INFO - [2025-04-15T19:49:46.395+0000] {dag.py:4180} INFO - Setting next_dagrun for example_time_delta_sensor_async to None, run_after=None
[2025-04-15T19:49:46.424+0000] {processor.py:208} INFO - Processing /home/airflow/.local/lib/python3.12/site-packages/airflow/example_dags/example_time_delta_sensor_async.py took 0.098 seconds
[2025-04-15T19:50:17.074+0000] {processor.py:186} INFO - Started process (PID=17714) to work on /home/airflow/.local/lib/python3.12/site-packages/airflow/example_dags/example_time_delta_sensor_async.py
[2025-04-15T19:50:17.076+0000] {processor.py:914} INFO - Processing file /home/airflow/.local/lib/python3.12/site-packages/airflow/example_dags/example_time_delta_sensor_async.py for tasks to queue
[2025-04-15T19:50:17.078+0000] {logging_mixin.py:190} INFO - [2025-04-15T19:50:17.077+0000] {dagbag.py:588} INFO - Filling up the DagBag from /home/airflow/.local/lib/python3.12/site-packages/airflow/example_dags/example_time_delta_sensor_async.py
[2025-04-15T19:50:17.087+0000] {processor.py:925} INFO - DAG(s) 'example_time_delta_sensor_async' retrieved from /home/airflow/.local/lib/python3.12/site-packages/airflow/example_dags/example_time_delta_sensor_async.py
[2025-04-15T19:50:17.115+0000] {logging_mixin.py:190} INFO - [2025-04-15T19:50:17.114+0000] {dag.py:3239} INFO - Sync 1 DAGs
[2025-04-15T19:50:17.136+0000] {logging_mixin.py:190} INFO - [2025-04-15T19:50:17.135+0000] {dag.py:4180} INFO - Setting next_dagrun for example_time_delta_sensor_async to None, run_after=None
[2025-04-15T19:50:17.164+0000] {processor.py:208} INFO - Processing /home/airflow/.local/lib/python3.12/site-packages/airflow/example_dags/example_time_delta_sensor_async.py took 0.098 seconds
[2025-04-15T19:50:47.821+0000] {processor.py:186} INFO - Started process (PID=17781) to work on /home/airflow/.local/lib/python3.12/site-packages/airflow/example_dags/example_time_delta_sensor_async.py
[2025-04-15T19:50:47.822+0000] {processor.py:914} INFO - Processing file /home/airflow/.local/lib/python3.12/site-packages/airflow/example_dags/example_time_delta_sensor_async.py for tasks to queue
[2025-04-15T19:50:47.824+0000] {logging_mixin.py:190} INFO - [2025-04-15T19:50:47.824+0000] {dagbag.py:588} INFO - Filling up the DagBag from /home/airflow/.local/lib/python3.12/site-packages/airflow/example_dags/example_time_delta_sensor_async.py
[2025-04-15T19:50:47.832+0000] {processor.py:925} INFO - DAG(s) 'example_time_delta_sensor_async' retrieved from /home/airflow/.local/lib/python3.12/site-packages/airflow/example_dags/example_time_delta_sensor_async.py
[2025-04-15T19:50:47.856+0000] {logging_mixin.py:190} INFO - [2025-04-15T19:50:47.856+0000] {dag.py:3239} INFO - Sync 1 DAGs
[2025-04-15T19:50:47.873+0000] {logging_mixin.py:190} INFO - [2025-04-15T19:50:47.873+0000] {dag.py:4180} INFO - Setting next_dagrun for example_time_delta_sensor_async to None, run_after=None
[2025-04-15T19:50:47.894+0000] {processor.py:208} INFO - Processing /home/airflow/.local/lib/python3.12/site-packages/airflow/example_dags/example_time_delta_sensor_async.py took 0.078 seconds
[2025-04-15T19:51:19.218+0000] {processor.py:186} INFO - Started process (PID=17846) to work on /home/airflow/.local/lib/python3.12/site-packages/airflow/example_dags/example_time_delta_sensor_async.py
[2025-04-15T19:51:19.219+0000] {processor.py:914} INFO - Processing file /home/airflow/.local/lib/python3.12/site-packages/airflow/example_dags/example_time_delta_sensor_async.py for tasks to queue
[2025-04-15T19:51:19.221+0000] {logging_mixin.py:190} INFO - [2025-04-15T19:51:19.221+0000] {dagbag.py:588} INFO - Filling up the DagBag from /home/airflow/.local/lib/python3.12/site-packages/airflow/example_dags/example_time_delta_sensor_async.py
[2025-04-15T19:51:19.230+0000] {processor.py:925} INFO - DAG(s) 'example_time_delta_sensor_async' retrieved from /home/airflow/.local/lib/python3.12/site-packages/airflow/example_dags/example_time_delta_sensor_async.py
[2025-04-15T19:51:19.262+0000] {logging_mixin.py:190} INFO - [2025-04-15T19:51:19.262+0000] {dag.py:3239} INFO - Sync 1 DAGs
[2025-04-15T19:51:19.302+0000] {logging_mixin.py:190} INFO - [2025-04-15T19:51:19.301+0000] {dag.py:4180} INFO - Setting next_dagrun for example_time_delta_sensor_async to None, run_after=None
[2025-04-15T19:51:19.335+0000] {processor.py:208} INFO - Processing /home/airflow/.local/lib/python3.12/site-packages/airflow/example_dags/example_time_delta_sensor_async.py took 0.125 seconds
[2025-04-15T19:51:49.643+0000] {processor.py:186} INFO - Started process (PID=17912) to work on /home/airflow/.local/lib/python3.12/site-packages/airflow/example_dags/example_time_delta_sensor_async.py
[2025-04-15T19:51:49.644+0000] {processor.py:914} INFO - Processing file /home/airflow/.local/lib/python3.12/site-packages/airflow/example_dags/example_time_delta_sensor_async.py for tasks to queue
[2025-04-15T19:51:49.646+0000] {logging_mixin.py:190} INFO - [2025-04-15T19:51:49.645+0000] {dagbag.py:588} INFO - Filling up the DagBag from /home/airflow/.local/lib/python3.12/site-packages/airflow/example_dags/example_time_delta_sensor_async.py
[2025-04-15T19:51:49.655+0000] {processor.py:925} INFO - DAG(s) 'example_time_delta_sensor_async' retrieved from /home/airflow/.local/lib/python3.12/site-packages/airflow/example_dags/example_time_delta_sensor_async.py
[2025-04-15T19:51:49.686+0000] {logging_mixin.py:190} INFO - [2025-04-15T19:51:49.686+0000] {dag.py:3239} INFO - Sync 1 DAGs
[2025-04-15T19:51:49.710+0000] {logging_mixin.py:190} INFO - [2025-04-15T19:51:49.710+0000] {dag.py:4180} INFO - Setting next_dagrun for example_time_delta_sensor_async to None, run_after=None
[2025-04-15T19:51:49.742+0000] {processor.py:208} INFO - Processing /home/airflow/.local/lib/python3.12/site-packages/airflow/example_dags/example_time_delta_sensor_async.py took 0.108 seconds
[2025-04-15T19:52:20.666+0000] {processor.py:186} INFO - Started process (PID=17978) to work on /home/airflow/.local/lib/python3.12/site-packages/airflow/example_dags/example_time_delta_sensor_async.py
[2025-04-15T19:52:20.668+0000] {processor.py:914} INFO - Processing file /home/airflow/.local/lib/python3.12/site-packages/airflow/example_dags/example_time_delta_sensor_async.py for tasks to queue
[2025-04-15T19:52:20.669+0000] {logging_mixin.py:190} INFO - [2025-04-15T19:52:20.669+0000] {dagbag.py:588} INFO - Filling up the DagBag from /home/airflow/.local/lib/python3.12/site-packages/airflow/example_dags/example_time_delta_sensor_async.py
[2025-04-15T19:52:20.680+0000] {processor.py:925} INFO - DAG(s) 'example_time_delta_sensor_async' retrieved from /home/airflow/.local/lib/python3.12/site-packages/airflow/example_dags/example_time_delta_sensor_async.py
[2025-04-15T19:52:20.710+0000] {logging_mixin.py:190} INFO - [2025-04-15T19:52:20.709+0000] {dag.py:3239} INFO - Sync 1 DAGs
[2025-04-15T19:52:20.735+0000] {logging_mixin.py:190} INFO - [2025-04-15T19:52:20.734+0000] {dag.py:4180} INFO - Setting next_dagrun for example_time_delta_sensor_async to None, run_after=None
[2025-04-15T19:52:20.765+0000] {processor.py:208} INFO - Processing /home/airflow/.local/lib/python3.12/site-packages/airflow/example_dags/example_time_delta_sensor_async.py took 0.108 seconds
[2025-04-15T19:52:50.903+0000] {processor.py:186} INFO - Started process (PID=18044) to work on /home/airflow/.local/lib/python3.12/site-packages/airflow/example_dags/example_time_delta_sensor_async.py
[2025-04-15T19:52:50.904+0000] {processor.py:914} INFO - Processing file /home/airflow/.local/lib/python3.12/site-packages/airflow/example_dags/example_time_delta_sensor_async.py for tasks to queue
[2025-04-15T19:52:50.905+0000] {logging_mixin.py:190} INFO - [2025-04-15T19:52:50.905+0000] {dagbag.py:588} INFO - Filling up the DagBag from /home/airflow/.local/lib/python3.12/site-packages/airflow/example_dags/example_time_delta_sensor_async.py
[2025-04-15T19:52:50.912+0000] {processor.py:925} INFO - DAG(s) 'example_time_delta_sensor_async' retrieved from /home/airflow/.local/lib/python3.12/site-packages/airflow/example_dags/example_time_delta_sensor_async.py
[2025-04-15T19:52:50.933+0000] {logging_mixin.py:190} INFO - [2025-04-15T19:52:50.933+0000] {dag.py:3239} INFO - Sync 1 DAGs
[2025-04-15T19:52:50.949+0000] {logging_mixin.py:190} INFO - [2025-04-15T19:52:50.949+0000] {dag.py:4180} INFO - Setting next_dagrun for example_time_delta_sensor_async to None, run_after=None
[2025-04-15T19:52:50.975+0000] {processor.py:208} INFO - Processing /home/airflow/.local/lib/python3.12/site-packages/airflow/example_dags/example_time_delta_sensor_async.py took 0.077 seconds
[2025-04-15T19:53:21.333+0000] {processor.py:186} INFO - Started process (PID=18111) to work on /home/airflow/.local/lib/python3.12/site-packages/airflow/example_dags/example_time_delta_sensor_async.py
[2025-04-15T19:53:21.334+0000] {processor.py:914} INFO - Processing file /home/airflow/.local/lib/python3.12/site-packages/airflow/example_dags/example_time_delta_sensor_async.py for tasks to queue
[2025-04-15T19:53:21.336+0000] {logging_mixin.py:190} INFO - [2025-04-15T19:53:21.336+0000] {dagbag.py:588} INFO - Filling up the DagBag from /home/airflow/.local/lib/python3.12/site-packages/airflow/example_dags/example_time_delta_sensor_async.py
[2025-04-15T19:53:21.347+0000] {processor.py:925} INFO - DAG(s) 'example_time_delta_sensor_async' retrieved from /home/airflow/.local/lib/python3.12/site-packages/airflow/example_dags/example_time_delta_sensor_async.py
[2025-04-15T19:53:21.380+0000] {logging_mixin.py:190} INFO - [2025-04-15T19:53:21.379+0000] {dag.py:3239} INFO - Sync 1 DAGs
[2025-04-15T19:53:21.408+0000] {logging_mixin.py:190} INFO - [2025-04-15T19:53:21.408+0000] {dag.py:4180} INFO - Setting next_dagrun for example_time_delta_sensor_async to None, run_after=None
[2025-04-15T19:53:21.441+0000] {processor.py:208} INFO - Processing /home/airflow/.local/lib/python3.12/site-packages/airflow/example_dags/example_time_delta_sensor_async.py took 0.118 seconds
[2025-04-15T19:53:51.551+0000] {processor.py:186} INFO - Started process (PID=18178) to work on /home/airflow/.local/lib/python3.12/site-packages/airflow/example_dags/example_time_delta_sensor_async.py
[2025-04-15T19:53:51.552+0000] {processor.py:914} INFO - Processing file /home/airflow/.local/lib/python3.12/site-packages/airflow/example_dags/example_time_delta_sensor_async.py for tasks to queue
[2025-04-15T19:53:51.554+0000] {logging_mixin.py:190} INFO - [2025-04-15T19:53:51.553+0000] {dagbag.py:588} INFO - Filling up the DagBag from /home/airflow/.local/lib/python3.12/site-packages/airflow/example_dags/example_time_delta_sensor_async.py
[2025-04-15T19:53:51.561+0000] {processor.py:925} INFO - DAG(s) 'example_time_delta_sensor_async' retrieved from /home/airflow/.local/lib/python3.12/site-packages/airflow/example_dags/example_time_delta_sensor_async.py
[2025-04-15T19:53:51.584+0000] {logging_mixin.py:190} INFO - [2025-04-15T19:53:51.583+0000] {dag.py:3239} INFO - Sync 1 DAGs
[2025-04-15T19:53:51.600+0000] {logging_mixin.py:190} INFO - [2025-04-15T19:53:51.600+0000] {dag.py:4180} INFO - Setting next_dagrun for example_time_delta_sensor_async to None, run_after=None
[2025-04-15T19:53:51.625+0000] {processor.py:208} INFO - Processing /home/airflow/.local/lib/python3.12/site-packages/airflow/example_dags/example_time_delta_sensor_async.py took 0.082 seconds
[2025-04-15T19:54:22.101+0000] {processor.py:186} INFO - Started process (PID=18245) to work on /home/airflow/.local/lib/python3.12/site-packages/airflow/example_dags/example_time_delta_sensor_async.py
[2025-04-15T19:54:22.102+0000] {processor.py:914} INFO - Processing file /home/airflow/.local/lib/python3.12/site-packages/airflow/example_dags/example_time_delta_sensor_async.py for tasks to queue
[2025-04-15T19:54:22.105+0000] {logging_mixin.py:190} INFO - [2025-04-15T19:54:22.104+0000] {dagbag.py:588} INFO - Filling up the DagBag from /home/airflow/.local/lib/python3.12/site-packages/airflow/example_dags/example_time_delta_sensor_async.py
[2025-04-15T19:54:22.114+0000] {processor.py:925} INFO - DAG(s) 'example_time_delta_sensor_async' retrieved from /home/airflow/.local/lib/python3.12/site-packages/airflow/example_dags/example_time_delta_sensor_async.py
[2025-04-15T19:54:22.147+0000] {logging_mixin.py:190} INFO - [2025-04-15T19:54:22.147+0000] {dag.py:3239} INFO - Sync 1 DAGs
[2025-04-15T19:54:22.171+0000] {logging_mixin.py:190} INFO - [2025-04-15T19:54:22.171+0000] {dag.py:4180} INFO - Setting next_dagrun for example_time_delta_sensor_async to None, run_after=None
[2025-04-15T19:54:22.205+0000] {processor.py:208} INFO - Processing /home/airflow/.local/lib/python3.12/site-packages/airflow/example_dags/example_time_delta_sensor_async.py took 0.113 seconds
[2025-04-15T19:54:52.464+0000] {processor.py:186} INFO - Started process (PID=18312) to work on /home/airflow/.local/lib/python3.12/site-packages/airflow/example_dags/example_time_delta_sensor_async.py
[2025-04-15T19:54:52.465+0000] {processor.py:914} INFO - Processing file /home/airflow/.local/lib/python3.12/site-packages/airflow/example_dags/example_time_delta_sensor_async.py for tasks to queue
[2025-04-15T19:54:52.467+0000] {logging_mixin.py:190} INFO - [2025-04-15T19:54:52.467+0000] {dagbag.py:588} INFO - Filling up the DagBag from /home/airflow/.local/lib/python3.12/site-packages/airflow/example_dags/example_time_delta_sensor_async.py
[2025-04-15T19:54:52.477+0000] {processor.py:925} INFO - DAG(s) 'example_time_delta_sensor_async' retrieved from /home/airflow/.local/lib/python3.12/site-packages/airflow/example_dags/example_time_delta_sensor_async.py
[2025-04-15T19:54:52.509+0000] {logging_mixin.py:190} INFO - [2025-04-15T19:54:52.508+0000] {dag.py:3239} INFO - Sync 1 DAGs
[2025-04-15T19:54:52.531+0000] {logging_mixin.py:190} INFO - [2025-04-15T19:54:52.531+0000] {dag.py:4180} INFO - Setting next_dagrun for example_time_delta_sensor_async to None, run_after=None
[2025-04-15T19:54:52.560+0000] {processor.py:208} INFO - Processing /home/airflow/.local/lib/python3.12/site-packages/airflow/example_dags/example_time_delta_sensor_async.py took 0.105 seconds
[2025-04-15T19:55:23.020+0000] {processor.py:186} INFO - Started process (PID=18378) to work on /home/airflow/.local/lib/python3.12/site-packages/airflow/example_dags/example_time_delta_sensor_async.py
[2025-04-15T19:55:23.022+0000] {processor.py:914} INFO - Processing file /home/airflow/.local/lib/python3.12/site-packages/airflow/example_dags/example_time_delta_sensor_async.py for tasks to queue
[2025-04-15T19:55:23.024+0000] {logging_mixin.py:190} INFO - [2025-04-15T19:55:23.023+0000] {dagbag.py:588} INFO - Filling up the DagBag from /home/airflow/.local/lib/python3.12/site-packages/airflow/example_dags/example_time_delta_sensor_async.py
[2025-04-15T19:55:23.033+0000] {processor.py:925} INFO - DAG(s) 'example_time_delta_sensor_async' retrieved from /home/airflow/.local/lib/python3.12/site-packages/airflow/example_dags/example_time_delta_sensor_async.py
[2025-04-15T19:55:23.068+0000] {logging_mixin.py:190} INFO - [2025-04-15T19:55:23.068+0000] {dag.py:3239} INFO - Sync 1 DAGs
[2025-04-15T19:55:23.094+0000] {logging_mixin.py:190} INFO - [2025-04-15T19:55:23.093+0000] {dag.py:4180} INFO - Setting next_dagrun for example_time_delta_sensor_async to None, run_after=None
[2025-04-15T19:55:23.122+0000] {processor.py:208} INFO - Processing /home/airflow/.local/lib/python3.12/site-packages/airflow/example_dags/example_time_delta_sensor_async.py took 0.109 seconds
[2025-04-15T19:55:53.246+0000] {processor.py:186} INFO - Started process (PID=18444) to work on /home/airflow/.local/lib/python3.12/site-packages/airflow/example_dags/example_time_delta_sensor_async.py
[2025-04-15T19:55:53.248+0000] {processor.py:914} INFO - Processing file /home/airflow/.local/lib/python3.12/site-packages/airflow/example_dags/example_time_delta_sensor_async.py for tasks to queue
[2025-04-15T19:55:53.250+0000] {logging_mixin.py:190} INFO - [2025-04-15T19:55:53.249+0000] {dagbag.py:588} INFO - Filling up the DagBag from /home/airflow/.local/lib/python3.12/site-packages/airflow/example_dags/example_time_delta_sensor_async.py
[2025-04-15T19:55:53.258+0000] {processor.py:925} INFO - DAG(s) 'example_time_delta_sensor_async' retrieved from /home/airflow/.local/lib/python3.12/site-packages/airflow/example_dags/example_time_delta_sensor_async.py
[2025-04-15T19:55:53.293+0000] {logging_mixin.py:190} INFO - [2025-04-15T19:55:53.292+0000] {dag.py:3239} INFO - Sync 1 DAGs
[2025-04-15T19:55:53.318+0000] {logging_mixin.py:190} INFO - [2025-04-15T19:55:53.318+0000] {dag.py:4180} INFO - Setting next_dagrun for example_time_delta_sensor_async to None, run_after=None
[2025-04-15T19:55:53.351+0000] {processor.py:208} INFO - Processing /home/airflow/.local/lib/python3.12/site-packages/airflow/example_dags/example_time_delta_sensor_async.py took 0.113 seconds
[2025-04-15T19:56:23.572+0000] {processor.py:186} INFO - Started process (PID=18511) to work on /home/airflow/.local/lib/python3.12/site-packages/airflow/example_dags/example_time_delta_sensor_async.py
[2025-04-15T19:56:23.574+0000] {processor.py:914} INFO - Processing file /home/airflow/.local/lib/python3.12/site-packages/airflow/example_dags/example_time_delta_sensor_async.py for tasks to queue
[2025-04-15T19:56:23.575+0000] {logging_mixin.py:190} INFO - [2025-04-15T19:56:23.575+0000] {dagbag.py:588} INFO - Filling up the DagBag from /home/airflow/.local/lib/python3.12/site-packages/airflow/example_dags/example_time_delta_sensor_async.py
[2025-04-15T19:56:23.585+0000] {processor.py:925} INFO - DAG(s) 'example_time_delta_sensor_async' retrieved from /home/airflow/.local/lib/python3.12/site-packages/airflow/example_dags/example_time_delta_sensor_async.py
[2025-04-15T19:56:23.619+0000] {logging_mixin.py:190} INFO - [2025-04-15T19:56:23.618+0000] {dag.py:3239} INFO - Sync 1 DAGs
[2025-04-15T19:56:23.643+0000] {logging_mixin.py:190} INFO - [2025-04-15T19:56:23.643+0000] {dag.py:4180} INFO - Setting next_dagrun for example_time_delta_sensor_async to None, run_after=None
[2025-04-15T19:56:23.672+0000] {processor.py:208} INFO - Processing /home/airflow/.local/lib/python3.12/site-packages/airflow/example_dags/example_time_delta_sensor_async.py took 0.108 seconds
[2025-04-15T19:56:54.261+0000] {processor.py:186} INFO - Started process (PID=18578) to work on /home/airflow/.local/lib/python3.12/site-packages/airflow/example_dags/example_time_delta_sensor_async.py
[2025-04-15T19:56:54.262+0000] {processor.py:914} INFO - Processing file /home/airflow/.local/lib/python3.12/site-packages/airflow/example_dags/example_time_delta_sensor_async.py for tasks to queue
[2025-04-15T19:56:54.264+0000] {logging_mixin.py:190} INFO - [2025-04-15T19:56:54.264+0000] {dagbag.py:588} INFO - Filling up the DagBag from /home/airflow/.local/lib/python3.12/site-packages/airflow/example_dags/example_time_delta_sensor_async.py
[2025-04-15T19:56:54.273+0000] {processor.py:925} INFO - DAG(s) 'example_time_delta_sensor_async' retrieved from /home/airflow/.local/lib/python3.12/site-packages/airflow/example_dags/example_time_delta_sensor_async.py
[2025-04-15T19:56:54.303+0000] {logging_mixin.py:190} INFO - [2025-04-15T19:56:54.303+0000] {dag.py:3239} INFO - Sync 1 DAGs
[2025-04-15T19:56:54.325+0000] {logging_mixin.py:190} INFO - [2025-04-15T19:56:54.325+0000] {dag.py:4180} INFO - Setting next_dagrun for example_time_delta_sensor_async to None, run_after=None
[2025-04-15T19:56:54.353+0000] {processor.py:208} INFO - Processing /home/airflow/.local/lib/python3.12/site-packages/airflow/example_dags/example_time_delta_sensor_async.py took 0.101 seconds
[2025-04-15T19:57:24.673+0000] {processor.py:186} INFO - Started process (PID=18645) to work on /home/airflow/.local/lib/python3.12/site-packages/airflow/example_dags/example_time_delta_sensor_async.py
[2025-04-15T19:57:24.674+0000] {processor.py:914} INFO - Processing file /home/airflow/.local/lib/python3.12/site-packages/airflow/example_dags/example_time_delta_sensor_async.py for tasks to queue
[2025-04-15T19:57:24.675+0000] {logging_mixin.py:190} INFO - [2025-04-15T19:57:24.675+0000] {dagbag.py:588} INFO - Filling up the DagBag from /home/airflow/.local/lib/python3.12/site-packages/airflow/example_dags/example_time_delta_sensor_async.py
[2025-04-15T19:57:24.683+0000] {processor.py:925} INFO - DAG(s) 'example_time_delta_sensor_async' retrieved from /home/airflow/.local/lib/python3.12/site-packages/airflow/example_dags/example_time_delta_sensor_async.py
[2025-04-15T19:57:24.708+0000] {logging_mixin.py:190} INFO - [2025-04-15T19:57:24.708+0000] {dag.py:3239} INFO - Sync 1 DAGs
[2025-04-15T19:57:24.726+0000] {logging_mixin.py:190} INFO - [2025-04-15T19:57:24.726+0000] {dag.py:4180} INFO - Setting next_dagrun for example_time_delta_sensor_async to None, run_after=None
[2025-04-15T19:57:24.748+0000] {processor.py:208} INFO - Processing /home/airflow/.local/lib/python3.12/site-packages/airflow/example_dags/example_time_delta_sensor_async.py took 0.080 seconds
[2025-04-15T19:57:55.319+0000] {processor.py:186} INFO - Started process (PID=18712) to work on /home/airflow/.local/lib/python3.12/site-packages/airflow/example_dags/example_time_delta_sensor_async.py
[2025-04-15T19:57:55.321+0000] {processor.py:914} INFO - Processing file /home/airflow/.local/lib/python3.12/site-packages/airflow/example_dags/example_time_delta_sensor_async.py for tasks to queue
[2025-04-15T19:57:55.323+0000] {logging_mixin.py:190} INFO - [2025-04-15T19:57:55.322+0000] {dagbag.py:588} INFO - Filling up the DagBag from /home/airflow/.local/lib/python3.12/site-packages/airflow/example_dags/example_time_delta_sensor_async.py
[2025-04-15T19:57:55.333+0000] {processor.py:925} INFO - DAG(s) 'example_time_delta_sensor_async' retrieved from /home/airflow/.local/lib/python3.12/site-packages/airflow/example_dags/example_time_delta_sensor_async.py
[2025-04-15T19:57:55.363+0000] {logging_mixin.py:190} INFO - [2025-04-15T19:57:55.363+0000] {dag.py:3239} INFO - Sync 1 DAGs
[2025-04-15T19:57:55.386+0000] {logging_mixin.py:190} INFO - [2025-04-15T19:57:55.385+0000] {dag.py:4180} INFO - Setting next_dagrun for example_time_delta_sensor_async to None, run_after=None
[2025-04-15T19:57:55.418+0000] {processor.py:208} INFO - Processing /home/airflow/.local/lib/python3.12/site-packages/airflow/example_dags/example_time_delta_sensor_async.py took 0.108 seconds
[2025-04-15T19:58:25.996+0000] {processor.py:186} INFO - Started process (PID=18785) to work on /home/airflow/.local/lib/python3.12/site-packages/airflow/example_dags/example_time_delta_sensor_async.py
[2025-04-15T19:58:25.997+0000] {processor.py:914} INFO - Processing file /home/airflow/.local/lib/python3.12/site-packages/airflow/example_dags/example_time_delta_sensor_async.py for tasks to queue
[2025-04-15T19:58:25.999+0000] {logging_mixin.py:190} INFO - [2025-04-15T19:58:25.999+0000] {dagbag.py:588} INFO - Filling up the DagBag from /home/airflow/.local/lib/python3.12/site-packages/airflow/example_dags/example_time_delta_sensor_async.py
[2025-04-15T19:58:26.008+0000] {processor.py:925} INFO - DAG(s) 'example_time_delta_sensor_async' retrieved from /home/airflow/.local/lib/python3.12/site-packages/airflow/example_dags/example_time_delta_sensor_async.py
[2025-04-15T19:58:26.044+0000] {logging_mixin.py:190} INFO - [2025-04-15T19:58:26.044+0000] {dag.py:3239} INFO - Sync 1 DAGs
[2025-04-15T19:58:26.074+0000] {logging_mixin.py:190} INFO - [2025-04-15T19:58:26.074+0000] {dag.py:4180} INFO - Setting next_dagrun for example_time_delta_sensor_async to None, run_after=None
[2025-04-15T19:58:26.102+0000] {processor.py:208} INFO - Processing /home/airflow/.local/lib/python3.12/site-packages/airflow/example_dags/example_time_delta_sensor_async.py took 0.118 seconds
[2025-04-15T19:58:56.301+0000] {processor.py:186} INFO - Started process (PID=18852) to work on /home/airflow/.local/lib/python3.12/site-packages/airflow/example_dags/example_time_delta_sensor_async.py
[2025-04-15T19:58:56.302+0000] {processor.py:914} INFO - Processing file /home/airflow/.local/lib/python3.12/site-packages/airflow/example_dags/example_time_delta_sensor_async.py for tasks to queue
[2025-04-15T19:58:56.304+0000] {logging_mixin.py:190} INFO - [2025-04-15T19:58:56.304+0000] {dagbag.py:588} INFO - Filling up the DagBag from /home/airflow/.local/lib/python3.12/site-packages/airflow/example_dags/example_time_delta_sensor_async.py
[2025-04-15T19:58:56.313+0000] {processor.py:925} INFO - DAG(s) 'example_time_delta_sensor_async' retrieved from /home/airflow/.local/lib/python3.12/site-packages/airflow/example_dags/example_time_delta_sensor_async.py
[2025-04-15T19:58:56.346+0000] {logging_mixin.py:190} INFO - [2025-04-15T19:58:56.346+0000] {dag.py:3239} INFO - Sync 1 DAGs
[2025-04-15T19:58:56.368+0000] {logging_mixin.py:190} INFO - [2025-04-15T19:58:56.368+0000] {dag.py:4180} INFO - Setting next_dagrun for example_time_delta_sensor_async to None, run_after=None
[2025-04-15T19:58:56.397+0000] {processor.py:208} INFO - Processing /home/airflow/.local/lib/python3.12/site-packages/airflow/example_dags/example_time_delta_sensor_async.py took 0.107 seconds
[2025-04-15T19:59:26.459+0000] {processor.py:186} INFO - Started process (PID=18918) to work on /home/airflow/.local/lib/python3.12/site-packages/airflow/example_dags/example_time_delta_sensor_async.py
[2025-04-15T19:59:26.460+0000] {processor.py:914} INFO - Processing file /home/airflow/.local/lib/python3.12/site-packages/airflow/example_dags/example_time_delta_sensor_async.py for tasks to queue
[2025-04-15T19:59:26.462+0000] {logging_mixin.py:190} INFO - [2025-04-15T19:59:26.461+0000] {dagbag.py:588} INFO - Filling up the DagBag from /home/airflow/.local/lib/python3.12/site-packages/airflow/example_dags/example_time_delta_sensor_async.py
[2025-04-15T19:59:26.469+0000] {processor.py:925} INFO - DAG(s) 'example_time_delta_sensor_async' retrieved from /home/airflow/.local/lib/python3.12/site-packages/airflow/example_dags/example_time_delta_sensor_async.py
[2025-04-15T19:59:26.492+0000] {logging_mixin.py:190} INFO - [2025-04-15T19:59:26.491+0000] {dag.py:3239} INFO - Sync 1 DAGs
[2025-04-15T19:59:26.507+0000] {logging_mixin.py:190} INFO - [2025-04-15T19:59:26.507+0000] {dag.py:4180} INFO - Setting next_dagrun for example_time_delta_sensor_async to None, run_after=None
[2025-04-15T19:59:26.529+0000] {processor.py:208} INFO - Processing /home/airflow/.local/lib/python3.12/site-packages/airflow/example_dags/example_time_delta_sensor_async.py took 0.076 seconds
[2025-04-15T19:59:57.378+0000] {processor.py:186} INFO - Started process (PID=18986) to work on /home/airflow/.local/lib/python3.12/site-packages/airflow/example_dags/example_time_delta_sensor_async.py
[2025-04-15T19:59:57.379+0000] {processor.py:914} INFO - Processing file /home/airflow/.local/lib/python3.12/site-packages/airflow/example_dags/example_time_delta_sensor_async.py for tasks to queue
[2025-04-15T19:59:57.381+0000] {logging_mixin.py:190} INFO - [2025-04-15T19:59:57.380+0000] {dagbag.py:588} INFO - Filling up the DagBag from /home/airflow/.local/lib/python3.12/site-packages/airflow/example_dags/example_time_delta_sensor_async.py
[2025-04-15T19:59:57.389+0000] {processor.py:925} INFO - DAG(s) 'example_time_delta_sensor_async' retrieved from /home/airflow/.local/lib/python3.12/site-packages/airflow/example_dags/example_time_delta_sensor_async.py
[2025-04-15T19:59:57.418+0000] {logging_mixin.py:190} INFO - [2025-04-15T19:59:57.417+0000] {dag.py:3239} INFO - Sync 1 DAGs
[2025-04-15T19:59:57.447+0000] {logging_mixin.py:190} INFO - [2025-04-15T19:59:57.446+0000] {dag.py:4180} INFO - Setting next_dagrun for example_time_delta_sensor_async to None, run_after=None
[2025-04-15T19:59:57.474+0000] {processor.py:208} INFO - Processing /home/airflow/.local/lib/python3.12/site-packages/airflow/example_dags/example_time_delta_sensor_async.py took 0.106 seconds
[2025-04-15T20:00:27.821+0000] {processor.py:186} INFO - Started process (PID=19053) to work on /home/airflow/.local/lib/python3.12/site-packages/airflow/example_dags/example_time_delta_sensor_async.py
[2025-04-15T20:00:27.823+0000] {processor.py:914} INFO - Processing file /home/airflow/.local/lib/python3.12/site-packages/airflow/example_dags/example_time_delta_sensor_async.py for tasks to queue
[2025-04-15T20:00:27.825+0000] {logging_mixin.py:190} INFO - [2025-04-15T20:00:27.824+0000] {dagbag.py:588} INFO - Filling up the DagBag from /home/airflow/.local/lib/python3.12/site-packages/airflow/example_dags/example_time_delta_sensor_async.py
[2025-04-15T20:00:27.834+0000] {processor.py:925} INFO - DAG(s) 'example_time_delta_sensor_async' retrieved from /home/airflow/.local/lib/python3.12/site-packages/airflow/example_dags/example_time_delta_sensor_async.py
[2025-04-15T20:00:27.870+0000] {logging_mixin.py:190} INFO - [2025-04-15T20:00:27.870+0000] {dag.py:3239} INFO - Sync 1 DAGs
[2025-04-15T20:00:27.894+0000] {logging_mixin.py:190} INFO - [2025-04-15T20:00:27.893+0000] {dag.py:4180} INFO - Setting next_dagrun for example_time_delta_sensor_async to None, run_after=None
[2025-04-15T20:00:27.925+0000] {processor.py:208} INFO - Processing /home/airflow/.local/lib/python3.12/site-packages/airflow/example_dags/example_time_delta_sensor_async.py took 0.112 seconds
[2025-04-15T20:00:58.212+0000] {processor.py:186} INFO - Started process (PID=19120) to work on /home/airflow/.local/lib/python3.12/site-packages/airflow/example_dags/example_time_delta_sensor_async.py
[2025-04-15T20:00:58.213+0000] {processor.py:914} INFO - Processing file /home/airflow/.local/lib/python3.12/site-packages/airflow/example_dags/example_time_delta_sensor_async.py for tasks to queue
[2025-04-15T20:00:58.215+0000] {logging_mixin.py:190} INFO - [2025-04-15T20:00:58.215+0000] {dagbag.py:588} INFO - Filling up the DagBag from /home/airflow/.local/lib/python3.12/site-packages/airflow/example_dags/example_time_delta_sensor_async.py
[2025-04-15T20:00:58.228+0000] {processor.py:925} INFO - DAG(s) 'example_time_delta_sensor_async' retrieved from /home/airflow/.local/lib/python3.12/site-packages/airflow/example_dags/example_time_delta_sensor_async.py
[2025-04-15T20:00:58.260+0000] {logging_mixin.py:190} INFO - [2025-04-15T20:00:58.260+0000] {dag.py:3239} INFO - Sync 1 DAGs
[2025-04-15T20:00:58.288+0000] {logging_mixin.py:190} INFO - [2025-04-15T20:00:58.287+0000] {dag.py:4180} INFO - Setting next_dagrun for example_time_delta_sensor_async to None, run_after=None
[2025-04-15T20:00:58.321+0000] {processor.py:208} INFO - Processing /home/airflow/.local/lib/python3.12/site-packages/airflow/example_dags/example_time_delta_sensor_async.py took 0.118 seconds
[2025-04-15T20:01:28.920+0000] {processor.py:186} INFO - Started process (PID=19187) to work on /home/airflow/.local/lib/python3.12/site-packages/airflow/example_dags/example_time_delta_sensor_async.py
[2025-04-15T20:01:28.921+0000] {processor.py:914} INFO - Processing file /home/airflow/.local/lib/python3.12/site-packages/airflow/example_dags/example_time_delta_sensor_async.py for tasks to queue
[2025-04-15T20:01:28.923+0000] {logging_mixin.py:190} INFO - [2025-04-15T20:01:28.922+0000] {dagbag.py:588} INFO - Filling up the DagBag from /home/airflow/.local/lib/python3.12/site-packages/airflow/example_dags/example_time_delta_sensor_async.py
[2025-04-15T20:01:28.932+0000] {processor.py:925} INFO - DAG(s) 'example_time_delta_sensor_async' retrieved from /home/airflow/.local/lib/python3.12/site-packages/airflow/example_dags/example_time_delta_sensor_async.py
[2025-04-15T20:01:28.961+0000] {logging_mixin.py:190} INFO - [2025-04-15T20:01:28.960+0000] {dag.py:3239} INFO - Sync 1 DAGs
[2025-04-15T20:01:28.984+0000] {logging_mixin.py:190} INFO - [2025-04-15T20:01:28.984+0000] {dag.py:4180} INFO - Setting next_dagrun for example_time_delta_sensor_async to None, run_after=None
[2025-04-15T20:01:29.007+0000] {processor.py:208} INFO - Processing /home/airflow/.local/lib/python3.12/site-packages/airflow/example_dags/example_time_delta_sensor_async.py took 0.093 seconds
[2025-04-15T20:01:59.478+0000] {processor.py:186} INFO - Started process (PID=19254) to work on /home/airflow/.local/lib/python3.12/site-packages/airflow/example_dags/example_time_delta_sensor_async.py
[2025-04-15T20:01:59.479+0000] {processor.py:914} INFO - Processing file /home/airflow/.local/lib/python3.12/site-packages/airflow/example_dags/example_time_delta_sensor_async.py for tasks to queue
[2025-04-15T20:01:59.482+0000] {logging_mixin.py:190} INFO - [2025-04-15T20:01:59.481+0000] {dagbag.py:588} INFO - Filling up the DagBag from /home/airflow/.local/lib/python3.12/site-packages/airflow/example_dags/example_time_delta_sensor_async.py
[2025-04-15T20:01:59.492+0000] {processor.py:925} INFO - DAG(s) 'example_time_delta_sensor_async' retrieved from /home/airflow/.local/lib/python3.12/site-packages/airflow/example_dags/example_time_delta_sensor_async.py
[2025-04-15T20:01:59.525+0000] {logging_mixin.py:190} INFO - [2025-04-15T20:01:59.525+0000] {dag.py:3239} INFO - Sync 1 DAGs
[2025-04-15T20:01:59.558+0000] {logging_mixin.py:190} INFO - [2025-04-15T20:01:59.557+0000] {dag.py:4180} INFO - Setting next_dagrun for example_time_delta_sensor_async to None, run_after=None
[2025-04-15T20:01:59.590+0000] {processor.py:208} INFO - Processing /home/airflow/.local/lib/python3.12/site-packages/airflow/example_dags/example_time_delta_sensor_async.py took 0.120 seconds
[2025-04-15T20:02:30.149+0000] {processor.py:186} INFO - Started process (PID=19321) to work on /home/airflow/.local/lib/python3.12/site-packages/airflow/example_dags/example_time_delta_sensor_async.py
[2025-04-15T20:02:30.151+0000] {processor.py:914} INFO - Processing file /home/airflow/.local/lib/python3.12/site-packages/airflow/example_dags/example_time_delta_sensor_async.py for tasks to queue
[2025-04-15T20:02:30.153+0000] {logging_mixin.py:190} INFO - [2025-04-15T20:02:30.152+0000] {dagbag.py:588} INFO - Filling up the DagBag from /home/airflow/.local/lib/python3.12/site-packages/airflow/example_dags/example_time_delta_sensor_async.py
[2025-04-15T20:02:30.167+0000] {processor.py:925} INFO - DAG(s) 'example_time_delta_sensor_async' retrieved from /home/airflow/.local/lib/python3.12/site-packages/airflow/example_dags/example_time_delta_sensor_async.py
[2025-04-15T20:02:30.198+0000] {logging_mixin.py:190} INFO - [2025-04-15T20:02:30.198+0000] {dag.py:3239} INFO - Sync 1 DAGs
[2025-04-15T20:02:30.221+0000] {logging_mixin.py:190} INFO - [2025-04-15T20:02:30.221+0000] {dag.py:4180} INFO - Setting next_dagrun for example_time_delta_sensor_async to None, run_after=None
[2025-04-15T20:02:30.250+0000] {processor.py:208} INFO - Processing /home/airflow/.local/lib/python3.12/site-packages/airflow/example_dags/example_time_delta_sensor_async.py took 0.109 seconds
[2025-04-15T20:03:00.771+0000] {processor.py:186} INFO - Started process (PID=19388) to work on /home/airflow/.local/lib/python3.12/site-packages/airflow/example_dags/example_time_delta_sensor_async.py
[2025-04-15T20:03:00.772+0000] {processor.py:914} INFO - Processing file /home/airflow/.local/lib/python3.12/site-packages/airflow/example_dags/example_time_delta_sensor_async.py for tasks to queue
[2025-04-15T20:03:00.774+0000] {logging_mixin.py:190} INFO - [2025-04-15T20:03:00.774+0000] {dagbag.py:588} INFO - Filling up the DagBag from /home/airflow/.local/lib/python3.12/site-packages/airflow/example_dags/example_time_delta_sensor_async.py
[2025-04-15T20:03:00.783+0000] {processor.py:925} INFO - DAG(s) 'example_time_delta_sensor_async' retrieved from /home/airflow/.local/lib/python3.12/site-packages/airflow/example_dags/example_time_delta_sensor_async.py
[2025-04-15T20:03:00.815+0000] {logging_mixin.py:190} INFO - [2025-04-15T20:03:00.814+0000] {dag.py:3239} INFO - Sync 1 DAGs
[2025-04-15T20:03:00.838+0000] {logging_mixin.py:190} INFO - [2025-04-15T20:03:00.837+0000] {dag.py:4180} INFO - Setting next_dagrun for example_time_delta_sensor_async to None, run_after=None
[2025-04-15T20:03:00.868+0000] {processor.py:208} INFO - Processing /home/airflow/.local/lib/python3.12/site-packages/airflow/example_dags/example_time_delta_sensor_async.py took 0.106 seconds
[2025-04-15T20:03:31.040+0000] {processor.py:186} INFO - Started process (PID=19455) to work on /home/airflow/.local/lib/python3.12/site-packages/airflow/example_dags/example_time_delta_sensor_async.py
[2025-04-15T20:03:31.041+0000] {processor.py:914} INFO - Processing file /home/airflow/.local/lib/python3.12/site-packages/airflow/example_dags/example_time_delta_sensor_async.py for tasks to queue
[2025-04-15T20:03:31.044+0000] {logging_mixin.py:190} INFO - [2025-04-15T20:03:31.044+0000] {dagbag.py:588} INFO - Filling up the DagBag from /home/airflow/.local/lib/python3.12/site-packages/airflow/example_dags/example_time_delta_sensor_async.py
[2025-04-15T20:03:31.055+0000] {processor.py:925} INFO - DAG(s) 'example_time_delta_sensor_async' retrieved from /home/airflow/.local/lib/python3.12/site-packages/airflow/example_dags/example_time_delta_sensor_async.py
[2025-04-15T20:03:31.085+0000] {logging_mixin.py:190} INFO - [2025-04-15T20:03:31.085+0000] {dag.py:3239} INFO - Sync 1 DAGs
[2025-04-15T20:03:31.109+0000] {logging_mixin.py:190} INFO - [2025-04-15T20:03:31.109+0000] {dag.py:4180} INFO - Setting next_dagrun for example_time_delta_sensor_async to None, run_after=None
[2025-04-15T20:03:31.148+0000] {processor.py:208} INFO - Processing /home/airflow/.local/lib/python3.12/site-packages/airflow/example_dags/example_time_delta_sensor_async.py took 0.116 seconds
[2025-04-15T20:04:01.700+0000] {processor.py:186} INFO - Started process (PID=19523) to work on /home/airflow/.local/lib/python3.12/site-packages/airflow/example_dags/example_time_delta_sensor_async.py
[2025-04-15T20:04:01.702+0000] {processor.py:914} INFO - Processing file /home/airflow/.local/lib/python3.12/site-packages/airflow/example_dags/example_time_delta_sensor_async.py for tasks to queue
[2025-04-15T20:04:01.704+0000] {logging_mixin.py:190} INFO - [2025-04-15T20:04:01.703+0000] {dagbag.py:588} INFO - Filling up the DagBag from /home/airflow/.local/lib/python3.12/site-packages/airflow/example_dags/example_time_delta_sensor_async.py
[2025-04-15T20:04:01.710+0000] {processor.py:925} INFO - DAG(s) 'example_time_delta_sensor_async' retrieved from /home/airflow/.local/lib/python3.12/site-packages/airflow/example_dags/example_time_delta_sensor_async.py
[2025-04-15T20:04:01.732+0000] {logging_mixin.py:190} INFO - [2025-04-15T20:04:01.732+0000] {dag.py:3239} INFO - Sync 1 DAGs
[2025-04-15T20:04:01.748+0000] {logging_mixin.py:190} INFO - [2025-04-15T20:04:01.748+0000] {dag.py:4180} INFO - Setting next_dagrun for example_time_delta_sensor_async to None, run_after=None
[2025-04-15T20:04:01.768+0000] {processor.py:208} INFO - Processing /home/airflow/.local/lib/python3.12/site-packages/airflow/example_dags/example_time_delta_sensor_async.py took 0.073 seconds
[2025-04-15T23:04:27.750+0000] {processor.py:186} INFO - Started process (PID=19565) to work on /home/airflow/.local/lib/python3.12/site-packages/airflow/example_dags/example_time_delta_sensor_async.py
[2025-04-15T23:04:27.752+0000] {processor.py:914} INFO - Processing file /home/airflow/.local/lib/python3.12/site-packages/airflow/example_dags/example_time_delta_sensor_async.py for tasks to queue
[2025-04-15T23:04:27.753+0000] {logging_mixin.py:190} INFO - [2025-04-15T23:04:27.753+0000] {dagbag.py:588} INFO - Filling up the DagBag from /home/airflow/.local/lib/python3.12/site-packages/airflow/example_dags/example_time_delta_sensor_async.py
[2025-04-15T23:04:27.762+0000] {processor.py:925} INFO - DAG(s) 'example_time_delta_sensor_async' retrieved from /home/airflow/.local/lib/python3.12/site-packages/airflow/example_dags/example_time_delta_sensor_async.py
[2025-04-15T23:04:27.786+0000] {logging_mixin.py:190} INFO - [2025-04-15T23:04:27.785+0000] {dag.py:3239} INFO - Sync 1 DAGs
[2025-04-15T23:04:27.801+0000] {logging_mixin.py:190} INFO - [2025-04-15T23:04:27.801+0000] {dag.py:4180} INFO - Setting next_dagrun for example_time_delta_sensor_async to None, run_after=None
[2025-04-15T23:04:27.822+0000] {processor.py:208} INFO - Processing /home/airflow/.local/lib/python3.12/site-packages/airflow/example_dags/example_time_delta_sensor_async.py took 0.079 seconds
