[2025-04-15T19:35:29.210+0000] {processor.py:186} INFO - Started process (PID=15774) to work on /home/airflow/.local/lib/python3.12/site-packages/airflow/example_dags/example_latest_only.py
[2025-04-15T19:35:29.212+0000] {processor.py:914} INFO - Processing file /home/airflow/.local/lib/python3.12/site-packages/airflow/example_dags/example_latest_only.py for tasks to queue
[2025-04-15T19:35:29.214+0000] {logging_mixin.py:190} INFO - [2025-04-15T19:35:29.213+0000] {dagbag.py:588} INFO - Filling up the DagBag from /home/airflow/.local/lib/python3.12/site-packages/airflow/example_dags/example_latest_only.py
[2025-04-15T19:35:29.230+0000] {processor.py:925} INFO - DAG(s) 'latest_only' retrieved from /home/airflow/.local/lib/python3.12/site-packages/airflow/example_dags/example_latest_only.py
[2025-04-15T19:35:29.292+0000] {logging_mixin.py:190} INFO - [2025-04-15T19:35:29.292+0000] {dag.py:3239} INFO - Sync 1 DAGs
[2025-04-15T19:35:29.376+0000] {logging_mixin.py:190} INFO - [2025-04-15T19:35:29.376+0000] {dag.py:4180} INFO - Setting next_dagrun for latest_only to 2025-04-15 12:00:00+00:00, run_after=2025-04-15 16:00:00+00:00
[2025-04-15T19:35:29.440+0000] {processor.py:208} INFO - Processing /home/airflow/.local/lib/python3.12/site-packages/airflow/example_dags/example_latest_only.py took 0.242 seconds
[2025-04-15T19:36:00.915+0000] {processor.py:186} INFO - Started process (PID=15841) to work on /home/airflow/.local/lib/python3.12/site-packages/airflow/example_dags/example_latest_only.py
[2025-04-15T19:36:00.917+0000] {processor.py:914} INFO - Processing file /home/airflow/.local/lib/python3.12/site-packages/airflow/example_dags/example_latest_only.py for tasks to queue
[2025-04-15T19:36:00.920+0000] {logging_mixin.py:190} INFO - [2025-04-15T19:36:00.919+0000] {dagbag.py:588} INFO - Filling up the DagBag from /home/airflow/.local/lib/python3.12/site-packages/airflow/example_dags/example_latest_only.py
[2025-04-15T19:36:00.936+0000] {processor.py:925} INFO - DAG(s) 'latest_only' retrieved from /home/airflow/.local/lib/python3.12/site-packages/airflow/example_dags/example_latest_only.py
[2025-04-15T19:36:00.976+0000] {logging_mixin.py:190} INFO - [2025-04-15T19:36:00.975+0000] {dag.py:3239} INFO - Sync 1 DAGs
[2025-04-15T19:36:01.023+0000] {logging_mixin.py:190} INFO - [2025-04-15T19:36:01.023+0000] {dag.py:4180} INFO - Setting next_dagrun for latest_only to 2025-04-15 12:00:00+00:00, run_after=2025-04-15 16:00:00+00:00
[2025-04-15T19:36:01.068+0000] {processor.py:208} INFO - Processing /home/airflow/.local/lib/python3.12/site-packages/airflow/example_dags/example_latest_only.py took 0.166 seconds
[2025-04-15T19:36:31.884+0000] {processor.py:186} INFO - Started process (PID=15907) to work on /home/airflow/.local/lib/python3.12/site-packages/airflow/example_dags/example_latest_only.py
[2025-04-15T19:36:31.889+0000] {processor.py:914} INFO - Processing file /home/airflow/.local/lib/python3.12/site-packages/airflow/example_dags/example_latest_only.py for tasks to queue
[2025-04-15T19:36:31.891+0000] {logging_mixin.py:190} INFO - [2025-04-15T19:36:31.890+0000] {dagbag.py:588} INFO - Filling up the DagBag from /home/airflow/.local/lib/python3.12/site-packages/airflow/example_dags/example_latest_only.py
[2025-04-15T19:36:31.901+0000] {processor.py:925} INFO - DAG(s) 'latest_only' retrieved from /home/airflow/.local/lib/python3.12/site-packages/airflow/example_dags/example_latest_only.py
[2025-04-15T19:36:31.931+0000] {logging_mixin.py:190} INFO - [2025-04-15T19:36:31.931+0000] {dag.py:3239} INFO - Sync 1 DAGs
[2025-04-15T19:36:31.966+0000] {logging_mixin.py:190} INFO - [2025-04-15T19:36:31.965+0000] {dag.py:4180} INFO - Setting next_dagrun for latest_only to 2025-04-15 12:00:00+00:00, run_after=2025-04-15 16:00:00+00:00
[2025-04-15T19:36:32.046+0000] {processor.py:208} INFO - Processing /home/airflow/.local/lib/python3.12/site-packages/airflow/example_dags/example_latest_only.py took 0.170 seconds
[2025-04-15T19:37:02.531+0000] {processor.py:186} INFO - Started process (PID=15974) to work on /home/airflow/.local/lib/python3.12/site-packages/airflow/example_dags/example_latest_only.py
[2025-04-15T19:37:02.533+0000] {processor.py:914} INFO - Processing file /home/airflow/.local/lib/python3.12/site-packages/airflow/example_dags/example_latest_only.py for tasks to queue
[2025-04-15T19:37:02.535+0000] {logging_mixin.py:190} INFO - [2025-04-15T19:37:02.535+0000] {dagbag.py:588} INFO - Filling up the DagBag from /home/airflow/.local/lib/python3.12/site-packages/airflow/example_dags/example_latest_only.py
[2025-04-15T19:37:02.557+0000] {processor.py:925} INFO - DAG(s) 'latest_only' retrieved from /home/airflow/.local/lib/python3.12/site-packages/airflow/example_dags/example_latest_only.py
[2025-04-15T19:37:02.596+0000] {logging_mixin.py:190} INFO - [2025-04-15T19:37:02.595+0000] {dag.py:3239} INFO - Sync 1 DAGs
[2025-04-15T19:37:02.638+0000] {logging_mixin.py:190} INFO - [2025-04-15T19:37:02.637+0000] {dag.py:4180} INFO - Setting next_dagrun for latest_only to 2025-04-15 12:00:00+00:00, run_after=2025-04-15 16:00:00+00:00
[2025-04-15T19:37:02.678+0000] {processor.py:208} INFO - Processing /home/airflow/.local/lib/python3.12/site-packages/airflow/example_dags/example_latest_only.py took 0.156 seconds
[2025-04-15T19:37:33.511+0000] {processor.py:186} INFO - Started process (PID=16041) to work on /home/airflow/.local/lib/python3.12/site-packages/airflow/example_dags/example_latest_only.py
[2025-04-15T19:37:33.512+0000] {processor.py:914} INFO - Processing file /home/airflow/.local/lib/python3.12/site-packages/airflow/example_dags/example_latest_only.py for tasks to queue
[2025-04-15T19:37:33.513+0000] {logging_mixin.py:190} INFO - [2025-04-15T19:37:33.513+0000] {dagbag.py:588} INFO - Filling up the DagBag from /home/airflow/.local/lib/python3.12/site-packages/airflow/example_dags/example_latest_only.py
[2025-04-15T19:37:33.522+0000] {processor.py:925} INFO - DAG(s) 'latest_only' retrieved from /home/airflow/.local/lib/python3.12/site-packages/airflow/example_dags/example_latest_only.py
[2025-04-15T19:37:33.550+0000] {logging_mixin.py:190} INFO - [2025-04-15T19:37:33.549+0000] {dag.py:3239} INFO - Sync 1 DAGs
[2025-04-15T19:37:33.587+0000] {logging_mixin.py:190} INFO - [2025-04-15T19:37:33.587+0000] {dag.py:4180} INFO - Setting next_dagrun for latest_only to 2025-04-15 12:00:00+00:00, run_after=2025-04-15 16:00:00+00:00
[2025-04-15T19:37:33.621+0000] {processor.py:208} INFO - Processing /home/airflow/.local/lib/python3.12/site-packages/airflow/example_dags/example_latest_only.py took 0.116 seconds
[2025-04-15T19:38:04.314+0000] {processor.py:186} INFO - Started process (PID=16108) to work on /home/airflow/.local/lib/python3.12/site-packages/airflow/example_dags/example_latest_only.py
[2025-04-15T19:38:04.316+0000] {processor.py:914} INFO - Processing file /home/airflow/.local/lib/python3.12/site-packages/airflow/example_dags/example_latest_only.py for tasks to queue
[2025-04-15T19:38:04.317+0000] {logging_mixin.py:190} INFO - [2025-04-15T19:38:04.317+0000] {dagbag.py:588} INFO - Filling up the DagBag from /home/airflow/.local/lib/python3.12/site-packages/airflow/example_dags/example_latest_only.py
[2025-04-15T19:38:04.328+0000] {processor.py:925} INFO - DAG(s) 'latest_only' retrieved from /home/airflow/.local/lib/python3.12/site-packages/airflow/example_dags/example_latest_only.py
[2025-04-15T19:38:04.357+0000] {logging_mixin.py:190} INFO - [2025-04-15T19:38:04.356+0000] {dag.py:3239} INFO - Sync 1 DAGs
[2025-04-15T19:38:04.398+0000] {logging_mixin.py:190} INFO - [2025-04-15T19:38:04.397+0000] {dag.py:4180} INFO - Setting next_dagrun for latest_only to 2025-04-15 12:00:00+00:00, run_after=2025-04-15 16:00:00+00:00
[2025-04-15T19:38:04.429+0000] {processor.py:208} INFO - Processing /home/airflow/.local/lib/python3.12/site-packages/airflow/example_dags/example_latest_only.py took 0.124 seconds
[2025-04-15T19:38:34.732+0000] {processor.py:186} INFO - Started process (PID=16175) to work on /home/airflow/.local/lib/python3.12/site-packages/airflow/example_dags/example_latest_only.py
[2025-04-15T19:38:34.733+0000] {processor.py:914} INFO - Processing file /home/airflow/.local/lib/python3.12/site-packages/airflow/example_dags/example_latest_only.py for tasks to queue
[2025-04-15T19:38:34.735+0000] {logging_mixin.py:190} INFO - [2025-04-15T19:38:34.735+0000] {dagbag.py:588} INFO - Filling up the DagBag from /home/airflow/.local/lib/python3.12/site-packages/airflow/example_dags/example_latest_only.py
[2025-04-15T19:38:34.747+0000] {processor.py:925} INFO - DAG(s) 'latest_only' retrieved from /home/airflow/.local/lib/python3.12/site-packages/airflow/example_dags/example_latest_only.py
[2025-04-15T19:38:34.777+0000] {logging_mixin.py:190} INFO - [2025-04-15T19:38:34.777+0000] {dag.py:3239} INFO - Sync 1 DAGs
[2025-04-15T19:38:34.823+0000] {logging_mixin.py:190} INFO - [2025-04-15T19:38:34.823+0000] {dag.py:4180} INFO - Setting next_dagrun for latest_only to 2025-04-15 12:00:00+00:00, run_after=2025-04-15 16:00:00+00:00
[2025-04-15T19:38:34.863+0000] {processor.py:208} INFO - Processing /home/airflow/.local/lib/python3.12/site-packages/airflow/example_dags/example_latest_only.py took 0.142 seconds
[2025-04-15T19:39:05.560+0000] {processor.py:186} INFO - Started process (PID=16242) to work on /home/airflow/.local/lib/python3.12/site-packages/airflow/example_dags/example_latest_only.py
[2025-04-15T19:39:05.562+0000] {processor.py:914} INFO - Processing file /home/airflow/.local/lib/python3.12/site-packages/airflow/example_dags/example_latest_only.py for tasks to queue
[2025-04-15T19:39:05.565+0000] {logging_mixin.py:190} INFO - [2025-04-15T19:39:05.564+0000] {dagbag.py:588} INFO - Filling up the DagBag from /home/airflow/.local/lib/python3.12/site-packages/airflow/example_dags/example_latest_only.py
[2025-04-15T19:39:05.581+0000] {processor.py:925} INFO - DAG(s) 'latest_only' retrieved from /home/airflow/.local/lib/python3.12/site-packages/airflow/example_dags/example_latest_only.py
[2025-04-15T19:39:05.617+0000] {logging_mixin.py:190} INFO - [2025-04-15T19:39:05.617+0000] {dag.py:3239} INFO - Sync 1 DAGs
[2025-04-15T19:39:05.670+0000] {logging_mixin.py:190} INFO - [2025-04-15T19:39:05.670+0000] {dag.py:4180} INFO - Setting next_dagrun for latest_only to 2025-04-15 12:00:00+00:00, run_after=2025-04-15 16:00:00+00:00
[2025-04-15T19:39:05.715+0000] {processor.py:208} INFO - Processing /home/airflow/.local/lib/python3.12/site-packages/airflow/example_dags/example_latest_only.py took 0.164 seconds
[2025-04-15T19:39:35.856+0000] {processor.py:186} INFO - Started process (PID=16309) to work on /home/airflow/.local/lib/python3.12/site-packages/airflow/example_dags/example_latest_only.py
[2025-04-15T19:39:35.857+0000] {processor.py:914} INFO - Processing file /home/airflow/.local/lib/python3.12/site-packages/airflow/example_dags/example_latest_only.py for tasks to queue
[2025-04-15T19:39:35.859+0000] {logging_mixin.py:190} INFO - [2025-04-15T19:39:35.859+0000] {dagbag.py:588} INFO - Filling up the DagBag from /home/airflow/.local/lib/python3.12/site-packages/airflow/example_dags/example_latest_only.py
[2025-04-15T19:39:35.868+0000] {processor.py:925} INFO - DAG(s) 'latest_only' retrieved from /home/airflow/.local/lib/python3.12/site-packages/airflow/example_dags/example_latest_only.py
[2025-04-15T19:39:35.893+0000] {logging_mixin.py:190} INFO - [2025-04-15T19:39:35.893+0000] {dag.py:3239} INFO - Sync 1 DAGs
[2025-04-15T19:39:35.924+0000] {logging_mixin.py:190} INFO - [2025-04-15T19:39:35.924+0000] {dag.py:4180} INFO - Setting next_dagrun for latest_only to 2025-04-15 12:00:00+00:00, run_after=2025-04-15 16:00:00+00:00
[2025-04-15T19:39:35.955+0000] {processor.py:208} INFO - Processing /home/airflow/.local/lib/python3.12/site-packages/airflow/example_dags/example_latest_only.py took 0.105 seconds
[2025-04-15T19:40:06.580+0000] {processor.py:186} INFO - Started process (PID=16376) to work on /home/airflow/.local/lib/python3.12/site-packages/airflow/example_dags/example_latest_only.py
[2025-04-15T19:40:06.582+0000] {processor.py:914} INFO - Processing file /home/airflow/.local/lib/python3.12/site-packages/airflow/example_dags/example_latest_only.py for tasks to queue
[2025-04-15T19:40:06.584+0000] {logging_mixin.py:190} INFO - [2025-04-15T19:40:06.584+0000] {dagbag.py:588} INFO - Filling up the DagBag from /home/airflow/.local/lib/python3.12/site-packages/airflow/example_dags/example_latest_only.py
[2025-04-15T19:40:06.601+0000] {processor.py:925} INFO - DAG(s) 'latest_only' retrieved from /home/airflow/.local/lib/python3.12/site-packages/airflow/example_dags/example_latest_only.py
[2025-04-15T19:40:06.678+0000] {logging_mixin.py:190} INFO - [2025-04-15T19:40:06.678+0000] {dag.py:3239} INFO - Sync 1 DAGs
[2025-04-15T19:40:06.734+0000] {logging_mixin.py:190} INFO - [2025-04-15T19:40:06.733+0000] {dag.py:4180} INFO - Setting next_dagrun for latest_only to 2025-04-15 12:00:00+00:00, run_after=2025-04-15 16:00:00+00:00
[2025-04-15T19:40:06.778+0000] {processor.py:208} INFO - Processing /home/airflow/.local/lib/python3.12/site-packages/airflow/example_dags/example_latest_only.py took 0.223 seconds
[2025-04-15T19:40:37.626+0000] {processor.py:186} INFO - Started process (PID=16443) to work on /home/airflow/.local/lib/python3.12/site-packages/airflow/example_dags/example_latest_only.py
[2025-04-15T19:40:37.627+0000] {processor.py:914} INFO - Processing file /home/airflow/.local/lib/python3.12/site-packages/airflow/example_dags/example_latest_only.py for tasks to queue
[2025-04-15T19:40:37.628+0000] {logging_mixin.py:190} INFO - [2025-04-15T19:40:37.628+0000] {dagbag.py:588} INFO - Filling up the DagBag from /home/airflow/.local/lib/python3.12/site-packages/airflow/example_dags/example_latest_only.py
[2025-04-15T19:40:37.640+0000] {processor.py:925} INFO - DAG(s) 'latest_only' retrieved from /home/airflow/.local/lib/python3.12/site-packages/airflow/example_dags/example_latest_only.py
[2025-04-15T19:40:37.663+0000] {logging_mixin.py:190} INFO - [2025-04-15T19:40:37.662+0000] {dag.py:3239} INFO - Sync 1 DAGs
[2025-04-15T19:40:37.695+0000] {logging_mixin.py:190} INFO - [2025-04-15T19:40:37.695+0000] {dag.py:4180} INFO - Setting next_dagrun for latest_only to 2025-04-15 12:00:00+00:00, run_after=2025-04-15 16:00:00+00:00
[2025-04-15T19:40:37.727+0000] {processor.py:208} INFO - Processing /home/airflow/.local/lib/python3.12/site-packages/airflow/example_dags/example_latest_only.py took 0.110 seconds
[2025-04-15T19:41:07.875+0000] {processor.py:186} INFO - Started process (PID=16509) to work on /home/airflow/.local/lib/python3.12/site-packages/airflow/example_dags/example_latest_only.py
[2025-04-15T19:41:07.876+0000] {processor.py:914} INFO - Processing file /home/airflow/.local/lib/python3.12/site-packages/airflow/example_dags/example_latest_only.py for tasks to queue
[2025-04-15T19:41:07.878+0000] {logging_mixin.py:190} INFO - [2025-04-15T19:41:07.878+0000] {dagbag.py:588} INFO - Filling up the DagBag from /home/airflow/.local/lib/python3.12/site-packages/airflow/example_dags/example_latest_only.py
[2025-04-15T19:41:07.890+0000] {processor.py:925} INFO - DAG(s) 'latest_only' retrieved from /home/airflow/.local/lib/python3.12/site-packages/airflow/example_dags/example_latest_only.py
[2025-04-15T19:41:07.924+0000] {logging_mixin.py:190} INFO - [2025-04-15T19:41:07.924+0000] {dag.py:3239} INFO - Sync 1 DAGs
[2025-04-15T19:41:07.975+0000] {logging_mixin.py:190} INFO - [2025-04-15T19:41:07.975+0000] {dag.py:4180} INFO - Setting next_dagrun for latest_only to 2025-04-15 12:00:00+00:00, run_after=2025-04-15 16:00:00+00:00
[2025-04-15T19:41:08.021+0000] {processor.py:208} INFO - Processing /home/airflow/.local/lib/python3.12/site-packages/airflow/example_dags/example_latest_only.py took 0.155 seconds
[2025-04-15T19:41:38.426+0000] {processor.py:186} INFO - Started process (PID=16577) to work on /home/airflow/.local/lib/python3.12/site-packages/airflow/example_dags/example_latest_only.py
[2025-04-15T19:41:38.428+0000] {processor.py:914} INFO - Processing file /home/airflow/.local/lib/python3.12/site-packages/airflow/example_dags/example_latest_only.py for tasks to queue
[2025-04-15T19:41:38.430+0000] {logging_mixin.py:190} INFO - [2025-04-15T19:41:38.430+0000] {dagbag.py:588} INFO - Filling up the DagBag from /home/airflow/.local/lib/python3.12/site-packages/airflow/example_dags/example_latest_only.py
[2025-04-15T19:41:38.444+0000] {processor.py:925} INFO - DAG(s) 'latest_only' retrieved from /home/airflow/.local/lib/python3.12/site-packages/airflow/example_dags/example_latest_only.py
[2025-04-15T19:41:38.479+0000] {logging_mixin.py:190} INFO - [2025-04-15T19:41:38.478+0000] {dag.py:3239} INFO - Sync 1 DAGs
[2025-04-15T19:41:38.782+0000] {logging_mixin.py:190} INFO - [2025-04-15T19:41:38.780+0000] {dag.py:4180} INFO - Setting next_dagrun for latest_only to 2025-04-15 12:00:00+00:00, run_after=2025-04-15 16:00:00+00:00
[2025-04-15T19:41:38.823+0000] {processor.py:208} INFO - Processing /home/airflow/.local/lib/python3.12/site-packages/airflow/example_dags/example_latest_only.py took 0.408 seconds
[2025-04-15T19:42:09.369+0000] {processor.py:186} INFO - Started process (PID=16644) to work on /home/airflow/.local/lib/python3.12/site-packages/airflow/example_dags/example_latest_only.py
[2025-04-15T19:42:09.370+0000] {processor.py:914} INFO - Processing file /home/airflow/.local/lib/python3.12/site-packages/airflow/example_dags/example_latest_only.py for tasks to queue
[2025-04-15T19:42:09.373+0000] {logging_mixin.py:190} INFO - [2025-04-15T19:42:09.372+0000] {dagbag.py:588} INFO - Filling up the DagBag from /home/airflow/.local/lib/python3.12/site-packages/airflow/example_dags/example_latest_only.py
[2025-04-15T19:42:09.385+0000] {processor.py:925} INFO - DAG(s) 'latest_only' retrieved from /home/airflow/.local/lib/python3.12/site-packages/airflow/example_dags/example_latest_only.py
[2025-04-15T19:42:09.411+0000] {logging_mixin.py:190} INFO - [2025-04-15T19:42:09.411+0000] {dag.py:3239} INFO - Sync 1 DAGs
[2025-04-15T19:42:09.706+0000] {logging_mixin.py:190} INFO - [2025-04-15T19:42:09.706+0000] {dag.py:4180} INFO - Setting next_dagrun for latest_only to 2025-04-15 12:00:00+00:00, run_after=2025-04-15 16:00:00+00:00
[2025-04-15T19:42:09.742+0000] {processor.py:208} INFO - Processing /home/airflow/.local/lib/python3.12/site-packages/airflow/example_dags/example_latest_only.py took 0.381 seconds
[2025-04-15T19:42:40.475+0000] {processor.py:186} INFO - Started process (PID=16712) to work on /home/airflow/.local/lib/python3.12/site-packages/airflow/example_dags/example_latest_only.py
[2025-04-15T19:42:40.477+0000] {processor.py:914} INFO - Processing file /home/airflow/.local/lib/python3.12/site-packages/airflow/example_dags/example_latest_only.py for tasks to queue
[2025-04-15T19:42:40.522+0000] {logging_mixin.py:190} INFO - [2025-04-15T19:42:40.479+0000] {dagbag.py:588} INFO - Filling up the DagBag from /home/airflow/.local/lib/python3.12/site-packages/airflow/example_dags/example_latest_only.py
[2025-04-15T19:42:40.581+0000] {processor.py:925} INFO - DAG(s) 'latest_only' retrieved from /home/airflow/.local/lib/python3.12/site-packages/airflow/example_dags/example_latest_only.py
[2025-04-15T19:42:40.868+0000] {logging_mixin.py:190} INFO - [2025-04-15T19:42:40.867+0000] {dag.py:3239} INFO - Sync 1 DAGs
[2025-04-15T19:42:41.091+0000] {logging_mixin.py:190} INFO - [2025-04-15T19:42:41.090+0000] {dag.py:4180} INFO - Setting next_dagrun for latest_only to 2025-04-15 12:00:00+00:00, run_after=2025-04-15 16:00:00+00:00
[2025-04-15T19:42:41.469+0000] {processor.py:208} INFO - Processing /home/airflow/.local/lib/python3.12/site-packages/airflow/example_dags/example_latest_only.py took 1.047 seconds
[2025-04-15T19:43:12.339+0000] {processor.py:186} INFO - Started process (PID=16779) to work on /home/airflow/.local/lib/python3.12/site-packages/airflow/example_dags/example_latest_only.py
[2025-04-15T19:43:12.341+0000] {processor.py:914} INFO - Processing file /home/airflow/.local/lib/python3.12/site-packages/airflow/example_dags/example_latest_only.py for tasks to queue
[2025-04-15T19:43:12.343+0000] {logging_mixin.py:190} INFO - [2025-04-15T19:43:12.342+0000] {dagbag.py:588} INFO - Filling up the DagBag from /home/airflow/.local/lib/python3.12/site-packages/airflow/example_dags/example_latest_only.py
[2025-04-15T19:43:12.352+0000] {processor.py:925} INFO - DAG(s) 'latest_only' retrieved from /home/airflow/.local/lib/python3.12/site-packages/airflow/example_dags/example_latest_only.py
[2025-04-15T19:43:12.375+0000] {logging_mixin.py:190} INFO - [2025-04-15T19:43:12.374+0000] {dag.py:3239} INFO - Sync 1 DAGs
[2025-04-15T19:43:12.406+0000] {logging_mixin.py:190} INFO - [2025-04-15T19:43:12.405+0000] {dag.py:4180} INFO - Setting next_dagrun for latest_only to 2025-04-15 12:00:00+00:00, run_after=2025-04-15 16:00:00+00:00
[2025-04-15T19:43:12.435+0000] {processor.py:208} INFO - Processing /home/airflow/.local/lib/python3.12/site-packages/airflow/example_dags/example_latest_only.py took 0.108 seconds
[2025-04-15T19:43:43.187+0000] {processor.py:186} INFO - Started process (PID=16846) to work on /home/airflow/.local/lib/python3.12/site-packages/airflow/example_dags/example_latest_only.py
[2025-04-15T19:43:43.189+0000] {processor.py:914} INFO - Processing file /home/airflow/.local/lib/python3.12/site-packages/airflow/example_dags/example_latest_only.py for tasks to queue
[2025-04-15T19:43:43.191+0000] {logging_mixin.py:190} INFO - [2025-04-15T19:43:43.191+0000] {dagbag.py:588} INFO - Filling up the DagBag from /home/airflow/.local/lib/python3.12/site-packages/airflow/example_dags/example_latest_only.py
[2025-04-15T19:43:43.202+0000] {processor.py:925} INFO - DAG(s) 'latest_only' retrieved from /home/airflow/.local/lib/python3.12/site-packages/airflow/example_dags/example_latest_only.py
[2025-04-15T19:43:43.228+0000] {logging_mixin.py:190} INFO - [2025-04-15T19:43:43.228+0000] {dag.py:3239} INFO - Sync 1 DAGs
[2025-04-15T19:43:43.267+0000] {logging_mixin.py:190} INFO - [2025-04-15T19:43:43.266+0000] {dag.py:4180} INFO - Setting next_dagrun for latest_only to 2025-04-15 12:00:00+00:00, run_after=2025-04-15 16:00:00+00:00
[2025-04-15T19:43:43.300+0000] {processor.py:208} INFO - Processing /home/airflow/.local/lib/python3.12/site-packages/airflow/example_dags/example_latest_only.py took 0.121 seconds
[2025-04-15T19:44:13.907+0000] {processor.py:186} INFO - Started process (PID=16913) to work on /home/airflow/.local/lib/python3.12/site-packages/airflow/example_dags/example_latest_only.py
[2025-04-15T19:44:13.909+0000] {processor.py:914} INFO - Processing file /home/airflow/.local/lib/python3.12/site-packages/airflow/example_dags/example_latest_only.py for tasks to queue
[2025-04-15T19:44:13.910+0000] {logging_mixin.py:190} INFO - [2025-04-15T19:44:13.910+0000] {dagbag.py:588} INFO - Filling up the DagBag from /home/airflow/.local/lib/python3.12/site-packages/airflow/example_dags/example_latest_only.py
[2025-04-15T19:44:13.922+0000] {processor.py:925} INFO - DAG(s) 'latest_only' retrieved from /home/airflow/.local/lib/python3.12/site-packages/airflow/example_dags/example_latest_only.py
[2025-04-15T19:44:13.949+0000] {logging_mixin.py:190} INFO - [2025-04-15T19:44:13.948+0000] {dag.py:3239} INFO - Sync 1 DAGs
[2025-04-15T19:44:13.985+0000] {logging_mixin.py:190} INFO - [2025-04-15T19:44:13.985+0000] {dag.py:4180} INFO - Setting next_dagrun for latest_only to 2025-04-15 12:00:00+00:00, run_after=2025-04-15 16:00:00+00:00
[2025-04-15T19:44:14.015+0000] {processor.py:208} INFO - Processing /home/airflow/.local/lib/python3.12/site-packages/airflow/example_dags/example_latest_only.py took 0.115 seconds
[2025-04-15T19:44:44.477+0000] {processor.py:186} INFO - Started process (PID=16980) to work on /home/airflow/.local/lib/python3.12/site-packages/airflow/example_dags/example_latest_only.py
[2025-04-15T19:44:44.479+0000] {processor.py:914} INFO - Processing file /home/airflow/.local/lib/python3.12/site-packages/airflow/example_dags/example_latest_only.py for tasks to queue
[2025-04-15T19:44:44.481+0000] {logging_mixin.py:190} INFO - [2025-04-15T19:44:44.480+0000] {dagbag.py:588} INFO - Filling up the DagBag from /home/airflow/.local/lib/python3.12/site-packages/airflow/example_dags/example_latest_only.py
[2025-04-15T19:44:44.493+0000] {processor.py:925} INFO - DAG(s) 'latest_only' retrieved from /home/airflow/.local/lib/python3.12/site-packages/airflow/example_dags/example_latest_only.py
[2025-04-15T19:44:44.543+0000] {logging_mixin.py:190} INFO - [2025-04-15T19:44:44.542+0000] {dag.py:3239} INFO - Sync 1 DAGs
[2025-04-15T19:44:44.579+0000] {logging_mixin.py:190} INFO - [2025-04-15T19:44:44.578+0000] {dag.py:4180} INFO - Setting next_dagrun for latest_only to 2025-04-15 12:00:00+00:00, run_after=2025-04-15 16:00:00+00:00
[2025-04-15T19:44:44.611+0000] {processor.py:208} INFO - Processing /home/airflow/.local/lib/python3.12/site-packages/airflow/example_dags/example_latest_only.py took 0.140 seconds
[2025-04-15T19:45:14.743+0000] {processor.py:186} INFO - Started process (PID=17047) to work on /home/airflow/.local/lib/python3.12/site-packages/airflow/example_dags/example_latest_only.py
[2025-04-15T19:45:14.744+0000] {processor.py:914} INFO - Processing file /home/airflow/.local/lib/python3.12/site-packages/airflow/example_dags/example_latest_only.py for tasks to queue
[2025-04-15T19:45:14.746+0000] {logging_mixin.py:190} INFO - [2025-04-15T19:45:14.745+0000] {dagbag.py:588} INFO - Filling up the DagBag from /home/airflow/.local/lib/python3.12/site-packages/airflow/example_dags/example_latest_only.py
[2025-04-15T19:45:14.759+0000] {processor.py:925} INFO - DAG(s) 'latest_only' retrieved from /home/airflow/.local/lib/python3.12/site-packages/airflow/example_dags/example_latest_only.py
[2025-04-15T19:45:14.789+0000] {logging_mixin.py:190} INFO - [2025-04-15T19:45:14.789+0000] {dag.py:3239} INFO - Sync 1 DAGs
[2025-04-15T19:45:14.826+0000] {logging_mixin.py:190} INFO - [2025-04-15T19:45:14.825+0000] {dag.py:4180} INFO - Setting next_dagrun for latest_only to 2025-04-15 12:00:00+00:00, run_after=2025-04-15 16:00:00+00:00
[2025-04-15T19:45:14.857+0000] {processor.py:208} INFO - Processing /home/airflow/.local/lib/python3.12/site-packages/airflow/example_dags/example_latest_only.py took 0.123 seconds
[2025-04-15T19:45:45.440+0000] {processor.py:186} INFO - Started process (PID=17114) to work on /home/airflow/.local/lib/python3.12/site-packages/airflow/example_dags/example_latest_only.py
[2025-04-15T19:45:45.441+0000] {processor.py:914} INFO - Processing file /home/airflow/.local/lib/python3.12/site-packages/airflow/example_dags/example_latest_only.py for tasks to queue
[2025-04-15T19:45:45.443+0000] {logging_mixin.py:190} INFO - [2025-04-15T19:45:45.443+0000] {dagbag.py:588} INFO - Filling up the DagBag from /home/airflow/.local/lib/python3.12/site-packages/airflow/example_dags/example_latest_only.py
[2025-04-15T19:45:45.454+0000] {processor.py:925} INFO - DAG(s) 'latest_only' retrieved from /home/airflow/.local/lib/python3.12/site-packages/airflow/example_dags/example_latest_only.py
[2025-04-15T19:45:45.483+0000] {logging_mixin.py:190} INFO - [2025-04-15T19:45:45.483+0000] {dag.py:3239} INFO - Sync 1 DAGs
[2025-04-15T19:45:45.518+0000] {logging_mixin.py:190} INFO - [2025-04-15T19:45:45.518+0000] {dag.py:4180} INFO - Setting next_dagrun for latest_only to 2025-04-15 12:00:00+00:00, run_after=2025-04-15 16:00:00+00:00
[2025-04-15T19:45:45.553+0000] {processor.py:208} INFO - Processing /home/airflow/.local/lib/python3.12/site-packages/airflow/example_dags/example_latest_only.py took 0.122 seconds
[2025-04-15T19:46:15.986+0000] {processor.py:186} INFO - Started process (PID=17181) to work on /home/airflow/.local/lib/python3.12/site-packages/airflow/example_dags/example_latest_only.py
[2025-04-15T19:46:15.988+0000] {processor.py:914} INFO - Processing file /home/airflow/.local/lib/python3.12/site-packages/airflow/example_dags/example_latest_only.py for tasks to queue
[2025-04-15T19:46:15.990+0000] {logging_mixin.py:190} INFO - [2025-04-15T19:46:15.989+0000] {dagbag.py:588} INFO - Filling up the DagBag from /home/airflow/.local/lib/python3.12/site-packages/airflow/example_dags/example_latest_only.py
[2025-04-15T19:46:16.002+0000] {processor.py:925} INFO - DAG(s) 'latest_only' retrieved from /home/airflow/.local/lib/python3.12/site-packages/airflow/example_dags/example_latest_only.py
[2025-04-15T19:46:16.032+0000] {logging_mixin.py:190} INFO - [2025-04-15T19:46:16.031+0000] {dag.py:3239} INFO - Sync 1 DAGs
[2025-04-15T19:46:16.068+0000] {logging_mixin.py:190} INFO - [2025-04-15T19:46:16.067+0000] {dag.py:4180} INFO - Setting next_dagrun for latest_only to 2025-04-15 12:00:00+00:00, run_after=2025-04-15 16:00:00+00:00
[2025-04-15T19:46:16.097+0000] {processor.py:208} INFO - Processing /home/airflow/.local/lib/python3.12/site-packages/airflow/example_dags/example_latest_only.py took 0.119 seconds
[2025-04-15T19:46:47.093+0000] {processor.py:186} INFO - Started process (PID=17248) to work on /home/airflow/.local/lib/python3.12/site-packages/airflow/example_dags/example_latest_only.py
[2025-04-15T19:46:47.094+0000] {processor.py:914} INFO - Processing file /home/airflow/.local/lib/python3.12/site-packages/airflow/example_dags/example_latest_only.py for tasks to queue
[2025-04-15T19:46:47.097+0000] {logging_mixin.py:190} INFO - [2025-04-15T19:46:47.096+0000] {dagbag.py:588} INFO - Filling up the DagBag from /home/airflow/.local/lib/python3.12/site-packages/airflow/example_dags/example_latest_only.py
[2025-04-15T19:46:47.116+0000] {processor.py:925} INFO - DAG(s) 'latest_only' retrieved from /home/airflow/.local/lib/python3.12/site-packages/airflow/example_dags/example_latest_only.py
[2025-04-15T19:46:47.149+0000] {logging_mixin.py:190} INFO - [2025-04-15T19:46:47.149+0000] {dag.py:3239} INFO - Sync 1 DAGs
[2025-04-15T19:46:47.193+0000] {logging_mixin.py:190} INFO - [2025-04-15T19:46:47.193+0000] {dag.py:4180} INFO - Setting next_dagrun for latest_only to 2025-04-15 12:00:00+00:00, run_after=2025-04-15 16:00:00+00:00
[2025-04-15T19:46:47.236+0000] {processor.py:208} INFO - Processing /home/airflow/.local/lib/python3.12/site-packages/airflow/example_dags/example_latest_only.py took 0.153 seconds
[2025-04-15T19:47:17.573+0000] {processor.py:186} INFO - Started process (PID=17315) to work on /home/airflow/.local/lib/python3.12/site-packages/airflow/example_dags/example_latest_only.py
[2025-04-15T19:47:17.574+0000] {processor.py:914} INFO - Processing file /home/airflow/.local/lib/python3.12/site-packages/airflow/example_dags/example_latest_only.py for tasks to queue
[2025-04-15T19:47:17.576+0000] {logging_mixin.py:190} INFO - [2025-04-15T19:47:17.576+0000] {dagbag.py:588} INFO - Filling up the DagBag from /home/airflow/.local/lib/python3.12/site-packages/airflow/example_dags/example_latest_only.py
[2025-04-15T19:47:17.587+0000] {processor.py:925} INFO - DAG(s) 'latest_only' retrieved from /home/airflow/.local/lib/python3.12/site-packages/airflow/example_dags/example_latest_only.py
[2025-04-15T19:47:17.616+0000] {logging_mixin.py:190} INFO - [2025-04-15T19:47:17.616+0000] {dag.py:3239} INFO - Sync 1 DAGs
[2025-04-15T19:47:17.651+0000] {logging_mixin.py:190} INFO - [2025-04-15T19:47:17.650+0000] {dag.py:4180} INFO - Setting next_dagrun for latest_only to 2025-04-15 12:00:00+00:00, run_after=2025-04-15 16:00:00+00:00
[2025-04-15T19:47:17.682+0000] {processor.py:208} INFO - Processing /home/airflow/.local/lib/python3.12/site-packages/airflow/example_dags/example_latest_only.py took 0.118 seconds
[2025-04-15T19:47:48.310+0000] {processor.py:186} INFO - Started process (PID=17382) to work on /home/airflow/.local/lib/python3.12/site-packages/airflow/example_dags/example_latest_only.py
[2025-04-15T19:47:48.311+0000] {processor.py:914} INFO - Processing file /home/airflow/.local/lib/python3.12/site-packages/airflow/example_dags/example_latest_only.py for tasks to queue
[2025-04-15T19:47:48.313+0000] {logging_mixin.py:190} INFO - [2025-04-15T19:47:48.313+0000] {dagbag.py:588} INFO - Filling up the DagBag from /home/airflow/.local/lib/python3.12/site-packages/airflow/example_dags/example_latest_only.py
[2025-04-15T19:47:48.326+0000] {processor.py:925} INFO - DAG(s) 'latest_only' retrieved from /home/airflow/.local/lib/python3.12/site-packages/airflow/example_dags/example_latest_only.py
[2025-04-15T19:47:48.359+0000] {logging_mixin.py:190} INFO - [2025-04-15T19:47:48.359+0000] {dag.py:3239} INFO - Sync 1 DAGs
[2025-04-15T19:47:48.405+0000] {logging_mixin.py:190} INFO - [2025-04-15T19:47:48.404+0000] {dag.py:4180} INFO - Setting next_dagrun for latest_only to 2025-04-15 12:00:00+00:00, run_after=2025-04-15 16:00:00+00:00
[2025-04-15T19:47:48.447+0000] {processor.py:208} INFO - Processing /home/airflow/.local/lib/python3.12/site-packages/airflow/example_dags/example_latest_only.py took 0.144 seconds
[2025-04-15T19:48:18.542+0000] {processor.py:186} INFO - Started process (PID=17448) to work on /home/airflow/.local/lib/python3.12/site-packages/airflow/example_dags/example_latest_only.py
[2025-04-15T19:48:18.544+0000] {processor.py:914} INFO - Processing file /home/airflow/.local/lib/python3.12/site-packages/airflow/example_dags/example_latest_only.py for tasks to queue
[2025-04-15T19:48:18.545+0000] {logging_mixin.py:190} INFO - [2025-04-15T19:48:18.544+0000] {dagbag.py:588} INFO - Filling up the DagBag from /home/airflow/.local/lib/python3.12/site-packages/airflow/example_dags/example_latest_only.py
[2025-04-15T19:48:18.553+0000] {processor.py:925} INFO - DAG(s) 'latest_only' retrieved from /home/airflow/.local/lib/python3.12/site-packages/airflow/example_dags/example_latest_only.py
[2025-04-15T19:48:18.573+0000] {logging_mixin.py:190} INFO - [2025-04-15T19:48:18.573+0000] {dag.py:3239} INFO - Sync 1 DAGs
[2025-04-15T19:48:18.602+0000] {logging_mixin.py:190} INFO - [2025-04-15T19:48:18.602+0000] {dag.py:4180} INFO - Setting next_dagrun for latest_only to 2025-04-15 12:00:00+00:00, run_after=2025-04-15 16:00:00+00:00
[2025-04-15T19:48:18.630+0000] {processor.py:208} INFO - Processing /home/airflow/.local/lib/python3.12/site-packages/airflow/example_dags/example_latest_only.py took 0.093 seconds
[2025-04-15T19:48:48.934+0000] {processor.py:186} INFO - Started process (PID=17515) to work on /home/airflow/.local/lib/python3.12/site-packages/airflow/example_dags/example_latest_only.py
[2025-04-15T19:48:48.935+0000] {processor.py:914} INFO - Processing file /home/airflow/.local/lib/python3.12/site-packages/airflow/example_dags/example_latest_only.py for tasks to queue
[2025-04-15T19:48:48.937+0000] {logging_mixin.py:190} INFO - [2025-04-15T19:48:48.936+0000] {dagbag.py:588} INFO - Filling up the DagBag from /home/airflow/.local/lib/python3.12/site-packages/airflow/example_dags/example_latest_only.py
[2025-04-15T19:48:48.946+0000] {processor.py:925} INFO - DAG(s) 'latest_only' retrieved from /home/airflow/.local/lib/python3.12/site-packages/airflow/example_dags/example_latest_only.py
[2025-04-15T19:48:48.969+0000] {logging_mixin.py:190} INFO - [2025-04-15T19:48:48.969+0000] {dag.py:3239} INFO - Sync 1 DAGs
[2025-04-15T19:48:48.993+0000] {logging_mixin.py:190} INFO - [2025-04-15T19:48:48.993+0000] {dag.py:4180} INFO - Setting next_dagrun for latest_only to 2025-04-15 12:00:00+00:00, run_after=2025-04-15 16:00:00+00:00
[2025-04-15T19:48:49.019+0000] {processor.py:208} INFO - Processing /home/airflow/.local/lib/python3.12/site-packages/airflow/example_dags/example_latest_only.py took 0.092 seconds
[2025-04-15T19:49:19.820+0000] {processor.py:186} INFO - Started process (PID=17583) to work on /home/airflow/.local/lib/python3.12/site-packages/airflow/example_dags/example_latest_only.py
[2025-04-15T19:49:19.822+0000] {processor.py:914} INFO - Processing file /home/airflow/.local/lib/python3.12/site-packages/airflow/example_dags/example_latest_only.py for tasks to queue
[2025-04-15T19:49:19.824+0000] {logging_mixin.py:190} INFO - [2025-04-15T19:49:19.824+0000] {dagbag.py:588} INFO - Filling up the DagBag from /home/airflow/.local/lib/python3.12/site-packages/airflow/example_dags/example_latest_only.py
[2025-04-15T19:49:19.839+0000] {processor.py:925} INFO - DAG(s) 'latest_only' retrieved from /home/airflow/.local/lib/python3.12/site-packages/airflow/example_dags/example_latest_only.py
[2025-04-15T19:49:19.878+0000] {logging_mixin.py:190} INFO - [2025-04-15T19:49:19.877+0000] {dag.py:3239} INFO - Sync 1 DAGs
[2025-04-15T19:49:19.917+0000] {logging_mixin.py:190} INFO - [2025-04-15T19:49:19.916+0000] {dag.py:4180} INFO - Setting next_dagrun for latest_only to 2025-04-15 12:00:00+00:00, run_after=2025-04-15 16:00:00+00:00
[2025-04-15T19:49:19.953+0000] {processor.py:208} INFO - Processing /home/airflow/.local/lib/python3.12/site-packages/airflow/example_dags/example_latest_only.py took 0.142 seconds
[2025-04-15T19:49:50.422+0000] {processor.py:186} INFO - Started process (PID=17649) to work on /home/airflow/.local/lib/python3.12/site-packages/airflow/example_dags/example_latest_only.py
[2025-04-15T19:49:50.423+0000] {processor.py:914} INFO - Processing file /home/airflow/.local/lib/python3.12/site-packages/airflow/example_dags/example_latest_only.py for tasks to queue
[2025-04-15T19:49:50.425+0000] {logging_mixin.py:190} INFO - [2025-04-15T19:49:50.425+0000] {dagbag.py:588} INFO - Filling up the DagBag from /home/airflow/.local/lib/python3.12/site-packages/airflow/example_dags/example_latest_only.py
[2025-04-15T19:49:50.436+0000] {processor.py:925} INFO - DAG(s) 'latest_only' retrieved from /home/airflow/.local/lib/python3.12/site-packages/airflow/example_dags/example_latest_only.py
[2025-04-15T19:49:50.466+0000] {logging_mixin.py:190} INFO - [2025-04-15T19:49:50.465+0000] {dag.py:3239} INFO - Sync 1 DAGs
[2025-04-15T19:49:50.500+0000] {logging_mixin.py:190} INFO - [2025-04-15T19:49:50.500+0000] {dag.py:4180} INFO - Setting next_dagrun for latest_only to 2025-04-15 12:00:00+00:00, run_after=2025-04-15 16:00:00+00:00
[2025-04-15T19:49:50.534+0000] {processor.py:208} INFO - Processing /home/airflow/.local/lib/python3.12/site-packages/airflow/example_dags/example_latest_only.py took 0.120 seconds
[2025-04-15T19:50:21.322+0000] {processor.py:186} INFO - Started process (PID=17716) to work on /home/airflow/.local/lib/python3.12/site-packages/airflow/example_dags/example_latest_only.py
[2025-04-15T19:50:21.323+0000] {processor.py:914} INFO - Processing file /home/airflow/.local/lib/python3.12/site-packages/airflow/example_dags/example_latest_only.py for tasks to queue
[2025-04-15T19:50:21.326+0000] {logging_mixin.py:190} INFO - [2025-04-15T19:50:21.325+0000] {dagbag.py:588} INFO - Filling up the DagBag from /home/airflow/.local/lib/python3.12/site-packages/airflow/example_dags/example_latest_only.py
[2025-04-15T19:50:21.340+0000] {processor.py:925} INFO - DAG(s) 'latest_only' retrieved from /home/airflow/.local/lib/python3.12/site-packages/airflow/example_dags/example_latest_only.py
[2025-04-15T19:50:21.376+0000] {logging_mixin.py:190} INFO - [2025-04-15T19:50:21.375+0000] {dag.py:3239} INFO - Sync 1 DAGs
[2025-04-15T19:50:21.429+0000] {logging_mixin.py:190} INFO - [2025-04-15T19:50:21.429+0000] {dag.py:4180} INFO - Setting next_dagrun for latest_only to 2025-04-15 12:00:00+00:00, run_after=2025-04-15 16:00:00+00:00
[2025-04-15T19:50:21.476+0000] {processor.py:208} INFO - Processing /home/airflow/.local/lib/python3.12/site-packages/airflow/example_dags/example_latest_only.py took 0.163 seconds
[2025-04-15T19:50:52.015+0000] {processor.py:186} INFO - Started process (PID=17783) to work on /home/airflow/.local/lib/python3.12/site-packages/airflow/example_dags/example_latest_only.py
[2025-04-15T19:50:52.016+0000] {processor.py:914} INFO - Processing file /home/airflow/.local/lib/python3.12/site-packages/airflow/example_dags/example_latest_only.py for tasks to queue
[2025-04-15T19:50:52.018+0000] {logging_mixin.py:190} INFO - [2025-04-15T19:50:52.018+0000] {dagbag.py:588} INFO - Filling up the DagBag from /home/airflow/.local/lib/python3.12/site-packages/airflow/example_dags/example_latest_only.py
[2025-04-15T19:50:52.030+0000] {processor.py:925} INFO - DAG(s) 'latest_only' retrieved from /home/airflow/.local/lib/python3.12/site-packages/airflow/example_dags/example_latest_only.py
[2025-04-15T19:50:52.057+0000] {logging_mixin.py:190} INFO - [2025-04-15T19:50:52.057+0000] {dag.py:3239} INFO - Sync 1 DAGs
[2025-04-15T19:50:52.094+0000] {logging_mixin.py:190} INFO - [2025-04-15T19:50:52.093+0000] {dag.py:4180} INFO - Setting next_dagrun for latest_only to 2025-04-15 12:00:00+00:00, run_after=2025-04-15 16:00:00+00:00
[2025-04-15T19:50:52.124+0000] {processor.py:208} INFO - Processing /home/airflow/.local/lib/python3.12/site-packages/airflow/example_dags/example_latest_only.py took 0.117 seconds
[2025-04-15T19:51:22.547+0000] {processor.py:186} INFO - Started process (PID=17850) to work on /home/airflow/.local/lib/python3.12/site-packages/airflow/example_dags/example_latest_only.py
[2025-04-15T19:51:22.548+0000] {processor.py:914} INFO - Processing file /home/airflow/.local/lib/python3.12/site-packages/airflow/example_dags/example_latest_only.py for tasks to queue
[2025-04-15T19:51:22.552+0000] {logging_mixin.py:190} INFO - [2025-04-15T19:51:22.552+0000] {dagbag.py:588} INFO - Filling up the DagBag from /home/airflow/.local/lib/python3.12/site-packages/airflow/example_dags/example_latest_only.py
[2025-04-15T19:51:22.565+0000] {processor.py:925} INFO - DAG(s) 'latest_only' retrieved from /home/airflow/.local/lib/python3.12/site-packages/airflow/example_dags/example_latest_only.py
[2025-04-15T19:51:22.596+0000] {logging_mixin.py:190} INFO - [2025-04-15T19:51:22.596+0000] {dag.py:3239} INFO - Sync 1 DAGs
[2025-04-15T19:51:22.635+0000] {logging_mixin.py:190} INFO - [2025-04-15T19:51:22.634+0000] {dag.py:4180} INFO - Setting next_dagrun for latest_only to 2025-04-15 12:00:00+00:00, run_after=2025-04-15 16:00:00+00:00
[2025-04-15T19:51:22.666+0000] {processor.py:208} INFO - Processing /home/airflow/.local/lib/python3.12/site-packages/airflow/example_dags/example_latest_only.py took 0.127 seconds
[2025-04-15T19:51:52.801+0000] {processor.py:186} INFO - Started process (PID=17917) to work on /home/airflow/.local/lib/python3.12/site-packages/airflow/example_dags/example_latest_only.py
[2025-04-15T19:51:52.802+0000] {processor.py:914} INFO - Processing file /home/airflow/.local/lib/python3.12/site-packages/airflow/example_dags/example_latest_only.py for tasks to queue
[2025-04-15T19:51:52.804+0000] {logging_mixin.py:190} INFO - [2025-04-15T19:51:52.803+0000] {dagbag.py:588} INFO - Filling up the DagBag from /home/airflow/.local/lib/python3.12/site-packages/airflow/example_dags/example_latest_only.py
[2025-04-15T19:51:52.817+0000] {processor.py:925} INFO - DAG(s) 'latest_only' retrieved from /home/airflow/.local/lib/python3.12/site-packages/airflow/example_dags/example_latest_only.py
[2025-04-15T19:51:52.850+0000] {logging_mixin.py:190} INFO - [2025-04-15T19:51:52.849+0000] {dag.py:3239} INFO - Sync 1 DAGs
[2025-04-15T19:51:52.899+0000] {logging_mixin.py:190} INFO - [2025-04-15T19:51:52.898+0000] {dag.py:4180} INFO - Setting next_dagrun for latest_only to 2025-04-15 12:00:00+00:00, run_after=2025-04-15 16:00:00+00:00
[2025-04-15T19:51:52.933+0000] {processor.py:208} INFO - Processing /home/airflow/.local/lib/python3.12/site-packages/airflow/example_dags/example_latest_only.py took 0.141 seconds
[2025-04-15T19:52:23.266+0000] {processor.py:186} INFO - Started process (PID=17984) to work on /home/airflow/.local/lib/python3.12/site-packages/airflow/example_dags/example_latest_only.py
[2025-04-15T19:52:23.267+0000] {processor.py:914} INFO - Processing file /home/airflow/.local/lib/python3.12/site-packages/airflow/example_dags/example_latest_only.py for tasks to queue
[2025-04-15T19:52:23.270+0000] {logging_mixin.py:190} INFO - [2025-04-15T19:52:23.269+0000] {dagbag.py:588} INFO - Filling up the DagBag from /home/airflow/.local/lib/python3.12/site-packages/airflow/example_dags/example_latest_only.py
[2025-04-15T19:52:23.282+0000] {processor.py:925} INFO - DAG(s) 'latest_only' retrieved from /home/airflow/.local/lib/python3.12/site-packages/airflow/example_dags/example_latest_only.py
[2025-04-15T19:52:23.314+0000] {logging_mixin.py:190} INFO - [2025-04-15T19:52:23.313+0000] {dag.py:3239} INFO - Sync 1 DAGs
[2025-04-15T19:52:23.351+0000] {logging_mixin.py:190} INFO - [2025-04-15T19:52:23.351+0000] {dag.py:4180} INFO - Setting next_dagrun for latest_only to 2025-04-15 12:00:00+00:00, run_after=2025-04-15 16:00:00+00:00
[2025-04-15T19:52:23.382+0000] {processor.py:208} INFO - Processing /home/airflow/.local/lib/python3.12/site-packages/airflow/example_dags/example_latest_only.py took 0.124 seconds
[2025-04-15T19:52:53.810+0000] {processor.py:186} INFO - Started process (PID=18049) to work on /home/airflow/.local/lib/python3.12/site-packages/airflow/example_dags/example_latest_only.py
[2025-04-15T19:52:53.812+0000] {processor.py:914} INFO - Processing file /home/airflow/.local/lib/python3.12/site-packages/airflow/example_dags/example_latest_only.py for tasks to queue
[2025-04-15T19:52:53.813+0000] {logging_mixin.py:190} INFO - [2025-04-15T19:52:53.813+0000] {dagbag.py:588} INFO - Filling up the DagBag from /home/airflow/.local/lib/python3.12/site-packages/airflow/example_dags/example_latest_only.py
[2025-04-15T19:52:53.824+0000] {processor.py:925} INFO - DAG(s) 'latest_only' retrieved from /home/airflow/.local/lib/python3.12/site-packages/airflow/example_dags/example_latest_only.py
[2025-04-15T19:52:53.854+0000] {logging_mixin.py:190} INFO - [2025-04-15T19:52:53.854+0000] {dag.py:3239} INFO - Sync 1 DAGs
[2025-04-15T19:52:53.888+0000] {logging_mixin.py:190} INFO - [2025-04-15T19:52:53.888+0000] {dag.py:4180} INFO - Setting next_dagrun for latest_only to 2025-04-15 12:00:00+00:00, run_after=2025-04-15 16:00:00+00:00
[2025-04-15T19:52:53.916+0000] {processor.py:208} INFO - Processing /home/airflow/.local/lib/python3.12/site-packages/airflow/example_dags/example_latest_only.py took 0.113 seconds
[2025-04-15T19:53:24.144+0000] {processor.py:186} INFO - Started process (PID=18115) to work on /home/airflow/.local/lib/python3.12/site-packages/airflow/example_dags/example_latest_only.py
[2025-04-15T19:53:24.145+0000] {processor.py:914} INFO - Processing file /home/airflow/.local/lib/python3.12/site-packages/airflow/example_dags/example_latest_only.py for tasks to queue
[2025-04-15T19:53:24.146+0000] {logging_mixin.py:190} INFO - [2025-04-15T19:53:24.146+0000] {dagbag.py:588} INFO - Filling up the DagBag from /home/airflow/.local/lib/python3.12/site-packages/airflow/example_dags/example_latest_only.py
[2025-04-15T19:53:24.155+0000] {processor.py:925} INFO - DAG(s) 'latest_only' retrieved from /home/airflow/.local/lib/python3.12/site-packages/airflow/example_dags/example_latest_only.py
[2025-04-15T19:53:24.178+0000] {logging_mixin.py:190} INFO - [2025-04-15T19:53:24.178+0000] {dag.py:3239} INFO - Sync 1 DAGs
[2025-04-15T19:53:24.206+0000] {logging_mixin.py:190} INFO - [2025-04-15T19:53:24.205+0000] {dag.py:4180} INFO - Setting next_dagrun for latest_only to 2025-04-15 12:00:00+00:00, run_after=2025-04-15 16:00:00+00:00
[2025-04-15T19:53:24.228+0000] {processor.py:208} INFO - Processing /home/airflow/.local/lib/python3.12/site-packages/airflow/example_dags/example_latest_only.py took 0.090 seconds
[2025-04-15T19:53:54.362+0000] {processor.py:186} INFO - Started process (PID=18181) to work on /home/airflow/.local/lib/python3.12/site-packages/airflow/example_dags/example_latest_only.py
[2025-04-15T19:53:54.363+0000] {processor.py:914} INFO - Processing file /home/airflow/.local/lib/python3.12/site-packages/airflow/example_dags/example_latest_only.py for tasks to queue
[2025-04-15T19:53:54.364+0000] {logging_mixin.py:190} INFO - [2025-04-15T19:53:54.364+0000] {dagbag.py:588} INFO - Filling up the DagBag from /home/airflow/.local/lib/python3.12/site-packages/airflow/example_dags/example_latest_only.py
[2025-04-15T19:53:54.375+0000] {processor.py:925} INFO - DAG(s) 'latest_only' retrieved from /home/airflow/.local/lib/python3.12/site-packages/airflow/example_dags/example_latest_only.py
[2025-04-15T19:53:54.399+0000] {logging_mixin.py:190} INFO - [2025-04-15T19:53:54.398+0000] {dag.py:3239} INFO - Sync 1 DAGs
[2025-04-15T19:53:54.429+0000] {logging_mixin.py:190} INFO - [2025-04-15T19:53:54.428+0000] {dag.py:4180} INFO - Setting next_dagrun for latest_only to 2025-04-15 12:00:00+00:00, run_after=2025-04-15 16:00:00+00:00
[2025-04-15T19:53:54.455+0000] {processor.py:208} INFO - Processing /home/airflow/.local/lib/python3.12/site-packages/airflow/example_dags/example_latest_only.py took 0.101 seconds
[2025-04-15T19:54:25.157+0000] {processor.py:186} INFO - Started process (PID=18247) to work on /home/airflow/.local/lib/python3.12/site-packages/airflow/example_dags/example_latest_only.py
[2025-04-15T19:54:25.158+0000] {processor.py:914} INFO - Processing file /home/airflow/.local/lib/python3.12/site-packages/airflow/example_dags/example_latest_only.py for tasks to queue
[2025-04-15T19:54:25.160+0000] {logging_mixin.py:190} INFO - [2025-04-15T19:54:25.160+0000] {dagbag.py:588} INFO - Filling up the DagBag from /home/airflow/.local/lib/python3.12/site-packages/airflow/example_dags/example_latest_only.py
[2025-04-15T19:54:25.175+0000] {processor.py:925} INFO - DAG(s) 'latest_only' retrieved from /home/airflow/.local/lib/python3.12/site-packages/airflow/example_dags/example_latest_only.py
[2025-04-15T19:54:25.208+0000] {logging_mixin.py:190} INFO - [2025-04-15T19:54:25.208+0000] {dag.py:3239} INFO - Sync 1 DAGs
[2025-04-15T19:54:25.246+0000] {logging_mixin.py:190} INFO - [2025-04-15T19:54:25.246+0000] {dag.py:4180} INFO - Setting next_dagrun for latest_only to 2025-04-15 12:00:00+00:00, run_after=2025-04-15 16:00:00+00:00
[2025-04-15T19:54:25.279+0000] {processor.py:208} INFO - Processing /home/airflow/.local/lib/python3.12/site-packages/airflow/example_dags/example_latest_only.py took 0.132 seconds
[2025-04-15T19:54:55.519+0000] {processor.py:186} INFO - Started process (PID=18320) to work on /home/airflow/.local/lib/python3.12/site-packages/airflow/example_dags/example_latest_only.py
[2025-04-15T19:54:55.520+0000] {processor.py:914} INFO - Processing file /home/airflow/.local/lib/python3.12/site-packages/airflow/example_dags/example_latest_only.py for tasks to queue
[2025-04-15T19:54:55.523+0000] {logging_mixin.py:190} INFO - [2025-04-15T19:54:55.522+0000] {dagbag.py:588} INFO - Filling up the DagBag from /home/airflow/.local/lib/python3.12/site-packages/airflow/example_dags/example_latest_only.py
[2025-04-15T19:54:55.535+0000] {processor.py:925} INFO - DAG(s) 'latest_only' retrieved from /home/airflow/.local/lib/python3.12/site-packages/airflow/example_dags/example_latest_only.py
[2025-04-15T19:54:55.566+0000] {logging_mixin.py:190} INFO - [2025-04-15T19:54:55.566+0000] {dag.py:3239} INFO - Sync 1 DAGs
[2025-04-15T19:54:55.604+0000] {logging_mixin.py:190} INFO - [2025-04-15T19:54:55.604+0000] {dag.py:4180} INFO - Setting next_dagrun for latest_only to 2025-04-15 12:00:00+00:00, run_after=2025-04-15 16:00:00+00:00
[2025-04-15T19:54:55.641+0000] {processor.py:208} INFO - Processing /home/airflow/.local/lib/python3.12/site-packages/airflow/example_dags/example_latest_only.py took 0.132 seconds
[2025-04-15T19:55:26.255+0000] {processor.py:186} INFO - Started process (PID=18387) to work on /home/airflow/.local/lib/python3.12/site-packages/airflow/example_dags/example_latest_only.py
[2025-04-15T19:55:26.257+0000] {processor.py:914} INFO - Processing file /home/airflow/.local/lib/python3.12/site-packages/airflow/example_dags/example_latest_only.py for tasks to queue
[2025-04-15T19:55:26.259+0000] {logging_mixin.py:190} INFO - [2025-04-15T19:55:26.259+0000] {dagbag.py:588} INFO - Filling up the DagBag from /home/airflow/.local/lib/python3.12/site-packages/airflow/example_dags/example_latest_only.py
[2025-04-15T19:55:26.277+0000] {processor.py:925} INFO - DAG(s) 'latest_only' retrieved from /home/airflow/.local/lib/python3.12/site-packages/airflow/example_dags/example_latest_only.py
[2025-04-15T19:55:26.317+0000] {logging_mixin.py:190} INFO - [2025-04-15T19:55:26.317+0000] {dag.py:3239} INFO - Sync 1 DAGs
[2025-04-15T19:55:26.362+0000] {logging_mixin.py:190} INFO - [2025-04-15T19:55:26.361+0000] {dag.py:4180} INFO - Setting next_dagrun for latest_only to 2025-04-15 12:00:00+00:00, run_after=2025-04-15 16:00:00+00:00
[2025-04-15T19:55:26.396+0000] {processor.py:208} INFO - Processing /home/airflow/.local/lib/python3.12/site-packages/airflow/example_dags/example_latest_only.py took 0.152 seconds
[2025-04-15T19:55:56.663+0000] {processor.py:186} INFO - Started process (PID=18454) to work on /home/airflow/.local/lib/python3.12/site-packages/airflow/example_dags/example_latest_only.py
[2025-04-15T19:55:56.664+0000] {processor.py:914} INFO - Processing file /home/airflow/.local/lib/python3.12/site-packages/airflow/example_dags/example_latest_only.py for tasks to queue
[2025-04-15T19:55:56.667+0000] {logging_mixin.py:190} INFO - [2025-04-15T19:55:56.666+0000] {dagbag.py:588} INFO - Filling up the DagBag from /home/airflow/.local/lib/python3.12/site-packages/airflow/example_dags/example_latest_only.py
[2025-04-15T19:55:56.677+0000] {processor.py:925} INFO - DAG(s) 'latest_only' retrieved from /home/airflow/.local/lib/python3.12/site-packages/airflow/example_dags/example_latest_only.py
[2025-04-15T19:55:56.707+0000] {logging_mixin.py:190} INFO - [2025-04-15T19:55:56.707+0000] {dag.py:3239} INFO - Sync 1 DAGs
[2025-04-15T19:55:56.743+0000] {logging_mixin.py:190} INFO - [2025-04-15T19:55:56.742+0000] {dag.py:4180} INFO - Setting next_dagrun for latest_only to 2025-04-15 12:00:00+00:00, run_after=2025-04-15 16:00:00+00:00
[2025-04-15T19:55:56.771+0000] {processor.py:208} INFO - Processing /home/airflow/.local/lib/python3.12/site-packages/airflow/example_dags/example_latest_only.py took 0.115 seconds
[2025-04-15T19:56:27.010+0000] {processor.py:186} INFO - Started process (PID=18521) to work on /home/airflow/.local/lib/python3.12/site-packages/airflow/example_dags/example_latest_only.py
[2025-04-15T19:56:27.012+0000] {processor.py:914} INFO - Processing file /home/airflow/.local/lib/python3.12/site-packages/airflow/example_dags/example_latest_only.py for tasks to queue
[2025-04-15T19:56:27.014+0000] {logging_mixin.py:190} INFO - [2025-04-15T19:56:27.014+0000] {dagbag.py:588} INFO - Filling up the DagBag from /home/airflow/.local/lib/python3.12/site-packages/airflow/example_dags/example_latest_only.py
[2025-04-15T19:56:27.025+0000] {processor.py:925} INFO - DAG(s) 'latest_only' retrieved from /home/airflow/.local/lib/python3.12/site-packages/airflow/example_dags/example_latest_only.py
[2025-04-15T19:56:27.052+0000] {logging_mixin.py:190} INFO - [2025-04-15T19:56:27.052+0000] {dag.py:3239} INFO - Sync 1 DAGs
[2025-04-15T19:56:27.088+0000] {logging_mixin.py:190} INFO - [2025-04-15T19:56:27.088+0000] {dag.py:4180} INFO - Setting next_dagrun for latest_only to 2025-04-15 12:00:00+00:00, run_after=2025-04-15 16:00:00+00:00
[2025-04-15T19:56:27.127+0000] {processor.py:208} INFO - Processing /home/airflow/.local/lib/python3.12/site-packages/airflow/example_dags/example_latest_only.py took 0.124 seconds
[2025-04-15T19:56:57.665+0000] {processor.py:186} INFO - Started process (PID=18588) to work on /home/airflow/.local/lib/python3.12/site-packages/airflow/example_dags/example_latest_only.py
[2025-04-15T19:56:57.667+0000] {processor.py:914} INFO - Processing file /home/airflow/.local/lib/python3.12/site-packages/airflow/example_dags/example_latest_only.py for tasks to queue
[2025-04-15T19:56:57.669+0000] {logging_mixin.py:190} INFO - [2025-04-15T19:56:57.668+0000] {dagbag.py:588} INFO - Filling up the DagBag from /home/airflow/.local/lib/python3.12/site-packages/airflow/example_dags/example_latest_only.py
[2025-04-15T19:56:57.680+0000] {processor.py:925} INFO - DAG(s) 'latest_only' retrieved from /home/airflow/.local/lib/python3.12/site-packages/airflow/example_dags/example_latest_only.py
[2025-04-15T19:56:57.710+0000] {logging_mixin.py:190} INFO - [2025-04-15T19:56:57.710+0000] {dag.py:3239} INFO - Sync 1 DAGs
[2025-04-15T19:56:57.744+0000] {logging_mixin.py:190} INFO - [2025-04-15T19:56:57.744+0000] {dag.py:4180} INFO - Setting next_dagrun for latest_only to 2025-04-15 12:00:00+00:00, run_after=2025-04-15 16:00:00+00:00
[2025-04-15T19:56:57.777+0000] {processor.py:208} INFO - Processing /home/airflow/.local/lib/python3.12/site-packages/airflow/example_dags/example_latest_only.py took 0.120 seconds
[2025-04-15T19:57:28.010+0000] {processor.py:186} INFO - Started process (PID=18655) to work on /home/airflow/.local/lib/python3.12/site-packages/airflow/example_dags/example_latest_only.py
[2025-04-15T19:57:28.012+0000] {processor.py:914} INFO - Processing file /home/airflow/.local/lib/python3.12/site-packages/airflow/example_dags/example_latest_only.py for tasks to queue
[2025-04-15T19:57:28.014+0000] {logging_mixin.py:190} INFO - [2025-04-15T19:57:28.013+0000] {dagbag.py:588} INFO - Filling up the DagBag from /home/airflow/.local/lib/python3.12/site-packages/airflow/example_dags/example_latest_only.py
[2025-04-15T19:57:28.028+0000] {processor.py:925} INFO - DAG(s) 'latest_only' retrieved from /home/airflow/.local/lib/python3.12/site-packages/airflow/example_dags/example_latest_only.py
[2025-04-15T19:57:28.058+0000] {logging_mixin.py:190} INFO - [2025-04-15T19:57:28.058+0000] {dag.py:3239} INFO - Sync 1 DAGs
[2025-04-15T19:57:28.097+0000] {logging_mixin.py:190} INFO - [2025-04-15T19:57:28.097+0000] {dag.py:4180} INFO - Setting next_dagrun for latest_only to 2025-04-15 12:00:00+00:00, run_after=2025-04-15 16:00:00+00:00
[2025-04-15T19:57:28.131+0000] {processor.py:208} INFO - Processing /home/airflow/.local/lib/python3.12/site-packages/airflow/example_dags/example_latest_only.py took 0.130 seconds
[2025-04-15T19:57:58.595+0000] {processor.py:186} INFO - Started process (PID=18722) to work on /home/airflow/.local/lib/python3.12/site-packages/airflow/example_dags/example_latest_only.py
[2025-04-15T19:57:58.596+0000] {processor.py:914} INFO - Processing file /home/airflow/.local/lib/python3.12/site-packages/airflow/example_dags/example_latest_only.py for tasks to queue
[2025-04-15T19:57:58.598+0000] {logging_mixin.py:190} INFO - [2025-04-15T19:57:58.598+0000] {dagbag.py:588} INFO - Filling up the DagBag from /home/airflow/.local/lib/python3.12/site-packages/airflow/example_dags/example_latest_only.py
[2025-04-15T19:57:58.615+0000] {processor.py:925} INFO - DAG(s) 'latest_only' retrieved from /home/airflow/.local/lib/python3.12/site-packages/airflow/example_dags/example_latest_only.py
[2025-04-15T19:57:58.650+0000] {logging_mixin.py:190} INFO - [2025-04-15T19:57:58.650+0000] {dag.py:3239} INFO - Sync 1 DAGs
[2025-04-15T19:57:58.692+0000] {logging_mixin.py:190} INFO - [2025-04-15T19:57:58.692+0000] {dag.py:4180} INFO - Setting next_dagrun for latest_only to 2025-04-15 12:00:00+00:00, run_after=2025-04-15 16:00:00+00:00
[2025-04-15T19:57:58.720+0000] {processor.py:208} INFO - Processing /home/airflow/.local/lib/python3.12/site-packages/airflow/example_dags/example_latest_only.py took 0.134 seconds
[2025-04-15T19:58:29.427+0000] {processor.py:186} INFO - Started process (PID=18789) to work on /home/airflow/.local/lib/python3.12/site-packages/airflow/example_dags/example_latest_only.py
[2025-04-15T19:58:29.429+0000] {processor.py:914} INFO - Processing file /home/airflow/.local/lib/python3.12/site-packages/airflow/example_dags/example_latest_only.py for tasks to queue
[2025-04-15T19:58:29.431+0000] {logging_mixin.py:190} INFO - [2025-04-15T19:58:29.430+0000] {dagbag.py:588} INFO - Filling up the DagBag from /home/airflow/.local/lib/python3.12/site-packages/airflow/example_dags/example_latest_only.py
[2025-04-15T19:58:29.447+0000] {processor.py:925} INFO - DAG(s) 'latest_only' retrieved from /home/airflow/.local/lib/python3.12/site-packages/airflow/example_dags/example_latest_only.py
[2025-04-15T19:58:29.478+0000] {logging_mixin.py:190} INFO - [2025-04-15T19:58:29.478+0000] {dag.py:3239} INFO - Sync 1 DAGs
[2025-04-15T19:58:29.515+0000] {logging_mixin.py:190} INFO - [2025-04-15T19:58:29.514+0000] {dag.py:4180} INFO - Setting next_dagrun for latest_only to 2025-04-15 12:00:00+00:00, run_after=2025-04-15 16:00:00+00:00
[2025-04-15T19:58:29.546+0000] {processor.py:208} INFO - Processing /home/airflow/.local/lib/python3.12/site-packages/airflow/example_dags/example_latest_only.py took 0.130 seconds
[2025-04-15T19:58:59.723+0000] {processor.py:186} INFO - Started process (PID=18856) to work on /home/airflow/.local/lib/python3.12/site-packages/airflow/example_dags/example_latest_only.py
[2025-04-15T19:58:59.724+0000] {processor.py:914} INFO - Processing file /home/airflow/.local/lib/python3.12/site-packages/airflow/example_dags/example_latest_only.py for tasks to queue
[2025-04-15T19:58:59.726+0000] {logging_mixin.py:190} INFO - [2025-04-15T19:58:59.726+0000] {dagbag.py:588} INFO - Filling up the DagBag from /home/airflow/.local/lib/python3.12/site-packages/airflow/example_dags/example_latest_only.py
[2025-04-15T19:58:59.740+0000] {processor.py:925} INFO - DAG(s) 'latest_only' retrieved from /home/airflow/.local/lib/python3.12/site-packages/airflow/example_dags/example_latest_only.py
[2025-04-15T19:58:59.777+0000] {logging_mixin.py:190} INFO - [2025-04-15T19:58:59.777+0000] {dag.py:3239} INFO - Sync 1 DAGs
[2025-04-15T19:58:59.825+0000] {logging_mixin.py:190} INFO - [2025-04-15T19:58:59.824+0000] {dag.py:4180} INFO - Setting next_dagrun for latest_only to 2025-04-15 12:00:00+00:00, run_after=2025-04-15 16:00:00+00:00
[2025-04-15T19:58:59.859+0000] {processor.py:208} INFO - Processing /home/airflow/.local/lib/python3.12/site-packages/airflow/example_dags/example_latest_only.py took 0.147 seconds
[2025-04-15T19:59:30.091+0000] {processor.py:186} INFO - Started process (PID=18923) to work on /home/airflow/.local/lib/python3.12/site-packages/airflow/example_dags/example_latest_only.py
[2025-04-15T19:59:30.093+0000] {processor.py:914} INFO - Processing file /home/airflow/.local/lib/python3.12/site-packages/airflow/example_dags/example_latest_only.py for tasks to queue
[2025-04-15T19:59:30.095+0000] {logging_mixin.py:190} INFO - [2025-04-15T19:59:30.094+0000] {dagbag.py:588} INFO - Filling up the DagBag from /home/airflow/.local/lib/python3.12/site-packages/airflow/example_dags/example_latest_only.py
[2025-04-15T19:59:30.109+0000] {processor.py:925} INFO - DAG(s) 'latest_only' retrieved from /home/airflow/.local/lib/python3.12/site-packages/airflow/example_dags/example_latest_only.py
[2025-04-15T19:59:30.139+0000] {logging_mixin.py:190} INFO - [2025-04-15T19:59:30.139+0000] {dag.py:3239} INFO - Sync 1 DAGs
[2025-04-15T19:59:30.179+0000] {logging_mixin.py:190} INFO - [2025-04-15T19:59:30.178+0000] {dag.py:4180} INFO - Setting next_dagrun for latest_only to 2025-04-15 12:00:00+00:00, run_after=2025-04-15 16:00:00+00:00
[2025-04-15T19:59:30.211+0000] {processor.py:208} INFO - Processing /home/airflow/.local/lib/python3.12/site-packages/airflow/example_dags/example_latest_only.py took 0.128 seconds
[2025-04-15T20:00:00.783+0000] {processor.py:186} INFO - Started process (PID=18990) to work on /home/airflow/.local/lib/python3.12/site-packages/airflow/example_dags/example_latest_only.py
[2025-04-15T20:00:00.784+0000] {processor.py:914} INFO - Processing file /home/airflow/.local/lib/python3.12/site-packages/airflow/example_dags/example_latest_only.py for tasks to queue
[2025-04-15T20:00:00.786+0000] {logging_mixin.py:190} INFO - [2025-04-15T20:00:00.785+0000] {dagbag.py:588} INFO - Filling up the DagBag from /home/airflow/.local/lib/python3.12/site-packages/airflow/example_dags/example_latest_only.py
[2025-04-15T20:00:00.799+0000] {processor.py:925} INFO - DAG(s) 'latest_only' retrieved from /home/airflow/.local/lib/python3.12/site-packages/airflow/example_dags/example_latest_only.py
[2025-04-15T20:00:00.830+0000] {logging_mixin.py:190} INFO - [2025-04-15T20:00:00.829+0000] {dag.py:3239} INFO - Sync 1 DAGs
[2025-04-15T20:00:00.865+0000] {logging_mixin.py:190} INFO - [2025-04-15T20:00:00.865+0000] {dag.py:4180} INFO - Setting next_dagrun for latest_only to 2025-04-15 16:00:00+00:00, run_after=2025-04-15 20:00:00+00:00
[2025-04-15T20:00:00.900+0000] {processor.py:208} INFO - Processing /home/airflow/.local/lib/python3.12/site-packages/airflow/example_dags/example_latest_only.py took 0.126 seconds
[2025-04-15T20:00:31.229+0000] {processor.py:186} INFO - Started process (PID=19057) to work on /home/airflow/.local/lib/python3.12/site-packages/airflow/example_dags/example_latest_only.py
[2025-04-15T20:00:31.230+0000] {processor.py:914} INFO - Processing file /home/airflow/.local/lib/python3.12/site-packages/airflow/example_dags/example_latest_only.py for tasks to queue
[2025-04-15T20:00:31.231+0000] {logging_mixin.py:190} INFO - [2025-04-15T20:00:31.231+0000] {dagbag.py:588} INFO - Filling up the DagBag from /home/airflow/.local/lib/python3.12/site-packages/airflow/example_dags/example_latest_only.py
[2025-04-15T20:00:31.239+0000] {processor.py:925} INFO - DAG(s) 'latest_only' retrieved from /home/airflow/.local/lib/python3.12/site-packages/airflow/example_dags/example_latest_only.py
[2025-04-15T20:00:31.259+0000] {logging_mixin.py:190} INFO - [2025-04-15T20:00:31.259+0000] {dag.py:3239} INFO - Sync 1 DAGs
[2025-04-15T20:00:31.285+0000] {logging_mixin.py:190} INFO - [2025-04-15T20:00:31.285+0000] {dag.py:4180} INFO - Setting next_dagrun for latest_only to 2025-04-15 16:00:00+00:00, run_after=2025-04-15 20:00:00+00:00
[2025-04-15T20:00:31.307+0000] {processor.py:208} INFO - Processing /home/airflow/.local/lib/python3.12/site-packages/airflow/example_dags/example_latest_only.py took 0.084 seconds
[2025-04-15T20:01:01.648+0000] {processor.py:186} INFO - Started process (PID=19124) to work on /home/airflow/.local/lib/python3.12/site-packages/airflow/example_dags/example_latest_only.py
[2025-04-15T20:01:01.649+0000] {processor.py:914} INFO - Processing file /home/airflow/.local/lib/python3.12/site-packages/airflow/example_dags/example_latest_only.py for tasks to queue
[2025-04-15T20:01:01.651+0000] {logging_mixin.py:190} INFO - [2025-04-15T20:01:01.650+0000] {dagbag.py:588} INFO - Filling up the DagBag from /home/airflow/.local/lib/python3.12/site-packages/airflow/example_dags/example_latest_only.py
[2025-04-15T20:01:01.662+0000] {processor.py:925} INFO - DAG(s) 'latest_only' retrieved from /home/airflow/.local/lib/python3.12/site-packages/airflow/example_dags/example_latest_only.py
[2025-04-15T20:01:01.689+0000] {logging_mixin.py:190} INFO - [2025-04-15T20:01:01.688+0000] {dag.py:3239} INFO - Sync 1 DAGs
[2025-04-15T20:01:01.724+0000] {logging_mixin.py:190} INFO - [2025-04-15T20:01:01.724+0000] {dag.py:4180} INFO - Setting next_dagrun for latest_only to 2025-04-15 16:00:00+00:00, run_after=2025-04-15 20:00:00+00:00
[2025-04-15T20:01:01.752+0000] {processor.py:208} INFO - Processing /home/airflow/.local/lib/python3.12/site-packages/airflow/example_dags/example_latest_only.py took 0.114 seconds
[2025-04-15T20:01:32.267+0000] {processor.py:186} INFO - Started process (PID=19191) to work on /home/airflow/.local/lib/python3.12/site-packages/airflow/example_dags/example_latest_only.py
[2025-04-15T20:01:32.269+0000] {processor.py:914} INFO - Processing file /home/airflow/.local/lib/python3.12/site-packages/airflow/example_dags/example_latest_only.py for tasks to queue
[2025-04-15T20:01:32.270+0000] {logging_mixin.py:190} INFO - [2025-04-15T20:01:32.270+0000] {dagbag.py:588} INFO - Filling up the DagBag from /home/airflow/.local/lib/python3.12/site-packages/airflow/example_dags/example_latest_only.py
[2025-04-15T20:01:32.282+0000] {processor.py:925} INFO - DAG(s) 'latest_only' retrieved from /home/airflow/.local/lib/python3.12/site-packages/airflow/example_dags/example_latest_only.py
[2025-04-15T20:01:32.311+0000] {logging_mixin.py:190} INFO - [2025-04-15T20:01:32.311+0000] {dag.py:3239} INFO - Sync 1 DAGs
[2025-04-15T20:01:32.351+0000] {logging_mixin.py:190} INFO - [2025-04-15T20:01:32.350+0000] {dag.py:4180} INFO - Setting next_dagrun for latest_only to 2025-04-15 16:00:00+00:00, run_after=2025-04-15 20:00:00+00:00
[2025-04-15T20:01:32.381+0000] {processor.py:208} INFO - Processing /home/airflow/.local/lib/python3.12/site-packages/airflow/example_dags/example_latest_only.py took 0.123 seconds
[2025-04-15T20:02:02.888+0000] {processor.py:186} INFO - Started process (PID=19258) to work on /home/airflow/.local/lib/python3.12/site-packages/airflow/example_dags/example_latest_only.py
[2025-04-15T20:02:02.889+0000] {processor.py:914} INFO - Processing file /home/airflow/.local/lib/python3.12/site-packages/airflow/example_dags/example_latest_only.py for tasks to queue
[2025-04-15T20:02:02.899+0000] {logging_mixin.py:190} INFO - [2025-04-15T20:02:02.898+0000] {dagbag.py:588} INFO - Filling up the DagBag from /home/airflow/.local/lib/python3.12/site-packages/airflow/example_dags/example_latest_only.py
[2025-04-15T20:02:02.912+0000] {processor.py:925} INFO - DAG(s) 'latest_only' retrieved from /home/airflow/.local/lib/python3.12/site-packages/airflow/example_dags/example_latest_only.py
[2025-04-15T20:02:02.952+0000] {logging_mixin.py:190} INFO - [2025-04-15T20:02:02.951+0000] {dag.py:3239} INFO - Sync 1 DAGs
[2025-04-15T20:02:02.984+0000] {logging_mixin.py:190} INFO - [2025-04-15T20:02:02.983+0000] {dag.py:4180} INFO - Setting next_dagrun for latest_only to 2025-04-15 16:00:00+00:00, run_after=2025-04-15 20:00:00+00:00
[2025-04-15T20:02:03.013+0000] {processor.py:208} INFO - Processing /home/airflow/.local/lib/python3.12/site-packages/airflow/example_dags/example_latest_only.py took 0.133 seconds
[2025-04-15T20:02:33.563+0000] {processor.py:186} INFO - Started process (PID=19325) to work on /home/airflow/.local/lib/python3.12/site-packages/airflow/example_dags/example_latest_only.py
[2025-04-15T20:02:33.565+0000] {processor.py:914} INFO - Processing file /home/airflow/.local/lib/python3.12/site-packages/airflow/example_dags/example_latest_only.py for tasks to queue
[2025-04-15T20:02:33.567+0000] {logging_mixin.py:190} INFO - [2025-04-15T20:02:33.566+0000] {dagbag.py:588} INFO - Filling up the DagBag from /home/airflow/.local/lib/python3.12/site-packages/airflow/example_dags/example_latest_only.py
[2025-04-15T20:02:33.578+0000] {processor.py:925} INFO - DAG(s) 'latest_only' retrieved from /home/airflow/.local/lib/python3.12/site-packages/airflow/example_dags/example_latest_only.py
[2025-04-15T20:02:33.613+0000] {logging_mixin.py:190} INFO - [2025-04-15T20:02:33.612+0000] {dag.py:3239} INFO - Sync 1 DAGs
[2025-04-15T20:02:33.653+0000] {logging_mixin.py:190} INFO - [2025-04-15T20:02:33.652+0000] {dag.py:4180} INFO - Setting next_dagrun for latest_only to 2025-04-15 16:00:00+00:00, run_after=2025-04-15 20:00:00+00:00
[2025-04-15T20:02:33.690+0000] {processor.py:208} INFO - Processing /home/airflow/.local/lib/python3.12/site-packages/airflow/example_dags/example_latest_only.py took 0.135 seconds
[2025-04-15T20:03:04.192+0000] {processor.py:186} INFO - Started process (PID=19392) to work on /home/airflow/.local/lib/python3.12/site-packages/airflow/example_dags/example_latest_only.py
[2025-04-15T20:03:04.194+0000] {processor.py:914} INFO - Processing file /home/airflow/.local/lib/python3.12/site-packages/airflow/example_dags/example_latest_only.py for tasks to queue
[2025-04-15T20:03:04.196+0000] {logging_mixin.py:190} INFO - [2025-04-15T20:03:04.195+0000] {dagbag.py:588} INFO - Filling up the DagBag from /home/airflow/.local/lib/python3.12/site-packages/airflow/example_dags/example_latest_only.py
[2025-04-15T20:03:04.207+0000] {processor.py:925} INFO - DAG(s) 'latest_only' retrieved from /home/airflow/.local/lib/python3.12/site-packages/airflow/example_dags/example_latest_only.py
[2025-04-15T20:03:04.237+0000] {logging_mixin.py:190} INFO - [2025-04-15T20:03:04.236+0000] {dag.py:3239} INFO - Sync 1 DAGs
[2025-04-15T20:03:04.275+0000] {logging_mixin.py:190} INFO - [2025-04-15T20:03:04.275+0000] {dag.py:4180} INFO - Setting next_dagrun for latest_only to 2025-04-15 16:00:00+00:00, run_after=2025-04-15 20:00:00+00:00
[2025-04-15T20:03:04.308+0000] {processor.py:208} INFO - Processing /home/airflow/.local/lib/python3.12/site-packages/airflow/example_dags/example_latest_only.py took 0.123 seconds
[2025-04-15T20:03:34.501+0000] {processor.py:186} INFO - Started process (PID=19459) to work on /home/airflow/.local/lib/python3.12/site-packages/airflow/example_dags/example_latest_only.py
[2025-04-15T20:03:34.503+0000] {processor.py:914} INFO - Processing file /home/airflow/.local/lib/python3.12/site-packages/airflow/example_dags/example_latest_only.py for tasks to queue
[2025-04-15T20:03:34.504+0000] {logging_mixin.py:190} INFO - [2025-04-15T20:03:34.504+0000] {dagbag.py:588} INFO - Filling up the DagBag from /home/airflow/.local/lib/python3.12/site-packages/airflow/example_dags/example_latest_only.py
[2025-04-15T20:03:34.518+0000] {processor.py:925} INFO - DAG(s) 'latest_only' retrieved from /home/airflow/.local/lib/python3.12/site-packages/airflow/example_dags/example_latest_only.py
[2025-04-15T20:03:34.545+0000] {logging_mixin.py:190} INFO - [2025-04-15T20:03:34.545+0000] {dag.py:3239} INFO - Sync 1 DAGs
[2025-04-15T20:03:34.581+0000] {logging_mixin.py:190} INFO - [2025-04-15T20:03:34.581+0000] {dag.py:4180} INFO - Setting next_dagrun for latest_only to 2025-04-15 16:00:00+00:00, run_after=2025-04-15 20:00:00+00:00
[2025-04-15T20:03:34.611+0000] {processor.py:208} INFO - Processing /home/airflow/.local/lib/python3.12/site-packages/airflow/example_dags/example_latest_only.py took 0.117 seconds
[2025-04-15T20:04:05.013+0000] {processor.py:186} INFO - Started process (PID=19527) to work on /home/airflow/.local/lib/python3.12/site-packages/airflow/example_dags/example_latest_only.py
[2025-04-15T20:04:05.014+0000] {processor.py:914} INFO - Processing file /home/airflow/.local/lib/python3.12/site-packages/airflow/example_dags/example_latest_only.py for tasks to queue
[2025-04-15T20:04:05.016+0000] {logging_mixin.py:190} INFO - [2025-04-15T20:04:05.015+0000] {dagbag.py:588} INFO - Filling up the DagBag from /home/airflow/.local/lib/python3.12/site-packages/airflow/example_dags/example_latest_only.py
[2025-04-15T20:04:05.027+0000] {processor.py:925} INFO - DAG(s) 'latest_only' retrieved from /home/airflow/.local/lib/python3.12/site-packages/airflow/example_dags/example_latest_only.py
[2025-04-15T20:04:05.054+0000] {logging_mixin.py:190} INFO - [2025-04-15T20:04:05.054+0000] {dag.py:3239} INFO - Sync 1 DAGs
[2025-04-15T20:04:05.093+0000] {logging_mixin.py:190} INFO - [2025-04-15T20:04:05.092+0000] {dag.py:4180} INFO - Setting next_dagrun for latest_only to 2025-04-15 16:00:00+00:00, run_after=2025-04-15 20:00:00+00:00
[2025-04-15T20:04:05.129+0000] {processor.py:208} INFO - Processing /home/airflow/.local/lib/python3.12/site-packages/airflow/example_dags/example_latest_only.py took 0.123 seconds
[2025-04-15T23:04:27.864+0000] {processor.py:186} INFO - Started process (PID=19567) to work on /home/airflow/.local/lib/python3.12/site-packages/airflow/example_dags/example_latest_only.py
[2025-04-15T23:04:27.865+0000] {processor.py:914} INFO - Processing file /home/airflow/.local/lib/python3.12/site-packages/airflow/example_dags/example_latest_only.py for tasks to queue
[2025-04-15T23:04:27.868+0000] {logging_mixin.py:190} INFO - [2025-04-15T23:04:27.867+0000] {dagbag.py:588} INFO - Filling up the DagBag from /home/airflow/.local/lib/python3.12/site-packages/airflow/example_dags/example_latest_only.py
[2025-04-15T23:04:27.875+0000] {processor.py:925} INFO - DAG(s) 'latest_only' retrieved from /home/airflow/.local/lib/python3.12/site-packages/airflow/example_dags/example_latest_only.py
[2025-04-15T23:04:27.906+0000] {logging_mixin.py:190} INFO - [2025-04-15T23:04:27.906+0000] {dag.py:3239} INFO - Sync 1 DAGs
[2025-04-15T23:04:27.950+0000] {logging_mixin.py:190} INFO - [2025-04-15T23:04:27.949+0000] {dag.py:4180} INFO - Setting next_dagrun for latest_only to 2025-04-15 16:00:00+00:00, run_after=2025-04-15 20:00:00+00:00
[2025-04-15T23:04:27.978+0000] {processor.py:208} INFO - Processing /home/airflow/.local/lib/python3.12/site-packages/airflow/example_dags/example_latest_only.py took 0.119 seconds
