[2025-04-15T19:35:28.657+0000] {processor.py:186} INFO - Started process (PID=15771) to work on /home/airflow/.local/lib/python3.12/site-packages/airflow/example_dags/example_python_operator.py
[2025-04-15T19:35:28.658+0000] {processor.py:914} INFO - Processing file /home/airflow/.local/lib/python3.12/site-packages/airflow/example_dags/example_python_operator.py for tasks to queue
[2025-04-15T19:35:28.661+0000] {logging_mixin.py:190} INFO - [2025-04-15T19:35:28.660+0000] {dagbag.py:588} INFO - Filling up the DagBag from /home/airflow/.local/lib/python3.12/site-packages/airflow/example_dags/example_python_operator.py
[2025-04-15T19:35:28.692+0000] {processor.py:925} INFO - DAG(s) 'example_python_operator' retrieved from /home/airflow/.local/lib/python3.12/site-packages/airflow/example_dags/example_python_operator.py
[2025-04-15T19:35:28.744+0000] {logging_mixin.py:190} INFO - [2025-04-15T19:35:28.743+0000] {dag.py:3239} INFO - Sync 1 DAGs
[2025-04-15T19:35:28.776+0000] {logging_mixin.py:190} INFO - [2025-04-15T19:35:28.775+0000] {dag.py:4180} INFO - Setting next_dagrun for example_python_operator to None, run_after=None
[2025-04-15T19:35:28.819+0000] {processor.py:208} INFO - Processing /home/airflow/.local/lib/python3.12/site-packages/airflow/example_dags/example_python_operator.py took 0.171 seconds
[2025-04-15T19:35:59.295+0000] {processor.py:186} INFO - Started process (PID=15837) to work on /home/airflow/.local/lib/python3.12/site-packages/airflow/example_dags/example_python_operator.py
[2025-04-15T19:35:59.297+0000] {processor.py:914} INFO - Processing file /home/airflow/.local/lib/python3.12/site-packages/airflow/example_dags/example_python_operator.py for tasks to queue
[2025-04-15T19:35:59.300+0000] {logging_mixin.py:190} INFO - [2025-04-15T19:35:59.299+0000] {dagbag.py:588} INFO - Filling up the DagBag from /home/airflow/.local/lib/python3.12/site-packages/airflow/example_dags/example_python_operator.py
[2025-04-15T19:35:59.326+0000] {processor.py:925} INFO - DAG(s) 'example_python_operator' retrieved from /home/airflow/.local/lib/python3.12/site-packages/airflow/example_dags/example_python_operator.py
[2025-04-15T19:35:59.374+0000] {logging_mixin.py:190} INFO - [2025-04-15T19:35:59.374+0000] {dag.py:3239} INFO - Sync 1 DAGs
[2025-04-15T19:35:59.414+0000] {logging_mixin.py:190} INFO - [2025-04-15T19:35:59.413+0000] {dag.py:4180} INFO - Setting next_dagrun for example_python_operator to None, run_after=None
[2025-04-15T19:35:59.467+0000] {processor.py:208} INFO - Processing /home/airflow/.local/lib/python3.12/site-packages/airflow/example_dags/example_python_operator.py took 0.184 seconds
[2025-04-15T19:36:29.652+0000] {processor.py:186} INFO - Started process (PID=15904) to work on /home/airflow/.local/lib/python3.12/site-packages/airflow/example_dags/example_python_operator.py
[2025-04-15T19:36:29.654+0000] {processor.py:914} INFO - Processing file /home/airflow/.local/lib/python3.12/site-packages/airflow/example_dags/example_python_operator.py for tasks to queue
[2025-04-15T19:36:29.656+0000] {logging_mixin.py:190} INFO - [2025-04-15T19:36:29.655+0000] {dagbag.py:588} INFO - Filling up the DagBag from /home/airflow/.local/lib/python3.12/site-packages/airflow/example_dags/example_python_operator.py
[2025-04-15T19:36:29.674+0000] {processor.py:925} INFO - DAG(s) 'example_python_operator' retrieved from /home/airflow/.local/lib/python3.12/site-packages/airflow/example_dags/example_python_operator.py
[2025-04-15T19:36:29.708+0000] {logging_mixin.py:190} INFO - [2025-04-15T19:36:29.708+0000] {dag.py:3239} INFO - Sync 1 DAGs
[2025-04-15T19:36:29.728+0000] {logging_mixin.py:190} INFO - [2025-04-15T19:36:29.727+0000] {dag.py:4180} INFO - Setting next_dagrun for example_python_operator to None, run_after=None
[2025-04-15T19:36:29.752+0000] {processor.py:208} INFO - Processing /home/airflow/.local/lib/python3.12/site-packages/airflow/example_dags/example_python_operator.py took 0.108 seconds
[2025-04-15T19:37:00.469+0000] {processor.py:186} INFO - Started process (PID=15971) to work on /home/airflow/.local/lib/python3.12/site-packages/airflow/example_dags/example_python_operator.py
[2025-04-15T19:37:00.472+0000] {processor.py:914} INFO - Processing file /home/airflow/.local/lib/python3.12/site-packages/airflow/example_dags/example_python_operator.py for tasks to queue
[2025-04-15T19:37:00.474+0000] {logging_mixin.py:190} INFO - [2025-04-15T19:37:00.473+0000] {dagbag.py:588} INFO - Filling up the DagBag from /home/airflow/.local/lib/python3.12/site-packages/airflow/example_dags/example_python_operator.py
[2025-04-15T19:37:00.496+0000] {processor.py:925} INFO - DAG(s) 'example_python_operator' retrieved from /home/airflow/.local/lib/python3.12/site-packages/airflow/example_dags/example_python_operator.py
[2025-04-15T19:37:00.535+0000] {logging_mixin.py:190} INFO - [2025-04-15T19:37:00.535+0000] {dag.py:3239} INFO - Sync 1 DAGs
[2025-04-15T19:37:00.569+0000] {logging_mixin.py:190} INFO - [2025-04-15T19:37:00.568+0000] {dag.py:4180} INFO - Setting next_dagrun for example_python_operator to None, run_after=None
[2025-04-15T19:37:00.617+0000] {processor.py:208} INFO - Processing /home/airflow/.local/lib/python3.12/site-packages/airflow/example_dags/example_python_operator.py took 0.159 seconds
[2025-04-15T19:37:31.481+0000] {processor.py:186} INFO - Started process (PID=16038) to work on /home/airflow/.local/lib/python3.12/site-packages/airflow/example_dags/example_python_operator.py
[2025-04-15T19:37:31.482+0000] {processor.py:914} INFO - Processing file /home/airflow/.local/lib/python3.12/site-packages/airflow/example_dags/example_python_operator.py for tasks to queue
[2025-04-15T19:37:31.484+0000] {logging_mixin.py:190} INFO - [2025-04-15T19:37:31.484+0000] {dagbag.py:588} INFO - Filling up the DagBag from /home/airflow/.local/lib/python3.12/site-packages/airflow/example_dags/example_python_operator.py
[2025-04-15T19:37:31.503+0000] {processor.py:925} INFO - DAG(s) 'example_python_operator' retrieved from /home/airflow/.local/lib/python3.12/site-packages/airflow/example_dags/example_python_operator.py
[2025-04-15T19:37:31.538+0000] {logging_mixin.py:190} INFO - [2025-04-15T19:37:31.538+0000] {dag.py:3239} INFO - Sync 1 DAGs
[2025-04-15T19:37:31.560+0000] {logging_mixin.py:190} INFO - [2025-04-15T19:37:31.559+0000] {dag.py:4180} INFO - Setting next_dagrun for example_python_operator to None, run_after=None
[2025-04-15T19:37:31.598+0000] {processor.py:208} INFO - Processing /home/airflow/.local/lib/python3.12/site-packages/airflow/example_dags/example_python_operator.py took 0.126 seconds
[2025-04-15T19:38:02.275+0000] {processor.py:186} INFO - Started process (PID=16105) to work on /home/airflow/.local/lib/python3.12/site-packages/airflow/example_dags/example_python_operator.py
[2025-04-15T19:38:02.277+0000] {processor.py:914} INFO - Processing file /home/airflow/.local/lib/python3.12/site-packages/airflow/example_dags/example_python_operator.py for tasks to queue
[2025-04-15T19:38:02.280+0000] {logging_mixin.py:190} INFO - [2025-04-15T19:38:02.279+0000] {dagbag.py:588} INFO - Filling up the DagBag from /home/airflow/.local/lib/python3.12/site-packages/airflow/example_dags/example_python_operator.py
[2025-04-15T19:38:02.301+0000] {processor.py:925} INFO - DAG(s) 'example_python_operator' retrieved from /home/airflow/.local/lib/python3.12/site-packages/airflow/example_dags/example_python_operator.py
[2025-04-15T19:38:02.341+0000] {logging_mixin.py:190} INFO - [2025-04-15T19:38:02.340+0000] {dag.py:3239} INFO - Sync 1 DAGs
[2025-04-15T19:38:02.366+0000] {logging_mixin.py:190} INFO - [2025-04-15T19:38:02.365+0000] {dag.py:4180} INFO - Setting next_dagrun for example_python_operator to None, run_after=None
[2025-04-15T19:38:02.403+0000] {processor.py:208} INFO - Processing /home/airflow/.local/lib/python3.12/site-packages/airflow/example_dags/example_python_operator.py took 0.141 seconds
[2025-04-15T19:38:32.649+0000] {processor.py:186} INFO - Started process (PID=16172) to work on /home/airflow/.local/lib/python3.12/site-packages/airflow/example_dags/example_python_operator.py
[2025-04-15T19:38:32.650+0000] {processor.py:914} INFO - Processing file /home/airflow/.local/lib/python3.12/site-packages/airflow/example_dags/example_python_operator.py for tasks to queue
[2025-04-15T19:38:32.653+0000] {logging_mixin.py:190} INFO - [2025-04-15T19:38:32.652+0000] {dagbag.py:588} INFO - Filling up the DagBag from /home/airflow/.local/lib/python3.12/site-packages/airflow/example_dags/example_python_operator.py
[2025-04-15T19:38:32.670+0000] {processor.py:925} INFO - DAG(s) 'example_python_operator' retrieved from /home/airflow/.local/lib/python3.12/site-packages/airflow/example_dags/example_python_operator.py
[2025-04-15T19:38:32.703+0000] {logging_mixin.py:190} INFO - [2025-04-15T19:38:32.703+0000] {dag.py:3239} INFO - Sync 1 DAGs
[2025-04-15T19:38:32.727+0000] {logging_mixin.py:190} INFO - [2025-04-15T19:38:32.727+0000] {dag.py:4180} INFO - Setting next_dagrun for example_python_operator to None, run_after=None
[2025-04-15T19:38:32.758+0000] {processor.py:208} INFO - Processing /home/airflow/.local/lib/python3.12/site-packages/airflow/example_dags/example_python_operator.py took 0.117 seconds
[2025-04-15T19:39:03.356+0000] {processor.py:186} INFO - Started process (PID=16239) to work on /home/airflow/.local/lib/python3.12/site-packages/airflow/example_dags/example_python_operator.py
[2025-04-15T19:39:03.357+0000] {processor.py:914} INFO - Processing file /home/airflow/.local/lib/python3.12/site-packages/airflow/example_dags/example_python_operator.py for tasks to queue
[2025-04-15T19:39:03.359+0000] {logging_mixin.py:190} INFO - [2025-04-15T19:39:03.358+0000] {dagbag.py:588} INFO - Filling up the DagBag from /home/airflow/.local/lib/python3.12/site-packages/airflow/example_dags/example_python_operator.py
[2025-04-15T19:39:03.372+0000] {processor.py:925} INFO - DAG(s) 'example_python_operator' retrieved from /home/airflow/.local/lib/python3.12/site-packages/airflow/example_dags/example_python_operator.py
[2025-04-15T19:39:03.403+0000] {logging_mixin.py:190} INFO - [2025-04-15T19:39:03.402+0000] {dag.py:3239} INFO - Sync 1 DAGs
[2025-04-15T19:39:03.423+0000] {logging_mixin.py:190} INFO - [2025-04-15T19:39:03.423+0000] {dag.py:4180} INFO - Setting next_dagrun for example_python_operator to None, run_after=None
[2025-04-15T19:39:03.450+0000] {processor.py:208} INFO - Processing /home/airflow/.local/lib/python3.12/site-packages/airflow/example_dags/example_python_operator.py took 0.100 seconds
[2025-04-15T19:39:33.820+0000] {processor.py:186} INFO - Started process (PID=16306) to work on /home/airflow/.local/lib/python3.12/site-packages/airflow/example_dags/example_python_operator.py
[2025-04-15T19:39:33.822+0000] {processor.py:914} INFO - Processing file /home/airflow/.local/lib/python3.12/site-packages/airflow/example_dags/example_python_operator.py for tasks to queue
[2025-04-15T19:39:33.823+0000] {logging_mixin.py:190} INFO - [2025-04-15T19:39:33.823+0000] {dagbag.py:588} INFO - Filling up the DagBag from /home/airflow/.local/lib/python3.12/site-packages/airflow/example_dags/example_python_operator.py
[2025-04-15T19:39:33.838+0000] {processor.py:925} INFO - DAG(s) 'example_python_operator' retrieved from /home/airflow/.local/lib/python3.12/site-packages/airflow/example_dags/example_python_operator.py
[2025-04-15T19:39:33.867+0000] {logging_mixin.py:190} INFO - [2025-04-15T19:39:33.867+0000] {dag.py:3239} INFO - Sync 1 DAGs
[2025-04-15T19:39:33.891+0000] {logging_mixin.py:190} INFO - [2025-04-15T19:39:33.891+0000] {dag.py:4180} INFO - Setting next_dagrun for example_python_operator to None, run_after=None
[2025-04-15T19:39:33.928+0000] {processor.py:208} INFO - Processing /home/airflow/.local/lib/python3.12/site-packages/airflow/example_dags/example_python_operator.py took 0.114 seconds
[2025-04-15T19:40:04.344+0000] {processor.py:186} INFO - Started process (PID=16373) to work on /home/airflow/.local/lib/python3.12/site-packages/airflow/example_dags/example_python_operator.py
[2025-04-15T19:40:04.346+0000] {processor.py:914} INFO - Processing file /home/airflow/.local/lib/python3.12/site-packages/airflow/example_dags/example_python_operator.py for tasks to queue
[2025-04-15T19:40:04.349+0000] {logging_mixin.py:190} INFO - [2025-04-15T19:40:04.348+0000] {dagbag.py:588} INFO - Filling up the DagBag from /home/airflow/.local/lib/python3.12/site-packages/airflow/example_dags/example_python_operator.py
[2025-04-15T19:40:04.368+0000] {processor.py:925} INFO - DAG(s) 'example_python_operator' retrieved from /home/airflow/.local/lib/python3.12/site-packages/airflow/example_dags/example_python_operator.py
[2025-04-15T19:40:04.403+0000] {logging_mixin.py:190} INFO - [2025-04-15T19:40:04.403+0000] {dag.py:3239} INFO - Sync 1 DAGs
[2025-04-15T19:40:04.429+0000] {logging_mixin.py:190} INFO - [2025-04-15T19:40:04.428+0000] {dag.py:4180} INFO - Setting next_dagrun for example_python_operator to None, run_after=None
[2025-04-15T19:40:04.460+0000] {processor.py:208} INFO - Processing /home/airflow/.local/lib/python3.12/site-packages/airflow/example_dags/example_python_operator.py took 0.124 seconds
[2025-04-15T19:40:34.574+0000] {processor.py:186} INFO - Started process (PID=16440) to work on /home/airflow/.local/lib/python3.12/site-packages/airflow/example_dags/example_python_operator.py
[2025-04-15T19:40:34.575+0000] {processor.py:914} INFO - Processing file /home/airflow/.local/lib/python3.12/site-packages/airflow/example_dags/example_python_operator.py for tasks to queue
[2025-04-15T19:40:34.576+0000] {logging_mixin.py:190} INFO - [2025-04-15T19:40:34.576+0000] {dagbag.py:588} INFO - Filling up the DagBag from /home/airflow/.local/lib/python3.12/site-packages/airflow/example_dags/example_python_operator.py
[2025-04-15T19:40:34.589+0000] {processor.py:925} INFO - DAG(s) 'example_python_operator' retrieved from /home/airflow/.local/lib/python3.12/site-packages/airflow/example_dags/example_python_operator.py
[2025-04-15T19:40:34.616+0000] {logging_mixin.py:190} INFO - [2025-04-15T19:40:34.616+0000] {dag.py:3239} INFO - Sync 1 DAGs
[2025-04-15T19:40:34.632+0000] {logging_mixin.py:190} INFO - [2025-04-15T19:40:34.632+0000] {dag.py:4180} INFO - Setting next_dagrun for example_python_operator to None, run_after=None
[2025-04-15T19:40:34.654+0000] {processor.py:208} INFO - Processing /home/airflow/.local/lib/python3.12/site-packages/airflow/example_dags/example_python_operator.py took 0.086 seconds
[2025-04-15T19:41:05.691+0000] {processor.py:186} INFO - Started process (PID=16507) to work on /home/airflow/.local/lib/python3.12/site-packages/airflow/example_dags/example_python_operator.py
[2025-04-15T19:41:05.692+0000] {processor.py:914} INFO - Processing file /home/airflow/.local/lib/python3.12/site-packages/airflow/example_dags/example_python_operator.py for tasks to queue
[2025-04-15T19:41:05.693+0000] {logging_mixin.py:190} INFO - [2025-04-15T19:41:05.693+0000] {dagbag.py:588} INFO - Filling up the DagBag from /home/airflow/.local/lib/python3.12/site-packages/airflow/example_dags/example_python_operator.py
[2025-04-15T19:41:05.704+0000] {processor.py:925} INFO - DAG(s) 'example_python_operator' retrieved from /home/airflow/.local/lib/python3.12/site-packages/airflow/example_dags/example_python_operator.py
[2025-04-15T19:41:05.727+0000] {logging_mixin.py:190} INFO - [2025-04-15T19:41:05.726+0000] {dag.py:3239} INFO - Sync 1 DAGs
[2025-04-15T19:41:05.742+0000] {logging_mixin.py:190} INFO - [2025-04-15T19:41:05.742+0000] {dag.py:4180} INFO - Setting next_dagrun for example_python_operator to None, run_after=None
[2025-04-15T19:41:05.768+0000] {processor.py:208} INFO - Processing /home/airflow/.local/lib/python3.12/site-packages/airflow/example_dags/example_python_operator.py took 0.083 seconds
[2025-04-15T19:41:36.347+0000] {processor.py:186} INFO - Started process (PID=16574) to work on /home/airflow/.local/lib/python3.12/site-packages/airflow/example_dags/example_python_operator.py
[2025-04-15T19:41:36.348+0000] {processor.py:914} INFO - Processing file /home/airflow/.local/lib/python3.12/site-packages/airflow/example_dags/example_python_operator.py for tasks to queue
[2025-04-15T19:41:36.350+0000] {logging_mixin.py:190} INFO - [2025-04-15T19:41:36.350+0000] {dagbag.py:588} INFO - Filling up the DagBag from /home/airflow/.local/lib/python3.12/site-packages/airflow/example_dags/example_python_operator.py
[2025-04-15T19:41:36.368+0000] {processor.py:925} INFO - DAG(s) 'example_python_operator' retrieved from /home/airflow/.local/lib/python3.12/site-packages/airflow/example_dags/example_python_operator.py
[2025-04-15T19:41:36.403+0000] {logging_mixin.py:190} INFO - [2025-04-15T19:41:36.403+0000] {dag.py:3239} INFO - Sync 1 DAGs
[2025-04-15T19:41:36.649+0000] {logging_mixin.py:190} INFO - [2025-04-15T19:41:36.648+0000] {dag.py:4180} INFO - Setting next_dagrun for example_python_operator to None, run_after=None
[2025-04-15T19:41:36.676+0000] {processor.py:208} INFO - Processing /home/airflow/.local/lib/python3.12/site-packages/airflow/example_dags/example_python_operator.py took 0.339 seconds
[2025-04-15T19:42:06.944+0000] {processor.py:186} INFO - Started process (PID=16641) to work on /home/airflow/.local/lib/python3.12/site-packages/airflow/example_dags/example_python_operator.py
[2025-04-15T19:42:06.945+0000] {processor.py:914} INFO - Processing file /home/airflow/.local/lib/python3.12/site-packages/airflow/example_dags/example_python_operator.py for tasks to queue
[2025-04-15T19:42:06.947+0000] {logging_mixin.py:190} INFO - [2025-04-15T19:42:06.947+0000] {dagbag.py:588} INFO - Filling up the DagBag from /home/airflow/.local/lib/python3.12/site-packages/airflow/example_dags/example_python_operator.py
[2025-04-15T19:42:06.968+0000] {processor.py:925} INFO - DAG(s) 'example_python_operator' retrieved from /home/airflow/.local/lib/python3.12/site-packages/airflow/example_dags/example_python_operator.py
[2025-04-15T19:42:07.003+0000] {logging_mixin.py:190} INFO - [2025-04-15T19:42:07.003+0000] {dag.py:3239} INFO - Sync 1 DAGs
[2025-04-15T19:42:07.228+0000] {logging_mixin.py:190} INFO - [2025-04-15T19:42:07.228+0000] {dag.py:4180} INFO - Setting next_dagrun for example_python_operator to None, run_after=None
[2025-04-15T19:42:07.263+0000] {processor.py:208} INFO - Processing /home/airflow/.local/lib/python3.12/site-packages/airflow/example_dags/example_python_operator.py took 0.328 seconds
[2025-04-15T19:42:37.520+0000] {processor.py:186} INFO - Started process (PID=16709) to work on /home/airflow/.local/lib/python3.12/site-packages/airflow/example_dags/example_python_operator.py
[2025-04-15T19:42:37.522+0000] {processor.py:914} INFO - Processing file /home/airflow/.local/lib/python3.12/site-packages/airflow/example_dags/example_python_operator.py for tasks to queue
[2025-04-15T19:42:37.524+0000] {logging_mixin.py:190} INFO - [2025-04-15T19:42:37.523+0000] {dagbag.py:588} INFO - Filling up the DagBag from /home/airflow/.local/lib/python3.12/site-packages/airflow/example_dags/example_python_operator.py
[2025-04-15T19:42:37.544+0000] {processor.py:925} INFO - DAG(s) 'example_python_operator' retrieved from /home/airflow/.local/lib/python3.12/site-packages/airflow/example_dags/example_python_operator.py
[2025-04-15T19:42:37.576+0000] {logging_mixin.py:190} INFO - [2025-04-15T19:42:37.575+0000] {dag.py:3239} INFO - Sync 1 DAGs
[2025-04-15T19:42:37.597+0000] {logging_mixin.py:190} INFO - [2025-04-15T19:42:37.597+0000] {dag.py:4180} INFO - Setting next_dagrun for example_python_operator to None, run_after=None
[2025-04-15T19:42:37.848+0000] {processor.py:208} INFO - Processing /home/airflow/.local/lib/python3.12/site-packages/airflow/example_dags/example_python_operator.py took 0.336 seconds
[2025-04-15T19:43:08.261+0000] {processor.py:186} INFO - Started process (PID=16777) to work on /home/airflow/.local/lib/python3.12/site-packages/airflow/example_dags/example_python_operator.py
[2025-04-15T19:43:08.262+0000] {processor.py:914} INFO - Processing file /home/airflow/.local/lib/python3.12/site-packages/airflow/example_dags/example_python_operator.py for tasks to queue
[2025-04-15T19:43:08.264+0000] {logging_mixin.py:190} INFO - [2025-04-15T19:43:08.264+0000] {dagbag.py:588} INFO - Filling up the DagBag from /home/airflow/.local/lib/python3.12/site-packages/airflow/example_dags/example_python_operator.py
[2025-04-15T19:43:08.282+0000] {processor.py:925} INFO - DAG(s) 'example_python_operator' retrieved from /home/airflow/.local/lib/python3.12/site-packages/airflow/example_dags/example_python_operator.py
[2025-04-15T19:43:08.314+0000] {logging_mixin.py:190} INFO - [2025-04-15T19:43:08.313+0000] {dag.py:3239} INFO - Sync 1 DAGs
[2025-04-15T19:43:08.338+0000] {logging_mixin.py:190} INFO - [2025-04-15T19:43:08.337+0000] {dag.py:4180} INFO - Setting next_dagrun for example_python_operator to None, run_after=None
[2025-04-15T19:43:08.372+0000] {processor.py:208} INFO - Processing /home/airflow/.local/lib/python3.12/site-packages/airflow/example_dags/example_python_operator.py took 0.120 seconds
[2025-04-15T19:43:38.981+0000] {processor.py:186} INFO - Started process (PID=16843) to work on /home/airflow/.local/lib/python3.12/site-packages/airflow/example_dags/example_python_operator.py
[2025-04-15T19:43:38.982+0000] {processor.py:914} INFO - Processing file /home/airflow/.local/lib/python3.12/site-packages/airflow/example_dags/example_python_operator.py for tasks to queue
[2025-04-15T19:43:38.984+0000] {logging_mixin.py:190} INFO - [2025-04-15T19:43:38.983+0000] {dagbag.py:588} INFO - Filling up the DagBag from /home/airflow/.local/lib/python3.12/site-packages/airflow/example_dags/example_python_operator.py
[2025-04-15T19:43:38.999+0000] {processor.py:925} INFO - DAG(s) 'example_python_operator' retrieved from /home/airflow/.local/lib/python3.12/site-packages/airflow/example_dags/example_python_operator.py
[2025-04-15T19:43:39.027+0000] {logging_mixin.py:190} INFO - [2025-04-15T19:43:39.026+0000] {dag.py:3239} INFO - Sync 1 DAGs
[2025-04-15T19:43:39.045+0000] {logging_mixin.py:190} INFO - [2025-04-15T19:43:39.044+0000] {dag.py:4180} INFO - Setting next_dagrun for example_python_operator to None, run_after=None
[2025-04-15T19:43:39.069+0000] {processor.py:208} INFO - Processing /home/airflow/.local/lib/python3.12/site-packages/airflow/example_dags/example_python_operator.py took 0.095 seconds
[2025-04-15T19:44:09.700+0000] {processor.py:186} INFO - Started process (PID=16910) to work on /home/airflow/.local/lib/python3.12/site-packages/airflow/example_dags/example_python_operator.py
[2025-04-15T19:44:09.700+0000] {processor.py:914} INFO - Processing file /home/airflow/.local/lib/python3.12/site-packages/airflow/example_dags/example_python_operator.py for tasks to queue
[2025-04-15T19:44:09.702+0000] {logging_mixin.py:190} INFO - [2025-04-15T19:44:09.701+0000] {dagbag.py:588} INFO - Filling up the DagBag from /home/airflow/.local/lib/python3.12/site-packages/airflow/example_dags/example_python_operator.py
[2025-04-15T19:44:09.717+0000] {processor.py:925} INFO - DAG(s) 'example_python_operator' retrieved from /home/airflow/.local/lib/python3.12/site-packages/airflow/example_dags/example_python_operator.py
[2025-04-15T19:44:09.742+0000] {logging_mixin.py:190} INFO - [2025-04-15T19:44:09.741+0000] {dag.py:3239} INFO - Sync 1 DAGs
[2025-04-15T19:44:09.761+0000] {logging_mixin.py:190} INFO - [2025-04-15T19:44:09.761+0000] {dag.py:4180} INFO - Setting next_dagrun for example_python_operator to None, run_after=None
[2025-04-15T19:44:09.786+0000] {processor.py:208} INFO - Processing /home/airflow/.local/lib/python3.12/site-packages/airflow/example_dags/example_python_operator.py took 0.093 seconds
[2025-04-15T19:44:40.229+0000] {processor.py:186} INFO - Started process (PID=16977) to work on /home/airflow/.local/lib/python3.12/site-packages/airflow/example_dags/example_python_operator.py
[2025-04-15T19:44:40.231+0000] {processor.py:914} INFO - Processing file /home/airflow/.local/lib/python3.12/site-packages/airflow/example_dags/example_python_operator.py for tasks to queue
[2025-04-15T19:44:40.233+0000] {logging_mixin.py:190} INFO - [2025-04-15T19:44:40.232+0000] {dagbag.py:588} INFO - Filling up the DagBag from /home/airflow/.local/lib/python3.12/site-packages/airflow/example_dags/example_python_operator.py
[2025-04-15T19:44:40.253+0000] {processor.py:925} INFO - DAG(s) 'example_python_operator' retrieved from /home/airflow/.local/lib/python3.12/site-packages/airflow/example_dags/example_python_operator.py
[2025-04-15T19:44:40.292+0000] {logging_mixin.py:190} INFO - [2025-04-15T19:44:40.292+0000] {dag.py:3239} INFO - Sync 1 DAGs
[2025-04-15T19:44:40.317+0000] {logging_mixin.py:190} INFO - [2025-04-15T19:44:40.316+0000] {dag.py:4180} INFO - Setting next_dagrun for example_python_operator to None, run_after=None
[2025-04-15T19:44:40.350+0000] {processor.py:208} INFO - Processing /home/airflow/.local/lib/python3.12/site-packages/airflow/example_dags/example_python_operator.py took 0.131 seconds
[2025-04-15T19:45:10.490+0000] {processor.py:186} INFO - Started process (PID=17044) to work on /home/airflow/.local/lib/python3.12/site-packages/airflow/example_dags/example_python_operator.py
[2025-04-15T19:45:10.491+0000] {processor.py:914} INFO - Processing file /home/airflow/.local/lib/python3.12/site-packages/airflow/example_dags/example_python_operator.py for tasks to queue
[2025-04-15T19:45:10.493+0000] {logging_mixin.py:190} INFO - [2025-04-15T19:45:10.493+0000] {dagbag.py:588} INFO - Filling up the DagBag from /home/airflow/.local/lib/python3.12/site-packages/airflow/example_dags/example_python_operator.py
[2025-04-15T19:45:10.510+0000] {processor.py:925} INFO - DAG(s) 'example_python_operator' retrieved from /home/airflow/.local/lib/python3.12/site-packages/airflow/example_dags/example_python_operator.py
[2025-04-15T19:45:10.544+0000] {logging_mixin.py:190} INFO - [2025-04-15T19:45:10.544+0000] {dag.py:3239} INFO - Sync 1 DAGs
[2025-04-15T19:45:10.567+0000] {logging_mixin.py:190} INFO - [2025-04-15T19:45:10.567+0000] {dag.py:4180} INFO - Setting next_dagrun for example_python_operator to None, run_after=None
[2025-04-15T19:45:10.597+0000] {processor.py:208} INFO - Processing /home/airflow/.local/lib/python3.12/site-packages/airflow/example_dags/example_python_operator.py took 0.117 seconds
[2025-04-15T19:45:41.186+0000] {processor.py:186} INFO - Started process (PID=17111) to work on /home/airflow/.local/lib/python3.12/site-packages/airflow/example_dags/example_python_operator.py
[2025-04-15T19:45:41.188+0000] {processor.py:914} INFO - Processing file /home/airflow/.local/lib/python3.12/site-packages/airflow/example_dags/example_python_operator.py for tasks to queue
[2025-04-15T19:45:41.190+0000] {logging_mixin.py:190} INFO - [2025-04-15T19:45:41.189+0000] {dagbag.py:588} INFO - Filling up the DagBag from /home/airflow/.local/lib/python3.12/site-packages/airflow/example_dags/example_python_operator.py
[2025-04-15T19:45:41.208+0000] {processor.py:925} INFO - DAG(s) 'example_python_operator' retrieved from /home/airflow/.local/lib/python3.12/site-packages/airflow/example_dags/example_python_operator.py
[2025-04-15T19:45:41.243+0000] {logging_mixin.py:190} INFO - [2025-04-15T19:45:41.243+0000] {dag.py:3239} INFO - Sync 1 DAGs
[2025-04-15T19:45:41.267+0000] {logging_mixin.py:190} INFO - [2025-04-15T19:45:41.267+0000] {dag.py:4180} INFO - Setting next_dagrun for example_python_operator to None, run_after=None
[2025-04-15T19:45:41.300+0000] {processor.py:208} INFO - Processing /home/airflow/.local/lib/python3.12/site-packages/airflow/example_dags/example_python_operator.py took 0.122 seconds
[2025-04-15T19:46:11.730+0000] {processor.py:186} INFO - Started process (PID=17178) to work on /home/airflow/.local/lib/python3.12/site-packages/airflow/example_dags/example_python_operator.py
[2025-04-15T19:46:11.731+0000] {processor.py:914} INFO - Processing file /home/airflow/.local/lib/python3.12/site-packages/airflow/example_dags/example_python_operator.py for tasks to queue
[2025-04-15T19:46:11.733+0000] {logging_mixin.py:190} INFO - [2025-04-15T19:46:11.732+0000] {dagbag.py:588} INFO - Filling up the DagBag from /home/airflow/.local/lib/python3.12/site-packages/airflow/example_dags/example_python_operator.py
[2025-04-15T19:46:11.750+0000] {processor.py:925} INFO - DAG(s) 'example_python_operator' retrieved from /home/airflow/.local/lib/python3.12/site-packages/airflow/example_dags/example_python_operator.py
[2025-04-15T19:46:11.784+0000] {logging_mixin.py:190} INFO - [2025-04-15T19:46:11.784+0000] {dag.py:3239} INFO - Sync 1 DAGs
[2025-04-15T19:46:11.806+0000] {logging_mixin.py:190} INFO - [2025-04-15T19:46:11.806+0000] {dag.py:4180} INFO - Setting next_dagrun for example_python_operator to None, run_after=None
[2025-04-15T19:46:11.837+0000] {processor.py:208} INFO - Processing /home/airflow/.local/lib/python3.12/site-packages/airflow/example_dags/example_python_operator.py took 0.115 seconds
[2025-04-15T19:46:42.829+0000] {processor.py:186} INFO - Started process (PID=17245) to work on /home/airflow/.local/lib/python3.12/site-packages/airflow/example_dags/example_python_operator.py
[2025-04-15T19:46:42.831+0000] {processor.py:914} INFO - Processing file /home/airflow/.local/lib/python3.12/site-packages/airflow/example_dags/example_python_operator.py for tasks to queue
[2025-04-15T19:46:42.833+0000] {logging_mixin.py:190} INFO - [2025-04-15T19:46:42.832+0000] {dagbag.py:588} INFO - Filling up the DagBag from /home/airflow/.local/lib/python3.12/site-packages/airflow/example_dags/example_python_operator.py
[2025-04-15T19:46:42.852+0000] {processor.py:925} INFO - DAG(s) 'example_python_operator' retrieved from /home/airflow/.local/lib/python3.12/site-packages/airflow/example_dags/example_python_operator.py
[2025-04-15T19:46:42.889+0000] {logging_mixin.py:190} INFO - [2025-04-15T19:46:42.888+0000] {dag.py:3239} INFO - Sync 1 DAGs
[2025-04-15T19:46:42.917+0000] {logging_mixin.py:190} INFO - [2025-04-15T19:46:42.917+0000] {dag.py:4180} INFO - Setting next_dagrun for example_python_operator to None, run_after=None
[2025-04-15T19:46:42.950+0000] {processor.py:208} INFO - Processing /home/airflow/.local/lib/python3.12/site-packages/airflow/example_dags/example_python_operator.py took 0.129 seconds
[2025-04-15T19:47:13.774+0000] {processor.py:186} INFO - Started process (PID=17311) to work on /home/airflow/.local/lib/python3.12/site-packages/airflow/example_dags/example_python_operator.py
[2025-04-15T19:47:13.775+0000] {processor.py:914} INFO - Processing file /home/airflow/.local/lib/python3.12/site-packages/airflow/example_dags/example_python_operator.py for tasks to queue
[2025-04-15T19:47:13.777+0000] {logging_mixin.py:190} INFO - [2025-04-15T19:47:13.776+0000] {dagbag.py:588} INFO - Filling up the DagBag from /home/airflow/.local/lib/python3.12/site-packages/airflow/example_dags/example_python_operator.py
[2025-04-15T19:47:13.791+0000] {processor.py:925} INFO - DAG(s) 'example_python_operator' retrieved from /home/airflow/.local/lib/python3.12/site-packages/airflow/example_dags/example_python_operator.py
[2025-04-15T19:47:13.817+0000] {logging_mixin.py:190} INFO - [2025-04-15T19:47:13.817+0000] {dag.py:3239} INFO - Sync 1 DAGs
[2025-04-15T19:47:13.836+0000] {logging_mixin.py:190} INFO - [2025-04-15T19:47:13.836+0000] {dag.py:4180} INFO - Setting next_dagrun for example_python_operator to None, run_after=None
[2025-04-15T19:47:13.862+0000] {processor.py:208} INFO - Processing /home/airflow/.local/lib/python3.12/site-packages/airflow/example_dags/example_python_operator.py took 0.094 seconds
[2025-04-15T19:47:44.097+0000] {processor.py:186} INFO - Started process (PID=17378) to work on /home/airflow/.local/lib/python3.12/site-packages/airflow/example_dags/example_python_operator.py
[2025-04-15T19:47:44.101+0000] {processor.py:914} INFO - Processing file /home/airflow/.local/lib/python3.12/site-packages/airflow/example_dags/example_python_operator.py for tasks to queue
[2025-04-15T19:47:44.104+0000] {logging_mixin.py:190} INFO - [2025-04-15T19:47:44.103+0000] {dagbag.py:588} INFO - Filling up the DagBag from /home/airflow/.local/lib/python3.12/site-packages/airflow/example_dags/example_python_operator.py
[2025-04-15T19:47:44.131+0000] {processor.py:925} INFO - DAG(s) 'example_python_operator' retrieved from /home/airflow/.local/lib/python3.12/site-packages/airflow/example_dags/example_python_operator.py
[2025-04-15T19:47:44.178+0000] {logging_mixin.py:190} INFO - [2025-04-15T19:47:44.178+0000] {dag.py:3239} INFO - Sync 1 DAGs
[2025-04-15T19:47:44.203+0000] {logging_mixin.py:190} INFO - [2025-04-15T19:47:44.203+0000] {dag.py:4180} INFO - Setting next_dagrun for example_python_operator to None, run_after=None
[2025-04-15T19:47:44.240+0000] {processor.py:208} INFO - Processing /home/airflow/.local/lib/python3.12/site-packages/airflow/example_dags/example_python_operator.py took 0.156 seconds
[2025-04-15T19:48:14.355+0000] {processor.py:186} INFO - Started process (PID=17445) to work on /home/airflow/.local/lib/python3.12/site-packages/airflow/example_dags/example_python_operator.py
[2025-04-15T19:48:14.356+0000] {processor.py:914} INFO - Processing file /home/airflow/.local/lib/python3.12/site-packages/airflow/example_dags/example_python_operator.py for tasks to queue
[2025-04-15T19:48:14.358+0000] {logging_mixin.py:190} INFO - [2025-04-15T19:48:14.358+0000] {dagbag.py:588} INFO - Filling up the DagBag from /home/airflow/.local/lib/python3.12/site-packages/airflow/example_dags/example_python_operator.py
[2025-04-15T19:48:14.377+0000] {processor.py:925} INFO - DAG(s) 'example_python_operator' retrieved from /home/airflow/.local/lib/python3.12/site-packages/airflow/example_dags/example_python_operator.py
[2025-04-15T19:48:14.407+0000] {logging_mixin.py:190} INFO - [2025-04-15T19:48:14.407+0000] {dag.py:3239} INFO - Sync 1 DAGs
[2025-04-15T19:48:14.426+0000] {logging_mixin.py:190} INFO - [2025-04-15T19:48:14.426+0000] {dag.py:4180} INFO - Setting next_dagrun for example_python_operator to None, run_after=None
[2025-04-15T19:48:14.454+0000] {processor.py:208} INFO - Processing /home/airflow/.local/lib/python3.12/site-packages/airflow/example_dags/example_python_operator.py took 0.106 seconds
[2025-04-15T19:48:44.713+0000] {processor.py:186} INFO - Started process (PID=17513) to work on /home/airflow/.local/lib/python3.12/site-packages/airflow/example_dags/example_python_operator.py
[2025-04-15T19:48:44.714+0000] {processor.py:914} INFO - Processing file /home/airflow/.local/lib/python3.12/site-packages/airflow/example_dags/example_python_operator.py for tasks to queue
[2025-04-15T19:48:44.716+0000] {logging_mixin.py:190} INFO - [2025-04-15T19:48:44.715+0000] {dagbag.py:588} INFO - Filling up the DagBag from /home/airflow/.local/lib/python3.12/site-packages/airflow/example_dags/example_python_operator.py
[2025-04-15T19:48:44.733+0000] {processor.py:925} INFO - DAG(s) 'example_python_operator' retrieved from /home/airflow/.local/lib/python3.12/site-packages/airflow/example_dags/example_python_operator.py
[2025-04-15T19:48:44.770+0000] {logging_mixin.py:190} INFO - [2025-04-15T19:48:44.769+0000] {dag.py:3239} INFO - Sync 1 DAGs
[2025-04-15T19:48:44.797+0000] {logging_mixin.py:190} INFO - [2025-04-15T19:48:44.796+0000] {dag.py:4180} INFO - Setting next_dagrun for example_python_operator to None, run_after=None
[2025-04-15T19:48:44.829+0000] {processor.py:208} INFO - Processing /home/airflow/.local/lib/python3.12/site-packages/airflow/example_dags/example_python_operator.py took 0.125 seconds
[2025-04-15T19:49:15.582+0000] {processor.py:186} INFO - Started process (PID=17579) to work on /home/airflow/.local/lib/python3.12/site-packages/airflow/example_dags/example_python_operator.py
[2025-04-15T19:49:15.584+0000] {processor.py:914} INFO - Processing file /home/airflow/.local/lib/python3.12/site-packages/airflow/example_dags/example_python_operator.py for tasks to queue
[2025-04-15T19:49:15.586+0000] {logging_mixin.py:190} INFO - [2025-04-15T19:49:15.586+0000] {dagbag.py:588} INFO - Filling up the DagBag from /home/airflow/.local/lib/python3.12/site-packages/airflow/example_dags/example_python_operator.py
[2025-04-15T19:49:15.603+0000] {processor.py:925} INFO - DAG(s) 'example_python_operator' retrieved from /home/airflow/.local/lib/python3.12/site-packages/airflow/example_dags/example_python_operator.py
[2025-04-15T19:49:15.638+0000] {logging_mixin.py:190} INFO - [2025-04-15T19:49:15.637+0000] {dag.py:3239} INFO - Sync 1 DAGs
[2025-04-15T19:49:15.663+0000] {logging_mixin.py:190} INFO - [2025-04-15T19:49:15.662+0000] {dag.py:4180} INFO - Setting next_dagrun for example_python_operator to None, run_after=None
[2025-04-15T19:49:15.693+0000] {processor.py:208} INFO - Processing /home/airflow/.local/lib/python3.12/site-packages/airflow/example_dags/example_python_operator.py took 0.119 seconds
[2025-04-15T19:49:46.333+0000] {processor.py:186} INFO - Started process (PID=17646) to work on /home/airflow/.local/lib/python3.12/site-packages/airflow/example_dags/example_python_operator.py
[2025-04-15T19:49:46.334+0000] {processor.py:914} INFO - Processing file /home/airflow/.local/lib/python3.12/site-packages/airflow/example_dags/example_python_operator.py for tasks to queue
[2025-04-15T19:49:46.336+0000] {logging_mixin.py:190} INFO - [2025-04-15T19:49:46.335+0000] {dagbag.py:588} INFO - Filling up the DagBag from /home/airflow/.local/lib/python3.12/site-packages/airflow/example_dags/example_python_operator.py
[2025-04-15T19:49:46.352+0000] {processor.py:925} INFO - DAG(s) 'example_python_operator' retrieved from /home/airflow/.local/lib/python3.12/site-packages/airflow/example_dags/example_python_operator.py
[2025-04-15T19:49:46.383+0000] {logging_mixin.py:190} INFO - [2025-04-15T19:49:46.382+0000] {dag.py:3239} INFO - Sync 1 DAGs
[2025-04-15T19:49:46.403+0000] {logging_mixin.py:190} INFO - [2025-04-15T19:49:46.403+0000] {dag.py:4180} INFO - Setting next_dagrun for example_python_operator to None, run_after=None
[2025-04-15T19:49:46.433+0000] {processor.py:208} INFO - Processing /home/airflow/.local/lib/python3.12/site-packages/airflow/example_dags/example_python_operator.py took 0.108 seconds
[2025-04-15T19:50:17.029+0000] {processor.py:186} INFO - Started process (PID=17713) to work on /home/airflow/.local/lib/python3.12/site-packages/airflow/example_dags/example_python_operator.py
[2025-04-15T19:50:17.031+0000] {processor.py:914} INFO - Processing file /home/airflow/.local/lib/python3.12/site-packages/airflow/example_dags/example_python_operator.py for tasks to queue
[2025-04-15T19:50:17.034+0000] {logging_mixin.py:190} INFO - [2025-04-15T19:50:17.033+0000] {dagbag.py:588} INFO - Filling up the DagBag from /home/airflow/.local/lib/python3.12/site-packages/airflow/example_dags/example_python_operator.py
[2025-04-15T19:50:17.052+0000] {processor.py:925} INFO - DAG(s) 'example_python_operator' retrieved from /home/airflow/.local/lib/python3.12/site-packages/airflow/example_dags/example_python_operator.py
[2025-04-15T19:50:17.088+0000] {logging_mixin.py:190} INFO - [2025-04-15T19:50:17.088+0000] {dag.py:3239} INFO - Sync 1 DAGs
[2025-04-15T19:50:17.109+0000] {logging_mixin.py:190} INFO - [2025-04-15T19:50:17.108+0000] {dag.py:4180} INFO - Setting next_dagrun for example_python_operator to None, run_after=None
[2025-04-15T19:50:17.139+0000] {processor.py:208} INFO - Processing /home/airflow/.local/lib/python3.12/site-packages/airflow/example_dags/example_python_operator.py took 0.119 seconds
[2025-04-15T19:50:47.703+0000] {processor.py:186} INFO - Started process (PID=17780) to work on /home/airflow/.local/lib/python3.12/site-packages/airflow/example_dags/example_python_operator.py
[2025-04-15T19:50:47.704+0000] {processor.py:914} INFO - Processing file /home/airflow/.local/lib/python3.12/site-packages/airflow/example_dags/example_python_operator.py for tasks to queue
[2025-04-15T19:50:47.706+0000] {logging_mixin.py:190} INFO - [2025-04-15T19:50:47.705+0000] {dagbag.py:588} INFO - Filling up the DagBag from /home/airflow/.local/lib/python3.12/site-packages/airflow/example_dags/example_python_operator.py
[2025-04-15T19:50:47.718+0000] {processor.py:925} INFO - DAG(s) 'example_python_operator' retrieved from /home/airflow/.local/lib/python3.12/site-packages/airflow/example_dags/example_python_operator.py
[2025-04-15T19:50:47.742+0000] {logging_mixin.py:190} INFO - [2025-04-15T19:50:47.741+0000] {dag.py:3239} INFO - Sync 1 DAGs
[2025-04-15T19:50:47.757+0000] {logging_mixin.py:190} INFO - [2025-04-15T19:50:47.756+0000] {dag.py:4180} INFO - Setting next_dagrun for example_python_operator to None, run_after=None
[2025-04-15T19:50:47.780+0000] {processor.py:208} INFO - Processing /home/airflow/.local/lib/python3.12/site-packages/airflow/example_dags/example_python_operator.py took 0.082 seconds
[2025-04-15T19:51:19.087+0000] {processor.py:186} INFO - Started process (PID=17845) to work on /home/airflow/.local/lib/python3.12/site-packages/airflow/example_dags/example_python_operator.py
[2025-04-15T19:51:19.088+0000] {processor.py:914} INFO - Processing file /home/airflow/.local/lib/python3.12/site-packages/airflow/example_dags/example_python_operator.py for tasks to queue
[2025-04-15T19:51:19.091+0000] {logging_mixin.py:190} INFO - [2025-04-15T19:51:19.091+0000] {dagbag.py:588} INFO - Filling up the DagBag from /home/airflow/.local/lib/python3.12/site-packages/airflow/example_dags/example_python_operator.py
[2025-04-15T19:51:19.109+0000] {processor.py:925} INFO - DAG(s) 'example_python_operator' retrieved from /home/airflow/.local/lib/python3.12/site-packages/airflow/example_dags/example_python_operator.py
[2025-04-15T19:51:19.144+0000] {logging_mixin.py:190} INFO - [2025-04-15T19:51:19.144+0000] {dag.py:3239} INFO - Sync 1 DAGs
[2025-04-15T19:51:19.172+0000] {logging_mixin.py:190} INFO - [2025-04-15T19:51:19.171+0000] {dag.py:4180} INFO - Setting next_dagrun for example_python_operator to None, run_after=None
[2025-04-15T19:51:19.204+0000] {processor.py:208} INFO - Processing /home/airflow/.local/lib/python3.12/site-packages/airflow/example_dags/example_python_operator.py took 0.125 seconds
[2025-04-15T19:51:49.640+0000] {processor.py:186} INFO - Started process (PID=17911) to work on /home/airflow/.local/lib/python3.12/site-packages/airflow/example_dags/example_python_operator.py
[2025-04-15T19:51:49.641+0000] {processor.py:914} INFO - Processing file /home/airflow/.local/lib/python3.12/site-packages/airflow/example_dags/example_python_operator.py for tasks to queue
[2025-04-15T19:51:49.643+0000] {logging_mixin.py:190} INFO - [2025-04-15T19:51:49.643+0000] {dagbag.py:588} INFO - Filling up the DagBag from /home/airflow/.local/lib/python3.12/site-packages/airflow/example_dags/example_python_operator.py
[2025-04-15T19:51:49.662+0000] {processor.py:925} INFO - DAG(s) 'example_python_operator' retrieved from /home/airflow/.local/lib/python3.12/site-packages/airflow/example_dags/example_python_operator.py
[2025-04-15T19:51:49.699+0000] {logging_mixin.py:190} INFO - [2025-04-15T19:51:49.698+0000] {dag.py:3239} INFO - Sync 1 DAGs
[2025-04-15T19:51:49.723+0000] {logging_mixin.py:190} INFO - [2025-04-15T19:51:49.723+0000] {dag.py:4180} INFO - Setting next_dagrun for example_python_operator to None, run_after=None
[2025-04-15T19:51:49.756+0000] {processor.py:208} INFO - Processing /home/airflow/.local/lib/python3.12/site-packages/airflow/example_dags/example_python_operator.py took 0.125 seconds
[2025-04-15T19:52:20.666+0000] {processor.py:186} INFO - Started process (PID=17977) to work on /home/airflow/.local/lib/python3.12/site-packages/airflow/example_dags/example_python_operator.py
[2025-04-15T19:52:20.668+0000] {processor.py:914} INFO - Processing file /home/airflow/.local/lib/python3.12/site-packages/airflow/example_dags/example_python_operator.py for tasks to queue
[2025-04-15T19:52:20.669+0000] {logging_mixin.py:190} INFO - [2025-04-15T19:52:20.669+0000] {dagbag.py:588} INFO - Filling up the DagBag from /home/airflow/.local/lib/python3.12/site-packages/airflow/example_dags/example_python_operator.py
[2025-04-15T19:52:20.687+0000] {processor.py:925} INFO - DAG(s) 'example_python_operator' retrieved from /home/airflow/.local/lib/python3.12/site-packages/airflow/example_dags/example_python_operator.py
[2025-04-15T19:52:20.721+0000] {logging_mixin.py:190} INFO - [2025-04-15T19:52:20.721+0000] {dag.py:3239} INFO - Sync 1 DAGs
[2025-04-15T19:52:20.744+0000] {logging_mixin.py:190} INFO - [2025-04-15T19:52:20.743+0000] {dag.py:4180} INFO - Setting next_dagrun for example_python_operator to None, run_after=None
[2025-04-15T19:52:20.775+0000] {processor.py:208} INFO - Processing /home/airflow/.local/lib/python3.12/site-packages/airflow/example_dags/example_python_operator.py took 0.116 seconds
[2025-04-15T19:52:50.902+0000] {processor.py:186} INFO - Started process (PID=18043) to work on /home/airflow/.local/lib/python3.12/site-packages/airflow/example_dags/example_python_operator.py
[2025-04-15T19:52:50.904+0000] {processor.py:914} INFO - Processing file /home/airflow/.local/lib/python3.12/site-packages/airflow/example_dags/example_python_operator.py for tasks to queue
[2025-04-15T19:52:50.905+0000] {logging_mixin.py:190} INFO - [2025-04-15T19:52:50.905+0000] {dagbag.py:588} INFO - Filling up the DagBag from /home/airflow/.local/lib/python3.12/site-packages/airflow/example_dags/example_python_operator.py
[2025-04-15T19:52:50.916+0000] {processor.py:925} INFO - DAG(s) 'example_python_operator' retrieved from /home/airflow/.local/lib/python3.12/site-packages/airflow/example_dags/example_python_operator.py
[2025-04-15T19:52:50.941+0000] {logging_mixin.py:190} INFO - [2025-04-15T19:52:50.941+0000] {dag.py:3239} INFO - Sync 1 DAGs
[2025-04-15T19:52:50.959+0000] {logging_mixin.py:190} INFO - [2025-04-15T19:52:50.959+0000] {dag.py:4180} INFO - Setting next_dagrun for example_python_operator to None, run_after=None
[2025-04-15T19:52:50.982+0000] {processor.py:208} INFO - Processing /home/airflow/.local/lib/python3.12/site-packages/airflow/example_dags/example_python_operator.py took 0.085 seconds
[2025-04-15T19:53:21.140+0000] {processor.py:186} INFO - Started process (PID=18110) to work on /home/airflow/.local/lib/python3.12/site-packages/airflow/example_dags/example_python_operator.py
[2025-04-15T19:53:21.142+0000] {processor.py:914} INFO - Processing file /home/airflow/.local/lib/python3.12/site-packages/airflow/example_dags/example_python_operator.py for tasks to queue
[2025-04-15T19:53:21.144+0000] {logging_mixin.py:190} INFO - [2025-04-15T19:53:21.143+0000] {dagbag.py:588} INFO - Filling up the DagBag from /home/airflow/.local/lib/python3.12/site-packages/airflow/example_dags/example_python_operator.py
[2025-04-15T19:53:21.163+0000] {processor.py:925} INFO - DAG(s) 'example_python_operator' retrieved from /home/airflow/.local/lib/python3.12/site-packages/airflow/example_dags/example_python_operator.py
[2025-04-15T19:53:21.197+0000] {logging_mixin.py:190} INFO - [2025-04-15T19:53:21.197+0000] {dag.py:3239} INFO - Sync 1 DAGs
[2025-04-15T19:53:21.223+0000] {logging_mixin.py:190} INFO - [2025-04-15T19:53:21.223+0000] {dag.py:4180} INFO - Setting next_dagrun for example_python_operator to None, run_after=None
[2025-04-15T19:53:21.255+0000] {processor.py:208} INFO - Processing /home/airflow/.local/lib/python3.12/site-packages/airflow/example_dags/example_python_operator.py took 0.124 seconds
[2025-04-15T19:53:51.412+0000] {processor.py:186} INFO - Started process (PID=18177) to work on /home/airflow/.local/lib/python3.12/site-packages/airflow/example_dags/example_python_operator.py
[2025-04-15T19:53:51.413+0000] {processor.py:914} INFO - Processing file /home/airflow/.local/lib/python3.12/site-packages/airflow/example_dags/example_python_operator.py for tasks to queue
[2025-04-15T19:53:51.414+0000] {logging_mixin.py:190} INFO - [2025-04-15T19:53:51.414+0000] {dagbag.py:588} INFO - Filling up the DagBag from /home/airflow/.local/lib/python3.12/site-packages/airflow/example_dags/example_python_operator.py
[2025-04-15T19:53:51.427+0000] {processor.py:925} INFO - DAG(s) 'example_python_operator' retrieved from /home/airflow/.local/lib/python3.12/site-packages/airflow/example_dags/example_python_operator.py
[2025-04-15T19:53:51.451+0000] {logging_mixin.py:190} INFO - [2025-04-15T19:53:51.451+0000] {dag.py:3239} INFO - Sync 1 DAGs
[2025-04-15T19:53:51.468+0000] {logging_mixin.py:190} INFO - [2025-04-15T19:53:51.468+0000] {dag.py:4180} INFO - Setting next_dagrun for example_python_operator to None, run_after=None
[2025-04-15T19:53:51.491+0000] {processor.py:208} INFO - Processing /home/airflow/.local/lib/python3.12/site-packages/airflow/example_dags/example_python_operator.py took 0.086 seconds
[2025-04-15T19:54:21.643+0000] {processor.py:186} INFO - Started process (PID=18242) to work on /home/airflow/.local/lib/python3.12/site-packages/airflow/example_dags/example_python_operator.py
[2025-04-15T19:54:21.644+0000] {processor.py:914} INFO - Processing file /home/airflow/.local/lib/python3.12/site-packages/airflow/example_dags/example_python_operator.py for tasks to queue
[2025-04-15T19:54:21.646+0000] {logging_mixin.py:190} INFO - [2025-04-15T19:54:21.646+0000] {dagbag.py:588} INFO - Filling up the DagBag from /home/airflow/.local/lib/python3.12/site-packages/airflow/example_dags/example_python_operator.py
[2025-04-15T19:54:21.666+0000] {processor.py:925} INFO - DAG(s) 'example_python_operator' retrieved from /home/airflow/.local/lib/python3.12/site-packages/airflow/example_dags/example_python_operator.py
[2025-04-15T19:54:21.701+0000] {logging_mixin.py:190} INFO - [2025-04-15T19:54:21.700+0000] {dag.py:3239} INFO - Sync 1 DAGs
[2025-04-15T19:54:21.725+0000] {logging_mixin.py:190} INFO - [2025-04-15T19:54:21.725+0000] {dag.py:4180} INFO - Setting next_dagrun for example_python_operator to None, run_after=None
[2025-04-15T19:54:21.769+0000] {processor.py:208} INFO - Processing /home/airflow/.local/lib/python3.12/site-packages/airflow/example_dags/example_python_operator.py took 0.137 seconds
[2025-04-15T19:54:52.084+0000] {processor.py:186} INFO - Started process (PID=18309) to work on /home/airflow/.local/lib/python3.12/site-packages/airflow/example_dags/example_python_operator.py
[2025-04-15T19:54:52.086+0000] {processor.py:914} INFO - Processing file /home/airflow/.local/lib/python3.12/site-packages/airflow/example_dags/example_python_operator.py for tasks to queue
[2025-04-15T19:54:52.088+0000] {logging_mixin.py:190} INFO - [2025-04-15T19:54:52.087+0000] {dagbag.py:588} INFO - Filling up the DagBag from /home/airflow/.local/lib/python3.12/site-packages/airflow/example_dags/example_python_operator.py
[2025-04-15T19:54:52.105+0000] {processor.py:925} INFO - DAG(s) 'example_python_operator' retrieved from /home/airflow/.local/lib/python3.12/site-packages/airflow/example_dags/example_python_operator.py
[2025-04-15T19:54:52.140+0000] {logging_mixin.py:190} INFO - [2025-04-15T19:54:52.140+0000] {dag.py:3239} INFO - Sync 1 DAGs
[2025-04-15T19:54:52.163+0000] {logging_mixin.py:190} INFO - [2025-04-15T19:54:52.163+0000] {dag.py:4180} INFO - Setting next_dagrun for example_python_operator to None, run_after=None
[2025-04-15T19:54:52.191+0000] {processor.py:208} INFO - Processing /home/airflow/.local/lib/python3.12/site-packages/airflow/example_dags/example_python_operator.py took 0.115 seconds
[2025-04-15T19:55:22.840+0000] {processor.py:186} INFO - Started process (PID=18376) to work on /home/airflow/.local/lib/python3.12/site-packages/airflow/example_dags/example_python_operator.py
[2025-04-15T19:55:22.841+0000] {processor.py:914} INFO - Processing file /home/airflow/.local/lib/python3.12/site-packages/airflow/example_dags/example_python_operator.py for tasks to queue
[2025-04-15T19:55:22.844+0000] {logging_mixin.py:190} INFO - [2025-04-15T19:55:22.843+0000] {dagbag.py:588} INFO - Filling up the DagBag from /home/airflow/.local/lib/python3.12/site-packages/airflow/example_dags/example_python_operator.py
[2025-04-15T19:55:22.862+0000] {processor.py:925} INFO - DAG(s) 'example_python_operator' retrieved from /home/airflow/.local/lib/python3.12/site-packages/airflow/example_dags/example_python_operator.py
[2025-04-15T19:55:22.897+0000] {logging_mixin.py:190} INFO - [2025-04-15T19:55:22.897+0000] {dag.py:3239} INFO - Sync 1 DAGs
[2025-04-15T19:55:22.927+0000] {logging_mixin.py:190} INFO - [2025-04-15T19:55:22.927+0000] {dag.py:4180} INFO - Setting next_dagrun for example_python_operator to None, run_after=None
[2025-04-15T19:55:22.962+0000] {processor.py:208} INFO - Processing /home/airflow/.local/lib/python3.12/site-packages/airflow/example_dags/example_python_operator.py took 0.131 seconds
[2025-04-15T19:55:53.243+0000] {processor.py:186} INFO - Started process (PID=18443) to work on /home/airflow/.local/lib/python3.12/site-packages/airflow/example_dags/example_python_operator.py
[2025-04-15T19:55:53.245+0000] {processor.py:914} INFO - Processing file /home/airflow/.local/lib/python3.12/site-packages/airflow/example_dags/example_python_operator.py for tasks to queue
[2025-04-15T19:55:53.247+0000] {logging_mixin.py:190} INFO - [2025-04-15T19:55:53.246+0000] {dagbag.py:588} INFO - Filling up the DagBag from /home/airflow/.local/lib/python3.12/site-packages/airflow/example_dags/example_python_operator.py
[2025-04-15T19:55:53.265+0000] {processor.py:925} INFO - DAG(s) 'example_python_operator' retrieved from /home/airflow/.local/lib/python3.12/site-packages/airflow/example_dags/example_python_operator.py
[2025-04-15T19:55:53.303+0000] {logging_mixin.py:190} INFO - [2025-04-15T19:55:53.303+0000] {dag.py:3239} INFO - Sync 1 DAGs
[2025-04-15T19:55:53.328+0000] {logging_mixin.py:190} INFO - [2025-04-15T19:55:53.328+0000] {dag.py:4180} INFO - Setting next_dagrun for example_python_operator to None, run_after=None
[2025-04-15T19:55:53.361+0000] {processor.py:208} INFO - Processing /home/airflow/.local/lib/python3.12/site-packages/airflow/example_dags/example_python_operator.py took 0.126 seconds
[2025-04-15T19:56:23.570+0000] {processor.py:186} INFO - Started process (PID=18510) to work on /home/airflow/.local/lib/python3.12/site-packages/airflow/example_dags/example_python_operator.py
[2025-04-15T19:56:23.571+0000] {processor.py:914} INFO - Processing file /home/airflow/.local/lib/python3.12/site-packages/airflow/example_dags/example_python_operator.py for tasks to queue
[2025-04-15T19:56:23.573+0000] {logging_mixin.py:190} INFO - [2025-04-15T19:56:23.573+0000] {dagbag.py:588} INFO - Filling up the DagBag from /home/airflow/.local/lib/python3.12/site-packages/airflow/example_dags/example_python_operator.py
[2025-04-15T19:56:23.592+0000] {processor.py:925} INFO - DAG(s) 'example_python_operator' retrieved from /home/airflow/.local/lib/python3.12/site-packages/airflow/example_dags/example_python_operator.py
[2025-04-15T19:56:23.630+0000] {logging_mixin.py:190} INFO - [2025-04-15T19:56:23.630+0000] {dag.py:3239} INFO - Sync 1 DAGs
[2025-04-15T19:56:23.655+0000] {logging_mixin.py:190} INFO - [2025-04-15T19:56:23.655+0000] {dag.py:4180} INFO - Setting next_dagrun for example_python_operator to None, run_after=None
[2025-04-15T19:56:23.688+0000] {processor.py:208} INFO - Processing /home/airflow/.local/lib/python3.12/site-packages/airflow/example_dags/example_python_operator.py took 0.127 seconds
[2025-04-15T19:56:54.260+0000] {processor.py:186} INFO - Started process (PID=18577) to work on /home/airflow/.local/lib/python3.12/site-packages/airflow/example_dags/example_python_operator.py
[2025-04-15T19:56:54.261+0000] {processor.py:914} INFO - Processing file /home/airflow/.local/lib/python3.12/site-packages/airflow/example_dags/example_python_operator.py for tasks to queue
[2025-04-15T19:56:54.263+0000] {logging_mixin.py:190} INFO - [2025-04-15T19:56:54.263+0000] {dagbag.py:588} INFO - Filling up the DagBag from /home/airflow/.local/lib/python3.12/site-packages/airflow/example_dags/example_python_operator.py
[2025-04-15T19:56:54.284+0000] {processor.py:925} INFO - DAG(s) 'example_python_operator' retrieved from /home/airflow/.local/lib/python3.12/site-packages/airflow/example_dags/example_python_operator.py
[2025-04-15T19:56:54.316+0000] {logging_mixin.py:190} INFO - [2025-04-15T19:56:54.316+0000] {dag.py:3239} INFO - Sync 1 DAGs
[2025-04-15T19:56:54.337+0000] {logging_mixin.py:190} INFO - [2025-04-15T19:56:54.337+0000] {dag.py:4180} INFO - Setting next_dagrun for example_python_operator to None, run_after=None
[2025-04-15T19:56:54.366+0000] {processor.py:208} INFO - Processing /home/airflow/.local/lib/python3.12/site-packages/airflow/example_dags/example_python_operator.py took 0.116 seconds
[2025-04-15T19:57:24.672+0000] {processor.py:186} INFO - Started process (PID=18644) to work on /home/airflow/.local/lib/python3.12/site-packages/airflow/example_dags/example_python_operator.py
[2025-04-15T19:57:24.673+0000] {processor.py:914} INFO - Processing file /home/airflow/.local/lib/python3.12/site-packages/airflow/example_dags/example_python_operator.py for tasks to queue
[2025-04-15T19:57:24.674+0000] {logging_mixin.py:190} INFO - [2025-04-15T19:57:24.674+0000] {dagbag.py:588} INFO - Filling up the DagBag from /home/airflow/.local/lib/python3.12/site-packages/airflow/example_dags/example_python_operator.py
[2025-04-15T19:57:24.688+0000] {processor.py:925} INFO - DAG(s) 'example_python_operator' retrieved from /home/airflow/.local/lib/python3.12/site-packages/airflow/example_dags/example_python_operator.py
[2025-04-15T19:57:24.720+0000] {logging_mixin.py:190} INFO - [2025-04-15T19:57:24.719+0000] {dag.py:3239} INFO - Sync 1 DAGs
[2025-04-15T19:57:24.737+0000] {logging_mixin.py:190} INFO - [2025-04-15T19:57:24.737+0000] {dag.py:4180} INFO - Setting next_dagrun for example_python_operator to None, run_after=None
[2025-04-15T19:57:24.760+0000] {processor.py:208} INFO - Processing /home/airflow/.local/lib/python3.12/site-packages/airflow/example_dags/example_python_operator.py took 0.094 seconds
[2025-04-15T19:57:55.319+0000] {processor.py:186} INFO - Started process (PID=18711) to work on /home/airflow/.local/lib/python3.12/site-packages/airflow/example_dags/example_python_operator.py
[2025-04-15T19:57:55.321+0000] {processor.py:914} INFO - Processing file /home/airflow/.local/lib/python3.12/site-packages/airflow/example_dags/example_python_operator.py for tasks to queue
[2025-04-15T19:57:55.323+0000] {logging_mixin.py:190} INFO - [2025-04-15T19:57:55.322+0000] {dagbag.py:588} INFO - Filling up the DagBag from /home/airflow/.local/lib/python3.12/site-packages/airflow/example_dags/example_python_operator.py
[2025-04-15T19:57:55.344+0000] {processor.py:925} INFO - DAG(s) 'example_python_operator' retrieved from /home/airflow/.local/lib/python3.12/site-packages/airflow/example_dags/example_python_operator.py
[2025-04-15T19:57:55.385+0000] {logging_mixin.py:190} INFO - [2025-04-15T19:57:55.385+0000] {dag.py:3239} INFO - Sync 1 DAGs
[2025-04-15T19:57:55.415+0000] {logging_mixin.py:190} INFO - [2025-04-15T19:57:55.414+0000] {dag.py:4180} INFO - Setting next_dagrun for example_python_operator to None, run_after=None
[2025-04-15T19:57:55.452+0000] {processor.py:208} INFO - Processing /home/airflow/.local/lib/python3.12/site-packages/airflow/example_dags/example_python_operator.py took 0.143 seconds
[2025-04-15T19:58:25.994+0000] {processor.py:186} INFO - Started process (PID=18784) to work on /home/airflow/.local/lib/python3.12/site-packages/airflow/example_dags/example_python_operator.py
[2025-04-15T19:58:25.995+0000] {processor.py:914} INFO - Processing file /home/airflow/.local/lib/python3.12/site-packages/airflow/example_dags/example_python_operator.py for tasks to queue
[2025-04-15T19:58:25.998+0000] {logging_mixin.py:190} INFO - [2025-04-15T19:58:25.997+0000] {dagbag.py:588} INFO - Filling up the DagBag from /home/airflow/.local/lib/python3.12/site-packages/airflow/example_dags/example_python_operator.py
[2025-04-15T19:58:26.015+0000] {processor.py:925} INFO - DAG(s) 'example_python_operator' retrieved from /home/airflow/.local/lib/python3.12/site-packages/airflow/example_dags/example_python_operator.py
[2025-04-15T19:58:26.053+0000] {logging_mixin.py:190} INFO - [2025-04-15T19:58:26.053+0000] {dag.py:3239} INFO - Sync 1 DAGs
[2025-04-15T19:58:26.077+0000] {logging_mixin.py:190} INFO - [2025-04-15T19:58:26.077+0000] {dag.py:4180} INFO - Setting next_dagrun for example_python_operator to None, run_after=None
[2025-04-15T19:58:26.108+0000] {processor.py:208} INFO - Processing /home/airflow/.local/lib/python3.12/site-packages/airflow/example_dags/example_python_operator.py took 0.125 seconds
[2025-04-15T19:58:56.298+0000] {processor.py:186} INFO - Started process (PID=18851) to work on /home/airflow/.local/lib/python3.12/site-packages/airflow/example_dags/example_python_operator.py
[2025-04-15T19:58:56.299+0000] {processor.py:914} INFO - Processing file /home/airflow/.local/lib/python3.12/site-packages/airflow/example_dags/example_python_operator.py for tasks to queue
[2025-04-15T19:58:56.301+0000] {logging_mixin.py:190} INFO - [2025-04-15T19:58:56.301+0000] {dagbag.py:588} INFO - Filling up the DagBag from /home/airflow/.local/lib/python3.12/site-packages/airflow/example_dags/example_python_operator.py
[2025-04-15T19:58:56.319+0000] {processor.py:925} INFO - DAG(s) 'example_python_operator' retrieved from /home/airflow/.local/lib/python3.12/site-packages/airflow/example_dags/example_python_operator.py
[2025-04-15T19:58:56.360+0000] {logging_mixin.py:190} INFO - [2025-04-15T19:58:56.360+0000] {dag.py:3239} INFO - Sync 1 DAGs
[2025-04-15T19:58:56.386+0000] {logging_mixin.py:190} INFO - [2025-04-15T19:58:56.385+0000] {dag.py:4180} INFO - Setting next_dagrun for example_python_operator to None, run_after=None
[2025-04-15T19:58:56.420+0000] {processor.py:208} INFO - Processing /home/airflow/.local/lib/python3.12/site-packages/airflow/example_dags/example_python_operator.py took 0.131 seconds
[2025-04-15T19:59:26.588+0000] {processor.py:186} INFO - Started process (PID=18919) to work on /home/airflow/.local/lib/python3.12/site-packages/airflow/example_dags/example_python_operator.py
[2025-04-15T19:59:26.589+0000] {processor.py:914} INFO - Processing file /home/airflow/.local/lib/python3.12/site-packages/airflow/example_dags/example_python_operator.py for tasks to queue
[2025-04-15T19:59:26.591+0000] {logging_mixin.py:190} INFO - [2025-04-15T19:59:26.590+0000] {dagbag.py:588} INFO - Filling up the DagBag from /home/airflow/.local/lib/python3.12/site-packages/airflow/example_dags/example_python_operator.py
[2025-04-15T19:59:26.603+0000] {processor.py:925} INFO - DAG(s) 'example_python_operator' retrieved from /home/airflow/.local/lib/python3.12/site-packages/airflow/example_dags/example_python_operator.py
[2025-04-15T19:59:26.628+0000] {logging_mixin.py:190} INFO - [2025-04-15T19:59:26.628+0000] {dag.py:3239} INFO - Sync 1 DAGs
[2025-04-15T19:59:26.647+0000] {logging_mixin.py:190} INFO - [2025-04-15T19:59:26.647+0000] {dag.py:4180} INFO - Setting next_dagrun for example_python_operator to None, run_after=None
[2025-04-15T19:59:26.670+0000] {processor.py:208} INFO - Processing /home/airflow/.local/lib/python3.12/site-packages/airflow/example_dags/example_python_operator.py took 0.089 seconds
[2025-04-15T19:59:57.373+0000] {processor.py:186} INFO - Started process (PID=18985) to work on /home/airflow/.local/lib/python3.12/site-packages/airflow/example_dags/example_python_operator.py
[2025-04-15T19:59:57.374+0000] {processor.py:914} INFO - Processing file /home/airflow/.local/lib/python3.12/site-packages/airflow/example_dags/example_python_operator.py for tasks to queue
[2025-04-15T19:59:57.376+0000] {logging_mixin.py:190} INFO - [2025-04-15T19:59:57.376+0000] {dagbag.py:588} INFO - Filling up the DagBag from /home/airflow/.local/lib/python3.12/site-packages/airflow/example_dags/example_python_operator.py
[2025-04-15T19:59:57.395+0000] {processor.py:925} INFO - DAG(s) 'example_python_operator' retrieved from /home/airflow/.local/lib/python3.12/site-packages/airflow/example_dags/example_python_operator.py
[2025-04-15T19:59:57.428+0000] {logging_mixin.py:190} INFO - [2025-04-15T19:59:57.428+0000] {dag.py:3239} INFO - Sync 1 DAGs
[2025-04-15T19:59:57.456+0000] {logging_mixin.py:190} INFO - [2025-04-15T19:59:57.455+0000] {dag.py:4180} INFO - Setting next_dagrun for example_python_operator to None, run_after=None
[2025-04-15T19:59:57.484+0000] {processor.py:208} INFO - Processing /home/airflow/.local/lib/python3.12/site-packages/airflow/example_dags/example_python_operator.py took 0.119 seconds
[2025-04-15T20:00:27.819+0000] {processor.py:186} INFO - Started process (PID=19052) to work on /home/airflow/.local/lib/python3.12/site-packages/airflow/example_dags/example_python_operator.py
[2025-04-15T20:00:27.821+0000] {processor.py:914} INFO - Processing file /home/airflow/.local/lib/python3.12/site-packages/airflow/example_dags/example_python_operator.py for tasks to queue
[2025-04-15T20:00:27.823+0000] {logging_mixin.py:190} INFO - [2025-04-15T20:00:27.822+0000] {dagbag.py:588} INFO - Filling up the DagBag from /home/airflow/.local/lib/python3.12/site-packages/airflow/example_dags/example_python_operator.py
[2025-04-15T20:00:27.843+0000] {processor.py:925} INFO - DAG(s) 'example_python_operator' retrieved from /home/airflow/.local/lib/python3.12/site-packages/airflow/example_dags/example_python_operator.py
[2025-04-15T20:00:27.879+0000] {logging_mixin.py:190} INFO - [2025-04-15T20:00:27.878+0000] {dag.py:3239} INFO - Sync 1 DAGs
[2025-04-15T20:00:27.902+0000] {logging_mixin.py:190} INFO - [2025-04-15T20:00:27.902+0000] {dag.py:4180} INFO - Setting next_dagrun for example_python_operator to None, run_after=None
[2025-04-15T20:00:27.934+0000] {processor.py:208} INFO - Processing /home/airflow/.local/lib/python3.12/site-packages/airflow/example_dags/example_python_operator.py took 0.123 seconds
[2025-04-15T20:00:58.211+0000] {processor.py:186} INFO - Started process (PID=19119) to work on /home/airflow/.local/lib/python3.12/site-packages/airflow/example_dags/example_python_operator.py
[2025-04-15T20:00:58.212+0000] {processor.py:914} INFO - Processing file /home/airflow/.local/lib/python3.12/site-packages/airflow/example_dags/example_python_operator.py for tasks to queue
[2025-04-15T20:00:58.215+0000] {logging_mixin.py:190} INFO - [2025-04-15T20:00:58.214+0000] {dagbag.py:588} INFO - Filling up the DagBag from /home/airflow/.local/lib/python3.12/site-packages/airflow/example_dags/example_python_operator.py
[2025-04-15T20:00:58.237+0000] {processor.py:925} INFO - DAG(s) 'example_python_operator' retrieved from /home/airflow/.local/lib/python3.12/site-packages/airflow/example_dags/example_python_operator.py
[2025-04-15T20:00:58.277+0000] {logging_mixin.py:190} INFO - [2025-04-15T20:00:58.277+0000] {dag.py:3239} INFO - Sync 1 DAGs
[2025-04-15T20:00:58.303+0000] {logging_mixin.py:190} INFO - [2025-04-15T20:00:58.302+0000] {dag.py:4180} INFO - Setting next_dagrun for example_python_operator to None, run_after=None
[2025-04-15T20:00:58.336+0000] {processor.py:208} INFO - Processing /home/airflow/.local/lib/python3.12/site-packages/airflow/example_dags/example_python_operator.py took 0.135 seconds
[2025-04-15T20:01:28.916+0000] {processor.py:186} INFO - Started process (PID=19186) to work on /home/airflow/.local/lib/python3.12/site-packages/airflow/example_dags/example_python_operator.py
[2025-04-15T20:01:28.917+0000] {processor.py:914} INFO - Processing file /home/airflow/.local/lib/python3.12/site-packages/airflow/example_dags/example_python_operator.py for tasks to queue
[2025-04-15T20:01:28.918+0000] {logging_mixin.py:190} INFO - [2025-04-15T20:01:28.918+0000] {dagbag.py:588} INFO - Filling up the DagBag from /home/airflow/.local/lib/python3.12/site-packages/airflow/example_dags/example_python_operator.py
[2025-04-15T20:01:28.936+0000] {processor.py:925} INFO - DAG(s) 'example_python_operator' retrieved from /home/airflow/.local/lib/python3.12/site-packages/airflow/example_dags/example_python_operator.py
[2025-04-15T20:01:28.967+0000] {logging_mixin.py:190} INFO - [2025-04-15T20:01:28.967+0000] {dag.py:3239} INFO - Sync 1 DAGs
[2025-04-15T20:01:28.991+0000] {logging_mixin.py:190} INFO - [2025-04-15T20:01:28.991+0000] {dag.py:4180} INFO - Setting next_dagrun for example_python_operator to None, run_after=None
[2025-04-15T20:01:29.014+0000] {processor.py:208} INFO - Processing /home/airflow/.local/lib/python3.12/site-packages/airflow/example_dags/example_python_operator.py took 0.104 seconds
[2025-04-15T20:01:59.477+0000] {processor.py:186} INFO - Started process (PID=19253) to work on /home/airflow/.local/lib/python3.12/site-packages/airflow/example_dags/example_python_operator.py
[2025-04-15T20:01:59.478+0000] {processor.py:914} INFO - Processing file /home/airflow/.local/lib/python3.12/site-packages/airflow/example_dags/example_python_operator.py for tasks to queue
[2025-04-15T20:01:59.482+0000] {logging_mixin.py:190} INFO - [2025-04-15T20:01:59.481+0000] {dagbag.py:588} INFO - Filling up the DagBag from /home/airflow/.local/lib/python3.12/site-packages/airflow/example_dags/example_python_operator.py
[2025-04-15T20:01:59.500+0000] {processor.py:925} INFO - DAG(s) 'example_python_operator' retrieved from /home/airflow/.local/lib/python3.12/site-packages/airflow/example_dags/example_python_operator.py
[2025-04-15T20:01:59.540+0000] {logging_mixin.py:190} INFO - [2025-04-15T20:01:59.540+0000] {dag.py:3239} INFO - Sync 1 DAGs
[2025-04-15T20:01:59.567+0000] {logging_mixin.py:190} INFO - [2025-04-15T20:01:59.566+0000] {dag.py:4180} INFO - Setting next_dagrun for example_python_operator to None, run_after=None
[2025-04-15T20:01:59.599+0000] {processor.py:208} INFO - Processing /home/airflow/.local/lib/python3.12/site-packages/airflow/example_dags/example_python_operator.py took 0.130 seconds
[2025-04-15T20:02:30.149+0000] {processor.py:186} INFO - Started process (PID=19320) to work on /home/airflow/.local/lib/python3.12/site-packages/airflow/example_dags/example_python_operator.py
[2025-04-15T20:02:30.151+0000] {processor.py:914} INFO - Processing file /home/airflow/.local/lib/python3.12/site-packages/airflow/example_dags/example_python_operator.py for tasks to queue
[2025-04-15T20:02:30.153+0000] {logging_mixin.py:190} INFO - [2025-04-15T20:02:30.152+0000] {dagbag.py:588} INFO - Filling up the DagBag from /home/airflow/.local/lib/python3.12/site-packages/airflow/example_dags/example_python_operator.py
[2025-04-15T20:02:30.173+0000] {processor.py:925} INFO - DAG(s) 'example_python_operator' retrieved from /home/airflow/.local/lib/python3.12/site-packages/airflow/example_dags/example_python_operator.py
[2025-04-15T20:02:30.207+0000] {logging_mixin.py:190} INFO - [2025-04-15T20:02:30.207+0000] {dag.py:3239} INFO - Sync 1 DAGs
[2025-04-15T20:02:30.231+0000] {logging_mixin.py:190} INFO - [2025-04-15T20:02:30.231+0000] {dag.py:4180} INFO - Setting next_dagrun for example_python_operator to None, run_after=None
[2025-04-15T20:02:30.261+0000] {processor.py:208} INFO - Processing /home/airflow/.local/lib/python3.12/site-packages/airflow/example_dags/example_python_operator.py took 0.120 seconds
[2025-04-15T20:03:00.768+0000] {processor.py:186} INFO - Started process (PID=19387) to work on /home/airflow/.local/lib/python3.12/site-packages/airflow/example_dags/example_python_operator.py
[2025-04-15T20:03:00.770+0000] {processor.py:914} INFO - Processing file /home/airflow/.local/lib/python3.12/site-packages/airflow/example_dags/example_python_operator.py for tasks to queue
[2025-04-15T20:03:00.772+0000] {logging_mixin.py:190} INFO - [2025-04-15T20:03:00.772+0000] {dagbag.py:588} INFO - Filling up the DagBag from /home/airflow/.local/lib/python3.12/site-packages/airflow/example_dags/example_python_operator.py
[2025-04-15T20:03:00.790+0000] {processor.py:925} INFO - DAG(s) 'example_python_operator' retrieved from /home/airflow/.local/lib/python3.12/site-packages/airflow/example_dags/example_python_operator.py
[2025-04-15T20:03:00.822+0000] {logging_mixin.py:190} INFO - [2025-04-15T20:03:00.822+0000] {dag.py:3239} INFO - Sync 1 DAGs
[2025-04-15T20:03:00.843+0000] {logging_mixin.py:190} INFO - [2025-04-15T20:03:00.843+0000] {dag.py:4180} INFO - Setting next_dagrun for example_python_operator to None, run_after=None
[2025-04-15T20:03:00.871+0000] {processor.py:208} INFO - Processing /home/airflow/.local/lib/python3.12/site-packages/airflow/example_dags/example_python_operator.py took 0.112 seconds
[2025-04-15T20:03:31.039+0000] {processor.py:186} INFO - Started process (PID=19454) to work on /home/airflow/.local/lib/python3.12/site-packages/airflow/example_dags/example_python_operator.py
[2025-04-15T20:03:31.040+0000] {processor.py:914} INFO - Processing file /home/airflow/.local/lib/python3.12/site-packages/airflow/example_dags/example_python_operator.py for tasks to queue
[2025-04-15T20:03:31.043+0000] {logging_mixin.py:190} INFO - [2025-04-15T20:03:31.042+0000] {dagbag.py:588} INFO - Filling up the DagBag from /home/airflow/.local/lib/python3.12/site-packages/airflow/example_dags/example_python_operator.py
[2025-04-15T20:03:31.062+0000] {processor.py:925} INFO - DAG(s) 'example_python_operator' retrieved from /home/airflow/.local/lib/python3.12/site-packages/airflow/example_dags/example_python_operator.py
[2025-04-15T20:03:31.097+0000] {logging_mixin.py:190} INFO - [2025-04-15T20:03:31.096+0000] {dag.py:3239} INFO - Sync 1 DAGs
[2025-04-15T20:03:31.126+0000] {logging_mixin.py:190} INFO - [2025-04-15T20:03:31.125+0000] {dag.py:4180} INFO - Setting next_dagrun for example_python_operator to None, run_after=None
[2025-04-15T20:03:31.161+0000] {processor.py:208} INFO - Processing /home/airflow/.local/lib/python3.12/site-packages/airflow/example_dags/example_python_operator.py took 0.130 seconds
[2025-04-15T20:04:01.699+0000] {processor.py:186} INFO - Started process (PID=19522) to work on /home/airflow/.local/lib/python3.12/site-packages/airflow/example_dags/example_python_operator.py
[2025-04-15T20:04:01.700+0000] {processor.py:914} INFO - Processing file /home/airflow/.local/lib/python3.12/site-packages/airflow/example_dags/example_python_operator.py for tasks to queue
[2025-04-15T20:04:01.703+0000] {logging_mixin.py:190} INFO - [2025-04-15T20:04:01.702+0000] {dagbag.py:588} INFO - Filling up the DagBag from /home/airflow/.local/lib/python3.12/site-packages/airflow/example_dags/example_python_operator.py
[2025-04-15T20:04:01.716+0000] {processor.py:925} INFO - DAG(s) 'example_python_operator' retrieved from /home/airflow/.local/lib/python3.12/site-packages/airflow/example_dags/example_python_operator.py
[2025-04-15T20:04:01.741+0000] {logging_mixin.py:190} INFO - [2025-04-15T20:04:01.741+0000] {dag.py:3239} INFO - Sync 1 DAGs
[2025-04-15T20:04:01.758+0000] {logging_mixin.py:190} INFO - [2025-04-15T20:04:01.758+0000] {dag.py:4180} INFO - Setting next_dagrun for example_python_operator to None, run_after=None
[2025-04-15T20:04:01.784+0000] {processor.py:208} INFO - Processing /home/airflow/.local/lib/python3.12/site-packages/airflow/example_dags/example_python_operator.py took 0.091 seconds
[2025-04-15T23:04:27.616+0000] {processor.py:186} INFO - Started process (PID=19564) to work on /home/airflow/.local/lib/python3.12/site-packages/airflow/example_dags/example_python_operator.py
[2025-04-15T23:04:27.617+0000] {processor.py:914} INFO - Processing file /home/airflow/.local/lib/python3.12/site-packages/airflow/example_dags/example_python_operator.py for tasks to queue
[2025-04-15T23:04:27.618+0000] {logging_mixin.py:190} INFO - [2025-04-15T23:04:27.618+0000] {dagbag.py:588} INFO - Filling up the DagBag from /home/airflow/.local/lib/python3.12/site-packages/airflow/example_dags/example_python_operator.py
[2025-04-15T23:04:27.633+0000] {processor.py:925} INFO - DAG(s) 'example_python_operator' retrieved from /home/airflow/.local/lib/python3.12/site-packages/airflow/example_dags/example_python_operator.py
[2025-04-15T23:04:27.657+0000] {logging_mixin.py:190} INFO - [2025-04-15T23:04:27.656+0000] {dag.py:3239} INFO - Sync 1 DAGs
[2025-04-15T23:04:27.673+0000] {logging_mixin.py:190} INFO - [2025-04-15T23:04:27.673+0000] {dag.py:4180} INFO - Setting next_dagrun for example_python_operator to None, run_after=None
[2025-04-15T23:04:27.696+0000] {processor.py:208} INFO - Processing /home/airflow/.local/lib/python3.12/site-packages/airflow/example_dags/example_python_operator.py took 0.086 seconds
