[2025-04-15T19:34:55.938+0000] {processor.py:186} INFO - Started process (PID=15746) to work on /home/airflow/.local/lib/python3.12/site-packages/airflow/example_dags/example_params_ui_tutorial.py
[2025-04-15T19:34:55.940+0000] {processor.py:914} INFO - Processing file /home/airflow/.local/lib/python3.12/site-packages/airflow/example_dags/example_params_ui_tutorial.py for tasks to queue
[2025-04-15T19:34:55.943+0000] {logging_mixin.py:190} INFO - [2025-04-15T19:34:55.943+0000] {dagbag.py:588} INFO - Filling up the DagBag from /home/airflow/.local/lib/python3.12/site-packages/airflow/example_dags/example_params_ui_tutorial.py
[2025-04-15T19:34:55.994+0000] {processor.py:925} INFO - DAG(s) 'example_params_ui_tutorial' retrieved from /home/airflow/.local/lib/python3.12/site-packages/airflow/example_dags/example_params_ui_tutorial.py
[2025-04-15T19:34:58.435+0000] {logging_mixin.py:190} INFO - [2025-04-15T19:34:58.434+0000] {dag.py:3239} INFO - Sync 1 DAGs
[2025-04-15T19:34:58.886+0000] {logging_mixin.py:190} INFO - [2025-04-15T19:34:58.885+0000] {dag.py:4180} INFO - Setting next_dagrun for example_params_ui_tutorial to None, run_after=None
[2025-04-15T19:34:59.775+0000] {processor.py:208} INFO - Processing /home/airflow/.local/lib/python3.12/site-packages/airflow/example_dags/example_params_ui_tutorial.py took 3.875 seconds
[2025-04-15T19:35:46.766+0000] {processor.py:186} INFO - Started process (PID=15813) to work on /home/airflow/.local/lib/python3.12/site-packages/airflow/example_dags/example_params_ui_tutorial.py
[2025-04-15T19:35:46.768+0000] {processor.py:914} INFO - Processing file /home/airflow/.local/lib/python3.12/site-packages/airflow/example_dags/example_params_ui_tutorial.py for tasks to queue
[2025-04-15T19:35:46.771+0000] {logging_mixin.py:190} INFO - [2025-04-15T19:35:46.770+0000] {dagbag.py:588} INFO - Filling up the DagBag from /home/airflow/.local/lib/python3.12/site-packages/airflow/example_dags/example_params_ui_tutorial.py
[2025-04-15T19:35:46.789+0000] {processor.py:925} INFO - DAG(s) 'example_params_ui_tutorial' retrieved from /home/airflow/.local/lib/python3.12/site-packages/airflow/example_dags/example_params_ui_tutorial.py
[2025-04-15T19:35:46.889+0000] {logging_mixin.py:190} INFO - [2025-04-15T19:35:46.889+0000] {dag.py:3239} INFO - Sync 1 DAGs
[2025-04-15T19:35:46.926+0000] {logging_mixin.py:190} INFO - [2025-04-15T19:35:46.926+0000] {dag.py:4180} INFO - Setting next_dagrun for example_params_ui_tutorial to None, run_after=None
[2025-04-15T19:35:46.967+0000] {processor.py:208} INFO - Processing /home/airflow/.local/lib/python3.12/site-packages/airflow/example_dags/example_params_ui_tutorial.py took 0.212 seconds
[2025-04-15T19:36:17.422+0000] {processor.py:186} INFO - Started process (PID=15880) to work on /home/airflow/.local/lib/python3.12/site-packages/airflow/example_dags/example_params_ui_tutorial.py
[2025-04-15T19:36:17.424+0000] {processor.py:914} INFO - Processing file /home/airflow/.local/lib/python3.12/site-packages/airflow/example_dags/example_params_ui_tutorial.py for tasks to queue
[2025-04-15T19:36:17.427+0000] {logging_mixin.py:190} INFO - [2025-04-15T19:36:17.426+0000] {dagbag.py:588} INFO - Filling up the DagBag from /home/airflow/.local/lib/python3.12/site-packages/airflow/example_dags/example_params_ui_tutorial.py
[2025-04-15T19:36:17.446+0000] {processor.py:925} INFO - DAG(s) 'example_params_ui_tutorial' retrieved from /home/airflow/.local/lib/python3.12/site-packages/airflow/example_dags/example_params_ui_tutorial.py
[2025-04-15T19:36:17.530+0000] {logging_mixin.py:190} INFO - [2025-04-15T19:36:17.529+0000] {dag.py:3239} INFO - Sync 1 DAGs
[2025-04-15T19:36:17.556+0000] {logging_mixin.py:190} INFO - [2025-04-15T19:36:17.556+0000] {dag.py:4180} INFO - Setting next_dagrun for example_params_ui_tutorial to None, run_after=None
[2025-04-15T19:36:17.591+0000] {processor.py:208} INFO - Processing /home/airflow/.local/lib/python3.12/site-packages/airflow/example_dags/example_params_ui_tutorial.py took 0.181 seconds
[2025-04-15T19:36:48.441+0000] {processor.py:186} INFO - Started process (PID=15948) to work on /home/airflow/.local/lib/python3.12/site-packages/airflow/example_dags/example_params_ui_tutorial.py
[2025-04-15T19:36:48.444+0000] {processor.py:914} INFO - Processing file /home/airflow/.local/lib/python3.12/site-packages/airflow/example_dags/example_params_ui_tutorial.py for tasks to queue
[2025-04-15T19:36:48.446+0000] {logging_mixin.py:190} INFO - [2025-04-15T19:36:48.445+0000] {dagbag.py:588} INFO - Filling up the DagBag from /home/airflow/.local/lib/python3.12/site-packages/airflow/example_dags/example_params_ui_tutorial.py
[2025-04-15T19:36:48.468+0000] {processor.py:925} INFO - DAG(s) 'example_params_ui_tutorial' retrieved from /home/airflow/.local/lib/python3.12/site-packages/airflow/example_dags/example_params_ui_tutorial.py
[2025-04-15T19:36:48.553+0000] {logging_mixin.py:190} INFO - [2025-04-15T19:36:48.553+0000] {dag.py:3239} INFO - Sync 1 DAGs
[2025-04-15T19:36:48.575+0000] {logging_mixin.py:190} INFO - [2025-04-15T19:36:48.574+0000] {dag.py:4180} INFO - Setting next_dagrun for example_params_ui_tutorial to None, run_after=None
[2025-04-15T19:36:48.605+0000] {processor.py:208} INFO - Processing /home/airflow/.local/lib/python3.12/site-packages/airflow/example_dags/example_params_ui_tutorial.py took 0.173 seconds
[2025-04-15T19:37:19.677+0000] {processor.py:186} INFO - Started process (PID=16015) to work on /home/airflow/.local/lib/python3.12/site-packages/airflow/example_dags/example_params_ui_tutorial.py
[2025-04-15T19:37:19.679+0000] {processor.py:914} INFO - Processing file /home/airflow/.local/lib/python3.12/site-packages/airflow/example_dags/example_params_ui_tutorial.py for tasks to queue
[2025-04-15T19:37:19.681+0000] {logging_mixin.py:190} INFO - [2025-04-15T19:37:19.680+0000] {dagbag.py:588} INFO - Filling up the DagBag from /home/airflow/.local/lib/python3.12/site-packages/airflow/example_dags/example_params_ui_tutorial.py
[2025-04-15T19:37:19.693+0000] {processor.py:925} INFO - DAG(s) 'example_params_ui_tutorial' retrieved from /home/airflow/.local/lib/python3.12/site-packages/airflow/example_dags/example_params_ui_tutorial.py
[2025-04-15T19:37:19.767+0000] {logging_mixin.py:190} INFO - [2025-04-15T19:37:19.767+0000] {dag.py:3239} INFO - Sync 1 DAGs
[2025-04-15T19:37:19.789+0000] {logging_mixin.py:190} INFO - [2025-04-15T19:37:19.789+0000] {dag.py:4180} INFO - Setting next_dagrun for example_params_ui_tutorial to None, run_after=None
[2025-04-15T19:37:19.816+0000] {processor.py:208} INFO - Processing /home/airflow/.local/lib/python3.12/site-packages/airflow/example_dags/example_params_ui_tutorial.py took 0.146 seconds
[2025-04-15T19:37:50.228+0000] {processor.py:186} INFO - Started process (PID=16082) to work on /home/airflow/.local/lib/python3.12/site-packages/airflow/example_dags/example_params_ui_tutorial.py
[2025-04-15T19:37:50.229+0000] {processor.py:914} INFO - Processing file /home/airflow/.local/lib/python3.12/site-packages/airflow/example_dags/example_params_ui_tutorial.py for tasks to queue
[2025-04-15T19:37:50.231+0000] {logging_mixin.py:190} INFO - [2025-04-15T19:37:50.231+0000] {dagbag.py:588} INFO - Filling up the DagBag from /home/airflow/.local/lib/python3.12/site-packages/airflow/example_dags/example_params_ui_tutorial.py
[2025-04-15T19:37:50.243+0000] {processor.py:925} INFO - DAG(s) 'example_params_ui_tutorial' retrieved from /home/airflow/.local/lib/python3.12/site-packages/airflow/example_dags/example_params_ui_tutorial.py
[2025-04-15T19:37:50.313+0000] {logging_mixin.py:190} INFO - [2025-04-15T19:37:50.312+0000] {dag.py:3239} INFO - Sync 1 DAGs
[2025-04-15T19:37:50.335+0000] {logging_mixin.py:190} INFO - [2025-04-15T19:37:50.335+0000] {dag.py:4180} INFO - Setting next_dagrun for example_params_ui_tutorial to None, run_after=None
[2025-04-15T19:37:50.383+0000] {processor.py:208} INFO - Processing /home/airflow/.local/lib/python3.12/site-packages/airflow/example_dags/example_params_ui_tutorial.py took 0.164 seconds
[2025-04-15T19:38:20.618+0000] {processor.py:186} INFO - Started process (PID=16149) to work on /home/airflow/.local/lib/python3.12/site-packages/airflow/example_dags/example_params_ui_tutorial.py
[2025-04-15T19:38:20.619+0000] {processor.py:914} INFO - Processing file /home/airflow/.local/lib/python3.12/site-packages/airflow/example_dags/example_params_ui_tutorial.py for tasks to queue
[2025-04-15T19:38:20.621+0000] {logging_mixin.py:190} INFO - [2025-04-15T19:38:20.621+0000] {dagbag.py:588} INFO - Filling up the DagBag from /home/airflow/.local/lib/python3.12/site-packages/airflow/example_dags/example_params_ui_tutorial.py
[2025-04-15T19:38:20.631+0000] {processor.py:925} INFO - DAG(s) 'example_params_ui_tutorial' retrieved from /home/airflow/.local/lib/python3.12/site-packages/airflow/example_dags/example_params_ui_tutorial.py
[2025-04-15T19:38:20.697+0000] {logging_mixin.py:190} INFO - [2025-04-15T19:38:20.697+0000] {dag.py:3239} INFO - Sync 1 DAGs
[2025-04-15T19:38:20.716+0000] {logging_mixin.py:190} INFO - [2025-04-15T19:38:20.716+0000] {dag.py:4180} INFO - Setting next_dagrun for example_params_ui_tutorial to None, run_after=None
[2025-04-15T19:38:20.746+0000] {processor.py:208} INFO - Processing /home/airflow/.local/lib/python3.12/site-packages/airflow/example_dags/example_params_ui_tutorial.py took 0.134 seconds
[2025-04-15T19:38:51.183+0000] {processor.py:186} INFO - Started process (PID=16215) to work on /home/airflow/.local/lib/python3.12/site-packages/airflow/example_dags/example_params_ui_tutorial.py
[2025-04-15T19:38:51.184+0000] {processor.py:914} INFO - Processing file /home/airflow/.local/lib/python3.12/site-packages/airflow/example_dags/example_params_ui_tutorial.py for tasks to queue
[2025-04-15T19:38:51.187+0000] {logging_mixin.py:190} INFO - [2025-04-15T19:38:51.186+0000] {dagbag.py:588} INFO - Filling up the DagBag from /home/airflow/.local/lib/python3.12/site-packages/airflow/example_dags/example_params_ui_tutorial.py
[2025-04-15T19:38:51.202+0000] {processor.py:925} INFO - DAG(s) 'example_params_ui_tutorial' retrieved from /home/airflow/.local/lib/python3.12/site-packages/airflow/example_dags/example_params_ui_tutorial.py
[2025-04-15T19:38:51.277+0000] {logging_mixin.py:190} INFO - [2025-04-15T19:38:51.277+0000] {dag.py:3239} INFO - Sync 1 DAGs
[2025-04-15T19:38:51.300+0000] {logging_mixin.py:190} INFO - [2025-04-15T19:38:51.300+0000] {dag.py:4180} INFO - Setting next_dagrun for example_params_ui_tutorial to None, run_after=None
[2025-04-15T19:38:51.336+0000] {processor.py:208} INFO - Processing /home/airflow/.local/lib/python3.12/site-packages/airflow/example_dags/example_params_ui_tutorial.py took 0.163 seconds
[2025-04-15T19:39:21.992+0000] {processor.py:186} INFO - Started process (PID=16282) to work on /home/airflow/.local/lib/python3.12/site-packages/airflow/example_dags/example_params_ui_tutorial.py
[2025-04-15T19:39:21.994+0000] {processor.py:914} INFO - Processing file /home/airflow/.local/lib/python3.12/site-packages/airflow/example_dags/example_params_ui_tutorial.py for tasks to queue
[2025-04-15T19:39:21.997+0000] {logging_mixin.py:190} INFO - [2025-04-15T19:39:21.996+0000] {dagbag.py:588} INFO - Filling up the DagBag from /home/airflow/.local/lib/python3.12/site-packages/airflow/example_dags/example_params_ui_tutorial.py
[2025-04-15T19:39:22.010+0000] {processor.py:925} INFO - DAG(s) 'example_params_ui_tutorial' retrieved from /home/airflow/.local/lib/python3.12/site-packages/airflow/example_dags/example_params_ui_tutorial.py
[2025-04-15T19:39:22.090+0000] {logging_mixin.py:190} INFO - [2025-04-15T19:39:22.090+0000] {dag.py:3239} INFO - Sync 1 DAGs
[2025-04-15T19:39:22.110+0000] {logging_mixin.py:190} INFO - [2025-04-15T19:39:22.110+0000] {dag.py:4180} INFO - Setting next_dagrun for example_params_ui_tutorial to None, run_after=None
[2025-04-15T19:39:22.135+0000] {processor.py:208} INFO - Processing /home/airflow/.local/lib/python3.12/site-packages/airflow/example_dags/example_params_ui_tutorial.py took 0.151 seconds
[2025-04-15T19:39:53.006+0000] {processor.py:186} INFO - Started process (PID=16349) to work on /home/airflow/.local/lib/python3.12/site-packages/airflow/example_dags/example_params_ui_tutorial.py
[2025-04-15T19:39:53.007+0000] {processor.py:914} INFO - Processing file /home/airflow/.local/lib/python3.12/site-packages/airflow/example_dags/example_params_ui_tutorial.py for tasks to queue
[2025-04-15T19:39:53.009+0000] {logging_mixin.py:190} INFO - [2025-04-15T19:39:53.009+0000] {dagbag.py:588} INFO - Filling up the DagBag from /home/airflow/.local/lib/python3.12/site-packages/airflow/example_dags/example_params_ui_tutorial.py
[2025-04-15T19:39:53.022+0000] {processor.py:925} INFO - DAG(s) 'example_params_ui_tutorial' retrieved from /home/airflow/.local/lib/python3.12/site-packages/airflow/example_dags/example_params_ui_tutorial.py
[2025-04-15T19:39:53.086+0000] {logging_mixin.py:190} INFO - [2025-04-15T19:39:53.085+0000] {dag.py:3239} INFO - Sync 1 DAGs
[2025-04-15T19:39:53.108+0000] {logging_mixin.py:190} INFO - [2025-04-15T19:39:53.107+0000] {dag.py:4180} INFO - Setting next_dagrun for example_params_ui_tutorial to None, run_after=None
[2025-04-15T19:39:53.145+0000] {processor.py:208} INFO - Processing /home/airflow/.local/lib/python3.12/site-packages/airflow/example_dags/example_params_ui_tutorial.py took 0.147 seconds
[2025-04-15T19:40:23.244+0000] {processor.py:186} INFO - Started process (PID=16416) to work on /home/airflow/.local/lib/python3.12/site-packages/airflow/example_dags/example_params_ui_tutorial.py
[2025-04-15T19:40:23.245+0000] {processor.py:914} INFO - Processing file /home/airflow/.local/lib/python3.12/site-packages/airflow/example_dags/example_params_ui_tutorial.py for tasks to queue
[2025-04-15T19:40:23.247+0000] {logging_mixin.py:190} INFO - [2025-04-15T19:40:23.246+0000] {dagbag.py:588} INFO - Filling up the DagBag from /home/airflow/.local/lib/python3.12/site-packages/airflow/example_dags/example_params_ui_tutorial.py
[2025-04-15T19:40:23.257+0000] {processor.py:925} INFO - DAG(s) 'example_params_ui_tutorial' retrieved from /home/airflow/.local/lib/python3.12/site-packages/airflow/example_dags/example_params_ui_tutorial.py
[2025-04-15T19:40:23.308+0000] {logging_mixin.py:190} INFO - [2025-04-15T19:40:23.308+0000] {dag.py:3239} INFO - Sync 1 DAGs
[2025-04-15T19:40:23.325+0000] {logging_mixin.py:190} INFO - [2025-04-15T19:40:23.325+0000] {dag.py:4180} INFO - Setting next_dagrun for example_params_ui_tutorial to None, run_after=None
[2025-04-15T19:40:23.349+0000] {processor.py:208} INFO - Processing /home/airflow/.local/lib/python3.12/site-packages/airflow/example_dags/example_params_ui_tutorial.py took 0.111 seconds
[2025-04-15T19:40:54.944+0000] {processor.py:186} INFO - Started process (PID=16489) to work on /home/airflow/.local/lib/python3.12/site-packages/airflow/example_dags/example_params_ui_tutorial.py
[2025-04-15T19:40:54.945+0000] {processor.py:914} INFO - Processing file /home/airflow/.local/lib/python3.12/site-packages/airflow/example_dags/example_params_ui_tutorial.py for tasks to queue
[2025-04-15T19:40:54.947+0000] {logging_mixin.py:190} INFO - [2025-04-15T19:40:54.946+0000] {dagbag.py:588} INFO - Filling up the DagBag from /home/airflow/.local/lib/python3.12/site-packages/airflow/example_dags/example_params_ui_tutorial.py
[2025-04-15T19:40:54.959+0000] {processor.py:925} INFO - DAG(s) 'example_params_ui_tutorial' retrieved from /home/airflow/.local/lib/python3.12/site-packages/airflow/example_dags/example_params_ui_tutorial.py
[2025-04-15T19:40:55.015+0000] {logging_mixin.py:190} INFO - [2025-04-15T19:40:55.014+0000] {dag.py:3239} INFO - Sync 1 DAGs
[2025-04-15T19:40:55.031+0000] {logging_mixin.py:190} INFO - [2025-04-15T19:40:55.031+0000] {dag.py:4180} INFO - Setting next_dagrun for example_params_ui_tutorial to None, run_after=None
[2025-04-15T19:40:55.268+0000] {processor.py:208} INFO - Processing /home/airflow/.local/lib/python3.12/site-packages/airflow/example_dags/example_params_ui_tutorial.py took 0.331 seconds
[2025-04-15T19:41:25.863+0000] {processor.py:186} INFO - Started process (PID=16556) to work on /home/airflow/.local/lib/python3.12/site-packages/airflow/example_dags/example_params_ui_tutorial.py
[2025-04-15T19:41:25.864+0000] {processor.py:914} INFO - Processing file /home/airflow/.local/lib/python3.12/site-packages/airflow/example_dags/example_params_ui_tutorial.py for tasks to queue
[2025-04-15T19:41:25.866+0000] {logging_mixin.py:190} INFO - [2025-04-15T19:41:25.866+0000] {dagbag.py:588} INFO - Filling up the DagBag from /home/airflow/.local/lib/python3.12/site-packages/airflow/example_dags/example_params_ui_tutorial.py
[2025-04-15T19:41:25.880+0000] {processor.py:925} INFO - DAG(s) 'example_params_ui_tutorial' retrieved from /home/airflow/.local/lib/python3.12/site-packages/airflow/example_dags/example_params_ui_tutorial.py
[2025-04-15T19:41:25.945+0000] {logging_mixin.py:190} INFO - [2025-04-15T19:41:25.944+0000] {dag.py:3239} INFO - Sync 1 DAGs
[2025-04-15T19:41:25.969+0000] {logging_mixin.py:190} INFO - [2025-04-15T19:41:25.969+0000] {dag.py:4180} INFO - Setting next_dagrun for example_params_ui_tutorial to None, run_after=None
[2025-04-15T19:41:26.000+0000] {processor.py:208} INFO - Processing /home/airflow/.local/lib/python3.12/site-packages/airflow/example_dags/example_params_ui_tutorial.py took 0.146 seconds
[2025-04-15T19:41:57.112+0000] {processor.py:186} INFO - Started process (PID=16623) to work on /home/airflow/.local/lib/python3.12/site-packages/airflow/example_dags/example_params_ui_tutorial.py
[2025-04-15T19:41:57.114+0000] {processor.py:914} INFO - Processing file /home/airflow/.local/lib/python3.12/site-packages/airflow/example_dags/example_params_ui_tutorial.py for tasks to queue
[2025-04-15T19:41:57.116+0000] {logging_mixin.py:190} INFO - [2025-04-15T19:41:57.115+0000] {dagbag.py:588} INFO - Filling up the DagBag from /home/airflow/.local/lib/python3.12/site-packages/airflow/example_dags/example_params_ui_tutorial.py
[2025-04-15T19:41:57.129+0000] {processor.py:925} INFO - DAG(s) 'example_params_ui_tutorial' retrieved from /home/airflow/.local/lib/python3.12/site-packages/airflow/example_dags/example_params_ui_tutorial.py
[2025-04-15T19:41:57.198+0000] {logging_mixin.py:190} INFO - [2025-04-15T19:41:57.197+0000] {dag.py:3239} INFO - Sync 1 DAGs
[2025-04-15T19:41:57.219+0000] {logging_mixin.py:190} INFO - [2025-04-15T19:41:57.219+0000] {dag.py:4180} INFO - Setting next_dagrun for example_params_ui_tutorial to None, run_after=None
[2025-04-15T19:41:57.249+0000] {processor.py:208} INFO - Processing /home/airflow/.local/lib/python3.12/site-packages/airflow/example_dags/example_params_ui_tutorial.py took 0.145 seconds
[2025-04-15T19:42:28.024+0000] {processor.py:186} INFO - Started process (PID=16691) to work on /home/airflow/.local/lib/python3.12/site-packages/airflow/example_dags/example_params_ui_tutorial.py
[2025-04-15T19:42:28.025+0000] {processor.py:914} INFO - Processing file /home/airflow/.local/lib/python3.12/site-packages/airflow/example_dags/example_params_ui_tutorial.py for tasks to queue
[2025-04-15T19:42:28.026+0000] {logging_mixin.py:190} INFO - [2025-04-15T19:42:28.026+0000] {dagbag.py:588} INFO - Filling up the DagBag from /home/airflow/.local/lib/python3.12/site-packages/airflow/example_dags/example_params_ui_tutorial.py
[2025-04-15T19:42:28.036+0000] {processor.py:925} INFO - DAG(s) 'example_params_ui_tutorial' retrieved from /home/airflow/.local/lib/python3.12/site-packages/airflow/example_dags/example_params_ui_tutorial.py
[2025-04-15T19:42:28.100+0000] {logging_mixin.py:190} INFO - [2025-04-15T19:42:28.100+0000] {dag.py:3239} INFO - Sync 1 DAGs
[2025-04-15T19:42:28.120+0000] {logging_mixin.py:190} INFO - [2025-04-15T19:42:28.119+0000] {dag.py:4180} INFO - Setting next_dagrun for example_params_ui_tutorial to None, run_after=None
[2025-04-15T19:42:28.146+0000] {processor.py:208} INFO - Processing /home/airflow/.local/lib/python3.12/site-packages/airflow/example_dags/example_params_ui_tutorial.py took 0.127 seconds
[2025-04-15T19:42:59.797+0000] {processor.py:186} INFO - Started process (PID=16758) to work on /home/airflow/.local/lib/python3.12/site-packages/airflow/example_dags/example_params_ui_tutorial.py
[2025-04-15T19:42:59.799+0000] {processor.py:914} INFO - Processing file /home/airflow/.local/lib/python3.12/site-packages/airflow/example_dags/example_params_ui_tutorial.py for tasks to queue
[2025-04-15T19:42:59.802+0000] {logging_mixin.py:190} INFO - [2025-04-15T19:42:59.801+0000] {dagbag.py:588} INFO - Filling up the DagBag from /home/airflow/.local/lib/python3.12/site-packages/airflow/example_dags/example_params_ui_tutorial.py
[2025-04-15T19:42:59.815+0000] {processor.py:925} INFO - DAG(s) 'example_params_ui_tutorial' retrieved from /home/airflow/.local/lib/python3.12/site-packages/airflow/example_dags/example_params_ui_tutorial.py
[2025-04-15T19:42:59.889+0000] {logging_mixin.py:190} INFO - [2025-04-15T19:42:59.889+0000] {dag.py:3239} INFO - Sync 1 DAGs
[2025-04-15T19:42:59.910+0000] {logging_mixin.py:190} INFO - [2025-04-15T19:42:59.910+0000] {dag.py:4180} INFO - Setting next_dagrun for example_params_ui_tutorial to None, run_after=None
[2025-04-15T19:42:59.939+0000] {processor.py:208} INFO - Processing /home/airflow/.local/lib/python3.12/site-packages/airflow/example_dags/example_params_ui_tutorial.py took 0.150 seconds
[2025-04-15T19:43:30.355+0000] {processor.py:186} INFO - Started process (PID=16825) to work on /home/airflow/.local/lib/python3.12/site-packages/airflow/example_dags/example_params_ui_tutorial.py
[2025-04-15T19:43:30.356+0000] {processor.py:914} INFO - Processing file /home/airflow/.local/lib/python3.12/site-packages/airflow/example_dags/example_params_ui_tutorial.py for tasks to queue
[2025-04-15T19:43:30.358+0000] {logging_mixin.py:190} INFO - [2025-04-15T19:43:30.358+0000] {dagbag.py:588} INFO - Filling up the DagBag from /home/airflow/.local/lib/python3.12/site-packages/airflow/example_dags/example_params_ui_tutorial.py
[2025-04-15T19:43:30.372+0000] {processor.py:925} INFO - DAG(s) 'example_params_ui_tutorial' retrieved from /home/airflow/.local/lib/python3.12/site-packages/airflow/example_dags/example_params_ui_tutorial.py
[2025-04-15T19:43:30.431+0000] {logging_mixin.py:190} INFO - [2025-04-15T19:43:30.431+0000] {dag.py:3239} INFO - Sync 1 DAGs
[2025-04-15T19:43:30.453+0000] {logging_mixin.py:190} INFO - [2025-04-15T19:43:30.453+0000] {dag.py:4180} INFO - Setting next_dagrun for example_params_ui_tutorial to None, run_after=None
[2025-04-15T19:43:30.482+0000] {processor.py:208} INFO - Processing /home/airflow/.local/lib/python3.12/site-packages/airflow/example_dags/example_params_ui_tutorial.py took 0.136 seconds
[2025-04-15T19:44:01.611+0000] {processor.py:186} INFO - Started process (PID=16892) to work on /home/airflow/.local/lib/python3.12/site-packages/airflow/example_dags/example_params_ui_tutorial.py
[2025-04-15T19:44:01.612+0000] {processor.py:914} INFO - Processing file /home/airflow/.local/lib/python3.12/site-packages/airflow/example_dags/example_params_ui_tutorial.py for tasks to queue
[2025-04-15T19:44:01.614+0000] {logging_mixin.py:190} INFO - [2025-04-15T19:44:01.613+0000] {dagbag.py:588} INFO - Filling up the DagBag from /home/airflow/.local/lib/python3.12/site-packages/airflow/example_dags/example_params_ui_tutorial.py
[2025-04-15T19:44:01.632+0000] {processor.py:925} INFO - DAG(s) 'example_params_ui_tutorial' retrieved from /home/airflow/.local/lib/python3.12/site-packages/airflow/example_dags/example_params_ui_tutorial.py
[2025-04-15T19:44:01.713+0000] {logging_mixin.py:190} INFO - [2025-04-15T19:44:01.713+0000] {dag.py:3239} INFO - Sync 1 DAGs
[2025-04-15T19:44:01.743+0000] {logging_mixin.py:190} INFO - [2025-04-15T19:44:01.743+0000] {dag.py:4180} INFO - Setting next_dagrun for example_params_ui_tutorial to None, run_after=None
[2025-04-15T19:44:01.781+0000] {processor.py:208} INFO - Processing /home/airflow/.local/lib/python3.12/site-packages/airflow/example_dags/example_params_ui_tutorial.py took 0.180 seconds
[2025-04-15T19:44:32.873+0000] {processor.py:186} INFO - Started process (PID=16959) to work on /home/airflow/.local/lib/python3.12/site-packages/airflow/example_dags/example_params_ui_tutorial.py
[2025-04-15T19:44:32.875+0000] {processor.py:914} INFO - Processing file /home/airflow/.local/lib/python3.12/site-packages/airflow/example_dags/example_params_ui_tutorial.py for tasks to queue
[2025-04-15T19:44:32.877+0000] {logging_mixin.py:190} INFO - [2025-04-15T19:44:32.877+0000] {dagbag.py:588} INFO - Filling up the DagBag from /home/airflow/.local/lib/python3.12/site-packages/airflow/example_dags/example_params_ui_tutorial.py
[2025-04-15T19:44:32.892+0000] {processor.py:925} INFO - DAG(s) 'example_params_ui_tutorial' retrieved from /home/airflow/.local/lib/python3.12/site-packages/airflow/example_dags/example_params_ui_tutorial.py
[2025-04-15T19:44:32.972+0000] {logging_mixin.py:190} INFO - [2025-04-15T19:44:32.972+0000] {dag.py:3239} INFO - Sync 1 DAGs
[2025-04-15T19:44:32.996+0000] {logging_mixin.py:190} INFO - [2025-04-15T19:44:32.996+0000] {dag.py:4180} INFO - Setting next_dagrun for example_params_ui_tutorial to None, run_after=None
[2025-04-15T19:44:33.030+0000] {processor.py:208} INFO - Processing /home/airflow/.local/lib/python3.12/site-packages/airflow/example_dags/example_params_ui_tutorial.py took 0.167 seconds
[2025-04-15T19:45:04.011+0000] {processor.py:186} INFO - Started process (PID=17026) to work on /home/airflow/.local/lib/python3.12/site-packages/airflow/example_dags/example_params_ui_tutorial.py
[2025-04-15T19:45:04.012+0000] {processor.py:914} INFO - Processing file /home/airflow/.local/lib/python3.12/site-packages/airflow/example_dags/example_params_ui_tutorial.py for tasks to queue
[2025-04-15T19:45:04.014+0000] {logging_mixin.py:190} INFO - [2025-04-15T19:45:04.014+0000] {dagbag.py:588} INFO - Filling up the DagBag from /home/airflow/.local/lib/python3.12/site-packages/airflow/example_dags/example_params_ui_tutorial.py
[2025-04-15T19:45:04.028+0000] {processor.py:925} INFO - DAG(s) 'example_params_ui_tutorial' retrieved from /home/airflow/.local/lib/python3.12/site-packages/airflow/example_dags/example_params_ui_tutorial.py
[2025-04-15T19:45:04.131+0000] {logging_mixin.py:190} INFO - [2025-04-15T19:45:04.131+0000] {dag.py:3239} INFO - Sync 1 DAGs
[2025-04-15T19:45:04.162+0000] {logging_mixin.py:190} INFO - [2025-04-15T19:45:04.161+0000] {dag.py:4180} INFO - Setting next_dagrun for example_params_ui_tutorial to None, run_after=None
[2025-04-15T19:45:04.193+0000] {processor.py:208} INFO - Processing /home/airflow/.local/lib/python3.12/site-packages/airflow/example_dags/example_params_ui_tutorial.py took 0.190 seconds
[2025-04-15T19:45:35.145+0000] {processor.py:186} INFO - Started process (PID=17093) to work on /home/airflow/.local/lib/python3.12/site-packages/airflow/example_dags/example_params_ui_tutorial.py
[2025-04-15T19:45:35.147+0000] {processor.py:914} INFO - Processing file /home/airflow/.local/lib/python3.12/site-packages/airflow/example_dags/example_params_ui_tutorial.py for tasks to queue
[2025-04-15T19:45:35.149+0000] {logging_mixin.py:190} INFO - [2025-04-15T19:45:35.148+0000] {dagbag.py:588} INFO - Filling up the DagBag from /home/airflow/.local/lib/python3.12/site-packages/airflow/example_dags/example_params_ui_tutorial.py
[2025-04-15T19:45:35.164+0000] {processor.py:925} INFO - DAG(s) 'example_params_ui_tutorial' retrieved from /home/airflow/.local/lib/python3.12/site-packages/airflow/example_dags/example_params_ui_tutorial.py
[2025-04-15T19:45:35.240+0000] {logging_mixin.py:190} INFO - [2025-04-15T19:45:35.240+0000] {dag.py:3239} INFO - Sync 1 DAGs
[2025-04-15T19:45:35.266+0000] {logging_mixin.py:190} INFO - [2025-04-15T19:45:35.266+0000] {dag.py:4180} INFO - Setting next_dagrun for example_params_ui_tutorial to None, run_after=None
[2025-04-15T19:45:35.298+0000] {processor.py:208} INFO - Processing /home/airflow/.local/lib/python3.12/site-packages/airflow/example_dags/example_params_ui_tutorial.py took 0.164 seconds
[2025-04-15T19:46:05.781+0000] {processor.py:186} INFO - Started process (PID=17159) to work on /home/airflow/.local/lib/python3.12/site-packages/airflow/example_dags/example_params_ui_tutorial.py
[2025-04-15T19:46:05.783+0000] {processor.py:914} INFO - Processing file /home/airflow/.local/lib/python3.12/site-packages/airflow/example_dags/example_params_ui_tutorial.py for tasks to queue
[2025-04-15T19:46:05.785+0000] {logging_mixin.py:190} INFO - [2025-04-15T19:46:05.785+0000] {dagbag.py:588} INFO - Filling up the DagBag from /home/airflow/.local/lib/python3.12/site-packages/airflow/example_dags/example_params_ui_tutorial.py
[2025-04-15T19:46:05.796+0000] {processor.py:925} INFO - DAG(s) 'example_params_ui_tutorial' retrieved from /home/airflow/.local/lib/python3.12/site-packages/airflow/example_dags/example_params_ui_tutorial.py
[2025-04-15T19:46:05.855+0000] {logging_mixin.py:190} INFO - [2025-04-15T19:46:05.855+0000] {dag.py:3239} INFO - Sync 1 DAGs
[2025-04-15T19:46:05.871+0000] {logging_mixin.py:190} INFO - [2025-04-15T19:46:05.871+0000] {dag.py:4180} INFO - Setting next_dagrun for example_params_ui_tutorial to None, run_after=None
[2025-04-15T19:46:05.894+0000] {processor.py:208} INFO - Processing /home/airflow/.local/lib/python3.12/site-packages/airflow/example_dags/example_params_ui_tutorial.py took 0.120 seconds
[2025-04-15T19:46:36.379+0000] {processor.py:186} INFO - Started process (PID=17226) to work on /home/airflow/.local/lib/python3.12/site-packages/airflow/example_dags/example_params_ui_tutorial.py
[2025-04-15T19:46:36.381+0000] {processor.py:914} INFO - Processing file /home/airflow/.local/lib/python3.12/site-packages/airflow/example_dags/example_params_ui_tutorial.py for tasks to queue
[2025-04-15T19:46:36.383+0000] {logging_mixin.py:190} INFO - [2025-04-15T19:46:36.383+0000] {dagbag.py:588} INFO - Filling up the DagBag from /home/airflow/.local/lib/python3.12/site-packages/airflow/example_dags/example_params_ui_tutorial.py
[2025-04-15T19:46:36.400+0000] {processor.py:925} INFO - DAG(s) 'example_params_ui_tutorial' retrieved from /home/airflow/.local/lib/python3.12/site-packages/airflow/example_dags/example_params_ui_tutorial.py
[2025-04-15T19:46:36.500+0000] {logging_mixin.py:190} INFO - [2025-04-15T19:46:36.500+0000] {dag.py:3239} INFO - Sync 1 DAGs
[2025-04-15T19:46:36.538+0000] {logging_mixin.py:190} INFO - [2025-04-15T19:46:36.537+0000] {dag.py:4180} INFO - Setting next_dagrun for example_params_ui_tutorial to None, run_after=None
[2025-04-15T19:46:36.582+0000] {processor.py:208} INFO - Processing /home/airflow/.local/lib/python3.12/site-packages/airflow/example_dags/example_params_ui_tutorial.py took 0.211 seconds
[2025-04-15T19:47:06.681+0000] {processor.py:186} INFO - Started process (PID=17291) to work on /home/airflow/.local/lib/python3.12/site-packages/airflow/example_dags/example_params_ui_tutorial.py
[2025-04-15T19:47:06.682+0000] {processor.py:914} INFO - Processing file /home/airflow/.local/lib/python3.12/site-packages/airflow/example_dags/example_params_ui_tutorial.py for tasks to queue
[2025-04-15T19:47:06.683+0000] {logging_mixin.py:190} INFO - [2025-04-15T19:47:06.682+0000] {dagbag.py:588} INFO - Filling up the DagBag from /home/airflow/.local/lib/python3.12/site-packages/airflow/example_dags/example_params_ui_tutorial.py
[2025-04-15T19:47:06.692+0000] {processor.py:925} INFO - DAG(s) 'example_params_ui_tutorial' retrieved from /home/airflow/.local/lib/python3.12/site-packages/airflow/example_dags/example_params_ui_tutorial.py
[2025-04-15T19:47:06.744+0000] {logging_mixin.py:190} INFO - [2025-04-15T19:47:06.744+0000] {dag.py:3239} INFO - Sync 1 DAGs
[2025-04-15T19:47:06.761+0000] {logging_mixin.py:190} INFO - [2025-04-15T19:47:06.761+0000] {dag.py:4180} INFO - Setting next_dagrun for example_params_ui_tutorial to None, run_after=None
[2025-04-15T19:47:06.784+0000] {processor.py:208} INFO - Processing /home/airflow/.local/lib/python3.12/site-packages/airflow/example_dags/example_params_ui_tutorial.py took 0.109 seconds
[2025-04-15T19:47:37.419+0000] {processor.py:186} INFO - Started process (PID=17358) to work on /home/airflow/.local/lib/python3.12/site-packages/airflow/example_dags/example_params_ui_tutorial.py
[2025-04-15T19:47:37.421+0000] {processor.py:914} INFO - Processing file /home/airflow/.local/lib/python3.12/site-packages/airflow/example_dags/example_params_ui_tutorial.py for tasks to queue
[2025-04-15T19:47:37.423+0000] {logging_mixin.py:190} INFO - [2025-04-15T19:47:37.422+0000] {dagbag.py:588} INFO - Filling up the DagBag from /home/airflow/.local/lib/python3.12/site-packages/airflow/example_dags/example_params_ui_tutorial.py
[2025-04-15T19:47:37.440+0000] {processor.py:925} INFO - DAG(s) 'example_params_ui_tutorial' retrieved from /home/airflow/.local/lib/python3.12/site-packages/airflow/example_dags/example_params_ui_tutorial.py
[2025-04-15T19:47:37.525+0000] {logging_mixin.py:190} INFO - [2025-04-15T19:47:37.524+0000] {dag.py:3239} INFO - Sync 1 DAGs
[2025-04-15T19:47:37.548+0000] {logging_mixin.py:190} INFO - [2025-04-15T19:47:37.548+0000] {dag.py:4180} INFO - Setting next_dagrun for example_params_ui_tutorial to None, run_after=None
[2025-04-15T19:47:37.587+0000] {processor.py:208} INFO - Processing /home/airflow/.local/lib/python3.12/site-packages/airflow/example_dags/example_params_ui_tutorial.py took 0.177 seconds
[2025-04-15T19:48:08.207+0000] {processor.py:186} INFO - Started process (PID=17424) to work on /home/airflow/.local/lib/python3.12/site-packages/airflow/example_dags/example_params_ui_tutorial.py
[2025-04-15T19:48:08.209+0000] {processor.py:914} INFO - Processing file /home/airflow/.local/lib/python3.12/site-packages/airflow/example_dags/example_params_ui_tutorial.py for tasks to queue
[2025-04-15T19:48:08.211+0000] {logging_mixin.py:190} INFO - [2025-04-15T19:48:08.211+0000] {dagbag.py:588} INFO - Filling up the DagBag from /home/airflow/.local/lib/python3.12/site-packages/airflow/example_dags/example_params_ui_tutorial.py
[2025-04-15T19:48:08.225+0000] {processor.py:925} INFO - DAG(s) 'example_params_ui_tutorial' retrieved from /home/airflow/.local/lib/python3.12/site-packages/airflow/example_dags/example_params_ui_tutorial.py
[2025-04-15T19:48:08.308+0000] {logging_mixin.py:190} INFO - [2025-04-15T19:48:08.307+0000] {dag.py:3239} INFO - Sync 1 DAGs
[2025-04-15T19:48:08.332+0000] {logging_mixin.py:190} INFO - [2025-04-15T19:48:08.332+0000] {dag.py:4180} INFO - Setting next_dagrun for example_params_ui_tutorial to None, run_after=None
[2025-04-15T19:48:08.361+0000] {processor.py:208} INFO - Processing /home/airflow/.local/lib/python3.12/site-packages/airflow/example_dags/example_params_ui_tutorial.py took 0.164 seconds
[2025-04-15T19:48:39.084+0000] {processor.py:186} INFO - Started process (PID=17491) to work on /home/airflow/.local/lib/python3.12/site-packages/airflow/example_dags/example_params_ui_tutorial.py
[2025-04-15T19:48:39.085+0000] {processor.py:914} INFO - Processing file /home/airflow/.local/lib/python3.12/site-packages/airflow/example_dags/example_params_ui_tutorial.py for tasks to queue
[2025-04-15T19:48:39.088+0000] {logging_mixin.py:190} INFO - [2025-04-15T19:48:39.088+0000] {dagbag.py:588} INFO - Filling up the DagBag from /home/airflow/.local/lib/python3.12/site-packages/airflow/example_dags/example_params_ui_tutorial.py
[2025-04-15T19:48:39.104+0000] {processor.py:925} INFO - DAG(s) 'example_params_ui_tutorial' retrieved from /home/airflow/.local/lib/python3.12/site-packages/airflow/example_dags/example_params_ui_tutorial.py
[2025-04-15T19:48:39.262+0000] {logging_mixin.py:190} INFO - [2025-04-15T19:48:39.262+0000] {dag.py:3239} INFO - Sync 1 DAGs
[2025-04-15T19:48:39.297+0000] {logging_mixin.py:190} INFO - [2025-04-15T19:48:39.296+0000] {dag.py:4180} INFO - Setting next_dagrun for example_params_ui_tutorial to None, run_after=None
[2025-04-15T19:48:39.337+0000] {processor.py:208} INFO - Processing /home/airflow/.local/lib/python3.12/site-packages/airflow/example_dags/example_params_ui_tutorial.py took 0.263 seconds
[2025-04-15T19:49:09.768+0000] {processor.py:186} INFO - Started process (PID=17558) to work on /home/airflow/.local/lib/python3.12/site-packages/airflow/example_dags/example_params_ui_tutorial.py
[2025-04-15T19:49:09.769+0000] {processor.py:914} INFO - Processing file /home/airflow/.local/lib/python3.12/site-packages/airflow/example_dags/example_params_ui_tutorial.py for tasks to queue
[2025-04-15T19:49:09.772+0000] {logging_mixin.py:190} INFO - [2025-04-15T19:49:09.771+0000] {dagbag.py:588} INFO - Filling up the DagBag from /home/airflow/.local/lib/python3.12/site-packages/airflow/example_dags/example_params_ui_tutorial.py
[2025-04-15T19:49:09.786+0000] {processor.py:925} INFO - DAG(s) 'example_params_ui_tutorial' retrieved from /home/airflow/.local/lib/python3.12/site-packages/airflow/example_dags/example_params_ui_tutorial.py
[2025-04-15T19:49:09.869+0000] {logging_mixin.py:190} INFO - [2025-04-15T19:49:09.868+0000] {dag.py:3239} INFO - Sync 1 DAGs
[2025-04-15T19:49:09.893+0000] {logging_mixin.py:190} INFO - [2025-04-15T19:49:09.893+0000] {dag.py:4180} INFO - Setting next_dagrun for example_params_ui_tutorial to None, run_after=None
[2025-04-15T19:49:09.924+0000] {processor.py:208} INFO - Processing /home/airflow/.local/lib/python3.12/site-packages/airflow/example_dags/example_params_ui_tutorial.py took 0.164 seconds
[2025-04-15T19:49:40.061+0000] {processor.py:186} INFO - Started process (PID=17625) to work on /home/airflow/.local/lib/python3.12/site-packages/airflow/example_dags/example_params_ui_tutorial.py
[2025-04-15T19:49:40.062+0000] {processor.py:914} INFO - Processing file /home/airflow/.local/lib/python3.12/site-packages/airflow/example_dags/example_params_ui_tutorial.py for tasks to queue
[2025-04-15T19:49:40.064+0000] {logging_mixin.py:190} INFO - [2025-04-15T19:49:40.063+0000] {dagbag.py:588} INFO - Filling up the DagBag from /home/airflow/.local/lib/python3.12/site-packages/airflow/example_dags/example_params_ui_tutorial.py
[2025-04-15T19:49:40.074+0000] {processor.py:925} INFO - DAG(s) 'example_params_ui_tutorial' retrieved from /home/airflow/.local/lib/python3.12/site-packages/airflow/example_dags/example_params_ui_tutorial.py
[2025-04-15T19:49:40.125+0000] {logging_mixin.py:190} INFO - [2025-04-15T19:49:40.125+0000] {dag.py:3239} INFO - Sync 1 DAGs
[2025-04-15T19:49:40.140+0000] {logging_mixin.py:190} INFO - [2025-04-15T19:49:40.140+0000] {dag.py:4180} INFO - Setting next_dagrun for example_params_ui_tutorial to None, run_after=None
[2025-04-15T19:49:40.163+0000] {processor.py:208} INFO - Processing /home/airflow/.local/lib/python3.12/site-packages/airflow/example_dags/example_params_ui_tutorial.py took 0.109 seconds
[2025-04-15T19:50:10.317+0000] {processor.py:186} INFO - Started process (PID=17692) to work on /home/airflow/.local/lib/python3.12/site-packages/airflow/example_dags/example_params_ui_tutorial.py
[2025-04-15T19:50:10.319+0000] {processor.py:914} INFO - Processing file /home/airflow/.local/lib/python3.12/site-packages/airflow/example_dags/example_params_ui_tutorial.py for tasks to queue
[2025-04-15T19:50:10.321+0000] {logging_mixin.py:190} INFO - [2025-04-15T19:50:10.320+0000] {dagbag.py:588} INFO - Filling up the DagBag from /home/airflow/.local/lib/python3.12/site-packages/airflow/example_dags/example_params_ui_tutorial.py
[2025-04-15T19:50:10.335+0000] {processor.py:925} INFO - DAG(s) 'example_params_ui_tutorial' retrieved from /home/airflow/.local/lib/python3.12/site-packages/airflow/example_dags/example_params_ui_tutorial.py
[2025-04-15T19:50:10.414+0000] {logging_mixin.py:190} INFO - [2025-04-15T19:50:10.413+0000] {dag.py:3239} INFO - Sync 1 DAGs
[2025-04-15T19:50:10.442+0000] {logging_mixin.py:190} INFO - [2025-04-15T19:50:10.442+0000] {dag.py:4180} INFO - Setting next_dagrun for example_params_ui_tutorial to None, run_after=None
[2025-04-15T19:50:10.483+0000] {processor.py:208} INFO - Processing /home/airflow/.local/lib/python3.12/site-packages/airflow/example_dags/example_params_ui_tutorial.py took 0.174 seconds
[2025-04-15T19:50:41.113+0000] {processor.py:186} INFO - Started process (PID=17759) to work on /home/airflow/.local/lib/python3.12/site-packages/airflow/example_dags/example_params_ui_tutorial.py
[2025-04-15T19:50:41.114+0000] {processor.py:914} INFO - Processing file /home/airflow/.local/lib/python3.12/site-packages/airflow/example_dags/example_params_ui_tutorial.py for tasks to queue
[2025-04-15T19:50:41.116+0000] {logging_mixin.py:190} INFO - [2025-04-15T19:50:41.116+0000] {dagbag.py:588} INFO - Filling up the DagBag from /home/airflow/.local/lib/python3.12/site-packages/airflow/example_dags/example_params_ui_tutorial.py
[2025-04-15T19:50:41.130+0000] {processor.py:925} INFO - DAG(s) 'example_params_ui_tutorial' retrieved from /home/airflow/.local/lib/python3.12/site-packages/airflow/example_dags/example_params_ui_tutorial.py
[2025-04-15T19:50:41.207+0000] {logging_mixin.py:190} INFO - [2025-04-15T19:50:41.207+0000] {dag.py:3239} INFO - Sync 1 DAGs
[2025-04-15T19:50:41.232+0000] {logging_mixin.py:190} INFO - [2025-04-15T19:50:41.231+0000] {dag.py:4180} INFO - Setting next_dagrun for example_params_ui_tutorial to None, run_after=None
[2025-04-15T19:50:41.263+0000] {processor.py:208} INFO - Processing /home/airflow/.local/lib/python3.12/site-packages/airflow/example_dags/example_params_ui_tutorial.py took 0.158 seconds
[2025-04-15T19:51:11.713+0000] {processor.py:186} INFO - Started process (PID=17826) to work on /home/airflow/.local/lib/python3.12/site-packages/airflow/example_dags/example_params_ui_tutorial.py
[2025-04-15T19:51:11.715+0000] {processor.py:914} INFO - Processing file /home/airflow/.local/lib/python3.12/site-packages/airflow/example_dags/example_params_ui_tutorial.py for tasks to queue
[2025-04-15T19:51:11.716+0000] {logging_mixin.py:190} INFO - [2025-04-15T19:51:11.716+0000] {dagbag.py:588} INFO - Filling up the DagBag from /home/airflow/.local/lib/python3.12/site-packages/airflow/example_dags/example_params_ui_tutorial.py
[2025-04-15T19:51:11.729+0000] {processor.py:925} INFO - DAG(s) 'example_params_ui_tutorial' retrieved from /home/airflow/.local/lib/python3.12/site-packages/airflow/example_dags/example_params_ui_tutorial.py
[2025-04-15T19:51:11.810+0000] {logging_mixin.py:190} INFO - [2025-04-15T19:51:11.809+0000] {dag.py:3239} INFO - Sync 1 DAGs
[2025-04-15T19:51:11.832+0000] {logging_mixin.py:190} INFO - [2025-04-15T19:51:11.832+0000] {dag.py:4180} INFO - Setting next_dagrun for example_params_ui_tutorial to None, run_after=None
[2025-04-15T19:51:11.862+0000] {processor.py:208} INFO - Processing /home/airflow/.local/lib/python3.12/site-packages/airflow/example_dags/example_params_ui_tutorial.py took 0.158 seconds
[2025-04-15T19:51:42.508+0000] {processor.py:186} INFO - Started process (PID=17893) to work on /home/airflow/.local/lib/python3.12/site-packages/airflow/example_dags/example_params_ui_tutorial.py
[2025-04-15T19:51:42.509+0000] {processor.py:914} INFO - Processing file /home/airflow/.local/lib/python3.12/site-packages/airflow/example_dags/example_params_ui_tutorial.py for tasks to queue
[2025-04-15T19:51:42.511+0000] {logging_mixin.py:190} INFO - [2025-04-15T19:51:42.510+0000] {dagbag.py:588} INFO - Filling up the DagBag from /home/airflow/.local/lib/python3.12/site-packages/airflow/example_dags/example_params_ui_tutorial.py
[2025-04-15T19:51:42.524+0000] {processor.py:925} INFO - DAG(s) 'example_params_ui_tutorial' retrieved from /home/airflow/.local/lib/python3.12/site-packages/airflow/example_dags/example_params_ui_tutorial.py
[2025-04-15T19:51:42.585+0000] {logging_mixin.py:190} INFO - [2025-04-15T19:51:42.585+0000] {dag.py:3239} INFO - Sync 1 DAGs
[2025-04-15T19:51:42.609+0000] {logging_mixin.py:190} INFO - [2025-04-15T19:51:42.609+0000] {dag.py:4180} INFO - Setting next_dagrun for example_params_ui_tutorial to None, run_after=None
[2025-04-15T19:51:42.638+0000] {processor.py:208} INFO - Processing /home/airflow/.local/lib/python3.12/site-packages/airflow/example_dags/example_params_ui_tutorial.py took 0.137 seconds
[2025-04-15T19:52:13.306+0000] {processor.py:186} INFO - Started process (PID=17960) to work on /home/airflow/.local/lib/python3.12/site-packages/airflow/example_dags/example_params_ui_tutorial.py
[2025-04-15T19:52:13.308+0000] {processor.py:914} INFO - Processing file /home/airflow/.local/lib/python3.12/site-packages/airflow/example_dags/example_params_ui_tutorial.py for tasks to queue
[2025-04-15T19:52:13.311+0000] {logging_mixin.py:190} INFO - [2025-04-15T19:52:13.310+0000] {dagbag.py:588} INFO - Filling up the DagBag from /home/airflow/.local/lib/python3.12/site-packages/airflow/example_dags/example_params_ui_tutorial.py
[2025-04-15T19:52:13.324+0000] {processor.py:925} INFO - DAG(s) 'example_params_ui_tutorial' retrieved from /home/airflow/.local/lib/python3.12/site-packages/airflow/example_dags/example_params_ui_tutorial.py
[2025-04-15T19:52:13.403+0000] {logging_mixin.py:190} INFO - [2025-04-15T19:52:13.402+0000] {dag.py:3239} INFO - Sync 1 DAGs
[2025-04-15T19:52:13.428+0000] {logging_mixin.py:190} INFO - [2025-04-15T19:52:13.427+0000] {dag.py:4180} INFO - Setting next_dagrun for example_params_ui_tutorial to None, run_after=None
[2025-04-15T19:52:13.459+0000] {processor.py:208} INFO - Processing /home/airflow/.local/lib/python3.12/site-packages/airflow/example_dags/example_params_ui_tutorial.py took 0.162 seconds
[2025-04-15T19:52:43.850+0000] {processor.py:186} INFO - Started process (PID=18027) to work on /home/airflow/.local/lib/python3.12/site-packages/airflow/example_dags/example_params_ui_tutorial.py
[2025-04-15T19:52:43.852+0000] {processor.py:914} INFO - Processing file /home/airflow/.local/lib/python3.12/site-packages/airflow/example_dags/example_params_ui_tutorial.py for tasks to queue
[2025-04-15T19:52:43.854+0000] {logging_mixin.py:190} INFO - [2025-04-15T19:52:43.854+0000] {dagbag.py:588} INFO - Filling up the DagBag from /home/airflow/.local/lib/python3.12/site-packages/airflow/example_dags/example_params_ui_tutorial.py
[2025-04-15T19:52:43.867+0000] {processor.py:925} INFO - DAG(s) 'example_params_ui_tutorial' retrieved from /home/airflow/.local/lib/python3.12/site-packages/airflow/example_dags/example_params_ui_tutorial.py
[2025-04-15T19:52:43.940+0000] {logging_mixin.py:190} INFO - [2025-04-15T19:52:43.939+0000] {dag.py:3239} INFO - Sync 1 DAGs
[2025-04-15T19:52:43.967+0000] {logging_mixin.py:190} INFO - [2025-04-15T19:52:43.966+0000] {dag.py:4180} INFO - Setting next_dagrun for example_params_ui_tutorial to None, run_after=None
[2025-04-15T19:52:43.996+0000] {processor.py:208} INFO - Processing /home/airflow/.local/lib/python3.12/site-packages/airflow/example_dags/example_params_ui_tutorial.py took 0.157 seconds
[2025-04-15T19:53:14.208+0000] {processor.py:186} INFO - Started process (PID=18094) to work on /home/airflow/.local/lib/python3.12/site-packages/airflow/example_dags/example_params_ui_tutorial.py
[2025-04-15T19:53:14.211+0000] {processor.py:914} INFO - Processing file /home/airflow/.local/lib/python3.12/site-packages/airflow/example_dags/example_params_ui_tutorial.py for tasks to queue
[2025-04-15T19:53:14.214+0000] {logging_mixin.py:190} INFO - [2025-04-15T19:53:14.213+0000] {dagbag.py:588} INFO - Filling up the DagBag from /home/airflow/.local/lib/python3.12/site-packages/airflow/example_dags/example_params_ui_tutorial.py
[2025-04-15T19:53:14.242+0000] {processor.py:925} INFO - DAG(s) 'example_params_ui_tutorial' retrieved from /home/airflow/.local/lib/python3.12/site-packages/airflow/example_dags/example_params_ui_tutorial.py
[2025-04-15T19:53:14.330+0000] {logging_mixin.py:190} INFO - [2025-04-15T19:53:14.329+0000] {dag.py:3239} INFO - Sync 1 DAGs
[2025-04-15T19:53:14.357+0000] {logging_mixin.py:190} INFO - [2025-04-15T19:53:14.356+0000] {dag.py:4180} INFO - Setting next_dagrun for example_params_ui_tutorial to None, run_after=None
[2025-04-15T19:53:14.389+0000] {processor.py:208} INFO - Processing /home/airflow/.local/lib/python3.12/site-packages/airflow/example_dags/example_params_ui_tutorial.py took 0.194 seconds
[2025-04-15T19:53:44.772+0000] {processor.py:186} INFO - Started process (PID=18161) to work on /home/airflow/.local/lib/python3.12/site-packages/airflow/example_dags/example_params_ui_tutorial.py
[2025-04-15T19:53:44.774+0000] {processor.py:914} INFO - Processing file /home/airflow/.local/lib/python3.12/site-packages/airflow/example_dags/example_params_ui_tutorial.py for tasks to queue
[2025-04-15T19:53:44.777+0000] {logging_mixin.py:190} INFO - [2025-04-15T19:53:44.776+0000] {dagbag.py:588} INFO - Filling up the DagBag from /home/airflow/.local/lib/python3.12/site-packages/airflow/example_dags/example_params_ui_tutorial.py
[2025-04-15T19:53:44.794+0000] {processor.py:925} INFO - DAG(s) 'example_params_ui_tutorial' retrieved from /home/airflow/.local/lib/python3.12/site-packages/airflow/example_dags/example_params_ui_tutorial.py
[2025-04-15T19:53:44.872+0000] {logging_mixin.py:190} INFO - [2025-04-15T19:53:44.872+0000] {dag.py:3239} INFO - Sync 1 DAGs
[2025-04-15T19:53:44.895+0000] {logging_mixin.py:190} INFO - [2025-04-15T19:53:44.895+0000] {dag.py:4180} INFO - Setting next_dagrun for example_params_ui_tutorial to None, run_after=None
[2025-04-15T19:53:44.929+0000] {processor.py:208} INFO - Processing /home/airflow/.local/lib/python3.12/site-packages/airflow/example_dags/example_params_ui_tutorial.py took 0.166 seconds
[2025-04-15T19:54:15.235+0000] {processor.py:186} INFO - Started process (PID=18228) to work on /home/airflow/.local/lib/python3.12/site-packages/airflow/example_dags/example_params_ui_tutorial.py
[2025-04-15T19:54:15.237+0000] {processor.py:914} INFO - Processing file /home/airflow/.local/lib/python3.12/site-packages/airflow/example_dags/example_params_ui_tutorial.py for tasks to queue
[2025-04-15T19:54:15.239+0000] {logging_mixin.py:190} INFO - [2025-04-15T19:54:15.238+0000] {dagbag.py:588} INFO - Filling up the DagBag from /home/airflow/.local/lib/python3.12/site-packages/airflow/example_dags/example_params_ui_tutorial.py
[2025-04-15T19:54:15.253+0000] {processor.py:925} INFO - DAG(s) 'example_params_ui_tutorial' retrieved from /home/airflow/.local/lib/python3.12/site-packages/airflow/example_dags/example_params_ui_tutorial.py
[2025-04-15T19:54:15.330+0000] {logging_mixin.py:190} INFO - [2025-04-15T19:54:15.330+0000] {dag.py:3239} INFO - Sync 1 DAGs
[2025-04-15T19:54:15.352+0000] {logging_mixin.py:190} INFO - [2025-04-15T19:54:15.351+0000] {dag.py:4180} INFO - Setting next_dagrun for example_params_ui_tutorial to None, run_after=None
[2025-04-15T19:54:15.381+0000] {processor.py:208} INFO - Processing /home/airflow/.local/lib/python3.12/site-packages/airflow/example_dags/example_params_ui_tutorial.py took 0.156 seconds
[2025-04-15T19:54:45.623+0000] {processor.py:186} INFO - Started process (PID=18295) to work on /home/airflow/.local/lib/python3.12/site-packages/airflow/example_dags/example_params_ui_tutorial.py
[2025-04-15T19:54:45.625+0000] {processor.py:914} INFO - Processing file /home/airflow/.local/lib/python3.12/site-packages/airflow/example_dags/example_params_ui_tutorial.py for tasks to queue
[2025-04-15T19:54:45.627+0000] {logging_mixin.py:190} INFO - [2025-04-15T19:54:45.626+0000] {dagbag.py:588} INFO - Filling up the DagBag from /home/airflow/.local/lib/python3.12/site-packages/airflow/example_dags/example_params_ui_tutorial.py
[2025-04-15T19:54:45.640+0000] {processor.py:925} INFO - DAG(s) 'example_params_ui_tutorial' retrieved from /home/airflow/.local/lib/python3.12/site-packages/airflow/example_dags/example_params_ui_tutorial.py
[2025-04-15T19:54:45.724+0000] {logging_mixin.py:190} INFO - [2025-04-15T19:54:45.723+0000] {dag.py:3239} INFO - Sync 1 DAGs
[2025-04-15T19:54:45.747+0000] {logging_mixin.py:190} INFO - [2025-04-15T19:54:45.747+0000] {dag.py:4180} INFO - Setting next_dagrun for example_params_ui_tutorial to None, run_after=None
[2025-04-15T19:54:45.779+0000] {processor.py:208} INFO - Processing /home/airflow/.local/lib/python3.12/site-packages/airflow/example_dags/example_params_ui_tutorial.py took 0.164 seconds
[2025-04-15T19:55:16.424+0000] {processor.py:186} INFO - Started process (PID=18362) to work on /home/airflow/.local/lib/python3.12/site-packages/airflow/example_dags/example_params_ui_tutorial.py
[2025-04-15T19:55:16.426+0000] {processor.py:914} INFO - Processing file /home/airflow/.local/lib/python3.12/site-packages/airflow/example_dags/example_params_ui_tutorial.py for tasks to queue
[2025-04-15T19:55:16.428+0000] {logging_mixin.py:190} INFO - [2025-04-15T19:55:16.428+0000] {dagbag.py:588} INFO - Filling up the DagBag from /home/airflow/.local/lib/python3.12/site-packages/airflow/example_dags/example_params_ui_tutorial.py
[2025-04-15T19:55:16.442+0000] {processor.py:925} INFO - DAG(s) 'example_params_ui_tutorial' retrieved from /home/airflow/.local/lib/python3.12/site-packages/airflow/example_dags/example_params_ui_tutorial.py
[2025-04-15T19:55:16.525+0000] {logging_mixin.py:190} INFO - [2025-04-15T19:55:16.524+0000] {dag.py:3239} INFO - Sync 1 DAGs
[2025-04-15T19:55:16.553+0000] {logging_mixin.py:190} INFO - [2025-04-15T19:55:16.552+0000] {dag.py:4180} INFO - Setting next_dagrun for example_params_ui_tutorial to None, run_after=None
[2025-04-15T19:55:16.583+0000] {processor.py:208} INFO - Processing /home/airflow/.local/lib/python3.12/site-packages/airflow/example_dags/example_params_ui_tutorial.py took 0.168 seconds
[2025-04-15T19:55:46.682+0000] {processor.py:186} INFO - Started process (PID=18429) to work on /home/airflow/.local/lib/python3.12/site-packages/airflow/example_dags/example_params_ui_tutorial.py
[2025-04-15T19:55:46.684+0000] {processor.py:914} INFO - Processing file /home/airflow/.local/lib/python3.12/site-packages/airflow/example_dags/example_params_ui_tutorial.py for tasks to queue
[2025-04-15T19:55:46.686+0000] {logging_mixin.py:190} INFO - [2025-04-15T19:55:46.685+0000] {dagbag.py:588} INFO - Filling up the DagBag from /home/airflow/.local/lib/python3.12/site-packages/airflow/example_dags/example_params_ui_tutorial.py
[2025-04-15T19:55:46.701+0000] {processor.py:925} INFO - DAG(s) 'example_params_ui_tutorial' retrieved from /home/airflow/.local/lib/python3.12/site-packages/airflow/example_dags/example_params_ui_tutorial.py
[2025-04-15T19:55:46.772+0000] {logging_mixin.py:190} INFO - [2025-04-15T19:55:46.772+0000] {dag.py:3239} INFO - Sync 1 DAGs
[2025-04-15T19:55:46.795+0000] {logging_mixin.py:190} INFO - [2025-04-15T19:55:46.795+0000] {dag.py:4180} INFO - Setting next_dagrun for example_params_ui_tutorial to None, run_after=None
[2025-04-15T19:55:46.825+0000] {processor.py:208} INFO - Processing /home/airflow/.local/lib/python3.12/site-packages/airflow/example_dags/example_params_ui_tutorial.py took 0.152 seconds
[2025-04-15T19:56:17.133+0000] {processor.py:186} INFO - Started process (PID=18496) to work on /home/airflow/.local/lib/python3.12/site-packages/airflow/example_dags/example_params_ui_tutorial.py
[2025-04-15T19:56:17.134+0000] {processor.py:914} INFO - Processing file /home/airflow/.local/lib/python3.12/site-packages/airflow/example_dags/example_params_ui_tutorial.py for tasks to queue
[2025-04-15T19:56:17.135+0000] {logging_mixin.py:190} INFO - [2025-04-15T19:56:17.135+0000] {dagbag.py:588} INFO - Filling up the DagBag from /home/airflow/.local/lib/python3.12/site-packages/airflow/example_dags/example_params_ui_tutorial.py
[2025-04-15T19:56:17.146+0000] {processor.py:925} INFO - DAG(s) 'example_params_ui_tutorial' retrieved from /home/airflow/.local/lib/python3.12/site-packages/airflow/example_dags/example_params_ui_tutorial.py
[2025-04-15T19:56:17.195+0000] {logging_mixin.py:190} INFO - [2025-04-15T19:56:17.195+0000] {dag.py:3239} INFO - Sync 1 DAGs
[2025-04-15T19:56:17.212+0000] {logging_mixin.py:190} INFO - [2025-04-15T19:56:17.211+0000] {dag.py:4180} INFO - Setting next_dagrun for example_params_ui_tutorial to None, run_after=None
[2025-04-15T19:56:17.233+0000] {processor.py:208} INFO - Processing /home/airflow/.local/lib/python3.12/site-packages/airflow/example_dags/example_params_ui_tutorial.py took 0.106 seconds
[2025-04-15T19:56:47.721+0000] {processor.py:186} INFO - Started process (PID=18563) to work on /home/airflow/.local/lib/python3.12/site-packages/airflow/example_dags/example_params_ui_tutorial.py
[2025-04-15T19:56:47.722+0000] {processor.py:914} INFO - Processing file /home/airflow/.local/lib/python3.12/site-packages/airflow/example_dags/example_params_ui_tutorial.py for tasks to queue
[2025-04-15T19:56:47.724+0000] {logging_mixin.py:190} INFO - [2025-04-15T19:56:47.724+0000] {dagbag.py:588} INFO - Filling up the DagBag from /home/airflow/.local/lib/python3.12/site-packages/airflow/example_dags/example_params_ui_tutorial.py
[2025-04-15T19:56:47.739+0000] {processor.py:925} INFO - DAG(s) 'example_params_ui_tutorial' retrieved from /home/airflow/.local/lib/python3.12/site-packages/airflow/example_dags/example_params_ui_tutorial.py
[2025-04-15T19:56:47.815+0000] {logging_mixin.py:190} INFO - [2025-04-15T19:56:47.814+0000] {dag.py:3239} INFO - Sync 1 DAGs
[2025-04-15T19:56:47.838+0000] {logging_mixin.py:190} INFO - [2025-04-15T19:56:47.838+0000] {dag.py:4180} INFO - Setting next_dagrun for example_params_ui_tutorial to None, run_after=None
[2025-04-15T19:56:47.872+0000] {processor.py:208} INFO - Processing /home/airflow/.local/lib/python3.12/site-packages/airflow/example_dags/example_params_ui_tutorial.py took 0.158 seconds
[2025-04-15T19:57:18.011+0000] {processor.py:186} INFO - Started process (PID=18629) to work on /home/airflow/.local/lib/python3.12/site-packages/airflow/example_dags/example_params_ui_tutorial.py
[2025-04-15T19:57:18.012+0000] {processor.py:914} INFO - Processing file /home/airflow/.local/lib/python3.12/site-packages/airflow/example_dags/example_params_ui_tutorial.py for tasks to queue
[2025-04-15T19:57:18.014+0000] {logging_mixin.py:190} INFO - [2025-04-15T19:57:18.014+0000] {dagbag.py:588} INFO - Filling up the DagBag from /home/airflow/.local/lib/python3.12/site-packages/airflow/example_dags/example_params_ui_tutorial.py
[2025-04-15T19:57:18.028+0000] {processor.py:925} INFO - DAG(s) 'example_params_ui_tutorial' retrieved from /home/airflow/.local/lib/python3.12/site-packages/airflow/example_dags/example_params_ui_tutorial.py
[2025-04-15T19:57:18.100+0000] {logging_mixin.py:190} INFO - [2025-04-15T19:57:18.100+0000] {dag.py:3239} INFO - Sync 1 DAGs
[2025-04-15T19:57:18.127+0000] {logging_mixin.py:190} INFO - [2025-04-15T19:57:18.127+0000] {dag.py:4180} INFO - Setting next_dagrun for example_params_ui_tutorial to None, run_after=None
[2025-04-15T19:57:18.161+0000] {processor.py:208} INFO - Processing /home/airflow/.local/lib/python3.12/site-packages/airflow/example_dags/example_params_ui_tutorial.py took 0.160 seconds
[2025-04-15T19:57:48.867+0000] {processor.py:186} INFO - Started process (PID=18696) to work on /home/airflow/.local/lib/python3.12/site-packages/airflow/example_dags/example_params_ui_tutorial.py
[2025-04-15T19:57:48.869+0000] {processor.py:914} INFO - Processing file /home/airflow/.local/lib/python3.12/site-packages/airflow/example_dags/example_params_ui_tutorial.py for tasks to queue
[2025-04-15T19:57:48.871+0000] {logging_mixin.py:190} INFO - [2025-04-15T19:57:48.871+0000] {dagbag.py:588} INFO - Filling up the DagBag from /home/airflow/.local/lib/python3.12/site-packages/airflow/example_dags/example_params_ui_tutorial.py
[2025-04-15T19:57:48.885+0000] {processor.py:925} INFO - DAG(s) 'example_params_ui_tutorial' retrieved from /home/airflow/.local/lib/python3.12/site-packages/airflow/example_dags/example_params_ui_tutorial.py
[2025-04-15T19:57:48.966+0000] {logging_mixin.py:190} INFO - [2025-04-15T19:57:48.966+0000] {dag.py:3239} INFO - Sync 1 DAGs
[2025-04-15T19:57:48.992+0000] {logging_mixin.py:190} INFO - [2025-04-15T19:57:48.992+0000] {dag.py:4180} INFO - Setting next_dagrun for example_params_ui_tutorial to None, run_after=None
[2025-04-15T19:57:49.025+0000] {processor.py:208} INFO - Processing /home/airflow/.local/lib/python3.12/site-packages/airflow/example_dags/example_params_ui_tutorial.py took 0.167 seconds
[2025-04-15T19:58:19.436+0000] {processor.py:186} INFO - Started process (PID=18763) to work on /home/airflow/.local/lib/python3.12/site-packages/airflow/example_dags/example_params_ui_tutorial.py
[2025-04-15T19:58:19.437+0000] {processor.py:914} INFO - Processing file /home/airflow/.local/lib/python3.12/site-packages/airflow/example_dags/example_params_ui_tutorial.py for tasks to queue
[2025-04-15T19:58:19.438+0000] {logging_mixin.py:190} INFO - [2025-04-15T19:58:19.438+0000] {dagbag.py:588} INFO - Filling up the DagBag from /home/airflow/.local/lib/python3.12/site-packages/airflow/example_dags/example_params_ui_tutorial.py
[2025-04-15T19:58:19.448+0000] {processor.py:925} INFO - DAG(s) 'example_params_ui_tutorial' retrieved from /home/airflow/.local/lib/python3.12/site-packages/airflow/example_dags/example_params_ui_tutorial.py
[2025-04-15T19:58:19.495+0000] {logging_mixin.py:190} INFO - [2025-04-15T19:58:19.494+0000] {dag.py:3239} INFO - Sync 1 DAGs
[2025-04-15T19:58:19.511+0000] {logging_mixin.py:190} INFO - [2025-04-15T19:58:19.510+0000] {dag.py:4180} INFO - Setting next_dagrun for example_params_ui_tutorial to None, run_after=None
[2025-04-15T19:58:19.531+0000] {processor.py:208} INFO - Processing /home/airflow/.local/lib/python3.12/site-packages/airflow/example_dags/example_params_ui_tutorial.py took 0.101 seconds
[2025-04-15T19:58:49.850+0000] {processor.py:186} INFO - Started process (PID=18830) to work on /home/airflow/.local/lib/python3.12/site-packages/airflow/example_dags/example_params_ui_tutorial.py
[2025-04-15T19:58:49.851+0000] {processor.py:914} INFO - Processing file /home/airflow/.local/lib/python3.12/site-packages/airflow/example_dags/example_params_ui_tutorial.py for tasks to queue
[2025-04-15T19:58:49.853+0000] {logging_mixin.py:190} INFO - [2025-04-15T19:58:49.852+0000] {dagbag.py:588} INFO - Filling up the DagBag from /home/airflow/.local/lib/python3.12/site-packages/airflow/example_dags/example_params_ui_tutorial.py
[2025-04-15T19:58:49.869+0000] {processor.py:925} INFO - DAG(s) 'example_params_ui_tutorial' retrieved from /home/airflow/.local/lib/python3.12/site-packages/airflow/example_dags/example_params_ui_tutorial.py
[2025-04-15T19:58:49.967+0000] {logging_mixin.py:190} INFO - [2025-04-15T19:58:49.966+0000] {dag.py:3239} INFO - Sync 1 DAGs
[2025-04-15T19:58:49.991+0000] {logging_mixin.py:190} INFO - [2025-04-15T19:58:49.991+0000] {dag.py:4180} INFO - Setting next_dagrun for example_params_ui_tutorial to None, run_after=None
[2025-04-15T19:58:50.022+0000] {processor.py:208} INFO - Processing /home/airflow/.local/lib/python3.12/site-packages/airflow/example_dags/example_params_ui_tutorial.py took 0.181 seconds
[2025-04-15T19:59:20.298+0000] {processor.py:186} INFO - Started process (PID=18897) to work on /home/airflow/.local/lib/python3.12/site-packages/airflow/example_dags/example_params_ui_tutorial.py
[2025-04-15T19:59:20.299+0000] {processor.py:914} INFO - Processing file /home/airflow/.local/lib/python3.12/site-packages/airflow/example_dags/example_params_ui_tutorial.py for tasks to queue
[2025-04-15T19:59:20.301+0000] {logging_mixin.py:190} INFO - [2025-04-15T19:59:20.301+0000] {dagbag.py:588} INFO - Filling up the DagBag from /home/airflow/.local/lib/python3.12/site-packages/airflow/example_dags/example_params_ui_tutorial.py
[2025-04-15T19:59:20.316+0000] {processor.py:925} INFO - DAG(s) 'example_params_ui_tutorial' retrieved from /home/airflow/.local/lib/python3.12/site-packages/airflow/example_dags/example_params_ui_tutorial.py
[2025-04-15T19:59:20.390+0000] {logging_mixin.py:190} INFO - [2025-04-15T19:59:20.390+0000] {dag.py:3239} INFO - Sync 1 DAGs
[2025-04-15T19:59:20.418+0000] {logging_mixin.py:190} INFO - [2025-04-15T19:59:20.417+0000] {dag.py:4180} INFO - Setting next_dagrun for example_params_ui_tutorial to None, run_after=None
[2025-04-15T19:59:20.450+0000] {processor.py:208} INFO - Processing /home/airflow/.local/lib/python3.12/site-packages/airflow/example_dags/example_params_ui_tutorial.py took 0.161 seconds
[2025-04-15T19:59:50.943+0000] {processor.py:186} INFO - Started process (PID=18964) to work on /home/airflow/.local/lib/python3.12/site-packages/airflow/example_dags/example_params_ui_tutorial.py
[2025-04-15T19:59:50.944+0000] {processor.py:914} INFO - Processing file /home/airflow/.local/lib/python3.12/site-packages/airflow/example_dags/example_params_ui_tutorial.py for tasks to queue
[2025-04-15T19:59:50.947+0000] {logging_mixin.py:190} INFO - [2025-04-15T19:59:50.946+0000] {dagbag.py:588} INFO - Filling up the DagBag from /home/airflow/.local/lib/python3.12/site-packages/airflow/example_dags/example_params_ui_tutorial.py
[2025-04-15T19:59:50.959+0000] {processor.py:925} INFO - DAG(s) 'example_params_ui_tutorial' retrieved from /home/airflow/.local/lib/python3.12/site-packages/airflow/example_dags/example_params_ui_tutorial.py
[2025-04-15T19:59:51.096+0000] {logging_mixin.py:190} INFO - [2025-04-15T19:59:51.096+0000] {dag.py:3239} INFO - Sync 1 DAGs
[2025-04-15T19:59:51.121+0000] {logging_mixin.py:190} INFO - [2025-04-15T19:59:51.120+0000] {dag.py:4180} INFO - Setting next_dagrun for example_params_ui_tutorial to None, run_after=None
[2025-04-15T19:59:51.143+0000] {processor.py:208} INFO - Processing /home/airflow/.local/lib/python3.12/site-packages/airflow/example_dags/example_params_ui_tutorial.py took 0.208 seconds
[2025-04-15T20:00:21.284+0000] {processor.py:186} INFO - Started process (PID=19031) to work on /home/airflow/.local/lib/python3.12/site-packages/airflow/example_dags/example_params_ui_tutorial.py
[2025-04-15T20:00:21.285+0000] {processor.py:914} INFO - Processing file /home/airflow/.local/lib/python3.12/site-packages/airflow/example_dags/example_params_ui_tutorial.py for tasks to queue
[2025-04-15T20:00:21.286+0000] {logging_mixin.py:190} INFO - [2025-04-15T20:00:21.286+0000] {dagbag.py:588} INFO - Filling up the DagBag from /home/airflow/.local/lib/python3.12/site-packages/airflow/example_dags/example_params_ui_tutorial.py
[2025-04-15T20:00:21.296+0000] {processor.py:925} INFO - DAG(s) 'example_params_ui_tutorial' retrieved from /home/airflow/.local/lib/python3.12/site-packages/airflow/example_dags/example_params_ui_tutorial.py
[2025-04-15T20:00:21.349+0000] {logging_mixin.py:190} INFO - [2025-04-15T20:00:21.349+0000] {dag.py:3239} INFO - Sync 1 DAGs
[2025-04-15T20:00:21.364+0000] {logging_mixin.py:190} INFO - [2025-04-15T20:00:21.364+0000] {dag.py:4180} INFO - Setting next_dagrun for example_params_ui_tutorial to None, run_after=None
[2025-04-15T20:00:21.385+0000] {processor.py:208} INFO - Processing /home/airflow/.local/lib/python3.12/site-packages/airflow/example_dags/example_params_ui_tutorial.py took 0.108 seconds
[2025-04-15T20:00:51.914+0000] {processor.py:186} INFO - Started process (PID=19098) to work on /home/airflow/.local/lib/python3.12/site-packages/airflow/example_dags/example_params_ui_tutorial.py
[2025-04-15T20:00:51.915+0000] {processor.py:914} INFO - Processing file /home/airflow/.local/lib/python3.12/site-packages/airflow/example_dags/example_params_ui_tutorial.py for tasks to queue
[2025-04-15T20:00:51.917+0000] {logging_mixin.py:190} INFO - [2025-04-15T20:00:51.916+0000] {dagbag.py:588} INFO - Filling up the DagBag from /home/airflow/.local/lib/python3.12/site-packages/airflow/example_dags/example_params_ui_tutorial.py
[2025-04-15T20:00:51.929+0000] {processor.py:925} INFO - DAG(s) 'example_params_ui_tutorial' retrieved from /home/airflow/.local/lib/python3.12/site-packages/airflow/example_dags/example_params_ui_tutorial.py
[2025-04-15T20:00:51.986+0000] {logging_mixin.py:190} INFO - [2025-04-15T20:00:51.985+0000] {dag.py:3239} INFO - Sync 1 DAGs
[2025-04-15T20:00:52.003+0000] {logging_mixin.py:190} INFO - [2025-04-15T20:00:52.002+0000] {dag.py:4180} INFO - Setting next_dagrun for example_params_ui_tutorial to None, run_after=None
[2025-04-15T20:00:52.027+0000] {processor.py:208} INFO - Processing /home/airflow/.local/lib/python3.12/site-packages/airflow/example_dags/example_params_ui_tutorial.py took 0.122 seconds
[2025-04-15T20:01:23.061+0000] {processor.py:186} INFO - Started process (PID=19165) to work on /home/airflow/.local/lib/python3.12/site-packages/airflow/example_dags/example_params_ui_tutorial.py
[2025-04-15T20:01:23.063+0000] {processor.py:914} INFO - Processing file /home/airflow/.local/lib/python3.12/site-packages/airflow/example_dags/example_params_ui_tutorial.py for tasks to queue
[2025-04-15T20:01:23.065+0000] {logging_mixin.py:190} INFO - [2025-04-15T20:01:23.065+0000] {dagbag.py:588} INFO - Filling up the DagBag from /home/airflow/.local/lib/python3.12/site-packages/airflow/example_dags/example_params_ui_tutorial.py
[2025-04-15T20:01:23.078+0000] {processor.py:925} INFO - DAG(s) 'example_params_ui_tutorial' retrieved from /home/airflow/.local/lib/python3.12/site-packages/airflow/example_dags/example_params_ui_tutorial.py
[2025-04-15T20:01:23.161+0000] {logging_mixin.py:190} INFO - [2025-04-15T20:01:23.161+0000] {dag.py:3239} INFO - Sync 1 DAGs
[2025-04-15T20:01:23.190+0000] {logging_mixin.py:190} INFO - [2025-04-15T20:01:23.189+0000] {dag.py:4180} INFO - Setting next_dagrun for example_params_ui_tutorial to None, run_after=None
[2025-04-15T20:01:23.225+0000] {processor.py:208} INFO - Processing /home/airflow/.local/lib/python3.12/site-packages/airflow/example_dags/example_params_ui_tutorial.py took 0.172 seconds
[2025-04-15T20:01:53.468+0000] {processor.py:186} INFO - Started process (PID=19231) to work on /home/airflow/.local/lib/python3.12/site-packages/airflow/example_dags/example_params_ui_tutorial.py
[2025-04-15T20:01:53.470+0000] {processor.py:914} INFO - Processing file /home/airflow/.local/lib/python3.12/site-packages/airflow/example_dags/example_params_ui_tutorial.py for tasks to queue
[2025-04-15T20:01:53.472+0000] {logging_mixin.py:190} INFO - [2025-04-15T20:01:53.471+0000] {dagbag.py:588} INFO - Filling up the DagBag from /home/airflow/.local/lib/python3.12/site-packages/airflow/example_dags/example_params_ui_tutorial.py
[2025-04-15T20:01:53.487+0000] {processor.py:925} INFO - DAG(s) 'example_params_ui_tutorial' retrieved from /home/airflow/.local/lib/python3.12/site-packages/airflow/example_dags/example_params_ui_tutorial.py
[2025-04-15T20:01:53.557+0000] {logging_mixin.py:190} INFO - [2025-04-15T20:01:53.557+0000] {dag.py:3239} INFO - Sync 1 DAGs
[2025-04-15T20:01:53.580+0000] {logging_mixin.py:190} INFO - [2025-04-15T20:01:53.580+0000] {dag.py:4180} INFO - Setting next_dagrun for example_params_ui_tutorial to None, run_after=None
[2025-04-15T20:01:53.613+0000] {processor.py:208} INFO - Processing /home/airflow/.local/lib/python3.12/site-packages/airflow/example_dags/example_params_ui_tutorial.py took 0.155 seconds
[2025-04-15T20:02:24.050+0000] {processor.py:186} INFO - Started process (PID=19298) to work on /home/airflow/.local/lib/python3.12/site-packages/airflow/example_dags/example_params_ui_tutorial.py
[2025-04-15T20:02:24.052+0000] {processor.py:914} INFO - Processing file /home/airflow/.local/lib/python3.12/site-packages/airflow/example_dags/example_params_ui_tutorial.py for tasks to queue
[2025-04-15T20:02:24.054+0000] {logging_mixin.py:190} INFO - [2025-04-15T20:02:24.053+0000] {dagbag.py:588} INFO - Filling up the DagBag from /home/airflow/.local/lib/python3.12/site-packages/airflow/example_dags/example_params_ui_tutorial.py
[2025-04-15T20:02:24.069+0000] {processor.py:925} INFO - DAG(s) 'example_params_ui_tutorial' retrieved from /home/airflow/.local/lib/python3.12/site-packages/airflow/example_dags/example_params_ui_tutorial.py
[2025-04-15T20:02:24.145+0000] {logging_mixin.py:190} INFO - [2025-04-15T20:02:24.144+0000] {dag.py:3239} INFO - Sync 1 DAGs
[2025-04-15T20:02:24.170+0000] {logging_mixin.py:190} INFO - [2025-04-15T20:02:24.169+0000] {dag.py:4180} INFO - Setting next_dagrun for example_params_ui_tutorial to None, run_after=None
[2025-04-15T20:02:24.202+0000] {processor.py:208} INFO - Processing /home/airflow/.local/lib/python3.12/site-packages/airflow/example_dags/example_params_ui_tutorial.py took 0.163 seconds
[2025-04-15T20:02:54.478+0000] {processor.py:186} INFO - Started process (PID=19364) to work on /home/airflow/.local/lib/python3.12/site-packages/airflow/example_dags/example_params_ui_tutorial.py
[2025-04-15T20:02:54.480+0000] {processor.py:914} INFO - Processing file /home/airflow/.local/lib/python3.12/site-packages/airflow/example_dags/example_params_ui_tutorial.py for tasks to queue
[2025-04-15T20:02:54.482+0000] {logging_mixin.py:190} INFO - [2025-04-15T20:02:54.481+0000] {dagbag.py:588} INFO - Filling up the DagBag from /home/airflow/.local/lib/python3.12/site-packages/airflow/example_dags/example_params_ui_tutorial.py
[2025-04-15T20:02:54.496+0000] {processor.py:925} INFO - DAG(s) 'example_params_ui_tutorial' retrieved from /home/airflow/.local/lib/python3.12/site-packages/airflow/example_dags/example_params_ui_tutorial.py
[2025-04-15T20:02:54.560+0000] {logging_mixin.py:190} INFO - [2025-04-15T20:02:54.559+0000] {dag.py:3239} INFO - Sync 1 DAGs
[2025-04-15T20:02:54.581+0000] {logging_mixin.py:190} INFO - [2025-04-15T20:02:54.581+0000] {dag.py:4180} INFO - Setting next_dagrun for example_params_ui_tutorial to None, run_after=None
[2025-04-15T20:02:54.605+0000] {processor.py:208} INFO - Processing /home/airflow/.local/lib/python3.12/site-packages/airflow/example_dags/example_params_ui_tutorial.py took 0.135 seconds
[2025-04-15T20:03:25.854+0000] {processor.py:186} INFO - Started process (PID=19431) to work on /home/airflow/.local/lib/python3.12/site-packages/airflow/example_dags/example_params_ui_tutorial.py
[2025-04-15T20:03:25.856+0000] {processor.py:914} INFO - Processing file /home/airflow/.local/lib/python3.12/site-packages/airflow/example_dags/example_params_ui_tutorial.py for tasks to queue
[2025-04-15T20:03:25.858+0000] {logging_mixin.py:190} INFO - [2025-04-15T20:03:25.858+0000] {dagbag.py:588} INFO - Filling up the DagBag from /home/airflow/.local/lib/python3.12/site-packages/airflow/example_dags/example_params_ui_tutorial.py
[2025-04-15T20:03:25.872+0000] {processor.py:925} INFO - DAG(s) 'example_params_ui_tutorial' retrieved from /home/airflow/.local/lib/python3.12/site-packages/airflow/example_dags/example_params_ui_tutorial.py
[2025-04-15T20:03:25.957+0000] {logging_mixin.py:190} INFO - [2025-04-15T20:03:25.956+0000] {dag.py:3239} INFO - Sync 1 DAGs
[2025-04-15T20:03:25.982+0000] {logging_mixin.py:190} INFO - [2025-04-15T20:03:25.981+0000] {dag.py:4180} INFO - Setting next_dagrun for example_params_ui_tutorial to None, run_after=None
[2025-04-15T20:03:26.017+0000] {processor.py:208} INFO - Processing /home/airflow/.local/lib/python3.12/site-packages/airflow/example_dags/example_params_ui_tutorial.py took 0.177 seconds
[2025-04-15T20:03:56.166+0000] {processor.py:186} INFO - Started process (PID=19497) to work on /home/airflow/.local/lib/python3.12/site-packages/airflow/example_dags/example_params_ui_tutorial.py
[2025-04-15T20:03:56.168+0000] {processor.py:914} INFO - Processing file /home/airflow/.local/lib/python3.12/site-packages/airflow/example_dags/example_params_ui_tutorial.py for tasks to queue
[2025-04-15T20:03:56.171+0000] {logging_mixin.py:190} INFO - [2025-04-15T20:03:56.170+0000] {dagbag.py:588} INFO - Filling up the DagBag from /home/airflow/.local/lib/python3.12/site-packages/airflow/example_dags/example_params_ui_tutorial.py
[2025-04-15T20:03:56.184+0000] {processor.py:925} INFO - DAG(s) 'example_params_ui_tutorial' retrieved from /home/airflow/.local/lib/python3.12/site-packages/airflow/example_dags/example_params_ui_tutorial.py
[2025-04-15T20:03:56.256+0000] {logging_mixin.py:190} INFO - [2025-04-15T20:03:56.256+0000] {dag.py:3239} INFO - Sync 1 DAGs
[2025-04-15T20:03:56.282+0000] {logging_mixin.py:190} INFO - [2025-04-15T20:03:56.282+0000] {dag.py:4180} INFO - Setting next_dagrun for example_params_ui_tutorial to None, run_after=None
[2025-04-15T20:03:56.310+0000] {processor.py:208} INFO - Processing /home/airflow/.local/lib/python3.12/site-packages/airflow/example_dags/example_params_ui_tutorial.py took 0.152 seconds
