[2025-04-15T19:35:30.150+0000] {processor.py:186} INFO - Started process (PID=15779) to work on /home/airflow/.local/lib/python3.12/site-packages/airflow/example_dags/example_inlet_event_extra.py
[2025-04-15T19:35:30.152+0000] {processor.py:914} INFO - Processing file /home/airflow/.local/lib/python3.12/site-packages/airflow/example_dags/example_inlet_event_extra.py for tasks to queue
[2025-04-15T19:35:30.157+0000] {logging_mixin.py:190} INFO - [2025-04-15T19:35:30.156+0000] {dagbag.py:588} INFO - Filling up the DagBag from /home/airflow/.local/lib/python3.12/site-packages/airflow/example_dags/example_inlet_event_extra.py
[2025-04-15T19:35:32.147+0000] {processor.py:925} INFO - DAG(s) 'read_dataset_event', 'read_dataset_event_from_classic' retrieved from /home/airflow/.local/lib/python3.12/site-packages/airflow/example_dags/example_inlet_event_extra.py
[2025-04-15T19:35:32.203+0000] {logging_mixin.py:190} INFO - [2025-04-15T19:35:32.202+0000] {dag.py:3239} INFO - Sync 2 DAGs
[2025-04-15T19:35:32.277+0000] {logging_mixin.py:190} INFO - [2025-04-15T19:35:32.274+0000] {dag.py:4180} INFO - Setting next_dagrun for read_dataset_event to 2025-04-14 00:00:00+00:00, run_after=2025-04-15 00:00:00+00:00
[2025-04-15T19:35:32.299+0000] {logging_mixin.py:190} INFO - [2025-04-15T19:35:32.299+0000] {dag.py:4180} INFO - Setting next_dagrun for read_dataset_event_from_classic to 2025-04-14 00:00:00+00:00, run_after=2025-04-15 00:00:00+00:00
[2025-04-15T19:35:32.350+0000] {processor.py:208} INFO - Processing /home/airflow/.local/lib/python3.12/site-packages/airflow/example_dags/example_inlet_event_extra.py took 2.214 seconds
[2025-04-15T19:36:02.600+0000] {processor.py:186} INFO - Started process (PID=15845) to work on /home/airflow/.local/lib/python3.12/site-packages/airflow/example_dags/example_inlet_event_extra.py
[2025-04-15T19:36:02.602+0000] {processor.py:914} INFO - Processing file /home/airflow/.local/lib/python3.12/site-packages/airflow/example_dags/example_inlet_event_extra.py for tasks to queue
[2025-04-15T19:36:02.604+0000] {logging_mixin.py:190} INFO - [2025-04-15T19:36:02.603+0000] {dagbag.py:588} INFO - Filling up the DagBag from /home/airflow/.local/lib/python3.12/site-packages/airflow/example_dags/example_inlet_event_extra.py
[2025-04-15T19:36:03.811+0000] {processor.py:925} INFO - DAG(s) 'read_dataset_event_from_classic', 'read_dataset_event' retrieved from /home/airflow/.local/lib/python3.12/site-packages/airflow/example_dags/example_inlet_event_extra.py
[2025-04-15T19:36:03.851+0000] {logging_mixin.py:190} INFO - [2025-04-15T19:36:03.850+0000] {dag.py:3239} INFO - Sync 2 DAGs
[2025-04-15T19:36:03.893+0000] {logging_mixin.py:190} INFO - [2025-04-15T19:36:03.893+0000] {dag.py:4180} INFO - Setting next_dagrun for read_dataset_event to 2025-04-14 00:00:00+00:00, run_after=2025-04-15 00:00:00+00:00
[2025-04-15T19:36:03.903+0000] {logging_mixin.py:190} INFO - [2025-04-15T19:36:03.903+0000] {dag.py:4180} INFO - Setting next_dagrun for read_dataset_event_from_classic to 2025-04-14 00:00:00+00:00, run_after=2025-04-15 00:00:00+00:00
[2025-04-15T19:36:03.934+0000] {processor.py:208} INFO - Processing /home/airflow/.local/lib/python3.12/site-packages/airflow/example_dags/example_inlet_event_extra.py took 1.346 seconds
[2025-04-15T19:36:34.640+0000] {processor.py:186} INFO - Started process (PID=15912) to work on /home/airflow/.local/lib/python3.12/site-packages/airflow/example_dags/example_inlet_event_extra.py
[2025-04-15T19:36:34.642+0000] {processor.py:914} INFO - Processing file /home/airflow/.local/lib/python3.12/site-packages/airflow/example_dags/example_inlet_event_extra.py for tasks to queue
[2025-04-15T19:36:34.644+0000] {logging_mixin.py:190} INFO - [2025-04-15T19:36:34.643+0000] {dagbag.py:588} INFO - Filling up the DagBag from /home/airflow/.local/lib/python3.12/site-packages/airflow/example_dags/example_inlet_event_extra.py
[2025-04-15T19:36:35.667+0000] {processor.py:925} INFO - DAG(s) 'read_dataset_event', 'read_dataset_event_from_classic' retrieved from /home/airflow/.local/lib/python3.12/site-packages/airflow/example_dags/example_inlet_event_extra.py
[2025-04-15T19:36:35.710+0000] {logging_mixin.py:190} INFO - [2025-04-15T19:36:35.709+0000] {dag.py:3239} INFO - Sync 2 DAGs
[2025-04-15T19:36:35.751+0000] {logging_mixin.py:190} INFO - [2025-04-15T19:36:35.751+0000] {dag.py:4180} INFO - Setting next_dagrun for read_dataset_event to 2025-04-14 00:00:00+00:00, run_after=2025-04-15 00:00:00+00:00
[2025-04-15T19:36:35.762+0000] {logging_mixin.py:190} INFO - [2025-04-15T19:36:35.762+0000] {dag.py:4180} INFO - Setting next_dagrun for read_dataset_event_from_classic to 2025-04-14 00:00:00+00:00, run_after=2025-04-15 00:00:00+00:00
[2025-04-15T19:36:35.792+0000] {processor.py:208} INFO - Processing /home/airflow/.local/lib/python3.12/site-packages/airflow/example_dags/example_inlet_event_extra.py took 1.159 seconds
[2025-04-15T19:37:06.457+0000] {processor.py:186} INFO - Started process (PID=15982) to work on /home/airflow/.local/lib/python3.12/site-packages/airflow/example_dags/example_inlet_event_extra.py
[2025-04-15T19:37:06.458+0000] {processor.py:914} INFO - Processing file /home/airflow/.local/lib/python3.12/site-packages/airflow/example_dags/example_inlet_event_extra.py for tasks to queue
[2025-04-15T19:37:06.460+0000] {logging_mixin.py:190} INFO - [2025-04-15T19:37:06.460+0000] {dagbag.py:588} INFO - Filling up the DagBag from /home/airflow/.local/lib/python3.12/site-packages/airflow/example_dags/example_inlet_event_extra.py
[2025-04-15T19:37:07.346+0000] {processor.py:925} INFO - DAG(s) 'read_dataset_event', 'read_dataset_event_from_classic' retrieved from /home/airflow/.local/lib/python3.12/site-packages/airflow/example_dags/example_inlet_event_extra.py
[2025-04-15T19:37:07.380+0000] {logging_mixin.py:190} INFO - [2025-04-15T19:37:07.380+0000] {dag.py:3239} INFO - Sync 2 DAGs
[2025-04-15T19:37:07.418+0000] {logging_mixin.py:190} INFO - [2025-04-15T19:37:07.418+0000] {dag.py:4180} INFO - Setting next_dagrun for read_dataset_event to 2025-04-14 00:00:00+00:00, run_after=2025-04-15 00:00:00+00:00
[2025-04-15T19:37:07.426+0000] {logging_mixin.py:190} INFO - [2025-04-15T19:37:07.426+0000] {dag.py:4180} INFO - Setting next_dagrun for read_dataset_event_from_classic to 2025-04-14 00:00:00+00:00, run_after=2025-04-15 00:00:00+00:00
[2025-04-15T19:37:07.458+0000] {processor.py:208} INFO - Processing /home/airflow/.local/lib/python3.12/site-packages/airflow/example_dags/example_inlet_event_extra.py took 1.008 seconds
[2025-04-15T19:37:37.560+0000] {processor.py:186} INFO - Started process (PID=16053) to work on /home/airflow/.local/lib/python3.12/site-packages/airflow/example_dags/example_inlet_event_extra.py
[2025-04-15T19:37:37.562+0000] {processor.py:914} INFO - Processing file /home/airflow/.local/lib/python3.12/site-packages/airflow/example_dags/example_inlet_event_extra.py for tasks to queue
[2025-04-15T19:37:37.563+0000] {logging_mixin.py:190} INFO - [2025-04-15T19:37:37.563+0000] {dagbag.py:588} INFO - Filling up the DagBag from /home/airflow/.local/lib/python3.12/site-packages/airflow/example_dags/example_inlet_event_extra.py
[2025-04-15T19:37:38.158+0000] {processor.py:925} INFO - DAG(s) 'read_dataset_event', 'read_dataset_event_from_classic' retrieved from /home/airflow/.local/lib/python3.12/site-packages/airflow/example_dags/example_inlet_event_extra.py
[2025-04-15T19:37:38.182+0000] {logging_mixin.py:190} INFO - [2025-04-15T19:37:38.182+0000] {dag.py:3239} INFO - Sync 2 DAGs
[2025-04-15T19:37:38.208+0000] {logging_mixin.py:190} INFO - [2025-04-15T19:37:38.207+0000] {dag.py:4180} INFO - Setting next_dagrun for read_dataset_event to 2025-04-14 00:00:00+00:00, run_after=2025-04-15 00:00:00+00:00
[2025-04-15T19:37:38.213+0000] {logging_mixin.py:190} INFO - [2025-04-15T19:37:38.213+0000] {dag.py:4180} INFO - Setting next_dagrun for read_dataset_event_from_classic to 2025-04-14 00:00:00+00:00, run_after=2025-04-15 00:00:00+00:00
[2025-04-15T19:37:38.232+0000] {processor.py:208} INFO - Processing /home/airflow/.local/lib/python3.12/site-packages/airflow/example_dags/example_inlet_event_extra.py took 0.679 seconds
[2025-04-15T19:38:08.378+0000] {processor.py:186} INFO - Started process (PID=16120) to work on /home/airflow/.local/lib/python3.12/site-packages/airflow/example_dags/example_inlet_event_extra.py
[2025-04-15T19:38:08.380+0000] {processor.py:914} INFO - Processing file /home/airflow/.local/lib/python3.12/site-packages/airflow/example_dags/example_inlet_event_extra.py for tasks to queue
[2025-04-15T19:38:08.382+0000] {logging_mixin.py:190} INFO - [2025-04-15T19:38:08.382+0000] {dagbag.py:588} INFO - Filling up the DagBag from /home/airflow/.local/lib/python3.12/site-packages/airflow/example_dags/example_inlet_event_extra.py
[2025-04-15T19:38:09.441+0000] {processor.py:925} INFO - DAG(s) 'read_dataset_event', 'read_dataset_event_from_classic' retrieved from /home/airflow/.local/lib/python3.12/site-packages/airflow/example_dags/example_inlet_event_extra.py
[2025-04-15T19:38:09.483+0000] {logging_mixin.py:190} INFO - [2025-04-15T19:38:09.482+0000] {dag.py:3239} INFO - Sync 2 DAGs
[2025-04-15T19:38:09.528+0000] {logging_mixin.py:190} INFO - [2025-04-15T19:38:09.527+0000] {dag.py:4180} INFO - Setting next_dagrun for read_dataset_event to 2025-04-14 00:00:00+00:00, run_after=2025-04-15 00:00:00+00:00
[2025-04-15T19:38:09.539+0000] {logging_mixin.py:190} INFO - [2025-04-15T19:38:09.538+0000] {dag.py:4180} INFO - Setting next_dagrun for read_dataset_event_from_classic to 2025-04-14 00:00:00+00:00, run_after=2025-04-15 00:00:00+00:00
[2025-04-15T19:38:09.576+0000] {processor.py:208} INFO - Processing /home/airflow/.local/lib/python3.12/site-packages/airflow/example_dags/example_inlet_event_extra.py took 1.208 seconds
[2025-04-15T19:38:39.688+0000] {processor.py:186} INFO - Started process (PID=16187) to work on /home/airflow/.local/lib/python3.12/site-packages/airflow/example_dags/example_inlet_event_extra.py
[2025-04-15T19:38:39.690+0000] {processor.py:914} INFO - Processing file /home/airflow/.local/lib/python3.12/site-packages/airflow/example_dags/example_inlet_event_extra.py for tasks to queue
[2025-04-15T19:38:39.692+0000] {logging_mixin.py:190} INFO - [2025-04-15T19:38:39.692+0000] {dagbag.py:588} INFO - Filling up the DagBag from /home/airflow/.local/lib/python3.12/site-packages/airflow/example_dags/example_inlet_event_extra.py
[2025-04-15T19:38:40.700+0000] {processor.py:925} INFO - DAG(s) 'read_dataset_event_from_classic', 'read_dataset_event' retrieved from /home/airflow/.local/lib/python3.12/site-packages/airflow/example_dags/example_inlet_event_extra.py
[2025-04-15T19:38:40.739+0000] {logging_mixin.py:190} INFO - [2025-04-15T19:38:40.739+0000] {dag.py:3239} INFO - Sync 2 DAGs
[2025-04-15T19:38:40.796+0000] {logging_mixin.py:190} INFO - [2025-04-15T19:38:40.795+0000] {dag.py:4180} INFO - Setting next_dagrun for read_dataset_event to 2025-04-14 00:00:00+00:00, run_after=2025-04-15 00:00:00+00:00
[2025-04-15T19:38:40.806+0000] {logging_mixin.py:190} INFO - [2025-04-15T19:38:40.806+0000] {dag.py:4180} INFO - Setting next_dagrun for read_dataset_event_from_classic to 2025-04-14 00:00:00+00:00, run_after=2025-04-15 00:00:00+00:00
[2025-04-15T19:38:40.840+0000] {processor.py:208} INFO - Processing /home/airflow/.local/lib/python3.12/site-packages/airflow/example_dags/example_inlet_event_extra.py took 1.162 seconds
[2025-04-15T19:39:11.575+0000] {processor.py:186} INFO - Started process (PID=16253) to work on /home/airflow/.local/lib/python3.12/site-packages/airflow/example_dags/example_inlet_event_extra.py
[2025-04-15T19:39:11.577+0000] {processor.py:914} INFO - Processing file /home/airflow/.local/lib/python3.12/site-packages/airflow/example_dags/example_inlet_event_extra.py for tasks to queue
[2025-04-15T19:39:11.580+0000] {logging_mixin.py:190} INFO - [2025-04-15T19:39:11.580+0000] {dagbag.py:588} INFO - Filling up the DagBag from /home/airflow/.local/lib/python3.12/site-packages/airflow/example_dags/example_inlet_event_extra.py
[2025-04-15T19:39:12.568+0000] {processor.py:925} INFO - DAG(s) 'read_dataset_event', 'read_dataset_event_from_classic' retrieved from /home/airflow/.local/lib/python3.12/site-packages/airflow/example_dags/example_inlet_event_extra.py
[2025-04-15T19:39:12.607+0000] {logging_mixin.py:190} INFO - [2025-04-15T19:39:12.606+0000] {dag.py:3239} INFO - Sync 2 DAGs
[2025-04-15T19:39:12.647+0000] {logging_mixin.py:190} INFO - [2025-04-15T19:39:12.646+0000] {dag.py:4180} INFO - Setting next_dagrun for read_dataset_event to 2025-04-14 00:00:00+00:00, run_after=2025-04-15 00:00:00+00:00
[2025-04-15T19:39:12.655+0000] {logging_mixin.py:190} INFO - [2025-04-15T19:39:12.654+0000] {dag.py:4180} INFO - Setting next_dagrun for read_dataset_event_from_classic to 2025-04-14 00:00:00+00:00, run_after=2025-04-15 00:00:00+00:00
[2025-04-15T19:39:12.681+0000] {processor.py:208} INFO - Processing /home/airflow/.local/lib/python3.12/site-packages/airflow/example_dags/example_inlet_event_extra.py took 1.119 seconds
[2025-04-15T19:39:43.202+0000] {processor.py:186} INFO - Started process (PID=16320) to work on /home/airflow/.local/lib/python3.12/site-packages/airflow/example_dags/example_inlet_event_extra.py
[2025-04-15T19:39:43.204+0000] {processor.py:914} INFO - Processing file /home/airflow/.local/lib/python3.12/site-packages/airflow/example_dags/example_inlet_event_extra.py for tasks to queue
[2025-04-15T19:39:43.206+0000] {logging_mixin.py:190} INFO - [2025-04-15T19:39:43.205+0000] {dagbag.py:588} INFO - Filling up the DagBag from /home/airflow/.local/lib/python3.12/site-packages/airflow/example_dags/example_inlet_event_extra.py
[2025-04-15T19:39:44.053+0000] {processor.py:925} INFO - DAG(s) 'read_dataset_event', 'read_dataset_event_from_classic' retrieved from /home/airflow/.local/lib/python3.12/site-packages/airflow/example_dags/example_inlet_event_extra.py
[2025-04-15T19:39:44.088+0000] {logging_mixin.py:190} INFO - [2025-04-15T19:39:44.087+0000] {dag.py:3239} INFO - Sync 2 DAGs
[2025-04-15T19:39:44.123+0000] {logging_mixin.py:190} INFO - [2025-04-15T19:39:44.123+0000] {dag.py:4180} INFO - Setting next_dagrun for read_dataset_event to 2025-04-14 00:00:00+00:00, run_after=2025-04-15 00:00:00+00:00
[2025-04-15T19:39:44.132+0000] {logging_mixin.py:190} INFO - [2025-04-15T19:39:44.132+0000] {dag.py:4180} INFO - Setting next_dagrun for read_dataset_event_from_classic to 2025-04-14 00:00:00+00:00, run_after=2025-04-15 00:00:00+00:00
[2025-04-15T19:39:44.159+0000] {processor.py:208} INFO - Processing /home/airflow/.local/lib/python3.12/site-packages/airflow/example_dags/example_inlet_event_extra.py took 0.965 seconds
[2025-04-15T19:40:14.777+0000] {processor.py:186} INFO - Started process (PID=16389) to work on /home/airflow/.local/lib/python3.12/site-packages/airflow/example_dags/example_inlet_event_extra.py
[2025-04-15T19:40:14.778+0000] {processor.py:914} INFO - Processing file /home/airflow/.local/lib/python3.12/site-packages/airflow/example_dags/example_inlet_event_extra.py for tasks to queue
[2025-04-15T19:40:14.781+0000] {logging_mixin.py:190} INFO - [2025-04-15T19:40:14.780+0000] {dagbag.py:588} INFO - Filling up the DagBag from /home/airflow/.local/lib/python3.12/site-packages/airflow/example_dags/example_inlet_event_extra.py
[2025-04-15T19:40:15.926+0000] {processor.py:925} INFO - DAG(s) 'read_dataset_event', 'read_dataset_event_from_classic' retrieved from /home/airflow/.local/lib/python3.12/site-packages/airflow/example_dags/example_inlet_event_extra.py
[2025-04-15T19:40:15.972+0000] {logging_mixin.py:190} INFO - [2025-04-15T19:40:15.971+0000] {dag.py:3239} INFO - Sync 2 DAGs
[2025-04-15T19:40:16.021+0000] {logging_mixin.py:190} INFO - [2025-04-15T19:40:16.020+0000] {dag.py:4180} INFO - Setting next_dagrun for read_dataset_event to 2025-04-14 00:00:00+00:00, run_after=2025-04-15 00:00:00+00:00
[2025-04-15T19:40:16.030+0000] {logging_mixin.py:190} INFO - [2025-04-15T19:40:16.030+0000] {dag.py:4180} INFO - Setting next_dagrun for read_dataset_event_from_classic to 2025-04-14 00:00:00+00:00, run_after=2025-04-15 00:00:00+00:00
[2025-04-15T19:40:16.062+0000] {processor.py:208} INFO - Processing /home/airflow/.local/lib/python3.12/site-packages/airflow/example_dags/example_inlet_event_extra.py took 1.293 seconds
[2025-04-15T19:40:46.627+0000] {processor.py:186} INFO - Started process (PID=16457) to work on /home/airflow/.local/lib/python3.12/site-packages/airflow/example_dags/example_inlet_event_extra.py
[2025-04-15T19:40:46.628+0000] {processor.py:914} INFO - Processing file /home/airflow/.local/lib/python3.12/site-packages/airflow/example_dags/example_inlet_event_extra.py for tasks to queue
[2025-04-15T19:40:46.633+0000] {logging_mixin.py:190} INFO - [2025-04-15T19:40:46.632+0000] {dagbag.py:588} INFO - Filling up the DagBag from /home/airflow/.local/lib/python3.12/site-packages/airflow/example_dags/example_inlet_event_extra.py
[2025-04-15T19:40:47.638+0000] {processor.py:925} INFO - DAG(s) 'read_dataset_event_from_classic', 'read_dataset_event' retrieved from /home/airflow/.local/lib/python3.12/site-packages/airflow/example_dags/example_inlet_event_extra.py
[2025-04-15T19:40:47.674+0000] {logging_mixin.py:190} INFO - [2025-04-15T19:40:47.673+0000] {dag.py:3239} INFO - Sync 2 DAGs
[2025-04-15T19:40:47.724+0000] {logging_mixin.py:190} INFO - [2025-04-15T19:40:47.724+0000] {dag.py:4180} INFO - Setting next_dagrun for read_dataset_event to 2025-04-14 00:00:00+00:00, run_after=2025-04-15 00:00:00+00:00
[2025-04-15T19:40:47.736+0000] {logging_mixin.py:190} INFO - [2025-04-15T19:40:47.735+0000] {dag.py:4180} INFO - Setting next_dagrun for read_dataset_event_from_classic to 2025-04-14 00:00:00+00:00, run_after=2025-04-15 00:00:00+00:00
[2025-04-15T19:40:47.768+0000] {processor.py:208} INFO - Processing /home/airflow/.local/lib/python3.12/site-packages/airflow/example_dags/example_inlet_event_extra.py took 1.153 seconds
[2025-04-15T19:41:18.338+0000] {processor.py:186} INFO - Started process (PID=16524) to work on /home/airflow/.local/lib/python3.12/site-packages/airflow/example_dags/example_inlet_event_extra.py
[2025-04-15T19:41:18.339+0000] {processor.py:914} INFO - Processing file /home/airflow/.local/lib/python3.12/site-packages/airflow/example_dags/example_inlet_event_extra.py for tasks to queue
[2025-04-15T19:41:18.341+0000] {logging_mixin.py:190} INFO - [2025-04-15T19:41:18.340+0000] {dagbag.py:588} INFO - Filling up the DagBag from /home/airflow/.local/lib/python3.12/site-packages/airflow/example_dags/example_inlet_event_extra.py
[2025-04-15T19:41:18.975+0000] {processor.py:925} INFO - DAG(s) 'read_dataset_event', 'read_dataset_event_from_classic' retrieved from /home/airflow/.local/lib/python3.12/site-packages/airflow/example_dags/example_inlet_event_extra.py
[2025-04-15T19:41:18.998+0000] {logging_mixin.py:190} INFO - [2025-04-15T19:41:18.998+0000] {dag.py:3239} INFO - Sync 2 DAGs
[2025-04-15T19:41:19.026+0000] {logging_mixin.py:190} INFO - [2025-04-15T19:41:19.025+0000] {dag.py:4180} INFO - Setting next_dagrun for read_dataset_event to 2025-04-14 00:00:00+00:00, run_after=2025-04-15 00:00:00+00:00
[2025-04-15T19:41:19.032+0000] {logging_mixin.py:190} INFO - [2025-04-15T19:41:19.032+0000] {dag.py:4180} INFO - Setting next_dagrun for read_dataset_event_from_classic to 2025-04-14 00:00:00+00:00, run_after=2025-04-15 00:00:00+00:00
[2025-04-15T19:41:19.052+0000] {processor.py:208} INFO - Processing /home/airflow/.local/lib/python3.12/site-packages/airflow/example_dags/example_inlet_event_extra.py took 0.720 seconds
[2025-04-15T19:41:49.165+0000] {processor.py:186} INFO - Started process (PID=16591) to work on /home/airflow/.local/lib/python3.12/site-packages/airflow/example_dags/example_inlet_event_extra.py
[2025-04-15T19:41:49.166+0000] {processor.py:914} INFO - Processing file /home/airflow/.local/lib/python3.12/site-packages/airflow/example_dags/example_inlet_event_extra.py for tasks to queue
[2025-04-15T19:41:49.169+0000] {logging_mixin.py:190} INFO - [2025-04-15T19:41:49.168+0000] {dagbag.py:588} INFO - Filling up the DagBag from /home/airflow/.local/lib/python3.12/site-packages/airflow/example_dags/example_inlet_event_extra.py
[2025-04-15T19:41:50.220+0000] {processor.py:925} INFO - DAG(s) 'read_dataset_event', 'read_dataset_event_from_classic' retrieved from /home/airflow/.local/lib/python3.12/site-packages/airflow/example_dags/example_inlet_event_extra.py
[2025-04-15T19:41:50.257+0000] {logging_mixin.py:190} INFO - [2025-04-15T19:41:50.256+0000] {dag.py:3239} INFO - Sync 2 DAGs
[2025-04-15T19:41:50.300+0000] {logging_mixin.py:190} INFO - [2025-04-15T19:41:50.300+0000] {dag.py:4180} INFO - Setting next_dagrun for read_dataset_event to 2025-04-14 00:00:00+00:00, run_after=2025-04-15 00:00:00+00:00
[2025-04-15T19:41:50.309+0000] {logging_mixin.py:190} INFO - [2025-04-15T19:41:50.308+0000] {dag.py:4180} INFO - Setting next_dagrun for read_dataset_event_from_classic to 2025-04-14 00:00:00+00:00, run_after=2025-04-15 00:00:00+00:00
[2025-04-15T19:41:50.340+0000] {processor.py:208} INFO - Processing /home/airflow/.local/lib/python3.12/site-packages/airflow/example_dags/example_inlet_event_extra.py took 1.185 seconds
[2025-04-15T19:42:20.443+0000] {processor.py:186} INFO - Started process (PID=16659) to work on /home/airflow/.local/lib/python3.12/site-packages/airflow/example_dags/example_inlet_event_extra.py
[2025-04-15T19:42:20.445+0000] {processor.py:914} INFO - Processing file /home/airflow/.local/lib/python3.12/site-packages/airflow/example_dags/example_inlet_event_extra.py for tasks to queue
[2025-04-15T19:42:20.449+0000] {logging_mixin.py:190} INFO - [2025-04-15T19:42:20.449+0000] {dagbag.py:588} INFO - Filling up the DagBag from /home/airflow/.local/lib/python3.12/site-packages/airflow/example_dags/example_inlet_event_extra.py
[2025-04-15T19:42:21.331+0000] {processor.py:925} INFO - DAG(s) 'read_dataset_event', 'read_dataset_event_from_classic' retrieved from /home/airflow/.local/lib/python3.12/site-packages/airflow/example_dags/example_inlet_event_extra.py
[2025-04-15T19:42:21.363+0000] {logging_mixin.py:190} INFO - [2025-04-15T19:42:21.362+0000] {dag.py:3239} INFO - Sync 2 DAGs
[2025-04-15T19:42:21.400+0000] {logging_mixin.py:190} INFO - [2025-04-15T19:42:21.400+0000] {dag.py:4180} INFO - Setting next_dagrun for read_dataset_event to 2025-04-14 00:00:00+00:00, run_after=2025-04-15 00:00:00+00:00
[2025-04-15T19:42:21.411+0000] {logging_mixin.py:190} INFO - [2025-04-15T19:42:21.411+0000] {dag.py:4180} INFO - Setting next_dagrun for read_dataset_event_from_classic to 2025-04-14 00:00:00+00:00, run_after=2025-04-15 00:00:00+00:00
[2025-04-15T19:42:21.443+0000] {processor.py:208} INFO - Processing /home/airflow/.local/lib/python3.12/site-packages/airflow/example_dags/example_inlet_event_extra.py took 1.010 seconds
[2025-04-15T19:42:52.202+0000] {processor.py:186} INFO - Started process (PID=16727) to work on /home/airflow/.local/lib/python3.12/site-packages/airflow/example_dags/example_inlet_event_extra.py
[2025-04-15T19:42:52.206+0000] {processor.py:914} INFO - Processing file /home/airflow/.local/lib/python3.12/site-packages/airflow/example_dags/example_inlet_event_extra.py for tasks to queue
[2025-04-15T19:42:52.209+0000] {logging_mixin.py:190} INFO - [2025-04-15T19:42:52.208+0000] {dagbag.py:588} INFO - Filling up the DagBag from /home/airflow/.local/lib/python3.12/site-packages/airflow/example_dags/example_inlet_event_extra.py
[2025-04-15T19:42:52.800+0000] {processor.py:925} INFO - DAG(s) 'read_dataset_event_from_classic', 'read_dataset_event' retrieved from /home/airflow/.local/lib/python3.12/site-packages/airflow/example_dags/example_inlet_event_extra.py
[2025-04-15T19:42:52.823+0000] {logging_mixin.py:190} INFO - [2025-04-15T19:42:52.822+0000] {dag.py:3239} INFO - Sync 2 DAGs
[2025-04-15T19:42:52.854+0000] {logging_mixin.py:190} INFO - [2025-04-15T19:42:52.853+0000] {dag.py:4180} INFO - Setting next_dagrun for read_dataset_event to 2025-04-14 00:00:00+00:00, run_after=2025-04-15 00:00:00+00:00
[2025-04-15T19:42:52.860+0000] {logging_mixin.py:190} INFO - [2025-04-15T19:42:52.860+0000] {dag.py:4180} INFO - Setting next_dagrun for read_dataset_event_from_classic to 2025-04-14 00:00:00+00:00, run_after=2025-04-15 00:00:00+00:00
[2025-04-15T19:42:52.881+0000] {processor.py:208} INFO - Processing /home/airflow/.local/lib/python3.12/site-packages/airflow/example_dags/example_inlet_event_extra.py took 0.688 seconds
[2025-04-15T19:43:23.680+0000] {processor.py:186} INFO - Started process (PID=16794) to work on /home/airflow/.local/lib/python3.12/site-packages/airflow/example_dags/example_inlet_event_extra.py
[2025-04-15T19:43:23.681+0000] {processor.py:914} INFO - Processing file /home/airflow/.local/lib/python3.12/site-packages/airflow/example_dags/example_inlet_event_extra.py for tasks to queue
[2025-04-15T19:43:23.684+0000] {logging_mixin.py:190} INFO - [2025-04-15T19:43:23.683+0000] {dagbag.py:588} INFO - Filling up the DagBag from /home/airflow/.local/lib/python3.12/site-packages/airflow/example_dags/example_inlet_event_extra.py
[2025-04-15T19:43:24.409+0000] {processor.py:925} INFO - DAG(s) 'read_dataset_event_from_classic', 'read_dataset_event' retrieved from /home/airflow/.local/lib/python3.12/site-packages/airflow/example_dags/example_inlet_event_extra.py
[2025-04-15T19:43:24.444+0000] {logging_mixin.py:190} INFO - [2025-04-15T19:43:24.443+0000] {dag.py:3239} INFO - Sync 2 DAGs
[2025-04-15T19:43:24.490+0000] {logging_mixin.py:190} INFO - [2025-04-15T19:43:24.489+0000] {dag.py:4180} INFO - Setting next_dagrun for read_dataset_event to 2025-04-14 00:00:00+00:00, run_after=2025-04-15 00:00:00+00:00
[2025-04-15T19:43:24.499+0000] {logging_mixin.py:190} INFO - [2025-04-15T19:43:24.499+0000] {dag.py:4180} INFO - Setting next_dagrun for read_dataset_event_from_classic to 2025-04-14 00:00:00+00:00, run_after=2025-04-15 00:00:00+00:00
[2025-04-15T19:43:24.529+0000] {processor.py:208} INFO - Processing /home/airflow/.local/lib/python3.12/site-packages/airflow/example_dags/example_inlet_event_extra.py took 0.860 seconds
[2025-04-15T19:43:55.527+0000] {processor.py:186} INFO - Started process (PID=16868) to work on /home/airflow/.local/lib/python3.12/site-packages/airflow/example_dags/example_inlet_event_extra.py
[2025-04-15T19:43:55.527+0000] {processor.py:914} INFO - Processing file /home/airflow/.local/lib/python3.12/site-packages/airflow/example_dags/example_inlet_event_extra.py for tasks to queue
[2025-04-15T19:43:55.529+0000] {logging_mixin.py:190} INFO - [2025-04-15T19:43:55.528+0000] {dagbag.py:588} INFO - Filling up the DagBag from /home/airflow/.local/lib/python3.12/site-packages/airflow/example_dags/example_inlet_event_extra.py
[2025-04-15T19:43:55.978+0000] {processor.py:925} INFO - DAG(s) 'read_dataset_event', 'read_dataset_event_from_classic' retrieved from /home/airflow/.local/lib/python3.12/site-packages/airflow/example_dags/example_inlet_event_extra.py
[2025-04-15T19:43:56.001+0000] {logging_mixin.py:190} INFO - [2025-04-15T19:43:56.001+0000] {dag.py:3239} INFO - Sync 2 DAGs
[2025-04-15T19:43:56.029+0000] {logging_mixin.py:190} INFO - [2025-04-15T19:43:56.028+0000] {dag.py:4180} INFO - Setting next_dagrun for read_dataset_event to 2025-04-14 00:00:00+00:00, run_after=2025-04-15 00:00:00+00:00
[2025-04-15T19:43:56.037+0000] {logging_mixin.py:190} INFO - [2025-04-15T19:43:56.036+0000] {dag.py:4180} INFO - Setting next_dagrun for read_dataset_event_from_classic to 2025-04-14 00:00:00+00:00, run_after=2025-04-15 00:00:00+00:00
[2025-04-15T19:43:56.060+0000] {processor.py:208} INFO - Processing /home/airflow/.local/lib/python3.12/site-packages/airflow/example_dags/example_inlet_event_extra.py took 0.538 seconds
[2025-04-15T19:44:26.788+0000] {processor.py:186} INFO - Started process (PID=16937) to work on /home/airflow/.local/lib/python3.12/site-packages/airflow/example_dags/example_inlet_event_extra.py
[2025-04-15T19:44:26.790+0000] {processor.py:914} INFO - Processing file /home/airflow/.local/lib/python3.12/site-packages/airflow/example_dags/example_inlet_event_extra.py for tasks to queue
[2025-04-15T19:44:26.792+0000] {logging_mixin.py:190} INFO - [2025-04-15T19:44:26.791+0000] {dagbag.py:588} INFO - Filling up the DagBag from /home/airflow/.local/lib/python3.12/site-packages/airflow/example_dags/example_inlet_event_extra.py
[2025-04-15T19:44:27.505+0000] {processor.py:925} INFO - DAG(s) 'read_dataset_event_from_classic', 'read_dataset_event' retrieved from /home/airflow/.local/lib/python3.12/site-packages/airflow/example_dags/example_inlet_event_extra.py
[2025-04-15T19:44:27.539+0000] {logging_mixin.py:190} INFO - [2025-04-15T19:44:27.539+0000] {dag.py:3239} INFO - Sync 2 DAGs
[2025-04-15T19:44:27.581+0000] {logging_mixin.py:190} INFO - [2025-04-15T19:44:27.581+0000] {dag.py:4180} INFO - Setting next_dagrun for read_dataset_event to 2025-04-14 00:00:00+00:00, run_after=2025-04-15 00:00:00+00:00
[2025-04-15T19:44:27.590+0000] {logging_mixin.py:190} INFO - [2025-04-15T19:44:27.590+0000] {dag.py:4180} INFO - Setting next_dagrun for read_dataset_event_from_classic to 2025-04-14 00:00:00+00:00, run_after=2025-04-15 00:00:00+00:00
[2025-04-15T19:44:27.621+0000] {processor.py:208} INFO - Processing /home/airflow/.local/lib/python3.12/site-packages/airflow/example_dags/example_inlet_event_extra.py took 0.841 seconds
[2025-04-15T19:44:58.107+0000] {processor.py:186} INFO - Started process (PID=17006) to work on /home/airflow/.local/lib/python3.12/site-packages/airflow/example_dags/example_inlet_event_extra.py
[2025-04-15T19:44:58.108+0000] {processor.py:914} INFO - Processing file /home/airflow/.local/lib/python3.12/site-packages/airflow/example_dags/example_inlet_event_extra.py for tasks to queue
[2025-04-15T19:44:58.110+0000] {logging_mixin.py:190} INFO - [2025-04-15T19:44:58.110+0000] {dagbag.py:588} INFO - Filling up the DagBag from /home/airflow/.local/lib/python3.12/site-packages/airflow/example_dags/example_inlet_event_extra.py
[2025-04-15T19:44:58.813+0000] {processor.py:925} INFO - DAG(s) 'read_dataset_event_from_classic', 'read_dataset_event' retrieved from /home/airflow/.local/lib/python3.12/site-packages/airflow/example_dags/example_inlet_event_extra.py
[2025-04-15T19:44:58.852+0000] {logging_mixin.py:190} INFO - [2025-04-15T19:44:58.852+0000] {dag.py:3239} INFO - Sync 2 DAGs
[2025-04-15T19:44:58.900+0000] {logging_mixin.py:190} INFO - [2025-04-15T19:44:58.900+0000] {dag.py:4180} INFO - Setting next_dagrun for read_dataset_event to 2025-04-14 00:00:00+00:00, run_after=2025-04-15 00:00:00+00:00
[2025-04-15T19:44:58.910+0000] {logging_mixin.py:190} INFO - [2025-04-15T19:44:58.909+0000] {dag.py:4180} INFO - Setting next_dagrun for read_dataset_event_from_classic to 2025-04-14 00:00:00+00:00, run_after=2025-04-15 00:00:00+00:00
[2025-04-15T19:44:58.940+0000] {processor.py:208} INFO - Processing /home/airflow/.local/lib/python3.12/site-packages/airflow/example_dags/example_inlet_event_extra.py took 0.844 seconds
[2025-04-15T19:45:29.932+0000] {processor.py:186} INFO - Started process (PID=17077) to work on /home/airflow/.local/lib/python3.12/site-packages/airflow/example_dags/example_inlet_event_extra.py
[2025-04-15T19:45:29.933+0000] {processor.py:914} INFO - Processing file /home/airflow/.local/lib/python3.12/site-packages/airflow/example_dags/example_inlet_event_extra.py for tasks to queue
[2025-04-15T19:45:29.936+0000] {logging_mixin.py:190} INFO - [2025-04-15T19:45:29.935+0000] {dagbag.py:588} INFO - Filling up the DagBag from /home/airflow/.local/lib/python3.12/site-packages/airflow/example_dags/example_inlet_event_extra.py
[2025-04-15T19:45:30.654+0000] {processor.py:925} INFO - DAG(s) 'read_dataset_event', 'read_dataset_event_from_classic' retrieved from /home/airflow/.local/lib/python3.12/site-packages/airflow/example_dags/example_inlet_event_extra.py
[2025-04-15T19:45:30.685+0000] {logging_mixin.py:190} INFO - [2025-04-15T19:45:30.684+0000] {dag.py:3239} INFO - Sync 2 DAGs
[2025-04-15T19:45:30.722+0000] {logging_mixin.py:190} INFO - [2025-04-15T19:45:30.722+0000] {dag.py:4180} INFO - Setting next_dagrun for read_dataset_event to 2025-04-14 00:00:00+00:00, run_after=2025-04-15 00:00:00+00:00
[2025-04-15T19:45:30.730+0000] {logging_mixin.py:190} INFO - [2025-04-15T19:45:30.730+0000] {dag.py:4180} INFO - Setting next_dagrun for read_dataset_event_from_classic to 2025-04-14 00:00:00+00:00, run_after=2025-04-15 00:00:00+00:00
[2025-04-15T19:45:30.761+0000] {processor.py:208} INFO - Processing /home/airflow/.local/lib/python3.12/site-packages/airflow/example_dags/example_inlet_event_extra.py took 0.839 seconds
[2025-04-15T19:46:00.839+0000] {processor.py:186} INFO - Started process (PID=17144) to work on /home/airflow/.local/lib/python3.12/site-packages/airflow/example_dags/example_inlet_event_extra.py
[2025-04-15T19:46:00.840+0000] {processor.py:914} INFO - Processing file /home/airflow/.local/lib/python3.12/site-packages/airflow/example_dags/example_inlet_event_extra.py for tasks to queue
[2025-04-15T19:46:00.843+0000] {logging_mixin.py:190} INFO - [2025-04-15T19:46:00.842+0000] {dagbag.py:588} INFO - Filling up the DagBag from /home/airflow/.local/lib/python3.12/site-packages/airflow/example_dags/example_inlet_event_extra.py
[2025-04-15T19:46:01.557+0000] {processor.py:925} INFO - DAG(s) 'read_dataset_event', 'read_dataset_event_from_classic' retrieved from /home/airflow/.local/lib/python3.12/site-packages/airflow/example_dags/example_inlet_event_extra.py
[2025-04-15T19:46:01.595+0000] {logging_mixin.py:190} INFO - [2025-04-15T19:46:01.594+0000] {dag.py:3239} INFO - Sync 2 DAGs
[2025-04-15T19:46:01.640+0000] {logging_mixin.py:190} INFO - [2025-04-15T19:46:01.639+0000] {dag.py:4180} INFO - Setting next_dagrun for read_dataset_event to 2025-04-14 00:00:00+00:00, run_after=2025-04-15 00:00:00+00:00
[2025-04-15T19:46:01.648+0000] {logging_mixin.py:190} INFO - [2025-04-15T19:46:01.648+0000] {dag.py:4180} INFO - Setting next_dagrun for read_dataset_event_from_classic to 2025-04-14 00:00:00+00:00, run_after=2025-04-15 00:00:00+00:00
[2025-04-15T19:46:01.680+0000] {processor.py:208} INFO - Processing /home/airflow/.local/lib/python3.12/site-packages/airflow/example_dags/example_inlet_event_extra.py took 0.851 seconds
[2025-04-15T19:46:32.928+0000] {processor.py:186} INFO - Started process (PID=17217) to work on /home/airflow/.local/lib/python3.12/site-packages/airflow/example_dags/example_inlet_event_extra.py
[2025-04-15T19:46:32.929+0000] {processor.py:914} INFO - Processing file /home/airflow/.local/lib/python3.12/site-packages/airflow/example_dags/example_inlet_event_extra.py for tasks to queue
[2025-04-15T19:46:32.931+0000] {logging_mixin.py:190} INFO - [2025-04-15T19:46:32.930+0000] {dagbag.py:588} INFO - Filling up the DagBag from /home/airflow/.local/lib/python3.12/site-packages/airflow/example_dags/example_inlet_event_extra.py
[2025-04-15T19:46:33.545+0000] {processor.py:925} INFO - DAG(s) 'read_dataset_event_from_classic', 'read_dataset_event' retrieved from /home/airflow/.local/lib/python3.12/site-packages/airflow/example_dags/example_inlet_event_extra.py
[2025-04-15T19:46:33.585+0000] {logging_mixin.py:190} INFO - [2025-04-15T19:46:33.585+0000] {dag.py:3239} INFO - Sync 2 DAGs
[2025-04-15T19:46:33.623+0000] {logging_mixin.py:190} INFO - [2025-04-15T19:46:33.622+0000] {dag.py:4180} INFO - Setting next_dagrun for read_dataset_event to 2025-04-14 00:00:00+00:00, run_after=2025-04-15 00:00:00+00:00
[2025-04-15T19:46:33.630+0000] {logging_mixin.py:190} INFO - [2025-04-15T19:46:33.630+0000] {dag.py:4180} INFO - Setting next_dagrun for read_dataset_event_from_classic to 2025-04-14 00:00:00+00:00, run_after=2025-04-15 00:00:00+00:00
[2025-04-15T19:46:33.660+0000] {processor.py:208} INFO - Processing /home/airflow/.local/lib/python3.12/site-packages/airflow/example_dags/example_inlet_event_extra.py took 0.741 seconds
[2025-04-15T19:47:04.704+0000] {processor.py:186} INFO - Started process (PID=17288) to work on /home/airflow/.local/lib/python3.12/site-packages/airflow/example_dags/example_inlet_event_extra.py
[2025-04-15T19:47:04.706+0000] {processor.py:914} INFO - Processing file /home/airflow/.local/lib/python3.12/site-packages/airflow/example_dags/example_inlet_event_extra.py for tasks to queue
[2025-04-15T19:47:04.708+0000] {logging_mixin.py:190} INFO - [2025-04-15T19:47:04.708+0000] {dagbag.py:588} INFO - Filling up the DagBag from /home/airflow/.local/lib/python3.12/site-packages/airflow/example_dags/example_inlet_event_extra.py
[2025-04-15T19:47:05.305+0000] {processor.py:925} INFO - DAG(s) 'read_dataset_event', 'read_dataset_event_from_classic' retrieved from /home/airflow/.local/lib/python3.12/site-packages/airflow/example_dags/example_inlet_event_extra.py
[2025-04-15T19:47:05.341+0000] {logging_mixin.py:190} INFO - [2025-04-15T19:47:05.340+0000] {dag.py:3239} INFO - Sync 2 DAGs
[2025-04-15T19:47:05.386+0000] {logging_mixin.py:190} INFO - [2025-04-15T19:47:05.386+0000] {dag.py:4180} INFO - Setting next_dagrun for read_dataset_event to 2025-04-14 00:00:00+00:00, run_after=2025-04-15 00:00:00+00:00
[2025-04-15T19:47:05.395+0000] {logging_mixin.py:190} INFO - [2025-04-15T19:47:05.395+0000] {dag.py:4180} INFO - Setting next_dagrun for read_dataset_event_from_classic to 2025-04-14 00:00:00+00:00, run_after=2025-04-15 00:00:00+00:00
[2025-04-15T19:47:05.424+0000] {processor.py:208} INFO - Processing /home/airflow/.local/lib/python3.12/site-packages/airflow/example_dags/example_inlet_event_extra.py took 0.729 seconds
[2025-04-15T19:47:36.647+0000] {processor.py:186} INFO - Started process (PID=17357) to work on /home/airflow/.local/lib/python3.12/site-packages/airflow/example_dags/example_inlet_event_extra.py
[2025-04-15T19:47:36.648+0000] {processor.py:914} INFO - Processing file /home/airflow/.local/lib/python3.12/site-packages/airflow/example_dags/example_inlet_event_extra.py for tasks to queue
[2025-04-15T19:47:36.649+0000] {logging_mixin.py:190} INFO - [2025-04-15T19:47:36.649+0000] {dagbag.py:588} INFO - Filling up the DagBag from /home/airflow/.local/lib/python3.12/site-packages/airflow/example_dags/example_inlet_event_extra.py
[2025-04-15T19:47:37.216+0000] {processor.py:925} INFO - DAG(s) 'read_dataset_event_from_classic', 'read_dataset_event' retrieved from /home/airflow/.local/lib/python3.12/site-packages/airflow/example_dags/example_inlet_event_extra.py
[2025-04-15T19:47:37.251+0000] {logging_mixin.py:190} INFO - [2025-04-15T19:47:37.251+0000] {dag.py:3239} INFO - Sync 2 DAGs
[2025-04-15T19:47:37.293+0000] {logging_mixin.py:190} INFO - [2025-04-15T19:47:37.293+0000] {dag.py:4180} INFO - Setting next_dagrun for read_dataset_event to 2025-04-14 00:00:00+00:00, run_after=2025-04-15 00:00:00+00:00
[2025-04-15T19:47:37.302+0000] {logging_mixin.py:190} INFO - [2025-04-15T19:47:37.302+0000] {dag.py:4180} INFO - Setting next_dagrun for read_dataset_event_from_classic to 2025-04-14 00:00:00+00:00, run_after=2025-04-15 00:00:00+00:00
[2025-04-15T19:47:37.330+0000] {processor.py:208} INFO - Processing /home/airflow/.local/lib/python3.12/site-packages/airflow/example_dags/example_inlet_event_extra.py took 0.691 seconds
[2025-04-15T19:48:08.603+0000] {processor.py:186} INFO - Started process (PID=17427) to work on /home/airflow/.local/lib/python3.12/site-packages/airflow/example_dags/example_inlet_event_extra.py
[2025-04-15T19:48:08.605+0000] {processor.py:914} INFO - Processing file /home/airflow/.local/lib/python3.12/site-packages/airflow/example_dags/example_inlet_event_extra.py for tasks to queue
[2025-04-15T19:48:08.607+0000] {logging_mixin.py:190} INFO - [2025-04-15T19:48:08.606+0000] {dagbag.py:588} INFO - Filling up the DagBag from /home/airflow/.local/lib/python3.12/site-packages/airflow/example_dags/example_inlet_event_extra.py
[2025-04-15T19:48:09.239+0000] {processor.py:925} INFO - DAG(s) 'read_dataset_event', 'read_dataset_event_from_classic' retrieved from /home/airflow/.local/lib/python3.12/site-packages/airflow/example_dags/example_inlet_event_extra.py
[2025-04-15T19:48:09.282+0000] {logging_mixin.py:190} INFO - [2025-04-15T19:48:09.281+0000] {dag.py:3239} INFO - Sync 2 DAGs
[2025-04-15T19:48:09.325+0000] {logging_mixin.py:190} INFO - [2025-04-15T19:48:09.325+0000] {dag.py:4180} INFO - Setting next_dagrun for read_dataset_event to 2025-04-14 00:00:00+00:00, run_after=2025-04-15 00:00:00+00:00
[2025-04-15T19:48:09.333+0000] {logging_mixin.py:190} INFO - [2025-04-15T19:48:09.333+0000] {dag.py:4180} INFO - Setting next_dagrun for read_dataset_event_from_classic to 2025-04-14 00:00:00+00:00, run_after=2025-04-15 00:00:00+00:00
[2025-04-15T19:48:09.361+0000] {processor.py:208} INFO - Processing /home/airflow/.local/lib/python3.12/site-packages/airflow/example_dags/example_inlet_event_extra.py took 0.769 seconds
[2025-04-15T19:48:39.618+0000] {processor.py:186} INFO - Started process (PID=17494) to work on /home/airflow/.local/lib/python3.12/site-packages/airflow/example_dags/example_inlet_event_extra.py
[2025-04-15T19:48:39.619+0000] {processor.py:914} INFO - Processing file /home/airflow/.local/lib/python3.12/site-packages/airflow/example_dags/example_inlet_event_extra.py for tasks to queue
[2025-04-15T19:48:39.621+0000] {logging_mixin.py:190} INFO - [2025-04-15T19:48:39.621+0000] {dagbag.py:588} INFO - Filling up the DagBag from /home/airflow/.local/lib/python3.12/site-packages/airflow/example_dags/example_inlet_event_extra.py
[2025-04-15T19:48:40.245+0000] {processor.py:925} INFO - DAG(s) 'read_dataset_event_from_classic', 'read_dataset_event' retrieved from /home/airflow/.local/lib/python3.12/site-packages/airflow/example_dags/example_inlet_event_extra.py
[2025-04-15T19:48:40.281+0000] {logging_mixin.py:190} INFO - [2025-04-15T19:48:40.280+0000] {dag.py:3239} INFO - Sync 2 DAGs
[2025-04-15T19:48:40.324+0000] {logging_mixin.py:190} INFO - [2025-04-15T19:48:40.323+0000] {dag.py:4180} INFO - Setting next_dagrun for read_dataset_event to 2025-04-14 00:00:00+00:00, run_after=2025-04-15 00:00:00+00:00
[2025-04-15T19:48:40.333+0000] {logging_mixin.py:190} INFO - [2025-04-15T19:48:40.333+0000] {dag.py:4180} INFO - Setting next_dagrun for read_dataset_event_from_classic to 2025-04-14 00:00:00+00:00, run_after=2025-04-15 00:00:00+00:00
[2025-04-15T19:48:40.365+0000] {processor.py:208} INFO - Processing /home/airflow/.local/lib/python3.12/site-packages/airflow/example_dags/example_inlet_event_extra.py took 0.755 seconds
[2025-04-15T19:49:11.245+0000] {processor.py:186} INFO - Started process (PID=17563) to work on /home/airflow/.local/lib/python3.12/site-packages/airflow/example_dags/example_inlet_event_extra.py
[2025-04-15T19:49:11.246+0000] {processor.py:914} INFO - Processing file /home/airflow/.local/lib/python3.12/site-packages/airflow/example_dags/example_inlet_event_extra.py for tasks to queue
[2025-04-15T19:49:11.249+0000] {logging_mixin.py:190} INFO - [2025-04-15T19:49:11.248+0000] {dagbag.py:588} INFO - Filling up the DagBag from /home/airflow/.local/lib/python3.12/site-packages/airflow/example_dags/example_inlet_event_extra.py
[2025-04-15T19:49:11.867+0000] {processor.py:925} INFO - DAG(s) 'read_dataset_event', 'read_dataset_event_from_classic' retrieved from /home/airflow/.local/lib/python3.12/site-packages/airflow/example_dags/example_inlet_event_extra.py
[2025-04-15T19:49:11.901+0000] {logging_mixin.py:190} INFO - [2025-04-15T19:49:11.900+0000] {dag.py:3239} INFO - Sync 2 DAGs
[2025-04-15T19:49:11.941+0000] {logging_mixin.py:190} INFO - [2025-04-15T19:49:11.940+0000] {dag.py:4180} INFO - Setting next_dagrun for read_dataset_event to 2025-04-14 00:00:00+00:00, run_after=2025-04-15 00:00:00+00:00
[2025-04-15T19:49:11.949+0000] {logging_mixin.py:190} INFO - [2025-04-15T19:49:11.949+0000] {dag.py:4180} INFO - Setting next_dagrun for read_dataset_event_from_classic to 2025-04-14 00:00:00+00:00, run_after=2025-04-15 00:00:00+00:00
[2025-04-15T19:49:11.978+0000] {processor.py:208} INFO - Processing /home/airflow/.local/lib/python3.12/site-packages/airflow/example_dags/example_inlet_event_extra.py took 0.743 seconds
[2025-04-15T19:49:42.408+0000] {processor.py:186} INFO - Started process (PID=17630) to work on /home/airflow/.local/lib/python3.12/site-packages/airflow/example_dags/example_inlet_event_extra.py
[2025-04-15T19:49:42.410+0000] {processor.py:914} INFO - Processing file /home/airflow/.local/lib/python3.12/site-packages/airflow/example_dags/example_inlet_event_extra.py for tasks to queue
[2025-04-15T19:49:42.411+0000] {logging_mixin.py:190} INFO - [2025-04-15T19:49:42.411+0000] {dagbag.py:588} INFO - Filling up the DagBag from /home/airflow/.local/lib/python3.12/site-packages/airflow/example_dags/example_inlet_event_extra.py
[2025-04-15T19:49:43.110+0000] {processor.py:925} INFO - DAG(s) 'read_dataset_event_from_classic', 'read_dataset_event' retrieved from /home/airflow/.local/lib/python3.12/site-packages/airflow/example_dags/example_inlet_event_extra.py
[2025-04-15T19:49:43.148+0000] {logging_mixin.py:190} INFO - [2025-04-15T19:49:43.147+0000] {dag.py:3239} INFO - Sync 2 DAGs
[2025-04-15T19:49:43.190+0000] {logging_mixin.py:190} INFO - [2025-04-15T19:49:43.189+0000] {dag.py:4180} INFO - Setting next_dagrun for read_dataset_event to 2025-04-14 00:00:00+00:00, run_after=2025-04-15 00:00:00+00:00
[2025-04-15T19:49:43.198+0000] {logging_mixin.py:190} INFO - [2025-04-15T19:49:43.198+0000] {dag.py:4180} INFO - Setting next_dagrun for read_dataset_event_from_classic to 2025-04-14 00:00:00+00:00, run_after=2025-04-15 00:00:00+00:00
[2025-04-15T19:49:43.226+0000] {processor.py:208} INFO - Processing /home/airflow/.local/lib/python3.12/site-packages/airflow/example_dags/example_inlet_event_extra.py took 0.826 seconds
[2025-04-15T19:50:13.846+0000] {processor.py:186} INFO - Started process (PID=17698) to work on /home/airflow/.local/lib/python3.12/site-packages/airflow/example_dags/example_inlet_event_extra.py
[2025-04-15T19:50:13.848+0000] {processor.py:914} INFO - Processing file /home/airflow/.local/lib/python3.12/site-packages/airflow/example_dags/example_inlet_event_extra.py for tasks to queue
[2025-04-15T19:50:13.850+0000] {logging_mixin.py:190} INFO - [2025-04-15T19:50:13.849+0000] {dagbag.py:588} INFO - Filling up the DagBag from /home/airflow/.local/lib/python3.12/site-packages/airflow/example_dags/example_inlet_event_extra.py
[2025-04-15T19:50:14.471+0000] {processor.py:925} INFO - DAG(s) 'read_dataset_event', 'read_dataset_event_from_classic' retrieved from /home/airflow/.local/lib/python3.12/site-packages/airflow/example_dags/example_inlet_event_extra.py
[2025-04-15T19:50:14.509+0000] {logging_mixin.py:190} INFO - [2025-04-15T19:50:14.508+0000] {dag.py:3239} INFO - Sync 2 DAGs
[2025-04-15T19:50:14.552+0000] {logging_mixin.py:190} INFO - [2025-04-15T19:50:14.552+0000] {dag.py:4180} INFO - Setting next_dagrun for read_dataset_event to 2025-04-14 00:00:00+00:00, run_after=2025-04-15 00:00:00+00:00
[2025-04-15T19:50:14.567+0000] {logging_mixin.py:190} INFO - [2025-04-15T19:50:14.566+0000] {dag.py:4180} INFO - Setting next_dagrun for read_dataset_event_from_classic to 2025-04-14 00:00:00+00:00, run_after=2025-04-15 00:00:00+00:00
[2025-04-15T19:50:14.591+0000] {processor.py:208} INFO - Processing /home/airflow/.local/lib/python3.12/site-packages/airflow/example_dags/example_inlet_event_extra.py took 0.758 seconds
[2025-04-15T19:50:44.732+0000] {processor.py:186} INFO - Started process (PID=17765) to work on /home/airflow/.local/lib/python3.12/site-packages/airflow/example_dags/example_inlet_event_extra.py
[2025-04-15T19:50:44.733+0000] {processor.py:914} INFO - Processing file /home/airflow/.local/lib/python3.12/site-packages/airflow/example_dags/example_inlet_event_extra.py for tasks to queue
[2025-04-15T19:50:44.735+0000] {logging_mixin.py:190} INFO - [2025-04-15T19:50:44.734+0000] {dagbag.py:588} INFO - Filling up the DagBag from /home/airflow/.local/lib/python3.12/site-packages/airflow/example_dags/example_inlet_event_extra.py
[2025-04-15T19:50:45.192+0000] {processor.py:925} INFO - DAG(s) 'read_dataset_event_from_classic', 'read_dataset_event' retrieved from /home/airflow/.local/lib/python3.12/site-packages/airflow/example_dags/example_inlet_event_extra.py
[2025-04-15T19:50:45.220+0000] {logging_mixin.py:190} INFO - [2025-04-15T19:50:45.220+0000] {dag.py:3239} INFO - Sync 2 DAGs
[2025-04-15T19:50:45.256+0000] {logging_mixin.py:190} INFO - [2025-04-15T19:50:45.255+0000] {dag.py:4180} INFO - Setting next_dagrun for read_dataset_event to 2025-04-14 00:00:00+00:00, run_after=2025-04-15 00:00:00+00:00
[2025-04-15T19:50:45.264+0000] {logging_mixin.py:190} INFO - [2025-04-15T19:50:45.263+0000] {dag.py:4180} INFO - Setting next_dagrun for read_dataset_event_from_classic to 2025-04-14 00:00:00+00:00, run_after=2025-04-15 00:00:00+00:00
[2025-04-15T19:50:45.293+0000] {processor.py:208} INFO - Processing /home/airflow/.local/lib/python3.12/site-packages/airflow/example_dags/example_inlet_event_extra.py took 0.567 seconds
[2025-04-15T19:51:15.841+0000] {processor.py:186} INFO - Started process (PID=17834) to work on /home/airflow/.local/lib/python3.12/site-packages/airflow/example_dags/example_inlet_event_extra.py
[2025-04-15T19:51:15.843+0000] {processor.py:914} INFO - Processing file /home/airflow/.local/lib/python3.12/site-packages/airflow/example_dags/example_inlet_event_extra.py for tasks to queue
[2025-04-15T19:51:15.844+0000] {logging_mixin.py:190} INFO - [2025-04-15T19:51:15.844+0000] {dagbag.py:588} INFO - Filling up the DagBag from /home/airflow/.local/lib/python3.12/site-packages/airflow/example_dags/example_inlet_event_extra.py
[2025-04-15T19:51:16.497+0000] {processor.py:925} INFO - DAG(s) 'read_dataset_event_from_classic', 'read_dataset_event' retrieved from /home/airflow/.local/lib/python3.12/site-packages/airflow/example_dags/example_inlet_event_extra.py
[2025-04-15T19:51:16.534+0000] {logging_mixin.py:190} INFO - [2025-04-15T19:51:16.533+0000] {dag.py:3239} INFO - Sync 2 DAGs
[2025-04-15T19:51:16.576+0000] {logging_mixin.py:190} INFO - [2025-04-15T19:51:16.576+0000] {dag.py:4180} INFO - Setting next_dagrun for read_dataset_event to 2025-04-14 00:00:00+00:00, run_after=2025-04-15 00:00:00+00:00
[2025-04-15T19:51:16.585+0000] {logging_mixin.py:190} INFO - [2025-04-15T19:51:16.584+0000] {dag.py:4180} INFO - Setting next_dagrun for read_dataset_event_from_classic to 2025-04-14 00:00:00+00:00, run_after=2025-04-15 00:00:00+00:00
[2025-04-15T19:51:16.616+0000] {processor.py:208} INFO - Processing /home/airflow/.local/lib/python3.12/site-packages/airflow/example_dags/example_inlet_event_extra.py took 0.783 seconds
[2025-04-15T19:51:47.408+0000] {processor.py:186} INFO - Started process (PID=17904) to work on /home/airflow/.local/lib/python3.12/site-packages/airflow/example_dags/example_inlet_event_extra.py
[2025-04-15T19:51:47.410+0000] {processor.py:914} INFO - Processing file /home/airflow/.local/lib/python3.12/site-packages/airflow/example_dags/example_inlet_event_extra.py for tasks to queue
[2025-04-15T19:51:47.413+0000] {logging_mixin.py:190} INFO - [2025-04-15T19:51:47.412+0000] {dagbag.py:588} INFO - Filling up the DagBag from /home/airflow/.local/lib/python3.12/site-packages/airflow/example_dags/example_inlet_event_extra.py
[2025-04-15T19:51:48.076+0000] {processor.py:925} INFO - DAG(s) 'read_dataset_event', 'read_dataset_event_from_classic' retrieved from /home/airflow/.local/lib/python3.12/site-packages/airflow/example_dags/example_inlet_event_extra.py
[2025-04-15T19:51:48.122+0000] {logging_mixin.py:190} INFO - [2025-04-15T19:51:48.121+0000] {dag.py:3239} INFO - Sync 2 DAGs
[2025-04-15T19:51:48.167+0000] {logging_mixin.py:190} INFO - [2025-04-15T19:51:48.167+0000] {dag.py:4180} INFO - Setting next_dagrun for read_dataset_event to 2025-04-14 00:00:00+00:00, run_after=2025-04-15 00:00:00+00:00
[2025-04-15T19:51:48.179+0000] {logging_mixin.py:190} INFO - [2025-04-15T19:51:48.178+0000] {dag.py:4180} INFO - Setting next_dagrun for read_dataset_event_from_classic to 2025-04-14 00:00:00+00:00, run_after=2025-04-15 00:00:00+00:00
[2025-04-15T19:51:48.214+0000] {processor.py:208} INFO - Processing /home/airflow/.local/lib/python3.12/site-packages/airflow/example_dags/example_inlet_event_extra.py took 0.817 seconds
[2025-04-15T19:52:19.803+0000] {processor.py:186} INFO - Started process (PID=17976) to work on /home/airflow/.local/lib/python3.12/site-packages/airflow/example_dags/example_inlet_event_extra.py
[2025-04-15T19:52:19.805+0000] {processor.py:914} INFO - Processing file /home/airflow/.local/lib/python3.12/site-packages/airflow/example_dags/example_inlet_event_extra.py for tasks to queue
[2025-04-15T19:52:19.807+0000] {logging_mixin.py:190} INFO - [2025-04-15T19:52:19.806+0000] {dagbag.py:588} INFO - Filling up the DagBag from /home/airflow/.local/lib/python3.12/site-packages/airflow/example_dags/example_inlet_event_extra.py
[2025-04-15T19:52:20.450+0000] {processor.py:925} INFO - DAG(s) 'read_dataset_event_from_classic', 'read_dataset_event' retrieved from /home/airflow/.local/lib/python3.12/site-packages/airflow/example_dags/example_inlet_event_extra.py
[2025-04-15T19:52:20.488+0000] {logging_mixin.py:190} INFO - [2025-04-15T19:52:20.488+0000] {dag.py:3239} INFO - Sync 2 DAGs
[2025-04-15T19:52:20.530+0000] {logging_mixin.py:190} INFO - [2025-04-15T19:52:20.529+0000] {dag.py:4180} INFO - Setting next_dagrun for read_dataset_event to 2025-04-14 00:00:00+00:00, run_after=2025-04-15 00:00:00+00:00
[2025-04-15T19:52:20.539+0000] {logging_mixin.py:190} INFO - [2025-04-15T19:52:20.538+0000] {dag.py:4180} INFO - Setting next_dagrun for read_dataset_event_from_classic to 2025-04-14 00:00:00+00:00, run_after=2025-04-15 00:00:00+00:00
[2025-04-15T19:52:20.570+0000] {processor.py:208} INFO - Processing /home/airflow/.local/lib/python3.12/site-packages/airflow/example_dags/example_inlet_event_extra.py took 0.774 seconds
[2025-04-15T19:52:51.028+0000] {processor.py:186} INFO - Started process (PID=18045) to work on /home/airflow/.local/lib/python3.12/site-packages/airflow/example_dags/example_inlet_event_extra.py
[2025-04-15T19:52:51.029+0000] {processor.py:914} INFO - Processing file /home/airflow/.local/lib/python3.12/site-packages/airflow/example_dags/example_inlet_event_extra.py for tasks to queue
[2025-04-15T19:52:51.030+0000] {logging_mixin.py:190} INFO - [2025-04-15T19:52:51.030+0000] {dagbag.py:588} INFO - Filling up the DagBag from /home/airflow/.local/lib/python3.12/site-packages/airflow/example_dags/example_inlet_event_extra.py
[2025-04-15T19:52:51.453+0000] {processor.py:925} INFO - DAG(s) 'read_dataset_event', 'read_dataset_event_from_classic' retrieved from /home/airflow/.local/lib/python3.12/site-packages/airflow/example_dags/example_inlet_event_extra.py
[2025-04-15T19:52:51.482+0000] {logging_mixin.py:190} INFO - [2025-04-15T19:52:51.482+0000] {dag.py:3239} INFO - Sync 2 DAGs
[2025-04-15T19:52:51.520+0000] {logging_mixin.py:190} INFO - [2025-04-15T19:52:51.519+0000] {dag.py:4180} INFO - Setting next_dagrun for read_dataset_event to 2025-04-14 00:00:00+00:00, run_after=2025-04-15 00:00:00+00:00
[2025-04-15T19:52:51.528+0000] {logging_mixin.py:190} INFO - [2025-04-15T19:52:51.527+0000] {dag.py:4180} INFO - Setting next_dagrun for read_dataset_event_from_classic to 2025-04-14 00:00:00+00:00, run_after=2025-04-15 00:00:00+00:00
[2025-04-15T19:52:51.554+0000] {processor.py:208} INFO - Processing /home/airflow/.local/lib/python3.12/site-packages/airflow/example_dags/example_inlet_event_extra.py took 0.533 seconds
[2025-04-15T19:53:22.345+0000] {processor.py:186} INFO - Started process (PID=18112) to work on /home/airflow/.local/lib/python3.12/site-packages/airflow/example_dags/example_inlet_event_extra.py
[2025-04-15T19:53:22.347+0000] {processor.py:914} INFO - Processing file /home/airflow/.local/lib/python3.12/site-packages/airflow/example_dags/example_inlet_event_extra.py for tasks to queue
[2025-04-15T19:53:22.348+0000] {logging_mixin.py:190} INFO - [2025-04-15T19:53:22.348+0000] {dagbag.py:588} INFO - Filling up the DagBag from /home/airflow/.local/lib/python3.12/site-packages/airflow/example_dags/example_inlet_event_extra.py
[2025-04-15T19:53:22.814+0000] {processor.py:925} INFO - DAG(s) 'read_dataset_event_from_classic', 'read_dataset_event' retrieved from /home/airflow/.local/lib/python3.12/site-packages/airflow/example_dags/example_inlet_event_extra.py
[2025-04-15T19:53:22.841+0000] {logging_mixin.py:190} INFO - [2025-04-15T19:53:22.841+0000] {dag.py:3239} INFO - Sync 2 DAGs
[2025-04-15T19:53:22.871+0000] {logging_mixin.py:190} INFO - [2025-04-15T19:53:22.870+0000] {dag.py:4180} INFO - Setting next_dagrun for read_dataset_event to 2025-04-14 00:00:00+00:00, run_after=2025-04-15 00:00:00+00:00
[2025-04-15T19:53:22.879+0000] {logging_mixin.py:190} INFO - [2025-04-15T19:53:22.878+0000] {dag.py:4180} INFO - Setting next_dagrun for read_dataset_event_from_classic to 2025-04-14 00:00:00+00:00, run_after=2025-04-15 00:00:00+00:00
[2025-04-15T19:53:22.897+0000] {processor.py:208} INFO - Processing /home/airflow/.local/lib/python3.12/site-packages/airflow/example_dags/example_inlet_event_extra.py took 0.558 seconds
[2025-04-15T19:53:53.580+0000] {processor.py:186} INFO - Started process (PID=18179) to work on /home/airflow/.local/lib/python3.12/site-packages/airflow/example_dags/example_inlet_event_extra.py
[2025-04-15T19:53:53.581+0000] {processor.py:914} INFO - Processing file /home/airflow/.local/lib/python3.12/site-packages/airflow/example_dags/example_inlet_event_extra.py for tasks to queue
[2025-04-15T19:53:53.582+0000] {logging_mixin.py:190} INFO - [2025-04-15T19:53:53.582+0000] {dagbag.py:588} INFO - Filling up the DagBag from /home/airflow/.local/lib/python3.12/site-packages/airflow/example_dags/example_inlet_event_extra.py
[2025-04-15T19:53:54.003+0000] {processor.py:925} INFO - DAG(s) 'read_dataset_event_from_classic', 'read_dataset_event' retrieved from /home/airflow/.local/lib/python3.12/site-packages/airflow/example_dags/example_inlet_event_extra.py
[2025-04-15T19:53:54.031+0000] {logging_mixin.py:190} INFO - [2025-04-15T19:53:54.031+0000] {dag.py:3239} INFO - Sync 2 DAGs
[2025-04-15T19:53:54.260+0000] {logging_mixin.py:190} INFO - [2025-04-15T19:53:54.260+0000] {dag.py:4180} INFO - Setting next_dagrun for read_dataset_event to 2025-04-14 00:00:00+00:00, run_after=2025-04-15 00:00:00+00:00
[2025-04-15T19:53:54.267+0000] {logging_mixin.py:190} INFO - [2025-04-15T19:53:54.266+0000] {dag.py:4180} INFO - Setting next_dagrun for read_dataset_event_from_classic to 2025-04-14 00:00:00+00:00, run_after=2025-04-15 00:00:00+00:00
[2025-04-15T19:53:54.288+0000] {processor.py:208} INFO - Processing /home/airflow/.local/lib/python3.12/site-packages/airflow/example_dags/example_inlet_event_extra.py took 0.713 seconds
[2025-04-15T19:54:25.414+0000] {processor.py:186} INFO - Started process (PID=18255) to work on /home/airflow/.local/lib/python3.12/site-packages/airflow/example_dags/example_inlet_event_extra.py
[2025-04-15T19:54:25.415+0000] {processor.py:914} INFO - Processing file /home/airflow/.local/lib/python3.12/site-packages/airflow/example_dags/example_inlet_event_extra.py for tasks to queue
[2025-04-15T19:54:25.417+0000] {logging_mixin.py:190} INFO - [2025-04-15T19:54:25.417+0000] {dagbag.py:588} INFO - Filling up the DagBag from /home/airflow/.local/lib/python3.12/site-packages/airflow/example_dags/example_inlet_event_extra.py
[2025-04-15T19:54:26.031+0000] {processor.py:925} INFO - DAG(s) 'read_dataset_event_from_classic', 'read_dataset_event' retrieved from /home/airflow/.local/lib/python3.12/site-packages/airflow/example_dags/example_inlet_event_extra.py
[2025-04-15T19:54:26.071+0000] {logging_mixin.py:190} INFO - [2025-04-15T19:54:26.070+0000] {dag.py:3239} INFO - Sync 2 DAGs
[2025-04-15T19:54:26.360+0000] {logging_mixin.py:190} INFO - [2025-04-15T19:54:26.360+0000] {dag.py:4180} INFO - Setting next_dagrun for read_dataset_event to 2025-04-14 00:00:00+00:00, run_after=2025-04-15 00:00:00+00:00
[2025-04-15T19:54:26.370+0000] {logging_mixin.py:190} INFO - [2025-04-15T19:54:26.369+0000] {dag.py:4180} INFO - Setting next_dagrun for read_dataset_event_from_classic to 2025-04-14 00:00:00+00:00, run_after=2025-04-15 00:00:00+00:00
[2025-04-15T19:54:26.399+0000] {processor.py:208} INFO - Processing /home/airflow/.local/lib/python3.12/site-packages/airflow/example_dags/example_inlet_event_extra.py took 0.994 seconds
[2025-04-15T19:54:56.808+0000] {processor.py:186} INFO - Started process (PID=18323) to work on /home/airflow/.local/lib/python3.12/site-packages/airflow/example_dags/example_inlet_event_extra.py
[2025-04-15T19:54:56.809+0000] {processor.py:914} INFO - Processing file /home/airflow/.local/lib/python3.12/site-packages/airflow/example_dags/example_inlet_event_extra.py for tasks to queue
[2025-04-15T19:54:56.810+0000] {logging_mixin.py:190} INFO - [2025-04-15T19:54:56.810+0000] {dagbag.py:588} INFO - Filling up the DagBag from /home/airflow/.local/lib/python3.12/site-packages/airflow/example_dags/example_inlet_event_extra.py
[2025-04-15T19:54:57.374+0000] {processor.py:925} INFO - DAG(s) 'read_dataset_event', 'read_dataset_event_from_classic' retrieved from /home/airflow/.local/lib/python3.12/site-packages/airflow/example_dags/example_inlet_event_extra.py
[2025-04-15T19:54:57.400+0000] {logging_mixin.py:190} INFO - [2025-04-15T19:54:57.400+0000] {dag.py:3239} INFO - Sync 2 DAGs
[2025-04-15T19:54:57.430+0000] {logging_mixin.py:190} INFO - [2025-04-15T19:54:57.430+0000] {dag.py:4180} INFO - Setting next_dagrun for read_dataset_event to 2025-04-14 00:00:00+00:00, run_after=2025-04-15 00:00:00+00:00
[2025-04-15T19:54:57.663+0000] {logging_mixin.py:190} INFO - [2025-04-15T19:54:57.662+0000] {dag.py:4180} INFO - Setting next_dagrun for read_dataset_event_from_classic to 2025-04-14 00:00:00+00:00, run_after=2025-04-15 00:00:00+00:00
[2025-04-15T19:54:57.685+0000] {processor.py:208} INFO - Processing /home/airflow/.local/lib/python3.12/site-packages/airflow/example_dags/example_inlet_event_extra.py took 0.885 seconds
[2025-04-15T19:55:27.777+0000] {processor.py:186} INFO - Started process (PID=18390) to work on /home/airflow/.local/lib/python3.12/site-packages/airflow/example_dags/example_inlet_event_extra.py
[2025-04-15T19:55:27.779+0000] {processor.py:914} INFO - Processing file /home/airflow/.local/lib/python3.12/site-packages/airflow/example_dags/example_inlet_event_extra.py for tasks to queue
[2025-04-15T19:55:27.781+0000] {logging_mixin.py:190} INFO - [2025-04-15T19:55:27.781+0000] {dagbag.py:588} INFO - Filling up the DagBag from /home/airflow/.local/lib/python3.12/site-packages/airflow/example_dags/example_inlet_event_extra.py
[2025-04-15T19:55:28.396+0000] {processor.py:925} INFO - DAG(s) 'read_dataset_event_from_classic', 'read_dataset_event' retrieved from /home/airflow/.local/lib/python3.12/site-packages/airflow/example_dags/example_inlet_event_extra.py
[2025-04-15T19:55:28.430+0000] {logging_mixin.py:190} INFO - [2025-04-15T19:55:28.430+0000] {dag.py:3239} INFO - Sync 2 DAGs
[2025-04-15T19:55:28.469+0000] {logging_mixin.py:190} INFO - [2025-04-15T19:55:28.469+0000] {dag.py:4180} INFO - Setting next_dagrun for read_dataset_event to 2025-04-14 00:00:00+00:00, run_after=2025-04-15 00:00:00+00:00
[2025-04-15T19:55:28.478+0000] {logging_mixin.py:190} INFO - [2025-04-15T19:55:28.477+0000] {dag.py:4180} INFO - Setting next_dagrun for read_dataset_event_from_classic to 2025-04-14 00:00:00+00:00, run_after=2025-04-15 00:00:00+00:00
[2025-04-15T19:55:28.506+0000] {processor.py:208} INFO - Processing /home/airflow/.local/lib/python3.12/site-packages/airflow/example_dags/example_inlet_event_extra.py took 0.737 seconds
[2025-04-15T19:55:59.067+0000] {processor.py:186} INFO - Started process (PID=18457) to work on /home/airflow/.local/lib/python3.12/site-packages/airflow/example_dags/example_inlet_event_extra.py
[2025-04-15T19:55:59.068+0000] {processor.py:914} INFO - Processing file /home/airflow/.local/lib/python3.12/site-packages/airflow/example_dags/example_inlet_event_extra.py for tasks to queue
[2025-04-15T19:55:59.070+0000] {logging_mixin.py:190} INFO - [2025-04-15T19:55:59.070+0000] {dagbag.py:588} INFO - Filling up the DagBag from /home/airflow/.local/lib/python3.12/site-packages/airflow/example_dags/example_inlet_event_extra.py
[2025-04-15T19:56:00.024+0000] {processor.py:925} INFO - DAG(s) 'read_dataset_event', 'read_dataset_event_from_classic' retrieved from /home/airflow/.local/lib/python3.12/site-packages/airflow/example_dags/example_inlet_event_extra.py
[2025-04-15T19:56:00.060+0000] {logging_mixin.py:190} INFO - [2025-04-15T19:56:00.060+0000] {dag.py:3239} INFO - Sync 2 DAGs
[2025-04-15T19:56:00.101+0000] {logging_mixin.py:190} INFO - [2025-04-15T19:56:00.101+0000] {dag.py:4180} INFO - Setting next_dagrun for read_dataset_event to 2025-04-14 00:00:00+00:00, run_after=2025-04-15 00:00:00+00:00
[2025-04-15T19:56:00.111+0000] {logging_mixin.py:190} INFO - [2025-04-15T19:56:00.111+0000] {dag.py:4180} INFO - Setting next_dagrun for read_dataset_event_from_classic to 2025-04-14 00:00:00+00:00, run_after=2025-04-15 00:00:00+00:00
[2025-04-15T19:56:00.144+0000] {processor.py:208} INFO - Processing /home/airflow/.local/lib/python3.12/site-packages/airflow/example_dags/example_inlet_event_extra.py took 1.086 seconds
[2025-04-15T19:56:30.333+0000] {processor.py:186} INFO - Started process (PID=18525) to work on /home/airflow/.local/lib/python3.12/site-packages/airflow/example_dags/example_inlet_event_extra.py
[2025-04-15T19:56:30.334+0000] {processor.py:914} INFO - Processing file /home/airflow/.local/lib/python3.12/site-packages/airflow/example_dags/example_inlet_event_extra.py for tasks to queue
[2025-04-15T19:56:30.336+0000] {logging_mixin.py:190} INFO - [2025-04-15T19:56:30.335+0000] {dagbag.py:588} INFO - Filling up the DagBag from /home/airflow/.local/lib/python3.12/site-packages/airflow/example_dags/example_inlet_event_extra.py
[2025-04-15T19:56:31.224+0000] {processor.py:925} INFO - DAG(s) 'read_dataset_event', 'read_dataset_event_from_classic' retrieved from /home/airflow/.local/lib/python3.12/site-packages/airflow/example_dags/example_inlet_event_extra.py
[2025-04-15T19:56:31.256+0000] {logging_mixin.py:190} INFO - [2025-04-15T19:56:31.256+0000] {dag.py:3239} INFO - Sync 2 DAGs
[2025-04-15T19:56:31.295+0000] {logging_mixin.py:190} INFO - [2025-04-15T19:56:31.294+0000] {dag.py:4180} INFO - Setting next_dagrun for read_dataset_event to 2025-04-14 00:00:00+00:00, run_after=2025-04-15 00:00:00+00:00
[2025-04-15T19:56:31.304+0000] {logging_mixin.py:190} INFO - [2025-04-15T19:56:31.303+0000] {dag.py:4180} INFO - Setting next_dagrun for read_dataset_event_from_classic to 2025-04-14 00:00:00+00:00, run_after=2025-04-15 00:00:00+00:00
[2025-04-15T19:56:31.332+0000] {processor.py:208} INFO - Processing /home/airflow/.local/lib/python3.12/site-packages/airflow/example_dags/example_inlet_event_extra.py took 1.008 seconds
[2025-04-15T19:57:02.275+0000] {processor.py:186} INFO - Started process (PID=18593) to work on /home/airflow/.local/lib/python3.12/site-packages/airflow/example_dags/example_inlet_event_extra.py
[2025-04-15T19:57:02.277+0000] {processor.py:914} INFO - Processing file /home/airflow/.local/lib/python3.12/site-packages/airflow/example_dags/example_inlet_event_extra.py for tasks to queue
[2025-04-15T19:57:02.279+0000] {logging_mixin.py:190} INFO - [2025-04-15T19:57:02.279+0000] {dagbag.py:588} INFO - Filling up the DagBag from /home/airflow/.local/lib/python3.12/site-packages/airflow/example_dags/example_inlet_event_extra.py
[2025-04-15T19:57:02.980+0000] {processor.py:925} INFO - DAG(s) 'read_dataset_event_from_classic', 'read_dataset_event' retrieved from /home/airflow/.local/lib/python3.12/site-packages/airflow/example_dags/example_inlet_event_extra.py
[2025-04-15T19:57:03.236+0000] {logging_mixin.py:190} INFO - [2025-04-15T19:57:03.236+0000] {dag.py:3239} INFO - Sync 2 DAGs
[2025-04-15T19:57:03.280+0000] {logging_mixin.py:190} INFO - [2025-04-15T19:57:03.280+0000] {dag.py:4180} INFO - Setting next_dagrun for read_dataset_event to 2025-04-14 00:00:00+00:00, run_after=2025-04-15 00:00:00+00:00
[2025-04-15T19:57:03.290+0000] {logging_mixin.py:190} INFO - [2025-04-15T19:57:03.290+0000] {dag.py:4180} INFO - Setting next_dagrun for read_dataset_event_from_classic to 2025-04-14 00:00:00+00:00, run_after=2025-04-15 00:00:00+00:00
[2025-04-15T19:57:03.318+0000] {processor.py:208} INFO - Processing /home/airflow/.local/lib/python3.12/site-packages/airflow/example_dags/example_inlet_event_extra.py took 1.051 seconds
[2025-04-15T19:57:33.657+0000] {processor.py:186} INFO - Started process (PID=18660) to work on /home/airflow/.local/lib/python3.12/site-packages/airflow/example_dags/example_inlet_event_extra.py
[2025-04-15T19:57:33.660+0000] {processor.py:914} INFO - Processing file /home/airflow/.local/lib/python3.12/site-packages/airflow/example_dags/example_inlet_event_extra.py for tasks to queue
[2025-04-15T19:57:33.665+0000] {logging_mixin.py:190} INFO - [2025-04-15T19:57:33.664+0000] {dagbag.py:588} INFO - Filling up the DagBag from /home/airflow/.local/lib/python3.12/site-packages/airflow/example_dags/example_inlet_event_extra.py
[2025-04-15T19:57:34.748+0000] {processor.py:925} INFO - DAG(s) 'read_dataset_event_from_classic', 'read_dataset_event' retrieved from /home/airflow/.local/lib/python3.12/site-packages/airflow/example_dags/example_inlet_event_extra.py
[2025-04-15T19:57:34.779+0000] {logging_mixin.py:190} INFO - [2025-04-15T19:57:34.779+0000] {dag.py:3239} INFO - Sync 2 DAGs
[2025-04-15T19:57:34.818+0000] {logging_mixin.py:190} INFO - [2025-04-15T19:57:34.817+0000] {dag.py:4180} INFO - Setting next_dagrun for read_dataset_event to 2025-04-14 00:00:00+00:00, run_after=2025-04-15 00:00:00+00:00
[2025-04-15T19:57:34.827+0000] {logging_mixin.py:190} INFO - [2025-04-15T19:57:34.827+0000] {dag.py:4180} INFO - Setting next_dagrun for read_dataset_event_from_classic to 2025-04-14 00:00:00+00:00, run_after=2025-04-15 00:00:00+00:00
[2025-04-15T19:57:34.863+0000] {processor.py:208} INFO - Processing /home/airflow/.local/lib/python3.12/site-packages/airflow/example_dags/example_inlet_event_extra.py took 1.217 seconds
[2025-04-15T19:58:05.165+0000] {processor.py:186} INFO - Started process (PID=18727) to work on /home/airflow/.local/lib/python3.12/site-packages/airflow/example_dags/example_inlet_event_extra.py
[2025-04-15T19:58:05.167+0000] {processor.py:914} INFO - Processing file /home/airflow/.local/lib/python3.12/site-packages/airflow/example_dags/example_inlet_event_extra.py for tasks to queue
[2025-04-15T19:58:05.169+0000] {logging_mixin.py:190} INFO - [2025-04-15T19:58:05.168+0000] {dagbag.py:588} INFO - Filling up the DagBag from /home/airflow/.local/lib/python3.12/site-packages/airflow/example_dags/example_inlet_event_extra.py
[2025-04-15T19:58:06.096+0000] {processor.py:925} INFO - DAG(s) 'read_dataset_event_from_classic', 'read_dataset_event' retrieved from /home/airflow/.local/lib/python3.12/site-packages/airflow/example_dags/example_inlet_event_extra.py
[2025-04-15T19:58:06.132+0000] {logging_mixin.py:190} INFO - [2025-04-15T19:58:06.131+0000] {dag.py:3239} INFO - Sync 2 DAGs
[2025-04-15T19:58:06.185+0000] {logging_mixin.py:190} INFO - [2025-04-15T19:58:06.184+0000] {dag.py:4180} INFO - Setting next_dagrun for read_dataset_event to 2025-04-14 00:00:00+00:00, run_after=2025-04-15 00:00:00+00:00
[2025-04-15T19:58:06.194+0000] {logging_mixin.py:190} INFO - [2025-04-15T19:58:06.194+0000] {dag.py:4180} INFO - Setting next_dagrun for read_dataset_event_from_classic to 2025-04-14 00:00:00+00:00, run_after=2025-04-15 00:00:00+00:00
[2025-04-15T19:58:06.222+0000] {processor.py:208} INFO - Processing /home/airflow/.local/lib/python3.12/site-packages/airflow/example_dags/example_inlet_event_extra.py took 1.065 seconds
[2025-04-15T19:58:37.181+0000] {processor.py:186} INFO - Started process (PID=18798) to work on /home/airflow/.local/lib/python3.12/site-packages/airflow/example_dags/example_inlet_event_extra.py
[2025-04-15T19:58:37.183+0000] {processor.py:914} INFO - Processing file /home/airflow/.local/lib/python3.12/site-packages/airflow/example_dags/example_inlet_event_extra.py for tasks to queue
[2025-04-15T19:58:37.185+0000] {logging_mixin.py:190} INFO - [2025-04-15T19:58:37.184+0000] {dagbag.py:588} INFO - Filling up the DagBag from /home/airflow/.local/lib/python3.12/site-packages/airflow/example_dags/example_inlet_event_extra.py
[2025-04-15T19:58:38.096+0000] {processor.py:925} INFO - DAG(s) 'read_dataset_event_from_classic', 'read_dataset_event' retrieved from /home/airflow/.local/lib/python3.12/site-packages/airflow/example_dags/example_inlet_event_extra.py
[2025-04-15T19:58:38.128+0000] {logging_mixin.py:190} INFO - [2025-04-15T19:58:38.128+0000] {dag.py:3239} INFO - Sync 2 DAGs
[2025-04-15T19:58:38.178+0000] {logging_mixin.py:190} INFO - [2025-04-15T19:58:38.177+0000] {dag.py:4180} INFO - Setting next_dagrun for read_dataset_event to 2025-04-14 00:00:00+00:00, run_after=2025-04-15 00:00:00+00:00
[2025-04-15T19:58:38.188+0000] {logging_mixin.py:190} INFO - [2025-04-15T19:58:38.187+0000] {dag.py:4180} INFO - Setting next_dagrun for read_dataset_event_from_classic to 2025-04-14 00:00:00+00:00, run_after=2025-04-15 00:00:00+00:00
[2025-04-15T19:58:38.214+0000] {processor.py:208} INFO - Processing /home/airflow/.local/lib/python3.12/site-packages/airflow/example_dags/example_inlet_event_extra.py took 1.043 seconds
[2025-04-15T19:59:08.640+0000] {processor.py:186} INFO - Started process (PID=18866) to work on /home/airflow/.local/lib/python3.12/site-packages/airflow/example_dags/example_inlet_event_extra.py
[2025-04-15T19:59:08.641+0000] {processor.py:914} INFO - Processing file /home/airflow/.local/lib/python3.12/site-packages/airflow/example_dags/example_inlet_event_extra.py for tasks to queue
[2025-04-15T19:59:08.643+0000] {logging_mixin.py:190} INFO - [2025-04-15T19:59:08.643+0000] {dagbag.py:588} INFO - Filling up the DagBag from /home/airflow/.local/lib/python3.12/site-packages/airflow/example_dags/example_inlet_event_extra.py
[2025-04-15T19:59:09.965+0000] {processor.py:925} INFO - DAG(s) 'read_dataset_event', 'read_dataset_event_from_classic' retrieved from /home/airflow/.local/lib/python3.12/site-packages/airflow/example_dags/example_inlet_event_extra.py
[2025-04-15T19:59:09.995+0000] {logging_mixin.py:190} INFO - [2025-04-15T19:59:09.995+0000] {dag.py:3239} INFO - Sync 2 DAGs
[2025-04-15T19:59:10.025+0000] {logging_mixin.py:190} INFO - [2025-04-15T19:59:10.025+0000] {dag.py:4180} INFO - Setting next_dagrun for read_dataset_event to 2025-04-14 00:00:00+00:00, run_after=2025-04-15 00:00:00+00:00
[2025-04-15T19:59:10.036+0000] {logging_mixin.py:190} INFO - [2025-04-15T19:59:10.035+0000] {dag.py:4180} INFO - Setting next_dagrun for read_dataset_event_from_classic to 2025-04-14 00:00:00+00:00, run_after=2025-04-15 00:00:00+00:00
[2025-04-15T19:59:10.055+0000] {processor.py:208} INFO - Processing /home/airflow/.local/lib/python3.12/site-packages/airflow/example_dags/example_inlet_event_extra.py took 1.425 seconds
[2025-04-15T19:59:40.598+0000] {processor.py:186} INFO - Started process (PID=18939) to work on /home/airflow/.local/lib/python3.12/site-packages/airflow/example_dags/example_inlet_event_extra.py
[2025-04-15T19:59:40.599+0000] {processor.py:914} INFO - Processing file /home/airflow/.local/lib/python3.12/site-packages/airflow/example_dags/example_inlet_event_extra.py for tasks to queue
[2025-04-15T19:59:40.601+0000] {logging_mixin.py:190} INFO - [2025-04-15T19:59:40.600+0000] {dagbag.py:588} INFO - Filling up the DagBag from /home/airflow/.local/lib/python3.12/site-packages/airflow/example_dags/example_inlet_event_extra.py
[2025-04-15T19:59:41.834+0000] {processor.py:925} INFO - DAG(s) 'read_dataset_event_from_classic', 'read_dataset_event' retrieved from /home/airflow/.local/lib/python3.12/site-packages/airflow/example_dags/example_inlet_event_extra.py
[2025-04-15T19:59:41.869+0000] {logging_mixin.py:190} INFO - [2025-04-15T19:59:41.868+0000] {dag.py:3239} INFO - Sync 2 DAGs
[2025-04-15T19:59:41.910+0000] {logging_mixin.py:190} INFO - [2025-04-15T19:59:41.910+0000] {dag.py:4180} INFO - Setting next_dagrun for read_dataset_event to 2025-04-14 00:00:00+00:00, run_after=2025-04-15 00:00:00+00:00
[2025-04-15T19:59:41.922+0000] {logging_mixin.py:190} INFO - [2025-04-15T19:59:41.922+0000] {dag.py:4180} INFO - Setting next_dagrun for read_dataset_event_from_classic to 2025-04-14 00:00:00+00:00, run_after=2025-04-15 00:00:00+00:00
[2025-04-15T19:59:41.950+0000] {processor.py:208} INFO - Processing /home/airflow/.local/lib/python3.12/site-packages/airflow/example_dags/example_inlet_event_extra.py took 1.360 seconds
[2025-04-15T20:00:12.555+0000] {processor.py:186} INFO - Started process (PID=19009) to work on /home/airflow/.local/lib/python3.12/site-packages/airflow/example_dags/example_inlet_event_extra.py
[2025-04-15T20:00:12.557+0000] {processor.py:914} INFO - Processing file /home/airflow/.local/lib/python3.12/site-packages/airflow/example_dags/example_inlet_event_extra.py for tasks to queue
[2025-04-15T20:00:12.559+0000] {logging_mixin.py:190} INFO - [2025-04-15T20:00:12.558+0000] {dagbag.py:588} INFO - Filling up the DagBag from /home/airflow/.local/lib/python3.12/site-packages/airflow/example_dags/example_inlet_event_extra.py
[2025-04-15T20:00:13.419+0000] {processor.py:925} INFO - DAG(s) 'read_dataset_event', 'read_dataset_event_from_classic' retrieved from /home/airflow/.local/lib/python3.12/site-packages/airflow/example_dags/example_inlet_event_extra.py
[2025-04-15T20:00:13.453+0000] {logging_mixin.py:190} INFO - [2025-04-15T20:00:13.452+0000] {dag.py:3239} INFO - Sync 2 DAGs
[2025-04-15T20:00:13.491+0000] {logging_mixin.py:190} INFO - [2025-04-15T20:00:13.491+0000] {dag.py:4180} INFO - Setting next_dagrun for read_dataset_event to 2025-04-14 00:00:00+00:00, run_after=2025-04-15 00:00:00+00:00
[2025-04-15T20:00:13.500+0000] {logging_mixin.py:190} INFO - [2025-04-15T20:00:13.499+0000] {dag.py:4180} INFO - Setting next_dagrun for read_dataset_event_from_classic to 2025-04-14 00:00:00+00:00, run_after=2025-04-15 00:00:00+00:00
[2025-04-15T20:00:13.527+0000] {processor.py:208} INFO - Processing /home/airflow/.local/lib/python3.12/site-packages/airflow/example_dags/example_inlet_event_extra.py took 0.980 seconds
[2025-04-15T20:00:44.092+0000] {processor.py:186} INFO - Started process (PID=19078) to work on /home/airflow/.local/lib/python3.12/site-packages/airflow/example_dags/example_inlet_event_extra.py
[2025-04-15T20:00:44.094+0000] {processor.py:914} INFO - Processing file /home/airflow/.local/lib/python3.12/site-packages/airflow/example_dags/example_inlet_event_extra.py for tasks to queue
[2025-04-15T20:00:44.096+0000] {logging_mixin.py:190} INFO - [2025-04-15T20:00:44.096+0000] {dagbag.py:588} INFO - Filling up the DagBag from /home/airflow/.local/lib/python3.12/site-packages/airflow/example_dags/example_inlet_event_extra.py
[2025-04-15T20:00:44.978+0000] {processor.py:925} INFO - DAG(s) 'read_dataset_event_from_classic', 'read_dataset_event' retrieved from /home/airflow/.local/lib/python3.12/site-packages/airflow/example_dags/example_inlet_event_extra.py
[2025-04-15T20:00:45.010+0000] {logging_mixin.py:190} INFO - [2025-04-15T20:00:45.010+0000] {dag.py:3239} INFO - Sync 2 DAGs
[2025-04-15T20:00:45.050+0000] {logging_mixin.py:190} INFO - [2025-04-15T20:00:45.049+0000] {dag.py:4180} INFO - Setting next_dagrun for read_dataset_event to 2025-04-14 00:00:00+00:00, run_after=2025-04-15 00:00:00+00:00
[2025-04-15T20:00:45.058+0000] {logging_mixin.py:190} INFO - [2025-04-15T20:00:45.057+0000] {dag.py:4180} INFO - Setting next_dagrun for read_dataset_event_from_classic to 2025-04-14 00:00:00+00:00, run_after=2025-04-15 00:00:00+00:00
[2025-04-15T20:00:45.086+0000] {processor.py:208} INFO - Processing /home/airflow/.local/lib/python3.12/site-packages/airflow/example_dags/example_inlet_event_extra.py took 1.002 seconds
[2025-04-15T20:01:15.519+0000] {processor.py:186} INFO - Started process (PID=19146) to work on /home/airflow/.local/lib/python3.12/site-packages/airflow/example_dags/example_inlet_event_extra.py
[2025-04-15T20:01:15.520+0000] {processor.py:914} INFO - Processing file /home/airflow/.local/lib/python3.12/site-packages/airflow/example_dags/example_inlet_event_extra.py for tasks to queue
[2025-04-15T20:01:15.525+0000] {logging_mixin.py:190} INFO - [2025-04-15T20:01:15.524+0000] {dagbag.py:588} INFO - Filling up the DagBag from /home/airflow/.local/lib/python3.12/site-packages/airflow/example_dags/example_inlet_event_extra.py
[2025-04-15T20:01:16.485+0000] {processor.py:925} INFO - DAG(s) 'read_dataset_event_from_classic', 'read_dataset_event' retrieved from /home/airflow/.local/lib/python3.12/site-packages/airflow/example_dags/example_inlet_event_extra.py
[2025-04-15T20:01:16.519+0000] {logging_mixin.py:190} INFO - [2025-04-15T20:01:16.518+0000] {dag.py:3239} INFO - Sync 2 DAGs
[2025-04-15T20:01:16.561+0000] {logging_mixin.py:190} INFO - [2025-04-15T20:01:16.560+0000] {dag.py:4180} INFO - Setting next_dagrun for read_dataset_event to 2025-04-14 00:00:00+00:00, run_after=2025-04-15 00:00:00+00:00
[2025-04-15T20:01:16.570+0000] {logging_mixin.py:190} INFO - [2025-04-15T20:01:16.570+0000] {dag.py:4180} INFO - Setting next_dagrun for read_dataset_event_from_classic to 2025-04-14 00:00:00+00:00, run_after=2025-04-15 00:00:00+00:00
[2025-04-15T20:01:16.598+0000] {processor.py:208} INFO - Processing /home/airflow/.local/lib/python3.12/site-packages/airflow/example_dags/example_inlet_event_extra.py took 1.090 seconds
[2025-04-15T20:01:47.292+0000] {processor.py:186} INFO - Started process (PID=19215) to work on /home/airflow/.local/lib/python3.12/site-packages/airflow/example_dags/example_inlet_event_extra.py
[2025-04-15T20:01:47.293+0000] {processor.py:914} INFO - Processing file /home/airflow/.local/lib/python3.12/site-packages/airflow/example_dags/example_inlet_event_extra.py for tasks to queue
[2025-04-15T20:01:47.295+0000] {logging_mixin.py:190} INFO - [2025-04-15T20:01:47.294+0000] {dagbag.py:588} INFO - Filling up the DagBag from /home/airflow/.local/lib/python3.12/site-packages/airflow/example_dags/example_inlet_event_extra.py
[2025-04-15T20:01:48.154+0000] {processor.py:925} INFO - DAG(s) 'read_dataset_event_from_classic', 'read_dataset_event' retrieved from /home/airflow/.local/lib/python3.12/site-packages/airflow/example_dags/example_inlet_event_extra.py
[2025-04-15T20:01:48.188+0000] {logging_mixin.py:190} INFO - [2025-04-15T20:01:48.188+0000] {dag.py:3239} INFO - Sync 2 DAGs
[2025-04-15T20:01:48.232+0000] {logging_mixin.py:190} INFO - [2025-04-15T20:01:48.232+0000] {dag.py:4180} INFO - Setting next_dagrun for read_dataset_event to 2025-04-14 00:00:00+00:00, run_after=2025-04-15 00:00:00+00:00
[2025-04-15T20:01:48.240+0000] {logging_mixin.py:190} INFO - [2025-04-15T20:01:48.240+0000] {dag.py:4180} INFO - Setting next_dagrun for read_dataset_event_from_classic to 2025-04-14 00:00:00+00:00, run_after=2025-04-15 00:00:00+00:00
[2025-04-15T20:01:48.264+0000] {processor.py:208} INFO - Processing /home/airflow/.local/lib/python3.12/site-packages/airflow/example_dags/example_inlet_event_extra.py took 0.982 seconds
[2025-04-15T20:02:19.209+0000] {processor.py:186} INFO - Started process (PID=19284) to work on /home/airflow/.local/lib/python3.12/site-packages/airflow/example_dags/example_inlet_event_extra.py
[2025-04-15T20:02:19.210+0000] {processor.py:914} INFO - Processing file /home/airflow/.local/lib/python3.12/site-packages/airflow/example_dags/example_inlet_event_extra.py for tasks to queue
[2025-04-15T20:02:19.212+0000] {logging_mixin.py:190} INFO - [2025-04-15T20:02:19.212+0000] {dagbag.py:588} INFO - Filling up the DagBag from /home/airflow/.local/lib/python3.12/site-packages/airflow/example_dags/example_inlet_event_extra.py
[2025-04-15T20:02:20.082+0000] {processor.py:925} INFO - DAG(s) 'read_dataset_event_from_classic', 'read_dataset_event' retrieved from /home/airflow/.local/lib/python3.12/site-packages/airflow/example_dags/example_inlet_event_extra.py
[2025-04-15T20:02:20.115+0000] {logging_mixin.py:190} INFO - [2025-04-15T20:02:20.115+0000] {dag.py:3239} INFO - Sync 2 DAGs
[2025-04-15T20:02:20.155+0000] {logging_mixin.py:190} INFO - [2025-04-15T20:02:20.155+0000] {dag.py:4180} INFO - Setting next_dagrun for read_dataset_event to 2025-04-14 00:00:00+00:00, run_after=2025-04-15 00:00:00+00:00
[2025-04-15T20:02:20.165+0000] {logging_mixin.py:190} INFO - [2025-04-15T20:02:20.164+0000] {dag.py:4180} INFO - Setting next_dagrun for read_dataset_event_from_classic to 2025-04-14 00:00:00+00:00, run_after=2025-04-15 00:00:00+00:00
[2025-04-15T20:02:20.191+0000] {processor.py:208} INFO - Processing /home/airflow/.local/lib/python3.12/site-packages/airflow/example_dags/example_inlet_event_extra.py took 0.991 seconds
[2025-04-15T20:02:50.779+0000] {processor.py:186} INFO - Started process (PID=19353) to work on /home/airflow/.local/lib/python3.12/site-packages/airflow/example_dags/example_inlet_event_extra.py
[2025-04-15T20:02:50.782+0000] {processor.py:914} INFO - Processing file /home/airflow/.local/lib/python3.12/site-packages/airflow/example_dags/example_inlet_event_extra.py for tasks to queue
[2025-04-15T20:02:50.784+0000] {logging_mixin.py:190} INFO - [2025-04-15T20:02:50.784+0000] {dagbag.py:588} INFO - Filling up the DagBag from /home/airflow/.local/lib/python3.12/site-packages/airflow/example_dags/example_inlet_event_extra.py
[2025-04-15T20:02:51.654+0000] {processor.py:925} INFO - DAG(s) 'read_dataset_event_from_classic', 'read_dataset_event' retrieved from /home/airflow/.local/lib/python3.12/site-packages/airflow/example_dags/example_inlet_event_extra.py
[2025-04-15T20:02:51.687+0000] {logging_mixin.py:190} INFO - [2025-04-15T20:02:51.686+0000] {dag.py:3239} INFO - Sync 2 DAGs
[2025-04-15T20:02:51.722+0000] {logging_mixin.py:190} INFO - [2025-04-15T20:02:51.721+0000] {dag.py:4180} INFO - Setting next_dagrun for read_dataset_event to 2025-04-14 00:00:00+00:00, run_after=2025-04-15 00:00:00+00:00
[2025-04-15T20:02:51.734+0000] {logging_mixin.py:190} INFO - [2025-04-15T20:02:51.733+0000] {dag.py:4180} INFO - Setting next_dagrun for read_dataset_event_from_classic to 2025-04-14 00:00:00+00:00, run_after=2025-04-15 00:00:00+00:00
[2025-04-15T20:02:51.759+0000] {processor.py:208} INFO - Processing /home/airflow/.local/lib/python3.12/site-packages/airflow/example_dags/example_inlet_event_extra.py took 0.988 seconds
[2025-04-15T20:03:22.801+0000] {processor.py:186} INFO - Started process (PID=19422) to work on /home/airflow/.local/lib/python3.12/site-packages/airflow/example_dags/example_inlet_event_extra.py
[2025-04-15T20:03:22.805+0000] {processor.py:914} INFO - Processing file /home/airflow/.local/lib/python3.12/site-packages/airflow/example_dags/example_inlet_event_extra.py for tasks to queue
[2025-04-15T20:03:22.807+0000] {logging_mixin.py:190} INFO - [2025-04-15T20:03:22.807+0000] {dagbag.py:588} INFO - Filling up the DagBag from /home/airflow/.local/lib/python3.12/site-packages/airflow/example_dags/example_inlet_event_extra.py
[2025-04-15T20:03:23.649+0000] {processor.py:925} INFO - DAG(s) 'read_dataset_event_from_classic', 'read_dataset_event' retrieved from /home/airflow/.local/lib/python3.12/site-packages/airflow/example_dags/example_inlet_event_extra.py
[2025-04-15T20:03:23.682+0000] {logging_mixin.py:190} INFO - [2025-04-15T20:03:23.681+0000] {dag.py:3239} INFO - Sync 2 DAGs
[2025-04-15T20:03:23.718+0000] {logging_mixin.py:190} INFO - [2025-04-15T20:03:23.718+0000] {dag.py:4180} INFO - Setting next_dagrun for read_dataset_event to 2025-04-14 00:00:00+00:00, run_after=2025-04-15 00:00:00+00:00
[2025-04-15T20:03:23.726+0000] {logging_mixin.py:190} INFO - [2025-04-15T20:03:23.725+0000] {dag.py:4180} INFO - Setting next_dagrun for read_dataset_event_from_classic to 2025-04-14 00:00:00+00:00, run_after=2025-04-15 00:00:00+00:00
[2025-04-15T20:03:23.753+0000] {processor.py:208} INFO - Processing /home/airflow/.local/lib/python3.12/site-packages/airflow/example_dags/example_inlet_event_extra.py took 0.960 seconds
[2025-04-15T20:03:54.000+0000] {processor.py:186} INFO - Started process (PID=19489) to work on /home/airflow/.local/lib/python3.12/site-packages/airflow/example_dags/example_inlet_event_extra.py
[2025-04-15T20:03:54.001+0000] {processor.py:914} INFO - Processing file /home/airflow/.local/lib/python3.12/site-packages/airflow/example_dags/example_inlet_event_extra.py for tasks to queue
[2025-04-15T20:03:54.003+0000] {logging_mixin.py:190} INFO - [2025-04-15T20:03:54.002+0000] {dagbag.py:588} INFO - Filling up the DagBag from /home/airflow/.local/lib/python3.12/site-packages/airflow/example_dags/example_inlet_event_extra.py
[2025-04-15T20:03:54.861+0000] {processor.py:925} INFO - DAG(s) 'read_dataset_event_from_classic', 'read_dataset_event' retrieved from /home/airflow/.local/lib/python3.12/site-packages/airflow/example_dags/example_inlet_event_extra.py
[2025-04-15T20:03:54.894+0000] {logging_mixin.py:190} INFO - [2025-04-15T20:03:54.893+0000] {dag.py:3239} INFO - Sync 2 DAGs
[2025-04-15T20:03:54.930+0000] {logging_mixin.py:190} INFO - [2025-04-15T20:03:54.930+0000] {dag.py:4180} INFO - Setting next_dagrun for read_dataset_event to 2025-04-14 00:00:00+00:00, run_after=2025-04-15 00:00:00+00:00
[2025-04-15T20:03:54.938+0000] {logging_mixin.py:190} INFO - [2025-04-15T20:03:54.938+0000] {dag.py:4180} INFO - Setting next_dagrun for read_dataset_event_from_classic to 2025-04-14 00:00:00+00:00, run_after=2025-04-15 00:00:00+00:00
[2025-04-15T20:03:54.966+0000] {processor.py:208} INFO - Processing /home/airflow/.local/lib/python3.12/site-packages/airflow/example_dags/example_inlet_event_extra.py took 0.974 seconds
