[2025-04-15T19:35:02.930+0000] {processor.py:186} INFO - Started process (PID=15752) to work on /home/airflow/.local/lib/python3.12/site-packages/airflow/example_dags/example_setup_teardown_taskflow.py
[2025-04-15T19:35:02.932+0000] {processor.py:914} INFO - Processing file /home/airflow/.local/lib/python3.12/site-packages/airflow/example_dags/example_setup_teardown_taskflow.py for tasks to queue
[2025-04-15T19:35:02.937+0000] {logging_mixin.py:190} INFO - [2025-04-15T19:35:02.936+0000] {dagbag.py:588} INFO - Filling up the DagBag from /home/airflow/.local/lib/python3.12/site-packages/airflow/example_dags/example_setup_teardown_taskflow.py
[2025-04-15T19:35:03.191+0000] {processor.py:925} INFO - DAG(s) 'example_setup_teardown_taskflow' retrieved from /home/airflow/.local/lib/python3.12/site-packages/airflow/example_dags/example_setup_teardown_taskflow.py
[2025-04-15T19:35:03.675+0000] {logging_mixin.py:190} INFO - [2025-04-15T19:35:03.672+0000] {dag.py:3239} INFO - Sync 1 DAGs
[2025-04-15T19:35:03.873+0000] {logging_mixin.py:190} INFO - [2025-04-15T19:35:03.872+0000] {dag.py:4180} INFO - Setting next_dagrun for example_setup_teardown_taskflow to None, run_after=None
[2025-04-15T19:35:03.934+0000] {processor.py:208} INFO - Processing /home/airflow/.local/lib/python3.12/site-packages/airflow/example_dags/example_setup_teardown_taskflow.py took 1.030 seconds
[2025-04-15T19:35:47.673+0000] {processor.py:186} INFO - Started process (PID=15820) to work on /home/airflow/.local/lib/python3.12/site-packages/airflow/example_dags/example_setup_teardown_taskflow.py
[2025-04-15T19:35:47.675+0000] {processor.py:914} INFO - Processing file /home/airflow/.local/lib/python3.12/site-packages/airflow/example_dags/example_setup_teardown_taskflow.py for tasks to queue
[2025-04-15T19:35:47.678+0000] {logging_mixin.py:190} INFO - [2025-04-15T19:35:47.677+0000] {dagbag.py:588} INFO - Filling up the DagBag from /home/airflow/.local/lib/python3.12/site-packages/airflow/example_dags/example_setup_teardown_taskflow.py
[2025-04-15T19:35:47.699+0000] {processor.py:925} INFO - DAG(s) 'example_setup_teardown_taskflow' retrieved from /home/airflow/.local/lib/python3.12/site-packages/airflow/example_dags/example_setup_teardown_taskflow.py
[2025-04-15T19:35:47.748+0000] {logging_mixin.py:190} INFO - [2025-04-15T19:35:47.748+0000] {dag.py:3239} INFO - Sync 1 DAGs
[2025-04-15T19:35:47.786+0000] {logging_mixin.py:190} INFO - [2025-04-15T19:35:47.786+0000] {dag.py:4180} INFO - Setting next_dagrun for example_setup_teardown_taskflow to None, run_after=None
[2025-04-15T19:35:47.823+0000] {processor.py:208} INFO - Processing /home/airflow/.local/lib/python3.12/site-packages/airflow/example_dags/example_setup_teardown_taskflow.py took 0.161 seconds
[2025-04-15T19:36:18.306+0000] {processor.py:186} INFO - Started process (PID=15887) to work on /home/airflow/.local/lib/python3.12/site-packages/airflow/example_dags/example_setup_teardown_taskflow.py
[2025-04-15T19:36:18.308+0000] {processor.py:914} INFO - Processing file /home/airflow/.local/lib/python3.12/site-packages/airflow/example_dags/example_setup_teardown_taskflow.py for tasks to queue
[2025-04-15T19:36:18.311+0000] {logging_mixin.py:190} INFO - [2025-04-15T19:36:18.310+0000] {dagbag.py:588} INFO - Filling up the DagBag from /home/airflow/.local/lib/python3.12/site-packages/airflow/example_dags/example_setup_teardown_taskflow.py
[2025-04-15T19:36:18.334+0000] {processor.py:925} INFO - DAG(s) 'example_setup_teardown_taskflow' retrieved from /home/airflow/.local/lib/python3.12/site-packages/airflow/example_dags/example_setup_teardown_taskflow.py
[2025-04-15T19:36:18.380+0000] {logging_mixin.py:190} INFO - [2025-04-15T19:36:18.379+0000] {dag.py:3239} INFO - Sync 1 DAGs
[2025-04-15T19:36:18.409+0000] {logging_mixin.py:190} INFO - [2025-04-15T19:36:18.408+0000] {dag.py:4180} INFO - Setting next_dagrun for example_setup_teardown_taskflow to None, run_after=None
[2025-04-15T19:36:18.443+0000] {processor.py:208} INFO - Processing /home/airflow/.local/lib/python3.12/site-packages/airflow/example_dags/example_setup_teardown_taskflow.py took 0.148 seconds
[2025-04-15T19:36:49.103+0000] {processor.py:186} INFO - Started process (PID=15954) to work on /home/airflow/.local/lib/python3.12/site-packages/airflow/example_dags/example_setup_teardown_taskflow.py
[2025-04-15T19:36:49.104+0000] {processor.py:914} INFO - Processing file /home/airflow/.local/lib/python3.12/site-packages/airflow/example_dags/example_setup_teardown_taskflow.py for tasks to queue
[2025-04-15T19:36:49.106+0000] {logging_mixin.py:190} INFO - [2025-04-15T19:36:49.105+0000] {dagbag.py:588} INFO - Filling up the DagBag from /home/airflow/.local/lib/python3.12/site-packages/airflow/example_dags/example_setup_teardown_taskflow.py
[2025-04-15T19:36:49.121+0000] {processor.py:925} INFO - DAG(s) 'example_setup_teardown_taskflow' retrieved from /home/airflow/.local/lib/python3.12/site-packages/airflow/example_dags/example_setup_teardown_taskflow.py
[2025-04-15T19:36:49.154+0000] {logging_mixin.py:190} INFO - [2025-04-15T19:36:49.154+0000] {dag.py:3239} INFO - Sync 1 DAGs
[2025-04-15T19:36:49.174+0000] {logging_mixin.py:190} INFO - [2025-04-15T19:36:49.173+0000] {dag.py:4180} INFO - Setting next_dagrun for example_setup_teardown_taskflow to None, run_after=None
[2025-04-15T19:36:49.202+0000] {processor.py:208} INFO - Processing /home/airflow/.local/lib/python3.12/site-packages/airflow/example_dags/example_setup_teardown_taskflow.py took 0.105 seconds
[2025-04-15T19:37:20.198+0000] {processor.py:186} INFO - Started process (PID=16021) to work on /home/airflow/.local/lib/python3.12/site-packages/airflow/example_dags/example_setup_teardown_taskflow.py
[2025-04-15T19:37:20.200+0000] {processor.py:914} INFO - Processing file /home/airflow/.local/lib/python3.12/site-packages/airflow/example_dags/example_setup_teardown_taskflow.py for tasks to queue
[2025-04-15T19:37:20.201+0000] {logging_mixin.py:190} INFO - [2025-04-15T19:37:20.201+0000] {dagbag.py:588} INFO - Filling up the DagBag from /home/airflow/.local/lib/python3.12/site-packages/airflow/example_dags/example_setup_teardown_taskflow.py
[2025-04-15T19:37:20.213+0000] {processor.py:925} INFO - DAG(s) 'example_setup_teardown_taskflow' retrieved from /home/airflow/.local/lib/python3.12/site-packages/airflow/example_dags/example_setup_teardown_taskflow.py
[2025-04-15T19:37:20.245+0000] {logging_mixin.py:190} INFO - [2025-04-15T19:37:20.244+0000] {dag.py:3239} INFO - Sync 1 DAGs
[2025-04-15T19:37:20.263+0000] {logging_mixin.py:190} INFO - [2025-04-15T19:37:20.262+0000] {dag.py:4180} INFO - Setting next_dagrun for example_setup_teardown_taskflow to None, run_after=None
[2025-04-15T19:37:20.296+0000] {processor.py:208} INFO - Processing /home/airflow/.local/lib/python3.12/site-packages/airflow/example_dags/example_setup_teardown_taskflow.py took 0.105 seconds
[2025-04-15T19:37:50.737+0000] {processor.py:186} INFO - Started process (PID=16088) to work on /home/airflow/.local/lib/python3.12/site-packages/airflow/example_dags/example_setup_teardown_taskflow.py
[2025-04-15T19:37:50.738+0000] {processor.py:914} INFO - Processing file /home/airflow/.local/lib/python3.12/site-packages/airflow/example_dags/example_setup_teardown_taskflow.py for tasks to queue
[2025-04-15T19:37:50.739+0000] {logging_mixin.py:190} INFO - [2025-04-15T19:37:50.739+0000] {dagbag.py:588} INFO - Filling up the DagBag from /home/airflow/.local/lib/python3.12/site-packages/airflow/example_dags/example_setup_teardown_taskflow.py
[2025-04-15T19:37:50.748+0000] {processor.py:925} INFO - DAG(s) 'example_setup_teardown_taskflow' retrieved from /home/airflow/.local/lib/python3.12/site-packages/airflow/example_dags/example_setup_teardown_taskflow.py
[2025-04-15T19:37:50.770+0000] {logging_mixin.py:190} INFO - [2025-04-15T19:37:50.770+0000] {dag.py:3239} INFO - Sync 1 DAGs
[2025-04-15T19:37:50.785+0000] {logging_mixin.py:190} INFO - [2025-04-15T19:37:50.785+0000] {dag.py:4180} INFO - Setting next_dagrun for example_setup_teardown_taskflow to None, run_after=None
[2025-04-15T19:37:50.806+0000] {processor.py:208} INFO - Processing /home/airflow/.local/lib/python3.12/site-packages/airflow/example_dags/example_setup_teardown_taskflow.py took 0.075 seconds
[2025-04-15T19:38:21.505+0000] {processor.py:186} INFO - Started process (PID=16155) to work on /home/airflow/.local/lib/python3.12/site-packages/airflow/example_dags/example_setup_teardown_taskflow.py
[2025-04-15T19:38:21.506+0000] {processor.py:914} INFO - Processing file /home/airflow/.local/lib/python3.12/site-packages/airflow/example_dags/example_setup_teardown_taskflow.py for tasks to queue
[2025-04-15T19:38:21.508+0000] {logging_mixin.py:190} INFO - [2025-04-15T19:38:21.508+0000] {dagbag.py:588} INFO - Filling up the DagBag from /home/airflow/.local/lib/python3.12/site-packages/airflow/example_dags/example_setup_teardown_taskflow.py
[2025-04-15T19:38:21.521+0000] {processor.py:925} INFO - DAG(s) 'example_setup_teardown_taskflow' retrieved from /home/airflow/.local/lib/python3.12/site-packages/airflow/example_dags/example_setup_teardown_taskflow.py
[2025-04-15T19:38:21.547+0000] {logging_mixin.py:190} INFO - [2025-04-15T19:38:21.546+0000] {dag.py:3239} INFO - Sync 1 DAGs
[2025-04-15T19:38:21.567+0000] {logging_mixin.py:190} INFO - [2025-04-15T19:38:21.566+0000] {dag.py:4180} INFO - Setting next_dagrun for example_setup_teardown_taskflow to None, run_after=None
[2025-04-15T19:38:21.596+0000] {processor.py:208} INFO - Processing /home/airflow/.local/lib/python3.12/site-packages/airflow/example_dags/example_setup_teardown_taskflow.py took 0.097 seconds
[2025-04-15T19:38:52.198+0000] {processor.py:186} INFO - Started process (PID=16222) to work on /home/airflow/.local/lib/python3.12/site-packages/airflow/example_dags/example_setup_teardown_taskflow.py
[2025-04-15T19:38:52.199+0000] {processor.py:914} INFO - Processing file /home/airflow/.local/lib/python3.12/site-packages/airflow/example_dags/example_setup_teardown_taskflow.py for tasks to queue
[2025-04-15T19:38:52.201+0000] {logging_mixin.py:190} INFO - [2025-04-15T19:38:52.200+0000] {dagbag.py:588} INFO - Filling up the DagBag from /home/airflow/.local/lib/python3.12/site-packages/airflow/example_dags/example_setup_teardown_taskflow.py
[2025-04-15T19:38:52.215+0000] {processor.py:925} INFO - DAG(s) 'example_setup_teardown_taskflow' retrieved from /home/airflow/.local/lib/python3.12/site-packages/airflow/example_dags/example_setup_teardown_taskflow.py
[2025-04-15T19:38:52.247+0000] {logging_mixin.py:190} INFO - [2025-04-15T19:38:52.246+0000] {dag.py:3239} INFO - Sync 1 DAGs
[2025-04-15T19:38:52.266+0000] {logging_mixin.py:190} INFO - [2025-04-15T19:38:52.266+0000] {dag.py:4180} INFO - Setting next_dagrun for example_setup_teardown_taskflow to None, run_after=None
[2025-04-15T19:38:52.294+0000] {processor.py:208} INFO - Processing /home/airflow/.local/lib/python3.12/site-packages/airflow/example_dags/example_setup_teardown_taskflow.py took 0.105 seconds
[2025-04-15T19:39:22.472+0000] {processor.py:186} INFO - Started process (PID=16288) to work on /home/airflow/.local/lib/python3.12/site-packages/airflow/example_dags/example_setup_teardown_taskflow.py
[2025-04-15T19:39:22.473+0000] {processor.py:914} INFO - Processing file /home/airflow/.local/lib/python3.12/site-packages/airflow/example_dags/example_setup_teardown_taskflow.py for tasks to queue
[2025-04-15T19:39:22.474+0000] {logging_mixin.py:190} INFO - [2025-04-15T19:39:22.474+0000] {dagbag.py:588} INFO - Filling up the DagBag from /home/airflow/.local/lib/python3.12/site-packages/airflow/example_dags/example_setup_teardown_taskflow.py
[2025-04-15T19:39:22.488+0000] {processor.py:925} INFO - DAG(s) 'example_setup_teardown_taskflow' retrieved from /home/airflow/.local/lib/python3.12/site-packages/airflow/example_dags/example_setup_teardown_taskflow.py
[2025-04-15T19:39:22.518+0000] {logging_mixin.py:190} INFO - [2025-04-15T19:39:22.517+0000] {dag.py:3239} INFO - Sync 1 DAGs
[2025-04-15T19:39:22.537+0000] {logging_mixin.py:190} INFO - [2025-04-15T19:39:22.537+0000] {dag.py:4180} INFO - Setting next_dagrun for example_setup_teardown_taskflow to None, run_after=None
[2025-04-15T19:39:22.565+0000] {processor.py:208} INFO - Processing /home/airflow/.local/lib/python3.12/site-packages/airflow/example_dags/example_setup_teardown_taskflow.py took 0.101 seconds
[2025-04-15T19:39:53.791+0000] {processor.py:186} INFO - Started process (PID=16361) to work on /home/airflow/.local/lib/python3.12/site-packages/airflow/example_dags/example_setup_teardown_taskflow.py
[2025-04-15T19:39:53.793+0000] {processor.py:914} INFO - Processing file /home/airflow/.local/lib/python3.12/site-packages/airflow/example_dags/example_setup_teardown_taskflow.py for tasks to queue
[2025-04-15T19:39:53.795+0000] {logging_mixin.py:190} INFO - [2025-04-15T19:39:53.795+0000] {dagbag.py:588} INFO - Filling up the DagBag from /home/airflow/.local/lib/python3.12/site-packages/airflow/example_dags/example_setup_teardown_taskflow.py
[2025-04-15T19:39:53.814+0000] {processor.py:925} INFO - DAG(s) 'example_setup_teardown_taskflow' retrieved from /home/airflow/.local/lib/python3.12/site-packages/airflow/example_dags/example_setup_teardown_taskflow.py
[2025-04-15T19:39:53.855+0000] {logging_mixin.py:190} INFO - [2025-04-15T19:39:53.855+0000] {dag.py:3239} INFO - Sync 1 DAGs
[2025-04-15T19:39:53.888+0000] {logging_mixin.py:190} INFO - [2025-04-15T19:39:53.887+0000] {dag.py:4180} INFO - Setting next_dagrun for example_setup_teardown_taskflow to None, run_after=None
[2025-04-15T19:39:53.927+0000] {processor.py:208} INFO - Processing /home/airflow/.local/lib/python3.12/site-packages/airflow/example_dags/example_setup_teardown_taskflow.py took 0.146 seconds
[2025-04-15T19:40:24.569+0000] {processor.py:186} INFO - Started process (PID=16428) to work on /home/airflow/.local/lib/python3.12/site-packages/airflow/example_dags/example_setup_teardown_taskflow.py
[2025-04-15T19:40:24.570+0000] {processor.py:914} INFO - Processing file /home/airflow/.local/lib/python3.12/site-packages/airflow/example_dags/example_setup_teardown_taskflow.py for tasks to queue
[2025-04-15T19:40:24.571+0000] {logging_mixin.py:190} INFO - [2025-04-15T19:40:24.571+0000] {dagbag.py:588} INFO - Filling up the DagBag from /home/airflow/.local/lib/python3.12/site-packages/airflow/example_dags/example_setup_teardown_taskflow.py
[2025-04-15T19:40:24.584+0000] {processor.py:925} INFO - DAG(s) 'example_setup_teardown_taskflow' retrieved from /home/airflow/.local/lib/python3.12/site-packages/airflow/example_dags/example_setup_teardown_taskflow.py
[2025-04-15T19:40:24.606+0000] {logging_mixin.py:190} INFO - [2025-04-15T19:40:24.605+0000] {dag.py:3239} INFO - Sync 1 DAGs
[2025-04-15T19:40:24.623+0000] {logging_mixin.py:190} INFO - [2025-04-15T19:40:24.622+0000] {dag.py:4180} INFO - Setting next_dagrun for example_setup_teardown_taskflow to None, run_after=None
[2025-04-15T19:40:24.645+0000] {processor.py:208} INFO - Processing /home/airflow/.local/lib/python3.12/site-packages/airflow/example_dags/example_setup_teardown_taskflow.py took 0.084 seconds
[2025-04-15T19:40:55.643+0000] {processor.py:186} INFO - Started process (PID=16495) to work on /home/airflow/.local/lib/python3.12/site-packages/airflow/example_dags/example_setup_teardown_taskflow.py
[2025-04-15T19:40:55.645+0000] {processor.py:914} INFO - Processing file /home/airflow/.local/lib/python3.12/site-packages/airflow/example_dags/example_setup_teardown_taskflow.py for tasks to queue
[2025-04-15T19:40:55.647+0000] {logging_mixin.py:190} INFO - [2025-04-15T19:40:55.647+0000] {dagbag.py:588} INFO - Filling up the DagBag from /home/airflow/.local/lib/python3.12/site-packages/airflow/example_dags/example_setup_teardown_taskflow.py
[2025-04-15T19:40:55.665+0000] {processor.py:925} INFO - DAG(s) 'example_setup_teardown_taskflow' retrieved from /home/airflow/.local/lib/python3.12/site-packages/airflow/example_dags/example_setup_teardown_taskflow.py
[2025-04-15T19:40:55.701+0000] {logging_mixin.py:190} INFO - [2025-04-15T19:40:55.700+0000] {dag.py:3239} INFO - Sync 1 DAGs
[2025-04-15T19:40:55.735+0000] {logging_mixin.py:190} INFO - [2025-04-15T19:40:55.734+0000] {dag.py:4180} INFO - Setting next_dagrun for example_setup_teardown_taskflow to None, run_after=None
[2025-04-15T19:40:55.778+0000] {processor.py:208} INFO - Processing /home/airflow/.local/lib/python3.12/site-packages/airflow/example_dags/example_setup_teardown_taskflow.py took 0.144 seconds
[2025-04-15T19:41:26.788+0000] {processor.py:186} INFO - Started process (PID=16562) to work on /home/airflow/.local/lib/python3.12/site-packages/airflow/example_dags/example_setup_teardown_taskflow.py
[2025-04-15T19:41:26.789+0000] {processor.py:914} INFO - Processing file /home/airflow/.local/lib/python3.12/site-packages/airflow/example_dags/example_setup_teardown_taskflow.py for tasks to queue
[2025-04-15T19:41:26.790+0000] {logging_mixin.py:190} INFO - [2025-04-15T19:41:26.790+0000] {dagbag.py:588} INFO - Filling up the DagBag from /home/airflow/.local/lib/python3.12/site-packages/airflow/example_dags/example_setup_teardown_taskflow.py
[2025-04-15T19:41:26.802+0000] {processor.py:925} INFO - DAG(s) 'example_setup_teardown_taskflow' retrieved from /home/airflow/.local/lib/python3.12/site-packages/airflow/example_dags/example_setup_teardown_taskflow.py
[2025-04-15T19:41:26.826+0000] {logging_mixin.py:190} INFO - [2025-04-15T19:41:26.825+0000] {dag.py:3239} INFO - Sync 1 DAGs
[2025-04-15T19:41:26.841+0000] {logging_mixin.py:190} INFO - [2025-04-15T19:41:26.840+0000] {dag.py:4180} INFO - Setting next_dagrun for example_setup_teardown_taskflow to None, run_after=None
[2025-04-15T19:41:26.863+0000] {processor.py:208} INFO - Processing /home/airflow/.local/lib/python3.12/site-packages/airflow/example_dags/example_setup_teardown_taskflow.py took 0.082 seconds
[2025-04-15T19:41:57.778+0000] {processor.py:186} INFO - Started process (PID=16629) to work on /home/airflow/.local/lib/python3.12/site-packages/airflow/example_dags/example_setup_teardown_taskflow.py
[2025-04-15T19:41:57.779+0000] {processor.py:914} INFO - Processing file /home/airflow/.local/lib/python3.12/site-packages/airflow/example_dags/example_setup_teardown_taskflow.py for tasks to queue
[2025-04-15T19:41:57.782+0000] {logging_mixin.py:190} INFO - [2025-04-15T19:41:57.781+0000] {dagbag.py:588} INFO - Filling up the DagBag from /home/airflow/.local/lib/python3.12/site-packages/airflow/example_dags/example_setup_teardown_taskflow.py
[2025-04-15T19:41:57.801+0000] {processor.py:925} INFO - DAG(s) 'example_setup_teardown_taskflow' retrieved from /home/airflow/.local/lib/python3.12/site-packages/airflow/example_dags/example_setup_teardown_taskflow.py
[2025-04-15T19:41:57.839+0000] {logging_mixin.py:190} INFO - [2025-04-15T19:41:57.838+0000] {dag.py:3239} INFO - Sync 1 DAGs
[2025-04-15T19:41:57.864+0000] {logging_mixin.py:190} INFO - [2025-04-15T19:41:57.863+0000] {dag.py:4180} INFO - Setting next_dagrun for example_setup_teardown_taskflow to None, run_after=None
[2025-04-15T19:41:57.896+0000] {processor.py:208} INFO - Processing /home/airflow/.local/lib/python3.12/site-packages/airflow/example_dags/example_setup_teardown_taskflow.py took 0.128 seconds
[2025-04-15T19:42:28.404+0000] {processor.py:186} INFO - Started process (PID=16696) to work on /home/airflow/.local/lib/python3.12/site-packages/airflow/example_dags/example_setup_teardown_taskflow.py
[2025-04-15T19:42:28.405+0000] {processor.py:914} INFO - Processing file /home/airflow/.local/lib/python3.12/site-packages/airflow/example_dags/example_setup_teardown_taskflow.py for tasks to queue
[2025-04-15T19:42:28.407+0000] {logging_mixin.py:190} INFO - [2025-04-15T19:42:28.406+0000] {dagbag.py:588} INFO - Filling up the DagBag from /home/airflow/.local/lib/python3.12/site-packages/airflow/example_dags/example_setup_teardown_taskflow.py
[2025-04-15T19:42:28.417+0000] {processor.py:925} INFO - DAG(s) 'example_setup_teardown_taskflow' retrieved from /home/airflow/.local/lib/python3.12/site-packages/airflow/example_dags/example_setup_teardown_taskflow.py
[2025-04-15T19:42:28.441+0000] {logging_mixin.py:190} INFO - [2025-04-15T19:42:28.441+0000] {dag.py:3239} INFO - Sync 1 DAGs
[2025-04-15T19:42:28.456+0000] {logging_mixin.py:190} INFO - [2025-04-15T19:42:28.456+0000] {dag.py:4180} INFO - Setting next_dagrun for example_setup_teardown_taskflow to None, run_after=None
[2025-04-15T19:42:28.481+0000] {processor.py:208} INFO - Processing /home/airflow/.local/lib/python3.12/site-packages/airflow/example_dags/example_setup_teardown_taskflow.py took 0.083 seconds
[2025-04-15T19:43:00.334+0000] {processor.py:186} INFO - Started process (PID=16764) to work on /home/airflow/.local/lib/python3.12/site-packages/airflow/example_dags/example_setup_teardown_taskflow.py
[2025-04-15T19:43:00.336+0000] {processor.py:914} INFO - Processing file /home/airflow/.local/lib/python3.12/site-packages/airflow/example_dags/example_setup_teardown_taskflow.py for tasks to queue
[2025-04-15T19:43:00.339+0000] {logging_mixin.py:190} INFO - [2025-04-15T19:43:00.338+0000] {dagbag.py:588} INFO - Filling up the DagBag from /home/airflow/.local/lib/python3.12/site-packages/airflow/example_dags/example_setup_teardown_taskflow.py
[2025-04-15T19:43:00.353+0000] {processor.py:925} INFO - DAG(s) 'example_setup_teardown_taskflow' retrieved from /home/airflow/.local/lib/python3.12/site-packages/airflow/example_dags/example_setup_teardown_taskflow.py
[2025-04-15T19:43:00.381+0000] {logging_mixin.py:190} INFO - [2025-04-15T19:43:00.380+0000] {dag.py:3239} INFO - Sync 1 DAGs
[2025-04-15T19:43:00.399+0000] {logging_mixin.py:190} INFO - [2025-04-15T19:43:00.399+0000] {dag.py:4180} INFO - Setting next_dagrun for example_setup_teardown_taskflow to None, run_after=None
[2025-04-15T19:43:00.431+0000] {processor.py:208} INFO - Processing /home/airflow/.local/lib/python3.12/site-packages/airflow/example_dags/example_setup_teardown_taskflow.py took 0.105 seconds
[2025-04-15T19:43:31.061+0000] {processor.py:186} INFO - Started process (PID=16831) to work on /home/airflow/.local/lib/python3.12/site-packages/airflow/example_dags/example_setup_teardown_taskflow.py
[2025-04-15T19:43:31.063+0000] {processor.py:914} INFO - Processing file /home/airflow/.local/lib/python3.12/site-packages/airflow/example_dags/example_setup_teardown_taskflow.py for tasks to queue
[2025-04-15T19:43:31.065+0000] {logging_mixin.py:190} INFO - [2025-04-15T19:43:31.064+0000] {dagbag.py:588} INFO - Filling up the DagBag from /home/airflow/.local/lib/python3.12/site-packages/airflow/example_dags/example_setup_teardown_taskflow.py
[2025-04-15T19:43:31.078+0000] {processor.py:925} INFO - DAG(s) 'example_setup_teardown_taskflow' retrieved from /home/airflow/.local/lib/python3.12/site-packages/airflow/example_dags/example_setup_teardown_taskflow.py
[2025-04-15T19:43:31.110+0000] {logging_mixin.py:190} INFO - [2025-04-15T19:43:31.110+0000] {dag.py:3239} INFO - Sync 1 DAGs
[2025-04-15T19:43:31.133+0000] {logging_mixin.py:190} INFO - [2025-04-15T19:43:31.133+0000] {dag.py:4180} INFO - Setting next_dagrun for example_setup_teardown_taskflow to None, run_after=None
[2025-04-15T19:43:31.164+0000] {processor.py:208} INFO - Processing /home/airflow/.local/lib/python3.12/site-packages/airflow/example_dags/example_setup_teardown_taskflow.py took 0.111 seconds
[2025-04-15T19:44:02.626+0000] {processor.py:186} INFO - Started process (PID=16898) to work on /home/airflow/.local/lib/python3.12/site-packages/airflow/example_dags/example_setup_teardown_taskflow.py
[2025-04-15T19:44:02.627+0000] {processor.py:914} INFO - Processing file /home/airflow/.local/lib/python3.12/site-packages/airflow/example_dags/example_setup_teardown_taskflow.py for tasks to queue
[2025-04-15T19:44:02.630+0000] {logging_mixin.py:190} INFO - [2025-04-15T19:44:02.629+0000] {dagbag.py:588} INFO - Filling up the DagBag from /home/airflow/.local/lib/python3.12/site-packages/airflow/example_dags/example_setup_teardown_taskflow.py
[2025-04-15T19:44:02.647+0000] {processor.py:925} INFO - DAG(s) 'example_setup_teardown_taskflow' retrieved from /home/airflow/.local/lib/python3.12/site-packages/airflow/example_dags/example_setup_teardown_taskflow.py
[2025-04-15T19:44:02.681+0000] {logging_mixin.py:190} INFO - [2025-04-15T19:44:02.681+0000] {dag.py:3239} INFO - Sync 1 DAGs
[2025-04-15T19:44:02.706+0000] {logging_mixin.py:190} INFO - [2025-04-15T19:44:02.706+0000] {dag.py:4180} INFO - Setting next_dagrun for example_setup_teardown_taskflow to None, run_after=None
[2025-04-15T19:44:02.736+0000] {processor.py:208} INFO - Processing /home/airflow/.local/lib/python3.12/site-packages/airflow/example_dags/example_setup_teardown_taskflow.py took 0.120 seconds
[2025-04-15T19:44:33.894+0000] {processor.py:186} INFO - Started process (PID=16965) to work on /home/airflow/.local/lib/python3.12/site-packages/airflow/example_dags/example_setup_teardown_taskflow.py
[2025-04-15T19:44:33.895+0000] {processor.py:914} INFO - Processing file /home/airflow/.local/lib/python3.12/site-packages/airflow/example_dags/example_setup_teardown_taskflow.py for tasks to queue
[2025-04-15T19:44:33.897+0000] {logging_mixin.py:190} INFO - [2025-04-15T19:44:33.897+0000] {dagbag.py:588} INFO - Filling up the DagBag from /home/airflow/.local/lib/python3.12/site-packages/airflow/example_dags/example_setup_teardown_taskflow.py
[2025-04-15T19:44:33.914+0000] {processor.py:925} INFO - DAG(s) 'example_setup_teardown_taskflow' retrieved from /home/airflow/.local/lib/python3.12/site-packages/airflow/example_dags/example_setup_teardown_taskflow.py
[2025-04-15T19:44:33.948+0000] {logging_mixin.py:190} INFO - [2025-04-15T19:44:33.948+0000] {dag.py:3239} INFO - Sync 1 DAGs
[2025-04-15T19:44:33.976+0000] {logging_mixin.py:190} INFO - [2025-04-15T19:44:33.975+0000] {dag.py:4180} INFO - Setting next_dagrun for example_setup_teardown_taskflow to None, run_after=None
[2025-04-15T19:44:34.005+0000] {processor.py:208} INFO - Processing /home/airflow/.local/lib/python3.12/site-packages/airflow/example_dags/example_setup_teardown_taskflow.py took 0.120 seconds
[2025-04-15T19:45:04.982+0000] {processor.py:186} INFO - Started process (PID=17032) to work on /home/airflow/.local/lib/python3.12/site-packages/airflow/example_dags/example_setup_teardown_taskflow.py
[2025-04-15T19:45:04.983+0000] {processor.py:914} INFO - Processing file /home/airflow/.local/lib/python3.12/site-packages/airflow/example_dags/example_setup_teardown_taskflow.py for tasks to queue
[2025-04-15T19:45:04.985+0000] {logging_mixin.py:190} INFO - [2025-04-15T19:45:04.984+0000] {dagbag.py:588} INFO - Filling up the DagBag from /home/airflow/.local/lib/python3.12/site-packages/airflow/example_dags/example_setup_teardown_taskflow.py
[2025-04-15T19:45:05.001+0000] {processor.py:925} INFO - DAG(s) 'example_setup_teardown_taskflow' retrieved from /home/airflow/.local/lib/python3.12/site-packages/airflow/example_dags/example_setup_teardown_taskflow.py
[2025-04-15T19:45:05.036+0000] {logging_mixin.py:190} INFO - [2025-04-15T19:45:05.036+0000] {dag.py:3239} INFO - Sync 1 DAGs
[2025-04-15T19:45:05.057+0000] {logging_mixin.py:190} INFO - [2025-04-15T19:45:05.056+0000] {dag.py:4180} INFO - Setting next_dagrun for example_setup_teardown_taskflow to None, run_after=None
[2025-04-15T19:45:05.085+0000] {processor.py:208} INFO - Processing /home/airflow/.local/lib/python3.12/site-packages/airflow/example_dags/example_setup_teardown_taskflow.py took 0.112 seconds
[2025-04-15T19:45:36.069+0000] {processor.py:186} INFO - Started process (PID=17099) to work on /home/airflow/.local/lib/python3.12/site-packages/airflow/example_dags/example_setup_teardown_taskflow.py
[2025-04-15T19:45:36.070+0000] {processor.py:914} INFO - Processing file /home/airflow/.local/lib/python3.12/site-packages/airflow/example_dags/example_setup_teardown_taskflow.py for tasks to queue
[2025-04-15T19:45:36.072+0000] {logging_mixin.py:190} INFO - [2025-04-15T19:45:36.071+0000] {dagbag.py:588} INFO - Filling up the DagBag from /home/airflow/.local/lib/python3.12/site-packages/airflow/example_dags/example_setup_teardown_taskflow.py
[2025-04-15T19:45:36.087+0000] {processor.py:925} INFO - DAG(s) 'example_setup_teardown_taskflow' retrieved from /home/airflow/.local/lib/python3.12/site-packages/airflow/example_dags/example_setup_teardown_taskflow.py
[2025-04-15T19:45:36.121+0000] {logging_mixin.py:190} INFO - [2025-04-15T19:45:36.121+0000] {dag.py:3239} INFO - Sync 1 DAGs
[2025-04-15T19:45:36.144+0000] {logging_mixin.py:190} INFO - [2025-04-15T19:45:36.143+0000] {dag.py:4180} INFO - Setting next_dagrun for example_setup_teardown_taskflow to None, run_after=None
[2025-04-15T19:45:36.175+0000] {processor.py:208} INFO - Processing /home/airflow/.local/lib/python3.12/site-packages/airflow/example_dags/example_setup_teardown_taskflow.py took 0.115 seconds
[2025-04-15T19:46:06.417+0000] {processor.py:186} INFO - Started process (PID=17166) to work on /home/airflow/.local/lib/python3.12/site-packages/airflow/example_dags/example_setup_teardown_taskflow.py
[2025-04-15T19:46:06.419+0000] {processor.py:914} INFO - Processing file /home/airflow/.local/lib/python3.12/site-packages/airflow/example_dags/example_setup_teardown_taskflow.py for tasks to queue
[2025-04-15T19:46:06.421+0000] {logging_mixin.py:190} INFO - [2025-04-15T19:46:06.420+0000] {dagbag.py:588} INFO - Filling up the DagBag from /home/airflow/.local/lib/python3.12/site-packages/airflow/example_dags/example_setup_teardown_taskflow.py
[2025-04-15T19:46:06.432+0000] {processor.py:925} INFO - DAG(s) 'example_setup_teardown_taskflow' retrieved from /home/airflow/.local/lib/python3.12/site-packages/airflow/example_dags/example_setup_teardown_taskflow.py
[2025-04-15T19:46:06.455+0000] {logging_mixin.py:190} INFO - [2025-04-15T19:46:06.454+0000] {dag.py:3239} INFO - Sync 1 DAGs
[2025-04-15T19:46:06.471+0000] {logging_mixin.py:190} INFO - [2025-04-15T19:46:06.470+0000] {dag.py:4180} INFO - Setting next_dagrun for example_setup_teardown_taskflow to None, run_after=None
[2025-04-15T19:46:06.494+0000] {processor.py:208} INFO - Processing /home/airflow/.local/lib/python3.12/site-packages/airflow/example_dags/example_setup_teardown_taskflow.py took 0.082 seconds
[2025-04-15T19:46:38.039+0000] {processor.py:186} INFO - Started process (PID=17233) to work on /home/airflow/.local/lib/python3.12/site-packages/airflow/example_dags/example_setup_teardown_taskflow.py
[2025-04-15T19:46:38.041+0000] {processor.py:914} INFO - Processing file /home/airflow/.local/lib/python3.12/site-packages/airflow/example_dags/example_setup_teardown_taskflow.py for tasks to queue
[2025-04-15T19:46:38.042+0000] {logging_mixin.py:190} INFO - [2025-04-15T19:46:38.042+0000] {dagbag.py:588} INFO - Filling up the DagBag from /home/airflow/.local/lib/python3.12/site-packages/airflow/example_dags/example_setup_teardown_taskflow.py
[2025-04-15T19:46:38.063+0000] {processor.py:925} INFO - DAG(s) 'example_setup_teardown_taskflow' retrieved from /home/airflow/.local/lib/python3.12/site-packages/airflow/example_dags/example_setup_teardown_taskflow.py
[2025-04-15T19:46:38.104+0000] {logging_mixin.py:190} INFO - [2025-04-15T19:46:38.104+0000] {dag.py:3239} INFO - Sync 1 DAGs
[2025-04-15T19:46:38.130+0000] {logging_mixin.py:190} INFO - [2025-04-15T19:46:38.129+0000] {dag.py:4180} INFO - Setting next_dagrun for example_setup_teardown_taskflow to None, run_after=None
[2025-04-15T19:46:38.158+0000] {processor.py:208} INFO - Processing /home/airflow/.local/lib/python3.12/site-packages/airflow/example_dags/example_setup_teardown_taskflow.py took 0.129 seconds
[2025-04-15T19:47:08.765+0000] {processor.py:186} INFO - Started process (PID=17300) to work on /home/airflow/.local/lib/python3.12/site-packages/airflow/example_dags/example_setup_teardown_taskflow.py
[2025-04-15T19:47:08.766+0000] {processor.py:914} INFO - Processing file /home/airflow/.local/lib/python3.12/site-packages/airflow/example_dags/example_setup_teardown_taskflow.py for tasks to queue
[2025-04-15T19:47:08.768+0000] {logging_mixin.py:190} INFO - [2025-04-15T19:47:08.767+0000] {dagbag.py:588} INFO - Filling up the DagBag from /home/airflow/.local/lib/python3.12/site-packages/airflow/example_dags/example_setup_teardown_taskflow.py
[2025-04-15T19:47:08.781+0000] {processor.py:925} INFO - DAG(s) 'example_setup_teardown_taskflow' retrieved from /home/airflow/.local/lib/python3.12/site-packages/airflow/example_dags/example_setup_teardown_taskflow.py
[2025-04-15T19:47:08.812+0000] {logging_mixin.py:190} INFO - [2025-04-15T19:47:08.811+0000] {dag.py:3239} INFO - Sync 1 DAGs
[2025-04-15T19:47:08.835+0000] {logging_mixin.py:190} INFO - [2025-04-15T19:47:08.835+0000] {dag.py:4180} INFO - Setting next_dagrun for example_setup_teardown_taskflow to None, run_after=None
[2025-04-15T19:47:08.865+0000] {processor.py:208} INFO - Processing /home/airflow/.local/lib/python3.12/site-packages/airflow/example_dags/example_setup_teardown_taskflow.py took 0.109 seconds
[2025-04-15T19:47:39.430+0000] {processor.py:186} INFO - Started process (PID=17366) to work on /home/airflow/.local/lib/python3.12/site-packages/airflow/example_dags/example_setup_teardown_taskflow.py
[2025-04-15T19:47:39.431+0000] {processor.py:914} INFO - Processing file /home/airflow/.local/lib/python3.12/site-packages/airflow/example_dags/example_setup_teardown_taskflow.py for tasks to queue
[2025-04-15T19:47:39.433+0000] {logging_mixin.py:190} INFO - [2025-04-15T19:47:39.433+0000] {dagbag.py:588} INFO - Filling up the DagBag from /home/airflow/.local/lib/python3.12/site-packages/airflow/example_dags/example_setup_teardown_taskflow.py
[2025-04-15T19:47:39.451+0000] {processor.py:925} INFO - DAG(s) 'example_setup_teardown_taskflow' retrieved from /home/airflow/.local/lib/python3.12/site-packages/airflow/example_dags/example_setup_teardown_taskflow.py
[2025-04-15T19:47:39.488+0000] {logging_mixin.py:190} INFO - [2025-04-15T19:47:39.487+0000] {dag.py:3239} INFO - Sync 1 DAGs
[2025-04-15T19:47:39.514+0000] {logging_mixin.py:190} INFO - [2025-04-15T19:47:39.514+0000] {dag.py:4180} INFO - Setting next_dagrun for example_setup_teardown_taskflow to None, run_after=None
[2025-04-15T19:47:39.547+0000] {processor.py:208} INFO - Processing /home/airflow/.local/lib/python3.12/site-packages/airflow/example_dags/example_setup_teardown_taskflow.py took 0.127 seconds
[2025-04-15T19:48:10.973+0000] {processor.py:186} INFO - Started process (PID=17434) to work on /home/airflow/.local/lib/python3.12/site-packages/airflow/example_dags/example_setup_teardown_taskflow.py
[2025-04-15T19:48:10.974+0000] {processor.py:914} INFO - Processing file /home/airflow/.local/lib/python3.12/site-packages/airflow/example_dags/example_setup_teardown_taskflow.py for tasks to queue
[2025-04-15T19:48:10.976+0000] {logging_mixin.py:190} INFO - [2025-04-15T19:48:10.976+0000] {dagbag.py:588} INFO - Filling up the DagBag from /home/airflow/.local/lib/python3.12/site-packages/airflow/example_dags/example_setup_teardown_taskflow.py
[2025-04-15T19:48:10.992+0000] {processor.py:925} INFO - DAG(s) 'example_setup_teardown_taskflow' retrieved from /home/airflow/.local/lib/python3.12/site-packages/airflow/example_dags/example_setup_teardown_taskflow.py
[2025-04-15T19:48:11.028+0000] {logging_mixin.py:190} INFO - [2025-04-15T19:48:11.027+0000] {dag.py:3239} INFO - Sync 1 DAGs
[2025-04-15T19:48:11.050+0000] {logging_mixin.py:190} INFO - [2025-04-15T19:48:11.050+0000] {dag.py:4180} INFO - Setting next_dagrun for example_setup_teardown_taskflow to None, run_after=None
[2025-04-15T19:48:11.081+0000] {processor.py:208} INFO - Processing /home/airflow/.local/lib/python3.12/site-packages/airflow/example_dags/example_setup_teardown_taskflow.py took 0.117 seconds
[2025-04-15T19:48:42.096+0000] {processor.py:186} INFO - Started process (PID=17501) to work on /home/airflow/.local/lib/python3.12/site-packages/airflow/example_dags/example_setup_teardown_taskflow.py
[2025-04-15T19:48:42.098+0000] {processor.py:914} INFO - Processing file /home/airflow/.local/lib/python3.12/site-packages/airflow/example_dags/example_setup_teardown_taskflow.py for tasks to queue
[2025-04-15T19:48:42.100+0000] {logging_mixin.py:190} INFO - [2025-04-15T19:48:42.100+0000] {dagbag.py:588} INFO - Filling up the DagBag from /home/airflow/.local/lib/python3.12/site-packages/airflow/example_dags/example_setup_teardown_taskflow.py
[2025-04-15T19:48:42.118+0000] {processor.py:925} INFO - DAG(s) 'example_setup_teardown_taskflow' retrieved from /home/airflow/.local/lib/python3.12/site-packages/airflow/example_dags/example_setup_teardown_taskflow.py
[2025-04-15T19:48:42.157+0000] {logging_mixin.py:190} INFO - [2025-04-15T19:48:42.157+0000] {dag.py:3239} INFO - Sync 1 DAGs
[2025-04-15T19:48:42.184+0000] {logging_mixin.py:190} INFO - [2025-04-15T19:48:42.184+0000] {dag.py:4180} INFO - Setting next_dagrun for example_setup_teardown_taskflow to None, run_after=None
[2025-04-15T19:48:42.218+0000] {processor.py:208} INFO - Processing /home/airflow/.local/lib/python3.12/site-packages/airflow/example_dags/example_setup_teardown_taskflow.py took 0.130 seconds
[2025-04-15T19:49:13.126+0000] {processor.py:186} INFO - Started process (PID=17568) to work on /home/airflow/.local/lib/python3.12/site-packages/airflow/example_dags/example_setup_teardown_taskflow.py
[2025-04-15T19:49:13.128+0000] {processor.py:914} INFO - Processing file /home/airflow/.local/lib/python3.12/site-packages/airflow/example_dags/example_setup_teardown_taskflow.py for tasks to queue
[2025-04-15T19:49:13.130+0000] {logging_mixin.py:190} INFO - [2025-04-15T19:49:13.129+0000] {dagbag.py:588} INFO - Filling up the DagBag from /home/airflow/.local/lib/python3.12/site-packages/airflow/example_dags/example_setup_teardown_taskflow.py
[2025-04-15T19:49:13.147+0000] {processor.py:925} INFO - DAG(s) 'example_setup_teardown_taskflow' retrieved from /home/airflow/.local/lib/python3.12/site-packages/airflow/example_dags/example_setup_teardown_taskflow.py
[2025-04-15T19:49:13.187+0000] {logging_mixin.py:190} INFO - [2025-04-15T19:49:13.187+0000] {dag.py:3239} INFO - Sync 1 DAGs
[2025-04-15T19:49:13.215+0000] {logging_mixin.py:190} INFO - [2025-04-15T19:49:13.214+0000] {dag.py:4180} INFO - Setting next_dagrun for example_setup_teardown_taskflow to None, run_after=None
[2025-04-15T19:49:13.246+0000] {processor.py:208} INFO - Processing /home/airflow/.local/lib/python3.12/site-packages/airflow/example_dags/example_setup_teardown_taskflow.py took 0.130 seconds
[2025-04-15T19:49:45.285+0000] {processor.py:186} INFO - Started process (PID=17638) to work on /home/airflow/.local/lib/python3.12/site-packages/airflow/example_dags/example_setup_teardown_taskflow.py
[2025-04-15T19:49:45.287+0000] {processor.py:914} INFO - Processing file /home/airflow/.local/lib/python3.12/site-packages/airflow/example_dags/example_setup_teardown_taskflow.py for tasks to queue
[2025-04-15T19:49:45.289+0000] {logging_mixin.py:190} INFO - [2025-04-15T19:49:45.288+0000] {dagbag.py:588} INFO - Filling up the DagBag from /home/airflow/.local/lib/python3.12/site-packages/airflow/example_dags/example_setup_teardown_taskflow.py
[2025-04-15T19:49:45.305+0000] {processor.py:925} INFO - DAG(s) 'example_setup_teardown_taskflow' retrieved from /home/airflow/.local/lib/python3.12/site-packages/airflow/example_dags/example_setup_teardown_taskflow.py
[2025-04-15T19:49:45.337+0000] {logging_mixin.py:190} INFO - [2025-04-15T19:49:45.336+0000] {dag.py:3239} INFO - Sync 1 DAGs
[2025-04-15T19:49:45.357+0000] {logging_mixin.py:190} INFO - [2025-04-15T19:49:45.357+0000] {dag.py:4180} INFO - Setting next_dagrun for example_setup_teardown_taskflow to None, run_after=None
[2025-04-15T19:49:45.386+0000] {processor.py:208} INFO - Processing /home/airflow/.local/lib/python3.12/site-packages/airflow/example_dags/example_setup_teardown_taskflow.py took 0.109 seconds
[2025-04-15T19:50:15.657+0000] {processor.py:186} INFO - Started process (PID=17704) to work on /home/airflow/.local/lib/python3.12/site-packages/airflow/example_dags/example_setup_teardown_taskflow.py
[2025-04-15T19:50:15.659+0000] {processor.py:914} INFO - Processing file /home/airflow/.local/lib/python3.12/site-packages/airflow/example_dags/example_setup_teardown_taskflow.py for tasks to queue
[2025-04-15T19:50:15.661+0000] {logging_mixin.py:190} INFO - [2025-04-15T19:50:15.660+0000] {dagbag.py:588} INFO - Filling up the DagBag from /home/airflow/.local/lib/python3.12/site-packages/airflow/example_dags/example_setup_teardown_taskflow.py
[2025-04-15T19:50:15.676+0000] {processor.py:925} INFO - DAG(s) 'example_setup_teardown_taskflow' retrieved from /home/airflow/.local/lib/python3.12/site-packages/airflow/example_dags/example_setup_teardown_taskflow.py
[2025-04-15T19:50:15.708+0000] {logging_mixin.py:190} INFO - [2025-04-15T19:50:15.708+0000] {dag.py:3239} INFO - Sync 1 DAGs
[2025-04-15T19:50:15.729+0000] {logging_mixin.py:190} INFO - [2025-04-15T19:50:15.729+0000] {dag.py:4180} INFO - Setting next_dagrun for example_setup_teardown_taskflow to None, run_after=None
[2025-04-15T19:50:15.756+0000] {processor.py:208} INFO - Processing /home/airflow/.local/lib/python3.12/site-packages/airflow/example_dags/example_setup_teardown_taskflow.py took 0.109 seconds
[2025-04-15T19:50:46.364+0000] {processor.py:186} INFO - Started process (PID=17770) to work on /home/airflow/.local/lib/python3.12/site-packages/airflow/example_dags/example_setup_teardown_taskflow.py
[2025-04-15T19:50:46.365+0000] {processor.py:914} INFO - Processing file /home/airflow/.local/lib/python3.12/site-packages/airflow/example_dags/example_setup_teardown_taskflow.py for tasks to queue
[2025-04-15T19:50:46.367+0000] {logging_mixin.py:190} INFO - [2025-04-15T19:50:46.366+0000] {dagbag.py:588} INFO - Filling up the DagBag from /home/airflow/.local/lib/python3.12/site-packages/airflow/example_dags/example_setup_teardown_taskflow.py
[2025-04-15T19:50:46.377+0000] {processor.py:925} INFO - DAG(s) 'example_setup_teardown_taskflow' retrieved from /home/airflow/.local/lib/python3.12/site-packages/airflow/example_dags/example_setup_teardown_taskflow.py
[2025-04-15T19:50:46.402+0000] {logging_mixin.py:190} INFO - [2025-04-15T19:50:46.402+0000] {dag.py:3239} INFO - Sync 1 DAGs
[2025-04-15T19:50:46.418+0000] {logging_mixin.py:190} INFO - [2025-04-15T19:50:46.417+0000] {dag.py:4180} INFO - Setting next_dagrun for example_setup_teardown_taskflow to None, run_after=None
[2025-04-15T19:50:46.444+0000] {processor.py:208} INFO - Processing /home/airflow/.local/lib/python3.12/site-packages/airflow/example_dags/example_setup_teardown_taskflow.py took 0.085 seconds
[2025-04-15T19:51:16.704+0000] {processor.py:186} INFO - Started process (PID=17837) to work on /home/airflow/.local/lib/python3.12/site-packages/airflow/example_dags/example_setup_teardown_taskflow.py
[2025-04-15T19:51:16.705+0000] {processor.py:914} INFO - Processing file /home/airflow/.local/lib/python3.12/site-packages/airflow/example_dags/example_setup_teardown_taskflow.py for tasks to queue
[2025-04-15T19:51:16.707+0000] {logging_mixin.py:190} INFO - [2025-04-15T19:51:16.706+0000] {dagbag.py:588} INFO - Filling up the DagBag from /home/airflow/.local/lib/python3.12/site-packages/airflow/example_dags/example_setup_teardown_taskflow.py
[2025-04-15T19:51:16.725+0000] {processor.py:925} INFO - DAG(s) 'example_setup_teardown_taskflow' retrieved from /home/airflow/.local/lib/python3.12/site-packages/airflow/example_dags/example_setup_teardown_taskflow.py
[2025-04-15T19:51:16.765+0000] {logging_mixin.py:190} INFO - [2025-04-15T19:51:16.764+0000] {dag.py:3239} INFO - Sync 1 DAGs
[2025-04-15T19:51:16.788+0000] {logging_mixin.py:190} INFO - [2025-04-15T19:51:16.787+0000] {dag.py:4180} INFO - Setting next_dagrun for example_setup_teardown_taskflow to None, run_after=None
[2025-04-15T19:51:16.818+0000] {processor.py:208} INFO - Processing /home/airflow/.local/lib/python3.12/site-packages/airflow/example_dags/example_setup_teardown_taskflow.py took 0.122 seconds
[2025-04-15T19:51:47.225+0000] {processor.py:186} INFO - Started process (PID=17902) to work on /home/airflow/.local/lib/python3.12/site-packages/airflow/example_dags/example_setup_teardown_taskflow.py
[2025-04-15T19:51:47.227+0000] {processor.py:914} INFO - Processing file /home/airflow/.local/lib/python3.12/site-packages/airflow/example_dags/example_setup_teardown_taskflow.py for tasks to queue
[2025-04-15T19:51:47.229+0000] {logging_mixin.py:190} INFO - [2025-04-15T19:51:47.228+0000] {dagbag.py:588} INFO - Filling up the DagBag from /home/airflow/.local/lib/python3.12/site-packages/airflow/example_dags/example_setup_teardown_taskflow.py
[2025-04-15T19:51:47.244+0000] {processor.py:925} INFO - DAG(s) 'example_setup_teardown_taskflow' retrieved from /home/airflow/.local/lib/python3.12/site-packages/airflow/example_dags/example_setup_teardown_taskflow.py
[2025-04-15T19:51:47.275+0000] {logging_mixin.py:190} INFO - [2025-04-15T19:51:47.275+0000] {dag.py:3239} INFO - Sync 1 DAGs
[2025-04-15T19:51:47.299+0000] {logging_mixin.py:190} INFO - [2025-04-15T19:51:47.299+0000] {dag.py:4180} INFO - Setting next_dagrun for example_setup_teardown_taskflow to None, run_after=None
[2025-04-15T19:51:47.335+0000] {processor.py:208} INFO - Processing /home/airflow/.local/lib/python3.12/site-packages/airflow/example_dags/example_setup_teardown_taskflow.py took 0.118 seconds
[2025-04-15T19:52:18.125+0000] {processor.py:186} INFO - Started process (PID=17969) to work on /home/airflow/.local/lib/python3.12/site-packages/airflow/example_dags/example_setup_teardown_taskflow.py
[2025-04-15T19:52:18.126+0000] {processor.py:914} INFO - Processing file /home/airflow/.local/lib/python3.12/site-packages/airflow/example_dags/example_setup_teardown_taskflow.py for tasks to queue
[2025-04-15T19:52:18.127+0000] {logging_mixin.py:190} INFO - [2025-04-15T19:52:18.127+0000] {dagbag.py:588} INFO - Filling up the DagBag from /home/airflow/.local/lib/python3.12/site-packages/airflow/example_dags/example_setup_teardown_taskflow.py
[2025-04-15T19:52:18.139+0000] {processor.py:925} INFO - DAG(s) 'example_setup_teardown_taskflow' retrieved from /home/airflow/.local/lib/python3.12/site-packages/airflow/example_dags/example_setup_teardown_taskflow.py
[2025-04-15T19:52:18.167+0000] {logging_mixin.py:190} INFO - [2025-04-15T19:52:18.167+0000] {dag.py:3239} INFO - Sync 1 DAGs
[2025-04-15T19:52:18.184+0000] {logging_mixin.py:190} INFO - [2025-04-15T19:52:18.184+0000] {dag.py:4180} INFO - Setting next_dagrun for example_setup_teardown_taskflow to None, run_after=None
[2025-04-15T19:52:18.211+0000] {processor.py:208} INFO - Processing /home/airflow/.local/lib/python3.12/site-packages/airflow/example_dags/example_setup_teardown_taskflow.py took 0.093 seconds
[2025-04-15T19:52:48.498+0000] {processor.py:186} INFO - Started process (PID=18036) to work on /home/airflow/.local/lib/python3.12/site-packages/airflow/example_dags/example_setup_teardown_taskflow.py
[2025-04-15T19:52:48.499+0000] {processor.py:914} INFO - Processing file /home/airflow/.local/lib/python3.12/site-packages/airflow/example_dags/example_setup_teardown_taskflow.py for tasks to queue
[2025-04-15T19:52:48.501+0000] {logging_mixin.py:190} INFO - [2025-04-15T19:52:48.501+0000] {dagbag.py:588} INFO - Filling up the DagBag from /home/airflow/.local/lib/python3.12/site-packages/airflow/example_dags/example_setup_teardown_taskflow.py
[2025-04-15T19:52:48.513+0000] {processor.py:925} INFO - DAG(s) 'example_setup_teardown_taskflow' retrieved from /home/airflow/.local/lib/python3.12/site-packages/airflow/example_dags/example_setup_teardown_taskflow.py
[2025-04-15T19:52:48.541+0000] {logging_mixin.py:190} INFO - [2025-04-15T19:52:48.540+0000] {dag.py:3239} INFO - Sync 1 DAGs
[2025-04-15T19:52:48.561+0000] {logging_mixin.py:190} INFO - [2025-04-15T19:52:48.561+0000] {dag.py:4180} INFO - Setting next_dagrun for example_setup_teardown_taskflow to None, run_after=None
[2025-04-15T19:52:48.585+0000] {processor.py:208} INFO - Processing /home/airflow/.local/lib/python3.12/site-packages/airflow/example_dags/example_setup_teardown_taskflow.py took 0.093 seconds
[2025-04-15T19:53:19.467+0000] {processor.py:186} INFO - Started process (PID=18103) to work on /home/airflow/.local/lib/python3.12/site-packages/airflow/example_dags/example_setup_teardown_taskflow.py
[2025-04-15T19:53:19.468+0000] {processor.py:914} INFO - Processing file /home/airflow/.local/lib/python3.12/site-packages/airflow/example_dags/example_setup_teardown_taskflow.py for tasks to queue
[2025-04-15T19:53:19.470+0000] {logging_mixin.py:190} INFO - [2025-04-15T19:53:19.470+0000] {dagbag.py:588} INFO - Filling up the DagBag from /home/airflow/.local/lib/python3.12/site-packages/airflow/example_dags/example_setup_teardown_taskflow.py
[2025-04-15T19:53:19.485+0000] {processor.py:925} INFO - DAG(s) 'example_setup_teardown_taskflow' retrieved from /home/airflow/.local/lib/python3.12/site-packages/airflow/example_dags/example_setup_teardown_taskflow.py
[2025-04-15T19:53:19.517+0000] {logging_mixin.py:190} INFO - [2025-04-15T19:53:19.516+0000] {dag.py:3239} INFO - Sync 1 DAGs
[2025-04-15T19:53:19.538+0000] {logging_mixin.py:190} INFO - [2025-04-15T19:53:19.538+0000] {dag.py:4180} INFO - Setting next_dagrun for example_setup_teardown_taskflow to None, run_after=None
[2025-04-15T19:53:19.570+0000] {processor.py:208} INFO - Processing /home/airflow/.local/lib/python3.12/site-packages/airflow/example_dags/example_setup_teardown_taskflow.py took 0.111 seconds
[2025-04-15T19:53:49.771+0000] {processor.py:186} INFO - Started process (PID=18170) to work on /home/airflow/.local/lib/python3.12/site-packages/airflow/example_dags/example_setup_teardown_taskflow.py
[2025-04-15T19:53:49.772+0000] {processor.py:914} INFO - Processing file /home/airflow/.local/lib/python3.12/site-packages/airflow/example_dags/example_setup_teardown_taskflow.py for tasks to queue
[2025-04-15T19:53:49.775+0000] {logging_mixin.py:190} INFO - [2025-04-15T19:53:49.775+0000] {dagbag.py:588} INFO - Filling up the DagBag from /home/airflow/.local/lib/python3.12/site-packages/airflow/example_dags/example_setup_teardown_taskflow.py
[2025-04-15T19:53:49.791+0000] {processor.py:925} INFO - DAG(s) 'example_setup_teardown_taskflow' retrieved from /home/airflow/.local/lib/python3.12/site-packages/airflow/example_dags/example_setup_teardown_taskflow.py
[2025-04-15T19:53:49.823+0000] {logging_mixin.py:190} INFO - [2025-04-15T19:53:49.823+0000] {dag.py:3239} INFO - Sync 1 DAGs
[2025-04-15T19:53:49.845+0000] {logging_mixin.py:190} INFO - [2025-04-15T19:53:49.844+0000] {dag.py:4180} INFO - Setting next_dagrun for example_setup_teardown_taskflow to None, run_after=None
[2025-04-15T19:53:49.876+0000] {processor.py:208} INFO - Processing /home/airflow/.local/lib/python3.12/site-packages/airflow/example_dags/example_setup_teardown_taskflow.py took 0.114 seconds
[2025-04-15T19:54:20.175+0000] {processor.py:186} INFO - Started process (PID=18237) to work on /home/airflow/.local/lib/python3.12/site-packages/airflow/example_dags/example_setup_teardown_taskflow.py
[2025-04-15T19:54:20.177+0000] {processor.py:914} INFO - Processing file /home/airflow/.local/lib/python3.12/site-packages/airflow/example_dags/example_setup_teardown_taskflow.py for tasks to queue
[2025-04-15T19:54:20.180+0000] {logging_mixin.py:190} INFO - [2025-04-15T19:54:20.179+0000] {dagbag.py:588} INFO - Filling up the DagBag from /home/airflow/.local/lib/python3.12/site-packages/airflow/example_dags/example_setup_teardown_taskflow.py
[2025-04-15T19:54:20.202+0000] {processor.py:925} INFO - DAG(s) 'example_setup_teardown_taskflow' retrieved from /home/airflow/.local/lib/python3.12/site-packages/airflow/example_dags/example_setup_teardown_taskflow.py
[2025-04-15T19:54:20.242+0000] {logging_mixin.py:190} INFO - [2025-04-15T19:54:20.242+0000] {dag.py:3239} INFO - Sync 1 DAGs
[2025-04-15T19:54:20.267+0000] {logging_mixin.py:190} INFO - [2025-04-15T19:54:20.267+0000] {dag.py:4180} INFO - Setting next_dagrun for example_setup_teardown_taskflow to None, run_after=None
[2025-04-15T19:54:20.295+0000] {processor.py:208} INFO - Processing /home/airflow/.local/lib/python3.12/site-packages/airflow/example_dags/example_setup_teardown_taskflow.py took 0.131 seconds
[2025-04-15T19:54:50.606+0000] {processor.py:186} INFO - Started process (PID=18304) to work on /home/airflow/.local/lib/python3.12/site-packages/airflow/example_dags/example_setup_teardown_taskflow.py
[2025-04-15T19:54:50.608+0000] {processor.py:914} INFO - Processing file /home/airflow/.local/lib/python3.12/site-packages/airflow/example_dags/example_setup_teardown_taskflow.py for tasks to queue
[2025-04-15T19:54:50.611+0000] {logging_mixin.py:190} INFO - [2025-04-15T19:54:50.610+0000] {dagbag.py:588} INFO - Filling up the DagBag from /home/airflow/.local/lib/python3.12/site-packages/airflow/example_dags/example_setup_teardown_taskflow.py
[2025-04-15T19:54:50.629+0000] {processor.py:925} INFO - DAG(s) 'example_setup_teardown_taskflow' retrieved from /home/airflow/.local/lib/python3.12/site-packages/airflow/example_dags/example_setup_teardown_taskflow.py
[2025-04-15T19:54:50.663+0000] {logging_mixin.py:190} INFO - [2025-04-15T19:54:50.662+0000] {dag.py:3239} INFO - Sync 1 DAGs
[2025-04-15T19:54:50.685+0000] {logging_mixin.py:190} INFO - [2025-04-15T19:54:50.685+0000] {dag.py:4180} INFO - Setting next_dagrun for example_setup_teardown_taskflow to None, run_after=None
[2025-04-15T19:54:50.716+0000] {processor.py:208} INFO - Processing /home/airflow/.local/lib/python3.12/site-packages/airflow/example_dags/example_setup_teardown_taskflow.py took 0.119 seconds
[2025-04-15T19:55:21.374+0000] {processor.py:186} INFO - Started process (PID=18371) to work on /home/airflow/.local/lib/python3.12/site-packages/airflow/example_dags/example_setup_teardown_taskflow.py
[2025-04-15T19:55:21.376+0000] {processor.py:914} INFO - Processing file /home/airflow/.local/lib/python3.12/site-packages/airflow/example_dags/example_setup_teardown_taskflow.py for tasks to queue
[2025-04-15T19:55:21.378+0000] {logging_mixin.py:190} INFO - [2025-04-15T19:55:21.377+0000] {dagbag.py:588} INFO - Filling up the DagBag from /home/airflow/.local/lib/python3.12/site-packages/airflow/example_dags/example_setup_teardown_taskflow.py
[2025-04-15T19:55:21.393+0000] {processor.py:925} INFO - DAG(s) 'example_setup_teardown_taskflow' retrieved from /home/airflow/.local/lib/python3.12/site-packages/airflow/example_dags/example_setup_teardown_taskflow.py
[2025-04-15T19:55:21.426+0000] {logging_mixin.py:190} INFO - [2025-04-15T19:55:21.426+0000] {dag.py:3239} INFO - Sync 1 DAGs
[2025-04-15T19:55:21.448+0000] {logging_mixin.py:190} INFO - [2025-04-15T19:55:21.448+0000] {dag.py:4180} INFO - Setting next_dagrun for example_setup_teardown_taskflow to None, run_after=None
[2025-04-15T19:55:21.480+0000] {processor.py:208} INFO - Processing /home/airflow/.local/lib/python3.12/site-packages/airflow/example_dags/example_setup_teardown_taskflow.py took 0.115 seconds
[2025-04-15T19:55:51.765+0000] {processor.py:186} INFO - Started process (PID=18438) to work on /home/airflow/.local/lib/python3.12/site-packages/airflow/example_dags/example_setup_teardown_taskflow.py
[2025-04-15T19:55:51.767+0000] {processor.py:914} INFO - Processing file /home/airflow/.local/lib/python3.12/site-packages/airflow/example_dags/example_setup_teardown_taskflow.py for tasks to queue
[2025-04-15T19:55:51.769+0000] {logging_mixin.py:190} INFO - [2025-04-15T19:55:51.768+0000] {dagbag.py:588} INFO - Filling up the DagBag from /home/airflow/.local/lib/python3.12/site-packages/airflow/example_dags/example_setup_teardown_taskflow.py
[2025-04-15T19:55:51.783+0000] {processor.py:925} INFO - DAG(s) 'example_setup_teardown_taskflow' retrieved from /home/airflow/.local/lib/python3.12/site-packages/airflow/example_dags/example_setup_teardown_taskflow.py
[2025-04-15T19:55:51.815+0000] {logging_mixin.py:190} INFO - [2025-04-15T19:55:51.815+0000] {dag.py:3239} INFO - Sync 1 DAGs
[2025-04-15T19:55:51.841+0000] {logging_mixin.py:190} INFO - [2025-04-15T19:55:51.840+0000] {dag.py:4180} INFO - Setting next_dagrun for example_setup_teardown_taskflow to None, run_after=None
[2025-04-15T19:55:51.870+0000] {processor.py:208} INFO - Processing /home/airflow/.local/lib/python3.12/site-packages/airflow/example_dags/example_setup_teardown_taskflow.py took 0.115 seconds
[2025-04-15T19:56:22.106+0000] {processor.py:186} INFO - Started process (PID=18505) to work on /home/airflow/.local/lib/python3.12/site-packages/airflow/example_dags/example_setup_teardown_taskflow.py
[2025-04-15T19:56:22.108+0000] {processor.py:914} INFO - Processing file /home/airflow/.local/lib/python3.12/site-packages/airflow/example_dags/example_setup_teardown_taskflow.py for tasks to queue
[2025-04-15T19:56:22.110+0000] {logging_mixin.py:190} INFO - [2025-04-15T19:56:22.110+0000] {dagbag.py:588} INFO - Filling up the DagBag from /home/airflow/.local/lib/python3.12/site-packages/airflow/example_dags/example_setup_teardown_taskflow.py
[2025-04-15T19:56:22.133+0000] {processor.py:925} INFO - DAG(s) 'example_setup_teardown_taskflow' retrieved from /home/airflow/.local/lib/python3.12/site-packages/airflow/example_dags/example_setup_teardown_taskflow.py
[2025-04-15T19:56:22.176+0000] {logging_mixin.py:190} INFO - [2025-04-15T19:56:22.175+0000] {dag.py:3239} INFO - Sync 1 DAGs
[2025-04-15T19:56:22.206+0000] {logging_mixin.py:190} INFO - [2025-04-15T19:56:22.205+0000] {dag.py:4180} INFO - Setting next_dagrun for example_setup_teardown_taskflow to None, run_after=None
[2025-04-15T19:56:22.239+0000] {processor.py:208} INFO - Processing /home/airflow/.local/lib/python3.12/site-packages/airflow/example_dags/example_setup_teardown_taskflow.py took 0.146 seconds
[2025-04-15T19:56:52.788+0000] {processor.py:186} INFO - Started process (PID=18572) to work on /home/airflow/.local/lib/python3.12/site-packages/airflow/example_dags/example_setup_teardown_taskflow.py
[2025-04-15T19:56:52.789+0000] {processor.py:914} INFO - Processing file /home/airflow/.local/lib/python3.12/site-packages/airflow/example_dags/example_setup_teardown_taskflow.py for tasks to queue
[2025-04-15T19:56:52.791+0000] {logging_mixin.py:190} INFO - [2025-04-15T19:56:52.791+0000] {dagbag.py:588} INFO - Filling up the DagBag from /home/airflow/.local/lib/python3.12/site-packages/airflow/example_dags/example_setup_teardown_taskflow.py
[2025-04-15T19:56:52.804+0000] {processor.py:925} INFO - DAG(s) 'example_setup_teardown_taskflow' retrieved from /home/airflow/.local/lib/python3.12/site-packages/airflow/example_dags/example_setup_teardown_taskflow.py
[2025-04-15T19:56:52.831+0000] {logging_mixin.py:190} INFO - [2025-04-15T19:56:52.831+0000] {dag.py:3239} INFO - Sync 1 DAGs
[2025-04-15T19:56:52.852+0000] {logging_mixin.py:190} INFO - [2025-04-15T19:56:52.852+0000] {dag.py:4180} INFO - Setting next_dagrun for example_setup_teardown_taskflow to None, run_after=None
[2025-04-15T19:56:52.879+0000] {processor.py:208} INFO - Processing /home/airflow/.local/lib/python3.12/site-packages/airflow/example_dags/example_setup_teardown_taskflow.py took 0.097 seconds
[2025-04-15T19:57:23.316+0000] {processor.py:186} INFO - Started process (PID=18639) to work on /home/airflow/.local/lib/python3.12/site-packages/airflow/example_dags/example_setup_teardown_taskflow.py
[2025-04-15T19:57:23.317+0000] {processor.py:914} INFO - Processing file /home/airflow/.local/lib/python3.12/site-packages/airflow/example_dags/example_setup_teardown_taskflow.py for tasks to queue
[2025-04-15T19:57:23.323+0000] {logging_mixin.py:190} INFO - [2025-04-15T19:57:23.322+0000] {dagbag.py:588} INFO - Filling up the DagBag from /home/airflow/.local/lib/python3.12/site-packages/airflow/example_dags/example_setup_teardown_taskflow.py
[2025-04-15T19:57:23.341+0000] {processor.py:925} INFO - DAG(s) 'example_setup_teardown_taskflow' retrieved from /home/airflow/.local/lib/python3.12/site-packages/airflow/example_dags/example_setup_teardown_taskflow.py
[2025-04-15T19:57:23.379+0000] {logging_mixin.py:190} INFO - [2025-04-15T19:57:23.378+0000] {dag.py:3239} INFO - Sync 1 DAGs
[2025-04-15T19:57:23.405+0000] {logging_mixin.py:190} INFO - [2025-04-15T19:57:23.404+0000] {dag.py:4180} INFO - Setting next_dagrun for example_setup_teardown_taskflow to None, run_after=None
[2025-04-15T19:57:23.434+0000] {processor.py:208} INFO - Processing /home/airflow/.local/lib/python3.12/site-packages/airflow/example_dags/example_setup_teardown_taskflow.py took 0.128 seconds
[2025-04-15T19:57:53.857+0000] {processor.py:186} INFO - Started process (PID=18706) to work on /home/airflow/.local/lib/python3.12/site-packages/airflow/example_dags/example_setup_teardown_taskflow.py
[2025-04-15T19:57:53.858+0000] {processor.py:914} INFO - Processing file /home/airflow/.local/lib/python3.12/site-packages/airflow/example_dags/example_setup_teardown_taskflow.py for tasks to queue
[2025-04-15T19:57:53.861+0000] {logging_mixin.py:190} INFO - [2025-04-15T19:57:53.860+0000] {dagbag.py:588} INFO - Filling up the DagBag from /home/airflow/.local/lib/python3.12/site-packages/airflow/example_dags/example_setup_teardown_taskflow.py
[2025-04-15T19:57:53.877+0000] {processor.py:925} INFO - DAG(s) 'example_setup_teardown_taskflow' retrieved from /home/airflow/.local/lib/python3.12/site-packages/airflow/example_dags/example_setup_teardown_taskflow.py
[2025-04-15T19:57:53.916+0000] {logging_mixin.py:190} INFO - [2025-04-15T19:57:53.915+0000] {dag.py:3239} INFO - Sync 1 DAGs
[2025-04-15T19:57:53.942+0000] {logging_mixin.py:190} INFO - [2025-04-15T19:57:53.942+0000] {dag.py:4180} INFO - Setting next_dagrun for example_setup_teardown_taskflow to None, run_after=None
[2025-04-15T19:57:53.972+0000] {processor.py:208} INFO - Processing /home/airflow/.local/lib/python3.12/site-packages/airflow/example_dags/example_setup_teardown_taskflow.py took 0.123 seconds
[2025-04-15T19:58:24.518+0000] {processor.py:186} INFO - Started process (PID=18773) to work on /home/airflow/.local/lib/python3.12/site-packages/airflow/example_dags/example_setup_teardown_taskflow.py
[2025-04-15T19:58:24.519+0000] {processor.py:914} INFO - Processing file /home/airflow/.local/lib/python3.12/site-packages/airflow/example_dags/example_setup_teardown_taskflow.py for tasks to queue
[2025-04-15T19:58:24.521+0000] {logging_mixin.py:190} INFO - [2025-04-15T19:58:24.520+0000] {dagbag.py:588} INFO - Filling up the DagBag from /home/airflow/.local/lib/python3.12/site-packages/airflow/example_dags/example_setup_teardown_taskflow.py
[2025-04-15T19:58:24.535+0000] {processor.py:925} INFO - DAG(s) 'example_setup_teardown_taskflow' retrieved from /home/airflow/.local/lib/python3.12/site-packages/airflow/example_dags/example_setup_teardown_taskflow.py
[2025-04-15T19:58:24.571+0000] {logging_mixin.py:190} INFO - [2025-04-15T19:58:24.570+0000] {dag.py:3239} INFO - Sync 1 DAGs
[2025-04-15T19:58:24.594+0000] {logging_mixin.py:190} INFO - [2025-04-15T19:58:24.594+0000] {dag.py:4180} INFO - Setting next_dagrun for example_setup_teardown_taskflow to None, run_after=None
[2025-04-15T19:58:24.625+0000] {processor.py:208} INFO - Processing /home/airflow/.local/lib/python3.12/site-packages/airflow/example_dags/example_setup_teardown_taskflow.py took 0.119 seconds
[2025-04-15T19:58:54.856+0000] {processor.py:186} INFO - Started process (PID=18840) to work on /home/airflow/.local/lib/python3.12/site-packages/airflow/example_dags/example_setup_teardown_taskflow.py
[2025-04-15T19:58:54.858+0000] {processor.py:914} INFO - Processing file /home/airflow/.local/lib/python3.12/site-packages/airflow/example_dags/example_setup_teardown_taskflow.py for tasks to queue
[2025-04-15T19:58:54.860+0000] {logging_mixin.py:190} INFO - [2025-04-15T19:58:54.859+0000] {dagbag.py:588} INFO - Filling up the DagBag from /home/airflow/.local/lib/python3.12/site-packages/airflow/example_dags/example_setup_teardown_taskflow.py
[2025-04-15T19:58:54.877+0000] {processor.py:925} INFO - DAG(s) 'example_setup_teardown_taskflow' retrieved from /home/airflow/.local/lib/python3.12/site-packages/airflow/example_dags/example_setup_teardown_taskflow.py
[2025-04-15T19:58:54.913+0000] {logging_mixin.py:190} INFO - [2025-04-15T19:58:54.913+0000] {dag.py:3239} INFO - Sync 1 DAGs
[2025-04-15T19:58:54.936+0000] {logging_mixin.py:190} INFO - [2025-04-15T19:58:54.936+0000] {dag.py:4180} INFO - Setting next_dagrun for example_setup_teardown_taskflow to None, run_after=None
[2025-04-15T19:58:54.965+0000] {processor.py:208} INFO - Processing /home/airflow/.local/lib/python3.12/site-packages/airflow/example_dags/example_setup_teardown_taskflow.py took 0.118 seconds
[2025-04-15T19:59:25.119+0000] {processor.py:186} INFO - Started process (PID=18907) to work on /home/airflow/.local/lib/python3.12/site-packages/airflow/example_dags/example_setup_teardown_taskflow.py
[2025-04-15T19:59:25.120+0000] {processor.py:914} INFO - Processing file /home/airflow/.local/lib/python3.12/site-packages/airflow/example_dags/example_setup_teardown_taskflow.py for tasks to queue
[2025-04-15T19:59:25.121+0000] {logging_mixin.py:190} INFO - [2025-04-15T19:59:25.121+0000] {dagbag.py:588} INFO - Filling up the DagBag from /home/airflow/.local/lib/python3.12/site-packages/airflow/example_dags/example_setup_teardown_taskflow.py
[2025-04-15T19:59:25.131+0000] {processor.py:925} INFO - DAG(s) 'example_setup_teardown_taskflow' retrieved from /home/airflow/.local/lib/python3.12/site-packages/airflow/example_dags/example_setup_teardown_taskflow.py
[2025-04-15T19:59:25.154+0000] {logging_mixin.py:190} INFO - [2025-04-15T19:59:25.154+0000] {dag.py:3239} INFO - Sync 1 DAGs
[2025-04-15T19:59:25.170+0000] {logging_mixin.py:190} INFO - [2025-04-15T19:59:25.170+0000] {dag.py:4180} INFO - Setting next_dagrun for example_setup_teardown_taskflow to None, run_after=None
[2025-04-15T19:59:25.192+0000] {processor.py:208} INFO - Processing /home/airflow/.local/lib/python3.12/site-packages/airflow/example_dags/example_setup_teardown_taskflow.py took 0.080 seconds
[2025-04-15T19:59:55.775+0000] {processor.py:186} INFO - Started process (PID=18974) to work on /home/airflow/.local/lib/python3.12/site-packages/airflow/example_dags/example_setup_teardown_taskflow.py
[2025-04-15T19:59:55.776+0000] {processor.py:914} INFO - Processing file /home/airflow/.local/lib/python3.12/site-packages/airflow/example_dags/example_setup_teardown_taskflow.py for tasks to queue
[2025-04-15T19:59:55.780+0000] {logging_mixin.py:190} INFO - [2025-04-15T19:59:55.779+0000] {dagbag.py:588} INFO - Filling up the DagBag from /home/airflow/.local/lib/python3.12/site-packages/airflow/example_dags/example_setup_teardown_taskflow.py
[2025-04-15T19:59:55.796+0000] {processor.py:925} INFO - DAG(s) 'example_setup_teardown_taskflow' retrieved from /home/airflow/.local/lib/python3.12/site-packages/airflow/example_dags/example_setup_teardown_taskflow.py
[2025-04-15T19:59:55.833+0000] {logging_mixin.py:190} INFO - [2025-04-15T19:59:55.832+0000] {dag.py:3239} INFO - Sync 1 DAGs
[2025-04-15T19:59:55.860+0000] {logging_mixin.py:190} INFO - [2025-04-15T19:59:55.860+0000] {dag.py:4180} INFO - Setting next_dagrun for example_setup_teardown_taskflow to None, run_after=None
[2025-04-15T19:59:55.896+0000] {processor.py:208} INFO - Processing /home/airflow/.local/lib/python3.12/site-packages/airflow/example_dags/example_setup_teardown_taskflow.py took 0.129 seconds
[2025-04-15T20:00:26.327+0000] {processor.py:186} INFO - Started process (PID=19047) to work on /home/airflow/.local/lib/python3.12/site-packages/airflow/example_dags/example_setup_teardown_taskflow.py
[2025-04-15T20:00:26.329+0000] {processor.py:914} INFO - Processing file /home/airflow/.local/lib/python3.12/site-packages/airflow/example_dags/example_setup_teardown_taskflow.py for tasks to queue
[2025-04-15T20:00:26.331+0000] {logging_mixin.py:190} INFO - [2025-04-15T20:00:26.330+0000] {dagbag.py:588} INFO - Filling up the DagBag from /home/airflow/.local/lib/python3.12/site-packages/airflow/example_dags/example_setup_teardown_taskflow.py
[2025-04-15T20:00:26.350+0000] {processor.py:925} INFO - DAG(s) 'example_setup_teardown_taskflow' retrieved from /home/airflow/.local/lib/python3.12/site-packages/airflow/example_dags/example_setup_teardown_taskflow.py
[2025-04-15T20:00:26.386+0000] {logging_mixin.py:190} INFO - [2025-04-15T20:00:26.385+0000] {dag.py:3239} INFO - Sync 1 DAGs
[2025-04-15T20:00:26.412+0000] {logging_mixin.py:190} INFO - [2025-04-15T20:00:26.412+0000] {dag.py:4180} INFO - Setting next_dagrun for example_setup_teardown_taskflow to None, run_after=None
[2025-04-15T20:00:26.447+0000] {processor.py:208} INFO - Processing /home/airflow/.local/lib/python3.12/site-packages/airflow/example_dags/example_setup_teardown_taskflow.py took 0.128 seconds
[2025-04-15T20:00:56.747+0000] {processor.py:186} INFO - Started process (PID=19114) to work on /home/airflow/.local/lib/python3.12/site-packages/airflow/example_dags/example_setup_teardown_taskflow.py
[2025-04-15T20:00:56.748+0000] {processor.py:914} INFO - Processing file /home/airflow/.local/lib/python3.12/site-packages/airflow/example_dags/example_setup_teardown_taskflow.py for tasks to queue
[2025-04-15T20:00:56.751+0000] {logging_mixin.py:190} INFO - [2025-04-15T20:00:56.750+0000] {dagbag.py:588} INFO - Filling up the DagBag from /home/airflow/.local/lib/python3.12/site-packages/airflow/example_dags/example_setup_teardown_taskflow.py
[2025-04-15T20:00:56.767+0000] {processor.py:925} INFO - DAG(s) 'example_setup_teardown_taskflow' retrieved from /home/airflow/.local/lib/python3.12/site-packages/airflow/example_dags/example_setup_teardown_taskflow.py
[2025-04-15T20:00:56.808+0000] {logging_mixin.py:190} INFO - [2025-04-15T20:00:56.808+0000] {dag.py:3239} INFO - Sync 1 DAGs
[2025-04-15T20:00:56.836+0000] {logging_mixin.py:190} INFO - [2025-04-15T20:00:56.835+0000] {dag.py:4180} INFO - Setting next_dagrun for example_setup_teardown_taskflow to None, run_after=None
[2025-04-15T20:00:56.869+0000] {processor.py:208} INFO - Processing /home/airflow/.local/lib/python3.12/site-packages/airflow/example_dags/example_setup_teardown_taskflow.py took 0.132 seconds
[2025-04-15T20:01:27.577+0000] {processor.py:186} INFO - Started process (PID=19181) to work on /home/airflow/.local/lib/python3.12/site-packages/airflow/example_dags/example_setup_teardown_taskflow.py
[2025-04-15T20:01:27.578+0000] {processor.py:914} INFO - Processing file /home/airflow/.local/lib/python3.12/site-packages/airflow/example_dags/example_setup_teardown_taskflow.py for tasks to queue
[2025-04-15T20:01:27.579+0000] {logging_mixin.py:190} INFO - [2025-04-15T20:01:27.579+0000] {dagbag.py:588} INFO - Filling up the DagBag from /home/airflow/.local/lib/python3.12/site-packages/airflow/example_dags/example_setup_teardown_taskflow.py
[2025-04-15T20:01:27.590+0000] {processor.py:925} INFO - DAG(s) 'example_setup_teardown_taskflow' retrieved from /home/airflow/.local/lib/python3.12/site-packages/airflow/example_dags/example_setup_teardown_taskflow.py
[2025-04-15T20:01:27.614+0000] {logging_mixin.py:190} INFO - [2025-04-15T20:01:27.614+0000] {dag.py:3239} INFO - Sync 1 DAGs
[2025-04-15T20:01:27.631+0000] {logging_mixin.py:190} INFO - [2025-04-15T20:01:27.631+0000] {dag.py:4180} INFO - Setting next_dagrun for example_setup_teardown_taskflow to None, run_after=None
[2025-04-15T20:01:27.652+0000] {processor.py:208} INFO - Processing /home/airflow/.local/lib/python3.12/site-packages/airflow/example_dags/example_setup_teardown_taskflow.py took 0.081 seconds
[2025-04-15T20:01:58.021+0000] {processor.py:186} INFO - Started process (PID=19248) to work on /home/airflow/.local/lib/python3.12/site-packages/airflow/example_dags/example_setup_teardown_taskflow.py
[2025-04-15T20:01:58.024+0000] {processor.py:914} INFO - Processing file /home/airflow/.local/lib/python3.12/site-packages/airflow/example_dags/example_setup_teardown_taskflow.py for tasks to queue
[2025-04-15T20:01:58.027+0000] {logging_mixin.py:190} INFO - [2025-04-15T20:01:58.026+0000] {dagbag.py:588} INFO - Filling up the DagBag from /home/airflow/.local/lib/python3.12/site-packages/airflow/example_dags/example_setup_teardown_taskflow.py
[2025-04-15T20:01:58.043+0000] {processor.py:925} INFO - DAG(s) 'example_setup_teardown_taskflow' retrieved from /home/airflow/.local/lib/python3.12/site-packages/airflow/example_dags/example_setup_teardown_taskflow.py
[2025-04-15T20:01:58.076+0000] {logging_mixin.py:190} INFO - [2025-04-15T20:01:58.076+0000] {dag.py:3239} INFO - Sync 1 DAGs
[2025-04-15T20:01:58.104+0000] {logging_mixin.py:190} INFO - [2025-04-15T20:01:58.104+0000] {dag.py:4180} INFO - Setting next_dagrun for example_setup_teardown_taskflow to None, run_after=None
[2025-04-15T20:01:58.134+0000] {processor.py:208} INFO - Processing /home/airflow/.local/lib/python3.12/site-packages/airflow/example_dags/example_setup_teardown_taskflow.py took 0.122 seconds
[2025-04-15T20:02:28.664+0000] {processor.py:186} INFO - Started process (PID=19315) to work on /home/airflow/.local/lib/python3.12/site-packages/airflow/example_dags/example_setup_teardown_taskflow.py
[2025-04-15T20:02:28.665+0000] {processor.py:914} INFO - Processing file /home/airflow/.local/lib/python3.12/site-packages/airflow/example_dags/example_setup_teardown_taskflow.py for tasks to queue
[2025-04-15T20:02:28.667+0000] {logging_mixin.py:190} INFO - [2025-04-15T20:02:28.666+0000] {dagbag.py:588} INFO - Filling up the DagBag from /home/airflow/.local/lib/python3.12/site-packages/airflow/example_dags/example_setup_teardown_taskflow.py
[2025-04-15T20:02:28.683+0000] {processor.py:925} INFO - DAG(s) 'example_setup_teardown_taskflow' retrieved from /home/airflow/.local/lib/python3.12/site-packages/airflow/example_dags/example_setup_teardown_taskflow.py
[2025-04-15T20:02:28.719+0000] {logging_mixin.py:190} INFO - [2025-04-15T20:02:28.719+0000] {dag.py:3239} INFO - Sync 1 DAGs
[2025-04-15T20:02:28.743+0000] {logging_mixin.py:190} INFO - [2025-04-15T20:02:28.742+0000] {dag.py:4180} INFO - Setting next_dagrun for example_setup_teardown_taskflow to None, run_after=None
[2025-04-15T20:02:28.771+0000] {processor.py:208} INFO - Processing /home/airflow/.local/lib/python3.12/site-packages/airflow/example_dags/example_setup_teardown_taskflow.py took 0.117 seconds
[2025-04-15T20:02:59.208+0000] {processor.py:186} INFO - Started process (PID=19382) to work on /home/airflow/.local/lib/python3.12/site-packages/airflow/example_dags/example_setup_teardown_taskflow.py
[2025-04-15T20:02:59.210+0000] {processor.py:914} INFO - Processing file /home/airflow/.local/lib/python3.12/site-packages/airflow/example_dags/example_setup_teardown_taskflow.py for tasks to queue
[2025-04-15T20:02:59.211+0000] {logging_mixin.py:190} INFO - [2025-04-15T20:02:59.211+0000] {dagbag.py:588} INFO - Filling up the DagBag from /home/airflow/.local/lib/python3.12/site-packages/airflow/example_dags/example_setup_teardown_taskflow.py
[2025-04-15T20:02:59.232+0000] {processor.py:925} INFO - DAG(s) 'example_setup_teardown_taskflow' retrieved from /home/airflow/.local/lib/python3.12/site-packages/airflow/example_dags/example_setup_teardown_taskflow.py
[2025-04-15T20:02:59.266+0000] {logging_mixin.py:190} INFO - [2025-04-15T20:02:59.265+0000] {dag.py:3239} INFO - Sync 1 DAGs
[2025-04-15T20:02:59.293+0000] {logging_mixin.py:190} INFO - [2025-04-15T20:02:59.292+0000] {dag.py:4180} INFO - Setting next_dagrun for example_setup_teardown_taskflow to None, run_after=None
[2025-04-15T20:02:59.319+0000] {processor.py:208} INFO - Processing /home/airflow/.local/lib/python3.12/site-packages/airflow/example_dags/example_setup_teardown_taskflow.py took 0.120 seconds
[2025-04-15T20:03:29.617+0000] {processor.py:186} INFO - Started process (PID=19449) to work on /home/airflow/.local/lib/python3.12/site-packages/airflow/example_dags/example_setup_teardown_taskflow.py
[2025-04-15T20:03:29.618+0000] {processor.py:914} INFO - Processing file /home/airflow/.local/lib/python3.12/site-packages/airflow/example_dags/example_setup_teardown_taskflow.py for tasks to queue
[2025-04-15T20:03:29.619+0000] {logging_mixin.py:190} INFO - [2025-04-15T20:03:29.619+0000] {dagbag.py:588} INFO - Filling up the DagBag from /home/airflow/.local/lib/python3.12/site-packages/airflow/example_dags/example_setup_teardown_taskflow.py
[2025-04-15T20:03:29.630+0000] {processor.py:925} INFO - DAG(s) 'example_setup_teardown_taskflow' retrieved from /home/airflow/.local/lib/python3.12/site-packages/airflow/example_dags/example_setup_teardown_taskflow.py
[2025-04-15T20:03:29.655+0000] {logging_mixin.py:190} INFO - [2025-04-15T20:03:29.655+0000] {dag.py:3239} INFO - Sync 1 DAGs
[2025-04-15T20:03:29.671+0000] {logging_mixin.py:190} INFO - [2025-04-15T20:03:29.671+0000] {dag.py:4180} INFO - Setting next_dagrun for example_setup_teardown_taskflow to None, run_after=None
[2025-04-15T20:03:29.694+0000] {processor.py:208} INFO - Processing /home/airflow/.local/lib/python3.12/site-packages/airflow/example_dags/example_setup_teardown_taskflow.py took 0.083 seconds
[2025-04-15T20:04:00.156+0000] {processor.py:186} INFO - Started process (PID=19517) to work on /home/airflow/.local/lib/python3.12/site-packages/airflow/example_dags/example_setup_teardown_taskflow.py
[2025-04-15T20:04:00.157+0000] {processor.py:914} INFO - Processing file /home/airflow/.local/lib/python3.12/site-packages/airflow/example_dags/example_setup_teardown_taskflow.py for tasks to queue
[2025-04-15T20:04:00.159+0000] {logging_mixin.py:190} INFO - [2025-04-15T20:04:00.158+0000] {dagbag.py:588} INFO - Filling up the DagBag from /home/airflow/.local/lib/python3.12/site-packages/airflow/example_dags/example_setup_teardown_taskflow.py
[2025-04-15T20:04:00.170+0000] {processor.py:925} INFO - DAG(s) 'example_setup_teardown_taskflow' retrieved from /home/airflow/.local/lib/python3.12/site-packages/airflow/example_dags/example_setup_teardown_taskflow.py
[2025-04-15T20:04:00.195+0000] {logging_mixin.py:190} INFO - [2025-04-15T20:04:00.195+0000] {dag.py:3239} INFO - Sync 1 DAGs
[2025-04-15T20:04:00.211+0000] {logging_mixin.py:190} INFO - [2025-04-15T20:04:00.211+0000] {dag.py:4180} INFO - Setting next_dagrun for example_setup_teardown_taskflow to None, run_after=None
[2025-04-15T20:04:00.234+0000] {processor.py:208} INFO - Processing /home/airflow/.local/lib/python3.12/site-packages/airflow/example_dags/example_setup_teardown_taskflow.py took 0.084 seconds
