[2025-04-15T19:35:29.548+0000] {processor.py:186} INFO - Started process (PID=15776) to work on /home/airflow/.local/lib/python3.12/site-packages/airflow/example_dags/example_external_task_marker_dag.py
[2025-04-15T19:35:29.550+0000] {processor.py:914} INFO - Processing file /home/airflow/.local/lib/python3.12/site-packages/airflow/example_dags/example_external_task_marker_dag.py for tasks to queue
[2025-04-15T19:35:29.553+0000] {logging_mixin.py:190} INFO - [2025-04-15T19:35:29.552+0000] {dagbag.py:588} INFO - Filling up the DagBag from /home/airflow/.local/lib/python3.12/site-packages/airflow/example_dags/example_external_task_marker_dag.py
[2025-04-15T19:35:29.582+0000] {processor.py:925} INFO - DAG(s) 'example_external_task_marker_child', 'example_external_task_marker_parent' retrieved from /home/airflow/.local/lib/python3.12/site-packages/airflow/example_dags/example_external_task_marker_dag.py
[2025-04-15T19:35:29.664+0000] {logging_mixin.py:190} INFO - [2025-04-15T19:35:29.662+0000] {dag.py:3239} INFO - Sync 2 DAGs
[2025-04-15T19:35:29.712+0000] {logging_mixin.py:190} INFO - [2025-04-15T19:35:29.711+0000] {dag.py:4180} INFO - Setting next_dagrun for example_external_task_marker_child to None, run_after=None
[2025-04-15T19:35:29.722+0000] {logging_mixin.py:190} INFO - [2025-04-15T19:35:29.721+0000] {dag.py:4180} INFO - Setting next_dagrun for example_external_task_marker_parent to None, run_after=None
[2025-04-15T19:35:29.767+0000] {processor.py:208} INFO - Processing /home/airflow/.local/lib/python3.12/site-packages/airflow/example_dags/example_external_task_marker_dag.py took 0.234 seconds
[2025-04-15T19:36:01.157+0000] {processor.py:186} INFO - Started process (PID=15843) to work on /home/airflow/.local/lib/python3.12/site-packages/airflow/example_dags/example_external_task_marker_dag.py
[2025-04-15T19:36:01.160+0000] {processor.py:914} INFO - Processing file /home/airflow/.local/lib/python3.12/site-packages/airflow/example_dags/example_external_task_marker_dag.py for tasks to queue
[2025-04-15T19:36:01.165+0000] {logging_mixin.py:190} INFO - [2025-04-15T19:36:01.164+0000] {dagbag.py:588} INFO - Filling up the DagBag from /home/airflow/.local/lib/python3.12/site-packages/airflow/example_dags/example_external_task_marker_dag.py
[2025-04-15T19:36:01.191+0000] {processor.py:925} INFO - DAG(s) 'example_external_task_marker_child', 'example_external_task_marker_parent' retrieved from /home/airflow/.local/lib/python3.12/site-packages/airflow/example_dags/example_external_task_marker_dag.py
[2025-04-15T19:36:01.238+0000] {logging_mixin.py:190} INFO - [2025-04-15T19:36:01.238+0000] {dag.py:3239} INFO - Sync 2 DAGs
[2025-04-15T19:36:01.272+0000] {logging_mixin.py:190} INFO - [2025-04-15T19:36:01.271+0000] {dag.py:4180} INFO - Setting next_dagrun for example_external_task_marker_child to None, run_after=None
[2025-04-15T19:36:01.280+0000] {logging_mixin.py:190} INFO - [2025-04-15T19:36:01.280+0000] {dag.py:4180} INFO - Setting next_dagrun for example_external_task_marker_parent to None, run_after=None
[2025-04-15T19:36:01.311+0000] {processor.py:208} INFO - Processing /home/airflow/.local/lib/python3.12/site-packages/airflow/example_dags/example_external_task_marker_dag.py took 0.171 seconds
[2025-04-15T19:36:32.395+0000] {processor.py:186} INFO - Started process (PID=15909) to work on /home/airflow/.local/lib/python3.12/site-packages/airflow/example_dags/example_external_task_marker_dag.py
[2025-04-15T19:36:32.402+0000] {processor.py:914} INFO - Processing file /home/airflow/.local/lib/python3.12/site-packages/airflow/example_dags/example_external_task_marker_dag.py for tasks to queue
[2025-04-15T19:36:32.404+0000] {logging_mixin.py:190} INFO - [2025-04-15T19:36:32.404+0000] {dagbag.py:588} INFO - Filling up the DagBag from /home/airflow/.local/lib/python3.12/site-packages/airflow/example_dags/example_external_task_marker_dag.py
[2025-04-15T19:36:32.417+0000] {processor.py:925} INFO - DAG(s) 'example_external_task_marker_parent', 'example_external_task_marker_child' retrieved from /home/airflow/.local/lib/python3.12/site-packages/airflow/example_dags/example_external_task_marker_dag.py
[2025-04-15T19:36:32.451+0000] {logging_mixin.py:190} INFO - [2025-04-15T19:36:32.451+0000] {dag.py:3239} INFO - Sync 2 DAGs
[2025-04-15T19:36:32.472+0000] {logging_mixin.py:190} INFO - [2025-04-15T19:36:32.471+0000] {dag.py:4180} INFO - Setting next_dagrun for example_external_task_marker_child to None, run_after=None
[2025-04-15T19:36:32.476+0000] {logging_mixin.py:190} INFO - [2025-04-15T19:36:32.476+0000] {dag.py:4180} INFO - Setting next_dagrun for example_external_task_marker_parent to None, run_after=None
[2025-04-15T19:36:32.542+0000] {processor.py:208} INFO - Processing /home/airflow/.local/lib/python3.12/site-packages/airflow/example_dags/example_external_task_marker_dag.py took 0.156 seconds
[2025-04-15T19:37:02.821+0000] {processor.py:186} INFO - Started process (PID=15976) to work on /home/airflow/.local/lib/python3.12/site-packages/airflow/example_dags/example_external_task_marker_dag.py
[2025-04-15T19:37:02.824+0000] {processor.py:914} INFO - Processing file /home/airflow/.local/lib/python3.12/site-packages/airflow/example_dags/example_external_task_marker_dag.py for tasks to queue
[2025-04-15T19:37:02.826+0000] {logging_mixin.py:190} INFO - [2025-04-15T19:37:02.826+0000] {dagbag.py:588} INFO - Filling up the DagBag from /home/airflow/.local/lib/python3.12/site-packages/airflow/example_dags/example_external_task_marker_dag.py
[2025-04-15T19:37:02.841+0000] {processor.py:925} INFO - DAG(s) 'example_external_task_marker_child', 'example_external_task_marker_parent' retrieved from /home/airflow/.local/lib/python3.12/site-packages/airflow/example_dags/example_external_task_marker_dag.py
[2025-04-15T19:37:02.888+0000] {logging_mixin.py:190} INFO - [2025-04-15T19:37:02.887+0000] {dag.py:3239} INFO - Sync 2 DAGs
[2025-04-15T19:37:02.923+0000] {logging_mixin.py:190} INFO - [2025-04-15T19:37:02.923+0000] {dag.py:4180} INFO - Setting next_dagrun for example_external_task_marker_child to None, run_after=None
[2025-04-15T19:37:02.932+0000] {logging_mixin.py:190} INFO - [2025-04-15T19:37:02.932+0000] {dag.py:4180} INFO - Setting next_dagrun for example_external_task_marker_parent to None, run_after=None
[2025-04-15T19:37:02.974+0000] {processor.py:208} INFO - Processing /home/airflow/.local/lib/python3.12/site-packages/airflow/example_dags/example_external_task_marker_dag.py took 0.163 seconds
[2025-04-15T19:37:33.740+0000] {processor.py:186} INFO - Started process (PID=16043) to work on /home/airflow/.local/lib/python3.12/site-packages/airflow/example_dags/example_external_task_marker_dag.py
[2025-04-15T19:37:33.741+0000] {processor.py:914} INFO - Processing file /home/airflow/.local/lib/python3.12/site-packages/airflow/example_dags/example_external_task_marker_dag.py for tasks to queue
[2025-04-15T19:37:33.742+0000] {logging_mixin.py:190} INFO - [2025-04-15T19:37:33.742+0000] {dagbag.py:588} INFO - Filling up the DagBag from /home/airflow/.local/lib/python3.12/site-packages/airflow/example_dags/example_external_task_marker_dag.py
[2025-04-15T19:37:33.752+0000] {processor.py:925} INFO - DAG(s) 'example_external_task_marker_child', 'example_external_task_marker_parent' retrieved from /home/airflow/.local/lib/python3.12/site-packages/airflow/example_dags/example_external_task_marker_dag.py
[2025-04-15T19:37:33.784+0000] {logging_mixin.py:190} INFO - [2025-04-15T19:37:33.784+0000] {dag.py:3239} INFO - Sync 2 DAGs
[2025-04-15T19:37:33.809+0000] {logging_mixin.py:190} INFO - [2025-04-15T19:37:33.808+0000] {dag.py:4180} INFO - Setting next_dagrun for example_external_task_marker_child to None, run_after=None
[2025-04-15T19:37:33.816+0000] {logging_mixin.py:190} INFO - [2025-04-15T19:37:33.816+0000] {dag.py:4180} INFO - Setting next_dagrun for example_external_task_marker_parent to None, run_after=None
[2025-04-15T19:37:33.846+0000] {processor.py:208} INFO - Processing /home/airflow/.local/lib/python3.12/site-packages/airflow/example_dags/example_external_task_marker_dag.py took 0.113 seconds
[2025-04-15T19:38:04.533+0000] {processor.py:186} INFO - Started process (PID=16110) to work on /home/airflow/.local/lib/python3.12/site-packages/airflow/example_dags/example_external_task_marker_dag.py
[2025-04-15T19:38:04.535+0000] {processor.py:914} INFO - Processing file /home/airflow/.local/lib/python3.12/site-packages/airflow/example_dags/example_external_task_marker_dag.py for tasks to queue
[2025-04-15T19:38:04.537+0000] {logging_mixin.py:190} INFO - [2025-04-15T19:38:04.536+0000] {dagbag.py:588} INFO - Filling up the DagBag from /home/airflow/.local/lib/python3.12/site-packages/airflow/example_dags/example_external_task_marker_dag.py
[2025-04-15T19:38:04.546+0000] {processor.py:925} INFO - DAG(s) 'example_external_task_marker_child', 'example_external_task_marker_parent' retrieved from /home/airflow/.local/lib/python3.12/site-packages/airflow/example_dags/example_external_task_marker_dag.py
[2025-04-15T19:38:04.577+0000] {logging_mixin.py:190} INFO - [2025-04-15T19:38:04.577+0000] {dag.py:3239} INFO - Sync 2 DAGs
[2025-04-15T19:38:04.596+0000] {logging_mixin.py:190} INFO - [2025-04-15T19:38:04.596+0000] {dag.py:4180} INFO - Setting next_dagrun for example_external_task_marker_child to None, run_after=None
[2025-04-15T19:38:04.602+0000] {logging_mixin.py:190} INFO - [2025-04-15T19:38:04.602+0000] {dag.py:4180} INFO - Setting next_dagrun for example_external_task_marker_parent to None, run_after=None
[2025-04-15T19:38:04.625+0000] {processor.py:208} INFO - Processing /home/airflow/.local/lib/python3.12/site-packages/airflow/example_dags/example_external_task_marker_dag.py took 0.099 seconds
[2025-04-15T19:38:34.984+0000] {processor.py:186} INFO - Started process (PID=16177) to work on /home/airflow/.local/lib/python3.12/site-packages/airflow/example_dags/example_external_task_marker_dag.py
[2025-04-15T19:38:34.985+0000] {processor.py:914} INFO - Processing file /home/airflow/.local/lib/python3.12/site-packages/airflow/example_dags/example_external_task_marker_dag.py for tasks to queue
[2025-04-15T19:38:34.987+0000] {logging_mixin.py:190} INFO - [2025-04-15T19:38:34.987+0000] {dagbag.py:588} INFO - Filling up the DagBag from /home/airflow/.local/lib/python3.12/site-packages/airflow/example_dags/example_external_task_marker_dag.py
[2025-04-15T19:38:34.998+0000] {processor.py:925} INFO - DAG(s) 'example_external_task_marker_child', 'example_external_task_marker_parent' retrieved from /home/airflow/.local/lib/python3.12/site-packages/airflow/example_dags/example_external_task_marker_dag.py
[2025-04-15T19:38:35.033+0000] {logging_mixin.py:190} INFO - [2025-04-15T19:38:35.032+0000] {dag.py:3239} INFO - Sync 2 DAGs
[2025-04-15T19:38:35.058+0000] {logging_mixin.py:190} INFO - [2025-04-15T19:38:35.058+0000] {dag.py:4180} INFO - Setting next_dagrun for example_external_task_marker_child to None, run_after=None
[2025-04-15T19:38:35.065+0000] {logging_mixin.py:190} INFO - [2025-04-15T19:38:35.064+0000] {dag.py:4180} INFO - Setting next_dagrun for example_external_task_marker_parent to None, run_after=None
[2025-04-15T19:38:35.094+0000] {processor.py:208} INFO - Processing /home/airflow/.local/lib/python3.12/site-packages/airflow/example_dags/example_external_task_marker_dag.py took 0.119 seconds
[2025-04-15T19:39:05.859+0000] {processor.py:186} INFO - Started process (PID=16244) to work on /home/airflow/.local/lib/python3.12/site-packages/airflow/example_dags/example_external_task_marker_dag.py
[2025-04-15T19:39:05.860+0000] {processor.py:914} INFO - Processing file /home/airflow/.local/lib/python3.12/site-packages/airflow/example_dags/example_external_task_marker_dag.py for tasks to queue
[2025-04-15T19:39:05.862+0000] {logging_mixin.py:190} INFO - [2025-04-15T19:39:05.862+0000] {dagbag.py:588} INFO - Filling up the DagBag from /home/airflow/.local/lib/python3.12/site-packages/airflow/example_dags/example_external_task_marker_dag.py
[2025-04-15T19:39:05.878+0000] {processor.py:925} INFO - DAG(s) 'example_external_task_marker_parent', 'example_external_task_marker_child' retrieved from /home/airflow/.local/lib/python3.12/site-packages/airflow/example_dags/example_external_task_marker_dag.py
[2025-04-15T19:39:05.923+0000] {logging_mixin.py:190} INFO - [2025-04-15T19:39:05.922+0000] {dag.py:3239} INFO - Sync 2 DAGs
[2025-04-15T19:39:05.956+0000] {logging_mixin.py:190} INFO - [2025-04-15T19:39:05.956+0000] {dag.py:4180} INFO - Setting next_dagrun for example_external_task_marker_child to None, run_after=None
[2025-04-15T19:39:05.963+0000] {logging_mixin.py:190} INFO - [2025-04-15T19:39:05.963+0000] {dag.py:4180} INFO - Setting next_dagrun for example_external_task_marker_parent to None, run_after=None
[2025-04-15T19:39:06.001+0000] {processor.py:208} INFO - Processing /home/airflow/.local/lib/python3.12/site-packages/airflow/example_dags/example_external_task_marker_dag.py took 0.152 seconds
[2025-04-15T19:39:36.305+0000] {processor.py:186} INFO - Started process (PID=16311) to work on /home/airflow/.local/lib/python3.12/site-packages/airflow/example_dags/example_external_task_marker_dag.py
[2025-04-15T19:39:36.307+0000] {processor.py:914} INFO - Processing file /home/airflow/.local/lib/python3.12/site-packages/airflow/example_dags/example_external_task_marker_dag.py for tasks to queue
[2025-04-15T19:39:36.308+0000] {logging_mixin.py:190} INFO - [2025-04-15T19:39:36.308+0000] {dagbag.py:588} INFO - Filling up the DagBag from /home/airflow/.local/lib/python3.12/site-packages/airflow/example_dags/example_external_task_marker_dag.py
[2025-04-15T19:39:36.319+0000] {processor.py:925} INFO - DAG(s) 'example_external_task_marker_parent', 'example_external_task_marker_child' retrieved from /home/airflow/.local/lib/python3.12/site-packages/airflow/example_dags/example_external_task_marker_dag.py
[2025-04-15T19:39:36.353+0000] {logging_mixin.py:190} INFO - [2025-04-15T19:39:36.353+0000] {dag.py:3239} INFO - Sync 2 DAGs
[2025-04-15T19:39:36.373+0000] {logging_mixin.py:190} INFO - [2025-04-15T19:39:36.373+0000] {dag.py:4180} INFO - Setting next_dagrun for example_external_task_marker_child to None, run_after=None
[2025-04-15T19:39:36.379+0000] {logging_mixin.py:190} INFO - [2025-04-15T19:39:36.379+0000] {dag.py:4180} INFO - Setting next_dagrun for example_external_task_marker_parent to None, run_after=None
[2025-04-15T19:39:36.407+0000] {processor.py:208} INFO - Processing /home/airflow/.local/lib/python3.12/site-packages/airflow/example_dags/example_external_task_marker_dag.py took 0.109 seconds
[2025-04-15T19:40:06.925+0000] {processor.py:186} INFO - Started process (PID=16378) to work on /home/airflow/.local/lib/python3.12/site-packages/airflow/example_dags/example_external_task_marker_dag.py
[2025-04-15T19:40:06.927+0000] {processor.py:914} INFO - Processing file /home/airflow/.local/lib/python3.12/site-packages/airflow/example_dags/example_external_task_marker_dag.py for tasks to queue
[2025-04-15T19:40:06.929+0000] {logging_mixin.py:190} INFO - [2025-04-15T19:40:06.928+0000] {dagbag.py:588} INFO - Filling up the DagBag from /home/airflow/.local/lib/python3.12/site-packages/airflow/example_dags/example_external_task_marker_dag.py
[2025-04-15T19:40:06.942+0000] {processor.py:925} INFO - DAG(s) 'example_external_task_marker_parent', 'example_external_task_marker_child' retrieved from /home/airflow/.local/lib/python3.12/site-packages/airflow/example_dags/example_external_task_marker_dag.py
[2025-04-15T19:40:06.982+0000] {logging_mixin.py:190} INFO - [2025-04-15T19:40:06.981+0000] {dag.py:3239} INFO - Sync 2 DAGs
[2025-04-15T19:40:07.010+0000] {logging_mixin.py:190} INFO - [2025-04-15T19:40:07.009+0000] {dag.py:4180} INFO - Setting next_dagrun for example_external_task_marker_child to None, run_after=None
[2025-04-15T19:40:07.018+0000] {logging_mixin.py:190} INFO - [2025-04-15T19:40:07.017+0000] {dag.py:4180} INFO - Setting next_dagrun for example_external_task_marker_parent to None, run_after=None
[2025-04-15T19:40:07.048+0000] {processor.py:208} INFO - Processing /home/airflow/.local/lib/python3.12/site-packages/airflow/example_dags/example_external_task_marker_dag.py took 0.133 seconds
[2025-04-15T19:40:37.856+0000] {processor.py:186} INFO - Started process (PID=16445) to work on /home/airflow/.local/lib/python3.12/site-packages/airflow/example_dags/example_external_task_marker_dag.py
[2025-04-15T19:40:37.857+0000] {processor.py:914} INFO - Processing file /home/airflow/.local/lib/python3.12/site-packages/airflow/example_dags/example_external_task_marker_dag.py for tasks to queue
[2025-04-15T19:40:37.859+0000] {logging_mixin.py:190} INFO - [2025-04-15T19:40:37.859+0000] {dagbag.py:588} INFO - Filling up the DagBag from /home/airflow/.local/lib/python3.12/site-packages/airflow/example_dags/example_external_task_marker_dag.py
[2025-04-15T19:40:37.869+0000] {processor.py:925} INFO - DAG(s) 'example_external_task_marker_parent', 'example_external_task_marker_child' retrieved from /home/airflow/.local/lib/python3.12/site-packages/airflow/example_dags/example_external_task_marker_dag.py
[2025-04-15T19:40:37.900+0000] {logging_mixin.py:190} INFO - [2025-04-15T19:40:37.900+0000] {dag.py:3239} INFO - Sync 2 DAGs
[2025-04-15T19:40:37.920+0000] {logging_mixin.py:190} INFO - [2025-04-15T19:40:37.920+0000] {dag.py:4180} INFO - Setting next_dagrun for example_external_task_marker_child to None, run_after=None
[2025-04-15T19:40:37.925+0000] {logging_mixin.py:190} INFO - [2025-04-15T19:40:37.925+0000] {dag.py:4180} INFO - Setting next_dagrun for example_external_task_marker_parent to None, run_after=None
[2025-04-15T19:40:37.949+0000] {processor.py:208} INFO - Processing /home/airflow/.local/lib/python3.12/site-packages/airflow/example_dags/example_external_task_marker_dag.py took 0.101 seconds
[2025-04-15T19:41:08.285+0000] {processor.py:186} INFO - Started process (PID=16512) to work on /home/airflow/.local/lib/python3.12/site-packages/airflow/example_dags/example_external_task_marker_dag.py
[2025-04-15T19:41:08.286+0000] {processor.py:914} INFO - Processing file /home/airflow/.local/lib/python3.12/site-packages/airflow/example_dags/example_external_task_marker_dag.py for tasks to queue
[2025-04-15T19:41:08.289+0000] {logging_mixin.py:190} INFO - [2025-04-15T19:41:08.288+0000] {dagbag.py:588} INFO - Filling up the DagBag from /home/airflow/.local/lib/python3.12/site-packages/airflow/example_dags/example_external_task_marker_dag.py
[2025-04-15T19:41:08.302+0000] {processor.py:925} INFO - DAG(s) 'example_external_task_marker_parent', 'example_external_task_marker_child' retrieved from /home/airflow/.local/lib/python3.12/site-packages/airflow/example_dags/example_external_task_marker_dag.py
[2025-04-15T19:41:08.341+0000] {logging_mixin.py:190} INFO - [2025-04-15T19:41:08.340+0000] {dag.py:3239} INFO - Sync 2 DAGs
[2025-04-15T19:41:08.366+0000] {logging_mixin.py:190} INFO - [2025-04-15T19:41:08.366+0000] {dag.py:4180} INFO - Setting next_dagrun for example_external_task_marker_child to None, run_after=None
[2025-04-15T19:41:08.373+0000] {logging_mixin.py:190} INFO - [2025-04-15T19:41:08.373+0000] {dag.py:4180} INFO - Setting next_dagrun for example_external_task_marker_parent to None, run_after=None
[2025-04-15T19:41:08.401+0000] {processor.py:208} INFO - Processing /home/airflow/.local/lib/python3.12/site-packages/airflow/example_dags/example_external_task_marker_dag.py took 0.125 seconds
[2025-04-15T19:41:38.965+0000] {processor.py:186} INFO - Started process (PID=16579) to work on /home/airflow/.local/lib/python3.12/site-packages/airflow/example_dags/example_external_task_marker_dag.py
[2025-04-15T19:41:38.967+0000] {processor.py:914} INFO - Processing file /home/airflow/.local/lib/python3.12/site-packages/airflow/example_dags/example_external_task_marker_dag.py for tasks to queue
[2025-04-15T19:41:38.969+0000] {logging_mixin.py:190} INFO - [2025-04-15T19:41:38.968+0000] {dagbag.py:588} INFO - Filling up the DagBag from /home/airflow/.local/lib/python3.12/site-packages/airflow/example_dags/example_external_task_marker_dag.py
[2025-04-15T19:41:38.983+0000] {processor.py:925} INFO - DAG(s) 'example_external_task_marker_child', 'example_external_task_marker_parent' retrieved from /home/airflow/.local/lib/python3.12/site-packages/airflow/example_dags/example_external_task_marker_dag.py
[2025-04-15T19:41:39.026+0000] {logging_mixin.py:190} INFO - [2025-04-15T19:41:39.025+0000] {dag.py:3239} INFO - Sync 2 DAGs
[2025-04-15T19:41:39.051+0000] {logging_mixin.py:190} INFO - [2025-04-15T19:41:39.051+0000] {dag.py:4180} INFO - Setting next_dagrun for example_external_task_marker_child to None, run_after=None
[2025-04-15T19:41:39.056+0000] {logging_mixin.py:190} INFO - [2025-04-15T19:41:39.056+0000] {dag.py:4180} INFO - Setting next_dagrun for example_external_task_marker_parent to None, run_after=None
[2025-04-15T19:41:39.082+0000] {processor.py:208} INFO - Processing /home/airflow/.local/lib/python3.12/site-packages/airflow/example_dags/example_external_task_marker_dag.py took 0.128 seconds
[2025-04-15T19:42:09.859+0000] {processor.py:186} INFO - Started process (PID=16646) to work on /home/airflow/.local/lib/python3.12/site-packages/airflow/example_dags/example_external_task_marker_dag.py
[2025-04-15T19:42:09.860+0000] {processor.py:914} INFO - Processing file /home/airflow/.local/lib/python3.12/site-packages/airflow/example_dags/example_external_task_marker_dag.py for tasks to queue
[2025-04-15T19:42:09.863+0000] {logging_mixin.py:190} INFO - [2025-04-15T19:42:09.862+0000] {dagbag.py:588} INFO - Filling up the DagBag from /home/airflow/.local/lib/python3.12/site-packages/airflow/example_dags/example_external_task_marker_dag.py
[2025-04-15T19:42:09.875+0000] {processor.py:925} INFO - DAG(s) 'example_external_task_marker_parent', 'example_external_task_marker_child' retrieved from /home/airflow/.local/lib/python3.12/site-packages/airflow/example_dags/example_external_task_marker_dag.py
[2025-04-15T19:42:09.912+0000] {logging_mixin.py:190} INFO - [2025-04-15T19:42:09.912+0000] {dag.py:3239} INFO - Sync 2 DAGs
[2025-04-15T19:42:10.169+0000] {logging_mixin.py:190} INFO - [2025-04-15T19:42:10.168+0000] {dag.py:4180} INFO - Setting next_dagrun for example_external_task_marker_child to None, run_after=None
[2025-04-15T19:42:10.176+0000] {logging_mixin.py:190} INFO - [2025-04-15T19:42:10.176+0000] {dag.py:4180} INFO - Setting next_dagrun for example_external_task_marker_parent to None, run_after=None
[2025-04-15T19:42:10.205+0000] {processor.py:208} INFO - Processing /home/airflow/.local/lib/python3.12/site-packages/airflow/example_dags/example_external_task_marker_dag.py took 0.354 seconds
[2025-04-15T19:42:41.589+0000] {processor.py:186} INFO - Started process (PID=16714) to work on /home/airflow/.local/lib/python3.12/site-packages/airflow/example_dags/example_external_task_marker_dag.py
[2025-04-15T19:42:41.591+0000] {processor.py:914} INFO - Processing file /home/airflow/.local/lib/python3.12/site-packages/airflow/example_dags/example_external_task_marker_dag.py for tasks to queue
[2025-04-15T19:42:41.593+0000] {logging_mixin.py:190} INFO - [2025-04-15T19:42:41.592+0000] {dagbag.py:588} INFO - Filling up the DagBag from /home/airflow/.local/lib/python3.12/site-packages/airflow/example_dags/example_external_task_marker_dag.py
[2025-04-15T19:42:41.607+0000] {processor.py:925} INFO - DAG(s) 'example_external_task_marker_child', 'example_external_task_marker_parent' retrieved from /home/airflow/.local/lib/python3.12/site-packages/airflow/example_dags/example_external_task_marker_dag.py
[2025-04-15T19:42:41.636+0000] {logging_mixin.py:190} INFO - [2025-04-15T19:42:41.635+0000] {dag.py:3239} INFO - Sync 2 DAGs
[2025-04-15T19:42:41.657+0000] {logging_mixin.py:190} INFO - [2025-04-15T19:42:41.657+0000] {dag.py:4180} INFO - Setting next_dagrun for example_external_task_marker_child to None, run_after=None
[2025-04-15T19:42:41.665+0000] {logging_mixin.py:190} INFO - [2025-04-15T19:42:41.664+0000] {dag.py:4180} INFO - Setting next_dagrun for example_external_task_marker_parent to None, run_after=None
[2025-04-15T19:42:41.886+0000] {processor.py:208} INFO - Processing /home/airflow/.local/lib/python3.12/site-packages/airflow/example_dags/example_external_task_marker_dag.py took 0.305 seconds
[2025-04-15T19:43:12.555+0000] {processor.py:186} INFO - Started process (PID=16781) to work on /home/airflow/.local/lib/python3.12/site-packages/airflow/example_dags/example_external_task_marker_dag.py
[2025-04-15T19:43:12.557+0000] {processor.py:914} INFO - Processing file /home/airflow/.local/lib/python3.12/site-packages/airflow/example_dags/example_external_task_marker_dag.py for tasks to queue
[2025-04-15T19:43:12.560+0000] {logging_mixin.py:190} INFO - [2025-04-15T19:43:12.559+0000] {dagbag.py:588} INFO - Filling up the DagBag from /home/airflow/.local/lib/python3.12/site-packages/airflow/example_dags/example_external_task_marker_dag.py
[2025-04-15T19:43:12.571+0000] {processor.py:925} INFO - DAG(s) 'example_external_task_marker_parent', 'example_external_task_marker_child' retrieved from /home/airflow/.local/lib/python3.12/site-packages/airflow/example_dags/example_external_task_marker_dag.py
[2025-04-15T19:43:12.604+0000] {logging_mixin.py:190} INFO - [2025-04-15T19:43:12.604+0000] {dag.py:3239} INFO - Sync 2 DAGs
[2025-04-15T19:43:12.625+0000] {logging_mixin.py:190} INFO - [2025-04-15T19:43:12.625+0000] {dag.py:4180} INFO - Setting next_dagrun for example_external_task_marker_child to None, run_after=None
[2025-04-15T19:43:12.630+0000] {logging_mixin.py:190} INFO - [2025-04-15T19:43:12.630+0000] {dag.py:4180} INFO - Setting next_dagrun for example_external_task_marker_parent to None, run_after=None
[2025-04-15T19:43:12.654+0000] {processor.py:208} INFO - Processing /home/airflow/.local/lib/python3.12/site-packages/airflow/example_dags/example_external_task_marker_dag.py took 0.108 seconds
[2025-04-15T19:43:43.412+0000] {processor.py:186} INFO - Started process (PID=16848) to work on /home/airflow/.local/lib/python3.12/site-packages/airflow/example_dags/example_external_task_marker_dag.py
[2025-04-15T19:43:43.413+0000] {processor.py:914} INFO - Processing file /home/airflow/.local/lib/python3.12/site-packages/airflow/example_dags/example_external_task_marker_dag.py for tasks to queue
[2025-04-15T19:43:43.415+0000] {logging_mixin.py:190} INFO - [2025-04-15T19:43:43.414+0000] {dagbag.py:588} INFO - Filling up the DagBag from /home/airflow/.local/lib/python3.12/site-packages/airflow/example_dags/example_external_task_marker_dag.py
[2025-04-15T19:43:43.424+0000] {processor.py:925} INFO - DAG(s) 'example_external_task_marker_parent', 'example_external_task_marker_child' retrieved from /home/airflow/.local/lib/python3.12/site-packages/airflow/example_dags/example_external_task_marker_dag.py
[2025-04-15T19:43:43.457+0000] {logging_mixin.py:190} INFO - [2025-04-15T19:43:43.457+0000] {dag.py:3239} INFO - Sync 2 DAGs
[2025-04-15T19:43:43.477+0000] {logging_mixin.py:190} INFO - [2025-04-15T19:43:43.477+0000] {dag.py:4180} INFO - Setting next_dagrun for example_external_task_marker_child to None, run_after=None
[2025-04-15T19:43:43.482+0000] {logging_mixin.py:190} INFO - [2025-04-15T19:43:43.482+0000] {dag.py:4180} INFO - Setting next_dagrun for example_external_task_marker_parent to None, run_after=None
[2025-04-15T19:43:43.508+0000] {processor.py:208} INFO - Processing /home/airflow/.local/lib/python3.12/site-packages/airflow/example_dags/example_external_task_marker_dag.py took 0.104 seconds
[2025-04-15T19:44:14.142+0000] {processor.py:186} INFO - Started process (PID=16915) to work on /home/airflow/.local/lib/python3.12/site-packages/airflow/example_dags/example_external_task_marker_dag.py
[2025-04-15T19:44:14.144+0000] {processor.py:914} INFO - Processing file /home/airflow/.local/lib/python3.12/site-packages/airflow/example_dags/example_external_task_marker_dag.py for tasks to queue
[2025-04-15T19:44:14.146+0000] {logging_mixin.py:190} INFO - [2025-04-15T19:44:14.145+0000] {dagbag.py:588} INFO - Filling up the DagBag from /home/airflow/.local/lib/python3.12/site-packages/airflow/example_dags/example_external_task_marker_dag.py
[2025-04-15T19:44:14.158+0000] {processor.py:925} INFO - DAG(s) 'example_external_task_marker_parent', 'example_external_task_marker_child' retrieved from /home/airflow/.local/lib/python3.12/site-packages/airflow/example_dags/example_external_task_marker_dag.py
[2025-04-15T19:44:14.195+0000] {logging_mixin.py:190} INFO - [2025-04-15T19:44:14.195+0000] {dag.py:3239} INFO - Sync 2 DAGs
[2025-04-15T19:44:14.220+0000] {logging_mixin.py:190} INFO - [2025-04-15T19:44:14.220+0000] {dag.py:4180} INFO - Setting next_dagrun for example_external_task_marker_child to None, run_after=None
[2025-04-15T19:44:14.228+0000] {logging_mixin.py:190} INFO - [2025-04-15T19:44:14.228+0000] {dag.py:4180} INFO - Setting next_dagrun for example_external_task_marker_parent to None, run_after=None
[2025-04-15T19:44:14.257+0000] {processor.py:208} INFO - Processing /home/airflow/.local/lib/python3.12/site-packages/airflow/example_dags/example_external_task_marker_dag.py took 0.123 seconds
[2025-04-15T19:44:44.711+0000] {processor.py:186} INFO - Started process (PID=16982) to work on /home/airflow/.local/lib/python3.12/site-packages/airflow/example_dags/example_external_task_marker_dag.py
[2025-04-15T19:44:44.712+0000] {processor.py:914} INFO - Processing file /home/airflow/.local/lib/python3.12/site-packages/airflow/example_dags/example_external_task_marker_dag.py for tasks to queue
[2025-04-15T19:44:44.714+0000] {logging_mixin.py:190} INFO - [2025-04-15T19:44:44.713+0000] {dagbag.py:588} INFO - Filling up the DagBag from /home/airflow/.local/lib/python3.12/site-packages/airflow/example_dags/example_external_task_marker_dag.py
[2025-04-15T19:44:44.724+0000] {processor.py:925} INFO - DAG(s) 'example_external_task_marker_parent', 'example_external_task_marker_child' retrieved from /home/airflow/.local/lib/python3.12/site-packages/airflow/example_dags/example_external_task_marker_dag.py
[2025-04-15T19:44:44.753+0000] {logging_mixin.py:190} INFO - [2025-04-15T19:44:44.753+0000] {dag.py:3239} INFO - Sync 2 DAGs
[2025-04-15T19:44:44.773+0000] {logging_mixin.py:190} INFO - [2025-04-15T19:44:44.773+0000] {dag.py:4180} INFO - Setting next_dagrun for example_external_task_marker_child to None, run_after=None
[2025-04-15T19:44:44.779+0000] {logging_mixin.py:190} INFO - [2025-04-15T19:44:44.778+0000] {dag.py:4180} INFO - Setting next_dagrun for example_external_task_marker_parent to None, run_after=None
[2025-04-15T19:44:44.804+0000] {processor.py:208} INFO - Processing /home/airflow/.local/lib/python3.12/site-packages/airflow/example_dags/example_external_task_marker_dag.py took 0.101 seconds
[2025-04-15T19:45:14.984+0000] {processor.py:186} INFO - Started process (PID=17049) to work on /home/airflow/.local/lib/python3.12/site-packages/airflow/example_dags/example_external_task_marker_dag.py
[2025-04-15T19:45:14.985+0000] {processor.py:914} INFO - Processing file /home/airflow/.local/lib/python3.12/site-packages/airflow/example_dags/example_external_task_marker_dag.py for tasks to queue
[2025-04-15T19:45:14.987+0000] {logging_mixin.py:190} INFO - [2025-04-15T19:45:14.986+0000] {dagbag.py:588} INFO - Filling up the DagBag from /home/airflow/.local/lib/python3.12/site-packages/airflow/example_dags/example_external_task_marker_dag.py
[2025-04-15T19:45:15.006+0000] {processor.py:925} INFO - DAG(s) 'example_external_task_marker_parent', 'example_external_task_marker_child' retrieved from /home/airflow/.local/lib/python3.12/site-packages/airflow/example_dags/example_external_task_marker_dag.py
[2025-04-15T19:45:15.054+0000] {logging_mixin.py:190} INFO - [2025-04-15T19:45:15.053+0000] {dag.py:3239} INFO - Sync 2 DAGs
[2025-04-15T19:45:15.080+0000] {logging_mixin.py:190} INFO - [2025-04-15T19:45:15.080+0000] {dag.py:4180} INFO - Setting next_dagrun for example_external_task_marker_child to None, run_after=None
[2025-04-15T19:45:15.086+0000] {logging_mixin.py:190} INFO - [2025-04-15T19:45:15.086+0000] {dag.py:4180} INFO - Setting next_dagrun for example_external_task_marker_parent to None, run_after=None
[2025-04-15T19:45:15.113+0000] {processor.py:208} INFO - Processing /home/airflow/.local/lib/python3.12/site-packages/airflow/example_dags/example_external_task_marker_dag.py took 0.139 seconds
[2025-04-15T19:45:45.684+0000] {processor.py:186} INFO - Started process (PID=17116) to work on /home/airflow/.local/lib/python3.12/site-packages/airflow/example_dags/example_external_task_marker_dag.py
[2025-04-15T19:45:45.685+0000] {processor.py:914} INFO - Processing file /home/airflow/.local/lib/python3.12/site-packages/airflow/example_dags/example_external_task_marker_dag.py for tasks to queue
[2025-04-15T19:45:45.687+0000] {logging_mixin.py:190} INFO - [2025-04-15T19:45:45.687+0000] {dagbag.py:588} INFO - Filling up the DagBag from /home/airflow/.local/lib/python3.12/site-packages/airflow/example_dags/example_external_task_marker_dag.py
[2025-04-15T19:45:45.702+0000] {processor.py:925} INFO - DAG(s) 'example_external_task_marker_child', 'example_external_task_marker_parent' retrieved from /home/airflow/.local/lib/python3.12/site-packages/airflow/example_dags/example_external_task_marker_dag.py
[2025-04-15T19:45:45.742+0000] {logging_mixin.py:190} INFO - [2025-04-15T19:45:45.742+0000] {dag.py:3239} INFO - Sync 2 DAGs
[2025-04-15T19:45:45.766+0000] {logging_mixin.py:190} INFO - [2025-04-15T19:45:45.766+0000] {dag.py:4180} INFO - Setting next_dagrun for example_external_task_marker_child to None, run_after=None
[2025-04-15T19:45:45.773+0000] {logging_mixin.py:190} INFO - [2025-04-15T19:45:45.772+0000] {dag.py:4180} INFO - Setting next_dagrun for example_external_task_marker_parent to None, run_after=None
[2025-04-15T19:45:45.801+0000] {processor.py:208} INFO - Processing /home/airflow/.local/lib/python3.12/site-packages/airflow/example_dags/example_external_task_marker_dag.py took 0.127 seconds
[2025-04-15T19:46:16.224+0000] {processor.py:186} INFO - Started process (PID=17183) to work on /home/airflow/.local/lib/python3.12/site-packages/airflow/example_dags/example_external_task_marker_dag.py
[2025-04-15T19:46:16.226+0000] {processor.py:914} INFO - Processing file /home/airflow/.local/lib/python3.12/site-packages/airflow/example_dags/example_external_task_marker_dag.py for tasks to queue
[2025-04-15T19:46:16.228+0000] {logging_mixin.py:190} INFO - [2025-04-15T19:46:16.228+0000] {dagbag.py:588} INFO - Filling up the DagBag from /home/airflow/.local/lib/python3.12/site-packages/airflow/example_dags/example_external_task_marker_dag.py
[2025-04-15T19:46:16.242+0000] {processor.py:925} INFO - DAG(s) 'example_external_task_marker_parent', 'example_external_task_marker_child' retrieved from /home/airflow/.local/lib/python3.12/site-packages/airflow/example_dags/example_external_task_marker_dag.py
[2025-04-15T19:46:16.286+0000] {logging_mixin.py:190} INFO - [2025-04-15T19:46:16.286+0000] {dag.py:3239} INFO - Sync 2 DAGs
[2025-04-15T19:46:16.313+0000] {logging_mixin.py:190} INFO - [2025-04-15T19:46:16.313+0000] {dag.py:4180} INFO - Setting next_dagrun for example_external_task_marker_child to None, run_after=None
[2025-04-15T19:46:16.318+0000] {logging_mixin.py:190} INFO - [2025-04-15T19:46:16.318+0000] {dag.py:4180} INFO - Setting next_dagrun for example_external_task_marker_parent to None, run_after=None
[2025-04-15T19:46:16.348+0000] {processor.py:208} INFO - Processing /home/airflow/.local/lib/python3.12/site-packages/airflow/example_dags/example_external_task_marker_dag.py took 0.133 seconds
[2025-04-15T19:46:47.397+0000] {processor.py:186} INFO - Started process (PID=17250) to work on /home/airflow/.local/lib/python3.12/site-packages/airflow/example_dags/example_external_task_marker_dag.py
[2025-04-15T19:46:47.398+0000] {processor.py:914} INFO - Processing file /home/airflow/.local/lib/python3.12/site-packages/airflow/example_dags/example_external_task_marker_dag.py for tasks to queue
[2025-04-15T19:46:47.401+0000] {logging_mixin.py:190} INFO - [2025-04-15T19:46:47.400+0000] {dagbag.py:588} INFO - Filling up the DagBag from /home/airflow/.local/lib/python3.12/site-packages/airflow/example_dags/example_external_task_marker_dag.py
[2025-04-15T19:46:47.420+0000] {processor.py:925} INFO - DAG(s) 'example_external_task_marker_parent', 'example_external_task_marker_child' retrieved from /home/airflow/.local/lib/python3.12/site-packages/airflow/example_dags/example_external_task_marker_dag.py
[2025-04-15T19:46:47.462+0000] {logging_mixin.py:190} INFO - [2025-04-15T19:46:47.462+0000] {dag.py:3239} INFO - Sync 2 DAGs
[2025-04-15T19:46:47.488+0000] {logging_mixin.py:190} INFO - [2025-04-15T19:46:47.488+0000] {dag.py:4180} INFO - Setting next_dagrun for example_external_task_marker_child to None, run_after=None
[2025-04-15T19:46:47.495+0000] {logging_mixin.py:190} INFO - [2025-04-15T19:46:47.494+0000] {dag.py:4180} INFO - Setting next_dagrun for example_external_task_marker_parent to None, run_after=None
[2025-04-15T19:46:47.525+0000] {processor.py:208} INFO - Processing /home/airflow/.local/lib/python3.12/site-packages/airflow/example_dags/example_external_task_marker_dag.py took 0.141 seconds
[2025-04-15T19:47:17.817+0000] {processor.py:186} INFO - Started process (PID=17317) to work on /home/airflow/.local/lib/python3.12/site-packages/airflow/example_dags/example_external_task_marker_dag.py
[2025-04-15T19:47:17.819+0000] {processor.py:914} INFO - Processing file /home/airflow/.local/lib/python3.12/site-packages/airflow/example_dags/example_external_task_marker_dag.py for tasks to queue
[2025-04-15T19:47:17.821+0000] {logging_mixin.py:190} INFO - [2025-04-15T19:47:17.820+0000] {dagbag.py:588} INFO - Filling up the DagBag from /home/airflow/.local/lib/python3.12/site-packages/airflow/example_dags/example_external_task_marker_dag.py
[2025-04-15T19:47:17.833+0000] {processor.py:925} INFO - DAG(s) 'example_external_task_marker_parent', 'example_external_task_marker_child' retrieved from /home/airflow/.local/lib/python3.12/site-packages/airflow/example_dags/example_external_task_marker_dag.py
[2025-04-15T19:47:17.869+0000] {logging_mixin.py:190} INFO - [2025-04-15T19:47:17.868+0000] {dag.py:3239} INFO - Sync 2 DAGs
[2025-04-15T19:47:17.893+0000] {logging_mixin.py:190} INFO - [2025-04-15T19:47:17.892+0000] {dag.py:4180} INFO - Setting next_dagrun for example_external_task_marker_child to None, run_after=None
[2025-04-15T19:47:17.900+0000] {logging_mixin.py:190} INFO - [2025-04-15T19:47:17.900+0000] {dag.py:4180} INFO - Setting next_dagrun for example_external_task_marker_parent to None, run_after=None
[2025-04-15T19:47:17.929+0000] {processor.py:208} INFO - Processing /home/airflow/.local/lib/python3.12/site-packages/airflow/example_dags/example_external_task_marker_dag.py took 0.120 seconds
[2025-04-15T19:47:48.590+0000] {processor.py:186} INFO - Started process (PID=17384) to work on /home/airflow/.local/lib/python3.12/site-packages/airflow/example_dags/example_external_task_marker_dag.py
[2025-04-15T19:47:48.591+0000] {processor.py:914} INFO - Processing file /home/airflow/.local/lib/python3.12/site-packages/airflow/example_dags/example_external_task_marker_dag.py for tasks to queue
[2025-04-15T19:47:48.593+0000] {logging_mixin.py:190} INFO - [2025-04-15T19:47:48.592+0000] {dagbag.py:588} INFO - Filling up the DagBag from /home/airflow/.local/lib/python3.12/site-packages/airflow/example_dags/example_external_task_marker_dag.py
[2025-04-15T19:47:48.605+0000] {processor.py:925} INFO - DAG(s) 'example_external_task_marker_parent', 'example_external_task_marker_child' retrieved from /home/airflow/.local/lib/python3.12/site-packages/airflow/example_dags/example_external_task_marker_dag.py
[2025-04-15T19:47:48.640+0000] {logging_mixin.py:190} INFO - [2025-04-15T19:47:48.640+0000] {dag.py:3239} INFO - Sync 2 DAGs
[2025-04-15T19:47:48.664+0000] {logging_mixin.py:190} INFO - [2025-04-15T19:47:48.664+0000] {dag.py:4180} INFO - Setting next_dagrun for example_external_task_marker_child to None, run_after=None
[2025-04-15T19:47:48.672+0000] {logging_mixin.py:190} INFO - [2025-04-15T19:47:48.671+0000] {dag.py:4180} INFO - Setting next_dagrun for example_external_task_marker_parent to None, run_after=None
[2025-04-15T19:47:48.703+0000] {processor.py:208} INFO - Processing /home/airflow/.local/lib/python3.12/site-packages/airflow/example_dags/example_external_task_marker_dag.py took 0.123 seconds
[2025-04-15T19:48:18.873+0000] {processor.py:186} INFO - Started process (PID=17451) to work on /home/airflow/.local/lib/python3.12/site-packages/airflow/example_dags/example_external_task_marker_dag.py
[2025-04-15T19:48:18.875+0000] {processor.py:914} INFO - Processing file /home/airflow/.local/lib/python3.12/site-packages/airflow/example_dags/example_external_task_marker_dag.py for tasks to queue
[2025-04-15T19:48:18.877+0000] {logging_mixin.py:190} INFO - [2025-04-15T19:48:18.876+0000] {dagbag.py:588} INFO - Filling up the DagBag from /home/airflow/.local/lib/python3.12/site-packages/airflow/example_dags/example_external_task_marker_dag.py
[2025-04-15T19:48:18.890+0000] {processor.py:925} INFO - DAG(s) 'example_external_task_marker_child', 'example_external_task_marker_parent' retrieved from /home/airflow/.local/lib/python3.12/site-packages/airflow/example_dags/example_external_task_marker_dag.py
[2025-04-15T19:48:18.927+0000] {logging_mixin.py:190} INFO - [2025-04-15T19:48:18.927+0000] {dag.py:3239} INFO - Sync 2 DAGs
[2025-04-15T19:48:18.952+0000] {logging_mixin.py:190} INFO - [2025-04-15T19:48:18.951+0000] {dag.py:4180} INFO - Setting next_dagrun for example_external_task_marker_child to None, run_after=None
[2025-04-15T19:48:18.958+0000] {logging_mixin.py:190} INFO - [2025-04-15T19:48:18.958+0000] {dag.py:4180} INFO - Setting next_dagrun for example_external_task_marker_parent to None, run_after=None
[2025-04-15T19:48:18.980+0000] {processor.py:208} INFO - Processing /home/airflow/.local/lib/python3.12/site-packages/airflow/example_dags/example_external_task_marker_dag.py took 0.115 seconds
[2025-04-15T19:48:49.245+0000] {processor.py:186} INFO - Started process (PID=17518) to work on /home/airflow/.local/lib/python3.12/site-packages/airflow/example_dags/example_external_task_marker_dag.py
[2025-04-15T19:48:49.246+0000] {processor.py:914} INFO - Processing file /home/airflow/.local/lib/python3.12/site-packages/airflow/example_dags/example_external_task_marker_dag.py for tasks to queue
[2025-04-15T19:48:49.248+0000] {logging_mixin.py:190} INFO - [2025-04-15T19:48:49.248+0000] {dagbag.py:588} INFO - Filling up the DagBag from /home/airflow/.local/lib/python3.12/site-packages/airflow/example_dags/example_external_task_marker_dag.py
[2025-04-15T19:48:49.256+0000] {processor.py:925} INFO - DAG(s) 'example_external_task_marker_parent', 'example_external_task_marker_child' retrieved from /home/airflow/.local/lib/python3.12/site-packages/airflow/example_dags/example_external_task_marker_dag.py
[2025-04-15T19:48:49.285+0000] {logging_mixin.py:190} INFO - [2025-04-15T19:48:49.285+0000] {dag.py:3239} INFO - Sync 2 DAGs
[2025-04-15T19:48:49.302+0000] {logging_mixin.py:190} INFO - [2025-04-15T19:48:49.302+0000] {dag.py:4180} INFO - Setting next_dagrun for example_external_task_marker_child to None, run_after=None
[2025-04-15T19:48:49.309+0000] {logging_mixin.py:190} INFO - [2025-04-15T19:48:49.308+0000] {dag.py:4180} INFO - Setting next_dagrun for example_external_task_marker_parent to None, run_after=None
[2025-04-15T19:48:49.329+0000] {processor.py:208} INFO - Processing /home/airflow/.local/lib/python3.12/site-packages/airflow/example_dags/example_external_task_marker_dag.py took 0.090 seconds
[2025-04-15T19:49:20.082+0000] {processor.py:186} INFO - Started process (PID=17585) to work on /home/airflow/.local/lib/python3.12/site-packages/airflow/example_dags/example_external_task_marker_dag.py
[2025-04-15T19:49:20.084+0000] {processor.py:914} INFO - Processing file /home/airflow/.local/lib/python3.12/site-packages/airflow/example_dags/example_external_task_marker_dag.py for tasks to queue
[2025-04-15T19:49:20.086+0000] {logging_mixin.py:190} INFO - [2025-04-15T19:49:20.085+0000] {dagbag.py:588} INFO - Filling up the DagBag from /home/airflow/.local/lib/python3.12/site-packages/airflow/example_dags/example_external_task_marker_dag.py
[2025-04-15T19:49:20.101+0000] {processor.py:925} INFO - DAG(s) 'example_external_task_marker_child', 'example_external_task_marker_parent' retrieved from /home/airflow/.local/lib/python3.12/site-packages/airflow/example_dags/example_external_task_marker_dag.py
[2025-04-15T19:49:20.144+0000] {logging_mixin.py:190} INFO - [2025-04-15T19:49:20.143+0000] {dag.py:3239} INFO - Sync 2 DAGs
[2025-04-15T19:49:20.175+0000] {logging_mixin.py:190} INFO - [2025-04-15T19:49:20.174+0000] {dag.py:4180} INFO - Setting next_dagrun for example_external_task_marker_child to None, run_after=None
[2025-04-15T19:49:20.182+0000] {logging_mixin.py:190} INFO - [2025-04-15T19:49:20.182+0000] {dag.py:4180} INFO - Setting next_dagrun for example_external_task_marker_parent to None, run_after=None
[2025-04-15T19:49:20.222+0000] {processor.py:208} INFO - Processing /home/airflow/.local/lib/python3.12/site-packages/airflow/example_dags/example_external_task_marker_dag.py took 0.148 seconds
[2025-04-15T19:49:50.671+0000] {processor.py:186} INFO - Started process (PID=17651) to work on /home/airflow/.local/lib/python3.12/site-packages/airflow/example_dags/example_external_task_marker_dag.py
[2025-04-15T19:49:50.672+0000] {processor.py:914} INFO - Processing file /home/airflow/.local/lib/python3.12/site-packages/airflow/example_dags/example_external_task_marker_dag.py for tasks to queue
[2025-04-15T19:49:50.674+0000] {logging_mixin.py:190} INFO - [2025-04-15T19:49:50.674+0000] {dagbag.py:588} INFO - Filling up the DagBag from /home/airflow/.local/lib/python3.12/site-packages/airflow/example_dags/example_external_task_marker_dag.py
[2025-04-15T19:49:50.690+0000] {processor.py:925} INFO - DAG(s) 'example_external_task_marker_child', 'example_external_task_marker_parent' retrieved from /home/airflow/.local/lib/python3.12/site-packages/airflow/example_dags/example_external_task_marker_dag.py
[2025-04-15T19:49:50.726+0000] {logging_mixin.py:190} INFO - [2025-04-15T19:49:50.726+0000] {dag.py:3239} INFO - Sync 2 DAGs
[2025-04-15T19:49:50.754+0000] {logging_mixin.py:190} INFO - [2025-04-15T19:49:50.753+0000] {dag.py:4180} INFO - Setting next_dagrun for example_external_task_marker_child to None, run_after=None
[2025-04-15T19:49:50.761+0000] {logging_mixin.py:190} INFO - [2025-04-15T19:49:50.761+0000] {dag.py:4180} INFO - Setting next_dagrun for example_external_task_marker_parent to None, run_after=None
[2025-04-15T19:49:50.790+0000] {processor.py:208} INFO - Processing /home/airflow/.local/lib/python3.12/site-packages/airflow/example_dags/example_external_task_marker_dag.py took 0.131 seconds
[2025-04-15T19:50:21.629+0000] {processor.py:186} INFO - Started process (PID=17718) to work on /home/airflow/.local/lib/python3.12/site-packages/airflow/example_dags/example_external_task_marker_dag.py
[2025-04-15T19:50:21.631+0000] {processor.py:914} INFO - Processing file /home/airflow/.local/lib/python3.12/site-packages/airflow/example_dags/example_external_task_marker_dag.py for tasks to queue
[2025-04-15T19:50:21.633+0000] {logging_mixin.py:190} INFO - [2025-04-15T19:50:21.632+0000] {dagbag.py:588} INFO - Filling up the DagBag from /home/airflow/.local/lib/python3.12/site-packages/airflow/example_dags/example_external_task_marker_dag.py
[2025-04-15T19:50:21.649+0000] {processor.py:925} INFO - DAG(s) 'example_external_task_marker_parent', 'example_external_task_marker_child' retrieved from /home/airflow/.local/lib/python3.12/site-packages/airflow/example_dags/example_external_task_marker_dag.py
[2025-04-15T19:50:21.695+0000] {logging_mixin.py:190} INFO - [2025-04-15T19:50:21.694+0000] {dag.py:3239} INFO - Sync 2 DAGs
[2025-04-15T19:50:21.720+0000] {logging_mixin.py:190} INFO - [2025-04-15T19:50:21.720+0000] {dag.py:4180} INFO - Setting next_dagrun for example_external_task_marker_child to None, run_after=None
[2025-04-15T19:50:21.727+0000] {logging_mixin.py:190} INFO - [2025-04-15T19:50:21.727+0000] {dag.py:4180} INFO - Setting next_dagrun for example_external_task_marker_parent to None, run_after=None
[2025-04-15T19:50:21.761+0000] {processor.py:208} INFO - Processing /home/airflow/.local/lib/python3.12/site-packages/airflow/example_dags/example_external_task_marker_dag.py took 0.143 seconds
[2025-04-15T19:50:52.247+0000] {processor.py:186} INFO - Started process (PID=17785) to work on /home/airflow/.local/lib/python3.12/site-packages/airflow/example_dags/example_external_task_marker_dag.py
[2025-04-15T19:50:52.248+0000] {processor.py:914} INFO - Processing file /home/airflow/.local/lib/python3.12/site-packages/airflow/example_dags/example_external_task_marker_dag.py for tasks to queue
[2025-04-15T19:50:52.254+0000] {logging_mixin.py:190} INFO - [2025-04-15T19:50:52.253+0000] {dagbag.py:588} INFO - Filling up the DagBag from /home/airflow/.local/lib/python3.12/site-packages/airflow/example_dags/example_external_task_marker_dag.py
[2025-04-15T19:50:52.265+0000] {processor.py:925} INFO - DAG(s) 'example_external_task_marker_child', 'example_external_task_marker_parent' retrieved from /home/airflow/.local/lib/python3.12/site-packages/airflow/example_dags/example_external_task_marker_dag.py
[2025-04-15T19:50:52.300+0000] {logging_mixin.py:190} INFO - [2025-04-15T19:50:52.300+0000] {dag.py:3239} INFO - Sync 2 DAGs
[2025-04-15T19:50:52.322+0000] {logging_mixin.py:190} INFO - [2025-04-15T19:50:52.322+0000] {dag.py:4180} INFO - Setting next_dagrun for example_external_task_marker_child to None, run_after=None
[2025-04-15T19:50:52.328+0000] {logging_mixin.py:190} INFO - [2025-04-15T19:50:52.328+0000] {dag.py:4180} INFO - Setting next_dagrun for example_external_task_marker_parent to None, run_after=None
[2025-04-15T19:50:52.356+0000] {processor.py:208} INFO - Processing /home/airflow/.local/lib/python3.12/site-packages/airflow/example_dags/example_external_task_marker_dag.py took 0.119 seconds
[2025-04-15T19:51:22.777+0000] {processor.py:186} INFO - Started process (PID=17852) to work on /home/airflow/.local/lib/python3.12/site-packages/airflow/example_dags/example_external_task_marker_dag.py
[2025-04-15T19:51:22.779+0000] {processor.py:914} INFO - Processing file /home/airflow/.local/lib/python3.12/site-packages/airflow/example_dags/example_external_task_marker_dag.py for tasks to queue
[2025-04-15T19:51:22.781+0000] {logging_mixin.py:190} INFO - [2025-04-15T19:51:22.781+0000] {dagbag.py:588} INFO - Filling up the DagBag from /home/airflow/.local/lib/python3.12/site-packages/airflow/example_dags/example_external_task_marker_dag.py
[2025-04-15T19:51:22.795+0000] {processor.py:925} INFO - DAG(s) 'example_external_task_marker_parent', 'example_external_task_marker_child' retrieved from /home/airflow/.local/lib/python3.12/site-packages/airflow/example_dags/example_external_task_marker_dag.py
[2025-04-15T19:51:22.841+0000] {logging_mixin.py:190} INFO - [2025-04-15T19:51:22.841+0000] {dag.py:3239} INFO - Sync 2 DAGs
[2025-04-15T19:51:22.863+0000] {logging_mixin.py:190} INFO - [2025-04-15T19:51:22.862+0000] {dag.py:4180} INFO - Setting next_dagrun for example_external_task_marker_child to None, run_after=None
[2025-04-15T19:51:22.868+0000] {logging_mixin.py:190} INFO - [2025-04-15T19:51:22.868+0000] {dag.py:4180} INFO - Setting next_dagrun for example_external_task_marker_parent to None, run_after=None
[2025-04-15T19:51:22.897+0000] {processor.py:208} INFO - Processing /home/airflow/.local/lib/python3.12/site-packages/airflow/example_dags/example_external_task_marker_dag.py took 0.130 seconds
[2025-04-15T19:51:53.072+0000] {processor.py:186} INFO - Started process (PID=17919) to work on /home/airflow/.local/lib/python3.12/site-packages/airflow/example_dags/example_external_task_marker_dag.py
[2025-04-15T19:51:53.073+0000] {processor.py:914} INFO - Processing file /home/airflow/.local/lib/python3.12/site-packages/airflow/example_dags/example_external_task_marker_dag.py for tasks to queue
[2025-04-15T19:51:53.075+0000] {logging_mixin.py:190} INFO - [2025-04-15T19:51:53.075+0000] {dagbag.py:588} INFO - Filling up the DagBag from /home/airflow/.local/lib/python3.12/site-packages/airflow/example_dags/example_external_task_marker_dag.py
[2025-04-15T19:51:53.088+0000] {processor.py:925} INFO - DAG(s) 'example_external_task_marker_child', 'example_external_task_marker_parent' retrieved from /home/airflow/.local/lib/python3.12/site-packages/airflow/example_dags/example_external_task_marker_dag.py
[2025-04-15T19:51:53.122+0000] {logging_mixin.py:190} INFO - [2025-04-15T19:51:53.122+0000] {dag.py:3239} INFO - Sync 2 DAGs
[2025-04-15T19:51:53.146+0000] {logging_mixin.py:190} INFO - [2025-04-15T19:51:53.146+0000] {dag.py:4180} INFO - Setting next_dagrun for example_external_task_marker_child to None, run_after=None
[2025-04-15T19:51:53.152+0000] {logging_mixin.py:190} INFO - [2025-04-15T19:51:53.152+0000] {dag.py:4180} INFO - Setting next_dagrun for example_external_task_marker_parent to None, run_after=None
[2025-04-15T19:51:53.181+0000] {processor.py:208} INFO - Processing /home/airflow/.local/lib/python3.12/site-packages/airflow/example_dags/example_external_task_marker_dag.py took 0.117 seconds
[2025-04-15T19:52:23.439+0000] {processor.py:186} INFO - Started process (PID=17986) to work on /home/airflow/.local/lib/python3.12/site-packages/airflow/example_dags/example_external_task_marker_dag.py
[2025-04-15T19:52:23.441+0000] {processor.py:914} INFO - Processing file /home/airflow/.local/lib/python3.12/site-packages/airflow/example_dags/example_external_task_marker_dag.py for tasks to queue
[2025-04-15T19:52:23.443+0000] {logging_mixin.py:190} INFO - [2025-04-15T19:52:23.442+0000] {dagbag.py:588} INFO - Filling up the DagBag from /home/airflow/.local/lib/python3.12/site-packages/airflow/example_dags/example_external_task_marker_dag.py
[2025-04-15T19:52:23.454+0000] {processor.py:925} INFO - DAG(s) 'example_external_task_marker_child', 'example_external_task_marker_parent' retrieved from /home/airflow/.local/lib/python3.12/site-packages/airflow/example_dags/example_external_task_marker_dag.py
[2025-04-15T19:52:23.488+0000] {logging_mixin.py:190} INFO - [2025-04-15T19:52:23.488+0000] {dag.py:3239} INFO - Sync 2 DAGs
[2025-04-15T19:52:23.516+0000] {logging_mixin.py:190} INFO - [2025-04-15T19:52:23.515+0000] {dag.py:4180} INFO - Setting next_dagrun for example_external_task_marker_child to None, run_after=None
[2025-04-15T19:52:23.521+0000] {logging_mixin.py:190} INFO - [2025-04-15T19:52:23.521+0000] {dag.py:4180} INFO - Setting next_dagrun for example_external_task_marker_parent to None, run_after=None
[2025-04-15T19:52:23.548+0000] {processor.py:208} INFO - Processing /home/airflow/.local/lib/python3.12/site-packages/airflow/example_dags/example_external_task_marker_dag.py took 0.116 seconds
[2025-04-15T19:52:55.014+0000] {processor.py:186} INFO - Started process (PID=18053) to work on /home/airflow/.local/lib/python3.12/site-packages/airflow/example_dags/example_external_task_marker_dag.py
[2025-04-15T19:52:55.016+0000] {processor.py:914} INFO - Processing file /home/airflow/.local/lib/python3.12/site-packages/airflow/example_dags/example_external_task_marker_dag.py for tasks to queue
[2025-04-15T19:52:55.017+0000] {logging_mixin.py:190} INFO - [2025-04-15T19:52:55.017+0000] {dagbag.py:588} INFO - Filling up the DagBag from /home/airflow/.local/lib/python3.12/site-packages/airflow/example_dags/example_external_task_marker_dag.py
[2025-04-15T19:52:55.026+0000] {processor.py:925} INFO - DAG(s) 'example_external_task_marker_child', 'example_external_task_marker_parent' retrieved from /home/airflow/.local/lib/python3.12/site-packages/airflow/example_dags/example_external_task_marker_dag.py
[2025-04-15T19:52:55.056+0000] {logging_mixin.py:190} INFO - [2025-04-15T19:52:55.056+0000] {dag.py:3239} INFO - Sync 2 DAGs
[2025-04-15T19:52:55.074+0000] {logging_mixin.py:190} INFO - [2025-04-15T19:52:55.073+0000] {dag.py:4180} INFO - Setting next_dagrun for example_external_task_marker_child to None, run_after=None
[2025-04-15T19:52:55.078+0000] {logging_mixin.py:190} INFO - [2025-04-15T19:52:55.078+0000] {dag.py:4180} INFO - Setting next_dagrun for example_external_task_marker_parent to None, run_after=None
[2025-04-15T19:52:55.100+0000] {processor.py:208} INFO - Processing /home/airflow/.local/lib/python3.12/site-packages/airflow/example_dags/example_external_task_marker_dag.py took 0.093 seconds
[2025-04-15T19:53:25.671+0000] {processor.py:186} INFO - Started process (PID=18125) to work on /home/airflow/.local/lib/python3.12/site-packages/airflow/example_dags/example_external_task_marker_dag.py
[2025-04-15T19:53:25.673+0000] {processor.py:914} INFO - Processing file /home/airflow/.local/lib/python3.12/site-packages/airflow/example_dags/example_external_task_marker_dag.py for tasks to queue
[2025-04-15T19:53:25.674+0000] {logging_mixin.py:190} INFO - [2025-04-15T19:53:25.674+0000] {dagbag.py:588} INFO - Filling up the DagBag from /home/airflow/.local/lib/python3.12/site-packages/airflow/example_dags/example_external_task_marker_dag.py
[2025-04-15T19:53:25.683+0000] {processor.py:925} INFO - DAG(s) 'example_external_task_marker_parent', 'example_external_task_marker_child' retrieved from /home/airflow/.local/lib/python3.12/site-packages/airflow/example_dags/example_external_task_marker_dag.py
[2025-04-15T19:53:25.707+0000] {logging_mixin.py:190} INFO - [2025-04-15T19:53:25.707+0000] {dag.py:3239} INFO - Sync 2 DAGs
[2025-04-15T19:53:25.723+0000] {logging_mixin.py:190} INFO - [2025-04-15T19:53:25.723+0000] {dag.py:4180} INFO - Setting next_dagrun for example_external_task_marker_child to None, run_after=None
[2025-04-15T19:53:25.728+0000] {logging_mixin.py:190} INFO - [2025-04-15T19:53:25.727+0000] {dag.py:4180} INFO - Setting next_dagrun for example_external_task_marker_parent to None, run_after=None
[2025-04-15T19:53:25.748+0000] {processor.py:208} INFO - Processing /home/airflow/.local/lib/python3.12/site-packages/airflow/example_dags/example_external_task_marker_dag.py took 0.083 seconds
[2025-04-15T19:53:56.327+0000] {processor.py:186} INFO - Started process (PID=18191) to work on /home/airflow/.local/lib/python3.12/site-packages/airflow/example_dags/example_external_task_marker_dag.py
[2025-04-15T19:53:56.328+0000] {processor.py:914} INFO - Processing file /home/airflow/.local/lib/python3.12/site-packages/airflow/example_dags/example_external_task_marker_dag.py for tasks to queue
[2025-04-15T19:53:56.330+0000] {logging_mixin.py:190} INFO - [2025-04-15T19:53:56.329+0000] {dagbag.py:588} INFO - Filling up the DagBag from /home/airflow/.local/lib/python3.12/site-packages/airflow/example_dags/example_external_task_marker_dag.py
[2025-04-15T19:53:56.339+0000] {processor.py:925} INFO - DAG(s) 'example_external_task_marker_parent', 'example_external_task_marker_child' retrieved from /home/airflow/.local/lib/python3.12/site-packages/airflow/example_dags/example_external_task_marker_dag.py
[2025-04-15T19:53:56.367+0000] {logging_mixin.py:190} INFO - [2025-04-15T19:53:56.367+0000] {dag.py:3239} INFO - Sync 2 DAGs
[2025-04-15T19:53:56.386+0000] {logging_mixin.py:190} INFO - [2025-04-15T19:53:56.385+0000] {dag.py:4180} INFO - Setting next_dagrun for example_external_task_marker_child to None, run_after=None
[2025-04-15T19:53:56.390+0000] {logging_mixin.py:190} INFO - [2025-04-15T19:53:56.390+0000] {dag.py:4180} INFO - Setting next_dagrun for example_external_task_marker_parent to None, run_after=None
[2025-04-15T19:53:56.411+0000] {processor.py:208} INFO - Processing /home/airflow/.local/lib/python3.12/site-packages/airflow/example_dags/example_external_task_marker_dag.py took 0.092 seconds
[2025-04-15T19:54:26.493+0000] {processor.py:186} INFO - Started process (PID=18257) to work on /home/airflow/.local/lib/python3.12/site-packages/airflow/example_dags/example_external_task_marker_dag.py
[2025-04-15T19:54:26.494+0000] {processor.py:914} INFO - Processing file /home/airflow/.local/lib/python3.12/site-packages/airflow/example_dags/example_external_task_marker_dag.py for tasks to queue
[2025-04-15T19:54:26.498+0000] {logging_mixin.py:190} INFO - [2025-04-15T19:54:26.497+0000] {dagbag.py:588} INFO - Filling up the DagBag from /home/airflow/.local/lib/python3.12/site-packages/airflow/example_dags/example_external_task_marker_dag.py
[2025-04-15T19:54:26.512+0000] {processor.py:925} INFO - DAG(s) 'example_external_task_marker_child', 'example_external_task_marker_parent' retrieved from /home/airflow/.local/lib/python3.12/site-packages/airflow/example_dags/example_external_task_marker_dag.py
[2025-04-15T19:54:26.554+0000] {logging_mixin.py:190} INFO - [2025-04-15T19:54:26.554+0000] {dag.py:3239} INFO - Sync 2 DAGs
[2025-04-15T19:54:26.582+0000] {logging_mixin.py:190} INFO - [2025-04-15T19:54:26.581+0000] {dag.py:4180} INFO - Setting next_dagrun for example_external_task_marker_child to None, run_after=None
[2025-04-15T19:54:26.590+0000] {logging_mixin.py:190} INFO - [2025-04-15T19:54:26.589+0000] {dag.py:4180} INFO - Setting next_dagrun for example_external_task_marker_parent to None, run_after=None
[2025-04-15T19:54:26.625+0000] {processor.py:208} INFO - Processing /home/airflow/.local/lib/python3.12/site-packages/airflow/example_dags/example_external_task_marker_dag.py took 0.147 seconds
[2025-04-15T19:54:56.806+0000] {processor.py:186} INFO - Started process (PID=18322) to work on /home/airflow/.local/lib/python3.12/site-packages/airflow/example_dags/example_external_task_marker_dag.py
[2025-04-15T19:54:56.808+0000] {processor.py:914} INFO - Processing file /home/airflow/.local/lib/python3.12/site-packages/airflow/example_dags/example_external_task_marker_dag.py for tasks to queue
[2025-04-15T19:54:56.810+0000] {logging_mixin.py:190} INFO - [2025-04-15T19:54:56.809+0000] {dagbag.py:588} INFO - Filling up the DagBag from /home/airflow/.local/lib/python3.12/site-packages/airflow/example_dags/example_external_task_marker_dag.py
[2025-04-15T19:54:56.823+0000] {processor.py:925} INFO - DAG(s) 'example_external_task_marker_parent', 'example_external_task_marker_child' retrieved from /home/airflow/.local/lib/python3.12/site-packages/airflow/example_dags/example_external_task_marker_dag.py
[2025-04-15T19:54:56.859+0000] {logging_mixin.py:190} INFO - [2025-04-15T19:54:56.858+0000] {dag.py:3239} INFO - Sync 2 DAGs
[2025-04-15T19:54:56.884+0000] {logging_mixin.py:190} INFO - [2025-04-15T19:54:56.884+0000] {dag.py:4180} INFO - Setting next_dagrun for example_external_task_marker_child to None, run_after=None
[2025-04-15T19:54:56.891+0000] {logging_mixin.py:190} INFO - [2025-04-15T19:54:56.890+0000] {dag.py:4180} INFO - Setting next_dagrun for example_external_task_marker_parent to None, run_after=None
[2025-04-15T19:54:56.931+0000] {processor.py:208} INFO - Processing /home/airflow/.local/lib/python3.12/site-packages/airflow/example_dags/example_external_task_marker_dag.py took 0.133 seconds
[2025-04-15T19:55:27.568+0000] {processor.py:186} INFO - Started process (PID=18389) to work on /home/airflow/.local/lib/python3.12/site-packages/airflow/example_dags/example_external_task_marker_dag.py
[2025-04-15T19:55:27.570+0000] {processor.py:914} INFO - Processing file /home/airflow/.local/lib/python3.12/site-packages/airflow/example_dags/example_external_task_marker_dag.py for tasks to queue
[2025-04-15T19:55:27.572+0000] {logging_mixin.py:190} INFO - [2025-04-15T19:55:27.572+0000] {dagbag.py:588} INFO - Filling up the DagBag from /home/airflow/.local/lib/python3.12/site-packages/airflow/example_dags/example_external_task_marker_dag.py
[2025-04-15T19:55:27.590+0000] {processor.py:925} INFO - DAG(s) 'example_external_task_marker_child', 'example_external_task_marker_parent' retrieved from /home/airflow/.local/lib/python3.12/site-packages/airflow/example_dags/example_external_task_marker_dag.py
[2025-04-15T19:55:27.628+0000] {logging_mixin.py:190} INFO - [2025-04-15T19:55:27.627+0000] {dag.py:3239} INFO - Sync 2 DAGs
[2025-04-15T19:55:27.657+0000] {logging_mixin.py:190} INFO - [2025-04-15T19:55:27.656+0000] {dag.py:4180} INFO - Setting next_dagrun for example_external_task_marker_child to None, run_after=None
[2025-04-15T19:55:27.665+0000] {logging_mixin.py:190} INFO - [2025-04-15T19:55:27.664+0000] {dag.py:4180} INFO - Setting next_dagrun for example_external_task_marker_parent to None, run_after=None
[2025-04-15T19:55:27.691+0000] {processor.py:208} INFO - Processing /home/airflow/.local/lib/python3.12/site-packages/airflow/example_dags/example_external_task_marker_dag.py took 0.132 seconds
[2025-04-15T19:55:57.945+0000] {processor.py:186} INFO - Started process (PID=18456) to work on /home/airflow/.local/lib/python3.12/site-packages/airflow/example_dags/example_external_task_marker_dag.py
[2025-04-15T19:55:57.947+0000] {processor.py:914} INFO - Processing file /home/airflow/.local/lib/python3.12/site-packages/airflow/example_dags/example_external_task_marker_dag.py for tasks to queue
[2025-04-15T19:55:57.949+0000] {logging_mixin.py:190} INFO - [2025-04-15T19:55:57.948+0000] {dagbag.py:588} INFO - Filling up the DagBag from /home/airflow/.local/lib/python3.12/site-packages/airflow/example_dags/example_external_task_marker_dag.py
[2025-04-15T19:55:57.972+0000] {processor.py:925} INFO - DAG(s) 'example_external_task_marker_parent', 'example_external_task_marker_child' retrieved from /home/airflow/.local/lib/python3.12/site-packages/airflow/example_dags/example_external_task_marker_dag.py
[2025-04-15T19:55:58.027+0000] {logging_mixin.py:190} INFO - [2025-04-15T19:55:58.027+0000] {dag.py:3239} INFO - Sync 2 DAGs
[2025-04-15T19:55:58.054+0000] {logging_mixin.py:190} INFO - [2025-04-15T19:55:58.054+0000] {dag.py:4180} INFO - Setting next_dagrun for example_external_task_marker_child to None, run_after=None
[2025-04-15T19:55:58.063+0000] {logging_mixin.py:190} INFO - [2025-04-15T19:55:58.062+0000] {dag.py:4180} INFO - Setting next_dagrun for example_external_task_marker_parent to None, run_after=None
[2025-04-15T19:55:58.093+0000] {processor.py:208} INFO - Processing /home/airflow/.local/lib/python3.12/site-packages/airflow/example_dags/example_external_task_marker_dag.py took 0.167 seconds
[2025-04-15T19:56:28.290+0000] {processor.py:186} INFO - Started process (PID=18523) to work on /home/airflow/.local/lib/python3.12/site-packages/airflow/example_dags/example_external_task_marker_dag.py
[2025-04-15T19:56:28.291+0000] {processor.py:914} INFO - Processing file /home/airflow/.local/lib/python3.12/site-packages/airflow/example_dags/example_external_task_marker_dag.py for tasks to queue
[2025-04-15T19:56:28.293+0000] {logging_mixin.py:190} INFO - [2025-04-15T19:56:28.293+0000] {dagbag.py:588} INFO - Filling up the DagBag from /home/airflow/.local/lib/python3.12/site-packages/airflow/example_dags/example_external_task_marker_dag.py
[2025-04-15T19:56:28.308+0000] {processor.py:925} INFO - DAG(s) 'example_external_task_marker_parent', 'example_external_task_marker_child' retrieved from /home/airflow/.local/lib/python3.12/site-packages/airflow/example_dags/example_external_task_marker_dag.py
[2025-04-15T19:56:28.346+0000] {logging_mixin.py:190} INFO - [2025-04-15T19:56:28.346+0000] {dag.py:3239} INFO - Sync 2 DAGs
[2025-04-15T19:56:28.374+0000] {logging_mixin.py:190} INFO - [2025-04-15T19:56:28.374+0000] {dag.py:4180} INFO - Setting next_dagrun for example_external_task_marker_child to None, run_after=None
[2025-04-15T19:56:28.381+0000] {logging_mixin.py:190} INFO - [2025-04-15T19:56:28.381+0000] {dag.py:4180} INFO - Setting next_dagrun for example_external_task_marker_parent to None, run_after=None
[2025-04-15T19:56:28.411+0000] {processor.py:208} INFO - Processing /home/airflow/.local/lib/python3.12/site-packages/airflow/example_dags/example_external_task_marker_dag.py took 0.129 seconds
[2025-04-15T19:56:58.933+0000] {processor.py:186} INFO - Started process (PID=18590) to work on /home/airflow/.local/lib/python3.12/site-packages/airflow/example_dags/example_external_task_marker_dag.py
[2025-04-15T19:56:58.934+0000] {processor.py:914} INFO - Processing file /home/airflow/.local/lib/python3.12/site-packages/airflow/example_dags/example_external_task_marker_dag.py for tasks to queue
[2025-04-15T19:56:58.936+0000] {logging_mixin.py:190} INFO - [2025-04-15T19:56:58.936+0000] {dagbag.py:588} INFO - Filling up the DagBag from /home/airflow/.local/lib/python3.12/site-packages/airflow/example_dags/example_external_task_marker_dag.py
[2025-04-15T19:56:58.951+0000] {processor.py:925} INFO - DAG(s) 'example_external_task_marker_parent', 'example_external_task_marker_child' retrieved from /home/airflow/.local/lib/python3.12/site-packages/airflow/example_dags/example_external_task_marker_dag.py
[2025-04-15T19:56:58.986+0000] {logging_mixin.py:190} INFO - [2025-04-15T19:56:58.986+0000] {dag.py:3239} INFO - Sync 2 DAGs
[2025-04-15T19:56:59.010+0000] {logging_mixin.py:190} INFO - [2025-04-15T19:56:59.010+0000] {dag.py:4180} INFO - Setting next_dagrun for example_external_task_marker_child to None, run_after=None
[2025-04-15T19:56:59.017+0000] {logging_mixin.py:190} INFO - [2025-04-15T19:56:59.017+0000] {dag.py:4180} INFO - Setting next_dagrun for example_external_task_marker_parent to None, run_after=None
[2025-04-15T19:56:59.046+0000] {processor.py:208} INFO - Processing /home/airflow/.local/lib/python3.12/site-packages/airflow/example_dags/example_external_task_marker_dag.py took 0.122 seconds
[2025-04-15T19:57:29.298+0000] {processor.py:186} INFO - Started process (PID=18657) to work on /home/airflow/.local/lib/python3.12/site-packages/airflow/example_dags/example_external_task_marker_dag.py
[2025-04-15T19:57:29.300+0000] {processor.py:914} INFO - Processing file /home/airflow/.local/lib/python3.12/site-packages/airflow/example_dags/example_external_task_marker_dag.py for tasks to queue
[2025-04-15T19:57:29.302+0000] {logging_mixin.py:190} INFO - [2025-04-15T19:57:29.301+0000] {dagbag.py:588} INFO - Filling up the DagBag from /home/airflow/.local/lib/python3.12/site-packages/airflow/example_dags/example_external_task_marker_dag.py
[2025-04-15T19:57:29.314+0000] {processor.py:925} INFO - DAG(s) 'example_external_task_marker_parent', 'example_external_task_marker_child' retrieved from /home/airflow/.local/lib/python3.12/site-packages/airflow/example_dags/example_external_task_marker_dag.py
[2025-04-15T19:57:29.354+0000] {logging_mixin.py:190} INFO - [2025-04-15T19:57:29.353+0000] {dag.py:3239} INFO - Sync 2 DAGs
[2025-04-15T19:57:29.379+0000] {logging_mixin.py:190} INFO - [2025-04-15T19:57:29.378+0000] {dag.py:4180} INFO - Setting next_dagrun for example_external_task_marker_child to None, run_after=None
[2025-04-15T19:57:29.385+0000] {logging_mixin.py:190} INFO - [2025-04-15T19:57:29.385+0000] {dag.py:4180} INFO - Setting next_dagrun for example_external_task_marker_parent to None, run_after=None
[2025-04-15T19:57:29.409+0000] {processor.py:208} INFO - Processing /home/airflow/.local/lib/python3.12/site-packages/airflow/example_dags/example_external_task_marker_dag.py took 0.120 seconds
[2025-04-15T19:57:59.851+0000] {processor.py:186} INFO - Started process (PID=18724) to work on /home/airflow/.local/lib/python3.12/site-packages/airflow/example_dags/example_external_task_marker_dag.py
[2025-04-15T19:57:59.852+0000] {processor.py:914} INFO - Processing file /home/airflow/.local/lib/python3.12/site-packages/airflow/example_dags/example_external_task_marker_dag.py for tasks to queue
[2025-04-15T19:57:59.854+0000] {logging_mixin.py:190} INFO - [2025-04-15T19:57:59.853+0000] {dagbag.py:588} INFO - Filling up the DagBag from /home/airflow/.local/lib/python3.12/site-packages/airflow/example_dags/example_external_task_marker_dag.py
[2025-04-15T19:57:59.863+0000] {processor.py:925} INFO - DAG(s) 'example_external_task_marker_parent', 'example_external_task_marker_child' retrieved from /home/airflow/.local/lib/python3.12/site-packages/airflow/example_dags/example_external_task_marker_dag.py
[2025-04-15T19:57:59.888+0000] {logging_mixin.py:190} INFO - [2025-04-15T19:57:59.888+0000] {dag.py:3239} INFO - Sync 2 DAGs
[2025-04-15T19:57:59.905+0000] {logging_mixin.py:190} INFO - [2025-04-15T19:57:59.904+0000] {dag.py:4180} INFO - Setting next_dagrun for example_external_task_marker_child to None, run_after=None
[2025-04-15T19:57:59.909+0000] {logging_mixin.py:190} INFO - [2025-04-15T19:57:59.909+0000] {dag.py:4180} INFO - Setting next_dagrun for example_external_task_marker_parent to None, run_after=None
[2025-04-15T19:57:59.927+0000] {processor.py:208} INFO - Processing /home/airflow/.local/lib/python3.12/site-packages/airflow/example_dags/example_external_task_marker_dag.py took 0.083 seconds
[2025-04-15T19:58:30.702+0000] {processor.py:186} INFO - Started process (PID=18791) to work on /home/airflow/.local/lib/python3.12/site-packages/airflow/example_dags/example_external_task_marker_dag.py
[2025-04-15T19:58:30.704+0000] {processor.py:914} INFO - Processing file /home/airflow/.local/lib/python3.12/site-packages/airflow/example_dags/example_external_task_marker_dag.py for tasks to queue
[2025-04-15T19:58:30.705+0000] {logging_mixin.py:190} INFO - [2025-04-15T19:58:30.705+0000] {dagbag.py:588} INFO - Filling up the DagBag from /home/airflow/.local/lib/python3.12/site-packages/airflow/example_dags/example_external_task_marker_dag.py
[2025-04-15T19:58:30.718+0000] {processor.py:925} INFO - DAG(s) 'example_external_task_marker_child', 'example_external_task_marker_parent' retrieved from /home/airflow/.local/lib/python3.12/site-packages/airflow/example_dags/example_external_task_marker_dag.py
[2025-04-15T19:58:30.758+0000] {logging_mixin.py:190} INFO - [2025-04-15T19:58:30.758+0000] {dag.py:3239} INFO - Sync 2 DAGs
[2025-04-15T19:58:30.792+0000] {logging_mixin.py:190} INFO - [2025-04-15T19:58:30.792+0000] {dag.py:4180} INFO - Setting next_dagrun for example_external_task_marker_child to None, run_after=None
[2025-04-15T19:58:30.798+0000] {logging_mixin.py:190} INFO - [2025-04-15T19:58:30.798+0000] {dag.py:4180} INFO - Setting next_dagrun for example_external_task_marker_parent to None, run_after=None
[2025-04-15T19:58:30.828+0000] {processor.py:208} INFO - Processing /home/airflow/.local/lib/python3.12/site-packages/airflow/example_dags/example_external_task_marker_dag.py took 0.135 seconds
[2025-04-15T19:59:01.030+0000] {processor.py:186} INFO - Started process (PID=18858) to work on /home/airflow/.local/lib/python3.12/site-packages/airflow/example_dags/example_external_task_marker_dag.py
[2025-04-15T19:59:01.031+0000] {processor.py:914} INFO - Processing file /home/airflow/.local/lib/python3.12/site-packages/airflow/example_dags/example_external_task_marker_dag.py for tasks to queue
[2025-04-15T19:59:01.033+0000] {logging_mixin.py:190} INFO - [2025-04-15T19:59:01.033+0000] {dagbag.py:588} INFO - Filling up the DagBag from /home/airflow/.local/lib/python3.12/site-packages/airflow/example_dags/example_external_task_marker_dag.py
[2025-04-15T19:59:01.045+0000] {processor.py:925} INFO - DAG(s) 'example_external_task_marker_child', 'example_external_task_marker_parent' retrieved from /home/airflow/.local/lib/python3.12/site-packages/airflow/example_dags/example_external_task_marker_dag.py
[2025-04-15T19:59:01.084+0000] {logging_mixin.py:190} INFO - [2025-04-15T19:59:01.084+0000] {dag.py:3239} INFO - Sync 2 DAGs
[2025-04-15T19:59:01.108+0000] {logging_mixin.py:190} INFO - [2025-04-15T19:59:01.107+0000] {dag.py:4180} INFO - Setting next_dagrun for example_external_task_marker_child to None, run_after=None
[2025-04-15T19:59:01.114+0000] {logging_mixin.py:190} INFO - [2025-04-15T19:59:01.114+0000] {dag.py:4180} INFO - Setting next_dagrun for example_external_task_marker_parent to None, run_after=None
[2025-04-15T19:59:01.143+0000] {processor.py:208} INFO - Processing /home/airflow/.local/lib/python3.12/site-packages/airflow/example_dags/example_external_task_marker_dag.py took 0.122 seconds
[2025-04-15T19:59:31.371+0000] {processor.py:186} INFO - Started process (PID=18925) to work on /home/airflow/.local/lib/python3.12/site-packages/airflow/example_dags/example_external_task_marker_dag.py
[2025-04-15T19:59:31.373+0000] {processor.py:914} INFO - Processing file /home/airflow/.local/lib/python3.12/site-packages/airflow/example_dags/example_external_task_marker_dag.py for tasks to queue
[2025-04-15T19:59:31.375+0000] {logging_mixin.py:190} INFO - [2025-04-15T19:59:31.374+0000] {dagbag.py:588} INFO - Filling up the DagBag from /home/airflow/.local/lib/python3.12/site-packages/airflow/example_dags/example_external_task_marker_dag.py
[2025-04-15T19:59:31.387+0000] {processor.py:925} INFO - DAG(s) 'example_external_task_marker_child', 'example_external_task_marker_parent' retrieved from /home/airflow/.local/lib/python3.12/site-packages/airflow/example_dags/example_external_task_marker_dag.py
[2025-04-15T19:59:31.427+0000] {logging_mixin.py:190} INFO - [2025-04-15T19:59:31.426+0000] {dag.py:3239} INFO - Sync 2 DAGs
[2025-04-15T19:59:31.458+0000] {logging_mixin.py:190} INFO - [2025-04-15T19:59:31.457+0000] {dag.py:4180} INFO - Setting next_dagrun for example_external_task_marker_child to None, run_after=None
[2025-04-15T19:59:31.465+0000] {logging_mixin.py:190} INFO - [2025-04-15T19:59:31.465+0000] {dag.py:4180} INFO - Setting next_dagrun for example_external_task_marker_parent to None, run_after=None
[2025-04-15T19:59:31.493+0000] {processor.py:208} INFO - Processing /home/airflow/.local/lib/python3.12/site-packages/airflow/example_dags/example_external_task_marker_dag.py took 0.130 seconds
[2025-04-15T20:00:02.078+0000] {processor.py:186} INFO - Started process (PID=18992) to work on /home/airflow/.local/lib/python3.12/site-packages/airflow/example_dags/example_external_task_marker_dag.py
[2025-04-15T20:00:02.081+0000] {processor.py:914} INFO - Processing file /home/airflow/.local/lib/python3.12/site-packages/airflow/example_dags/example_external_task_marker_dag.py for tasks to queue
[2025-04-15T20:00:02.084+0000] {logging_mixin.py:190} INFO - [2025-04-15T20:00:02.083+0000] {dagbag.py:588} INFO - Filling up the DagBag from /home/airflow/.local/lib/python3.12/site-packages/airflow/example_dags/example_external_task_marker_dag.py
[2025-04-15T20:00:02.095+0000] {processor.py:925} INFO - DAG(s) 'example_external_task_marker_child', 'example_external_task_marker_parent' retrieved from /home/airflow/.local/lib/python3.12/site-packages/airflow/example_dags/example_external_task_marker_dag.py
[2025-04-15T20:00:02.130+0000] {logging_mixin.py:190} INFO - [2025-04-15T20:00:02.130+0000] {dag.py:3239} INFO - Sync 2 DAGs
[2025-04-15T20:00:02.153+0000] {logging_mixin.py:190} INFO - [2025-04-15T20:00:02.152+0000] {dag.py:4180} INFO - Setting next_dagrun for example_external_task_marker_child to None, run_after=None
[2025-04-15T20:00:02.159+0000] {logging_mixin.py:190} INFO - [2025-04-15T20:00:02.159+0000] {dag.py:4180} INFO - Setting next_dagrun for example_external_task_marker_parent to None, run_after=None
[2025-04-15T20:00:02.187+0000] {processor.py:208} INFO - Processing /home/airflow/.local/lib/python3.12/site-packages/airflow/example_dags/example_external_task_marker_dag.py took 0.117 seconds
[2025-04-15T20:00:32.426+0000] {processor.py:186} INFO - Started process (PID=19059) to work on /home/airflow/.local/lib/python3.12/site-packages/airflow/example_dags/example_external_task_marker_dag.py
[2025-04-15T20:00:32.427+0000] {processor.py:914} INFO - Processing file /home/airflow/.local/lib/python3.12/site-packages/airflow/example_dags/example_external_task_marker_dag.py for tasks to queue
[2025-04-15T20:00:32.428+0000] {logging_mixin.py:190} INFO - [2025-04-15T20:00:32.428+0000] {dagbag.py:588} INFO - Filling up the DagBag from /home/airflow/.local/lib/python3.12/site-packages/airflow/example_dags/example_external_task_marker_dag.py
[2025-04-15T20:00:32.437+0000] {processor.py:925} INFO - DAG(s) 'example_external_task_marker_parent', 'example_external_task_marker_child' retrieved from /home/airflow/.local/lib/python3.12/site-packages/airflow/example_dags/example_external_task_marker_dag.py
[2025-04-15T20:00:32.463+0000] {logging_mixin.py:190} INFO - [2025-04-15T20:00:32.463+0000] {dag.py:3239} INFO - Sync 2 DAGs
[2025-04-15T20:00:32.481+0000] {logging_mixin.py:190} INFO - [2025-04-15T20:00:32.480+0000] {dag.py:4180} INFO - Setting next_dagrun for example_external_task_marker_child to None, run_after=None
[2025-04-15T20:00:32.485+0000] {logging_mixin.py:190} INFO - [2025-04-15T20:00:32.485+0000] {dag.py:4180} INFO - Setting next_dagrun for example_external_task_marker_parent to None, run_after=None
[2025-04-15T20:00:32.507+0000] {processor.py:208} INFO - Processing /home/airflow/.local/lib/python3.12/site-packages/airflow/example_dags/example_external_task_marker_dag.py took 0.087 seconds
[2025-04-15T20:01:02.912+0000] {processor.py:186} INFO - Started process (PID=19126) to work on /home/airflow/.local/lib/python3.12/site-packages/airflow/example_dags/example_external_task_marker_dag.py
[2025-04-15T20:01:02.914+0000] {processor.py:914} INFO - Processing file /home/airflow/.local/lib/python3.12/site-packages/airflow/example_dags/example_external_task_marker_dag.py for tasks to queue
[2025-04-15T20:01:02.916+0000] {logging_mixin.py:190} INFO - [2025-04-15T20:01:02.915+0000] {dagbag.py:588} INFO - Filling up the DagBag from /home/airflow/.local/lib/python3.12/site-packages/airflow/example_dags/example_external_task_marker_dag.py
[2025-04-15T20:01:02.929+0000] {processor.py:925} INFO - DAG(s) 'example_external_task_marker_parent', 'example_external_task_marker_child' retrieved from /home/airflow/.local/lib/python3.12/site-packages/airflow/example_dags/example_external_task_marker_dag.py
[2025-04-15T20:01:02.973+0000] {logging_mixin.py:190} INFO - [2025-04-15T20:01:02.973+0000] {dag.py:3239} INFO - Sync 2 DAGs
[2025-04-15T20:01:03.007+0000] {logging_mixin.py:190} INFO - [2025-04-15T20:01:03.007+0000] {dag.py:4180} INFO - Setting next_dagrun for example_external_task_marker_child to None, run_after=None
[2025-04-15T20:01:03.015+0000] {logging_mixin.py:190} INFO - [2025-04-15T20:01:03.014+0000] {dag.py:4180} INFO - Setting next_dagrun for example_external_task_marker_parent to None, run_after=None
[2025-04-15T20:01:03.043+0000] {processor.py:208} INFO - Processing /home/airflow/.local/lib/python3.12/site-packages/airflow/example_dags/example_external_task_marker_dag.py took 0.141 seconds
[2025-04-15T20:01:33.542+0000] {processor.py:186} INFO - Started process (PID=19193) to work on /home/airflow/.local/lib/python3.12/site-packages/airflow/example_dags/example_external_task_marker_dag.py
[2025-04-15T20:01:33.544+0000] {processor.py:914} INFO - Processing file /home/airflow/.local/lib/python3.12/site-packages/airflow/example_dags/example_external_task_marker_dag.py for tasks to queue
[2025-04-15T20:01:33.546+0000] {logging_mixin.py:190} INFO - [2025-04-15T20:01:33.545+0000] {dagbag.py:588} INFO - Filling up the DagBag from /home/airflow/.local/lib/python3.12/site-packages/airflow/example_dags/example_external_task_marker_dag.py
[2025-04-15T20:01:33.558+0000] {processor.py:925} INFO - DAG(s) 'example_external_task_marker_child', 'example_external_task_marker_parent' retrieved from /home/airflow/.local/lib/python3.12/site-packages/airflow/example_dags/example_external_task_marker_dag.py
[2025-04-15T20:01:33.594+0000] {logging_mixin.py:190} INFO - [2025-04-15T20:01:33.594+0000] {dag.py:3239} INFO - Sync 2 DAGs
[2025-04-15T20:01:33.618+0000] {logging_mixin.py:190} INFO - [2025-04-15T20:01:33.618+0000] {dag.py:4180} INFO - Setting next_dagrun for example_external_task_marker_child to None, run_after=None
[2025-04-15T20:01:33.625+0000] {logging_mixin.py:190} INFO - [2025-04-15T20:01:33.624+0000] {dag.py:4180} INFO - Setting next_dagrun for example_external_task_marker_parent to None, run_after=None
[2025-04-15T20:01:33.650+0000] {processor.py:208} INFO - Processing /home/airflow/.local/lib/python3.12/site-packages/airflow/example_dags/example_external_task_marker_dag.py took 0.117 seconds
[2025-04-15T20:02:04.126+0000] {processor.py:186} INFO - Started process (PID=19260) to work on /home/airflow/.local/lib/python3.12/site-packages/airflow/example_dags/example_external_task_marker_dag.py
[2025-04-15T20:02:04.127+0000] {processor.py:914} INFO - Processing file /home/airflow/.local/lib/python3.12/site-packages/airflow/example_dags/example_external_task_marker_dag.py for tasks to queue
[2025-04-15T20:02:04.128+0000] {logging_mixin.py:190} INFO - [2025-04-15T20:02:04.128+0000] {dagbag.py:588} INFO - Filling up the DagBag from /home/airflow/.local/lib/python3.12/site-packages/airflow/example_dags/example_external_task_marker_dag.py
[2025-04-15T20:02:04.138+0000] {processor.py:925} INFO - DAG(s) 'example_external_task_marker_parent', 'example_external_task_marker_child' retrieved from /home/airflow/.local/lib/python3.12/site-packages/airflow/example_dags/example_external_task_marker_dag.py
[2025-04-15T20:02:04.167+0000] {logging_mixin.py:190} INFO - [2025-04-15T20:02:04.167+0000] {dag.py:3239} INFO - Sync 2 DAGs
[2025-04-15T20:02:04.190+0000] {logging_mixin.py:190} INFO - [2025-04-15T20:02:04.190+0000] {dag.py:4180} INFO - Setting next_dagrun for example_external_task_marker_child to None, run_after=None
[2025-04-15T20:02:04.196+0000] {logging_mixin.py:190} INFO - [2025-04-15T20:02:04.196+0000] {dag.py:4180} INFO - Setting next_dagrun for example_external_task_marker_parent to None, run_after=None
[2025-04-15T20:02:04.220+0000] {processor.py:208} INFO - Processing /home/airflow/.local/lib/python3.12/site-packages/airflow/example_dags/example_external_task_marker_dag.py took 0.102 seconds
[2025-04-15T20:02:34.840+0000] {processor.py:186} INFO - Started process (PID=19327) to work on /home/airflow/.local/lib/python3.12/site-packages/airflow/example_dags/example_external_task_marker_dag.py
[2025-04-15T20:02:34.842+0000] {processor.py:914} INFO - Processing file /home/airflow/.local/lib/python3.12/site-packages/airflow/example_dags/example_external_task_marker_dag.py for tasks to queue
[2025-04-15T20:02:34.844+0000] {logging_mixin.py:190} INFO - [2025-04-15T20:02:34.844+0000] {dagbag.py:588} INFO - Filling up the DagBag from /home/airflow/.local/lib/python3.12/site-packages/airflow/example_dags/example_external_task_marker_dag.py
[2025-04-15T20:02:34.866+0000] {processor.py:925} INFO - DAG(s) 'example_external_task_marker_parent', 'example_external_task_marker_child' retrieved from /home/airflow/.local/lib/python3.12/site-packages/airflow/example_dags/example_external_task_marker_dag.py
[2025-04-15T20:02:34.901+0000] {logging_mixin.py:190} INFO - [2025-04-15T20:02:34.901+0000] {dag.py:3239} INFO - Sync 2 DAGs
[2025-04-15T20:02:34.926+0000] {logging_mixin.py:190} INFO - [2025-04-15T20:02:34.925+0000] {dag.py:4180} INFO - Setting next_dagrun for example_external_task_marker_child to None, run_after=None
[2025-04-15T20:02:34.934+0000] {logging_mixin.py:190} INFO - [2025-04-15T20:02:34.934+0000] {dag.py:4180} INFO - Setting next_dagrun for example_external_task_marker_parent to None, run_after=None
[2025-04-15T20:02:34.966+0000] {processor.py:208} INFO - Processing /home/airflow/.local/lib/python3.12/site-packages/airflow/example_dags/example_external_task_marker_dag.py took 0.133 seconds
[2025-04-15T20:03:05.484+0000] {processor.py:186} INFO - Started process (PID=19394) to work on /home/airflow/.local/lib/python3.12/site-packages/airflow/example_dags/example_external_task_marker_dag.py
[2025-04-15T20:03:05.485+0000] {processor.py:914} INFO - Processing file /home/airflow/.local/lib/python3.12/site-packages/airflow/example_dags/example_external_task_marker_dag.py for tasks to queue
[2025-04-15T20:03:05.487+0000] {logging_mixin.py:190} INFO - [2025-04-15T20:03:05.487+0000] {dagbag.py:588} INFO - Filling up the DagBag from /home/airflow/.local/lib/python3.12/site-packages/airflow/example_dags/example_external_task_marker_dag.py
[2025-04-15T20:03:05.502+0000] {processor.py:925} INFO - DAG(s) 'example_external_task_marker_child', 'example_external_task_marker_parent' retrieved from /home/airflow/.local/lib/python3.12/site-packages/airflow/example_dags/example_external_task_marker_dag.py
[2025-04-15T20:03:05.545+0000] {logging_mixin.py:190} INFO - [2025-04-15T20:03:05.545+0000] {dag.py:3239} INFO - Sync 2 DAGs
[2025-04-15T20:03:05.571+0000] {logging_mixin.py:190} INFO - [2025-04-15T20:03:05.570+0000] {dag.py:4180} INFO - Setting next_dagrun for example_external_task_marker_child to None, run_after=None
[2025-04-15T20:03:05.578+0000] {logging_mixin.py:190} INFO - [2025-04-15T20:03:05.577+0000] {dag.py:4180} INFO - Setting next_dagrun for example_external_task_marker_parent to None, run_after=None
[2025-04-15T20:03:05.607+0000] {processor.py:208} INFO - Processing /home/airflow/.local/lib/python3.12/site-packages/airflow/example_dags/example_external_task_marker_dag.py took 0.132 seconds
[2025-04-15T20:03:35.778+0000] {processor.py:186} INFO - Started process (PID=19461) to work on /home/airflow/.local/lib/python3.12/site-packages/airflow/example_dags/example_external_task_marker_dag.py
[2025-04-15T20:03:35.779+0000] {processor.py:914} INFO - Processing file /home/airflow/.local/lib/python3.12/site-packages/airflow/example_dags/example_external_task_marker_dag.py for tasks to queue
[2025-04-15T20:03:35.783+0000] {logging_mixin.py:190} INFO - [2025-04-15T20:03:35.782+0000] {dagbag.py:588} INFO - Filling up the DagBag from /home/airflow/.local/lib/python3.12/site-packages/airflow/example_dags/example_external_task_marker_dag.py
[2025-04-15T20:03:35.794+0000] {processor.py:925} INFO - DAG(s) 'example_external_task_marker_parent', 'example_external_task_marker_child' retrieved from /home/airflow/.local/lib/python3.12/site-packages/airflow/example_dags/example_external_task_marker_dag.py
[2025-04-15T20:03:35.832+0000] {logging_mixin.py:190} INFO - [2025-04-15T20:03:35.832+0000] {dag.py:3239} INFO - Sync 2 DAGs
[2025-04-15T20:03:35.857+0000] {logging_mixin.py:190} INFO - [2025-04-15T20:03:35.856+0000] {dag.py:4180} INFO - Setting next_dagrun for example_external_task_marker_child to None, run_after=None
[2025-04-15T20:03:35.863+0000] {logging_mixin.py:190} INFO - [2025-04-15T20:03:35.863+0000] {dag.py:4180} INFO - Setting next_dagrun for example_external_task_marker_parent to None, run_after=None
[2025-04-15T20:03:35.890+0000] {processor.py:208} INFO - Processing /home/airflow/.local/lib/python3.12/site-packages/airflow/example_dags/example_external_task_marker_dag.py took 0.120 seconds
[2025-04-15T20:04:06.288+0000] {processor.py:186} INFO - Started process (PID=19529) to work on /home/airflow/.local/lib/python3.12/site-packages/airflow/example_dags/example_external_task_marker_dag.py
[2025-04-15T20:04:06.290+0000] {processor.py:914} INFO - Processing file /home/airflow/.local/lib/python3.12/site-packages/airflow/example_dags/example_external_task_marker_dag.py for tasks to queue
[2025-04-15T20:04:06.292+0000] {logging_mixin.py:190} INFO - [2025-04-15T20:04:06.292+0000] {dagbag.py:588} INFO - Filling up the DagBag from /home/airflow/.local/lib/python3.12/site-packages/airflow/example_dags/example_external_task_marker_dag.py
[2025-04-15T20:04:06.304+0000] {processor.py:925} INFO - DAG(s) 'example_external_task_marker_parent', 'example_external_task_marker_child' retrieved from /home/airflow/.local/lib/python3.12/site-packages/airflow/example_dags/example_external_task_marker_dag.py
[2025-04-15T20:04:06.344+0000] {logging_mixin.py:190} INFO - [2025-04-15T20:04:06.344+0000] {dag.py:3239} INFO - Sync 2 DAGs
[2025-04-15T20:04:06.370+0000] {logging_mixin.py:190} INFO - [2025-04-15T20:04:06.369+0000] {dag.py:4180} INFO - Setting next_dagrun for example_external_task_marker_child to None, run_after=None
[2025-04-15T20:04:06.376+0000] {logging_mixin.py:190} INFO - [2025-04-15T20:04:06.376+0000] {dag.py:4180} INFO - Setting next_dagrun for example_external_task_marker_parent to None, run_after=None
[2025-04-15T20:04:06.402+0000] {processor.py:208} INFO - Processing /home/airflow/.local/lib/python3.12/site-packages/airflow/example_dags/example_external_task_marker_dag.py took 0.123 seconds
[2025-04-15T23:04:28.179+0000] {processor.py:186} INFO - Started process (PID=19576) to work on /home/airflow/.local/lib/python3.12/site-packages/airflow/example_dags/example_external_task_marker_dag.py
[2025-04-15T23:04:28.180+0000] {processor.py:914} INFO - Processing file /home/airflow/.local/lib/python3.12/site-packages/airflow/example_dags/example_external_task_marker_dag.py for tasks to queue
[2025-04-15T23:04:28.182+0000] {logging_mixin.py:190} INFO - [2025-04-15T23:04:28.181+0000] {dagbag.py:588} INFO - Filling up the DagBag from /home/airflow/.local/lib/python3.12/site-packages/airflow/example_dags/example_external_task_marker_dag.py
[2025-04-15T23:04:28.190+0000] {processor.py:925} INFO - DAG(s) 'example_external_task_marker_child', 'example_external_task_marker_parent' retrieved from /home/airflow/.local/lib/python3.12/site-packages/airflow/example_dags/example_external_task_marker_dag.py
[2025-04-15T23:04:28.214+0000] {logging_mixin.py:190} INFO - [2025-04-15T23:04:28.214+0000] {dag.py:3239} INFO - Sync 2 DAGs
[2025-04-15T23:04:28.231+0000] {logging_mixin.py:190} INFO - [2025-04-15T23:04:28.231+0000] {dag.py:4180} INFO - Setting next_dagrun for example_external_task_marker_child to None, run_after=None
[2025-04-15T23:04:28.236+0000] {logging_mixin.py:190} INFO - [2025-04-15T23:04:28.236+0000] {dag.py:4180} INFO - Setting next_dagrun for example_external_task_marker_parent to None, run_after=None
[2025-04-15T23:04:28.255+0000] {processor.py:208} INFO - Processing /home/airflow/.local/lib/python3.12/site-packages/airflow/example_dags/example_external_task_marker_dag.py took 0.082 seconds
