[2025-04-15T19:35:28.920+0000] {processor.py:186} INFO - Started process (PID=15773) to work on /home/airflow/.local/lib/python3.12/site-packages/airflow/example_dags/example_workday_timetable.py
[2025-04-15T19:35:28.921+0000] {processor.py:914} INFO - Processing file /home/airflow/.local/lib/python3.12/site-packages/airflow/example_dags/example_workday_timetable.py for tasks to queue
[2025-04-15T19:35:28.924+0000] {logging_mixin.py:190} INFO - [2025-04-15T19:35:28.923+0000] {dagbag.py:588} INFO - Filling up the DagBag from /home/airflow/.local/lib/python3.12/site-packages/airflow/example_dags/example_workday_timetable.py
[2025-04-15T19:35:28.935+0000] {processor.py:925} INFO - DAG(s) 'example_workday_timetable' retrieved from /home/airflow/.local/lib/python3.12/site-packages/airflow/example_dags/example_workday_timetable.py
[2025-04-15T19:35:28.977+0000] {logging_mixin.py:190} INFO - [2025-04-15T19:35:28.976+0000] {dag.py:3239} INFO - Sync 1 DAGs
[2025-04-15T19:35:29.320+0000] {logging_mixin.py:190} INFO - [2025-04-15T19:35:29.319+0000] {dag.py:4180} INFO - Setting next_dagrun for example_workday_timetable to 2021-01-04 00:00:00+00:00, run_after=2021-01-05 00:00:00+00:00
[2025-04-15T19:35:29.388+0000] {processor.py:208} INFO - Processing /home/airflow/.local/lib/python3.12/site-packages/airflow/example_dags/example_workday_timetable.py took 0.479 seconds
[2025-04-15T19:36:00.571+0000] {processor.py:186} INFO - Started process (PID=15840) to work on /home/airflow/.local/lib/python3.12/site-packages/airflow/example_dags/example_workday_timetable.py
[2025-04-15T19:36:00.573+0000] {processor.py:914} INFO - Processing file /home/airflow/.local/lib/python3.12/site-packages/airflow/example_dags/example_workday_timetable.py for tasks to queue
[2025-04-15T19:36:00.577+0000] {logging_mixin.py:190} INFO - [2025-04-15T19:36:00.576+0000] {dagbag.py:588} INFO - Filling up the DagBag from /home/airflow/.local/lib/python3.12/site-packages/airflow/example_dags/example_workday_timetable.py
[2025-04-15T19:36:00.590+0000] {processor.py:925} INFO - DAG(s) 'example_workday_timetable' retrieved from /home/airflow/.local/lib/python3.12/site-packages/airflow/example_dags/example_workday_timetable.py
[2025-04-15T19:36:00.636+0000] {logging_mixin.py:190} INFO - [2025-04-15T19:36:00.635+0000] {dag.py:3239} INFO - Sync 1 DAGs
[2025-04-15T19:36:00.785+0000] {logging_mixin.py:190} INFO - [2025-04-15T19:36:00.784+0000] {dag.py:4180} INFO - Setting next_dagrun for example_workday_timetable to 2021-01-04 00:00:00+00:00, run_after=2021-01-05 00:00:00+00:00
[2025-04-15T19:36:00.837+0000] {processor.py:208} INFO - Processing /home/airflow/.local/lib/python3.12/site-packages/airflow/example_dags/example_workday_timetable.py took 0.279 seconds
[2025-04-15T19:36:31.876+0000] {processor.py:186} INFO - Started process (PID=15906) to work on /home/airflow/.local/lib/python3.12/site-packages/airflow/example_dags/example_workday_timetable.py
[2025-04-15T19:36:31.881+0000] {processor.py:914} INFO - Processing file /home/airflow/.local/lib/python3.12/site-packages/airflow/example_dags/example_workday_timetable.py for tasks to queue
[2025-04-15T19:36:31.884+0000] {logging_mixin.py:190} INFO - [2025-04-15T19:36:31.883+0000] {dagbag.py:588} INFO - Filling up the DagBag from /home/airflow/.local/lib/python3.12/site-packages/airflow/example_dags/example_workday_timetable.py
[2025-04-15T19:36:31.892+0000] {processor.py:925} INFO - DAG(s) 'example_workday_timetable' retrieved from /home/airflow/.local/lib/python3.12/site-packages/airflow/example_dags/example_workday_timetable.py
[2025-04-15T19:36:31.922+0000] {logging_mixin.py:190} INFO - [2025-04-15T19:36:31.922+0000] {dag.py:3239} INFO - Sync 1 DAGs
[2025-04-15T19:36:32.006+0000] {logging_mixin.py:190} INFO - [2025-04-15T19:36:32.005+0000] {dag.py:4180} INFO - Setting next_dagrun for example_workday_timetable to 2021-01-04 00:00:00+00:00, run_after=2021-01-05 00:00:00+00:00
[2025-04-15T19:36:32.056+0000] {processor.py:208} INFO - Processing /home/airflow/.local/lib/python3.12/site-packages/airflow/example_dags/example_workday_timetable.py took 0.186 seconds
[2025-04-15T19:37:02.531+0000] {processor.py:186} INFO - Started process (PID=15973) to work on /home/airflow/.local/lib/python3.12/site-packages/airflow/example_dags/example_workday_timetable.py
[2025-04-15T19:37:02.533+0000] {processor.py:914} INFO - Processing file /home/airflow/.local/lib/python3.12/site-packages/airflow/example_dags/example_workday_timetable.py for tasks to queue
[2025-04-15T19:37:02.535+0000] {logging_mixin.py:190} INFO - [2025-04-15T19:37:02.535+0000] {dagbag.py:588} INFO - Filling up the DagBag from /home/airflow/.local/lib/python3.12/site-packages/airflow/example_dags/example_workday_timetable.py
[2025-04-15T19:37:02.549+0000] {processor.py:925} INFO - DAG(s) 'example_workday_timetable' retrieved from /home/airflow/.local/lib/python3.12/site-packages/airflow/example_dags/example_workday_timetable.py
[2025-04-15T19:37:02.590+0000] {logging_mixin.py:190} INFO - [2025-04-15T19:37:02.589+0000] {dag.py:3239} INFO - Sync 1 DAGs
[2025-04-15T19:37:02.705+0000] {logging_mixin.py:190} INFO - [2025-04-15T19:37:02.705+0000] {dag.py:4180} INFO - Setting next_dagrun for example_workday_timetable to 2021-01-04 00:00:00+00:00, run_after=2021-01-05 00:00:00+00:00
[2025-04-15T19:37:02.746+0000] {processor.py:208} INFO - Processing /home/airflow/.local/lib/python3.12/site-packages/airflow/example_dags/example_workday_timetable.py took 0.224 seconds
[2025-04-15T19:37:33.511+0000] {processor.py:186} INFO - Started process (PID=16040) to work on /home/airflow/.local/lib/python3.12/site-packages/airflow/example_dags/example_workday_timetable.py
[2025-04-15T19:37:33.512+0000] {processor.py:914} INFO - Processing file /home/airflow/.local/lib/python3.12/site-packages/airflow/example_dags/example_workday_timetable.py for tasks to queue
[2025-04-15T19:37:33.513+0000] {logging_mixin.py:190} INFO - [2025-04-15T19:37:33.513+0000] {dagbag.py:588} INFO - Filling up the DagBag from /home/airflow/.local/lib/python3.12/site-packages/airflow/example_dags/example_workday_timetable.py
[2025-04-15T19:37:33.520+0000] {processor.py:925} INFO - DAG(s) 'example_workday_timetable' retrieved from /home/airflow/.local/lib/python3.12/site-packages/airflow/example_dags/example_workday_timetable.py
[2025-04-15T19:37:33.545+0000] {logging_mixin.py:190} INFO - [2025-04-15T19:37:33.545+0000] {dag.py:3239} INFO - Sync 1 DAGs
[2025-04-15T19:37:33.657+0000] {logging_mixin.py:190} INFO - [2025-04-15T19:37:33.657+0000] {dag.py:4180} INFO - Setting next_dagrun for example_workday_timetable to 2021-01-04 00:00:00+00:00, run_after=2021-01-05 00:00:00+00:00
[2025-04-15T19:37:33.691+0000] {processor.py:208} INFO - Processing /home/airflow/.local/lib/python3.12/site-packages/airflow/example_dags/example_workday_timetable.py took 0.187 seconds
[2025-04-15T19:38:04.311+0000] {processor.py:186} INFO - Started process (PID=16107) to work on /home/airflow/.local/lib/python3.12/site-packages/airflow/example_dags/example_workday_timetable.py
[2025-04-15T19:38:04.313+0000] {processor.py:914} INFO - Processing file /home/airflow/.local/lib/python3.12/site-packages/airflow/example_dags/example_workday_timetable.py for tasks to queue
[2025-04-15T19:38:04.315+0000] {logging_mixin.py:190} INFO - [2025-04-15T19:38:04.314+0000] {dagbag.py:588} INFO - Filling up the DagBag from /home/airflow/.local/lib/python3.12/site-packages/airflow/example_dags/example_workday_timetable.py
[2025-04-15T19:38:04.323+0000] {processor.py:925} INFO - DAG(s) 'example_workday_timetable' retrieved from /home/airflow/.local/lib/python3.12/site-packages/airflow/example_dags/example_workday_timetable.py
[2025-04-15T19:38:04.351+0000] {logging_mixin.py:190} INFO - [2025-04-15T19:38:04.350+0000] {dag.py:3239} INFO - Sync 1 DAGs
[2025-04-15T19:38:04.459+0000] {logging_mixin.py:190} INFO - [2025-04-15T19:38:04.459+0000] {dag.py:4180} INFO - Setting next_dagrun for example_workday_timetable to 2021-01-04 00:00:00+00:00, run_after=2021-01-05 00:00:00+00:00
[2025-04-15T19:38:04.486+0000] {processor.py:208} INFO - Processing /home/airflow/.local/lib/python3.12/site-packages/airflow/example_dags/example_workday_timetable.py took 0.183 seconds
[2025-04-15T19:38:34.731+0000] {processor.py:186} INFO - Started process (PID=16174) to work on /home/airflow/.local/lib/python3.12/site-packages/airflow/example_dags/example_workday_timetable.py
[2025-04-15T19:38:34.732+0000] {processor.py:914} INFO - Processing file /home/airflow/.local/lib/python3.12/site-packages/airflow/example_dags/example_workday_timetable.py for tasks to queue
[2025-04-15T19:38:34.734+0000] {logging_mixin.py:190} INFO - [2025-04-15T19:38:34.734+0000] {dagbag.py:588} INFO - Filling up the DagBag from /home/airflow/.local/lib/python3.12/site-packages/airflow/example_dags/example_workday_timetable.py
[2025-04-15T19:38:34.742+0000] {processor.py:925} INFO - DAG(s) 'example_workday_timetable' retrieved from /home/airflow/.local/lib/python3.12/site-packages/airflow/example_dags/example_workday_timetable.py
[2025-04-15T19:38:34.770+0000] {logging_mixin.py:190} INFO - [2025-04-15T19:38:34.769+0000] {dag.py:3239} INFO - Sync 1 DAGs
[2025-04-15T19:38:34.890+0000] {logging_mixin.py:190} INFO - [2025-04-15T19:38:34.890+0000] {dag.py:4180} INFO - Setting next_dagrun for example_workday_timetable to 2021-01-04 00:00:00+00:00, run_after=2021-01-05 00:00:00+00:00
[2025-04-15T19:38:34.926+0000] {processor.py:208} INFO - Processing /home/airflow/.local/lib/python3.12/site-packages/airflow/example_dags/example_workday_timetable.py took 0.206 seconds
[2025-04-15T19:39:05.562+0000] {processor.py:186} INFO - Started process (PID=16241) to work on /home/airflow/.local/lib/python3.12/site-packages/airflow/example_dags/example_workday_timetable.py
[2025-04-15T19:39:05.563+0000] {processor.py:914} INFO - Processing file /home/airflow/.local/lib/python3.12/site-packages/airflow/example_dags/example_workday_timetable.py for tasks to queue
[2025-04-15T19:39:05.565+0000] {logging_mixin.py:190} INFO - [2025-04-15T19:39:05.565+0000] {dagbag.py:588} INFO - Filling up the DagBag from /home/airflow/.local/lib/python3.12/site-packages/airflow/example_dags/example_workday_timetable.py
[2025-04-15T19:39:05.581+0000] {processor.py:925} INFO - DAG(s) 'example_workday_timetable' retrieved from /home/airflow/.local/lib/python3.12/site-packages/airflow/example_dags/example_workday_timetable.py
[2025-04-15T19:39:05.617+0000] {logging_mixin.py:190} INFO - [2025-04-15T19:39:05.617+0000] {dag.py:3239} INFO - Sync 1 DAGs
[2025-04-15T19:39:05.760+0000] {logging_mixin.py:190} INFO - [2025-04-15T19:39:05.760+0000] {dag.py:4180} INFO - Setting next_dagrun for example_workday_timetable to 2021-01-04 00:00:00+00:00, run_after=2021-01-05 00:00:00+00:00
[2025-04-15T19:39:05.796+0000] {processor.py:208} INFO - Processing /home/airflow/.local/lib/python3.12/site-packages/airflow/example_dags/example_workday_timetable.py took 0.246 seconds
[2025-04-15T19:39:35.856+0000] {processor.py:186} INFO - Started process (PID=16308) to work on /home/airflow/.local/lib/python3.12/site-packages/airflow/example_dags/example_workday_timetable.py
[2025-04-15T19:39:35.857+0000] {processor.py:914} INFO - Processing file /home/airflow/.local/lib/python3.12/site-packages/airflow/example_dags/example_workday_timetable.py for tasks to queue
[2025-04-15T19:39:35.859+0000] {logging_mixin.py:190} INFO - [2025-04-15T19:39:35.859+0000] {dagbag.py:588} INFO - Filling up the DagBag from /home/airflow/.local/lib/python3.12/site-packages/airflow/example_dags/example_workday_timetable.py
[2025-04-15T19:39:35.865+0000] {processor.py:925} INFO - DAG(s) 'example_workday_timetable' retrieved from /home/airflow/.local/lib/python3.12/site-packages/airflow/example_dags/example_workday_timetable.py
[2025-04-15T19:39:35.892+0000] {logging_mixin.py:190} INFO - [2025-04-15T19:39:35.891+0000] {dag.py:3239} INFO - Sync 1 DAGs
[2025-04-15T19:39:35.978+0000] {logging_mixin.py:190} INFO - [2025-04-15T19:39:35.977+0000] {dag.py:4180} INFO - Setting next_dagrun for example_workday_timetable to 2021-01-04 00:00:00+00:00, run_after=2021-01-05 00:00:00+00:00
[2025-04-15T19:39:36.005+0000] {processor.py:208} INFO - Processing /home/airflow/.local/lib/python3.12/site-packages/airflow/example_dags/example_workday_timetable.py took 0.156 seconds
[2025-04-15T19:40:06.581+0000] {processor.py:186} INFO - Started process (PID=16375) to work on /home/airflow/.local/lib/python3.12/site-packages/airflow/example_dags/example_workday_timetable.py
[2025-04-15T19:40:06.583+0000] {processor.py:914} INFO - Processing file /home/airflow/.local/lib/python3.12/site-packages/airflow/example_dags/example_workday_timetable.py for tasks to queue
[2025-04-15T19:40:06.585+0000] {logging_mixin.py:190} INFO - [2025-04-15T19:40:06.584+0000] {dagbag.py:588} INFO - Filling up the DagBag from /home/airflow/.local/lib/python3.12/site-packages/airflow/example_dags/example_workday_timetable.py
[2025-04-15T19:40:06.603+0000] {processor.py:925} INFO - DAG(s) 'example_workday_timetable' retrieved from /home/airflow/.local/lib/python3.12/site-packages/airflow/example_dags/example_workday_timetable.py
[2025-04-15T19:40:06.675+0000] {logging_mixin.py:190} INFO - [2025-04-15T19:40:06.675+0000] {dag.py:3239} INFO - Sync 1 DAGs
[2025-04-15T19:40:06.819+0000] {logging_mixin.py:190} INFO - [2025-04-15T19:40:06.819+0000] {dag.py:4180} INFO - Setting next_dagrun for example_workday_timetable to 2021-01-04 00:00:00+00:00, run_after=2021-01-05 00:00:00+00:00
[2025-04-15T19:40:06.860+0000] {processor.py:208} INFO - Processing /home/airflow/.local/lib/python3.12/site-packages/airflow/example_dags/example_workday_timetable.py took 0.307 seconds
[2025-04-15T19:40:37.626+0000] {processor.py:186} INFO - Started process (PID=16442) to work on /home/airflow/.local/lib/python3.12/site-packages/airflow/example_dags/example_workday_timetable.py
[2025-04-15T19:40:37.627+0000] {processor.py:914} INFO - Processing file /home/airflow/.local/lib/python3.12/site-packages/airflow/example_dags/example_workday_timetable.py for tasks to queue
[2025-04-15T19:40:37.628+0000] {logging_mixin.py:190} INFO - [2025-04-15T19:40:37.628+0000] {dagbag.py:588} INFO - Filling up the DagBag from /home/airflow/.local/lib/python3.12/site-packages/airflow/example_dags/example_workday_timetable.py
[2025-04-15T19:40:37.638+0000] {processor.py:925} INFO - DAG(s) 'example_workday_timetable' retrieved from /home/airflow/.local/lib/python3.12/site-packages/airflow/example_dags/example_workday_timetable.py
[2025-04-15T19:40:37.663+0000] {logging_mixin.py:190} INFO - [2025-04-15T19:40:37.663+0000] {dag.py:3239} INFO - Sync 1 DAGs
[2025-04-15T19:40:37.765+0000] {logging_mixin.py:190} INFO - [2025-04-15T19:40:37.765+0000] {dag.py:4180} INFO - Setting next_dagrun for example_workday_timetable to 2021-01-04 00:00:00+00:00, run_after=2021-01-05 00:00:00+00:00
[2025-04-15T19:40:37.800+0000] {processor.py:208} INFO - Processing /home/airflow/.local/lib/python3.12/site-packages/airflow/example_dags/example_workday_timetable.py took 0.182 seconds
[2025-04-15T19:41:07.971+0000] {processor.py:186} INFO - Started process (PID=16510) to work on /home/airflow/.local/lib/python3.12/site-packages/airflow/example_dags/example_workday_timetable.py
[2025-04-15T19:41:07.973+0000] {processor.py:914} INFO - Processing file /home/airflow/.local/lib/python3.12/site-packages/airflow/example_dags/example_workday_timetable.py for tasks to queue
[2025-04-15T19:41:07.977+0000] {logging_mixin.py:190} INFO - [2025-04-15T19:41:07.976+0000] {dagbag.py:588} INFO - Filling up the DagBag from /home/airflow/.local/lib/python3.12/site-packages/airflow/example_dags/example_workday_timetable.py
[2025-04-15T19:41:07.986+0000] {processor.py:925} INFO - DAG(s) 'example_workday_timetable' retrieved from /home/airflow/.local/lib/python3.12/site-packages/airflow/example_dags/example_workday_timetable.py
[2025-04-15T19:41:08.028+0000] {logging_mixin.py:190} INFO - [2025-04-15T19:41:08.027+0000] {dag.py:3239} INFO - Sync 1 DAGs
[2025-04-15T19:41:08.167+0000] {logging_mixin.py:190} INFO - [2025-04-15T19:41:08.167+0000] {dag.py:4180} INFO - Setting next_dagrun for example_workday_timetable to 2021-01-04 00:00:00+00:00, run_after=2021-01-05 00:00:00+00:00
[2025-04-15T19:41:08.202+0000] {processor.py:208} INFO - Processing /home/airflow/.local/lib/python3.12/site-packages/airflow/example_dags/example_workday_timetable.py took 0.243 seconds
[2025-04-15T19:41:38.423+0000] {processor.py:186} INFO - Started process (PID=16576) to work on /home/airflow/.local/lib/python3.12/site-packages/airflow/example_dags/example_workday_timetable.py
[2025-04-15T19:41:38.425+0000] {processor.py:914} INFO - Processing file /home/airflow/.local/lib/python3.12/site-packages/airflow/example_dags/example_workday_timetable.py for tasks to queue
[2025-04-15T19:41:38.428+0000] {logging_mixin.py:190} INFO - [2025-04-15T19:41:38.427+0000] {dagbag.py:588} INFO - Filling up the DagBag from /home/airflow/.local/lib/python3.12/site-packages/airflow/example_dags/example_workday_timetable.py
[2025-04-15T19:41:38.437+0000] {processor.py:925} INFO - DAG(s) 'example_workday_timetable' retrieved from /home/airflow/.local/lib/python3.12/site-packages/airflow/example_dags/example_workday_timetable.py
[2025-04-15T19:41:38.470+0000] {logging_mixin.py:190} INFO - [2025-04-15T19:41:38.470+0000] {dag.py:3239} INFO - Sync 1 DAGs
[2025-04-15T19:41:38.839+0000] {logging_mixin.py:190} INFO - [2025-04-15T19:41:38.838+0000] {dag.py:4180} INFO - Setting next_dagrun for example_workday_timetable to 2021-01-04 00:00:00+00:00, run_after=2021-01-05 00:00:00+00:00
[2025-04-15T19:41:38.876+0000] {processor.py:208} INFO - Processing /home/airflow/.local/lib/python3.12/site-packages/airflow/example_dags/example_workday_timetable.py took 0.463 seconds
[2025-04-15T19:42:09.366+0000] {processor.py:186} INFO - Started process (PID=16643) to work on /home/airflow/.local/lib/python3.12/site-packages/airflow/example_dags/example_workday_timetable.py
[2025-04-15T19:42:09.367+0000] {processor.py:914} INFO - Processing file /home/airflow/.local/lib/python3.12/site-packages/airflow/example_dags/example_workday_timetable.py for tasks to queue
[2025-04-15T19:42:09.370+0000] {logging_mixin.py:190} INFO - [2025-04-15T19:42:09.369+0000] {dagbag.py:588} INFO - Filling up the DagBag from /home/airflow/.local/lib/python3.12/site-packages/airflow/example_dags/example_workday_timetable.py
[2025-04-15T19:42:09.378+0000] {processor.py:925} INFO - DAG(s) 'example_workday_timetable' retrieved from /home/airflow/.local/lib/python3.12/site-packages/airflow/example_dags/example_workday_timetable.py
[2025-04-15T19:42:09.407+0000] {logging_mixin.py:190} INFO - [2025-04-15T19:42:09.407+0000] {dag.py:3239} INFO - Sync 1 DAGs
[2025-04-15T19:42:09.758+0000] {logging_mixin.py:190} INFO - [2025-04-15T19:42:09.758+0000] {dag.py:4180} INFO - Setting next_dagrun for example_workday_timetable to 2021-01-04 00:00:00+00:00, run_after=2021-01-05 00:00:00+00:00
[2025-04-15T19:42:09.789+0000] {processor.py:208} INFO - Processing /home/airflow/.local/lib/python3.12/site-packages/airflow/example_dags/example_workday_timetable.py took 0.431 seconds
[2025-04-15T19:42:40.475+0000] {processor.py:186} INFO - Started process (PID=16711) to work on /home/airflow/.local/lib/python3.12/site-packages/airflow/example_dags/example_workday_timetable.py
[2025-04-15T19:42:40.477+0000] {processor.py:914} INFO - Processing file /home/airflow/.local/lib/python3.12/site-packages/airflow/example_dags/example_workday_timetable.py for tasks to queue
[2025-04-15T19:42:40.480+0000] {logging_mixin.py:190} INFO - [2025-04-15T19:42:40.479+0000] {dagbag.py:588} INFO - Filling up the DagBag from /home/airflow/.local/lib/python3.12/site-packages/airflow/example_dags/example_workday_timetable.py
[2025-04-15T19:42:40.577+0000] {processor.py:925} INFO - DAG(s) 'example_workday_timetable' retrieved from /home/airflow/.local/lib/python3.12/site-packages/airflow/example_dags/example_workday_timetable.py
[2025-04-15T19:42:40.781+0000] {logging_mixin.py:190} INFO - [2025-04-15T19:42:40.781+0000] {dag.py:3239} INFO - Sync 1 DAGs
[2025-04-15T19:42:41.476+0000] {logging_mixin.py:190} INFO - [2025-04-15T19:42:41.475+0000] {dag.py:4180} INFO - Setting next_dagrun for example_workday_timetable to 2021-01-04 00:00:00+00:00, run_after=2021-01-05 00:00:00+00:00
[2025-04-15T19:42:41.514+0000] {processor.py:208} INFO - Processing /home/airflow/.local/lib/python3.12/site-packages/airflow/example_dags/example_workday_timetable.py took 1.143 seconds
[2025-04-15T19:43:12.340+0000] {processor.py:186} INFO - Started process (PID=16778) to work on /home/airflow/.local/lib/python3.12/site-packages/airflow/example_dags/example_workday_timetable.py
[2025-04-15T19:43:12.342+0000] {processor.py:914} INFO - Processing file /home/airflow/.local/lib/python3.12/site-packages/airflow/example_dags/example_workday_timetable.py for tasks to queue
[2025-04-15T19:43:12.343+0000] {logging_mixin.py:190} INFO - [2025-04-15T19:43:12.343+0000] {dagbag.py:588} INFO - Filling up the DagBag from /home/airflow/.local/lib/python3.12/site-packages/airflow/example_dags/example_workday_timetable.py
[2025-04-15T19:43:12.351+0000] {processor.py:925} INFO - DAG(s) 'example_workday_timetable' retrieved from /home/airflow/.local/lib/python3.12/site-packages/airflow/example_dags/example_workday_timetable.py
[2025-04-15T19:43:12.375+0000] {logging_mixin.py:190} INFO - [2025-04-15T19:43:12.374+0000] {dag.py:3239} INFO - Sync 1 DAGs
[2025-04-15T19:43:12.469+0000] {logging_mixin.py:190} INFO - [2025-04-15T19:43:12.468+0000] {dag.py:4180} INFO - Setting next_dagrun for example_workday_timetable to 2021-01-04 00:00:00+00:00, run_after=2021-01-05 00:00:00+00:00
[2025-04-15T19:43:12.499+0000] {processor.py:208} INFO - Processing /home/airflow/.local/lib/python3.12/site-packages/airflow/example_dags/example_workday_timetable.py took 0.171 seconds
[2025-04-15T19:43:43.187+0000] {processor.py:186} INFO - Started process (PID=16845) to work on /home/airflow/.local/lib/python3.12/site-packages/airflow/example_dags/example_workday_timetable.py
[2025-04-15T19:43:43.189+0000] {processor.py:914} INFO - Processing file /home/airflow/.local/lib/python3.12/site-packages/airflow/example_dags/example_workday_timetable.py for tasks to queue
[2025-04-15T19:43:43.192+0000] {logging_mixin.py:190} INFO - [2025-04-15T19:43:43.191+0000] {dagbag.py:588} INFO - Filling up the DagBag from /home/airflow/.local/lib/python3.12/site-packages/airflow/example_dags/example_workday_timetable.py
[2025-04-15T19:43:43.202+0000] {processor.py:925} INFO - DAG(s) 'example_workday_timetable' retrieved from /home/airflow/.local/lib/python3.12/site-packages/airflow/example_dags/example_workday_timetable.py
[2025-04-15T19:43:43.233+0000] {logging_mixin.py:190} INFO - [2025-04-15T19:43:43.232+0000] {dag.py:3239} INFO - Sync 1 DAGs
[2025-04-15T19:43:43.326+0000] {logging_mixin.py:190} INFO - [2025-04-15T19:43:43.325+0000] {dag.py:4180} INFO - Setting next_dagrun for example_workday_timetable to 2021-01-04 00:00:00+00:00, run_after=2021-01-05 00:00:00+00:00
[2025-04-15T19:43:43.359+0000] {processor.py:208} INFO - Processing /home/airflow/.local/lib/python3.12/site-packages/airflow/example_dags/example_workday_timetable.py took 0.181 seconds
[2025-04-15T19:44:13.906+0000] {processor.py:186} INFO - Started process (PID=16912) to work on /home/airflow/.local/lib/python3.12/site-packages/airflow/example_dags/example_workday_timetable.py
[2025-04-15T19:44:13.907+0000] {processor.py:914} INFO - Processing file /home/airflow/.local/lib/python3.12/site-packages/airflow/example_dags/example_workday_timetable.py for tasks to queue
[2025-04-15T19:44:13.909+0000] {logging_mixin.py:190} INFO - [2025-04-15T19:44:13.908+0000] {dagbag.py:588} INFO - Filling up the DagBag from /home/airflow/.local/lib/python3.12/site-packages/airflow/example_dags/example_workday_timetable.py
[2025-04-15T19:44:13.918+0000] {processor.py:925} INFO - DAG(s) 'example_workday_timetable' retrieved from /home/airflow/.local/lib/python3.12/site-packages/airflow/example_dags/example_workday_timetable.py
[2025-04-15T19:44:13.948+0000] {logging_mixin.py:190} INFO - [2025-04-15T19:44:13.947+0000] {dag.py:3239} INFO - Sync 1 DAGs
[2025-04-15T19:44:14.050+0000] {logging_mixin.py:190} INFO - [2025-04-15T19:44:14.050+0000] {dag.py:4180} INFO - Setting next_dagrun for example_workday_timetable to 2021-01-04 00:00:00+00:00, run_after=2021-01-05 00:00:00+00:00
[2025-04-15T19:44:14.081+0000] {processor.py:208} INFO - Processing /home/airflow/.local/lib/python3.12/site-packages/airflow/example_dags/example_workday_timetable.py took 0.184 seconds
[2025-04-15T19:44:44.476+0000] {processor.py:186} INFO - Started process (PID=16979) to work on /home/airflow/.local/lib/python3.12/site-packages/airflow/example_dags/example_workday_timetable.py
[2025-04-15T19:44:44.478+0000] {processor.py:914} INFO - Processing file /home/airflow/.local/lib/python3.12/site-packages/airflow/example_dags/example_workday_timetable.py for tasks to queue
[2025-04-15T19:44:44.479+0000] {logging_mixin.py:190} INFO - [2025-04-15T19:44:44.479+0000] {dagbag.py:588} INFO - Filling up the DagBag from /home/airflow/.local/lib/python3.12/site-packages/airflow/example_dags/example_workday_timetable.py
[2025-04-15T19:44:44.487+0000] {processor.py:925} INFO - DAG(s) 'example_workday_timetable' retrieved from /home/airflow/.local/lib/python3.12/site-packages/airflow/example_dags/example_workday_timetable.py
[2025-04-15T19:44:44.525+0000] {logging_mixin.py:190} INFO - [2025-04-15T19:44:44.525+0000] {dag.py:3239} INFO - Sync 1 DAGs
[2025-04-15T19:44:44.623+0000] {logging_mixin.py:190} INFO - [2025-04-15T19:44:44.622+0000] {dag.py:4180} INFO - Setting next_dagrun for example_workday_timetable to 2021-01-04 00:00:00+00:00, run_after=2021-01-05 00:00:00+00:00
[2025-04-15T19:44:44.661+0000] {processor.py:208} INFO - Processing /home/airflow/.local/lib/python3.12/site-packages/airflow/example_dags/example_workday_timetable.py took 0.192 seconds
[2025-04-15T19:45:14.742+0000] {processor.py:186} INFO - Started process (PID=17046) to work on /home/airflow/.local/lib/python3.12/site-packages/airflow/example_dags/example_workday_timetable.py
[2025-04-15T19:45:14.744+0000] {processor.py:914} INFO - Processing file /home/airflow/.local/lib/python3.12/site-packages/airflow/example_dags/example_workday_timetable.py for tasks to queue
[2025-04-15T19:45:14.746+0000] {logging_mixin.py:190} INFO - [2025-04-15T19:45:14.745+0000] {dagbag.py:588} INFO - Filling up the DagBag from /home/airflow/.local/lib/python3.12/site-packages/airflow/example_dags/example_workday_timetable.py
[2025-04-15T19:45:14.754+0000] {processor.py:925} INFO - DAG(s) 'example_workday_timetable' retrieved from /home/airflow/.local/lib/python3.12/site-packages/airflow/example_dags/example_workday_timetable.py
[2025-04-15T19:45:14.786+0000] {logging_mixin.py:190} INFO - [2025-04-15T19:45:14.785+0000] {dag.py:3239} INFO - Sync 1 DAGs
[2025-04-15T19:45:14.889+0000] {logging_mixin.py:190} INFO - [2025-04-15T19:45:14.889+0000] {dag.py:4180} INFO - Setting next_dagrun for example_workday_timetable to 2021-01-04 00:00:00+00:00, run_after=2021-01-05 00:00:00+00:00
[2025-04-15T19:45:14.920+0000] {processor.py:208} INFO - Processing /home/airflow/.local/lib/python3.12/site-packages/airflow/example_dags/example_workday_timetable.py took 0.189 seconds
[2025-04-15T19:45:45.440+0000] {processor.py:186} INFO - Started process (PID=17113) to work on /home/airflow/.local/lib/python3.12/site-packages/airflow/example_dags/example_workday_timetable.py
[2025-04-15T19:45:45.441+0000] {processor.py:914} INFO - Processing file /home/airflow/.local/lib/python3.12/site-packages/airflow/example_dags/example_workday_timetable.py for tasks to queue
[2025-04-15T19:45:45.443+0000] {logging_mixin.py:190} INFO - [2025-04-15T19:45:45.443+0000] {dagbag.py:588} INFO - Filling up the DagBag from /home/airflow/.local/lib/python3.12/site-packages/airflow/example_dags/example_workday_timetable.py
[2025-04-15T19:45:45.452+0000] {processor.py:925} INFO - DAG(s) 'example_workday_timetable' retrieved from /home/airflow/.local/lib/python3.12/site-packages/airflow/example_dags/example_workday_timetable.py
[2025-04-15T19:45:45.483+0000] {logging_mixin.py:190} INFO - [2025-04-15T19:45:45.483+0000] {dag.py:3239} INFO - Sync 1 DAGs
[2025-04-15T19:45:45.583+0000] {logging_mixin.py:190} INFO - [2025-04-15T19:45:45.583+0000] {dag.py:4180} INFO - Setting next_dagrun for example_workday_timetable to 2021-01-04 00:00:00+00:00, run_after=2021-01-05 00:00:00+00:00
[2025-04-15T19:45:45.615+0000] {processor.py:208} INFO - Processing /home/airflow/.local/lib/python3.12/site-packages/airflow/example_dags/example_workday_timetable.py took 0.185 seconds
[2025-04-15T19:46:15.986+0000] {processor.py:186} INFO - Started process (PID=17180) to work on /home/airflow/.local/lib/python3.12/site-packages/airflow/example_dags/example_workday_timetable.py
[2025-04-15T19:46:15.988+0000] {processor.py:914} INFO - Processing file /home/airflow/.local/lib/python3.12/site-packages/airflow/example_dags/example_workday_timetable.py for tasks to queue
[2025-04-15T19:46:15.990+0000] {logging_mixin.py:190} INFO - [2025-04-15T19:46:15.989+0000] {dagbag.py:588} INFO - Filling up the DagBag from /home/airflow/.local/lib/python3.12/site-packages/airflow/example_dags/example_workday_timetable.py
[2025-04-15T19:46:15.999+0000] {processor.py:925} INFO - DAG(s) 'example_workday_timetable' retrieved from /home/airflow/.local/lib/python3.12/site-packages/airflow/example_dags/example_workday_timetable.py
[2025-04-15T19:46:16.032+0000] {logging_mixin.py:190} INFO - [2025-04-15T19:46:16.031+0000] {dag.py:3239} INFO - Sync 1 DAGs
[2025-04-15T19:46:16.137+0000] {logging_mixin.py:190} INFO - [2025-04-15T19:46:16.136+0000] {dag.py:4180} INFO - Setting next_dagrun for example_workday_timetable to 2021-01-04 00:00:00+00:00, run_after=2021-01-05 00:00:00+00:00
[2025-04-15T19:46:16.167+0000] {processor.py:208} INFO - Processing /home/airflow/.local/lib/python3.12/site-packages/airflow/example_dags/example_workday_timetable.py took 0.189 seconds
[2025-04-15T19:46:47.091+0000] {processor.py:186} INFO - Started process (PID=17247) to work on /home/airflow/.local/lib/python3.12/site-packages/airflow/example_dags/example_workday_timetable.py
[2025-04-15T19:46:47.093+0000] {processor.py:914} INFO - Processing file /home/airflow/.local/lib/python3.12/site-packages/airflow/example_dags/example_workday_timetable.py for tasks to queue
[2025-04-15T19:46:47.095+0000] {logging_mixin.py:190} INFO - [2025-04-15T19:46:47.094+0000] {dagbag.py:588} INFO - Filling up the DagBag from /home/airflow/.local/lib/python3.12/site-packages/airflow/example_dags/example_workday_timetable.py
[2025-04-15T19:46:47.105+0000] {processor.py:925} INFO - DAG(s) 'example_workday_timetable' retrieved from /home/airflow/.local/lib/python3.12/site-packages/airflow/example_dags/example_workday_timetable.py
[2025-04-15T19:46:47.148+0000] {logging_mixin.py:190} INFO - [2025-04-15T19:46:47.148+0000] {dag.py:3239} INFO - Sync 1 DAGs
[2025-04-15T19:46:47.274+0000] {logging_mixin.py:190} INFO - [2025-04-15T19:46:47.274+0000] {dag.py:4180} INFO - Setting next_dagrun for example_workday_timetable to 2021-01-04 00:00:00+00:00, run_after=2021-01-05 00:00:00+00:00
[2025-04-15T19:46:47.323+0000] {processor.py:208} INFO - Processing /home/airflow/.local/lib/python3.12/site-packages/airflow/example_dags/example_workday_timetable.py took 0.241 seconds
[2025-04-15T19:47:17.572+0000] {processor.py:186} INFO - Started process (PID=17314) to work on /home/airflow/.local/lib/python3.12/site-packages/airflow/example_dags/example_workday_timetable.py
[2025-04-15T19:47:17.574+0000] {processor.py:914} INFO - Processing file /home/airflow/.local/lib/python3.12/site-packages/airflow/example_dags/example_workday_timetable.py for tasks to queue
[2025-04-15T19:47:17.576+0000] {logging_mixin.py:190} INFO - [2025-04-15T19:47:17.575+0000] {dagbag.py:588} INFO - Filling up the DagBag from /home/airflow/.local/lib/python3.12/site-packages/airflow/example_dags/example_workday_timetable.py
[2025-04-15T19:47:17.584+0000] {processor.py:925} INFO - DAG(s) 'example_workday_timetable' retrieved from /home/airflow/.local/lib/python3.12/site-packages/airflow/example_dags/example_workday_timetable.py
[2025-04-15T19:47:17.614+0000] {logging_mixin.py:190} INFO - [2025-04-15T19:47:17.613+0000] {dag.py:3239} INFO - Sync 1 DAGs
[2025-04-15T19:47:17.721+0000] {logging_mixin.py:190} INFO - [2025-04-15T19:47:17.720+0000] {dag.py:4180} INFO - Setting next_dagrun for example_workday_timetable to 2021-01-04 00:00:00+00:00, run_after=2021-01-05 00:00:00+00:00
[2025-04-15T19:47:17.751+0000] {processor.py:208} INFO - Processing /home/airflow/.local/lib/python3.12/site-packages/airflow/example_dags/example_workday_timetable.py took 0.187 seconds
[2025-04-15T19:47:48.309+0000] {processor.py:186} INFO - Started process (PID=17381) to work on /home/airflow/.local/lib/python3.12/site-packages/airflow/example_dags/example_workday_timetable.py
[2025-04-15T19:47:48.311+0000] {processor.py:914} INFO - Processing file /home/airflow/.local/lib/python3.12/site-packages/airflow/example_dags/example_workday_timetable.py for tasks to queue
[2025-04-15T19:47:48.313+0000] {logging_mixin.py:190} INFO - [2025-04-15T19:47:48.312+0000] {dagbag.py:588} INFO - Filling up the DagBag from /home/airflow/.local/lib/python3.12/site-packages/airflow/example_dags/example_workday_timetable.py
[2025-04-15T19:47:48.323+0000] {processor.py:925} INFO - DAG(s) 'example_workday_timetable' retrieved from /home/airflow/.local/lib/python3.12/site-packages/airflow/example_dags/example_workday_timetable.py
[2025-04-15T19:47:48.359+0000] {logging_mixin.py:190} INFO - [2025-04-15T19:47:48.358+0000] {dag.py:3239} INFO - Sync 1 DAGs
[2025-04-15T19:47:48.497+0000] {logging_mixin.py:190} INFO - [2025-04-15T19:47:48.497+0000] {dag.py:4180} INFO - Setting next_dagrun for example_workday_timetable to 2021-01-04 00:00:00+00:00, run_after=2021-01-05 00:00:00+00:00
[2025-04-15T19:47:48.528+0000] {processor.py:208} INFO - Processing /home/airflow/.local/lib/python3.12/site-packages/airflow/example_dags/example_workday_timetable.py took 0.226 seconds
[2025-04-15T19:48:18.695+0000] {processor.py:186} INFO - Started process (PID=17449) to work on /home/airflow/.local/lib/python3.12/site-packages/airflow/example_dags/example_workday_timetable.py
[2025-04-15T19:48:18.696+0000] {processor.py:914} INFO - Processing file /home/airflow/.local/lib/python3.12/site-packages/airflow/example_dags/example_workday_timetable.py for tasks to queue
[2025-04-15T19:48:18.698+0000] {logging_mixin.py:190} INFO - [2025-04-15T19:48:18.698+0000] {dagbag.py:588} INFO - Filling up the DagBag from /home/airflow/.local/lib/python3.12/site-packages/airflow/example_dags/example_workday_timetable.py
[2025-04-15T19:48:18.705+0000] {processor.py:925} INFO - DAG(s) 'example_workday_timetable' retrieved from /home/airflow/.local/lib/python3.12/site-packages/airflow/example_dags/example_workday_timetable.py
[2025-04-15T19:48:18.740+0000] {logging_mixin.py:190} INFO - [2025-04-15T19:48:18.740+0000] {dag.py:3239} INFO - Sync 1 DAGs
[2025-04-15T19:48:18.853+0000] {logging_mixin.py:190} INFO - [2025-04-15T19:48:18.853+0000] {dag.py:4180} INFO - Setting next_dagrun for example_workday_timetable to 2021-01-04 00:00:00+00:00, run_after=2021-01-05 00:00:00+00:00
[2025-04-15T19:48:18.882+0000] {processor.py:208} INFO - Processing /home/airflow/.local/lib/python3.12/site-packages/airflow/example_dags/example_workday_timetable.py took 0.194 seconds
[2025-04-15T19:48:49.077+0000] {processor.py:186} INFO - Started process (PID=17517) to work on /home/airflow/.local/lib/python3.12/site-packages/airflow/example_dags/example_workday_timetable.py
[2025-04-15T19:48:49.078+0000] {processor.py:914} INFO - Processing file /home/airflow/.local/lib/python3.12/site-packages/airflow/example_dags/example_workday_timetable.py for tasks to queue
[2025-04-15T19:48:49.079+0000] {logging_mixin.py:190} INFO - [2025-04-15T19:48:49.079+0000] {dagbag.py:588} INFO - Filling up the DagBag from /home/airflow/.local/lib/python3.12/site-packages/airflow/example_dags/example_workday_timetable.py
[2025-04-15T19:48:49.086+0000] {processor.py:925} INFO - DAG(s) 'example_workday_timetable' retrieved from /home/airflow/.local/lib/python3.12/site-packages/airflow/example_dags/example_workday_timetable.py
[2025-04-15T19:48:49.105+0000] {logging_mixin.py:190} INFO - [2025-04-15T19:48:49.105+0000] {dag.py:3239} INFO - Sync 1 DAGs
[2025-04-15T19:48:49.172+0000] {logging_mixin.py:190} INFO - [2025-04-15T19:48:49.171+0000] {dag.py:4180} INFO - Setting next_dagrun for example_workday_timetable to 2021-01-04 00:00:00+00:00, run_after=2021-01-05 00:00:00+00:00
[2025-04-15T19:48:49.195+0000] {processor.py:208} INFO - Processing /home/airflow/.local/lib/python3.12/site-packages/airflow/example_dags/example_workday_timetable.py took 0.125 seconds
[2025-04-15T19:49:19.821+0000] {processor.py:186} INFO - Started process (PID=17582) to work on /home/airflow/.local/lib/python3.12/site-packages/airflow/example_dags/example_workday_timetable.py
[2025-04-15T19:49:19.823+0000] {processor.py:914} INFO - Processing file /home/airflow/.local/lib/python3.12/site-packages/airflow/example_dags/example_workday_timetable.py for tasks to queue
[2025-04-15T19:49:19.825+0000] {logging_mixin.py:190} INFO - [2025-04-15T19:49:19.824+0000] {dagbag.py:588} INFO - Filling up the DagBag from /home/airflow/.local/lib/python3.12/site-packages/airflow/example_dags/example_workday_timetable.py
[2025-04-15T19:49:19.835+0000] {processor.py:925} INFO - DAG(s) 'example_workday_timetable' retrieved from /home/airflow/.local/lib/python3.12/site-packages/airflow/example_dags/example_workday_timetable.py
[2025-04-15T19:49:19.876+0000] {logging_mixin.py:190} INFO - [2025-04-15T19:49:19.875+0000] {dag.py:3239} INFO - Sync 1 DAGs
[2025-04-15T19:49:19.986+0000] {logging_mixin.py:190} INFO - [2025-04-15T19:49:19.986+0000] {dag.py:4180} INFO - Setting next_dagrun for example_workday_timetable to 2021-01-04 00:00:00+00:00, run_after=2021-01-05 00:00:00+00:00
[2025-04-15T19:49:20.019+0000] {processor.py:208} INFO - Processing /home/airflow/.local/lib/python3.12/site-packages/airflow/example_dags/example_workday_timetable.py took 0.210 seconds
[2025-04-15T19:49:50.420+0000] {processor.py:186} INFO - Started process (PID=17648) to work on /home/airflow/.local/lib/python3.12/site-packages/airflow/example_dags/example_workday_timetable.py
[2025-04-15T19:49:50.421+0000] {processor.py:914} INFO - Processing file /home/airflow/.local/lib/python3.12/site-packages/airflow/example_dags/example_workday_timetable.py for tasks to queue
[2025-04-15T19:49:50.423+0000] {logging_mixin.py:190} INFO - [2025-04-15T19:49:50.422+0000] {dagbag.py:588} INFO - Filling up the DagBag from /home/airflow/.local/lib/python3.12/site-packages/airflow/example_dags/example_workday_timetable.py
[2025-04-15T19:49:50.432+0000] {processor.py:925} INFO - DAG(s) 'example_workday_timetable' retrieved from /home/airflow/.local/lib/python3.12/site-packages/airflow/example_dags/example_workday_timetable.py
[2025-04-15T19:49:50.462+0000] {logging_mixin.py:190} INFO - [2025-04-15T19:49:50.461+0000] {dag.py:3239} INFO - Sync 1 DAGs
[2025-04-15T19:49:50.580+0000] {logging_mixin.py:190} INFO - [2025-04-15T19:49:50.580+0000] {dag.py:4180} INFO - Setting next_dagrun for example_workday_timetable to 2021-01-04 00:00:00+00:00, run_after=2021-01-05 00:00:00+00:00
[2025-04-15T19:49:50.608+0000] {processor.py:208} INFO - Processing /home/airflow/.local/lib/python3.12/site-packages/airflow/example_dags/example_workday_timetable.py took 0.197 seconds
[2025-04-15T19:50:21.321+0000] {processor.py:186} INFO - Started process (PID=17715) to work on /home/airflow/.local/lib/python3.12/site-packages/airflow/example_dags/example_workday_timetable.py
[2025-04-15T19:50:21.323+0000] {processor.py:914} INFO - Processing file /home/airflow/.local/lib/python3.12/site-packages/airflow/example_dags/example_workday_timetable.py for tasks to queue
[2025-04-15T19:50:21.326+0000] {logging_mixin.py:190} INFO - [2025-04-15T19:50:21.325+0000] {dagbag.py:588} INFO - Filling up the DagBag from /home/airflow/.local/lib/python3.12/site-packages/airflow/example_dags/example_workday_timetable.py
[2025-04-15T19:50:21.337+0000] {processor.py:925} INFO - DAG(s) 'example_workday_timetable' retrieved from /home/airflow/.local/lib/python3.12/site-packages/airflow/example_dags/example_workday_timetable.py
[2025-04-15T19:50:21.374+0000] {logging_mixin.py:190} INFO - [2025-04-15T19:50:21.374+0000] {dag.py:3239} INFO - Sync 1 DAGs
[2025-04-15T19:50:21.510+0000] {logging_mixin.py:190} INFO - [2025-04-15T19:50:21.510+0000] {dag.py:4180} INFO - Setting next_dagrun for example_workday_timetable to 2021-01-04 00:00:00+00:00, run_after=2021-01-05 00:00:00+00:00
[2025-04-15T19:50:21.551+0000] {processor.py:208} INFO - Processing /home/airflow/.local/lib/python3.12/site-packages/airflow/example_dags/example_workday_timetable.py took 0.239 seconds
[2025-04-15T19:50:52.015+0000] {processor.py:186} INFO - Started process (PID=17782) to work on /home/airflow/.local/lib/python3.12/site-packages/airflow/example_dags/example_workday_timetable.py
[2025-04-15T19:50:52.016+0000] {processor.py:914} INFO - Processing file /home/airflow/.local/lib/python3.12/site-packages/airflow/example_dags/example_workday_timetable.py for tasks to queue
[2025-04-15T19:50:52.018+0000] {logging_mixin.py:190} INFO - [2025-04-15T19:50:52.018+0000] {dagbag.py:588} INFO - Filling up the DagBag from /home/airflow/.local/lib/python3.12/site-packages/airflow/example_dags/example_workday_timetable.py
[2025-04-15T19:50:52.027+0000] {processor.py:925} INFO - DAG(s) 'example_workday_timetable' retrieved from /home/airflow/.local/lib/python3.12/site-packages/airflow/example_dags/example_workday_timetable.py
[2025-04-15T19:50:52.056+0000] {logging_mixin.py:190} INFO - [2025-04-15T19:50:52.056+0000] {dag.py:3239} INFO - Sync 1 DAGs
[2025-04-15T19:50:52.150+0000] {logging_mixin.py:190} INFO - [2025-04-15T19:50:52.150+0000] {dag.py:4180} INFO - Setting next_dagrun for example_workday_timetable to 2021-01-04 00:00:00+00:00, run_after=2021-01-05 00:00:00+00:00
[2025-04-15T19:50:52.182+0000] {processor.py:208} INFO - Processing /home/airflow/.local/lib/python3.12/site-packages/airflow/example_dags/example_workday_timetable.py took 0.175 seconds
[2025-04-15T19:51:22.545+0000] {processor.py:186} INFO - Started process (PID=17849) to work on /home/airflow/.local/lib/python3.12/site-packages/airflow/example_dags/example_workday_timetable.py
[2025-04-15T19:51:22.546+0000] {processor.py:914} INFO - Processing file /home/airflow/.local/lib/python3.12/site-packages/airflow/example_dags/example_workday_timetable.py for tasks to queue
[2025-04-15T19:51:22.548+0000] {logging_mixin.py:190} INFO - [2025-04-15T19:51:22.548+0000] {dagbag.py:588} INFO - Filling up the DagBag from /home/airflow/.local/lib/python3.12/site-packages/airflow/example_dags/example_workday_timetable.py
[2025-04-15T19:51:22.559+0000] {processor.py:925} INFO - DAG(s) 'example_workday_timetable' retrieved from /home/airflow/.local/lib/python3.12/site-packages/airflow/example_dags/example_workday_timetable.py
[2025-04-15T19:51:22.588+0000] {logging_mixin.py:190} INFO - [2025-04-15T19:51:22.588+0000] {dag.py:3239} INFO - Sync 1 DAGs
[2025-04-15T19:51:22.684+0000] {logging_mixin.py:190} INFO - [2025-04-15T19:51:22.683+0000] {dag.py:4180} INFO - Setting next_dagrun for example_workday_timetable to 2021-01-04 00:00:00+00:00, run_after=2021-01-05 00:00:00+00:00
[2025-04-15T19:51:22.714+0000] {processor.py:208} INFO - Processing /home/airflow/.local/lib/python3.12/site-packages/airflow/example_dags/example_workday_timetable.py took 0.177 seconds
[2025-04-15T19:51:52.798+0000] {processor.py:186} INFO - Started process (PID=17916) to work on /home/airflow/.local/lib/python3.12/site-packages/airflow/example_dags/example_workday_timetable.py
[2025-04-15T19:51:52.800+0000] {processor.py:914} INFO - Processing file /home/airflow/.local/lib/python3.12/site-packages/airflow/example_dags/example_workday_timetable.py for tasks to queue
[2025-04-15T19:51:52.801+0000] {logging_mixin.py:190} INFO - [2025-04-15T19:51:52.801+0000] {dagbag.py:588} INFO - Filling up the DagBag from /home/airflow/.local/lib/python3.12/site-packages/airflow/example_dags/example_workday_timetable.py
[2025-04-15T19:51:52.811+0000] {processor.py:925} INFO - DAG(s) 'example_workday_timetable' retrieved from /home/airflow/.local/lib/python3.12/site-packages/airflow/example_dags/example_workday_timetable.py
[2025-04-15T19:51:52.843+0000] {logging_mixin.py:190} INFO - [2025-04-15T19:51:52.842+0000] {dag.py:3239} INFO - Sync 1 DAGs
[2025-04-15T19:51:52.971+0000] {logging_mixin.py:190} INFO - [2025-04-15T19:51:52.971+0000] {dag.py:4180} INFO - Setting next_dagrun for example_workday_timetable to 2021-01-04 00:00:00+00:00, run_after=2021-01-05 00:00:00+00:00
[2025-04-15T19:51:53.010+0000] {processor.py:208} INFO - Processing /home/airflow/.local/lib/python3.12/site-packages/airflow/example_dags/example_workday_timetable.py took 0.220 seconds
[2025-04-15T19:52:23.119+0000] {processor.py:186} INFO - Started process (PID=17983) to work on /home/airflow/.local/lib/python3.12/site-packages/airflow/example_dags/example_workday_timetable.py
[2025-04-15T19:52:23.120+0000] {processor.py:914} INFO - Processing file /home/airflow/.local/lib/python3.12/site-packages/airflow/example_dags/example_workday_timetable.py for tasks to queue
[2025-04-15T19:52:23.122+0000] {logging_mixin.py:190} INFO - [2025-04-15T19:52:23.122+0000] {dagbag.py:588} INFO - Filling up the DagBag from /home/airflow/.local/lib/python3.12/site-packages/airflow/example_dags/example_workday_timetable.py
[2025-04-15T19:52:23.131+0000] {processor.py:925} INFO - DAG(s) 'example_workday_timetable' retrieved from /home/airflow/.local/lib/python3.12/site-packages/airflow/example_dags/example_workday_timetable.py
[2025-04-15T19:52:23.160+0000] {logging_mixin.py:190} INFO - [2025-04-15T19:52:23.160+0000] {dag.py:3239} INFO - Sync 1 DAGs
[2025-04-15T19:52:23.256+0000] {logging_mixin.py:190} INFO - [2025-04-15T19:52:23.256+0000] {dag.py:4180} INFO - Setting next_dagrun for example_workday_timetable to 2021-01-04 00:00:00+00:00, run_after=2021-01-05 00:00:00+00:00
[2025-04-15T19:52:23.286+0000] {processor.py:208} INFO - Processing /home/airflow/.local/lib/python3.12/site-packages/airflow/example_dags/example_workday_timetable.py took 0.177 seconds
[2025-04-15T19:52:53.591+0000] {processor.py:186} INFO - Started process (PID=18048) to work on /home/airflow/.local/lib/python3.12/site-packages/airflow/example_dags/example_workday_timetable.py
[2025-04-15T19:52:53.592+0000] {processor.py:914} INFO - Processing file /home/airflow/.local/lib/python3.12/site-packages/airflow/example_dags/example_workday_timetable.py for tasks to queue
[2025-04-15T19:52:53.594+0000] {logging_mixin.py:190} INFO - [2025-04-15T19:52:53.593+0000] {dagbag.py:588} INFO - Filling up the DagBag from /home/airflow/.local/lib/python3.12/site-packages/airflow/example_dags/example_workday_timetable.py
[2025-04-15T19:52:53.603+0000] {processor.py:925} INFO - DAG(s) 'example_workday_timetable' retrieved from /home/airflow/.local/lib/python3.12/site-packages/airflow/example_dags/example_workday_timetable.py
[2025-04-15T19:52:53.631+0000] {logging_mixin.py:190} INFO - [2025-04-15T19:52:53.630+0000] {dag.py:3239} INFO - Sync 1 DAGs
[2025-04-15T19:52:53.729+0000] {logging_mixin.py:190} INFO - [2025-04-15T19:52:53.729+0000] {dag.py:4180} INFO - Setting next_dagrun for example_workday_timetable to 2021-01-04 00:00:00+00:00, run_after=2021-01-05 00:00:00+00:00
[2025-04-15T19:52:53.758+0000] {processor.py:208} INFO - Processing /home/airflow/.local/lib/python3.12/site-packages/airflow/example_dags/example_workday_timetable.py took 0.175 seconds
[2025-04-15T19:53:23.970+0000] {processor.py:186} INFO - Started process (PID=18113) to work on /home/airflow/.local/lib/python3.12/site-packages/airflow/example_dags/example_workday_timetable.py
[2025-04-15T19:53:23.971+0000] {processor.py:914} INFO - Processing file /home/airflow/.local/lib/python3.12/site-packages/airflow/example_dags/example_workday_timetable.py for tasks to queue
[2025-04-15T19:53:23.973+0000] {logging_mixin.py:190} INFO - [2025-04-15T19:53:23.972+0000] {dagbag.py:588} INFO - Filling up the DagBag from /home/airflow/.local/lib/python3.12/site-packages/airflow/example_dags/example_workday_timetable.py
[2025-04-15T19:53:23.980+0000] {processor.py:925} INFO - DAG(s) 'example_workday_timetable' retrieved from /home/airflow/.local/lib/python3.12/site-packages/airflow/example_dags/example_workday_timetable.py
[2025-04-15T19:53:24.004+0000] {logging_mixin.py:190} INFO - [2025-04-15T19:53:24.003+0000] {dag.py:3239} INFO - Sync 1 DAGs
[2025-04-15T19:53:24.072+0000] {logging_mixin.py:190} INFO - [2025-04-15T19:53:24.072+0000] {dag.py:4180} INFO - Setting next_dagrun for example_workday_timetable to 2021-01-04 00:00:00+00:00, run_after=2021-01-05 00:00:00+00:00
[2025-04-15T19:53:24.095+0000] {processor.py:208} INFO - Processing /home/airflow/.local/lib/python3.12/site-packages/airflow/example_dags/example_workday_timetable.py took 0.132 seconds
[2025-04-15T19:53:54.362+0000] {processor.py:186} INFO - Started process (PID=18180) to work on /home/airflow/.local/lib/python3.12/site-packages/airflow/example_dags/example_workday_timetable.py
[2025-04-15T19:53:54.363+0000] {processor.py:914} INFO - Processing file /home/airflow/.local/lib/python3.12/site-packages/airflow/example_dags/example_workday_timetable.py for tasks to queue
[2025-04-15T19:53:54.365+0000] {logging_mixin.py:190} INFO - [2025-04-15T19:53:54.364+0000] {dagbag.py:588} INFO - Filling up the DagBag from /home/airflow/.local/lib/python3.12/site-packages/airflow/example_dags/example_workday_timetable.py
[2025-04-15T19:53:54.371+0000] {processor.py:925} INFO - DAG(s) 'example_workday_timetable' retrieved from /home/airflow/.local/lib/python3.12/site-packages/airflow/example_dags/example_workday_timetable.py
[2025-04-15T19:53:54.397+0000] {logging_mixin.py:190} INFO - [2025-04-15T19:53:54.397+0000] {dag.py:3239} INFO - Sync 1 DAGs
[2025-04-15T19:53:54.483+0000] {logging_mixin.py:190} INFO - [2025-04-15T19:53:54.483+0000] {dag.py:4180} INFO - Setting next_dagrun for example_workday_timetable to 2021-01-04 00:00:00+00:00, run_after=2021-01-05 00:00:00+00:00
[2025-04-15T19:53:54.509+0000] {processor.py:208} INFO - Processing /home/airflow/.local/lib/python3.12/site-packages/airflow/example_dags/example_workday_timetable.py took 0.156 seconds
[2025-04-15T19:54:25.155+0000] {processor.py:186} INFO - Started process (PID=18246) to work on /home/airflow/.local/lib/python3.12/site-packages/airflow/example_dags/example_workday_timetable.py
[2025-04-15T19:54:25.157+0000] {processor.py:914} INFO - Processing file /home/airflow/.local/lib/python3.12/site-packages/airflow/example_dags/example_workday_timetable.py for tasks to queue
[2025-04-15T19:54:25.159+0000] {logging_mixin.py:190} INFO - [2025-04-15T19:54:25.159+0000] {dagbag.py:588} INFO - Filling up the DagBag from /home/airflow/.local/lib/python3.12/site-packages/airflow/example_dags/example_workday_timetable.py
[2025-04-15T19:54:25.169+0000] {processor.py:925} INFO - DAG(s) 'example_workday_timetable' retrieved from /home/airflow/.local/lib/python3.12/site-packages/airflow/example_dags/example_workday_timetable.py
[2025-04-15T19:54:25.205+0000] {logging_mixin.py:190} INFO - [2025-04-15T19:54:25.204+0000] {dag.py:3239} INFO - Sync 1 DAGs
[2025-04-15T19:54:25.322+0000] {logging_mixin.py:190} INFO - [2025-04-15T19:54:25.322+0000] {dag.py:4180} INFO - Setting next_dagrun for example_workday_timetable to 2021-01-04 00:00:00+00:00, run_after=2021-01-05 00:00:00+00:00
[2025-04-15T19:54:25.354+0000] {processor.py:208} INFO - Processing /home/airflow/.local/lib/python3.12/site-packages/airflow/example_dags/example_workday_timetable.py took 0.211 seconds
[2025-04-15T19:54:55.519+0000] {processor.py:186} INFO - Started process (PID=18319) to work on /home/airflow/.local/lib/python3.12/site-packages/airflow/example_dags/example_workday_timetable.py
[2025-04-15T19:54:55.521+0000] {processor.py:914} INFO - Processing file /home/airflow/.local/lib/python3.12/site-packages/airflow/example_dags/example_workday_timetable.py for tasks to queue
[2025-04-15T19:54:55.523+0000] {logging_mixin.py:190} INFO - [2025-04-15T19:54:55.522+0000] {dagbag.py:588} INFO - Filling up the DagBag from /home/airflow/.local/lib/python3.12/site-packages/airflow/example_dags/example_workday_timetable.py
[2025-04-15T19:54:55.532+0000] {processor.py:925} INFO - DAG(s) 'example_workday_timetable' retrieved from /home/airflow/.local/lib/python3.12/site-packages/airflow/example_dags/example_workday_timetable.py
[2025-04-15T19:54:55.564+0000] {logging_mixin.py:190} INFO - [2025-04-15T19:54:55.563+0000] {dag.py:3239} INFO - Sync 1 DAGs
[2025-04-15T19:54:55.680+0000] {logging_mixin.py:190} INFO - [2025-04-15T19:54:55.680+0000] {dag.py:4180} INFO - Setting next_dagrun for example_workday_timetable to 2021-01-04 00:00:00+00:00, run_after=2021-01-05 00:00:00+00:00
[2025-04-15T19:54:55.711+0000] {processor.py:208} INFO - Processing /home/airflow/.local/lib/python3.12/site-packages/airflow/example_dags/example_workday_timetable.py took 0.204 seconds
[2025-04-15T19:55:26.254+0000] {processor.py:186} INFO - Started process (PID=18386) to work on /home/airflow/.local/lib/python3.12/site-packages/airflow/example_dags/example_workday_timetable.py
[2025-04-15T19:55:26.257+0000] {processor.py:914} INFO - Processing file /home/airflow/.local/lib/python3.12/site-packages/airflow/example_dags/example_workday_timetable.py for tasks to queue
[2025-04-15T19:55:26.260+0000] {logging_mixin.py:190} INFO - [2025-04-15T19:55:26.259+0000] {dagbag.py:588} INFO - Filling up the DagBag from /home/airflow/.local/lib/python3.12/site-packages/airflow/example_dags/example_workday_timetable.py
[2025-04-15T19:55:26.272+0000] {processor.py:925} INFO - DAG(s) 'example_workday_timetable' retrieved from /home/airflow/.local/lib/python3.12/site-packages/airflow/example_dags/example_workday_timetable.py
[2025-04-15T19:55:26.315+0000] {logging_mixin.py:190} INFO - [2025-04-15T19:55:26.314+0000] {dag.py:3239} INFO - Sync 1 DAGs
[2025-04-15T19:55:26.440+0000] {logging_mixin.py:190} INFO - [2025-04-15T19:55:26.440+0000] {dag.py:4180} INFO - Setting next_dagrun for example_workday_timetable to 2021-01-04 00:00:00+00:00, run_after=2021-01-05 00:00:00+00:00
[2025-04-15T19:55:26.469+0000] {processor.py:208} INFO - Processing /home/airflow/.local/lib/python3.12/site-packages/airflow/example_dags/example_workday_timetable.py took 0.224 seconds
[2025-04-15T19:55:56.663+0000] {processor.py:186} INFO - Started process (PID=18453) to work on /home/airflow/.local/lib/python3.12/site-packages/airflow/example_dags/example_workday_timetable.py
[2025-04-15T19:55:56.664+0000] {processor.py:914} INFO - Processing file /home/airflow/.local/lib/python3.12/site-packages/airflow/example_dags/example_workday_timetable.py for tasks to queue
[2025-04-15T19:55:56.666+0000] {logging_mixin.py:190} INFO - [2025-04-15T19:55:56.666+0000] {dagbag.py:588} INFO - Filling up the DagBag from /home/airflow/.local/lib/python3.12/site-packages/airflow/example_dags/example_workday_timetable.py
[2025-04-15T19:55:56.674+0000] {processor.py:925} INFO - DAG(s) 'example_workday_timetable' retrieved from /home/airflow/.local/lib/python3.12/site-packages/airflow/example_dags/example_workday_timetable.py
[2025-04-15T19:55:56.705+0000] {logging_mixin.py:190} INFO - [2025-04-15T19:55:56.705+0000] {dag.py:3239} INFO - Sync 1 DAGs
[2025-04-15T19:55:56.808+0000] {logging_mixin.py:190} INFO - [2025-04-15T19:55:56.808+0000] {dag.py:4180} INFO - Setting next_dagrun for example_workday_timetable to 2021-01-04 00:00:00+00:00, run_after=2021-01-05 00:00:00+00:00
[2025-04-15T19:55:56.839+0000] {processor.py:208} INFO - Processing /home/airflow/.local/lib/python3.12/site-packages/airflow/example_dags/example_workday_timetable.py took 0.184 seconds
[2025-04-15T19:56:27.010+0000] {processor.py:186} INFO - Started process (PID=18520) to work on /home/airflow/.local/lib/python3.12/site-packages/airflow/example_dags/example_workday_timetable.py
[2025-04-15T19:56:27.012+0000] {processor.py:914} INFO - Processing file /home/airflow/.local/lib/python3.12/site-packages/airflow/example_dags/example_workday_timetable.py for tasks to queue
[2025-04-15T19:56:27.014+0000] {logging_mixin.py:190} INFO - [2025-04-15T19:56:27.013+0000] {dagbag.py:588} INFO - Filling up the DagBag from /home/airflow/.local/lib/python3.12/site-packages/airflow/example_dags/example_workday_timetable.py
[2025-04-15T19:56:27.022+0000] {processor.py:925} INFO - DAG(s) 'example_workday_timetable' retrieved from /home/airflow/.local/lib/python3.12/site-packages/airflow/example_dags/example_workday_timetable.py
[2025-04-15T19:56:27.051+0000] {logging_mixin.py:190} INFO - [2025-04-15T19:56:27.051+0000] {dag.py:3239} INFO - Sync 1 DAGs
[2025-04-15T19:56:27.163+0000] {logging_mixin.py:190} INFO - [2025-04-15T19:56:27.163+0000] {dag.py:4180} INFO - Setting next_dagrun for example_workday_timetable to 2021-01-04 00:00:00+00:00, run_after=2021-01-05 00:00:00+00:00
[2025-04-15T19:56:27.193+0000] {processor.py:208} INFO - Processing /home/airflow/.local/lib/python3.12/site-packages/airflow/example_dags/example_workday_timetable.py took 0.191 seconds
[2025-04-15T19:56:57.664+0000] {processor.py:186} INFO - Started process (PID=18587) to work on /home/airflow/.local/lib/python3.12/site-packages/airflow/example_dags/example_workday_timetable.py
[2025-04-15T19:56:57.666+0000] {processor.py:914} INFO - Processing file /home/airflow/.local/lib/python3.12/site-packages/airflow/example_dags/example_workday_timetable.py for tasks to queue
[2025-04-15T19:56:57.668+0000] {logging_mixin.py:190} INFO - [2025-04-15T19:56:57.668+0000] {dagbag.py:588} INFO - Filling up the DagBag from /home/airflow/.local/lib/python3.12/site-packages/airflow/example_dags/example_workday_timetable.py
[2025-04-15T19:56:57.677+0000] {processor.py:925} INFO - DAG(s) 'example_workday_timetable' retrieved from /home/airflow/.local/lib/python3.12/site-packages/airflow/example_dags/example_workday_timetable.py
[2025-04-15T19:56:57.706+0000] {logging_mixin.py:190} INFO - [2025-04-15T19:56:57.706+0000] {dag.py:3239} INFO - Sync 1 DAGs
[2025-04-15T19:56:57.798+0000] {logging_mixin.py:190} INFO - [2025-04-15T19:56:57.798+0000] {dag.py:4180} INFO - Setting next_dagrun for example_workday_timetable to 2021-01-04 00:00:00+00:00, run_after=2021-01-05 00:00:00+00:00
[2025-04-15T19:56:57.830+0000] {processor.py:208} INFO - Processing /home/airflow/.local/lib/python3.12/site-packages/airflow/example_dags/example_workday_timetable.py took 0.173 seconds
[2025-04-15T19:57:28.010+0000] {processor.py:186} INFO - Started process (PID=18654) to work on /home/airflow/.local/lib/python3.12/site-packages/airflow/example_dags/example_workday_timetable.py
[2025-04-15T19:57:28.012+0000] {processor.py:914} INFO - Processing file /home/airflow/.local/lib/python3.12/site-packages/airflow/example_dags/example_workday_timetable.py for tasks to queue
[2025-04-15T19:57:28.014+0000] {logging_mixin.py:190} INFO - [2025-04-15T19:57:28.013+0000] {dagbag.py:588} INFO - Filling up the DagBag from /home/airflow/.local/lib/python3.12/site-packages/airflow/example_dags/example_workday_timetable.py
[2025-04-15T19:57:28.025+0000] {processor.py:925} INFO - DAG(s) 'example_workday_timetable' retrieved from /home/airflow/.local/lib/python3.12/site-packages/airflow/example_dags/example_workday_timetable.py
[2025-04-15T19:57:28.057+0000] {logging_mixin.py:190} INFO - [2025-04-15T19:57:28.057+0000] {dag.py:3239} INFO - Sync 1 DAGs
[2025-04-15T19:57:28.166+0000] {logging_mixin.py:190} INFO - [2025-04-15T19:57:28.166+0000] {dag.py:4180} INFO - Setting next_dagrun for example_workday_timetable to 2021-01-04 00:00:00+00:00, run_after=2021-01-05 00:00:00+00:00
[2025-04-15T19:57:28.198+0000] {processor.py:208} INFO - Processing /home/airflow/.local/lib/python3.12/site-packages/airflow/example_dags/example_workday_timetable.py took 0.198 seconds
[2025-04-15T19:57:58.598+0000] {processor.py:186} INFO - Started process (PID=18721) to work on /home/airflow/.local/lib/python3.12/site-packages/airflow/example_dags/example_workday_timetable.py
[2025-04-15T19:57:58.599+0000] {processor.py:914} INFO - Processing file /home/airflow/.local/lib/python3.12/site-packages/airflow/example_dags/example_workday_timetable.py for tasks to queue
[2025-04-15T19:57:58.602+0000] {logging_mixin.py:190} INFO - [2025-04-15T19:57:58.601+0000] {dagbag.py:588} INFO - Filling up the DagBag from /home/airflow/.local/lib/python3.12/site-packages/airflow/example_dags/example_workday_timetable.py
[2025-04-15T19:57:58.612+0000] {processor.py:925} INFO - DAG(s) 'example_workday_timetable' retrieved from /home/airflow/.local/lib/python3.12/site-packages/airflow/example_dags/example_workday_timetable.py
[2025-04-15T19:57:58.646+0000] {logging_mixin.py:190} INFO - [2025-04-15T19:57:58.646+0000] {dag.py:3239} INFO - Sync 1 DAGs
[2025-04-15T19:57:58.752+0000] {logging_mixin.py:190} INFO - [2025-04-15T19:57:58.752+0000] {dag.py:4180} INFO - Setting next_dagrun for example_workday_timetable to 2021-01-04 00:00:00+00:00, run_after=2021-01-05 00:00:00+00:00
[2025-04-15T19:57:58.781+0000] {processor.py:208} INFO - Processing /home/airflow/.local/lib/python3.12/site-packages/airflow/example_dags/example_workday_timetable.py took 0.194 seconds
[2025-04-15T19:58:29.427+0000] {processor.py:186} INFO - Started process (PID=18788) to work on /home/airflow/.local/lib/python3.12/site-packages/airflow/example_dags/example_workday_timetable.py
[2025-04-15T19:58:29.429+0000] {processor.py:914} INFO - Processing file /home/airflow/.local/lib/python3.12/site-packages/airflow/example_dags/example_workday_timetable.py for tasks to queue
[2025-04-15T19:58:29.431+0000] {logging_mixin.py:190} INFO - [2025-04-15T19:58:29.430+0000] {dagbag.py:588} INFO - Filling up the DagBag from /home/airflow/.local/lib/python3.12/site-packages/airflow/example_dags/example_workday_timetable.py
[2025-04-15T19:58:29.440+0000] {processor.py:925} INFO - DAG(s) 'example_workday_timetable' retrieved from /home/airflow/.local/lib/python3.12/site-packages/airflow/example_dags/example_workday_timetable.py
[2025-04-15T19:58:29.474+0000] {logging_mixin.py:190} INFO - [2025-04-15T19:58:29.474+0000] {dag.py:3239} INFO - Sync 1 DAGs
[2025-04-15T19:58:29.574+0000] {logging_mixin.py:190} INFO - [2025-04-15T19:58:29.574+0000] {dag.py:4180} INFO - Setting next_dagrun for example_workday_timetable to 2021-01-04 00:00:00+00:00, run_after=2021-01-05 00:00:00+00:00
[2025-04-15T19:58:29.607+0000] {processor.py:208} INFO - Processing /home/airflow/.local/lib/python3.12/site-packages/airflow/example_dags/example_workday_timetable.py took 0.192 seconds
[2025-04-15T19:58:59.721+0000] {processor.py:186} INFO - Started process (PID=18855) to work on /home/airflow/.local/lib/python3.12/site-packages/airflow/example_dags/example_workday_timetable.py
[2025-04-15T19:58:59.724+0000] {processor.py:914} INFO - Processing file /home/airflow/.local/lib/python3.12/site-packages/airflow/example_dags/example_workday_timetable.py for tasks to queue
[2025-04-15T19:58:59.726+0000] {logging_mixin.py:190} INFO - [2025-04-15T19:58:59.726+0000] {dagbag.py:588} INFO - Filling up the DagBag from /home/airflow/.local/lib/python3.12/site-packages/airflow/example_dags/example_workday_timetable.py
[2025-04-15T19:58:59.737+0000] {processor.py:925} INFO - DAG(s) 'example_workday_timetable' retrieved from /home/airflow/.local/lib/python3.12/site-packages/airflow/example_dags/example_workday_timetable.py
[2025-04-15T19:58:59.774+0000] {logging_mixin.py:190} INFO - [2025-04-15T19:58:59.773+0000] {dag.py:3239} INFO - Sync 1 DAGs
[2025-04-15T19:58:59.898+0000] {logging_mixin.py:190} INFO - [2025-04-15T19:58:59.897+0000] {dag.py:4180} INFO - Setting next_dagrun for example_workday_timetable to 2021-01-04 00:00:00+00:00, run_after=2021-01-05 00:00:00+00:00
[2025-04-15T19:58:59.927+0000] {processor.py:208} INFO - Processing /home/airflow/.local/lib/python3.12/site-packages/airflow/example_dags/example_workday_timetable.py took 0.218 seconds
[2025-04-15T19:59:30.090+0000] {processor.py:186} INFO - Started process (PID=18922) to work on /home/airflow/.local/lib/python3.12/site-packages/airflow/example_dags/example_workday_timetable.py
[2025-04-15T19:59:30.091+0000] {processor.py:914} INFO - Processing file /home/airflow/.local/lib/python3.12/site-packages/airflow/example_dags/example_workday_timetable.py for tasks to queue
[2025-04-15T19:59:30.093+0000] {logging_mixin.py:190} INFO - [2025-04-15T19:59:30.093+0000] {dagbag.py:588} INFO - Filling up the DagBag from /home/airflow/.local/lib/python3.12/site-packages/airflow/example_dags/example_workday_timetable.py
[2025-04-15T19:59:30.109+0000] {processor.py:925} INFO - DAG(s) 'example_workday_timetable' retrieved from /home/airflow/.local/lib/python3.12/site-packages/airflow/example_dags/example_workday_timetable.py
[2025-04-15T19:59:30.138+0000] {logging_mixin.py:190} INFO - [2025-04-15T19:59:30.137+0000] {dag.py:3239} INFO - Sync 1 DAGs
[2025-04-15T19:59:30.247+0000] {logging_mixin.py:190} INFO - [2025-04-15T19:59:30.246+0000] {dag.py:4180} INFO - Setting next_dagrun for example_workday_timetable to 2021-01-04 00:00:00+00:00, run_after=2021-01-05 00:00:00+00:00
[2025-04-15T19:59:30.277+0000] {processor.py:208} INFO - Processing /home/airflow/.local/lib/python3.12/site-packages/airflow/example_dags/example_workday_timetable.py took 0.196 seconds
[2025-04-15T20:00:00.782+0000] {processor.py:186} INFO - Started process (PID=18989) to work on /home/airflow/.local/lib/python3.12/site-packages/airflow/example_dags/example_workday_timetable.py
[2025-04-15T20:00:00.783+0000] {processor.py:914} INFO - Processing file /home/airflow/.local/lib/python3.12/site-packages/airflow/example_dags/example_workday_timetable.py for tasks to queue
[2025-04-15T20:00:00.785+0000] {logging_mixin.py:190} INFO - [2025-04-15T20:00:00.785+0000] {dagbag.py:588} INFO - Filling up the DagBag from /home/airflow/.local/lib/python3.12/site-packages/airflow/example_dags/example_workday_timetable.py
[2025-04-15T20:00:00.793+0000] {processor.py:925} INFO - DAG(s) 'example_workday_timetable' retrieved from /home/airflow/.local/lib/python3.12/site-packages/airflow/example_dags/example_workday_timetable.py
[2025-04-15T20:00:00.829+0000] {logging_mixin.py:190} INFO - [2025-04-15T20:00:00.828+0000] {dag.py:3239} INFO - Sync 1 DAGs
[2025-04-15T20:00:00.937+0000] {logging_mixin.py:190} INFO - [2025-04-15T20:00:00.937+0000] {dag.py:4180} INFO - Setting next_dagrun for example_workday_timetable to 2021-01-04 00:00:00+00:00, run_after=2021-01-05 00:00:00+00:00
[2025-04-15T20:00:00.975+0000] {processor.py:208} INFO - Processing /home/airflow/.local/lib/python3.12/site-packages/airflow/example_dags/example_workday_timetable.py took 0.203 seconds
[2025-04-15T20:00:31.228+0000] {processor.py:186} INFO - Started process (PID=19056) to work on /home/airflow/.local/lib/python3.12/site-packages/airflow/example_dags/example_workday_timetable.py
[2025-04-15T20:00:31.229+0000] {processor.py:914} INFO - Processing file /home/airflow/.local/lib/python3.12/site-packages/airflow/example_dags/example_workday_timetable.py for tasks to queue
[2025-04-15T20:00:31.231+0000] {logging_mixin.py:190} INFO - [2025-04-15T20:00:31.230+0000] {dagbag.py:588} INFO - Filling up the DagBag from /home/airflow/.local/lib/python3.12/site-packages/airflow/example_dags/example_workday_timetable.py
[2025-04-15T20:00:31.236+0000] {processor.py:925} INFO - DAG(s) 'example_workday_timetable' retrieved from /home/airflow/.local/lib/python3.12/site-packages/airflow/example_dags/example_workday_timetable.py
[2025-04-15T20:00:31.259+0000] {logging_mixin.py:190} INFO - [2025-04-15T20:00:31.259+0000] {dag.py:3239} INFO - Sync 1 DAGs
[2025-04-15T20:00:31.328+0000] {logging_mixin.py:190} INFO - [2025-04-15T20:00:31.328+0000] {dag.py:4180} INFO - Setting next_dagrun for example_workday_timetable to 2021-01-04 00:00:00+00:00, run_after=2021-01-05 00:00:00+00:00
[2025-04-15T20:00:31.351+0000] {processor.py:208} INFO - Processing /home/airflow/.local/lib/python3.12/site-packages/airflow/example_dags/example_workday_timetable.py took 0.128 seconds
[2025-04-15T20:01:01.648+0000] {processor.py:186} INFO - Started process (PID=19123) to work on /home/airflow/.local/lib/python3.12/site-packages/airflow/example_dags/example_workday_timetable.py
[2025-04-15T20:01:01.649+0000] {processor.py:914} INFO - Processing file /home/airflow/.local/lib/python3.12/site-packages/airflow/example_dags/example_workday_timetable.py for tasks to queue
[2025-04-15T20:01:01.651+0000] {logging_mixin.py:190} INFO - [2025-04-15T20:01:01.650+0000] {dagbag.py:588} INFO - Filling up the DagBag from /home/airflow/.local/lib/python3.12/site-packages/airflow/example_dags/example_workday_timetable.py
[2025-04-15T20:01:01.659+0000] {processor.py:925} INFO - DAG(s) 'example_workday_timetable' retrieved from /home/airflow/.local/lib/python3.12/site-packages/airflow/example_dags/example_workday_timetable.py
[2025-04-15T20:01:01.688+0000] {logging_mixin.py:190} INFO - [2025-04-15T20:01:01.688+0000] {dag.py:3239} INFO - Sync 1 DAGs
[2025-04-15T20:01:01.781+0000] {logging_mixin.py:190} INFO - [2025-04-15T20:01:01.781+0000] {dag.py:4180} INFO - Setting next_dagrun for example_workday_timetable to 2021-01-04 00:00:00+00:00, run_after=2021-01-05 00:00:00+00:00
[2025-04-15T20:01:01.810+0000] {processor.py:208} INFO - Processing /home/airflow/.local/lib/python3.12/site-packages/airflow/example_dags/example_workday_timetable.py took 0.171 seconds
[2025-04-15T20:01:32.265+0000] {processor.py:186} INFO - Started process (PID=19190) to work on /home/airflow/.local/lib/python3.12/site-packages/airflow/example_dags/example_workday_timetable.py
[2025-04-15T20:01:32.267+0000] {processor.py:914} INFO - Processing file /home/airflow/.local/lib/python3.12/site-packages/airflow/example_dags/example_workday_timetable.py for tasks to queue
[2025-04-15T20:01:32.269+0000] {logging_mixin.py:190} INFO - [2025-04-15T20:01:32.269+0000] {dagbag.py:588} INFO - Filling up the DagBag from /home/airflow/.local/lib/python3.12/site-packages/airflow/example_dags/example_workday_timetable.py
[2025-04-15T20:01:32.277+0000] {processor.py:925} INFO - DAG(s) 'example_workday_timetable' retrieved from /home/airflow/.local/lib/python3.12/site-packages/airflow/example_dags/example_workday_timetable.py
[2025-04-15T20:01:32.309+0000] {logging_mixin.py:190} INFO - [2025-04-15T20:01:32.309+0000] {dag.py:3239} INFO - Sync 1 DAGs
[2025-04-15T20:01:32.407+0000] {logging_mixin.py:190} INFO - [2025-04-15T20:01:32.406+0000] {dag.py:4180} INFO - Setting next_dagrun for example_workday_timetable to 2021-01-04 00:00:00+00:00, run_after=2021-01-05 00:00:00+00:00
[2025-04-15T20:01:32.437+0000] {processor.py:208} INFO - Processing /home/airflow/.local/lib/python3.12/site-packages/airflow/example_dags/example_workday_timetable.py took 0.181 seconds
[2025-04-15T20:02:02.885+0000] {processor.py:186} INFO - Started process (PID=19257) to work on /home/airflow/.local/lib/python3.12/site-packages/airflow/example_dags/example_workday_timetable.py
[2025-04-15T20:02:02.894+0000] {processor.py:914} INFO - Processing file /home/airflow/.local/lib/python3.12/site-packages/airflow/example_dags/example_workday_timetable.py for tasks to queue
[2025-04-15T20:02:02.899+0000] {logging_mixin.py:190} INFO - [2025-04-15T20:02:02.898+0000] {dagbag.py:588} INFO - Filling up the DagBag from /home/airflow/.local/lib/python3.12/site-packages/airflow/example_dags/example_workday_timetable.py
[2025-04-15T20:02:02.914+0000] {processor.py:925} INFO - DAG(s) 'example_workday_timetable' retrieved from /home/airflow/.local/lib/python3.12/site-packages/airflow/example_dags/example_workday_timetable.py
[2025-04-15T20:02:02.952+0000] {logging_mixin.py:190} INFO - [2025-04-15T20:02:02.952+0000] {dag.py:3239} INFO - Sync 1 DAGs
[2025-04-15T20:02:03.031+0000] {logging_mixin.py:190} INFO - [2025-04-15T20:02:03.031+0000] {dag.py:4180} INFO - Setting next_dagrun for example_workday_timetable to 2021-01-04 00:00:00+00:00, run_after=2021-01-05 00:00:00+00:00
[2025-04-15T20:02:03.053+0000] {processor.py:208} INFO - Processing /home/airflow/.local/lib/python3.12/site-packages/airflow/example_dags/example_workday_timetable.py took 0.176 seconds
[2025-04-15T20:02:33.561+0000] {processor.py:186} INFO - Started process (PID=19324) to work on /home/airflow/.local/lib/python3.12/site-packages/airflow/example_dags/example_workday_timetable.py
[2025-04-15T20:02:33.563+0000] {processor.py:914} INFO - Processing file /home/airflow/.local/lib/python3.12/site-packages/airflow/example_dags/example_workday_timetable.py for tasks to queue
[2025-04-15T20:02:33.565+0000] {logging_mixin.py:190} INFO - [2025-04-15T20:02:33.564+0000] {dagbag.py:588} INFO - Filling up the DagBag from /home/airflow/.local/lib/python3.12/site-packages/airflow/example_dags/example_workday_timetable.py
[2025-04-15T20:02:33.574+0000] {processor.py:925} INFO - DAG(s) 'example_workday_timetable' retrieved from /home/airflow/.local/lib/python3.12/site-packages/airflow/example_dags/example_workday_timetable.py
[2025-04-15T20:02:33.605+0000] {logging_mixin.py:190} INFO - [2025-04-15T20:02:33.605+0000] {dag.py:3239} INFO - Sync 1 DAGs
[2025-04-15T20:02:33.714+0000] {logging_mixin.py:190} INFO - [2025-04-15T20:02:33.713+0000] {dag.py:4180} INFO - Setting next_dagrun for example_workday_timetable to 2021-01-04 00:00:00+00:00, run_after=2021-01-05 00:00:00+00:00
[2025-04-15T20:02:33.743+0000] {processor.py:208} INFO - Processing /home/airflow/.local/lib/python3.12/site-packages/airflow/example_dags/example_workday_timetable.py took 0.191 seconds
[2025-04-15T20:03:04.190+0000] {processor.py:186} INFO - Started process (PID=19391) to work on /home/airflow/.local/lib/python3.12/site-packages/airflow/example_dags/example_workday_timetable.py
[2025-04-15T20:03:04.192+0000] {processor.py:914} INFO - Processing file /home/airflow/.local/lib/python3.12/site-packages/airflow/example_dags/example_workday_timetable.py for tasks to queue
[2025-04-15T20:03:04.194+0000] {logging_mixin.py:190} INFO - [2025-04-15T20:03:04.193+0000] {dagbag.py:588} INFO - Filling up the DagBag from /home/airflow/.local/lib/python3.12/site-packages/airflow/example_dags/example_workday_timetable.py
[2025-04-15T20:03:04.202+0000] {processor.py:925} INFO - DAG(s) 'example_workday_timetable' retrieved from /home/airflow/.local/lib/python3.12/site-packages/airflow/example_dags/example_workday_timetable.py
[2025-04-15T20:03:04.231+0000] {logging_mixin.py:190} INFO - [2025-04-15T20:03:04.231+0000] {dag.py:3239} INFO - Sync 1 DAGs
[2025-04-15T20:03:04.347+0000] {logging_mixin.py:190} INFO - [2025-04-15T20:03:04.347+0000] {dag.py:4180} INFO - Setting next_dagrun for example_workday_timetable to 2021-01-04 00:00:00+00:00, run_after=2021-01-05 00:00:00+00:00
[2025-04-15T20:03:04.379+0000] {processor.py:208} INFO - Processing /home/airflow/.local/lib/python3.12/site-packages/airflow/example_dags/example_workday_timetable.py took 0.196 seconds
[2025-04-15T20:03:34.501+0000] {processor.py:186} INFO - Started process (PID=19458) to work on /home/airflow/.local/lib/python3.12/site-packages/airflow/example_dags/example_workday_timetable.py
[2025-04-15T20:03:34.502+0000] {processor.py:914} INFO - Processing file /home/airflow/.local/lib/python3.12/site-packages/airflow/example_dags/example_workday_timetable.py for tasks to queue
[2025-04-15T20:03:34.504+0000] {logging_mixin.py:190} INFO - [2025-04-15T20:03:34.504+0000] {dagbag.py:588} INFO - Filling up the DagBag from /home/airflow/.local/lib/python3.12/site-packages/airflow/example_dags/example_workday_timetable.py
[2025-04-15T20:03:34.517+0000] {processor.py:925} INFO - DAG(s) 'example_workday_timetable' retrieved from /home/airflow/.local/lib/python3.12/site-packages/airflow/example_dags/example_workday_timetable.py
[2025-04-15T20:03:34.546+0000] {logging_mixin.py:190} INFO - [2025-04-15T20:03:34.545+0000] {dag.py:3239} INFO - Sync 1 DAGs
[2025-04-15T20:03:34.642+0000] {logging_mixin.py:190} INFO - [2025-04-15T20:03:34.642+0000] {dag.py:4180} INFO - Setting next_dagrun for example_workday_timetable to 2021-01-04 00:00:00+00:00, run_after=2021-01-05 00:00:00+00:00
[2025-04-15T20:03:34.675+0000] {processor.py:208} INFO - Processing /home/airflow/.local/lib/python3.12/site-packages/airflow/example_dags/example_workday_timetable.py took 0.184 seconds
[2025-04-15T20:04:05.012+0000] {processor.py:186} INFO - Started process (PID=19526) to work on /home/airflow/.local/lib/python3.12/site-packages/airflow/example_dags/example_workday_timetable.py
[2025-04-15T20:04:05.014+0000] {processor.py:914} INFO - Processing file /home/airflow/.local/lib/python3.12/site-packages/airflow/example_dags/example_workday_timetable.py for tasks to queue
[2025-04-15T20:04:05.016+0000] {logging_mixin.py:190} INFO - [2025-04-15T20:04:05.015+0000] {dagbag.py:588} INFO - Filling up the DagBag from /home/airflow/.local/lib/python3.12/site-packages/airflow/example_dags/example_workday_timetable.py
[2025-04-15T20:04:05.025+0000] {processor.py:925} INFO - DAG(s) 'example_workday_timetable' retrieved from /home/airflow/.local/lib/python3.12/site-packages/airflow/example_dags/example_workday_timetable.py
[2025-04-15T20:04:05.054+0000] {logging_mixin.py:190} INFO - [2025-04-15T20:04:05.054+0000] {dag.py:3239} INFO - Sync 1 DAGs
[2025-04-15T20:04:05.162+0000] {logging_mixin.py:190} INFO - [2025-04-15T20:04:05.161+0000] {dag.py:4180} INFO - Setting next_dagrun for example_workday_timetable to 2021-01-04 00:00:00+00:00, run_after=2021-01-05 00:00:00+00:00
[2025-04-15T20:04:05.191+0000] {processor.py:208} INFO - Processing /home/airflow/.local/lib/python3.12/site-packages/airflow/example_dags/example_workday_timetable.py took 0.188 seconds
[2025-04-15T23:04:27.753+0000] {processor.py:186} INFO - Started process (PID=19566) to work on /home/airflow/.local/lib/python3.12/site-packages/airflow/example_dags/example_workday_timetable.py
[2025-04-15T23:04:27.754+0000] {processor.py:914} INFO - Processing file /home/airflow/.local/lib/python3.12/site-packages/airflow/example_dags/example_workday_timetable.py for tasks to queue
[2025-04-15T23:04:27.756+0000] {logging_mixin.py:190} INFO - [2025-04-15T23:04:27.756+0000] {dagbag.py:588} INFO - Filling up the DagBag from /home/airflow/.local/lib/python3.12/site-packages/airflow/example_dags/example_workday_timetable.py
[2025-04-15T23:04:27.763+0000] {processor.py:925} INFO - DAG(s) 'example_workday_timetable' retrieved from /home/airflow/.local/lib/python3.12/site-packages/airflow/example_dags/example_workday_timetable.py
[2025-04-15T23:04:27.786+0000] {logging_mixin.py:190} INFO - [2025-04-15T23:04:27.785+0000] {dag.py:3239} INFO - Sync 1 DAGs
[2025-04-15T23:04:27.854+0000] {logging_mixin.py:190} INFO - [2025-04-15T23:04:27.854+0000] {dag.py:4180} INFO - Setting next_dagrun for example_workday_timetable to 2021-01-04 00:00:00+00:00, run_after=2021-01-05 00:00:00+00:00
[2025-04-15T23:04:27.875+0000] {processor.py:208} INFO - Processing /home/airflow/.local/lib/python3.12/site-packages/airflow/example_dags/example_workday_timetable.py took 0.129 seconds
