[2025-04-15T19:34:47.605+0000] {processor.py:186} INFO - Started process (PID=15727) to work on /home/airflow/.local/lib/python3.12/site-packages/airflow/example_dags/example_task_group_decorator.py
[2025-04-15T19:34:47.670+0000] {processor.py:914} INFO - Processing file /home/airflow/.local/lib/python3.12/site-packages/airflow/example_dags/example_task_group_decorator.py for tasks to queue
[2025-04-15T19:34:47.727+0000] {logging_mixin.py:190} INFO - [2025-04-15T19:34:47.726+0000] {dagbag.py:588} INFO - Filling up the DagBag from /home/airflow/.local/lib/python3.12/site-packages/airflow/example_dags/example_task_group_decorator.py
[2025-04-15T19:34:47.795+0000] {processor.py:925} INFO - DAG(s) 'example_task_group_decorator' retrieved from /home/airflow/.local/lib/python3.12/site-packages/airflow/example_dags/example_task_group_decorator.py
[2025-04-15T19:34:47.855+0000] {logging_mixin.py:190} INFO - [2025-04-15T19:34:47.854+0000] {dag.py:3239} INFO - Sync 1 DAGs
[2025-04-15T19:34:47.903+0000] {logging_mixin.py:190} INFO - [2025-04-15T19:34:47.903+0000] {dag.py:4180} INFO - Setting next_dagrun for example_task_group_decorator to None, run_after=None
[2025-04-15T19:34:48.040+0000] {processor.py:208} INFO - Processing /home/airflow/.local/lib/python3.12/site-packages/airflow/example_dags/example_task_group_decorator.py took 0.465 seconds
[2025-04-15T19:35:41.805+0000] {processor.py:186} INFO - Started process (PID=15794) to work on /home/airflow/.local/lib/python3.12/site-packages/airflow/example_dags/example_task_group_decorator.py
[2025-04-15T19:35:41.808+0000] {processor.py:914} INFO - Processing file /home/airflow/.local/lib/python3.12/site-packages/airflow/example_dags/example_task_group_decorator.py for tasks to queue
[2025-04-15T19:35:41.813+0000] {logging_mixin.py:190} INFO - [2025-04-15T19:35:41.812+0000] {dagbag.py:588} INFO - Filling up the DagBag from /home/airflow/.local/lib/python3.12/site-packages/airflow/example_dags/example_task_group_decorator.py
[2025-04-15T19:35:41.863+0000] {processor.py:925} INFO - DAG(s) 'example_task_group_decorator' retrieved from /home/airflow/.local/lib/python3.12/site-packages/airflow/example_dags/example_task_group_decorator.py
[2025-04-15T19:35:41.951+0000] {logging_mixin.py:190} INFO - [2025-04-15T19:35:41.950+0000] {dag.py:3239} INFO - Sync 1 DAGs
[2025-04-15T19:35:42.012+0000] {logging_mixin.py:190} INFO - [2025-04-15T19:35:42.011+0000] {dag.py:4180} INFO - Setting next_dagrun for example_task_group_decorator to None, run_after=None
[2025-04-15T19:35:42.098+0000] {processor.py:208} INFO - Processing /home/airflow/.local/lib/python3.12/site-packages/airflow/example_dags/example_task_group_decorator.py took 0.305 seconds
[2025-04-15T19:36:12.945+0000] {processor.py:186} INFO - Started process (PID=15860) to work on /home/airflow/.local/lib/python3.12/site-packages/airflow/example_dags/example_task_group_decorator.py
[2025-04-15T19:36:12.947+0000] {processor.py:914} INFO - Processing file /home/airflow/.local/lib/python3.12/site-packages/airflow/example_dags/example_task_group_decorator.py for tasks to queue
[2025-04-15T19:36:12.949+0000] {logging_mixin.py:190} INFO - [2025-04-15T19:36:12.949+0000] {dagbag.py:588} INFO - Filling up the DagBag from /home/airflow/.local/lib/python3.12/site-packages/airflow/example_dags/example_task_group_decorator.py
[2025-04-15T19:36:12.970+0000] {processor.py:925} INFO - DAG(s) 'example_task_group_decorator' retrieved from /home/airflow/.local/lib/python3.12/site-packages/airflow/example_dags/example_task_group_decorator.py
[2025-04-15T19:36:13.014+0000] {logging_mixin.py:190} INFO - [2025-04-15T19:36:13.013+0000] {dag.py:3239} INFO - Sync 1 DAGs
[2025-04-15T19:36:13.042+0000] {logging_mixin.py:190} INFO - [2025-04-15T19:36:13.041+0000] {dag.py:4180} INFO - Setting next_dagrun for example_task_group_decorator to None, run_after=None
[2025-04-15T19:36:13.073+0000] {processor.py:208} INFO - Processing /home/airflow/.local/lib/python3.12/site-packages/airflow/example_dags/example_task_group_decorator.py took 0.136 seconds
[2025-04-15T19:36:43.570+0000] {processor.py:186} INFO - Started process (PID=15927) to work on /home/airflow/.local/lib/python3.12/site-packages/airflow/example_dags/example_task_group_decorator.py
[2025-04-15T19:36:43.572+0000] {processor.py:914} INFO - Processing file /home/airflow/.local/lib/python3.12/site-packages/airflow/example_dags/example_task_group_decorator.py for tasks to queue
[2025-04-15T19:36:43.574+0000] {logging_mixin.py:190} INFO - [2025-04-15T19:36:43.573+0000] {dagbag.py:588} INFO - Filling up the DagBag from /home/airflow/.local/lib/python3.12/site-packages/airflow/example_dags/example_task_group_decorator.py
[2025-04-15T19:36:43.606+0000] {processor.py:925} INFO - DAG(s) 'example_task_group_decorator' retrieved from /home/airflow/.local/lib/python3.12/site-packages/airflow/example_dags/example_task_group_decorator.py
[2025-04-15T19:36:43.653+0000] {logging_mixin.py:190} INFO - [2025-04-15T19:36:43.653+0000] {dag.py:3239} INFO - Sync 1 DAGs
[2025-04-15T19:36:43.676+0000] {logging_mixin.py:190} INFO - [2025-04-15T19:36:43.675+0000] {dag.py:4180} INFO - Setting next_dagrun for example_task_group_decorator to None, run_after=None
[2025-04-15T19:36:43.711+0000] {processor.py:208} INFO - Processing /home/airflow/.local/lib/python3.12/site-packages/airflow/example_dags/example_task_group_decorator.py took 0.151 seconds
[2025-04-15T19:37:14.151+0000] {processor.py:186} INFO - Started process (PID=15994) to work on /home/airflow/.local/lib/python3.12/site-packages/airflow/example_dags/example_task_group_decorator.py
[2025-04-15T19:37:14.153+0000] {processor.py:914} INFO - Processing file /home/airflow/.local/lib/python3.12/site-packages/airflow/example_dags/example_task_group_decorator.py for tasks to queue
[2025-04-15T19:37:14.156+0000] {logging_mixin.py:190} INFO - [2025-04-15T19:37:14.155+0000] {dagbag.py:588} INFO - Filling up the DagBag from /home/airflow/.local/lib/python3.12/site-packages/airflow/example_dags/example_task_group_decorator.py
[2025-04-15T19:37:14.186+0000] {processor.py:925} INFO - DAG(s) 'example_task_group_decorator' retrieved from /home/airflow/.local/lib/python3.12/site-packages/airflow/example_dags/example_task_group_decorator.py
[2025-04-15T19:37:14.236+0000] {logging_mixin.py:190} INFO - [2025-04-15T19:37:14.235+0000] {dag.py:3239} INFO - Sync 1 DAGs
[2025-04-15T19:37:14.264+0000] {logging_mixin.py:190} INFO - [2025-04-15T19:37:14.263+0000] {dag.py:4180} INFO - Setting next_dagrun for example_task_group_decorator to None, run_after=None
[2025-04-15T19:37:14.313+0000] {processor.py:208} INFO - Processing /home/airflow/.local/lib/python3.12/site-packages/airflow/example_dags/example_task_group_decorator.py took 0.171 seconds
[2025-04-15T19:37:45.527+0000] {processor.py:186} INFO - Started process (PID=16061) to work on /home/airflow/.local/lib/python3.12/site-packages/airflow/example_dags/example_task_group_decorator.py
[2025-04-15T19:37:45.529+0000] {processor.py:914} INFO - Processing file /home/airflow/.local/lib/python3.12/site-packages/airflow/example_dags/example_task_group_decorator.py for tasks to queue
[2025-04-15T19:37:45.531+0000] {logging_mixin.py:190} INFO - [2025-04-15T19:37:45.531+0000] {dagbag.py:588} INFO - Filling up the DagBag from /home/airflow/.local/lib/python3.12/site-packages/airflow/example_dags/example_task_group_decorator.py
[2025-04-15T19:37:45.558+0000] {processor.py:925} INFO - DAG(s) 'example_task_group_decorator' retrieved from /home/airflow/.local/lib/python3.12/site-packages/airflow/example_dags/example_task_group_decorator.py
[2025-04-15T19:37:45.595+0000] {logging_mixin.py:190} INFO - [2025-04-15T19:37:45.594+0000] {dag.py:3239} INFO - Sync 1 DAGs
[2025-04-15T19:37:45.617+0000] {logging_mixin.py:190} INFO - [2025-04-15T19:37:45.617+0000] {dag.py:4180} INFO - Setting next_dagrun for example_task_group_decorator to None, run_after=None
[2025-04-15T19:37:45.648+0000] {processor.py:208} INFO - Processing /home/airflow/.local/lib/python3.12/site-packages/airflow/example_dags/example_task_group_decorator.py took 0.130 seconds
[2025-04-15T19:38:16.502+0000] {processor.py:186} INFO - Started process (PID=16128) to work on /home/airflow/.local/lib/python3.12/site-packages/airflow/example_dags/example_task_group_decorator.py
[2025-04-15T19:38:16.503+0000] {processor.py:914} INFO - Processing file /home/airflow/.local/lib/python3.12/site-packages/airflow/example_dags/example_task_group_decorator.py for tasks to queue
[2025-04-15T19:38:16.505+0000] {logging_mixin.py:190} INFO - [2025-04-15T19:38:16.505+0000] {dagbag.py:588} INFO - Filling up the DagBag from /home/airflow/.local/lib/python3.12/site-packages/airflow/example_dags/example_task_group_decorator.py
[2025-04-15T19:38:16.532+0000] {processor.py:925} INFO - DAG(s) 'example_task_group_decorator' retrieved from /home/airflow/.local/lib/python3.12/site-packages/airflow/example_dags/example_task_group_decorator.py
[2025-04-15T19:38:16.571+0000] {logging_mixin.py:190} INFO - [2025-04-15T19:38:16.571+0000] {dag.py:3239} INFO - Sync 1 DAGs
[2025-04-15T19:38:16.595+0000] {logging_mixin.py:190} INFO - [2025-04-15T19:38:16.594+0000] {dag.py:4180} INFO - Setting next_dagrun for example_task_group_decorator to None, run_after=None
[2025-04-15T19:38:16.626+0000] {processor.py:208} INFO - Processing /home/airflow/.local/lib/python3.12/site-packages/airflow/example_dags/example_task_group_decorator.py took 0.133 seconds
[2025-04-15T19:38:48.089+0000] {processor.py:186} INFO - Started process (PID=16195) to work on /home/airflow/.local/lib/python3.12/site-packages/airflow/example_dags/example_task_group_decorator.py
[2025-04-15T19:38:48.091+0000] {processor.py:914} INFO - Processing file /home/airflow/.local/lib/python3.12/site-packages/airflow/example_dags/example_task_group_decorator.py for tasks to queue
[2025-04-15T19:38:48.093+0000] {logging_mixin.py:190} INFO - [2025-04-15T19:38:48.092+0000] {dagbag.py:588} INFO - Filling up the DagBag from /home/airflow/.local/lib/python3.12/site-packages/airflow/example_dags/example_task_group_decorator.py
[2025-04-15T19:38:48.117+0000] {processor.py:925} INFO - DAG(s) 'example_task_group_decorator' retrieved from /home/airflow/.local/lib/python3.12/site-packages/airflow/example_dags/example_task_group_decorator.py
[2025-04-15T19:38:48.157+0000] {logging_mixin.py:190} INFO - [2025-04-15T19:38:48.156+0000] {dag.py:3239} INFO - Sync 1 DAGs
[2025-04-15T19:38:48.183+0000] {logging_mixin.py:190} INFO - [2025-04-15T19:38:48.182+0000] {dag.py:4180} INFO - Setting next_dagrun for example_task_group_decorator to None, run_after=None
[2025-04-15T19:38:48.214+0000] {processor.py:208} INFO - Processing /home/airflow/.local/lib/python3.12/site-packages/airflow/example_dags/example_task_group_decorator.py took 0.132 seconds
[2025-04-15T19:39:18.970+0000] {processor.py:186} INFO - Started process (PID=16262) to work on /home/airflow/.local/lib/python3.12/site-packages/airflow/example_dags/example_task_group_decorator.py
[2025-04-15T19:39:18.971+0000] {processor.py:914} INFO - Processing file /home/airflow/.local/lib/python3.12/site-packages/airflow/example_dags/example_task_group_decorator.py for tasks to queue
[2025-04-15T19:39:18.973+0000] {logging_mixin.py:190} INFO - [2025-04-15T19:39:18.972+0000] {dagbag.py:588} INFO - Filling up the DagBag from /home/airflow/.local/lib/python3.12/site-packages/airflow/example_dags/example_task_group_decorator.py
[2025-04-15T19:39:18.992+0000] {processor.py:925} INFO - DAG(s) 'example_task_group_decorator' retrieved from /home/airflow/.local/lib/python3.12/site-packages/airflow/example_dags/example_task_group_decorator.py
[2025-04-15T19:39:19.031+0000] {logging_mixin.py:190} INFO - [2025-04-15T19:39:19.031+0000] {dag.py:3239} INFO - Sync 1 DAGs
[2025-04-15T19:39:19.055+0000] {logging_mixin.py:190} INFO - [2025-04-15T19:39:19.054+0000] {dag.py:4180} INFO - Setting next_dagrun for example_task_group_decorator to None, run_after=None
[2025-04-15T19:39:19.089+0000] {processor.py:208} INFO - Processing /home/airflow/.local/lib/python3.12/site-packages/airflow/example_dags/example_task_group_decorator.py took 0.126 seconds
[2025-04-15T19:39:49.582+0000] {processor.py:186} INFO - Started process (PID=16328) to work on /home/airflow/.local/lib/python3.12/site-packages/airflow/example_dags/example_task_group_decorator.py
[2025-04-15T19:39:49.584+0000] {processor.py:914} INFO - Processing file /home/airflow/.local/lib/python3.12/site-packages/airflow/example_dags/example_task_group_decorator.py for tasks to queue
[2025-04-15T19:39:49.586+0000] {logging_mixin.py:190} INFO - [2025-04-15T19:39:49.586+0000] {dagbag.py:588} INFO - Filling up the DagBag from /home/airflow/.local/lib/python3.12/site-packages/airflow/example_dags/example_task_group_decorator.py
[2025-04-15T19:39:49.622+0000] {processor.py:925} INFO - DAG(s) 'example_task_group_decorator' retrieved from /home/airflow/.local/lib/python3.12/site-packages/airflow/example_dags/example_task_group_decorator.py
[2025-04-15T19:39:49.680+0000] {logging_mixin.py:190} INFO - [2025-04-15T19:39:49.680+0000] {dag.py:3239} INFO - Sync 1 DAGs
[2025-04-15T19:39:49.715+0000] {logging_mixin.py:190} INFO - [2025-04-15T19:39:49.714+0000] {dag.py:4180} INFO - Setting next_dagrun for example_task_group_decorator to None, run_after=None
[2025-04-15T19:39:49.754+0000] {processor.py:208} INFO - Processing /home/airflow/.local/lib/python3.12/site-packages/airflow/example_dags/example_task_group_decorator.py took 0.184 seconds
[2025-04-15T19:40:20.425+0000] {processor.py:186} INFO - Started process (PID=16394) to work on /home/airflow/.local/lib/python3.12/site-packages/airflow/example_dags/example_task_group_decorator.py
[2025-04-15T19:40:20.427+0000] {processor.py:914} INFO - Processing file /home/airflow/.local/lib/python3.12/site-packages/airflow/example_dags/example_task_group_decorator.py for tasks to queue
[2025-04-15T19:40:20.430+0000] {logging_mixin.py:190} INFO - [2025-04-15T19:40:20.429+0000] {dagbag.py:588} INFO - Filling up the DagBag from /home/airflow/.local/lib/python3.12/site-packages/airflow/example_dags/example_task_group_decorator.py
[2025-04-15T19:40:20.475+0000] {processor.py:925} INFO - DAG(s) 'example_task_group_decorator' retrieved from /home/airflow/.local/lib/python3.12/site-packages/airflow/example_dags/example_task_group_decorator.py
[2025-04-15T19:40:20.537+0000] {logging_mixin.py:190} INFO - [2025-04-15T19:40:20.537+0000] {dag.py:3239} INFO - Sync 1 DAGs
[2025-04-15T19:40:20.569+0000] {logging_mixin.py:190} INFO - [2025-04-15T19:40:20.568+0000] {dag.py:4180} INFO - Setting next_dagrun for example_task_group_decorator to None, run_after=None
[2025-04-15T19:40:20.603+0000] {processor.py:208} INFO - Processing /home/airflow/.local/lib/python3.12/site-packages/airflow/example_dags/example_task_group_decorator.py took 0.188 seconds
[2025-04-15T19:40:51.217+0000] {processor.py:186} INFO - Started process (PID=16461) to work on /home/airflow/.local/lib/python3.12/site-packages/airflow/example_dags/example_task_group_decorator.py
[2025-04-15T19:40:51.218+0000] {processor.py:914} INFO - Processing file /home/airflow/.local/lib/python3.12/site-packages/airflow/example_dags/example_task_group_decorator.py for tasks to queue
[2025-04-15T19:40:51.219+0000] {logging_mixin.py:190} INFO - [2025-04-15T19:40:51.219+0000] {dagbag.py:588} INFO - Filling up the DagBag from /home/airflow/.local/lib/python3.12/site-packages/airflow/example_dags/example_task_group_decorator.py
[2025-04-15T19:40:51.239+0000] {processor.py:925} INFO - DAG(s) 'example_task_group_decorator' retrieved from /home/airflow/.local/lib/python3.12/site-packages/airflow/example_dags/example_task_group_decorator.py
[2025-04-15T19:40:51.274+0000] {logging_mixin.py:190} INFO - [2025-04-15T19:40:51.274+0000] {dag.py:3239} INFO - Sync 1 DAGs
[2025-04-15T19:40:51.293+0000] {logging_mixin.py:190} INFO - [2025-04-15T19:40:51.293+0000] {dag.py:4180} INFO - Setting next_dagrun for example_task_group_decorator to None, run_after=None
[2025-04-15T19:40:51.317+0000] {processor.py:208} INFO - Processing /home/airflow/.local/lib/python3.12/site-packages/airflow/example_dags/example_task_group_decorator.py took 0.107 seconds
[2025-04-15T19:41:22.312+0000] {processor.py:186} INFO - Started process (PID=16529) to work on /home/airflow/.local/lib/python3.12/site-packages/airflow/example_dags/example_task_group_decorator.py
[2025-04-15T19:41:22.314+0000] {processor.py:914} INFO - Processing file /home/airflow/.local/lib/python3.12/site-packages/airflow/example_dags/example_task_group_decorator.py for tasks to queue
[2025-04-15T19:41:22.316+0000] {logging_mixin.py:190} INFO - [2025-04-15T19:41:22.316+0000] {dagbag.py:588} INFO - Filling up the DagBag from /home/airflow/.local/lib/python3.12/site-packages/airflow/example_dags/example_task_group_decorator.py
[2025-04-15T19:41:22.344+0000] {processor.py:925} INFO - DAG(s) 'example_task_group_decorator' retrieved from /home/airflow/.local/lib/python3.12/site-packages/airflow/example_dags/example_task_group_decorator.py
[2025-04-15T19:41:22.386+0000] {logging_mixin.py:190} INFO - [2025-04-15T19:41:22.386+0000] {dag.py:3239} INFO - Sync 1 DAGs
[2025-04-15T19:41:22.415+0000] {logging_mixin.py:190} INFO - [2025-04-15T19:41:22.415+0000] {dag.py:4180} INFO - Setting next_dagrun for example_task_group_decorator to None, run_after=None
[2025-04-15T19:41:22.448+0000] {processor.py:208} INFO - Processing /home/airflow/.local/lib/python3.12/site-packages/airflow/example_dags/example_task_group_decorator.py took 0.143 seconds
[2025-04-15T19:41:52.602+0000] {processor.py:186} INFO - Started process (PID=16595) to work on /home/airflow/.local/lib/python3.12/site-packages/airflow/example_dags/example_task_group_decorator.py
[2025-04-15T19:41:52.603+0000] {processor.py:914} INFO - Processing file /home/airflow/.local/lib/python3.12/site-packages/airflow/example_dags/example_task_group_decorator.py for tasks to queue
[2025-04-15T19:41:52.604+0000] {logging_mixin.py:190} INFO - [2025-04-15T19:41:52.604+0000] {dagbag.py:588} INFO - Filling up the DagBag from /home/airflow/.local/lib/python3.12/site-packages/airflow/example_dags/example_task_group_decorator.py
[2025-04-15T19:41:52.624+0000] {processor.py:925} INFO - DAG(s) 'example_task_group_decorator' retrieved from /home/airflow/.local/lib/python3.12/site-packages/airflow/example_dags/example_task_group_decorator.py
[2025-04-15T19:41:52.655+0000] {logging_mixin.py:190} INFO - [2025-04-15T19:41:52.655+0000] {dag.py:3239} INFO - Sync 1 DAGs
[2025-04-15T19:41:52.676+0000] {logging_mixin.py:190} INFO - [2025-04-15T19:41:52.676+0000] {dag.py:4180} INFO - Setting next_dagrun for example_task_group_decorator to None, run_after=None
[2025-04-15T19:41:52.703+0000] {processor.py:208} INFO - Processing /home/airflow/.local/lib/python3.12/site-packages/airflow/example_dags/example_task_group_decorator.py took 0.109 seconds
[2025-04-15T19:42:23.762+0000] {processor.py:186} INFO - Started process (PID=16669) to work on /home/airflow/.local/lib/python3.12/site-packages/airflow/example_dags/example_task_group_decorator.py
[2025-04-15T19:42:23.764+0000] {processor.py:914} INFO - Processing file /home/airflow/.local/lib/python3.12/site-packages/airflow/example_dags/example_task_group_decorator.py for tasks to queue
[2025-04-15T19:42:23.766+0000] {logging_mixin.py:190} INFO - [2025-04-15T19:42:23.765+0000] {dagbag.py:588} INFO - Filling up the DagBag from /home/airflow/.local/lib/python3.12/site-packages/airflow/example_dags/example_task_group_decorator.py
[2025-04-15T19:42:23.790+0000] {processor.py:925} INFO - DAG(s) 'example_task_group_decorator' retrieved from /home/airflow/.local/lib/python3.12/site-packages/airflow/example_dags/example_task_group_decorator.py
[2025-04-15T19:42:23.830+0000] {logging_mixin.py:190} INFO - [2025-04-15T19:42:23.829+0000] {dag.py:3239} INFO - Sync 1 DAGs
[2025-04-15T19:42:23.852+0000] {logging_mixin.py:190} INFO - [2025-04-15T19:42:23.851+0000] {dag.py:4180} INFO - Setting next_dagrun for example_task_group_decorator to None, run_after=None
[2025-04-15T19:42:23.881+0000] {processor.py:208} INFO - Processing /home/airflow/.local/lib/python3.12/site-packages/airflow/example_dags/example_task_group_decorator.py took 0.127 seconds
[2025-04-15T19:42:53.964+0000] {processor.py:186} INFO - Started process (PID=16734) to work on /home/airflow/.local/lib/python3.12/site-packages/airflow/example_dags/example_task_group_decorator.py
[2025-04-15T19:42:53.965+0000] {processor.py:914} INFO - Processing file /home/airflow/.local/lib/python3.12/site-packages/airflow/example_dags/example_task_group_decorator.py for tasks to queue
[2025-04-15T19:42:53.967+0000] {logging_mixin.py:190} INFO - [2025-04-15T19:42:53.966+0000] {dagbag.py:588} INFO - Filling up the DagBag from /home/airflow/.local/lib/python3.12/site-packages/airflow/example_dags/example_task_group_decorator.py
[2025-04-15T19:42:53.989+0000] {processor.py:925} INFO - DAG(s) 'example_task_group_decorator' retrieved from /home/airflow/.local/lib/python3.12/site-packages/airflow/example_dags/example_task_group_decorator.py
[2025-04-15T19:42:54.019+0000] {logging_mixin.py:190} INFO - [2025-04-15T19:42:54.019+0000] {dag.py:3239} INFO - Sync 1 DAGs
[2025-04-15T19:42:54.228+0000] {logging_mixin.py:190} INFO - [2025-04-15T19:42:54.228+0000] {dag.py:4180} INFO - Setting next_dagrun for example_task_group_decorator to None, run_after=None
[2025-04-15T19:42:54.248+0000] {processor.py:208} INFO - Processing /home/airflow/.local/lib/python3.12/site-packages/airflow/example_dags/example_task_group_decorator.py took 0.291 seconds
[2025-04-15T19:43:24.616+0000] {processor.py:186} INFO - Started process (PID=16801) to work on /home/airflow/.local/lib/python3.12/site-packages/airflow/example_dags/example_task_group_decorator.py
[2025-04-15T19:43:24.618+0000] {processor.py:914} INFO - Processing file /home/airflow/.local/lib/python3.12/site-packages/airflow/example_dags/example_task_group_decorator.py for tasks to queue
[2025-04-15T19:43:24.620+0000] {logging_mixin.py:190} INFO - [2025-04-15T19:43:24.620+0000] {dagbag.py:588} INFO - Filling up the DagBag from /home/airflow/.local/lib/python3.12/site-packages/airflow/example_dags/example_task_group_decorator.py
[2025-04-15T19:43:24.645+0000] {processor.py:925} INFO - DAG(s) 'example_task_group_decorator' retrieved from /home/airflow/.local/lib/python3.12/site-packages/airflow/example_dags/example_task_group_decorator.py
[2025-04-15T19:43:24.687+0000] {logging_mixin.py:190} INFO - [2025-04-15T19:43:24.686+0000] {dag.py:3239} INFO - Sync 1 DAGs
[2025-04-15T19:43:24.712+0000] {logging_mixin.py:190} INFO - [2025-04-15T19:43:24.712+0000] {dag.py:4180} INFO - Setting next_dagrun for example_task_group_decorator to None, run_after=None
[2025-04-15T19:43:24.745+0000] {processor.py:208} INFO - Processing /home/airflow/.local/lib/python3.12/site-packages/airflow/example_dags/example_task_group_decorator.py took 0.139 seconds
[2025-04-15T19:43:55.526+0000] {processor.py:186} INFO - Started process (PID=16867) to work on /home/airflow/.local/lib/python3.12/site-packages/airflow/example_dags/example_task_group_decorator.py
[2025-04-15T19:43:55.527+0000] {processor.py:914} INFO - Processing file /home/airflow/.local/lib/python3.12/site-packages/airflow/example_dags/example_task_group_decorator.py for tasks to queue
[2025-04-15T19:43:55.529+0000] {logging_mixin.py:190} INFO - [2025-04-15T19:43:55.528+0000] {dagbag.py:588} INFO - Filling up the DagBag from /home/airflow/.local/lib/python3.12/site-packages/airflow/example_dags/example_task_group_decorator.py
[2025-04-15T19:43:55.548+0000] {processor.py:925} INFO - DAG(s) 'example_task_group_decorator' retrieved from /home/airflow/.local/lib/python3.12/site-packages/airflow/example_dags/example_task_group_decorator.py
[2025-04-15T19:43:55.578+0000] {logging_mixin.py:190} INFO - [2025-04-15T19:43:55.578+0000] {dag.py:3239} INFO - Sync 1 DAGs
[2025-04-15T19:43:55.600+0000] {logging_mixin.py:190} INFO - [2025-04-15T19:43:55.600+0000] {dag.py:4180} INFO - Setting next_dagrun for example_task_group_decorator to None, run_after=None
[2025-04-15T19:43:55.627+0000] {processor.py:208} INFO - Processing /home/airflow/.local/lib/python3.12/site-packages/airflow/example_dags/example_task_group_decorator.py took 0.107 seconds
[2025-04-15T19:44:26.397+0000] {processor.py:186} INFO - Started process (PID=16934) to work on /home/airflow/.local/lib/python3.12/site-packages/airflow/example_dags/example_task_group_decorator.py
[2025-04-15T19:44:26.400+0000] {processor.py:914} INFO - Processing file /home/airflow/.local/lib/python3.12/site-packages/airflow/example_dags/example_task_group_decorator.py for tasks to queue
[2025-04-15T19:44:26.403+0000] {logging_mixin.py:190} INFO - [2025-04-15T19:44:26.402+0000] {dagbag.py:588} INFO - Filling up the DagBag from /home/airflow/.local/lib/python3.12/site-packages/airflow/example_dags/example_task_group_decorator.py
[2025-04-15T19:44:26.436+0000] {processor.py:925} INFO - DAG(s) 'example_task_group_decorator' retrieved from /home/airflow/.local/lib/python3.12/site-packages/airflow/example_dags/example_task_group_decorator.py
[2025-04-15T19:44:26.481+0000] {logging_mixin.py:190} INFO - [2025-04-15T19:44:26.480+0000] {dag.py:3239} INFO - Sync 1 DAGs
[2025-04-15T19:44:26.506+0000] {logging_mixin.py:190} INFO - [2025-04-15T19:44:26.506+0000] {dag.py:4180} INFO - Setting next_dagrun for example_task_group_decorator to None, run_after=None
[2025-04-15T19:44:26.534+0000] {processor.py:208} INFO - Processing /home/airflow/.local/lib/python3.12/site-packages/airflow/example_dags/example_task_group_decorator.py took 0.148 seconds
[2025-04-15T19:44:56.675+0000] {processor.py:186} INFO - Started process (PID=17001) to work on /home/airflow/.local/lib/python3.12/site-packages/airflow/example_dags/example_task_group_decorator.py
[2025-04-15T19:44:56.676+0000] {processor.py:914} INFO - Processing file /home/airflow/.local/lib/python3.12/site-packages/airflow/example_dags/example_task_group_decorator.py for tasks to queue
[2025-04-15T19:44:56.678+0000] {logging_mixin.py:190} INFO - [2025-04-15T19:44:56.677+0000] {dagbag.py:588} INFO - Filling up the DagBag from /home/airflow/.local/lib/python3.12/site-packages/airflow/example_dags/example_task_group_decorator.py
[2025-04-15T19:44:56.706+0000] {processor.py:925} INFO - DAG(s) 'example_task_group_decorator' retrieved from /home/airflow/.local/lib/python3.12/site-packages/airflow/example_dags/example_task_group_decorator.py
[2025-04-15T19:44:56.747+0000] {logging_mixin.py:190} INFO - [2025-04-15T19:44:56.746+0000] {dag.py:3239} INFO - Sync 1 DAGs
[2025-04-15T19:44:56.771+0000] {logging_mixin.py:190} INFO - [2025-04-15T19:44:56.770+0000] {dag.py:4180} INFO - Setting next_dagrun for example_task_group_decorator to None, run_after=None
[2025-04-15T19:44:56.804+0000] {processor.py:208} INFO - Processing /home/airflow/.local/lib/python3.12/site-packages/airflow/example_dags/example_task_group_decorator.py took 0.140 seconds
[2025-04-15T19:45:27.127+0000] {processor.py:186} INFO - Started process (PID=17068) to work on /home/airflow/.local/lib/python3.12/site-packages/airflow/example_dags/example_task_group_decorator.py
[2025-04-15T19:45:27.128+0000] {processor.py:914} INFO - Processing file /home/airflow/.local/lib/python3.12/site-packages/airflow/example_dags/example_task_group_decorator.py for tasks to queue
[2025-04-15T19:45:27.130+0000] {logging_mixin.py:190} INFO - [2025-04-15T19:45:27.129+0000] {dagbag.py:588} INFO - Filling up the DagBag from /home/airflow/.local/lib/python3.12/site-packages/airflow/example_dags/example_task_group_decorator.py
[2025-04-15T19:45:27.157+0000] {processor.py:925} INFO - DAG(s) 'example_task_group_decorator' retrieved from /home/airflow/.local/lib/python3.12/site-packages/airflow/example_dags/example_task_group_decorator.py
[2025-04-15T19:45:27.201+0000] {logging_mixin.py:190} INFO - [2025-04-15T19:45:27.201+0000] {dag.py:3239} INFO - Sync 1 DAGs
[2025-04-15T19:45:27.227+0000] {logging_mixin.py:190} INFO - [2025-04-15T19:45:27.226+0000] {dag.py:4180} INFO - Setting next_dagrun for example_task_group_decorator to None, run_after=None
[2025-04-15T19:45:27.260+0000] {processor.py:208} INFO - Processing /home/airflow/.local/lib/python3.12/site-packages/airflow/example_dags/example_task_group_decorator.py took 0.143 seconds
[2025-04-15T19:45:57.940+0000] {processor.py:186} INFO - Started process (PID=17135) to work on /home/airflow/.local/lib/python3.12/site-packages/airflow/example_dags/example_task_group_decorator.py
[2025-04-15T19:45:57.942+0000] {processor.py:914} INFO - Processing file /home/airflow/.local/lib/python3.12/site-packages/airflow/example_dags/example_task_group_decorator.py for tasks to queue
[2025-04-15T19:45:57.946+0000] {logging_mixin.py:190} INFO - [2025-04-15T19:45:57.945+0000] {dagbag.py:588} INFO - Filling up the DagBag from /home/airflow/.local/lib/python3.12/site-packages/airflow/example_dags/example_task_group_decorator.py
[2025-04-15T19:45:57.985+0000] {processor.py:925} INFO - DAG(s) 'example_task_group_decorator' retrieved from /home/airflow/.local/lib/python3.12/site-packages/airflow/example_dags/example_task_group_decorator.py
[2025-04-15T19:45:58.074+0000] {logging_mixin.py:190} INFO - [2025-04-15T19:45:58.073+0000] {dag.py:3239} INFO - Sync 1 DAGs
[2025-04-15T19:45:58.101+0000] {logging_mixin.py:190} INFO - [2025-04-15T19:45:58.101+0000] {dag.py:4180} INFO - Setting next_dagrun for example_task_group_decorator to None, run_after=None
[2025-04-15T19:45:58.182+0000] {processor.py:208} INFO - Processing /home/airflow/.local/lib/python3.12/site-packages/airflow/example_dags/example_task_group_decorator.py took 0.255 seconds
[2025-04-15T19:46:28.429+0000] {processor.py:186} INFO - Started process (PID=17202) to work on /home/airflow/.local/lib/python3.12/site-packages/airflow/example_dags/example_task_group_decorator.py
[2025-04-15T19:46:28.432+0000] {processor.py:914} INFO - Processing file /home/airflow/.local/lib/python3.12/site-packages/airflow/example_dags/example_task_group_decorator.py for tasks to queue
[2025-04-15T19:46:28.434+0000] {logging_mixin.py:190} INFO - [2025-04-15T19:46:28.434+0000] {dagbag.py:588} INFO - Filling up the DagBag from /home/airflow/.local/lib/python3.12/site-packages/airflow/example_dags/example_task_group_decorator.py
[2025-04-15T19:46:28.461+0000] {processor.py:925} INFO - DAG(s) 'example_task_group_decorator' retrieved from /home/airflow/.local/lib/python3.12/site-packages/airflow/example_dags/example_task_group_decorator.py
[2025-04-15T19:46:28.508+0000] {logging_mixin.py:190} INFO - [2025-04-15T19:46:28.508+0000] {dag.py:3239} INFO - Sync 1 DAGs
[2025-04-15T19:46:28.532+0000] {logging_mixin.py:190} INFO - [2025-04-15T19:46:28.532+0000] {dag.py:4180} INFO - Setting next_dagrun for example_task_group_decorator to None, run_after=None
[2025-04-15T19:46:28.564+0000] {processor.py:208} INFO - Processing /home/airflow/.local/lib/python3.12/site-packages/airflow/example_dags/example_task_group_decorator.py took 0.144 seconds
[2025-04-15T19:46:58.762+0000] {processor.py:186} INFO - Started process (PID=17269) to work on /home/airflow/.local/lib/python3.12/site-packages/airflow/example_dags/example_task_group_decorator.py
[2025-04-15T19:46:58.761+0000] {processor.py:914} INFO - Processing file /home/airflow/.local/lib/python3.12/site-packages/airflow/example_dags/example_task_group_decorator.py for tasks to queue
[2025-04-15T19:46:58.763+0000] {logging_mixin.py:190} INFO - [2025-04-15T19:46:58.762+0000] {dagbag.py:588} INFO - Filling up the DagBag from /home/airflow/.local/lib/python3.12/site-packages/airflow/example_dags/example_task_group_decorator.py
[2025-04-15T19:46:58.787+0000] {processor.py:925} INFO - DAG(s) 'example_task_group_decorator' retrieved from /home/airflow/.local/lib/python3.12/site-packages/airflow/example_dags/example_task_group_decorator.py
[2025-04-15T19:46:58.827+0000] {logging_mixin.py:190} INFO - [2025-04-15T19:46:58.826+0000] {dag.py:3239} INFO - Sync 1 DAGs
[2025-04-15T19:46:58.849+0000] {logging_mixin.py:190} INFO - [2025-04-15T19:46:58.848+0000] {dag.py:4180} INFO - Setting next_dagrun for example_task_group_decorator to None, run_after=None
[2025-04-15T19:46:58.878+0000] {processor.py:208} INFO - Processing /home/airflow/.local/lib/python3.12/site-packages/airflow/example_dags/example_task_group_decorator.py took 0.129 seconds
[2025-04-15T19:47:29.043+0000] {processor.py:186} INFO - Started process (PID=17336) to work on /home/airflow/.local/lib/python3.12/site-packages/airflow/example_dags/example_task_group_decorator.py
[2025-04-15T19:47:29.044+0000] {processor.py:914} INFO - Processing file /home/airflow/.local/lib/python3.12/site-packages/airflow/example_dags/example_task_group_decorator.py for tasks to queue
[2025-04-15T19:47:29.046+0000] {logging_mixin.py:190} INFO - [2025-04-15T19:47:29.045+0000] {dagbag.py:588} INFO - Filling up the DagBag from /home/airflow/.local/lib/python3.12/site-packages/airflow/example_dags/example_task_group_decorator.py
[2025-04-15T19:47:29.075+0000] {processor.py:925} INFO - DAG(s) 'example_task_group_decorator' retrieved from /home/airflow/.local/lib/python3.12/site-packages/airflow/example_dags/example_task_group_decorator.py
[2025-04-15T19:47:29.122+0000] {logging_mixin.py:190} INFO - [2025-04-15T19:47:29.122+0000] {dag.py:3239} INFO - Sync 1 DAGs
[2025-04-15T19:47:29.149+0000] {logging_mixin.py:190} INFO - [2025-04-15T19:47:29.148+0000] {dag.py:4180} INFO - Setting next_dagrun for example_task_group_decorator to None, run_after=None
[2025-04-15T19:47:29.181+0000] {processor.py:208} INFO - Processing /home/airflow/.local/lib/python3.12/site-packages/airflow/example_dags/example_task_group_decorator.py took 0.149 seconds
[2025-04-15T19:47:59.779+0000] {processor.py:186} INFO - Started process (PID=17403) to work on /home/airflow/.local/lib/python3.12/site-packages/airflow/example_dags/example_task_group_decorator.py
[2025-04-15T19:47:59.780+0000] {processor.py:914} INFO - Processing file /home/airflow/.local/lib/python3.12/site-packages/airflow/example_dags/example_task_group_decorator.py for tasks to queue
[2025-04-15T19:47:59.782+0000] {logging_mixin.py:190} INFO - [2025-04-15T19:47:59.782+0000] {dagbag.py:588} INFO - Filling up the DagBag from /home/airflow/.local/lib/python3.12/site-packages/airflow/example_dags/example_task_group_decorator.py
[2025-04-15T19:47:59.809+0000] {processor.py:925} INFO - DAG(s) 'example_task_group_decorator' retrieved from /home/airflow/.local/lib/python3.12/site-packages/airflow/example_dags/example_task_group_decorator.py
[2025-04-15T19:47:59.853+0000] {logging_mixin.py:190} INFO - [2025-04-15T19:47:59.853+0000] {dag.py:3239} INFO - Sync 1 DAGs
[2025-04-15T19:47:59.879+0000] {logging_mixin.py:190} INFO - [2025-04-15T19:47:59.879+0000] {dag.py:4180} INFO - Setting next_dagrun for example_task_group_decorator to None, run_after=None
[2025-04-15T19:47:59.911+0000] {processor.py:208} INFO - Processing /home/airflow/.local/lib/python3.12/site-packages/airflow/example_dags/example_task_group_decorator.py took 0.143 seconds
[2025-04-15T19:48:30.169+0000] {processor.py:186} INFO - Started process (PID=17471) to work on /home/airflow/.local/lib/python3.12/site-packages/airflow/example_dags/example_task_group_decorator.py
[2025-04-15T19:48:30.170+0000] {processor.py:914} INFO - Processing file /home/airflow/.local/lib/python3.12/site-packages/airflow/example_dags/example_task_group_decorator.py for tasks to queue
[2025-04-15T19:48:30.172+0000] {logging_mixin.py:190} INFO - [2025-04-15T19:48:30.172+0000] {dagbag.py:588} INFO - Filling up the DagBag from /home/airflow/.local/lib/python3.12/site-packages/airflow/example_dags/example_task_group_decorator.py
[2025-04-15T19:48:30.199+0000] {processor.py:925} INFO - DAG(s) 'example_task_group_decorator' retrieved from /home/airflow/.local/lib/python3.12/site-packages/airflow/example_dags/example_task_group_decorator.py
[2025-04-15T19:48:30.241+0000] {logging_mixin.py:190} INFO - [2025-04-15T19:48:30.241+0000] {dag.py:3239} INFO - Sync 1 DAGs
[2025-04-15T19:48:30.263+0000] {logging_mixin.py:190} INFO - [2025-04-15T19:48:30.263+0000] {dag.py:4180} INFO - Setting next_dagrun for example_task_group_decorator to None, run_after=None
[2025-04-15T19:48:30.298+0000] {processor.py:208} INFO - Processing /home/airflow/.local/lib/python3.12/site-packages/airflow/example_dags/example_task_group_decorator.py took 0.138 seconds
[2025-04-15T19:49:00.417+0000] {processor.py:186} INFO - Started process (PID=17537) to work on /home/airflow/.local/lib/python3.12/site-packages/airflow/example_dags/example_task_group_decorator.py
[2025-04-15T19:49:00.418+0000] {processor.py:914} INFO - Processing file /home/airflow/.local/lib/python3.12/site-packages/airflow/example_dags/example_task_group_decorator.py for tasks to queue
[2025-04-15T19:49:00.421+0000] {logging_mixin.py:190} INFO - [2025-04-15T19:49:00.420+0000] {dagbag.py:588} INFO - Filling up the DagBag from /home/airflow/.local/lib/python3.12/site-packages/airflow/example_dags/example_task_group_decorator.py
[2025-04-15T19:49:00.450+0000] {processor.py:925} INFO - DAG(s) 'example_task_group_decorator' retrieved from /home/airflow/.local/lib/python3.12/site-packages/airflow/example_dags/example_task_group_decorator.py
[2025-04-15T19:49:00.497+0000] {logging_mixin.py:190} INFO - [2025-04-15T19:49:00.497+0000] {dag.py:3239} INFO - Sync 1 DAGs
[2025-04-15T19:49:00.521+0000] {logging_mixin.py:190} INFO - [2025-04-15T19:49:00.520+0000] {dag.py:4180} INFO - Setting next_dagrun for example_task_group_decorator to None, run_after=None
[2025-04-15T19:49:00.552+0000] {processor.py:208} INFO - Processing /home/airflow/.local/lib/python3.12/site-packages/airflow/example_dags/example_task_group_decorator.py took 0.145 seconds
[2025-04-15T19:49:31.365+0000] {processor.py:186} INFO - Started process (PID=17604) to work on /home/airflow/.local/lib/python3.12/site-packages/airflow/example_dags/example_task_group_decorator.py
[2025-04-15T19:49:31.366+0000] {processor.py:914} INFO - Processing file /home/airflow/.local/lib/python3.12/site-packages/airflow/example_dags/example_task_group_decorator.py for tasks to queue
[2025-04-15T19:49:31.368+0000] {logging_mixin.py:190} INFO - [2025-04-15T19:49:31.368+0000] {dagbag.py:588} INFO - Filling up the DagBag from /home/airflow/.local/lib/python3.12/site-packages/airflow/example_dags/example_task_group_decorator.py
[2025-04-15T19:49:31.392+0000] {processor.py:925} INFO - DAG(s) 'example_task_group_decorator' retrieved from /home/airflow/.local/lib/python3.12/site-packages/airflow/example_dags/example_task_group_decorator.py
[2025-04-15T19:49:31.443+0000] {logging_mixin.py:190} INFO - [2025-04-15T19:49:31.443+0000] {dag.py:3239} INFO - Sync 1 DAGs
[2025-04-15T19:49:31.466+0000] {logging_mixin.py:190} INFO - [2025-04-15T19:49:31.465+0000] {dag.py:4180} INFO - Setting next_dagrun for example_task_group_decorator to None, run_after=None
[2025-04-15T19:49:31.495+0000] {processor.py:208} INFO - Processing /home/airflow/.local/lib/python3.12/site-packages/airflow/example_dags/example_task_group_decorator.py took 0.140 seconds
[2025-04-15T19:50:02.261+0000] {processor.py:186} INFO - Started process (PID=17671) to work on /home/airflow/.local/lib/python3.12/site-packages/airflow/example_dags/example_task_group_decorator.py
[2025-04-15T19:50:02.262+0000] {processor.py:914} INFO - Processing file /home/airflow/.local/lib/python3.12/site-packages/airflow/example_dags/example_task_group_decorator.py for tasks to queue
[2025-04-15T19:50:02.264+0000] {logging_mixin.py:190} INFO - [2025-04-15T19:50:02.263+0000] {dagbag.py:588} INFO - Filling up the DagBag from /home/airflow/.local/lib/python3.12/site-packages/airflow/example_dags/example_task_group_decorator.py
[2025-04-15T19:50:02.285+0000] {processor.py:925} INFO - DAG(s) 'example_task_group_decorator' retrieved from /home/airflow/.local/lib/python3.12/site-packages/airflow/example_dags/example_task_group_decorator.py
[2025-04-15T19:50:02.313+0000] {logging_mixin.py:190} INFO - [2025-04-15T19:50:02.313+0000] {dag.py:3239} INFO - Sync 1 DAGs
[2025-04-15T19:50:02.333+0000] {logging_mixin.py:190} INFO - [2025-04-15T19:50:02.333+0000] {dag.py:4180} INFO - Setting next_dagrun for example_task_group_decorator to None, run_after=None
[2025-04-15T19:50:02.360+0000] {processor.py:208} INFO - Processing /home/airflow/.local/lib/python3.12/site-packages/airflow/example_dags/example_task_group_decorator.py took 0.105 seconds
[2025-04-15T19:50:32.723+0000] {processor.py:186} INFO - Started process (PID=17738) to work on /home/airflow/.local/lib/python3.12/site-packages/airflow/example_dags/example_task_group_decorator.py
[2025-04-15T19:50:32.725+0000] {processor.py:914} INFO - Processing file /home/airflow/.local/lib/python3.12/site-packages/airflow/example_dags/example_task_group_decorator.py for tasks to queue
[2025-04-15T19:50:32.728+0000] {logging_mixin.py:190} INFO - [2025-04-15T19:50:32.728+0000] {dagbag.py:588} INFO - Filling up the DagBag from /home/airflow/.local/lib/python3.12/site-packages/airflow/example_dags/example_task_group_decorator.py
[2025-04-15T19:50:32.756+0000] {processor.py:925} INFO - DAG(s) 'example_task_group_decorator' retrieved from /home/airflow/.local/lib/python3.12/site-packages/airflow/example_dags/example_task_group_decorator.py
[2025-04-15T19:50:32.792+0000] {logging_mixin.py:190} INFO - [2025-04-15T19:50:32.792+0000] {dag.py:3239} INFO - Sync 1 DAGs
[2025-04-15T19:50:32.822+0000] {logging_mixin.py:190} INFO - [2025-04-15T19:50:32.822+0000] {dag.py:4180} INFO - Setting next_dagrun for example_task_group_decorator to None, run_after=None
[2025-04-15T19:50:32.855+0000] {processor.py:208} INFO - Processing /home/airflow/.local/lib/python3.12/site-packages/airflow/example_dags/example_task_group_decorator.py took 0.141 seconds
[2025-04-15T19:51:03.019+0000] {processor.py:186} INFO - Started process (PID=17805) to work on /home/airflow/.local/lib/python3.12/site-packages/airflow/example_dags/example_task_group_decorator.py
[2025-04-15T19:51:03.020+0000] {processor.py:914} INFO - Processing file /home/airflow/.local/lib/python3.12/site-packages/airflow/example_dags/example_task_group_decorator.py for tasks to queue
[2025-04-15T19:51:03.023+0000] {logging_mixin.py:190} INFO - [2025-04-15T19:51:03.022+0000] {dagbag.py:588} INFO - Filling up the DagBag from /home/airflow/.local/lib/python3.12/site-packages/airflow/example_dags/example_task_group_decorator.py
[2025-04-15T19:51:03.044+0000] {processor.py:925} INFO - DAG(s) 'example_task_group_decorator' retrieved from /home/airflow/.local/lib/python3.12/site-packages/airflow/example_dags/example_task_group_decorator.py
[2025-04-15T19:51:03.082+0000] {logging_mixin.py:190} INFO - [2025-04-15T19:51:03.081+0000] {dag.py:3239} INFO - Sync 1 DAGs
[2025-04-15T19:51:03.104+0000] {logging_mixin.py:190} INFO - [2025-04-15T19:51:03.103+0000] {dag.py:4180} INFO - Setting next_dagrun for example_task_group_decorator to None, run_after=None
[2025-04-15T19:51:03.133+0000] {processor.py:208} INFO - Processing /home/airflow/.local/lib/python3.12/site-packages/airflow/example_dags/example_task_group_decorator.py took 0.122 seconds
[2025-04-15T19:51:33.834+0000] {processor.py:186} INFO - Started process (PID=17872) to work on /home/airflow/.local/lib/python3.12/site-packages/airflow/example_dags/example_task_group_decorator.py
[2025-04-15T19:51:33.836+0000] {processor.py:914} INFO - Processing file /home/airflow/.local/lib/python3.12/site-packages/airflow/example_dags/example_task_group_decorator.py for tasks to queue
[2025-04-15T19:51:33.838+0000] {logging_mixin.py:190} INFO - [2025-04-15T19:51:33.838+0000] {dagbag.py:588} INFO - Filling up the DagBag from /home/airflow/.local/lib/python3.12/site-packages/airflow/example_dags/example_task_group_decorator.py
[2025-04-15T19:51:33.865+0000] {processor.py:925} INFO - DAG(s) 'example_task_group_decorator' retrieved from /home/airflow/.local/lib/python3.12/site-packages/airflow/example_dags/example_task_group_decorator.py
[2025-04-15T19:51:33.909+0000] {logging_mixin.py:190} INFO - [2025-04-15T19:51:33.909+0000] {dag.py:3239} INFO - Sync 1 DAGs
[2025-04-15T19:51:33.933+0000] {logging_mixin.py:190} INFO - [2025-04-15T19:51:33.933+0000] {dag.py:4180} INFO - Setting next_dagrun for example_task_group_decorator to None, run_after=None
[2025-04-15T19:51:33.970+0000] {processor.py:208} INFO - Processing /home/airflow/.local/lib/python3.12/site-packages/airflow/example_dags/example_task_group_decorator.py took 0.145 seconds
[2025-04-15T19:52:04.144+0000] {processor.py:186} INFO - Started process (PID=17939) to work on /home/airflow/.local/lib/python3.12/site-packages/airflow/example_dags/example_task_group_decorator.py
[2025-04-15T19:52:04.146+0000] {processor.py:914} INFO - Processing file /home/airflow/.local/lib/python3.12/site-packages/airflow/example_dags/example_task_group_decorator.py for tasks to queue
[2025-04-15T19:52:04.148+0000] {logging_mixin.py:190} INFO - [2025-04-15T19:52:04.147+0000] {dagbag.py:588} INFO - Filling up the DagBag from /home/airflow/.local/lib/python3.12/site-packages/airflow/example_dags/example_task_group_decorator.py
[2025-04-15T19:52:04.171+0000] {processor.py:925} INFO - DAG(s) 'example_task_group_decorator' retrieved from /home/airflow/.local/lib/python3.12/site-packages/airflow/example_dags/example_task_group_decorator.py
[2025-04-15T19:52:04.209+0000] {logging_mixin.py:190} INFO - [2025-04-15T19:52:04.208+0000] {dag.py:3239} INFO - Sync 1 DAGs
[2025-04-15T19:52:04.230+0000] {logging_mixin.py:190} INFO - [2025-04-15T19:52:04.229+0000] {dag.py:4180} INFO - Setting next_dagrun for example_task_group_decorator to None, run_after=None
[2025-04-15T19:52:04.260+0000] {processor.py:208} INFO - Processing /home/airflow/.local/lib/python3.12/site-packages/airflow/example_dags/example_task_group_decorator.py took 0.125 seconds
[2025-04-15T19:52:34.551+0000] {processor.py:186} INFO - Started process (PID=18006) to work on /home/airflow/.local/lib/python3.12/site-packages/airflow/example_dags/example_task_group_decorator.py
[2025-04-15T19:52:34.553+0000] {processor.py:914} INFO - Processing file /home/airflow/.local/lib/python3.12/site-packages/airflow/example_dags/example_task_group_decorator.py for tasks to queue
[2025-04-15T19:52:34.556+0000] {logging_mixin.py:190} INFO - [2025-04-15T19:52:34.555+0000] {dagbag.py:588} INFO - Filling up the DagBag from /home/airflow/.local/lib/python3.12/site-packages/airflow/example_dags/example_task_group_decorator.py
[2025-04-15T19:52:34.582+0000] {processor.py:925} INFO - DAG(s) 'example_task_group_decorator' retrieved from /home/airflow/.local/lib/python3.12/site-packages/airflow/example_dags/example_task_group_decorator.py
[2025-04-15T19:52:34.624+0000] {logging_mixin.py:190} INFO - [2025-04-15T19:52:34.623+0000] {dag.py:3239} INFO - Sync 1 DAGs
[2025-04-15T19:52:34.647+0000] {logging_mixin.py:190} INFO - [2025-04-15T19:52:34.646+0000] {dag.py:4180} INFO - Setting next_dagrun for example_task_group_decorator to None, run_after=None
[2025-04-15T19:52:34.679+0000] {processor.py:208} INFO - Processing /home/airflow/.local/lib/python3.12/site-packages/airflow/example_dags/example_task_group_decorator.py took 0.135 seconds
[2025-04-15T19:53:05.234+0000] {processor.py:186} INFO - Started process (PID=18073) to work on /home/airflow/.local/lib/python3.12/site-packages/airflow/example_dags/example_task_group_decorator.py
[2025-04-15T19:53:05.235+0000] {processor.py:914} INFO - Processing file /home/airflow/.local/lib/python3.12/site-packages/airflow/example_dags/example_task_group_decorator.py for tasks to queue
[2025-04-15T19:53:05.238+0000] {logging_mixin.py:190} INFO - [2025-04-15T19:53:05.238+0000] {dagbag.py:588} INFO - Filling up the DagBag from /home/airflow/.local/lib/python3.12/site-packages/airflow/example_dags/example_task_group_decorator.py
[2025-04-15T19:53:05.263+0000] {processor.py:925} INFO - DAG(s) 'example_task_group_decorator' retrieved from /home/airflow/.local/lib/python3.12/site-packages/airflow/example_dags/example_task_group_decorator.py
[2025-04-15T19:53:05.309+0000] {logging_mixin.py:190} INFO - [2025-04-15T19:53:05.309+0000] {dag.py:3239} INFO - Sync 1 DAGs
[2025-04-15T19:53:05.335+0000] {logging_mixin.py:190} INFO - [2025-04-15T19:53:05.335+0000] {dag.py:4180} INFO - Setting next_dagrun for example_task_group_decorator to None, run_after=None
[2025-04-15T19:53:05.365+0000] {processor.py:208} INFO - Processing /home/airflow/.local/lib/python3.12/site-packages/airflow/example_dags/example_task_group_decorator.py took 0.141 seconds
[2025-04-15T19:53:35.575+0000] {processor.py:186} INFO - Started process (PID=18140) to work on /home/airflow/.local/lib/python3.12/site-packages/airflow/example_dags/example_task_group_decorator.py
[2025-04-15T19:53:35.577+0000] {processor.py:914} INFO - Processing file /home/airflow/.local/lib/python3.12/site-packages/airflow/example_dags/example_task_group_decorator.py for tasks to queue
[2025-04-15T19:53:35.579+0000] {logging_mixin.py:190} INFO - [2025-04-15T19:53:35.578+0000] {dagbag.py:588} INFO - Filling up the DagBag from /home/airflow/.local/lib/python3.12/site-packages/airflow/example_dags/example_task_group_decorator.py
[2025-04-15T19:53:35.603+0000] {processor.py:925} INFO - DAG(s) 'example_task_group_decorator' retrieved from /home/airflow/.local/lib/python3.12/site-packages/airflow/example_dags/example_task_group_decorator.py
[2025-04-15T19:53:35.642+0000] {logging_mixin.py:190} INFO - [2025-04-15T19:53:35.641+0000] {dag.py:3239} INFO - Sync 1 DAGs
[2025-04-15T19:53:35.667+0000] {logging_mixin.py:190} INFO - [2025-04-15T19:53:35.667+0000] {dag.py:4180} INFO - Setting next_dagrun for example_task_group_decorator to None, run_after=None
[2025-04-15T19:53:35.697+0000] {processor.py:208} INFO - Processing /home/airflow/.local/lib/python3.12/site-packages/airflow/example_dags/example_task_group_decorator.py took 0.131 seconds
[2025-04-15T19:54:06.037+0000] {processor.py:186} INFO - Started process (PID=18207) to work on /home/airflow/.local/lib/python3.12/site-packages/airflow/example_dags/example_task_group_decorator.py
[2025-04-15T19:54:06.039+0000] {processor.py:914} INFO - Processing file /home/airflow/.local/lib/python3.12/site-packages/airflow/example_dags/example_task_group_decorator.py for tasks to queue
[2025-04-15T19:54:06.041+0000] {logging_mixin.py:190} INFO - [2025-04-15T19:54:06.041+0000] {dagbag.py:588} INFO - Filling up the DagBag from /home/airflow/.local/lib/python3.12/site-packages/airflow/example_dags/example_task_group_decorator.py
[2025-04-15T19:54:06.066+0000] {processor.py:925} INFO - DAG(s) 'example_task_group_decorator' retrieved from /home/airflow/.local/lib/python3.12/site-packages/airflow/example_dags/example_task_group_decorator.py
[2025-04-15T19:54:06.117+0000] {logging_mixin.py:190} INFO - [2025-04-15T19:54:06.117+0000] {dag.py:3239} INFO - Sync 1 DAGs
[2025-04-15T19:54:06.145+0000] {logging_mixin.py:190} INFO - [2025-04-15T19:54:06.145+0000] {dag.py:4180} INFO - Setting next_dagrun for example_task_group_decorator to None, run_after=None
[2025-04-15T19:54:06.182+0000] {processor.py:208} INFO - Processing /home/airflow/.local/lib/python3.12/site-packages/airflow/example_dags/example_task_group_decorator.py took 0.152 seconds
[2025-04-15T19:54:36.511+0000] {processor.py:186} INFO - Started process (PID=18274) to work on /home/airflow/.local/lib/python3.12/site-packages/airflow/example_dags/example_task_group_decorator.py
[2025-04-15T19:54:36.513+0000] {processor.py:914} INFO - Processing file /home/airflow/.local/lib/python3.12/site-packages/airflow/example_dags/example_task_group_decorator.py for tasks to queue
[2025-04-15T19:54:36.515+0000] {logging_mixin.py:190} INFO - [2025-04-15T19:54:36.514+0000] {dagbag.py:588} INFO - Filling up the DagBag from /home/airflow/.local/lib/python3.12/site-packages/airflow/example_dags/example_task_group_decorator.py
[2025-04-15T19:54:36.541+0000] {processor.py:925} INFO - DAG(s) 'example_task_group_decorator' retrieved from /home/airflow/.local/lib/python3.12/site-packages/airflow/example_dags/example_task_group_decorator.py
[2025-04-15T19:54:36.583+0000] {logging_mixin.py:190} INFO - [2025-04-15T19:54:36.582+0000] {dag.py:3239} INFO - Sync 1 DAGs
[2025-04-15T19:54:36.605+0000] {logging_mixin.py:190} INFO - [2025-04-15T19:54:36.604+0000] {dag.py:4180} INFO - Setting next_dagrun for example_task_group_decorator to None, run_after=None
[2025-04-15T19:54:36.633+0000] {processor.py:208} INFO - Processing /home/airflow/.local/lib/python3.12/site-packages/airflow/example_dags/example_task_group_decorator.py took 0.131 seconds
[2025-04-15T19:55:06.746+0000] {processor.py:186} INFO - Started process (PID=18341) to work on /home/airflow/.local/lib/python3.12/site-packages/airflow/example_dags/example_task_group_decorator.py
[2025-04-15T19:55:06.747+0000] {processor.py:914} INFO - Processing file /home/airflow/.local/lib/python3.12/site-packages/airflow/example_dags/example_task_group_decorator.py for tasks to queue
[2025-04-15T19:55:06.748+0000] {logging_mixin.py:190} INFO - [2025-04-15T19:55:06.748+0000] {dagbag.py:588} INFO - Filling up the DagBag from /home/airflow/.local/lib/python3.12/site-packages/airflow/example_dags/example_task_group_decorator.py
[2025-04-15T19:55:06.769+0000] {processor.py:925} INFO - DAG(s) 'example_task_group_decorator' retrieved from /home/airflow/.local/lib/python3.12/site-packages/airflow/example_dags/example_task_group_decorator.py
[2025-04-15T19:55:06.799+0000] {logging_mixin.py:190} INFO - [2025-04-15T19:55:06.799+0000] {dag.py:3239} INFO - Sync 1 DAGs
[2025-04-15T19:55:06.816+0000] {logging_mixin.py:190} INFO - [2025-04-15T19:55:06.816+0000] {dag.py:4180} INFO - Setting next_dagrun for example_task_group_decorator to None, run_after=None
[2025-04-15T19:55:06.838+0000] {processor.py:208} INFO - Processing /home/airflow/.local/lib/python3.12/site-packages/airflow/example_dags/example_task_group_decorator.py took 0.099 seconds
[2025-04-15T19:55:36.957+0000] {processor.py:186} INFO - Started process (PID=18408) to work on /home/airflow/.local/lib/python3.12/site-packages/airflow/example_dags/example_task_group_decorator.py
[2025-04-15T19:55:36.958+0000] {processor.py:914} INFO - Processing file /home/airflow/.local/lib/python3.12/site-packages/airflow/example_dags/example_task_group_decorator.py for tasks to queue
[2025-04-15T19:55:36.961+0000] {logging_mixin.py:190} INFO - [2025-04-15T19:55:36.960+0000] {dagbag.py:588} INFO - Filling up the DagBag from /home/airflow/.local/lib/python3.12/site-packages/airflow/example_dags/example_task_group_decorator.py
[2025-04-15T19:55:36.991+0000] {processor.py:925} INFO - DAG(s) 'example_task_group_decorator' retrieved from /home/airflow/.local/lib/python3.12/site-packages/airflow/example_dags/example_task_group_decorator.py
[2025-04-15T19:55:37.036+0000] {logging_mixin.py:190} INFO - [2025-04-15T19:55:37.036+0000] {dag.py:3239} INFO - Sync 1 DAGs
[2025-04-15T19:55:37.069+0000] {logging_mixin.py:190} INFO - [2025-04-15T19:55:37.068+0000] {dag.py:4180} INFO - Setting next_dagrun for example_task_group_decorator to None, run_after=None
[2025-04-15T19:55:37.105+0000] {processor.py:208} INFO - Processing /home/airflow/.local/lib/python3.12/site-packages/airflow/example_dags/example_task_group_decorator.py took 0.157 seconds
[2025-04-15T19:56:07.187+0000] {processor.py:186} INFO - Started process (PID=18475) to work on /home/airflow/.local/lib/python3.12/site-packages/airflow/example_dags/example_task_group_decorator.py
[2025-04-15T19:56:07.188+0000] {processor.py:914} INFO - Processing file /home/airflow/.local/lib/python3.12/site-packages/airflow/example_dags/example_task_group_decorator.py for tasks to queue
[2025-04-15T19:56:07.189+0000] {logging_mixin.py:190} INFO - [2025-04-15T19:56:07.189+0000] {dagbag.py:588} INFO - Filling up the DagBag from /home/airflow/.local/lib/python3.12/site-packages/airflow/example_dags/example_task_group_decorator.py
[2025-04-15T19:56:07.208+0000] {processor.py:925} INFO - DAG(s) 'example_task_group_decorator' retrieved from /home/airflow/.local/lib/python3.12/site-packages/airflow/example_dags/example_task_group_decorator.py
[2025-04-15T19:56:07.235+0000] {logging_mixin.py:190} INFO - [2025-04-15T19:56:07.235+0000] {dag.py:3239} INFO - Sync 1 DAGs
[2025-04-15T19:56:07.250+0000] {logging_mixin.py:190} INFO - [2025-04-15T19:56:07.250+0000] {dag.py:4180} INFO - Setting next_dagrun for example_task_group_decorator to None, run_after=None
[2025-04-15T19:56:07.271+0000] {processor.py:208} INFO - Processing /home/airflow/.local/lib/python3.12/site-packages/airflow/example_dags/example_task_group_decorator.py took 0.088 seconds
[2025-04-15T19:56:38.219+0000] {processor.py:186} INFO - Started process (PID=18542) to work on /home/airflow/.local/lib/python3.12/site-packages/airflow/example_dags/example_task_group_decorator.py
[2025-04-15T19:56:38.221+0000] {processor.py:914} INFO - Processing file /home/airflow/.local/lib/python3.12/site-packages/airflow/example_dags/example_task_group_decorator.py for tasks to queue
[2025-04-15T19:56:38.224+0000] {logging_mixin.py:190} INFO - [2025-04-15T19:56:38.223+0000] {dagbag.py:588} INFO - Filling up the DagBag from /home/airflow/.local/lib/python3.12/site-packages/airflow/example_dags/example_task_group_decorator.py
[2025-04-15T19:56:38.258+0000] {processor.py:925} INFO - DAG(s) 'example_task_group_decorator' retrieved from /home/airflow/.local/lib/python3.12/site-packages/airflow/example_dags/example_task_group_decorator.py
[2025-04-15T19:56:38.306+0000] {logging_mixin.py:190} INFO - [2025-04-15T19:56:38.305+0000] {dag.py:3239} INFO - Sync 1 DAGs
[2025-04-15T19:56:38.334+0000] {logging_mixin.py:190} INFO - [2025-04-15T19:56:38.333+0000] {dag.py:4180} INFO - Setting next_dagrun for example_task_group_decorator to None, run_after=None
[2025-04-15T19:56:38.364+0000] {processor.py:208} INFO - Processing /home/airflow/.local/lib/python3.12/site-packages/airflow/example_dags/example_task_group_decorator.py took 0.157 seconds
[2025-04-15T19:57:08.563+0000] {processor.py:186} INFO - Started process (PID=18608) to work on /home/airflow/.local/lib/python3.12/site-packages/airflow/example_dags/example_task_group_decorator.py
[2025-04-15T19:57:08.565+0000] {processor.py:914} INFO - Processing file /home/airflow/.local/lib/python3.12/site-packages/airflow/example_dags/example_task_group_decorator.py for tasks to queue
[2025-04-15T19:57:08.567+0000] {logging_mixin.py:190} INFO - [2025-04-15T19:57:08.567+0000] {dagbag.py:588} INFO - Filling up the DagBag from /home/airflow/.local/lib/python3.12/site-packages/airflow/example_dags/example_task_group_decorator.py
[2025-04-15T19:57:08.591+0000] {processor.py:925} INFO - DAG(s) 'example_task_group_decorator' retrieved from /home/airflow/.local/lib/python3.12/site-packages/airflow/example_dags/example_task_group_decorator.py
[2025-04-15T19:57:08.634+0000] {logging_mixin.py:190} INFO - [2025-04-15T19:57:08.633+0000] {dag.py:3239} INFO - Sync 1 DAGs
[2025-04-15T19:57:08.661+0000] {logging_mixin.py:190} INFO - [2025-04-15T19:57:08.661+0000] {dag.py:4180} INFO - Setting next_dagrun for example_task_group_decorator to None, run_after=None
[2025-04-15T19:57:08.692+0000] {processor.py:208} INFO - Processing /home/airflow/.local/lib/python3.12/site-packages/airflow/example_dags/example_task_group_decorator.py took 0.140 seconds
[2025-04-15T19:57:38.829+0000] {processor.py:186} INFO - Started process (PID=18675) to work on /home/airflow/.local/lib/python3.12/site-packages/airflow/example_dags/example_task_group_decorator.py
[2025-04-15T19:57:38.830+0000] {processor.py:914} INFO - Processing file /home/airflow/.local/lib/python3.12/site-packages/airflow/example_dags/example_task_group_decorator.py for tasks to queue
[2025-04-15T19:57:38.832+0000] {logging_mixin.py:190} INFO - [2025-04-15T19:57:38.832+0000] {dagbag.py:588} INFO - Filling up the DagBag from /home/airflow/.local/lib/python3.12/site-packages/airflow/example_dags/example_task_group_decorator.py
[2025-04-15T19:57:38.862+0000] {processor.py:925} INFO - DAG(s) 'example_task_group_decorator' retrieved from /home/airflow/.local/lib/python3.12/site-packages/airflow/example_dags/example_task_group_decorator.py
[2025-04-15T19:57:38.904+0000] {logging_mixin.py:190} INFO - [2025-04-15T19:57:38.903+0000] {dag.py:3239} INFO - Sync 1 DAGs
[2025-04-15T19:57:38.928+0000] {logging_mixin.py:190} INFO - [2025-04-15T19:57:38.928+0000] {dag.py:4180} INFO - Setting next_dagrun for example_task_group_decorator to None, run_after=None
[2025-04-15T19:57:38.960+0000] {processor.py:208} INFO - Processing /home/airflow/.local/lib/python3.12/site-packages/airflow/example_dags/example_task_group_decorator.py took 0.139 seconds
[2025-04-15T19:58:09.073+0000] {processor.py:186} INFO - Started process (PID=18741) to work on /home/airflow/.local/lib/python3.12/site-packages/airflow/example_dags/example_task_group_decorator.py
[2025-04-15T19:58:09.074+0000] {processor.py:914} INFO - Processing file /home/airflow/.local/lib/python3.12/site-packages/airflow/example_dags/example_task_group_decorator.py for tasks to queue
[2025-04-15T19:58:09.076+0000] {logging_mixin.py:190} INFO - [2025-04-15T19:58:09.076+0000] {dagbag.py:588} INFO - Filling up the DagBag from /home/airflow/.local/lib/python3.12/site-packages/airflow/example_dags/example_task_group_decorator.py
[2025-04-15T19:58:09.100+0000] {processor.py:925} INFO - DAG(s) 'example_task_group_decorator' retrieved from /home/airflow/.local/lib/python3.12/site-packages/airflow/example_dags/example_task_group_decorator.py
[2025-04-15T19:58:09.141+0000] {logging_mixin.py:190} INFO - [2025-04-15T19:58:09.140+0000] {dag.py:3239} INFO - Sync 1 DAGs
[2025-04-15T19:58:09.172+0000] {logging_mixin.py:190} INFO - [2025-04-15T19:58:09.171+0000] {dag.py:4180} INFO - Setting next_dagrun for example_task_group_decorator to None, run_after=None
[2025-04-15T19:58:09.205+0000] {processor.py:208} INFO - Processing /home/airflow/.local/lib/python3.12/site-packages/airflow/example_dags/example_task_group_decorator.py took 0.140 seconds
[2025-04-15T19:58:39.689+0000] {processor.py:186} INFO - Started process (PID=18806) to work on /home/airflow/.local/lib/python3.12/site-packages/airflow/example_dags/example_task_group_decorator.py
[2025-04-15T19:58:39.691+0000] {processor.py:914} INFO - Processing file /home/airflow/.local/lib/python3.12/site-packages/airflow/example_dags/example_task_group_decorator.py for tasks to queue
[2025-04-15T19:58:39.693+0000] {logging_mixin.py:190} INFO - [2025-04-15T19:58:39.693+0000] {dagbag.py:588} INFO - Filling up the DagBag from /home/airflow/.local/lib/python3.12/site-packages/airflow/example_dags/example_task_group_decorator.py
[2025-04-15T19:58:39.720+0000] {processor.py:925} INFO - DAG(s) 'example_task_group_decorator' retrieved from /home/airflow/.local/lib/python3.12/site-packages/airflow/example_dags/example_task_group_decorator.py
[2025-04-15T19:58:39.773+0000] {logging_mixin.py:190} INFO - [2025-04-15T19:58:39.772+0000] {dag.py:3239} INFO - Sync 1 DAGs
[2025-04-15T19:58:39.802+0000] {logging_mixin.py:190} INFO - [2025-04-15T19:58:39.801+0000] {dag.py:4180} INFO - Setting next_dagrun for example_task_group_decorator to None, run_after=None
[2025-04-15T19:58:39.846+0000] {processor.py:208} INFO - Processing /home/airflow/.local/lib/python3.12/site-packages/airflow/example_dags/example_task_group_decorator.py took 0.165 seconds
[2025-04-15T19:59:10.134+0000] {processor.py:186} INFO - Started process (PID=18872) to work on /home/airflow/.local/lib/python3.12/site-packages/airflow/example_dags/example_task_group_decorator.py
[2025-04-15T19:59:10.135+0000] {processor.py:914} INFO - Processing file /home/airflow/.local/lib/python3.12/site-packages/airflow/example_dags/example_task_group_decorator.py for tasks to queue
[2025-04-15T19:59:10.137+0000] {logging_mixin.py:190} INFO - [2025-04-15T19:59:10.137+0000] {dagbag.py:588} INFO - Filling up the DagBag from /home/airflow/.local/lib/python3.12/site-packages/airflow/example_dags/example_task_group_decorator.py
[2025-04-15T19:59:10.157+0000] {processor.py:925} INFO - DAG(s) 'example_task_group_decorator' retrieved from /home/airflow/.local/lib/python3.12/site-packages/airflow/example_dags/example_task_group_decorator.py
[2025-04-15T19:59:10.192+0000] {logging_mixin.py:190} INFO - [2025-04-15T19:59:10.191+0000] {dag.py:3239} INFO - Sync 1 DAGs
[2025-04-15T19:59:10.210+0000] {logging_mixin.py:190} INFO - [2025-04-15T19:59:10.210+0000] {dag.py:4180} INFO - Setting next_dagrun for example_task_group_decorator to None, run_after=None
[2025-04-15T19:59:10.232+0000] {processor.py:208} INFO - Processing /home/airflow/.local/lib/python3.12/site-packages/airflow/example_dags/example_task_group_decorator.py took 0.104 seconds
[2025-04-15T19:59:40.596+0000] {processor.py:186} INFO - Started process (PID=18938) to work on /home/airflow/.local/lib/python3.12/site-packages/airflow/example_dags/example_task_group_decorator.py
[2025-04-15T19:59:40.597+0000] {processor.py:914} INFO - Processing file /home/airflow/.local/lib/python3.12/site-packages/airflow/example_dags/example_task_group_decorator.py for tasks to queue
[2025-04-15T19:59:40.599+0000] {logging_mixin.py:190} INFO - [2025-04-15T19:59:40.599+0000] {dagbag.py:588} INFO - Filling up the DagBag from /home/airflow/.local/lib/python3.12/site-packages/airflow/example_dags/example_task_group_decorator.py
[2025-04-15T19:59:40.626+0000] {processor.py:925} INFO - DAG(s) 'example_task_group_decorator' retrieved from /home/airflow/.local/lib/python3.12/site-packages/airflow/example_dags/example_task_group_decorator.py
[2025-04-15T19:59:40.683+0000] {logging_mixin.py:190} INFO - [2025-04-15T19:59:40.682+0000] {dag.py:3239} INFO - Sync 1 DAGs
[2025-04-15T19:59:40.724+0000] {logging_mixin.py:190} INFO - [2025-04-15T19:59:40.723+0000] {dag.py:4180} INFO - Setting next_dagrun for example_task_group_decorator to None, run_after=None
[2025-04-15T19:59:40.764+0000] {processor.py:208} INFO - Processing /home/airflow/.local/lib/python3.12/site-packages/airflow/example_dags/example_task_group_decorator.py took 0.176 seconds
[2025-04-15T20:00:11.301+0000] {processor.py:186} INFO - Started process (PID=19005) to work on /home/airflow/.local/lib/python3.12/site-packages/airflow/example_dags/example_task_group_decorator.py
[2025-04-15T20:00:11.303+0000] {processor.py:914} INFO - Processing file /home/airflow/.local/lib/python3.12/site-packages/airflow/example_dags/example_task_group_decorator.py for tasks to queue
[2025-04-15T20:00:11.305+0000] {logging_mixin.py:190} INFO - [2025-04-15T20:00:11.304+0000] {dagbag.py:588} INFO - Filling up the DagBag from /home/airflow/.local/lib/python3.12/site-packages/airflow/example_dags/example_task_group_decorator.py
[2025-04-15T20:00:11.329+0000] {processor.py:925} INFO - DAG(s) 'example_task_group_decorator' retrieved from /home/airflow/.local/lib/python3.12/site-packages/airflow/example_dags/example_task_group_decorator.py
[2025-04-15T20:00:11.376+0000] {logging_mixin.py:190} INFO - [2025-04-15T20:00:11.375+0000] {dag.py:3239} INFO - Sync 1 DAGs
[2025-04-15T20:00:11.400+0000] {logging_mixin.py:190} INFO - [2025-04-15T20:00:11.400+0000] {dag.py:4180} INFO - Setting next_dagrun for example_task_group_decorator to None, run_after=None
[2025-04-15T20:00:11.431+0000] {processor.py:208} INFO - Processing /home/airflow/.local/lib/python3.12/site-packages/airflow/example_dags/example_task_group_decorator.py took 0.138 seconds
[2025-04-15T20:00:42.464+0000] {processor.py:186} INFO - Started process (PID=19072) to work on /home/airflow/.local/lib/python3.12/site-packages/airflow/example_dags/example_task_group_decorator.py
[2025-04-15T20:00:42.466+0000] {processor.py:914} INFO - Processing file /home/airflow/.local/lib/python3.12/site-packages/airflow/example_dags/example_task_group_decorator.py for tasks to queue
[2025-04-15T20:00:42.468+0000] {logging_mixin.py:190} INFO - [2025-04-15T20:00:42.468+0000] {dagbag.py:588} INFO - Filling up the DagBag from /home/airflow/.local/lib/python3.12/site-packages/airflow/example_dags/example_task_group_decorator.py
[2025-04-15T20:00:42.492+0000] {processor.py:925} INFO - DAG(s) 'example_task_group_decorator' retrieved from /home/airflow/.local/lib/python3.12/site-packages/airflow/example_dags/example_task_group_decorator.py
[2025-04-15T20:00:42.535+0000] {logging_mixin.py:190} INFO - [2025-04-15T20:00:42.534+0000] {dag.py:3239} INFO - Sync 1 DAGs
[2025-04-15T20:00:42.558+0000] {logging_mixin.py:190} INFO - [2025-04-15T20:00:42.558+0000] {dag.py:4180} INFO - Setting next_dagrun for example_task_group_decorator to None, run_after=None
[2025-04-15T20:00:42.590+0000] {processor.py:208} INFO - Processing /home/airflow/.local/lib/python3.12/site-packages/airflow/example_dags/example_task_group_decorator.py took 0.135 seconds
[2025-04-15T20:01:12.901+0000] {processor.py:186} INFO - Started process (PID=19139) to work on /home/airflow/.local/lib/python3.12/site-packages/airflow/example_dags/example_task_group_decorator.py
[2025-04-15T20:01:12.902+0000] {processor.py:914} INFO - Processing file /home/airflow/.local/lib/python3.12/site-packages/airflow/example_dags/example_task_group_decorator.py for tasks to queue
[2025-04-15T20:01:12.904+0000] {logging_mixin.py:190} INFO - [2025-04-15T20:01:12.904+0000] {dagbag.py:588} INFO - Filling up the DagBag from /home/airflow/.local/lib/python3.12/site-packages/airflow/example_dags/example_task_group_decorator.py
[2025-04-15T20:01:12.927+0000] {processor.py:925} INFO - DAG(s) 'example_task_group_decorator' retrieved from /home/airflow/.local/lib/python3.12/site-packages/airflow/example_dags/example_task_group_decorator.py
[2025-04-15T20:01:12.970+0000] {logging_mixin.py:190} INFO - [2025-04-15T20:01:12.970+0000] {dag.py:3239} INFO - Sync 1 DAGs
[2025-04-15T20:01:12.995+0000] {logging_mixin.py:190} INFO - [2025-04-15T20:01:12.995+0000] {dag.py:4180} INFO - Setting next_dagrun for example_task_group_decorator to None, run_after=None
[2025-04-15T20:01:13.026+0000] {processor.py:208} INFO - Processing /home/airflow/.local/lib/python3.12/site-packages/airflow/example_dags/example_task_group_decorator.py took 0.134 seconds
[2025-04-15T20:01:43.454+0000] {processor.py:186} INFO - Started process (PID=19206) to work on /home/airflow/.local/lib/python3.12/site-packages/airflow/example_dags/example_task_group_decorator.py
[2025-04-15T20:01:43.456+0000] {processor.py:914} INFO - Processing file /home/airflow/.local/lib/python3.12/site-packages/airflow/example_dags/example_task_group_decorator.py for tasks to queue
[2025-04-15T20:01:43.458+0000] {logging_mixin.py:190} INFO - [2025-04-15T20:01:43.457+0000] {dagbag.py:588} INFO - Filling up the DagBag from /home/airflow/.local/lib/python3.12/site-packages/airflow/example_dags/example_task_group_decorator.py
[2025-04-15T20:01:43.483+0000] {processor.py:925} INFO - DAG(s) 'example_task_group_decorator' retrieved from /home/airflow/.local/lib/python3.12/site-packages/airflow/example_dags/example_task_group_decorator.py
[2025-04-15T20:01:43.525+0000] {logging_mixin.py:190} INFO - [2025-04-15T20:01:43.525+0000] {dag.py:3239} INFO - Sync 1 DAGs
[2025-04-15T20:01:43.551+0000] {logging_mixin.py:190} INFO - [2025-04-15T20:01:43.550+0000] {dag.py:4180} INFO - Setting next_dagrun for example_task_group_decorator to None, run_after=None
[2025-04-15T20:01:43.582+0000] {processor.py:208} INFO - Processing /home/airflow/.local/lib/python3.12/site-packages/airflow/example_dags/example_task_group_decorator.py took 0.135 seconds
[2025-04-15T20:02:14.111+0000] {processor.py:186} INFO - Started process (PID=19273) to work on /home/airflow/.local/lib/python3.12/site-packages/airflow/example_dags/example_task_group_decorator.py
[2025-04-15T20:02:14.113+0000] {processor.py:914} INFO - Processing file /home/airflow/.local/lib/python3.12/site-packages/airflow/example_dags/example_task_group_decorator.py for tasks to queue
[2025-04-15T20:02:14.115+0000] {logging_mixin.py:190} INFO - [2025-04-15T20:02:14.114+0000] {dagbag.py:588} INFO - Filling up the DagBag from /home/airflow/.local/lib/python3.12/site-packages/airflow/example_dags/example_task_group_decorator.py
[2025-04-15T20:02:14.138+0000] {processor.py:925} INFO - DAG(s) 'example_task_group_decorator' retrieved from /home/airflow/.local/lib/python3.12/site-packages/airflow/example_dags/example_task_group_decorator.py
[2025-04-15T20:02:14.177+0000] {logging_mixin.py:190} INFO - [2025-04-15T20:02:14.176+0000] {dag.py:3239} INFO - Sync 1 DAGs
[2025-04-15T20:02:14.197+0000] {logging_mixin.py:190} INFO - [2025-04-15T20:02:14.197+0000] {dag.py:4180} INFO - Setting next_dagrun for example_task_group_decorator to None, run_after=None
[2025-04-15T20:02:14.226+0000] {processor.py:208} INFO - Processing /home/airflow/.local/lib/python3.12/site-packages/airflow/example_dags/example_task_group_decorator.py took 0.123 seconds
[2025-04-15T20:02:44.664+0000] {processor.py:186} INFO - Started process (PID=19340) to work on /home/airflow/.local/lib/python3.12/site-packages/airflow/example_dags/example_task_group_decorator.py
[2025-04-15T20:02:44.665+0000] {processor.py:914} INFO - Processing file /home/airflow/.local/lib/python3.12/site-packages/airflow/example_dags/example_task_group_decorator.py for tasks to queue
[2025-04-15T20:02:44.667+0000] {logging_mixin.py:190} INFO - [2025-04-15T20:02:44.666+0000] {dagbag.py:588} INFO - Filling up the DagBag from /home/airflow/.local/lib/python3.12/site-packages/airflow/example_dags/example_task_group_decorator.py
[2025-04-15T20:02:44.681+0000] {processor.py:925} INFO - DAG(s) 'example_task_group_decorator' retrieved from /home/airflow/.local/lib/python3.12/site-packages/airflow/example_dags/example_task_group_decorator.py
[2025-04-15T20:02:44.710+0000] {logging_mixin.py:190} INFO - [2025-04-15T20:02:44.710+0000] {dag.py:3239} INFO - Sync 1 DAGs
[2025-04-15T20:02:44.729+0000] {logging_mixin.py:190} INFO - [2025-04-15T20:02:44.729+0000] {dag.py:4180} INFO - Setting next_dagrun for example_task_group_decorator to None, run_after=None
[2025-04-15T20:02:44.750+0000] {processor.py:208} INFO - Processing /home/airflow/.local/lib/python3.12/site-packages/airflow/example_dags/example_task_group_decorator.py took 0.092 seconds
[2025-04-15T20:03:15.467+0000] {processor.py:186} INFO - Started process (PID=19407) to work on /home/airflow/.local/lib/python3.12/site-packages/airflow/example_dags/example_task_group_decorator.py
[2025-04-15T20:03:15.469+0000] {processor.py:914} INFO - Processing file /home/airflow/.local/lib/python3.12/site-packages/airflow/example_dags/example_task_group_decorator.py for tasks to queue
[2025-04-15T20:03:15.470+0000] {logging_mixin.py:190} INFO - [2025-04-15T20:03:15.470+0000] {dagbag.py:588} INFO - Filling up the DagBag from /home/airflow/.local/lib/python3.12/site-packages/airflow/example_dags/example_task_group_decorator.py
[2025-04-15T20:03:15.493+0000] {processor.py:925} INFO - DAG(s) 'example_task_group_decorator' retrieved from /home/airflow/.local/lib/python3.12/site-packages/airflow/example_dags/example_task_group_decorator.py
[2025-04-15T20:03:15.531+0000] {logging_mixin.py:190} INFO - [2025-04-15T20:03:15.530+0000] {dag.py:3239} INFO - Sync 1 DAGs
[2025-04-15T20:03:15.554+0000] {logging_mixin.py:190} INFO - [2025-04-15T20:03:15.554+0000] {dag.py:4180} INFO - Setting next_dagrun for example_task_group_decorator to None, run_after=None
[2025-04-15T20:03:15.582+0000] {processor.py:208} INFO - Processing /home/airflow/.local/lib/python3.12/site-packages/airflow/example_dags/example_task_group_decorator.py took 0.123 seconds
[2025-04-15T20:03:45.818+0000] {processor.py:186} INFO - Started process (PID=19474) to work on /home/airflow/.local/lib/python3.12/site-packages/airflow/example_dags/example_task_group_decorator.py
[2025-04-15T20:03:45.820+0000] {processor.py:914} INFO - Processing file /home/airflow/.local/lib/python3.12/site-packages/airflow/example_dags/example_task_group_decorator.py for tasks to queue
[2025-04-15T20:03:45.821+0000] {logging_mixin.py:190} INFO - [2025-04-15T20:03:45.821+0000] {dagbag.py:588} INFO - Filling up the DagBag from /home/airflow/.local/lib/python3.12/site-packages/airflow/example_dags/example_task_group_decorator.py
[2025-04-15T20:03:45.846+0000] {processor.py:925} INFO - DAG(s) 'example_task_group_decorator' retrieved from /home/airflow/.local/lib/python3.12/site-packages/airflow/example_dags/example_task_group_decorator.py
[2025-04-15T20:03:45.878+0000] {logging_mixin.py:190} INFO - [2025-04-15T20:03:45.878+0000] {dag.py:3239} INFO - Sync 1 DAGs
[2025-04-15T20:03:45.898+0000] {logging_mixin.py:190} INFO - [2025-04-15T20:03:45.898+0000] {dag.py:4180} INFO - Setting next_dagrun for example_task_group_decorator to None, run_after=None
[2025-04-15T20:03:45.923+0000] {processor.py:208} INFO - Processing /home/airflow/.local/lib/python3.12/site-packages/airflow/example_dags/example_task_group_decorator.py took 0.114 seconds
[2025-04-15T20:04:16.346+0000] {processor.py:186} INFO - Started process (PID=19542) to work on /home/airflow/.local/lib/python3.12/site-packages/airflow/example_dags/example_task_group_decorator.py
[2025-04-15T20:04:16.348+0000] {processor.py:914} INFO - Processing file /home/airflow/.local/lib/python3.12/site-packages/airflow/example_dags/example_task_group_decorator.py for tasks to queue
[2025-04-15T20:04:16.350+0000] {logging_mixin.py:190} INFO - [2025-04-15T20:04:16.349+0000] {dagbag.py:588} INFO - Filling up the DagBag from /home/airflow/.local/lib/python3.12/site-packages/airflow/example_dags/example_task_group_decorator.py
[2025-04-15T20:04:16.376+0000] {processor.py:925} INFO - DAG(s) 'example_task_group_decorator' retrieved from /home/airflow/.local/lib/python3.12/site-packages/airflow/example_dags/example_task_group_decorator.py
[2025-04-15T20:04:16.416+0000] {logging_mixin.py:190} INFO - [2025-04-15T20:04:16.416+0000] {dag.py:3239} INFO - Sync 1 DAGs
[2025-04-15T20:04:16.440+0000] {logging_mixin.py:190} INFO - [2025-04-15T20:04:16.440+0000] {dag.py:4180} INFO - Setting next_dagrun for example_task_group_decorator to None, run_after=None
[2025-04-15T20:04:16.468+0000] {processor.py:208} INFO - Processing /home/airflow/.local/lib/python3.12/site-packages/airflow/example_dags/example_task_group_decorator.py took 0.130 seconds
[2025-04-15T23:04:29.273+0000] {processor.py:186} INFO - Started process (PID=19584) to work on /home/airflow/.local/lib/python3.12/site-packages/airflow/example_dags/example_task_group_decorator.py
[2025-04-15T23:04:29.275+0000] {processor.py:914} INFO - Processing file /home/airflow/.local/lib/python3.12/site-packages/airflow/example_dags/example_task_group_decorator.py for tasks to queue
[2025-04-15T23:04:29.276+0000] {logging_mixin.py:190} INFO - [2025-04-15T23:04:29.276+0000] {dagbag.py:588} INFO - Filling up the DagBag from /home/airflow/.local/lib/python3.12/site-packages/airflow/example_dags/example_task_group_decorator.py
[2025-04-15T23:04:29.290+0000] {processor.py:925} INFO - DAG(s) 'example_task_group_decorator' retrieved from /home/airflow/.local/lib/python3.12/site-packages/airflow/example_dags/example_task_group_decorator.py
[2025-04-15T23:04:29.318+0000] {logging_mixin.py:190} INFO - [2025-04-15T23:04:29.317+0000] {dag.py:3239} INFO - Sync 1 DAGs
[2025-04-15T23:04:29.332+0000] {logging_mixin.py:190} INFO - [2025-04-15T23:04:29.332+0000] {dag.py:4180} INFO - Setting next_dagrun for example_task_group_decorator to None, run_after=None
[2025-04-15T23:04:29.353+0000] {processor.py:208} INFO - Processing /home/airflow/.local/lib/python3.12/site-packages/airflow/example_dags/example_task_group_decorator.py took 0.086 seconds
