[2025-04-15T19:35:02.945+0000] {processor.py:186} INFO - Started process (PID=15753) to work on /home/airflow/.local/lib/python3.12/site-packages/airflow/example_dags/example_task_group.py
[2025-04-15T19:35:02.948+0000] {processor.py:914} INFO - Processing file /home/airflow/.local/lib/python3.12/site-packages/airflow/example_dags/example_task_group.py for tasks to queue
[2025-04-15T19:35:02.984+0000] {logging_mixin.py:190} INFO - [2025-04-15T19:35:02.957+0000] {dagbag.py:588} INFO - Filling up the DagBag from /home/airflow/.local/lib/python3.12/site-packages/airflow/example_dags/example_task_group.py
[2025-04-15T19:35:03.383+0000] {processor.py:925} INFO - DAG(s) 'example_task_group' retrieved from /home/airflow/.local/lib/python3.12/site-packages/airflow/example_dags/example_task_group.py
[2025-04-15T19:35:03.672+0000] {logging_mixin.py:190} INFO - [2025-04-15T19:35:03.671+0000] {dag.py:3239} INFO - Sync 1 DAGs
[2025-04-15T19:35:03.911+0000] {logging_mixin.py:190} INFO - [2025-04-15T19:35:03.910+0000] {dag.py:4180} INFO - Setting next_dagrun for example_task_group to None, run_after=None
[2025-04-15T19:35:03.966+0000] {processor.py:208} INFO - Processing /home/airflow/.local/lib/python3.12/site-packages/airflow/example_dags/example_task_group.py took 1.045 seconds
[2025-04-15T19:35:47.857+0000] {processor.py:186} INFO - Started process (PID=15821) to work on /home/airflow/.local/lib/python3.12/site-packages/airflow/example_dags/example_task_group.py
[2025-04-15T19:35:47.859+0000] {processor.py:914} INFO - Processing file /home/airflow/.local/lib/python3.12/site-packages/airflow/example_dags/example_task_group.py for tasks to queue
[2025-04-15T19:35:47.862+0000] {logging_mixin.py:190} INFO - [2025-04-15T19:35:47.861+0000] {dagbag.py:588} INFO - Filling up the DagBag from /home/airflow/.local/lib/python3.12/site-packages/airflow/example_dags/example_task_group.py
[2025-04-15T19:35:47.883+0000] {processor.py:925} INFO - DAG(s) 'example_task_group' retrieved from /home/airflow/.local/lib/python3.12/site-packages/airflow/example_dags/example_task_group.py
[2025-04-15T19:35:47.935+0000] {logging_mixin.py:190} INFO - [2025-04-15T19:35:47.934+0000] {dag.py:3239} INFO - Sync 1 DAGs
[2025-04-15T19:35:47.980+0000] {logging_mixin.py:190} INFO - [2025-04-15T19:35:47.979+0000] {dag.py:4180} INFO - Setting next_dagrun for example_task_group to None, run_after=None
[2025-04-15T19:35:48.037+0000] {processor.py:208} INFO - Processing /home/airflow/.local/lib/python3.12/site-packages/airflow/example_dags/example_task_group.py took 0.196 seconds
[2025-04-15T19:36:18.527+0000] {processor.py:186} INFO - Started process (PID=15888) to work on /home/airflow/.local/lib/python3.12/site-packages/airflow/example_dags/example_task_group.py
[2025-04-15T19:36:18.528+0000] {processor.py:914} INFO - Processing file /home/airflow/.local/lib/python3.12/site-packages/airflow/example_dags/example_task_group.py for tasks to queue
[2025-04-15T19:36:18.531+0000] {logging_mixin.py:190} INFO - [2025-04-15T19:36:18.530+0000] {dagbag.py:588} INFO - Filling up the DagBag from /home/airflow/.local/lib/python3.12/site-packages/airflow/example_dags/example_task_group.py
[2025-04-15T19:36:18.543+0000] {processor.py:925} INFO - DAG(s) 'example_task_group' retrieved from /home/airflow/.local/lib/python3.12/site-packages/airflow/example_dags/example_task_group.py
[2025-04-15T19:36:18.581+0000] {logging_mixin.py:190} INFO - [2025-04-15T19:36:18.581+0000] {dag.py:3239} INFO - Sync 1 DAGs
[2025-04-15T19:36:18.609+0000] {logging_mixin.py:190} INFO - [2025-04-15T19:36:18.608+0000] {dag.py:4180} INFO - Setting next_dagrun for example_task_group to None, run_after=None
[2025-04-15T19:36:18.643+0000] {processor.py:208} INFO - Processing /home/airflow/.local/lib/python3.12/site-packages/airflow/example_dags/example_task_group.py took 0.125 seconds
[2025-04-15T19:36:49.245+0000] {processor.py:186} INFO - Started process (PID=15955) to work on /home/airflow/.local/lib/python3.12/site-packages/airflow/example_dags/example_task_group.py
[2025-04-15T19:36:49.247+0000] {processor.py:914} INFO - Processing file /home/airflow/.local/lib/python3.12/site-packages/airflow/example_dags/example_task_group.py for tasks to queue
[2025-04-15T19:36:49.248+0000] {logging_mixin.py:190} INFO - [2025-04-15T19:36:49.248+0000] {dagbag.py:588} INFO - Filling up the DagBag from /home/airflow/.local/lib/python3.12/site-packages/airflow/example_dags/example_task_group.py
[2025-04-15T19:36:49.258+0000] {processor.py:925} INFO - DAG(s) 'example_task_group' retrieved from /home/airflow/.local/lib/python3.12/site-packages/airflow/example_dags/example_task_group.py
[2025-04-15T19:36:49.288+0000] {logging_mixin.py:190} INFO - [2025-04-15T19:36:49.288+0000] {dag.py:3239} INFO - Sync 1 DAGs
[2025-04-15T19:36:49.310+0000] {logging_mixin.py:190} INFO - [2025-04-15T19:36:49.310+0000] {dag.py:4180} INFO - Setting next_dagrun for example_task_group to None, run_after=None
[2025-04-15T19:36:49.337+0000] {processor.py:208} INFO - Processing /home/airflow/.local/lib/python3.12/site-packages/airflow/example_dags/example_task_group.py took 0.097 seconds
[2025-04-15T19:37:20.296+0000] {processor.py:186} INFO - Started process (PID=16022) to work on /home/airflow/.local/lib/python3.12/site-packages/airflow/example_dags/example_task_group.py
[2025-04-15T19:37:20.297+0000] {processor.py:914} INFO - Processing file /home/airflow/.local/lib/python3.12/site-packages/airflow/example_dags/example_task_group.py for tasks to queue
[2025-04-15T19:37:20.299+0000] {logging_mixin.py:190} INFO - [2025-04-15T19:37:20.298+0000] {dagbag.py:588} INFO - Filling up the DagBag from /home/airflow/.local/lib/python3.12/site-packages/airflow/example_dags/example_task_group.py
[2025-04-15T19:37:20.312+0000] {processor.py:925} INFO - DAG(s) 'example_task_group' retrieved from /home/airflow/.local/lib/python3.12/site-packages/airflow/example_dags/example_task_group.py
[2025-04-15T19:37:20.346+0000] {logging_mixin.py:190} INFO - [2025-04-15T19:37:20.346+0000] {dag.py:3239} INFO - Sync 1 DAGs
[2025-04-15T19:37:20.379+0000] {logging_mixin.py:190} INFO - [2025-04-15T19:37:20.379+0000] {dag.py:4180} INFO - Setting next_dagrun for example_task_group to None, run_after=None
[2025-04-15T19:37:20.420+0000] {processor.py:208} INFO - Processing /home/airflow/.local/lib/python3.12/site-packages/airflow/example_dags/example_task_group.py took 0.133 seconds
[2025-04-15T19:37:50.853+0000] {processor.py:186} INFO - Started process (PID=16089) to work on /home/airflow/.local/lib/python3.12/site-packages/airflow/example_dags/example_task_group.py
[2025-04-15T19:37:50.854+0000] {processor.py:914} INFO - Processing file /home/airflow/.local/lib/python3.12/site-packages/airflow/example_dags/example_task_group.py for tasks to queue
[2025-04-15T19:37:50.855+0000] {logging_mixin.py:190} INFO - [2025-04-15T19:37:50.855+0000] {dagbag.py:588} INFO - Filling up the DagBag from /home/airflow/.local/lib/python3.12/site-packages/airflow/example_dags/example_task_group.py
[2025-04-15T19:37:50.864+0000] {processor.py:925} INFO - DAG(s) 'example_task_group' retrieved from /home/airflow/.local/lib/python3.12/site-packages/airflow/example_dags/example_task_group.py
[2025-04-15T19:37:50.886+0000] {logging_mixin.py:190} INFO - [2025-04-15T19:37:50.886+0000] {dag.py:3239} INFO - Sync 1 DAGs
[2025-04-15T19:37:50.901+0000] {logging_mixin.py:190} INFO - [2025-04-15T19:37:50.901+0000] {dag.py:4180} INFO - Setting next_dagrun for example_task_group to None, run_after=None
[2025-04-15T19:37:50.923+0000] {processor.py:208} INFO - Processing /home/airflow/.local/lib/python3.12/site-packages/airflow/example_dags/example_task_group.py took 0.076 seconds
[2025-04-15T19:38:21.669+0000] {processor.py:186} INFO - Started process (PID=16156) to work on /home/airflow/.local/lib/python3.12/site-packages/airflow/example_dags/example_task_group.py
[2025-04-15T19:38:21.672+0000] {processor.py:914} INFO - Processing file /home/airflow/.local/lib/python3.12/site-packages/airflow/example_dags/example_task_group.py for tasks to queue
[2025-04-15T19:38:21.674+0000] {logging_mixin.py:190} INFO - [2025-04-15T19:38:21.674+0000] {dagbag.py:588} INFO - Filling up the DagBag from /home/airflow/.local/lib/python3.12/site-packages/airflow/example_dags/example_task_group.py
[2025-04-15T19:38:21.687+0000] {processor.py:925} INFO - DAG(s) 'example_task_group' retrieved from /home/airflow/.local/lib/python3.12/site-packages/airflow/example_dags/example_task_group.py
[2025-04-15T19:38:21.714+0000] {logging_mixin.py:190} INFO - [2025-04-15T19:38:21.714+0000] {dag.py:3239} INFO - Sync 1 DAGs
[2025-04-15T19:38:21.735+0000] {logging_mixin.py:190} INFO - [2025-04-15T19:38:21.735+0000] {dag.py:4180} INFO - Setting next_dagrun for example_task_group to None, run_after=None
[2025-04-15T19:38:21.764+0000] {processor.py:208} INFO - Processing /home/airflow/.local/lib/python3.12/site-packages/airflow/example_dags/example_task_group.py took 0.101 seconds
[2025-04-15T19:38:52.342+0000] {processor.py:186} INFO - Started process (PID=16223) to work on /home/airflow/.local/lib/python3.12/site-packages/airflow/example_dags/example_task_group.py
[2025-04-15T19:38:52.343+0000] {processor.py:914} INFO - Processing file /home/airflow/.local/lib/python3.12/site-packages/airflow/example_dags/example_task_group.py for tasks to queue
[2025-04-15T19:38:52.345+0000] {logging_mixin.py:190} INFO - [2025-04-15T19:38:52.344+0000] {dagbag.py:588} INFO - Filling up the DagBag from /home/airflow/.local/lib/python3.12/site-packages/airflow/example_dags/example_task_group.py
[2025-04-15T19:38:52.355+0000] {processor.py:925} INFO - DAG(s) 'example_task_group' retrieved from /home/airflow/.local/lib/python3.12/site-packages/airflow/example_dags/example_task_group.py
[2025-04-15T19:38:52.381+0000] {logging_mixin.py:190} INFO - [2025-04-15T19:38:52.381+0000] {dag.py:3239} INFO - Sync 1 DAGs
[2025-04-15T19:38:52.400+0000] {logging_mixin.py:190} INFO - [2025-04-15T19:38:52.400+0000] {dag.py:4180} INFO - Setting next_dagrun for example_task_group to None, run_after=None
[2025-04-15T19:38:52.424+0000] {processor.py:208} INFO - Processing /home/airflow/.local/lib/python3.12/site-packages/airflow/example_dags/example_task_group.py took 0.089 seconds
[2025-04-15T19:39:22.561+0000] {processor.py:186} INFO - Started process (PID=16289) to work on /home/airflow/.local/lib/python3.12/site-packages/airflow/example_dags/example_task_group.py
[2025-04-15T19:39:22.563+0000] {processor.py:914} INFO - Processing file /home/airflow/.local/lib/python3.12/site-packages/airflow/example_dags/example_task_group.py for tasks to queue
[2025-04-15T19:39:22.565+0000] {logging_mixin.py:190} INFO - [2025-04-15T19:39:22.564+0000] {dagbag.py:588} INFO - Filling up the DagBag from /home/airflow/.local/lib/python3.12/site-packages/airflow/example_dags/example_task_group.py
[2025-04-15T19:39:22.576+0000] {processor.py:925} INFO - DAG(s) 'example_task_group' retrieved from /home/airflow/.local/lib/python3.12/site-packages/airflow/example_dags/example_task_group.py
[2025-04-15T19:39:22.603+0000] {logging_mixin.py:190} INFO - [2025-04-15T19:39:22.603+0000] {dag.py:3239} INFO - Sync 1 DAGs
[2025-04-15T19:39:22.620+0000] {logging_mixin.py:190} INFO - [2025-04-15T19:39:22.620+0000] {dag.py:4180} INFO - Setting next_dagrun for example_task_group to None, run_after=None
[2025-04-15T19:39:22.649+0000] {processor.py:208} INFO - Processing /home/airflow/.local/lib/python3.12/site-packages/airflow/example_dags/example_task_group.py took 0.096 seconds
[2025-04-15T19:39:53.794+0000] {processor.py:186} INFO - Started process (PID=16362) to work on /home/airflow/.local/lib/python3.12/site-packages/airflow/example_dags/example_task_group.py
[2025-04-15T19:39:53.795+0000] {processor.py:914} INFO - Processing file /home/airflow/.local/lib/python3.12/site-packages/airflow/example_dags/example_task_group.py for tasks to queue
[2025-04-15T19:39:53.797+0000] {logging_mixin.py:190} INFO - [2025-04-15T19:39:53.797+0000] {dagbag.py:588} INFO - Filling up the DagBag from /home/airflow/.local/lib/python3.12/site-packages/airflow/example_dags/example_task_group.py
[2025-04-15T19:39:53.814+0000] {processor.py:925} INFO - DAG(s) 'example_task_group' retrieved from /home/airflow/.local/lib/python3.12/site-packages/airflow/example_dags/example_task_group.py
[2025-04-15T19:39:53.855+0000] {logging_mixin.py:190} INFO - [2025-04-15T19:39:53.855+0000] {dag.py:3239} INFO - Sync 1 DAGs
[2025-04-15T19:39:53.883+0000] {logging_mixin.py:190} INFO - [2025-04-15T19:39:53.882+0000] {dag.py:4180} INFO - Setting next_dagrun for example_task_group to None, run_after=None
[2025-04-15T19:39:53.921+0000] {processor.py:208} INFO - Processing /home/airflow/.local/lib/python3.12/site-packages/airflow/example_dags/example_task_group.py took 0.137 seconds
[2025-04-15T19:40:24.682+0000] {processor.py:186} INFO - Started process (PID=16429) to work on /home/airflow/.local/lib/python3.12/site-packages/airflow/example_dags/example_task_group.py
[2025-04-15T19:40:24.683+0000] {processor.py:914} INFO - Processing file /home/airflow/.local/lib/python3.12/site-packages/airflow/example_dags/example_task_group.py for tasks to queue
[2025-04-15T19:40:24.684+0000] {logging_mixin.py:190} INFO - [2025-04-15T19:40:24.684+0000] {dagbag.py:588} INFO - Filling up the DagBag from /home/airflow/.local/lib/python3.12/site-packages/airflow/example_dags/example_task_group.py
[2025-04-15T19:40:24.693+0000] {processor.py:925} INFO - DAG(s) 'example_task_group' retrieved from /home/airflow/.local/lib/python3.12/site-packages/airflow/example_dags/example_task_group.py
[2025-04-15T19:40:24.715+0000] {logging_mixin.py:190} INFO - [2025-04-15T19:40:24.715+0000] {dag.py:3239} INFO - Sync 1 DAGs
[2025-04-15T19:40:24.732+0000] {logging_mixin.py:190} INFO - [2025-04-15T19:40:24.732+0000] {dag.py:4180} INFO - Setting next_dagrun for example_task_group to None, run_after=None
[2025-04-15T19:40:24.753+0000] {processor.py:208} INFO - Processing /home/airflow/.local/lib/python3.12/site-packages/airflow/example_dags/example_task_group.py took 0.076 seconds
[2025-04-15T19:40:55.853+0000] {processor.py:186} INFO - Started process (PID=16496) to work on /home/airflow/.local/lib/python3.12/site-packages/airflow/example_dags/example_task_group.py
[2025-04-15T19:40:55.855+0000] {processor.py:914} INFO - Processing file /home/airflow/.local/lib/python3.12/site-packages/airflow/example_dags/example_task_group.py for tasks to queue
[2025-04-15T19:40:55.858+0000] {logging_mixin.py:190} INFO - [2025-04-15T19:40:55.857+0000] {dagbag.py:588} INFO - Filling up the DagBag from /home/airflow/.local/lib/python3.12/site-packages/airflow/example_dags/example_task_group.py
[2025-04-15T19:40:55.880+0000] {processor.py:925} INFO - DAG(s) 'example_task_group' retrieved from /home/airflow/.local/lib/python3.12/site-packages/airflow/example_dags/example_task_group.py
[2025-04-15T19:40:55.924+0000] {logging_mixin.py:190} INFO - [2025-04-15T19:40:55.924+0000] {dag.py:3239} INFO - Sync 1 DAGs
[2025-04-15T19:40:55.952+0000] {logging_mixin.py:190} INFO - [2025-04-15T19:40:55.952+0000] {dag.py:4180} INFO - Setting next_dagrun for example_task_group to None, run_after=None
[2025-04-15T19:40:55.978+0000] {processor.py:208} INFO - Processing /home/airflow/.local/lib/python3.12/site-packages/airflow/example_dags/example_task_group.py took 0.139 seconds
[2025-04-15T19:41:26.890+0000] {processor.py:186} INFO - Started process (PID=16563) to work on /home/airflow/.local/lib/python3.12/site-packages/airflow/example_dags/example_task_group.py
[2025-04-15T19:41:26.891+0000] {processor.py:914} INFO - Processing file /home/airflow/.local/lib/python3.12/site-packages/airflow/example_dags/example_task_group.py for tasks to queue
[2025-04-15T19:41:26.892+0000] {logging_mixin.py:190} INFO - [2025-04-15T19:41:26.892+0000] {dagbag.py:588} INFO - Filling up the DagBag from /home/airflow/.local/lib/python3.12/site-packages/airflow/example_dags/example_task_group.py
[2025-04-15T19:41:26.901+0000] {processor.py:925} INFO - DAG(s) 'example_task_group' retrieved from /home/airflow/.local/lib/python3.12/site-packages/airflow/example_dags/example_task_group.py
[2025-04-15T19:41:26.923+0000] {logging_mixin.py:190} INFO - [2025-04-15T19:41:26.922+0000] {dag.py:3239} INFO - Sync 1 DAGs
[2025-04-15T19:41:26.938+0000] {logging_mixin.py:190} INFO - [2025-04-15T19:41:26.937+0000] {dag.py:4180} INFO - Setting next_dagrun for example_task_group to None, run_after=None
[2025-04-15T19:41:27.138+0000] {processor.py:208} INFO - Processing /home/airflow/.local/lib/python3.12/site-packages/airflow/example_dags/example_task_group.py took 0.253 seconds
[2025-04-15T19:41:57.956+0000] {processor.py:186} INFO - Started process (PID=16630) to work on /home/airflow/.local/lib/python3.12/site-packages/airflow/example_dags/example_task_group.py
[2025-04-15T19:41:57.958+0000] {processor.py:914} INFO - Processing file /home/airflow/.local/lib/python3.12/site-packages/airflow/example_dags/example_task_group.py for tasks to queue
[2025-04-15T19:41:57.960+0000] {logging_mixin.py:190} INFO - [2025-04-15T19:41:57.959+0000] {dagbag.py:588} INFO - Filling up the DagBag from /home/airflow/.local/lib/python3.12/site-packages/airflow/example_dags/example_task_group.py
[2025-04-15T19:41:57.971+0000] {processor.py:925} INFO - DAG(s) 'example_task_group' retrieved from /home/airflow/.local/lib/python3.12/site-packages/airflow/example_dags/example_task_group.py
[2025-04-15T19:41:58.002+0000] {logging_mixin.py:190} INFO - [2025-04-15T19:41:58.002+0000] {dag.py:3239} INFO - Sync 1 DAGs
[2025-04-15T19:41:58.024+0000] {logging_mixin.py:190} INFO - [2025-04-15T19:41:58.024+0000] {dag.py:4180} INFO - Setting next_dagrun for example_task_group to None, run_after=None
[2025-04-15T19:41:58.058+0000] {processor.py:208} INFO - Processing /home/airflow/.local/lib/python3.12/site-packages/airflow/example_dags/example_task_group.py took 0.109 seconds
[2025-04-15T19:42:28.521+0000] {processor.py:186} INFO - Started process (PID=16698) to work on /home/airflow/.local/lib/python3.12/site-packages/airflow/example_dags/example_task_group.py
[2025-04-15T19:42:28.522+0000] {processor.py:914} INFO - Processing file /home/airflow/.local/lib/python3.12/site-packages/airflow/example_dags/example_task_group.py for tasks to queue
[2025-04-15T19:42:28.523+0000] {logging_mixin.py:190} INFO - [2025-04-15T19:42:28.523+0000] {dagbag.py:588} INFO - Filling up the DagBag from /home/airflow/.local/lib/python3.12/site-packages/airflow/example_dags/example_task_group.py
[2025-04-15T19:42:28.531+0000] {processor.py:925} INFO - DAG(s) 'example_task_group' retrieved from /home/airflow/.local/lib/python3.12/site-packages/airflow/example_dags/example_task_group.py
[2025-04-15T19:42:28.552+0000] {logging_mixin.py:190} INFO - [2025-04-15T19:42:28.552+0000] {dag.py:3239} INFO - Sync 1 DAGs
[2025-04-15T19:42:28.568+0000] {logging_mixin.py:190} INFO - [2025-04-15T19:42:28.568+0000] {dag.py:4180} INFO - Setting next_dagrun for example_task_group to None, run_after=None
[2025-04-15T19:42:28.588+0000] {processor.py:208} INFO - Processing /home/airflow/.local/lib/python3.12/site-packages/airflow/example_dags/example_task_group.py took 0.073 seconds
[2025-04-15T19:43:00.411+0000] {processor.py:186} INFO - Started process (PID=16765) to work on /home/airflow/.local/lib/python3.12/site-packages/airflow/example_dags/example_task_group.py
[2025-04-15T19:43:00.412+0000] {processor.py:914} INFO - Processing file /home/airflow/.local/lib/python3.12/site-packages/airflow/example_dags/example_task_group.py for tasks to queue
[2025-04-15T19:43:00.414+0000] {logging_mixin.py:190} INFO - [2025-04-15T19:43:00.414+0000] {dagbag.py:588} INFO - Filling up the DagBag from /home/airflow/.local/lib/python3.12/site-packages/airflow/example_dags/example_task_group.py
[2025-04-15T19:43:00.426+0000] {processor.py:925} INFO - DAG(s) 'example_task_group' retrieved from /home/airflow/.local/lib/python3.12/site-packages/airflow/example_dags/example_task_group.py
[2025-04-15T19:43:00.454+0000] {logging_mixin.py:190} INFO - [2025-04-15T19:43:00.453+0000] {dag.py:3239} INFO - Sync 1 DAGs
[2025-04-15T19:43:00.472+0000] {logging_mixin.py:190} INFO - [2025-04-15T19:43:00.472+0000] {dag.py:4180} INFO - Setting next_dagrun for example_task_group to None, run_after=None
[2025-04-15T19:43:00.501+0000] {processor.py:208} INFO - Processing /home/airflow/.local/lib/python3.12/site-packages/airflow/example_dags/example_task_group.py took 0.097 seconds
[2025-04-15T19:43:31.178+0000] {processor.py:186} INFO - Started process (PID=16832) to work on /home/airflow/.local/lib/python3.12/site-packages/airflow/example_dags/example_task_group.py
[2025-04-15T19:43:31.179+0000] {processor.py:914} INFO - Processing file /home/airflow/.local/lib/python3.12/site-packages/airflow/example_dags/example_task_group.py for tasks to queue
[2025-04-15T19:43:31.181+0000] {logging_mixin.py:190} INFO - [2025-04-15T19:43:31.181+0000] {dagbag.py:588} INFO - Filling up the DagBag from /home/airflow/.local/lib/python3.12/site-packages/airflow/example_dags/example_task_group.py
[2025-04-15T19:43:31.194+0000] {processor.py:925} INFO - DAG(s) 'example_task_group' retrieved from /home/airflow/.local/lib/python3.12/site-packages/airflow/example_dags/example_task_group.py
[2025-04-15T19:43:31.222+0000] {logging_mixin.py:190} INFO - [2025-04-15T19:43:31.221+0000] {dag.py:3239} INFO - Sync 1 DAGs
[2025-04-15T19:43:31.239+0000] {logging_mixin.py:190} INFO - [2025-04-15T19:43:31.239+0000] {dag.py:4180} INFO - Setting next_dagrun for example_task_group to None, run_after=None
[2025-04-15T19:43:31.267+0000] {processor.py:208} INFO - Processing /home/airflow/.local/lib/python3.12/site-packages/airflow/example_dags/example_task_group.py took 0.097 seconds
[2025-04-15T19:44:02.790+0000] {processor.py:186} INFO - Started process (PID=16899) to work on /home/airflow/.local/lib/python3.12/site-packages/airflow/example_dags/example_task_group.py
[2025-04-15T19:44:02.792+0000] {processor.py:914} INFO - Processing file /home/airflow/.local/lib/python3.12/site-packages/airflow/example_dags/example_task_group.py for tasks to queue
[2025-04-15T19:44:02.794+0000] {logging_mixin.py:190} INFO - [2025-04-15T19:44:02.793+0000] {dagbag.py:588} INFO - Filling up the DagBag from /home/airflow/.local/lib/python3.12/site-packages/airflow/example_dags/example_task_group.py
[2025-04-15T19:44:02.806+0000] {processor.py:925} INFO - DAG(s) 'example_task_group' retrieved from /home/airflow/.local/lib/python3.12/site-packages/airflow/example_dags/example_task_group.py
[2025-04-15T19:44:02.838+0000] {logging_mixin.py:190} INFO - [2025-04-15T19:44:02.838+0000] {dag.py:3239} INFO - Sync 1 DAGs
[2025-04-15T19:44:02.863+0000] {logging_mixin.py:190} INFO - [2025-04-15T19:44:02.862+0000] {dag.py:4180} INFO - Setting next_dagrun for example_task_group to None, run_after=None
[2025-04-15T19:44:02.896+0000] {processor.py:208} INFO - Processing /home/airflow/.local/lib/python3.12/site-packages/airflow/example_dags/example_task_group.py took 0.113 seconds
[2025-04-15T19:44:34.062+0000] {processor.py:186} INFO - Started process (PID=16966) to work on /home/airflow/.local/lib/python3.12/site-packages/airflow/example_dags/example_task_group.py
[2025-04-15T19:44:34.063+0000] {processor.py:914} INFO - Processing file /home/airflow/.local/lib/python3.12/site-packages/airflow/example_dags/example_task_group.py for tasks to queue
[2025-04-15T19:44:34.065+0000] {logging_mixin.py:190} INFO - [2025-04-15T19:44:34.065+0000] {dagbag.py:588} INFO - Filling up the DagBag from /home/airflow/.local/lib/python3.12/site-packages/airflow/example_dags/example_task_group.py
[2025-04-15T19:44:34.078+0000] {processor.py:925} INFO - DAG(s) 'example_task_group' retrieved from /home/airflow/.local/lib/python3.12/site-packages/airflow/example_dags/example_task_group.py
[2025-04-15T19:44:34.111+0000] {logging_mixin.py:190} INFO - [2025-04-15T19:44:34.110+0000] {dag.py:3239} INFO - Sync 1 DAGs
[2025-04-15T19:44:34.134+0000] {logging_mixin.py:190} INFO - [2025-04-15T19:44:34.133+0000] {dag.py:4180} INFO - Setting next_dagrun for example_task_group to None, run_after=None
[2025-04-15T19:44:34.164+0000] {processor.py:208} INFO - Processing /home/airflow/.local/lib/python3.12/site-packages/airflow/example_dags/example_task_group.py took 0.110 seconds
[2025-04-15T19:45:05.160+0000] {processor.py:186} INFO - Started process (PID=17033) to work on /home/airflow/.local/lib/python3.12/site-packages/airflow/example_dags/example_task_group.py
[2025-04-15T19:45:05.162+0000] {processor.py:914} INFO - Processing file /home/airflow/.local/lib/python3.12/site-packages/airflow/example_dags/example_task_group.py for tasks to queue
[2025-04-15T19:45:05.163+0000] {logging_mixin.py:190} INFO - [2025-04-15T19:45:05.163+0000] {dagbag.py:588} INFO - Filling up the DagBag from /home/airflow/.local/lib/python3.12/site-packages/airflow/example_dags/example_task_group.py
[2025-04-15T19:45:05.176+0000] {processor.py:925} INFO - DAG(s) 'example_task_group' retrieved from /home/airflow/.local/lib/python3.12/site-packages/airflow/example_dags/example_task_group.py
[2025-04-15T19:45:05.211+0000] {logging_mixin.py:190} INFO - [2025-04-15T19:45:05.211+0000] {dag.py:3239} INFO - Sync 1 DAGs
[2025-04-15T19:45:05.236+0000] {logging_mixin.py:190} INFO - [2025-04-15T19:45:05.236+0000] {dag.py:4180} INFO - Setting next_dagrun for example_task_group to None, run_after=None
[2025-04-15T19:45:05.269+0000] {processor.py:208} INFO - Processing /home/airflow/.local/lib/python3.12/site-packages/airflow/example_dags/example_task_group.py took 0.117 seconds
[2025-04-15T19:45:36.252+0000] {processor.py:186} INFO - Started process (PID=17100) to work on /home/airflow/.local/lib/python3.12/site-packages/airflow/example_dags/example_task_group.py
[2025-04-15T19:45:36.253+0000] {processor.py:914} INFO - Processing file /home/airflow/.local/lib/python3.12/site-packages/airflow/example_dags/example_task_group.py for tasks to queue
[2025-04-15T19:45:36.255+0000] {logging_mixin.py:190} INFO - [2025-04-15T19:45:36.255+0000] {dagbag.py:588} INFO - Filling up the DagBag from /home/airflow/.local/lib/python3.12/site-packages/airflow/example_dags/example_task_group.py
[2025-04-15T19:45:36.273+0000] {processor.py:925} INFO - DAG(s) 'example_task_group' retrieved from /home/airflow/.local/lib/python3.12/site-packages/airflow/example_dags/example_task_group.py
[2025-04-15T19:45:36.310+0000] {logging_mixin.py:190} INFO - [2025-04-15T19:45:36.309+0000] {dag.py:3239} INFO - Sync 1 DAGs
[2025-04-15T19:45:36.334+0000] {logging_mixin.py:190} INFO - [2025-04-15T19:45:36.334+0000] {dag.py:4180} INFO - Setting next_dagrun for example_task_group to None, run_after=None
[2025-04-15T19:45:36.369+0000] {processor.py:208} INFO - Processing /home/airflow/.local/lib/python3.12/site-packages/airflow/example_dags/example_task_group.py took 0.127 seconds
[2025-04-15T19:46:06.546+0000] {processor.py:186} INFO - Started process (PID=17167) to work on /home/airflow/.local/lib/python3.12/site-packages/airflow/example_dags/example_task_group.py
[2025-04-15T19:46:06.548+0000] {processor.py:914} INFO - Processing file /home/airflow/.local/lib/python3.12/site-packages/airflow/example_dags/example_task_group.py for tasks to queue
[2025-04-15T19:46:06.549+0000] {logging_mixin.py:190} INFO - [2025-04-15T19:46:06.549+0000] {dagbag.py:588} INFO - Filling up the DagBag from /home/airflow/.local/lib/python3.12/site-packages/airflow/example_dags/example_task_group.py
[2025-04-15T19:46:06.560+0000] {processor.py:925} INFO - DAG(s) 'example_task_group' retrieved from /home/airflow/.local/lib/python3.12/site-packages/airflow/example_dags/example_task_group.py
[2025-04-15T19:46:06.585+0000] {logging_mixin.py:190} INFO - [2025-04-15T19:46:06.584+0000] {dag.py:3239} INFO - Sync 1 DAGs
[2025-04-15T19:46:06.600+0000] {logging_mixin.py:190} INFO - [2025-04-15T19:46:06.600+0000] {dag.py:4180} INFO - Setting next_dagrun for example_task_group to None, run_after=None
[2025-04-15T19:46:06.622+0000] {processor.py:208} INFO - Processing /home/airflow/.local/lib/python3.12/site-packages/airflow/example_dags/example_task_group.py took 0.083 seconds
[2025-04-15T19:46:38.099+0000] {processor.py:186} INFO - Started process (PID=17234) to work on /home/airflow/.local/lib/python3.12/site-packages/airflow/example_dags/example_task_group.py
[2025-04-15T19:46:38.100+0000] {processor.py:914} INFO - Processing file /home/airflow/.local/lib/python3.12/site-packages/airflow/example_dags/example_task_group.py for tasks to queue
[2025-04-15T19:46:38.102+0000] {logging_mixin.py:190} INFO - [2025-04-15T19:46:38.102+0000] {dagbag.py:588} INFO - Filling up the DagBag from /home/airflow/.local/lib/python3.12/site-packages/airflow/example_dags/example_task_group.py
[2025-04-15T19:46:38.118+0000] {processor.py:925} INFO - DAG(s) 'example_task_group' retrieved from /home/airflow/.local/lib/python3.12/site-packages/airflow/example_dags/example_task_group.py
[2025-04-15T19:46:38.151+0000] {logging_mixin.py:190} INFO - [2025-04-15T19:46:38.150+0000] {dag.py:3239} INFO - Sync 1 DAGs
[2025-04-15T19:46:38.172+0000] {logging_mixin.py:190} INFO - [2025-04-15T19:46:38.172+0000] {dag.py:4180} INFO - Setting next_dagrun for example_task_group to None, run_after=None
[2025-04-15T19:46:38.204+0000] {processor.py:208} INFO - Processing /home/airflow/.local/lib/python3.12/site-packages/airflow/example_dags/example_task_group.py took 0.115 seconds
[2025-04-15T19:47:08.914+0000] {processor.py:186} INFO - Started process (PID=17301) to work on /home/airflow/.local/lib/python3.12/site-packages/airflow/example_dags/example_task_group.py
[2025-04-15T19:47:08.916+0000] {processor.py:914} INFO - Processing file /home/airflow/.local/lib/python3.12/site-packages/airflow/example_dags/example_task_group.py for tasks to queue
[2025-04-15T19:47:08.918+0000] {logging_mixin.py:190} INFO - [2025-04-15T19:47:08.918+0000] {dagbag.py:588} INFO - Filling up the DagBag from /home/airflow/.local/lib/python3.12/site-packages/airflow/example_dags/example_task_group.py
[2025-04-15T19:47:08.931+0000] {processor.py:925} INFO - DAG(s) 'example_task_group' retrieved from /home/airflow/.local/lib/python3.12/site-packages/airflow/example_dags/example_task_group.py
[2025-04-15T19:47:08.958+0000] {logging_mixin.py:190} INFO - [2025-04-15T19:47:08.958+0000] {dag.py:3239} INFO - Sync 1 DAGs
[2025-04-15T19:47:08.975+0000] {logging_mixin.py:190} INFO - [2025-04-15T19:47:08.975+0000] {dag.py:4180} INFO - Setting next_dagrun for example_task_group to None, run_after=None
[2025-04-15T19:47:08.999+0000] {processor.py:208} INFO - Processing /home/airflow/.local/lib/python3.12/site-packages/airflow/example_dags/example_task_group.py took 0.092 seconds
[2025-04-15T19:47:39.528+0000] {processor.py:186} INFO - Started process (PID=17367) to work on /home/airflow/.local/lib/python3.12/site-packages/airflow/example_dags/example_task_group.py
[2025-04-15T19:47:39.530+0000] {processor.py:914} INFO - Processing file /home/airflow/.local/lib/python3.12/site-packages/airflow/example_dags/example_task_group.py for tasks to queue
[2025-04-15T19:47:39.532+0000] {logging_mixin.py:190} INFO - [2025-04-15T19:47:39.531+0000] {dagbag.py:588} INFO - Filling up the DagBag from /home/airflow/.local/lib/python3.12/site-packages/airflow/example_dags/example_task_group.py
[2025-04-15T19:47:39.547+0000] {processor.py:925} INFO - DAG(s) 'example_task_group' retrieved from /home/airflow/.local/lib/python3.12/site-packages/airflow/example_dags/example_task_group.py
[2025-04-15T19:47:39.590+0000] {logging_mixin.py:190} INFO - [2025-04-15T19:47:39.590+0000] {dag.py:3239} INFO - Sync 1 DAGs
[2025-04-15T19:47:39.616+0000] {logging_mixin.py:190} INFO - [2025-04-15T19:47:39.616+0000] {dag.py:4180} INFO - Setting next_dagrun for example_task_group to None, run_after=None
[2025-04-15T19:47:39.650+0000] {processor.py:208} INFO - Processing /home/airflow/.local/lib/python3.12/site-packages/airflow/example_dags/example_task_group.py took 0.131 seconds
[2025-04-15T19:48:11.142+0000] {processor.py:186} INFO - Started process (PID=17435) to work on /home/airflow/.local/lib/python3.12/site-packages/airflow/example_dags/example_task_group.py
[2025-04-15T19:48:11.143+0000] {processor.py:914} INFO - Processing file /home/airflow/.local/lib/python3.12/site-packages/airflow/example_dags/example_task_group.py for tasks to queue
[2025-04-15T19:48:11.145+0000] {logging_mixin.py:190} INFO - [2025-04-15T19:48:11.145+0000] {dagbag.py:588} INFO - Filling up the DagBag from /home/airflow/.local/lib/python3.12/site-packages/airflow/example_dags/example_task_group.py
[2025-04-15T19:48:11.158+0000] {processor.py:925} INFO - DAG(s) 'example_task_group' retrieved from /home/airflow/.local/lib/python3.12/site-packages/airflow/example_dags/example_task_group.py
[2025-04-15T19:48:11.192+0000] {logging_mixin.py:190} INFO - [2025-04-15T19:48:11.192+0000] {dag.py:3239} INFO - Sync 1 DAGs
[2025-04-15T19:48:11.217+0000] {logging_mixin.py:190} INFO - [2025-04-15T19:48:11.217+0000] {dag.py:4180} INFO - Setting next_dagrun for example_task_group to None, run_after=None
[2025-04-15T19:48:11.255+0000] {processor.py:208} INFO - Processing /home/airflow/.local/lib/python3.12/site-packages/airflow/example_dags/example_task_group.py took 0.122 seconds
[2025-04-15T19:48:42.288+0000] {processor.py:186} INFO - Started process (PID=17502) to work on /home/airflow/.local/lib/python3.12/site-packages/airflow/example_dags/example_task_group.py
[2025-04-15T19:48:42.290+0000] {processor.py:914} INFO - Processing file /home/airflow/.local/lib/python3.12/site-packages/airflow/example_dags/example_task_group.py for tasks to queue
[2025-04-15T19:48:42.293+0000] {logging_mixin.py:190} INFO - [2025-04-15T19:48:42.292+0000] {dagbag.py:588} INFO - Filling up the DagBag from /home/airflow/.local/lib/python3.12/site-packages/airflow/example_dags/example_task_group.py
[2025-04-15T19:48:42.307+0000] {processor.py:925} INFO - DAG(s) 'example_task_group' retrieved from /home/airflow/.local/lib/python3.12/site-packages/airflow/example_dags/example_task_group.py
[2025-04-15T19:48:42.344+0000] {logging_mixin.py:190} INFO - [2025-04-15T19:48:42.343+0000] {dag.py:3239} INFO - Sync 1 DAGs
[2025-04-15T19:48:42.367+0000] {logging_mixin.py:190} INFO - [2025-04-15T19:48:42.367+0000] {dag.py:4180} INFO - Setting next_dagrun for example_task_group to None, run_after=None
[2025-04-15T19:48:42.396+0000] {processor.py:208} INFO - Processing /home/airflow/.local/lib/python3.12/site-packages/airflow/example_dags/example_task_group.py took 0.120 seconds
[2025-04-15T19:49:13.306+0000] {processor.py:186} INFO - Started process (PID=17569) to work on /home/airflow/.local/lib/python3.12/site-packages/airflow/example_dags/example_task_group.py
[2025-04-15T19:49:13.307+0000] {processor.py:914} INFO - Processing file /home/airflow/.local/lib/python3.12/site-packages/airflow/example_dags/example_task_group.py for tasks to queue
[2025-04-15T19:49:13.309+0000] {logging_mixin.py:190} INFO - [2025-04-15T19:49:13.309+0000] {dagbag.py:588} INFO - Filling up the DagBag from /home/airflow/.local/lib/python3.12/site-packages/airflow/example_dags/example_task_group.py
[2025-04-15T19:49:13.322+0000] {processor.py:925} INFO - DAG(s) 'example_task_group' retrieved from /home/airflow/.local/lib/python3.12/site-packages/airflow/example_dags/example_task_group.py
[2025-04-15T19:49:13.355+0000] {logging_mixin.py:190} INFO - [2025-04-15T19:49:13.354+0000] {dag.py:3239} INFO - Sync 1 DAGs
[2025-04-15T19:49:13.375+0000] {logging_mixin.py:190} INFO - [2025-04-15T19:49:13.375+0000] {dag.py:4180} INFO - Setting next_dagrun for example_task_group to None, run_after=None
[2025-04-15T19:49:13.406+0000] {processor.py:208} INFO - Processing /home/airflow/.local/lib/python3.12/site-packages/airflow/example_dags/example_task_group.py took 0.108 seconds
[2025-04-15T19:49:45.440+0000] {processor.py:186} INFO - Started process (PID=17639) to work on /home/airflow/.local/lib/python3.12/site-packages/airflow/example_dags/example_task_group.py
[2025-04-15T19:49:45.441+0000] {processor.py:914} INFO - Processing file /home/airflow/.local/lib/python3.12/site-packages/airflow/example_dags/example_task_group.py for tasks to queue
[2025-04-15T19:49:45.443+0000] {logging_mixin.py:190} INFO - [2025-04-15T19:49:45.443+0000] {dagbag.py:588} INFO - Filling up the DagBag from /home/airflow/.local/lib/python3.12/site-packages/airflow/example_dags/example_task_group.py
[2025-04-15T19:49:45.455+0000] {processor.py:925} INFO - DAG(s) 'example_task_group' retrieved from /home/airflow/.local/lib/python3.12/site-packages/airflow/example_dags/example_task_group.py
[2025-04-15T19:49:45.485+0000] {logging_mixin.py:190} INFO - [2025-04-15T19:49:45.485+0000] {dag.py:3239} INFO - Sync 1 DAGs
[2025-04-15T19:49:45.506+0000] {logging_mixin.py:190} INFO - [2025-04-15T19:49:45.506+0000] {dag.py:4180} INFO - Setting next_dagrun for example_task_group to None, run_after=None
[2025-04-15T19:49:45.534+0000] {processor.py:208} INFO - Processing /home/airflow/.local/lib/python3.12/site-packages/airflow/example_dags/example_task_group.py took 0.102 seconds
[2025-04-15T19:50:15.815+0000] {processor.py:186} INFO - Started process (PID=17705) to work on /home/airflow/.local/lib/python3.12/site-packages/airflow/example_dags/example_task_group.py
[2025-04-15T19:50:15.817+0000] {processor.py:914} INFO - Processing file /home/airflow/.local/lib/python3.12/site-packages/airflow/example_dags/example_task_group.py for tasks to queue
[2025-04-15T19:50:15.819+0000] {logging_mixin.py:190} INFO - [2025-04-15T19:50:15.818+0000] {dagbag.py:588} INFO - Filling up the DagBag from /home/airflow/.local/lib/python3.12/site-packages/airflow/example_dags/example_task_group.py
[2025-04-15T19:50:15.832+0000] {processor.py:925} INFO - DAG(s) 'example_task_group' retrieved from /home/airflow/.local/lib/python3.12/site-packages/airflow/example_dags/example_task_group.py
[2025-04-15T19:50:15.867+0000] {logging_mixin.py:190} INFO - [2025-04-15T19:50:15.867+0000] {dag.py:3239} INFO - Sync 1 DAGs
[2025-04-15T19:50:15.897+0000] {logging_mixin.py:190} INFO - [2025-04-15T19:50:15.897+0000] {dag.py:4180} INFO - Setting next_dagrun for example_task_group to None, run_after=None
[2025-04-15T19:50:15.937+0000] {processor.py:208} INFO - Processing /home/airflow/.local/lib/python3.12/site-packages/airflow/example_dags/example_task_group.py took 0.131 seconds
[2025-04-15T19:50:46.365+0000] {processor.py:186} INFO - Started process (PID=17771) to work on /home/airflow/.local/lib/python3.12/site-packages/airflow/example_dags/example_task_group.py
[2025-04-15T19:50:46.366+0000] {processor.py:914} INFO - Processing file /home/airflow/.local/lib/python3.12/site-packages/airflow/example_dags/example_task_group.py for tasks to queue
[2025-04-15T19:50:46.367+0000] {logging_mixin.py:190} INFO - [2025-04-15T19:50:46.367+0000] {dagbag.py:588} INFO - Filling up the DagBag from /home/airflow/.local/lib/python3.12/site-packages/airflow/example_dags/example_task_group.py
[2025-04-15T19:50:46.376+0000] {processor.py:925} INFO - DAG(s) 'example_task_group' retrieved from /home/airflow/.local/lib/python3.12/site-packages/airflow/example_dags/example_task_group.py
[2025-04-15T19:50:46.402+0000] {logging_mixin.py:190} INFO - [2025-04-15T19:50:46.402+0000] {dag.py:3239} INFO - Sync 1 DAGs
[2025-04-15T19:50:46.418+0000] {logging_mixin.py:190} INFO - [2025-04-15T19:50:46.417+0000] {dag.py:4180} INFO - Setting next_dagrun for example_task_group to None, run_after=None
[2025-04-15T19:50:46.441+0000] {processor.py:208} INFO - Processing /home/airflow/.local/lib/python3.12/site-packages/airflow/example_dags/example_task_group.py took 0.081 seconds
[2025-04-15T19:51:16.878+0000] {processor.py:186} INFO - Started process (PID=17838) to work on /home/airflow/.local/lib/python3.12/site-packages/airflow/example_dags/example_task_group.py
[2025-04-15T19:51:16.880+0000] {processor.py:914} INFO - Processing file /home/airflow/.local/lib/python3.12/site-packages/airflow/example_dags/example_task_group.py for tasks to queue
[2025-04-15T19:51:16.882+0000] {logging_mixin.py:190} INFO - [2025-04-15T19:51:16.882+0000] {dagbag.py:588} INFO - Filling up the DagBag from /home/airflow/.local/lib/python3.12/site-packages/airflow/example_dags/example_task_group.py
[2025-04-15T19:51:16.897+0000] {processor.py:925} INFO - DAG(s) 'example_task_group' retrieved from /home/airflow/.local/lib/python3.12/site-packages/airflow/example_dags/example_task_group.py
[2025-04-15T19:51:16.931+0000] {logging_mixin.py:190} INFO - [2025-04-15T19:51:16.930+0000] {dag.py:3239} INFO - Sync 1 DAGs
[2025-04-15T19:51:16.954+0000] {logging_mixin.py:190} INFO - [2025-04-15T19:51:16.954+0000] {dag.py:4180} INFO - Setting next_dagrun for example_task_group to None, run_after=None
[2025-04-15T19:51:16.985+0000] {processor.py:208} INFO - Processing /home/airflow/.local/lib/python3.12/site-packages/airflow/example_dags/example_task_group.py took 0.116 seconds
[2025-04-15T19:51:47.225+0000] {processor.py:186} INFO - Started process (PID=17903) to work on /home/airflow/.local/lib/python3.12/site-packages/airflow/example_dags/example_task_group.py
[2025-04-15T19:51:47.227+0000] {processor.py:914} INFO - Processing file /home/airflow/.local/lib/python3.12/site-packages/airflow/example_dags/example_task_group.py for tasks to queue
[2025-04-15T19:51:47.229+0000] {logging_mixin.py:190} INFO - [2025-04-15T19:51:47.228+0000] {dagbag.py:588} INFO - Filling up the DagBag from /home/airflow/.local/lib/python3.12/site-packages/airflow/example_dags/example_task_group.py
[2025-04-15T19:51:47.241+0000] {processor.py:925} INFO - DAG(s) 'example_task_group' retrieved from /home/airflow/.local/lib/python3.12/site-packages/airflow/example_dags/example_task_group.py
[2025-04-15T19:51:47.274+0000] {logging_mixin.py:190} INFO - [2025-04-15T19:51:47.274+0000] {dag.py:3239} INFO - Sync 1 DAGs
[2025-04-15T19:51:47.300+0000] {logging_mixin.py:190} INFO - [2025-04-15T19:51:47.299+0000] {dag.py:4180} INFO - Setting next_dagrun for example_task_group to None, run_after=None
[2025-04-15T19:51:47.331+0000] {processor.py:208} INFO - Processing /home/airflow/.local/lib/python3.12/site-packages/airflow/example_dags/example_task_group.py took 0.114 seconds
[2025-04-15T19:52:18.125+0000] {processor.py:186} INFO - Started process (PID=17970) to work on /home/airflow/.local/lib/python3.12/site-packages/airflow/example_dags/example_task_group.py
[2025-04-15T19:52:18.126+0000] {processor.py:914} INFO - Processing file /home/airflow/.local/lib/python3.12/site-packages/airflow/example_dags/example_task_group.py for tasks to queue
[2025-04-15T19:52:18.127+0000] {logging_mixin.py:190} INFO - [2025-04-15T19:52:18.127+0000] {dagbag.py:588} INFO - Filling up the DagBag from /home/airflow/.local/lib/python3.12/site-packages/airflow/example_dags/example_task_group.py
[2025-04-15T19:52:18.139+0000] {processor.py:925} INFO - DAG(s) 'example_task_group' retrieved from /home/airflow/.local/lib/python3.12/site-packages/airflow/example_dags/example_task_group.py
[2025-04-15T19:52:18.164+0000] {logging_mixin.py:190} INFO - [2025-04-15T19:52:18.164+0000] {dag.py:3239} INFO - Sync 1 DAGs
[2025-04-15T19:52:18.181+0000] {logging_mixin.py:190} INFO - [2025-04-15T19:52:18.181+0000] {dag.py:4180} INFO - Setting next_dagrun for example_task_group to None, run_after=None
[2025-04-15T19:52:18.207+0000] {processor.py:208} INFO - Processing /home/airflow/.local/lib/python3.12/site-packages/airflow/example_dags/example_task_group.py took 0.088 seconds
[2025-04-15T19:52:48.501+0000] {processor.py:186} INFO - Started process (PID=18037) to work on /home/airflow/.local/lib/python3.12/site-packages/airflow/example_dags/example_task_group.py
[2025-04-15T19:52:48.502+0000] {processor.py:914} INFO - Processing file /home/airflow/.local/lib/python3.12/site-packages/airflow/example_dags/example_task_group.py for tasks to queue
[2025-04-15T19:52:48.503+0000] {logging_mixin.py:190} INFO - [2025-04-15T19:52:48.503+0000] {dagbag.py:588} INFO - Filling up the DagBag from /home/airflow/.local/lib/python3.12/site-packages/airflow/example_dags/example_task_group.py
[2025-04-15T19:52:48.514+0000] {processor.py:925} INFO - DAG(s) 'example_task_group' retrieved from /home/airflow/.local/lib/python3.12/site-packages/airflow/example_dags/example_task_group.py
[2025-04-15T19:52:48.539+0000] {logging_mixin.py:190} INFO - [2025-04-15T19:52:48.538+0000] {dag.py:3239} INFO - Sync 1 DAGs
[2025-04-15T19:52:48.556+0000] {logging_mixin.py:190} INFO - [2025-04-15T19:52:48.556+0000] {dag.py:4180} INFO - Setting next_dagrun for example_task_group to None, run_after=None
[2025-04-15T19:52:48.583+0000] {processor.py:208} INFO - Processing /home/airflow/.local/lib/python3.12/site-packages/airflow/example_dags/example_task_group.py took 0.089 seconds
[2025-04-15T19:53:19.468+0000] {processor.py:186} INFO - Started process (PID=18104) to work on /home/airflow/.local/lib/python3.12/site-packages/airflow/example_dags/example_task_group.py
[2025-04-15T19:53:19.469+0000] {processor.py:914} INFO - Processing file /home/airflow/.local/lib/python3.12/site-packages/airflow/example_dags/example_task_group.py for tasks to queue
[2025-04-15T19:53:19.471+0000] {logging_mixin.py:190} INFO - [2025-04-15T19:53:19.471+0000] {dagbag.py:588} INFO - Filling up the DagBag from /home/airflow/.local/lib/python3.12/site-packages/airflow/example_dags/example_task_group.py
[2025-04-15T19:53:19.483+0000] {processor.py:925} INFO - DAG(s) 'example_task_group' retrieved from /home/airflow/.local/lib/python3.12/site-packages/airflow/example_dags/example_task_group.py
[2025-04-15T19:53:19.516+0000] {logging_mixin.py:190} INFO - [2025-04-15T19:53:19.516+0000] {dag.py:3239} INFO - Sync 1 DAGs
[2025-04-15T19:53:19.538+0000] {logging_mixin.py:190} INFO - [2025-04-15T19:53:19.538+0000] {dag.py:4180} INFO - Setting next_dagrun for example_task_group to None, run_after=None
[2025-04-15T19:53:19.570+0000] {processor.py:208} INFO - Processing /home/airflow/.local/lib/python3.12/site-packages/airflow/example_dags/example_task_group.py took 0.110 seconds
[2025-04-15T19:53:49.773+0000] {processor.py:186} INFO - Started process (PID=18171) to work on /home/airflow/.local/lib/python3.12/site-packages/airflow/example_dags/example_task_group.py
[2025-04-15T19:53:49.774+0000] {processor.py:914} INFO - Processing file /home/airflow/.local/lib/python3.12/site-packages/airflow/example_dags/example_task_group.py for tasks to queue
[2025-04-15T19:53:49.776+0000] {logging_mixin.py:190} INFO - [2025-04-15T19:53:49.776+0000] {dagbag.py:588} INFO - Filling up the DagBag from /home/airflow/.local/lib/python3.12/site-packages/airflow/example_dags/example_task_group.py
[2025-04-15T19:53:49.789+0000] {processor.py:925} INFO - DAG(s) 'example_task_group' retrieved from /home/airflow/.local/lib/python3.12/site-packages/airflow/example_dags/example_task_group.py
[2025-04-15T19:53:49.822+0000] {logging_mixin.py:190} INFO - [2025-04-15T19:53:49.821+0000] {dag.py:3239} INFO - Sync 1 DAGs
[2025-04-15T19:53:49.845+0000] {logging_mixin.py:190} INFO - [2025-04-15T19:53:49.845+0000] {dag.py:4180} INFO - Setting next_dagrun for example_task_group to None, run_after=None
[2025-04-15T19:53:49.877+0000] {processor.py:208} INFO - Processing /home/airflow/.local/lib/python3.12/site-packages/airflow/example_dags/example_task_group.py took 0.112 seconds
[2025-04-15T19:54:20.179+0000] {processor.py:186} INFO - Started process (PID=18238) to work on /home/airflow/.local/lib/python3.12/site-packages/airflow/example_dags/example_task_group.py
[2025-04-15T19:54:20.180+0000] {processor.py:914} INFO - Processing file /home/airflow/.local/lib/python3.12/site-packages/airflow/example_dags/example_task_group.py for tasks to queue
[2025-04-15T19:54:20.183+0000] {logging_mixin.py:190} INFO - [2025-04-15T19:54:20.182+0000] {dagbag.py:588} INFO - Filling up the DagBag from /home/airflow/.local/lib/python3.12/site-packages/airflow/example_dags/example_task_group.py
[2025-04-15T19:54:20.198+0000] {processor.py:925} INFO - DAG(s) 'example_task_group' retrieved from /home/airflow/.local/lib/python3.12/site-packages/airflow/example_dags/example_task_group.py
[2025-04-15T19:54:20.236+0000] {logging_mixin.py:190} INFO - [2025-04-15T19:54:20.235+0000] {dag.py:3239} INFO - Sync 1 DAGs
[2025-04-15T19:54:20.267+0000] {logging_mixin.py:190} INFO - [2025-04-15T19:54:20.267+0000] {dag.py:4180} INFO - Setting next_dagrun for example_task_group to None, run_after=None
[2025-04-15T19:54:20.297+0000] {processor.py:208} INFO - Processing /home/airflow/.local/lib/python3.12/site-packages/airflow/example_dags/example_task_group.py took 0.129 seconds
[2025-04-15T19:54:50.609+0000] {processor.py:186} INFO - Started process (PID=18305) to work on /home/airflow/.local/lib/python3.12/site-packages/airflow/example_dags/example_task_group.py
[2025-04-15T19:54:50.611+0000] {processor.py:914} INFO - Processing file /home/airflow/.local/lib/python3.12/site-packages/airflow/example_dags/example_task_group.py for tasks to queue
[2025-04-15T19:54:50.614+0000] {logging_mixin.py:190} INFO - [2025-04-15T19:54:50.613+0000] {dagbag.py:588} INFO - Filling up the DagBag from /home/airflow/.local/lib/python3.12/site-packages/airflow/example_dags/example_task_group.py
[2025-04-15T19:54:50.627+0000] {processor.py:925} INFO - DAG(s) 'example_task_group' retrieved from /home/airflow/.local/lib/python3.12/site-packages/airflow/example_dags/example_task_group.py
[2025-04-15T19:54:50.663+0000] {logging_mixin.py:190} INFO - [2025-04-15T19:54:50.662+0000] {dag.py:3239} INFO - Sync 1 DAGs
[2025-04-15T19:54:50.686+0000] {logging_mixin.py:190} INFO - [2025-04-15T19:54:50.685+0000] {dag.py:4180} INFO - Setting next_dagrun for example_task_group to None, run_after=None
[2025-04-15T19:54:50.717+0000] {processor.py:208} INFO - Processing /home/airflow/.local/lib/python3.12/site-packages/airflow/example_dags/example_task_group.py took 0.117 seconds
[2025-04-15T19:55:21.376+0000] {processor.py:186} INFO - Started process (PID=18372) to work on /home/airflow/.local/lib/python3.12/site-packages/airflow/example_dags/example_task_group.py
[2025-04-15T19:55:21.377+0000] {processor.py:914} INFO - Processing file /home/airflow/.local/lib/python3.12/site-packages/airflow/example_dags/example_task_group.py for tasks to queue
[2025-04-15T19:55:21.379+0000] {logging_mixin.py:190} INFO - [2025-04-15T19:55:21.378+0000] {dagbag.py:588} INFO - Filling up the DagBag from /home/airflow/.local/lib/python3.12/site-packages/airflow/example_dags/example_task_group.py
[2025-04-15T19:55:21.391+0000] {processor.py:925} INFO - DAG(s) 'example_task_group' retrieved from /home/airflow/.local/lib/python3.12/site-packages/airflow/example_dags/example_task_group.py
[2025-04-15T19:55:21.427+0000] {logging_mixin.py:190} INFO - [2025-04-15T19:55:21.426+0000] {dag.py:3239} INFO - Sync 1 DAGs
[2025-04-15T19:55:21.448+0000] {logging_mixin.py:190} INFO - [2025-04-15T19:55:21.448+0000] {dag.py:4180} INFO - Setting next_dagrun for example_task_group to None, run_after=None
[2025-04-15T19:55:21.479+0000] {processor.py:208} INFO - Processing /home/airflow/.local/lib/python3.12/site-packages/airflow/example_dags/example_task_group.py took 0.111 seconds
[2025-04-15T19:55:51.766+0000] {processor.py:186} INFO - Started process (PID=18439) to work on /home/airflow/.local/lib/python3.12/site-packages/airflow/example_dags/example_task_group.py
[2025-04-15T19:55:51.767+0000] {processor.py:914} INFO - Processing file /home/airflow/.local/lib/python3.12/site-packages/airflow/example_dags/example_task_group.py for tasks to queue
[2025-04-15T19:55:51.769+0000] {logging_mixin.py:190} INFO - [2025-04-15T19:55:51.769+0000] {dagbag.py:588} INFO - Filling up the DagBag from /home/airflow/.local/lib/python3.12/site-packages/airflow/example_dags/example_task_group.py
[2025-04-15T19:55:51.783+0000] {processor.py:925} INFO - DAG(s) 'example_task_group' retrieved from /home/airflow/.local/lib/python3.12/site-packages/airflow/example_dags/example_task_group.py
[2025-04-15T19:55:51.815+0000] {logging_mixin.py:190} INFO - [2025-04-15T19:55:51.815+0000] {dag.py:3239} INFO - Sync 1 DAGs
[2025-04-15T19:55:51.838+0000] {logging_mixin.py:190} INFO - [2025-04-15T19:55:51.838+0000] {dag.py:4180} INFO - Setting next_dagrun for example_task_group to None, run_after=None
[2025-04-15T19:55:51.869+0000] {processor.py:208} INFO - Processing /home/airflow/.local/lib/python3.12/site-packages/airflow/example_dags/example_task_group.py took 0.112 seconds
[2025-04-15T19:56:22.111+0000] {processor.py:186} INFO - Started process (PID=18506) to work on /home/airflow/.local/lib/python3.12/site-packages/airflow/example_dags/example_task_group.py
[2025-04-15T19:56:22.112+0000] {processor.py:914} INFO - Processing file /home/airflow/.local/lib/python3.12/site-packages/airflow/example_dags/example_task_group.py for tasks to queue
[2025-04-15T19:56:22.114+0000] {logging_mixin.py:190} INFO - [2025-04-15T19:56:22.114+0000] {dagbag.py:588} INFO - Filling up the DagBag from /home/airflow/.local/lib/python3.12/site-packages/airflow/example_dags/example_task_group.py
[2025-04-15T19:56:22.130+0000] {processor.py:925} INFO - DAG(s) 'example_task_group' retrieved from /home/airflow/.local/lib/python3.12/site-packages/airflow/example_dags/example_task_group.py
[2025-04-15T19:56:22.173+0000] {logging_mixin.py:190} INFO - [2025-04-15T19:56:22.173+0000] {dag.py:3239} INFO - Sync 1 DAGs
[2025-04-15T19:56:22.206+0000] {logging_mixin.py:190} INFO - [2025-04-15T19:56:22.205+0000] {dag.py:4180} INFO - Setting next_dagrun for example_task_group to None, run_after=None
[2025-04-15T19:56:22.243+0000] {processor.py:208} INFO - Processing /home/airflow/.local/lib/python3.12/site-packages/airflow/example_dags/example_task_group.py took 0.142 seconds
[2025-04-15T19:56:52.789+0000] {processor.py:186} INFO - Started process (PID=18573) to work on /home/airflow/.local/lib/python3.12/site-packages/airflow/example_dags/example_task_group.py
[2025-04-15T19:56:52.790+0000] {processor.py:914} INFO - Processing file /home/airflow/.local/lib/python3.12/site-packages/airflow/example_dags/example_task_group.py for tasks to queue
[2025-04-15T19:56:52.792+0000] {logging_mixin.py:190} INFO - [2025-04-15T19:56:52.791+0000] {dagbag.py:588} INFO - Filling up the DagBag from /home/airflow/.local/lib/python3.12/site-packages/airflow/example_dags/example_task_group.py
[2025-04-15T19:56:52.802+0000] {processor.py:925} INFO - DAG(s) 'example_task_group' retrieved from /home/airflow/.local/lib/python3.12/site-packages/airflow/example_dags/example_task_group.py
[2025-04-15T19:56:52.831+0000] {logging_mixin.py:190} INFO - [2025-04-15T19:56:52.830+0000] {dag.py:3239} INFO - Sync 1 DAGs
[2025-04-15T19:56:52.852+0000] {logging_mixin.py:190} INFO - [2025-04-15T19:56:52.851+0000] {dag.py:4180} INFO - Setting next_dagrun for example_task_group to None, run_after=None
[2025-04-15T19:56:52.878+0000] {processor.py:208} INFO - Processing /home/airflow/.local/lib/python3.12/site-packages/airflow/example_dags/example_task_group.py took 0.095 seconds
[2025-04-15T19:57:23.322+0000] {processor.py:186} INFO - Started process (PID=18640) to work on /home/airflow/.local/lib/python3.12/site-packages/airflow/example_dags/example_task_group.py
[2025-04-15T19:57:23.324+0000] {processor.py:914} INFO - Processing file /home/airflow/.local/lib/python3.12/site-packages/airflow/example_dags/example_task_group.py for tasks to queue
[2025-04-15T19:57:23.327+0000] {logging_mixin.py:190} INFO - [2025-04-15T19:57:23.326+0000] {dagbag.py:588} INFO - Filling up the DagBag from /home/airflow/.local/lib/python3.12/site-packages/airflow/example_dags/example_task_group.py
[2025-04-15T19:57:23.341+0000] {processor.py:925} INFO - DAG(s) 'example_task_group' retrieved from /home/airflow/.local/lib/python3.12/site-packages/airflow/example_dags/example_task_group.py
[2025-04-15T19:57:23.376+0000] {logging_mixin.py:190} INFO - [2025-04-15T19:57:23.375+0000] {dag.py:3239} INFO - Sync 1 DAGs
[2025-04-15T19:57:23.405+0000] {logging_mixin.py:190} INFO - [2025-04-15T19:57:23.404+0000] {dag.py:4180} INFO - Setting next_dagrun for example_task_group to None, run_after=None
[2025-04-15T19:57:23.437+0000] {processor.py:208} INFO - Processing /home/airflow/.local/lib/python3.12/site-packages/airflow/example_dags/example_task_group.py took 0.128 seconds
[2025-04-15T19:57:53.858+0000] {processor.py:186} INFO - Started process (PID=18707) to work on /home/airflow/.local/lib/python3.12/site-packages/airflow/example_dags/example_task_group.py
[2025-04-15T19:57:53.859+0000] {processor.py:914} INFO - Processing file /home/airflow/.local/lib/python3.12/site-packages/airflow/example_dags/example_task_group.py for tasks to queue
[2025-04-15T19:57:53.862+0000] {logging_mixin.py:190} INFO - [2025-04-15T19:57:53.861+0000] {dagbag.py:588} INFO - Filling up the DagBag from /home/airflow/.local/lib/python3.12/site-packages/airflow/example_dags/example_task_group.py
[2025-04-15T19:57:53.875+0000] {processor.py:925} INFO - DAG(s) 'example_task_group' retrieved from /home/airflow/.local/lib/python3.12/site-packages/airflow/example_dags/example_task_group.py
[2025-04-15T19:57:53.910+0000] {logging_mixin.py:190} INFO - [2025-04-15T19:57:53.910+0000] {dag.py:3239} INFO - Sync 1 DAGs
[2025-04-15T19:57:53.934+0000] {logging_mixin.py:190} INFO - [2025-04-15T19:57:53.934+0000] {dag.py:4180} INFO - Setting next_dagrun for example_task_group to None, run_after=None
[2025-04-15T19:57:53.963+0000] {processor.py:208} INFO - Processing /home/airflow/.local/lib/python3.12/site-packages/airflow/example_dags/example_task_group.py took 0.112 seconds
[2025-04-15T19:58:24.516+0000] {processor.py:186} INFO - Started process (PID=18774) to work on /home/airflow/.local/lib/python3.12/site-packages/airflow/example_dags/example_task_group.py
[2025-04-15T19:58:24.517+0000] {processor.py:914} INFO - Processing file /home/airflow/.local/lib/python3.12/site-packages/airflow/example_dags/example_task_group.py for tasks to queue
[2025-04-15T19:58:24.520+0000] {logging_mixin.py:190} INFO - [2025-04-15T19:58:24.519+0000] {dagbag.py:588} INFO - Filling up the DagBag from /home/airflow/.local/lib/python3.12/site-packages/airflow/example_dags/example_task_group.py
[2025-04-15T19:58:24.532+0000] {processor.py:925} INFO - DAG(s) 'example_task_group' retrieved from /home/airflow/.local/lib/python3.12/site-packages/airflow/example_dags/example_task_group.py
[2025-04-15T19:58:24.569+0000] {logging_mixin.py:190} INFO - [2025-04-15T19:58:24.569+0000] {dag.py:3239} INFO - Sync 1 DAGs
[2025-04-15T19:58:24.594+0000] {logging_mixin.py:190} INFO - [2025-04-15T19:58:24.594+0000] {dag.py:4180} INFO - Setting next_dagrun for example_task_group to None, run_after=None
[2025-04-15T19:58:24.625+0000] {processor.py:208} INFO - Processing /home/airflow/.local/lib/python3.12/site-packages/airflow/example_dags/example_task_group.py took 0.118 seconds
[2025-04-15T19:58:54.856+0000] {processor.py:186} INFO - Started process (PID=18841) to work on /home/airflow/.local/lib/python3.12/site-packages/airflow/example_dags/example_task_group.py
[2025-04-15T19:58:54.857+0000] {processor.py:914} INFO - Processing file /home/airflow/.local/lib/python3.12/site-packages/airflow/example_dags/example_task_group.py for tasks to queue
[2025-04-15T19:58:54.860+0000] {logging_mixin.py:190} INFO - [2025-04-15T19:58:54.859+0000] {dagbag.py:588} INFO - Filling up the DagBag from /home/airflow/.local/lib/python3.12/site-packages/airflow/example_dags/example_task_group.py
[2025-04-15T19:58:54.873+0000] {processor.py:925} INFO - DAG(s) 'example_task_group' retrieved from /home/airflow/.local/lib/python3.12/site-packages/airflow/example_dags/example_task_group.py
[2025-04-15T19:58:54.912+0000] {logging_mixin.py:190} INFO - [2025-04-15T19:58:54.912+0000] {dag.py:3239} INFO - Sync 1 DAGs
[2025-04-15T19:58:54.938+0000] {logging_mixin.py:190} INFO - [2025-04-15T19:58:54.937+0000] {dag.py:4180} INFO - Setting next_dagrun for example_task_group to None, run_after=None
[2025-04-15T19:58:54.967+0000] {processor.py:208} INFO - Processing /home/airflow/.local/lib/python3.12/site-packages/airflow/example_dags/example_task_group.py took 0.119 seconds
[2025-04-15T19:59:25.119+0000] {processor.py:186} INFO - Started process (PID=18908) to work on /home/airflow/.local/lib/python3.12/site-packages/airflow/example_dags/example_task_group.py
[2025-04-15T19:59:25.120+0000] {processor.py:914} INFO - Processing file /home/airflow/.local/lib/python3.12/site-packages/airflow/example_dags/example_task_group.py for tasks to queue
[2025-04-15T19:59:25.122+0000] {logging_mixin.py:190} INFO - [2025-04-15T19:59:25.122+0000] {dagbag.py:588} INFO - Filling up the DagBag from /home/airflow/.local/lib/python3.12/site-packages/airflow/example_dags/example_task_group.py
[2025-04-15T19:59:25.131+0000] {processor.py:925} INFO - DAG(s) 'example_task_group' retrieved from /home/airflow/.local/lib/python3.12/site-packages/airflow/example_dags/example_task_group.py
[2025-04-15T19:59:25.156+0000] {logging_mixin.py:190} INFO - [2025-04-15T19:59:25.155+0000] {dag.py:3239} INFO - Sync 1 DAGs
[2025-04-15T19:59:25.172+0000] {logging_mixin.py:190} INFO - [2025-04-15T19:59:25.172+0000] {dag.py:4180} INFO - Setting next_dagrun for example_task_group to None, run_after=None
[2025-04-15T19:59:25.195+0000] {processor.py:208} INFO - Processing /home/airflow/.local/lib/python3.12/site-packages/airflow/example_dags/example_task_group.py took 0.081 seconds
[2025-04-15T19:59:55.778+0000] {processor.py:186} INFO - Started process (PID=18975) to work on /home/airflow/.local/lib/python3.12/site-packages/airflow/example_dags/example_task_group.py
[2025-04-15T19:59:55.779+0000] {processor.py:914} INFO - Processing file /home/airflow/.local/lib/python3.12/site-packages/airflow/example_dags/example_task_group.py for tasks to queue
[2025-04-15T19:59:55.781+0000] {logging_mixin.py:190} INFO - [2025-04-15T19:59:55.781+0000] {dagbag.py:588} INFO - Filling up the DagBag from /home/airflow/.local/lib/python3.12/site-packages/airflow/example_dags/example_task_group.py
[2025-04-15T19:59:55.793+0000] {processor.py:925} INFO - DAG(s) 'example_task_group' retrieved from /home/airflow/.local/lib/python3.12/site-packages/airflow/example_dags/example_task_group.py
[2025-04-15T19:59:55.831+0000] {logging_mixin.py:190} INFO - [2025-04-15T19:59:55.831+0000] {dag.py:3239} INFO - Sync 1 DAGs
[2025-04-15T19:59:55.862+0000] {logging_mixin.py:190} INFO - [2025-04-15T19:59:55.861+0000] {dag.py:4180} INFO - Setting next_dagrun for example_task_group to None, run_after=None
[2025-04-15T19:59:55.896+0000] {processor.py:208} INFO - Processing /home/airflow/.local/lib/python3.12/site-packages/airflow/example_dags/example_task_group.py took 0.126 seconds
[2025-04-15T20:00:26.332+0000] {processor.py:186} INFO - Started process (PID=19048) to work on /home/airflow/.local/lib/python3.12/site-packages/airflow/example_dags/example_task_group.py
[2025-04-15T20:00:26.334+0000] {processor.py:914} INFO - Processing file /home/airflow/.local/lib/python3.12/site-packages/airflow/example_dags/example_task_group.py for tasks to queue
[2025-04-15T20:00:26.336+0000] {logging_mixin.py:190} INFO - [2025-04-15T20:00:26.335+0000] {dagbag.py:588} INFO - Filling up the DagBag from /home/airflow/.local/lib/python3.12/site-packages/airflow/example_dags/example_task_group.py
[2025-04-15T20:00:26.351+0000] {processor.py:925} INFO - DAG(s) 'example_task_group' retrieved from /home/airflow/.local/lib/python3.12/site-packages/airflow/example_dags/example_task_group.py
[2025-04-15T20:00:26.386+0000] {logging_mixin.py:190} INFO - [2025-04-15T20:00:26.385+0000] {dag.py:3239} INFO - Sync 1 DAGs
[2025-04-15T20:00:26.411+0000] {logging_mixin.py:190} INFO - [2025-04-15T20:00:26.410+0000] {dag.py:4180} INFO - Setting next_dagrun for example_task_group to None, run_after=None
[2025-04-15T20:00:26.447+0000] {processor.py:208} INFO - Processing /home/airflow/.local/lib/python3.12/site-packages/airflow/example_dags/example_task_group.py took 0.127 seconds
[2025-04-15T20:00:56.748+0000] {processor.py:186} INFO - Started process (PID=19115) to work on /home/airflow/.local/lib/python3.12/site-packages/airflow/example_dags/example_task_group.py
[2025-04-15T20:00:56.750+0000] {processor.py:914} INFO - Processing file /home/airflow/.local/lib/python3.12/site-packages/airflow/example_dags/example_task_group.py for tasks to queue
[2025-04-15T20:00:56.752+0000] {logging_mixin.py:190} INFO - [2025-04-15T20:00:56.751+0000] {dagbag.py:588} INFO - Filling up the DagBag from /home/airflow/.local/lib/python3.12/site-packages/airflow/example_dags/example_task_group.py
[2025-04-15T20:00:56.766+0000] {processor.py:925} INFO - DAG(s) 'example_task_group' retrieved from /home/airflow/.local/lib/python3.12/site-packages/airflow/example_dags/example_task_group.py
[2025-04-15T20:00:56.809+0000] {logging_mixin.py:190} INFO - [2025-04-15T20:00:56.808+0000] {dag.py:3239} INFO - Sync 1 DAGs
[2025-04-15T20:00:56.836+0000] {logging_mixin.py:190} INFO - [2025-04-15T20:00:56.835+0000] {dag.py:4180} INFO - Setting next_dagrun for example_task_group to None, run_after=None
[2025-04-15T20:00:56.873+0000] {processor.py:208} INFO - Processing /home/airflow/.local/lib/python3.12/site-packages/airflow/example_dags/example_task_group.py took 0.134 seconds
[2025-04-15T20:01:27.578+0000] {processor.py:186} INFO - Started process (PID=19182) to work on /home/airflow/.local/lib/python3.12/site-packages/airflow/example_dags/example_task_group.py
[2025-04-15T20:01:27.579+0000] {processor.py:914} INFO - Processing file /home/airflow/.local/lib/python3.12/site-packages/airflow/example_dags/example_task_group.py for tasks to queue
[2025-04-15T20:01:27.580+0000] {logging_mixin.py:190} INFO - [2025-04-15T20:01:27.580+0000] {dagbag.py:588} INFO - Filling up the DagBag from /home/airflow/.local/lib/python3.12/site-packages/airflow/example_dags/example_task_group.py
[2025-04-15T20:01:27.589+0000] {processor.py:925} INFO - DAG(s) 'example_task_group' retrieved from /home/airflow/.local/lib/python3.12/site-packages/airflow/example_dags/example_task_group.py
[2025-04-15T20:01:27.614+0000] {logging_mixin.py:190} INFO - [2025-04-15T20:01:27.614+0000] {dag.py:3239} INFO - Sync 1 DAGs
[2025-04-15T20:01:27.631+0000] {logging_mixin.py:190} INFO - [2025-04-15T20:01:27.631+0000] {dag.py:4180} INFO - Setting next_dagrun for example_task_group to None, run_after=None
[2025-04-15T20:01:27.654+0000] {processor.py:208} INFO - Processing /home/airflow/.local/lib/python3.12/site-packages/airflow/example_dags/example_task_group.py took 0.081 seconds
[2025-04-15T20:01:58.023+0000] {processor.py:186} INFO - Started process (PID=19249) to work on /home/airflow/.local/lib/python3.12/site-packages/airflow/example_dags/example_task_group.py
[2025-04-15T20:01:58.025+0000] {processor.py:914} INFO - Processing file /home/airflow/.local/lib/python3.12/site-packages/airflow/example_dags/example_task_group.py for tasks to queue
[2025-04-15T20:01:58.027+0000] {logging_mixin.py:190} INFO - [2025-04-15T20:01:58.027+0000] {dagbag.py:588} INFO - Filling up the DagBag from /home/airflow/.local/lib/python3.12/site-packages/airflow/example_dags/example_task_group.py
[2025-04-15T20:01:58.041+0000] {processor.py:925} INFO - DAG(s) 'example_task_group' retrieved from /home/airflow/.local/lib/python3.12/site-packages/airflow/example_dags/example_task_group.py
[2025-04-15T20:01:58.076+0000] {logging_mixin.py:190} INFO - [2025-04-15T20:01:58.076+0000] {dag.py:3239} INFO - Sync 1 DAGs
[2025-04-15T20:01:58.102+0000] {logging_mixin.py:190} INFO - [2025-04-15T20:01:58.102+0000] {dag.py:4180} INFO - Setting next_dagrun for example_task_group to None, run_after=None
[2025-04-15T20:01:58.135+0000] {processor.py:208} INFO - Processing /home/airflow/.local/lib/python3.12/site-packages/airflow/example_dags/example_task_group.py took 0.121 seconds
[2025-04-15T20:02:28.666+0000] {processor.py:186} INFO - Started process (PID=19316) to work on /home/airflow/.local/lib/python3.12/site-packages/airflow/example_dags/example_task_group.py
[2025-04-15T20:02:28.668+0000] {processor.py:914} INFO - Processing file /home/airflow/.local/lib/python3.12/site-packages/airflow/example_dags/example_task_group.py for tasks to queue
[2025-04-15T20:02:28.670+0000] {logging_mixin.py:190} INFO - [2025-04-15T20:02:28.670+0000] {dagbag.py:588} INFO - Filling up the DagBag from /home/airflow/.local/lib/python3.12/site-packages/airflow/example_dags/example_task_group.py
[2025-04-15T20:02:28.682+0000] {processor.py:925} INFO - DAG(s) 'example_task_group' retrieved from /home/airflow/.local/lib/python3.12/site-packages/airflow/example_dags/example_task_group.py
[2025-04-15T20:02:28.718+0000] {logging_mixin.py:190} INFO - [2025-04-15T20:02:28.717+0000] {dag.py:3239} INFO - Sync 1 DAGs
[2025-04-15T20:02:28.741+0000] {logging_mixin.py:190} INFO - [2025-04-15T20:02:28.741+0000] {dag.py:4180} INFO - Setting next_dagrun for example_task_group to None, run_after=None
[2025-04-15T20:02:28.772+0000] {processor.py:208} INFO - Processing /home/airflow/.local/lib/python3.12/site-packages/airflow/example_dags/example_task_group.py took 0.115 seconds
[2025-04-15T20:02:59.209+0000] {processor.py:186} INFO - Started process (PID=19383) to work on /home/airflow/.local/lib/python3.12/site-packages/airflow/example_dags/example_task_group.py
[2025-04-15T20:02:59.210+0000] {processor.py:914} INFO - Processing file /home/airflow/.local/lib/python3.12/site-packages/airflow/example_dags/example_task_group.py for tasks to queue
[2025-04-15T20:02:59.212+0000] {logging_mixin.py:190} INFO - [2025-04-15T20:02:59.212+0000] {dagbag.py:588} INFO - Filling up the DagBag from /home/airflow/.local/lib/python3.12/site-packages/airflow/example_dags/example_task_group.py
[2025-04-15T20:02:59.228+0000] {processor.py:925} INFO - DAG(s) 'example_task_group' retrieved from /home/airflow/.local/lib/python3.12/site-packages/airflow/example_dags/example_task_group.py
[2025-04-15T20:02:59.266+0000] {logging_mixin.py:190} INFO - [2025-04-15T20:02:59.266+0000] {dag.py:3239} INFO - Sync 1 DAGs
[2025-04-15T20:02:59.290+0000] {logging_mixin.py:190} INFO - [2025-04-15T20:02:59.289+0000] {dag.py:4180} INFO - Setting next_dagrun for example_task_group to None, run_after=None
[2025-04-15T20:02:59.317+0000] {processor.py:208} INFO - Processing /home/airflow/.local/lib/python3.12/site-packages/airflow/example_dags/example_task_group.py took 0.116 seconds
[2025-04-15T20:03:29.619+0000] {processor.py:186} INFO - Started process (PID=19450) to work on /home/airflow/.local/lib/python3.12/site-packages/airflow/example_dags/example_task_group.py
[2025-04-15T20:03:29.620+0000] {processor.py:914} INFO - Processing file /home/airflow/.local/lib/python3.12/site-packages/airflow/example_dags/example_task_group.py for tasks to queue
[2025-04-15T20:03:29.621+0000] {logging_mixin.py:190} INFO - [2025-04-15T20:03:29.621+0000] {dagbag.py:588} INFO - Filling up the DagBag from /home/airflow/.local/lib/python3.12/site-packages/airflow/example_dags/example_task_group.py
[2025-04-15T20:03:29.630+0000] {processor.py:925} INFO - DAG(s) 'example_task_group' retrieved from /home/airflow/.local/lib/python3.12/site-packages/airflow/example_dags/example_task_group.py
[2025-04-15T20:03:29.654+0000] {logging_mixin.py:190} INFO - [2025-04-15T20:03:29.654+0000] {dag.py:3239} INFO - Sync 1 DAGs
[2025-04-15T20:03:29.671+0000] {logging_mixin.py:190} INFO - [2025-04-15T20:03:29.671+0000] {dag.py:4180} INFO - Setting next_dagrun for example_task_group to None, run_after=None
[2025-04-15T20:03:29.695+0000] {processor.py:208} INFO - Processing /home/airflow/.local/lib/python3.12/site-packages/airflow/example_dags/example_task_group.py took 0.083 seconds
[2025-04-15T20:04:00.279+0000] {processor.py:186} INFO - Started process (PID=19518) to work on /home/airflow/.local/lib/python3.12/site-packages/airflow/example_dags/example_task_group.py
[2025-04-15T20:04:00.280+0000] {processor.py:914} INFO - Processing file /home/airflow/.local/lib/python3.12/site-packages/airflow/example_dags/example_task_group.py for tasks to queue
[2025-04-15T20:04:00.282+0000] {logging_mixin.py:190} INFO - [2025-04-15T20:04:00.282+0000] {dagbag.py:588} INFO - Filling up the DagBag from /home/airflow/.local/lib/python3.12/site-packages/airflow/example_dags/example_task_group.py
[2025-04-15T20:04:00.291+0000] {processor.py:925} INFO - DAG(s) 'example_task_group' retrieved from /home/airflow/.local/lib/python3.12/site-packages/airflow/example_dags/example_task_group.py
[2025-04-15T20:04:00.316+0000] {logging_mixin.py:190} INFO - [2025-04-15T20:04:00.315+0000] {dag.py:3239} INFO - Sync 1 DAGs
[2025-04-15T20:04:00.333+0000] {logging_mixin.py:190} INFO - [2025-04-15T20:04:00.332+0000] {dag.py:4180} INFO - Setting next_dagrun for example_task_group to None, run_after=None
[2025-04-15T20:04:00.355+0000] {processor.py:208} INFO - Processing /home/airflow/.local/lib/python3.12/site-packages/airflow/example_dags/example_task_group.py took 0.081 seconds
