[2025-04-15T19:34:57.074+0000] {processor.py:186} INFO - Started process (PID=15747) to work on /home/airflow/.local/lib/python3.12/site-packages/airflow/example_dags/example_branch_operator_decorator.py
[2025-04-15T19:34:57.085+0000] {processor.py:914} INFO - Processing file /home/airflow/.local/lib/python3.12/site-packages/airflow/example_dags/example_branch_operator_decorator.py for tasks to queue
[2025-04-15T19:34:57.092+0000] {logging_mixin.py:190} INFO - [2025-04-15T19:34:57.089+0000] {dagbag.py:588} INFO - Filling up the DagBag from /home/airflow/.local/lib/python3.12/site-packages/airflow/example_dags/example_branch_operator_decorator.py
[2025-04-15T19:34:57.704+0000] {processor.py:925} INFO - DAG(s) 'example_branch_python_operator_decorator' retrieved from /home/airflow/.local/lib/python3.12/site-packages/airflow/example_dags/example_branch_operator_decorator.py
[2025-04-15T19:34:58.489+0000] {logging_mixin.py:190} INFO - [2025-04-15T19:34:58.487+0000] {dag.py:3239} INFO - Sync 1 DAGs
[2025-04-15T19:34:59.241+0000] {logging_mixin.py:190} INFO - [2025-04-15T19:34:59.240+0000] {dag.py:4180} INFO - Setting next_dagrun for example_branch_python_operator_decorator to 2025-04-14 00:00:00+00:00, run_after=2025-04-15 00:00:00+00:00
[2025-04-15T19:34:59.521+0000] {processor.py:208} INFO - Processing /home/airflow/.local/lib/python3.12/site-packages/airflow/example_dags/example_branch_operator_decorator.py took 2.518 seconds
[2025-04-15T19:35:46.814+0000] {processor.py:186} INFO - Started process (PID=15814) to work on /home/airflow/.local/lib/python3.12/site-packages/airflow/example_dags/example_branch_operator_decorator.py
[2025-04-15T19:35:46.816+0000] {processor.py:914} INFO - Processing file /home/airflow/.local/lib/python3.12/site-packages/airflow/example_dags/example_branch_operator_decorator.py for tasks to queue
[2025-04-15T19:35:46.819+0000] {logging_mixin.py:190} INFO - [2025-04-15T19:35:46.818+0000] {dagbag.py:588} INFO - Filling up the DagBag from /home/airflow/.local/lib/python3.12/site-packages/airflow/example_dags/example_branch_operator_decorator.py
[2025-04-15T19:35:46.868+0000] {processor.py:925} INFO - DAG(s) 'example_branch_python_operator_decorator' retrieved from /home/airflow/.local/lib/python3.12/site-packages/airflow/example_dags/example_branch_operator_decorator.py
[2025-04-15T19:35:46.933+0000] {logging_mixin.py:190} INFO - [2025-04-15T19:35:46.932+0000] {dag.py:3239} INFO - Sync 1 DAGs
[2025-04-15T19:35:46.990+0000] {logging_mixin.py:190} INFO - [2025-04-15T19:35:46.989+0000] {dag.py:4180} INFO - Setting next_dagrun for example_branch_python_operator_decorator to 2025-04-14 00:00:00+00:00, run_after=2025-04-15 00:00:00+00:00
[2025-04-15T19:35:47.028+0000] {processor.py:208} INFO - Processing /home/airflow/.local/lib/python3.12/site-packages/airflow/example_dags/example_branch_operator_decorator.py took 0.225 seconds
[2025-04-15T19:36:17.662+0000] {processor.py:186} INFO - Started process (PID=15881) to work on /home/airflow/.local/lib/python3.12/site-packages/airflow/example_dags/example_branch_operator_decorator.py
[2025-04-15T19:36:17.664+0000] {processor.py:914} INFO - Processing file /home/airflow/.local/lib/python3.12/site-packages/airflow/example_dags/example_branch_operator_decorator.py for tasks to queue
[2025-04-15T19:36:17.666+0000] {logging_mixin.py:190} INFO - [2025-04-15T19:36:17.665+0000] {dagbag.py:588} INFO - Filling up the DagBag from /home/airflow/.local/lib/python3.12/site-packages/airflow/example_dags/example_branch_operator_decorator.py
[2025-04-15T19:36:17.700+0000] {processor.py:925} INFO - DAG(s) 'example_branch_python_operator_decorator' retrieved from /home/airflow/.local/lib/python3.12/site-packages/airflow/example_dags/example_branch_operator_decorator.py
[2025-04-15T19:36:17.745+0000] {logging_mixin.py:190} INFO - [2025-04-15T19:36:17.745+0000] {dag.py:3239} INFO - Sync 1 DAGs
[2025-04-15T19:36:17.783+0000] {logging_mixin.py:190} INFO - [2025-04-15T19:36:17.783+0000] {dag.py:4180} INFO - Setting next_dagrun for example_branch_python_operator_decorator to 2025-04-14 00:00:00+00:00, run_after=2025-04-15 00:00:00+00:00
[2025-04-15T19:36:17.819+0000] {processor.py:208} INFO - Processing /home/airflow/.local/lib/python3.12/site-packages/airflow/example_dags/example_branch_operator_decorator.py took 0.165 seconds
[2025-04-15T19:36:48.593+0000] {processor.py:186} INFO - Started process (PID=15949) to work on /home/airflow/.local/lib/python3.12/site-packages/airflow/example_dags/example_branch_operator_decorator.py
[2025-04-15T19:36:48.594+0000] {processor.py:914} INFO - Processing file /home/airflow/.local/lib/python3.12/site-packages/airflow/example_dags/example_branch_operator_decorator.py for tasks to queue
[2025-04-15T19:36:48.596+0000] {logging_mixin.py:190} INFO - [2025-04-15T19:36:48.596+0000] {dagbag.py:588} INFO - Filling up the DagBag from /home/airflow/.local/lib/python3.12/site-packages/airflow/example_dags/example_branch_operator_decorator.py
[2025-04-15T19:36:48.625+0000] {processor.py:925} INFO - DAG(s) 'example_branch_python_operator_decorator' retrieved from /home/airflow/.local/lib/python3.12/site-packages/airflow/example_dags/example_branch_operator_decorator.py
[2025-04-15T19:36:48.668+0000] {logging_mixin.py:190} INFO - [2025-04-15T19:36:48.667+0000] {dag.py:3239} INFO - Sync 1 DAGs
[2025-04-15T19:36:48.704+0000] {logging_mixin.py:190} INFO - [2025-04-15T19:36:48.704+0000] {dag.py:4180} INFO - Setting next_dagrun for example_branch_python_operator_decorator to 2025-04-14 00:00:00+00:00, run_after=2025-04-15 00:00:00+00:00
[2025-04-15T19:36:48.734+0000] {processor.py:208} INFO - Processing /home/airflow/.local/lib/python3.12/site-packages/airflow/example_dags/example_branch_operator_decorator.py took 0.148 seconds
[2025-04-15T19:37:19.713+0000] {processor.py:186} INFO - Started process (PID=16016) to work on /home/airflow/.local/lib/python3.12/site-packages/airflow/example_dags/example_branch_operator_decorator.py
[2025-04-15T19:37:19.715+0000] {processor.py:914} INFO - Processing file /home/airflow/.local/lib/python3.12/site-packages/airflow/example_dags/example_branch_operator_decorator.py for tasks to queue
[2025-04-15T19:37:19.716+0000] {logging_mixin.py:190} INFO - [2025-04-15T19:37:19.716+0000] {dagbag.py:588} INFO - Filling up the DagBag from /home/airflow/.local/lib/python3.12/site-packages/airflow/example_dags/example_branch_operator_decorator.py
[2025-04-15T19:37:19.750+0000] {processor.py:925} INFO - DAG(s) 'example_branch_python_operator_decorator' retrieved from /home/airflow/.local/lib/python3.12/site-packages/airflow/example_dags/example_branch_operator_decorator.py
[2025-04-15T19:37:19.799+0000] {logging_mixin.py:190} INFO - [2025-04-15T19:37:19.799+0000] {dag.py:3239} INFO - Sync 1 DAGs
[2025-04-15T19:37:19.836+0000] {logging_mixin.py:190} INFO - [2025-04-15T19:37:19.835+0000] {dag.py:4180} INFO - Setting next_dagrun for example_branch_python_operator_decorator to 2025-04-14 00:00:00+00:00, run_after=2025-04-15 00:00:00+00:00
[2025-04-15T19:37:19.869+0000] {processor.py:208} INFO - Processing /home/airflow/.local/lib/python3.12/site-packages/airflow/example_dags/example_branch_operator_decorator.py took 0.163 seconds
[2025-04-15T19:37:50.335+0000] {processor.py:186} INFO - Started process (PID=16083) to work on /home/airflow/.local/lib/python3.12/site-packages/airflow/example_dags/example_branch_operator_decorator.py
[2025-04-15T19:37:50.336+0000] {processor.py:914} INFO - Processing file /home/airflow/.local/lib/python3.12/site-packages/airflow/example_dags/example_branch_operator_decorator.py for tasks to queue
[2025-04-15T19:37:50.338+0000] {logging_mixin.py:190} INFO - [2025-04-15T19:37:50.338+0000] {dagbag.py:588} INFO - Filling up the DagBag from /home/airflow/.local/lib/python3.12/site-packages/airflow/example_dags/example_branch_operator_decorator.py
[2025-04-15T19:37:50.383+0000] {processor.py:925} INFO - DAG(s) 'example_branch_python_operator_decorator' retrieved from /home/airflow/.local/lib/python3.12/site-packages/airflow/example_dags/example_branch_operator_decorator.py
[2025-04-15T19:37:50.433+0000] {logging_mixin.py:190} INFO - [2025-04-15T19:37:50.432+0000] {dag.py:3239} INFO - Sync 1 DAGs
[2025-04-15T19:37:50.483+0000] {logging_mixin.py:190} INFO - [2025-04-15T19:37:50.482+0000] {dag.py:4180} INFO - Setting next_dagrun for example_branch_python_operator_decorator to 2025-04-14 00:00:00+00:00, run_after=2025-04-15 00:00:00+00:00
[2025-04-15T19:37:50.519+0000] {processor.py:208} INFO - Processing /home/airflow/.local/lib/python3.12/site-packages/airflow/example_dags/example_branch_operator_decorator.py took 0.193 seconds
[2025-04-15T19:38:20.798+0000] {processor.py:186} INFO - Started process (PID=16150) to work on /home/airflow/.local/lib/python3.12/site-packages/airflow/example_dags/example_branch_operator_decorator.py
[2025-04-15T19:38:20.800+0000] {processor.py:914} INFO - Processing file /home/airflow/.local/lib/python3.12/site-packages/airflow/example_dags/example_branch_operator_decorator.py for tasks to queue
[2025-04-15T19:38:20.801+0000] {logging_mixin.py:190} INFO - [2025-04-15T19:38:20.801+0000] {dagbag.py:588} INFO - Filling up the DagBag from /home/airflow/.local/lib/python3.12/site-packages/airflow/example_dags/example_branch_operator_decorator.py
[2025-04-15T19:38:20.829+0000] {processor.py:925} INFO - DAG(s) 'example_branch_python_operator_decorator' retrieved from /home/airflow/.local/lib/python3.12/site-packages/airflow/example_dags/example_branch_operator_decorator.py
[2025-04-15T19:38:20.876+0000] {logging_mixin.py:190} INFO - [2025-04-15T19:38:20.875+0000] {dag.py:3239} INFO - Sync 1 DAGs
[2025-04-15T19:38:20.911+0000] {logging_mixin.py:190} INFO - [2025-04-15T19:38:20.911+0000] {dag.py:4180} INFO - Setting next_dagrun for example_branch_python_operator_decorator to 2025-04-14 00:00:00+00:00, run_after=2025-04-15 00:00:00+00:00
[2025-04-15T19:38:20.947+0000] {processor.py:208} INFO - Processing /home/airflow/.local/lib/python3.12/site-packages/airflow/example_dags/example_branch_operator_decorator.py took 0.157 seconds
[2025-04-15T19:38:51.265+0000] {processor.py:186} INFO - Started process (PID=16216) to work on /home/airflow/.local/lib/python3.12/site-packages/airflow/example_dags/example_branch_operator_decorator.py
[2025-04-15T19:38:51.266+0000] {processor.py:914} INFO - Processing file /home/airflow/.local/lib/python3.12/site-packages/airflow/example_dags/example_branch_operator_decorator.py for tasks to queue
[2025-04-15T19:38:51.268+0000] {logging_mixin.py:190} INFO - [2025-04-15T19:38:51.268+0000] {dagbag.py:588} INFO - Filling up the DagBag from /home/airflow/.local/lib/python3.12/site-packages/airflow/example_dags/example_branch_operator_decorator.py
[2025-04-15T19:38:51.302+0000] {processor.py:925} INFO - DAG(s) 'example_branch_python_operator_decorator' retrieved from /home/airflow/.local/lib/python3.12/site-packages/airflow/example_dags/example_branch_operator_decorator.py
[2025-04-15T19:38:51.352+0000] {logging_mixin.py:190} INFO - [2025-04-15T19:38:51.352+0000] {dag.py:3239} INFO - Sync 1 DAGs
[2025-04-15T19:38:51.400+0000] {logging_mixin.py:190} INFO - [2025-04-15T19:38:51.399+0000] {dag.py:4180} INFO - Setting next_dagrun for example_branch_python_operator_decorator to 2025-04-14 00:00:00+00:00, run_after=2025-04-15 00:00:00+00:00
[2025-04-15T19:38:51.438+0000] {processor.py:208} INFO - Processing /home/airflow/.local/lib/python3.12/site-packages/airflow/example_dags/example_branch_operator_decorator.py took 0.183 seconds
[2025-04-15T19:39:22.067+0000] {processor.py:186} INFO - Started process (PID=16283) to work on /home/airflow/.local/lib/python3.12/site-packages/airflow/example_dags/example_branch_operator_decorator.py
[2025-04-15T19:39:22.069+0000] {processor.py:914} INFO - Processing file /home/airflow/.local/lib/python3.12/site-packages/airflow/example_dags/example_branch_operator_decorator.py for tasks to queue
[2025-04-15T19:39:22.072+0000] {logging_mixin.py:190} INFO - [2025-04-15T19:39:22.071+0000] {dagbag.py:588} INFO - Filling up the DagBag from /home/airflow/.local/lib/python3.12/site-packages/airflow/example_dags/example_branch_operator_decorator.py
[2025-04-15T19:39:22.099+0000] {processor.py:925} INFO - DAG(s) 'example_branch_python_operator_decorator' retrieved from /home/airflow/.local/lib/python3.12/site-packages/airflow/example_dags/example_branch_operator_decorator.py
[2025-04-15T19:39:22.135+0000] {logging_mixin.py:190} INFO - [2025-04-15T19:39:22.135+0000] {dag.py:3239} INFO - Sync 1 DAGs
[2025-04-15T19:39:22.165+0000] {logging_mixin.py:190} INFO - [2025-04-15T19:39:22.164+0000] {dag.py:4180} INFO - Setting next_dagrun for example_branch_python_operator_decorator to 2025-04-14 00:00:00+00:00, run_after=2025-04-15 00:00:00+00:00
[2025-04-15T19:39:22.190+0000] {processor.py:208} INFO - Processing /home/airflow/.local/lib/python3.12/site-packages/airflow/example_dags/example_branch_operator_decorator.py took 0.134 seconds
[2025-04-15T19:39:53.007+0000] {processor.py:186} INFO - Started process (PID=16350) to work on /home/airflow/.local/lib/python3.12/site-packages/airflow/example_dags/example_branch_operator_decorator.py
[2025-04-15T19:39:53.009+0000] {processor.py:914} INFO - Processing file /home/airflow/.local/lib/python3.12/site-packages/airflow/example_dags/example_branch_operator_decorator.py for tasks to queue
[2025-04-15T19:39:53.011+0000] {logging_mixin.py:190} INFO - [2025-04-15T19:39:53.010+0000] {dagbag.py:588} INFO - Filling up the DagBag from /home/airflow/.local/lib/python3.12/site-packages/airflow/example_dags/example_branch_operator_decorator.py
[2025-04-15T19:39:53.045+0000] {processor.py:925} INFO - DAG(s) 'example_branch_python_operator_decorator' retrieved from /home/airflow/.local/lib/python3.12/site-packages/airflow/example_dags/example_branch_operator_decorator.py
[2025-04-15T19:39:53.087+0000] {logging_mixin.py:190} INFO - [2025-04-15T19:39:53.087+0000] {dag.py:3239} INFO - Sync 1 DAGs
[2025-04-15T19:39:53.128+0000] {logging_mixin.py:190} INFO - [2025-04-15T19:39:53.127+0000] {dag.py:4180} INFO - Setting next_dagrun for example_branch_python_operator_decorator to 2025-04-14 00:00:00+00:00, run_after=2025-04-15 00:00:00+00:00
[2025-04-15T19:39:53.160+0000] {processor.py:208} INFO - Processing /home/airflow/.local/lib/python3.12/site-packages/airflow/example_dags/example_branch_operator_decorator.py took 0.160 seconds
[2025-04-15T19:40:23.294+0000] {processor.py:186} INFO - Started process (PID=16417) to work on /home/airflow/.local/lib/python3.12/site-packages/airflow/example_dags/example_branch_operator_decorator.py
[2025-04-15T19:40:23.296+0000] {processor.py:914} INFO - Processing file /home/airflow/.local/lib/python3.12/site-packages/airflow/example_dags/example_branch_operator_decorator.py for tasks to queue
[2025-04-15T19:40:23.297+0000] {logging_mixin.py:190} INFO - [2025-04-15T19:40:23.296+0000] {dagbag.py:588} INFO - Filling up the DagBag from /home/airflow/.local/lib/python3.12/site-packages/airflow/example_dags/example_branch_operator_decorator.py
[2025-04-15T19:40:23.321+0000] {processor.py:925} INFO - DAG(s) 'example_branch_python_operator_decorator' retrieved from /home/airflow/.local/lib/python3.12/site-packages/airflow/example_dags/example_branch_operator_decorator.py
[2025-04-15T19:40:23.353+0000] {logging_mixin.py:190} INFO - [2025-04-15T19:40:23.353+0000] {dag.py:3239} INFO - Sync 1 DAGs
[2025-04-15T19:40:23.386+0000] {logging_mixin.py:190} INFO - [2025-04-15T19:40:23.386+0000] {dag.py:4180} INFO - Setting next_dagrun for example_branch_python_operator_decorator to 2025-04-14 00:00:00+00:00, run_after=2025-04-15 00:00:00+00:00
[2025-04-15T19:40:23.414+0000] {processor.py:208} INFO - Processing /home/airflow/.local/lib/python3.12/site-packages/airflow/example_dags/example_branch_operator_decorator.py took 0.125 seconds
[2025-04-15T19:40:55.125+0000] {processor.py:186} INFO - Started process (PID=16490) to work on /home/airflow/.local/lib/python3.12/site-packages/airflow/example_dags/example_branch_operator_decorator.py
[2025-04-15T19:40:55.127+0000] {processor.py:914} INFO - Processing file /home/airflow/.local/lib/python3.12/site-packages/airflow/example_dags/example_branch_operator_decorator.py for tasks to queue
[2025-04-15T19:40:55.129+0000] {logging_mixin.py:190} INFO - [2025-04-15T19:40:55.129+0000] {dagbag.py:588} INFO - Filling up the DagBag from /home/airflow/.local/lib/python3.12/site-packages/airflow/example_dags/example_branch_operator_decorator.py
[2025-04-15T19:40:55.154+0000] {processor.py:925} INFO - DAG(s) 'example_branch_python_operator_decorator' retrieved from /home/airflow/.local/lib/python3.12/site-packages/airflow/example_dags/example_branch_operator_decorator.py
[2025-04-15T19:40:55.189+0000] {logging_mixin.py:190} INFO - [2025-04-15T19:40:55.188+0000] {dag.py:3239} INFO - Sync 1 DAGs
[2025-04-15T19:40:55.216+0000] {logging_mixin.py:190} INFO - [2025-04-15T19:40:55.216+0000] {dag.py:4180} INFO - Setting next_dagrun for example_branch_python_operator_decorator to 2025-04-14 00:00:00+00:00, run_after=2025-04-15 00:00:00+00:00
[2025-04-15T19:40:55.239+0000] {processor.py:208} INFO - Processing /home/airflow/.local/lib/python3.12/site-packages/airflow/example_dags/example_branch_operator_decorator.py took 0.119 seconds
[2025-04-15T19:41:26.011+0000] {processor.py:186} INFO - Started process (PID=16557) to work on /home/airflow/.local/lib/python3.12/site-packages/airflow/example_dags/example_branch_operator_decorator.py
[2025-04-15T19:41:26.012+0000] {processor.py:914} INFO - Processing file /home/airflow/.local/lib/python3.12/site-packages/airflow/example_dags/example_branch_operator_decorator.py for tasks to queue
[2025-04-15T19:41:26.014+0000] {logging_mixin.py:190} INFO - [2025-04-15T19:41:26.014+0000] {dagbag.py:588} INFO - Filling up the DagBag from /home/airflow/.local/lib/python3.12/site-packages/airflow/example_dags/example_branch_operator_decorator.py
[2025-04-15T19:41:26.048+0000] {processor.py:925} INFO - DAG(s) 'example_branch_python_operator_decorator' retrieved from /home/airflow/.local/lib/python3.12/site-packages/airflow/example_dags/example_branch_operator_decorator.py
[2025-04-15T19:41:26.089+0000] {logging_mixin.py:190} INFO - [2025-04-15T19:41:26.088+0000] {dag.py:3239} INFO - Sync 1 DAGs
[2025-04-15T19:41:26.314+0000] {logging_mixin.py:190} INFO - [2025-04-15T19:41:26.314+0000] {dag.py:4180} INFO - Setting next_dagrun for example_branch_python_operator_decorator to 2025-04-14 00:00:00+00:00, run_after=2025-04-15 00:00:00+00:00
[2025-04-15T19:41:26.342+0000] {processor.py:208} INFO - Processing /home/airflow/.local/lib/python3.12/site-packages/airflow/example_dags/example_branch_operator_decorator.py took 0.340 seconds
[2025-04-15T19:41:57.163+0000] {processor.py:186} INFO - Started process (PID=16624) to work on /home/airflow/.local/lib/python3.12/site-packages/airflow/example_dags/example_branch_operator_decorator.py
[2025-04-15T19:41:57.165+0000] {processor.py:914} INFO - Processing file /home/airflow/.local/lib/python3.12/site-packages/airflow/example_dags/example_branch_operator_decorator.py for tasks to queue
[2025-04-15T19:41:57.167+0000] {logging_mixin.py:190} INFO - [2025-04-15T19:41:57.166+0000] {dagbag.py:588} INFO - Filling up the DagBag from /home/airflow/.local/lib/python3.12/site-packages/airflow/example_dags/example_branch_operator_decorator.py
[2025-04-15T19:41:57.198+0000] {processor.py:925} INFO - DAG(s) 'example_branch_python_operator_decorator' retrieved from /home/airflow/.local/lib/python3.12/site-packages/airflow/example_dags/example_branch_operator_decorator.py
[2025-04-15T19:41:57.241+0000] {logging_mixin.py:190} INFO - [2025-04-15T19:41:57.240+0000] {dag.py:3239} INFO - Sync 1 DAGs
[2025-04-15T19:41:57.279+0000] {logging_mixin.py:190} INFO - [2025-04-15T19:41:57.278+0000] {dag.py:4180} INFO - Setting next_dagrun for example_branch_python_operator_decorator to 2025-04-14 00:00:00+00:00, run_after=2025-04-15 00:00:00+00:00
[2025-04-15T19:41:57.528+0000] {processor.py:208} INFO - Processing /home/airflow/.local/lib/python3.12/site-packages/airflow/example_dags/example_branch_operator_decorator.py took 0.372 seconds
[2025-04-15T19:42:28.054+0000] {processor.py:186} INFO - Started process (PID=16692) to work on /home/airflow/.local/lib/python3.12/site-packages/airflow/example_dags/example_branch_operator_decorator.py
[2025-04-15T19:42:28.055+0000] {processor.py:914} INFO - Processing file /home/airflow/.local/lib/python3.12/site-packages/airflow/example_dags/example_branch_operator_decorator.py for tasks to queue
[2025-04-15T19:42:28.057+0000] {logging_mixin.py:190} INFO - [2025-04-15T19:42:28.056+0000] {dagbag.py:588} INFO - Filling up the DagBag from /home/airflow/.local/lib/python3.12/site-packages/airflow/example_dags/example_branch_operator_decorator.py
[2025-04-15T19:42:28.086+0000] {processor.py:925} INFO - DAG(s) 'example_branch_python_operator_decorator' retrieved from /home/airflow/.local/lib/python3.12/site-packages/airflow/example_dags/example_branch_operator_decorator.py
[2025-04-15T19:42:28.124+0000] {logging_mixin.py:190} INFO - [2025-04-15T19:42:28.124+0000] {dag.py:3239} INFO - Sync 1 DAGs
[2025-04-15T19:42:28.171+0000] {logging_mixin.py:190} INFO - [2025-04-15T19:42:28.171+0000] {dag.py:4180} INFO - Setting next_dagrun for example_branch_python_operator_decorator to 2025-04-14 00:00:00+00:00, run_after=2025-04-15 00:00:00+00:00
[2025-04-15T19:42:28.210+0000] {processor.py:208} INFO - Processing /home/airflow/.local/lib/python3.12/site-packages/airflow/example_dags/example_branch_operator_decorator.py took 0.162 seconds
[2025-04-15T19:42:59.827+0000] {processor.py:186} INFO - Started process (PID=16759) to work on /home/airflow/.local/lib/python3.12/site-packages/airflow/example_dags/example_branch_operator_decorator.py
[2025-04-15T19:42:59.829+0000] {processor.py:914} INFO - Processing file /home/airflow/.local/lib/python3.12/site-packages/airflow/example_dags/example_branch_operator_decorator.py for tasks to queue
[2025-04-15T19:42:59.832+0000] {logging_mixin.py:190} INFO - [2025-04-15T19:42:59.831+0000] {dagbag.py:588} INFO - Filling up the DagBag from /home/airflow/.local/lib/python3.12/site-packages/airflow/example_dags/example_branch_operator_decorator.py
[2025-04-15T19:42:59.870+0000] {processor.py:925} INFO - DAG(s) 'example_branch_python_operator_decorator' retrieved from /home/airflow/.local/lib/python3.12/site-packages/airflow/example_dags/example_branch_operator_decorator.py
[2025-04-15T19:42:59.913+0000] {logging_mixin.py:190} INFO - [2025-04-15T19:42:59.913+0000] {dag.py:3239} INFO - Sync 1 DAGs
[2025-04-15T19:42:59.945+0000] {logging_mixin.py:190} INFO - [2025-04-15T19:42:59.945+0000] {dag.py:4180} INFO - Setting next_dagrun for example_branch_python_operator_decorator to 2025-04-14 00:00:00+00:00, run_after=2025-04-15 00:00:00+00:00
[2025-04-15T19:42:59.977+0000] {processor.py:208} INFO - Processing /home/airflow/.local/lib/python3.12/site-packages/airflow/example_dags/example_branch_operator_decorator.py took 0.158 seconds
[2025-04-15T19:43:30.540+0000] {processor.py:186} INFO - Started process (PID=16826) to work on /home/airflow/.local/lib/python3.12/site-packages/airflow/example_dags/example_branch_operator_decorator.py
[2025-04-15T19:43:30.542+0000] {processor.py:914} INFO - Processing file /home/airflow/.local/lib/python3.12/site-packages/airflow/example_dags/example_branch_operator_decorator.py for tasks to queue
[2025-04-15T19:43:30.544+0000] {logging_mixin.py:190} INFO - [2025-04-15T19:43:30.543+0000] {dagbag.py:588} INFO - Filling up the DagBag from /home/airflow/.local/lib/python3.12/site-packages/airflow/example_dags/example_branch_operator_decorator.py
[2025-04-15T19:43:30.587+0000] {processor.py:925} INFO - DAG(s) 'example_branch_python_operator_decorator' retrieved from /home/airflow/.local/lib/python3.12/site-packages/airflow/example_dags/example_branch_operator_decorator.py
[2025-04-15T19:43:30.632+0000] {logging_mixin.py:190} INFO - [2025-04-15T19:43:30.632+0000] {dag.py:3239} INFO - Sync 1 DAGs
[2025-04-15T19:43:30.675+0000] {logging_mixin.py:190} INFO - [2025-04-15T19:43:30.675+0000] {dag.py:4180} INFO - Setting next_dagrun for example_branch_python_operator_decorator to 2025-04-14 00:00:00+00:00, run_after=2025-04-15 00:00:00+00:00
[2025-04-15T19:43:30.708+0000] {processor.py:208} INFO - Processing /home/airflow/.local/lib/python3.12/site-packages/airflow/example_dags/example_branch_operator_decorator.py took 0.176 seconds
[2025-04-15T19:44:01.843+0000] {processor.py:186} INFO - Started process (PID=16893) to work on /home/airflow/.local/lib/python3.12/site-packages/airflow/example_dags/example_branch_operator_decorator.py
[2025-04-15T19:44:01.844+0000] {processor.py:914} INFO - Processing file /home/airflow/.local/lib/python3.12/site-packages/airflow/example_dags/example_branch_operator_decorator.py for tasks to queue
[2025-04-15T19:44:01.846+0000] {logging_mixin.py:190} INFO - [2025-04-15T19:44:01.845+0000] {dagbag.py:588} INFO - Filling up the DagBag from /home/airflow/.local/lib/python3.12/site-packages/airflow/example_dags/example_branch_operator_decorator.py
[2025-04-15T19:44:01.878+0000] {processor.py:925} INFO - DAG(s) 'example_branch_python_operator_decorator' retrieved from /home/airflow/.local/lib/python3.12/site-packages/airflow/example_dags/example_branch_operator_decorator.py
[2025-04-15T19:44:01.923+0000] {logging_mixin.py:190} INFO - [2025-04-15T19:44:01.923+0000] {dag.py:3239} INFO - Sync 1 DAGs
[2025-04-15T19:44:01.961+0000] {logging_mixin.py:190} INFO - [2025-04-15T19:44:01.960+0000] {dag.py:4180} INFO - Setting next_dagrun for example_branch_python_operator_decorator to 2025-04-14 00:00:00+00:00, run_after=2025-04-15 00:00:00+00:00
[2025-04-15T19:44:01.994+0000] {processor.py:208} INFO - Processing /home/airflow/.local/lib/python3.12/site-packages/airflow/example_dags/example_branch_operator_decorator.py took 0.159 seconds
[2025-04-15T19:44:33.088+0000] {processor.py:186} INFO - Started process (PID=16960) to work on /home/airflow/.local/lib/python3.12/site-packages/airflow/example_dags/example_branch_operator_decorator.py
[2025-04-15T19:44:33.090+0000] {processor.py:914} INFO - Processing file /home/airflow/.local/lib/python3.12/site-packages/airflow/example_dags/example_branch_operator_decorator.py for tasks to queue
[2025-04-15T19:44:33.092+0000] {logging_mixin.py:190} INFO - [2025-04-15T19:44:33.091+0000] {dagbag.py:588} INFO - Filling up the DagBag from /home/airflow/.local/lib/python3.12/site-packages/airflow/example_dags/example_branch_operator_decorator.py
[2025-04-15T19:44:33.125+0000] {processor.py:925} INFO - DAG(s) 'example_branch_python_operator_decorator' retrieved from /home/airflow/.local/lib/python3.12/site-packages/airflow/example_dags/example_branch_operator_decorator.py
[2025-04-15T19:44:33.173+0000] {logging_mixin.py:190} INFO - [2025-04-15T19:44:33.172+0000] {dag.py:3239} INFO - Sync 1 DAGs
[2025-04-15T19:44:33.210+0000] {logging_mixin.py:190} INFO - [2025-04-15T19:44:33.210+0000] {dag.py:4180} INFO - Setting next_dagrun for example_branch_python_operator_decorator to 2025-04-14 00:00:00+00:00, run_after=2025-04-15 00:00:00+00:00
[2025-04-15T19:44:33.243+0000] {processor.py:208} INFO - Processing /home/airflow/.local/lib/python3.12/site-packages/airflow/example_dags/example_branch_operator_decorator.py took 0.163 seconds
[2025-04-15T19:45:04.256+0000] {processor.py:186} INFO - Started process (PID=17027) to work on /home/airflow/.local/lib/python3.12/site-packages/airflow/example_dags/example_branch_operator_decorator.py
[2025-04-15T19:45:04.258+0000] {processor.py:914} INFO - Processing file /home/airflow/.local/lib/python3.12/site-packages/airflow/example_dags/example_branch_operator_decorator.py for tasks to queue
[2025-04-15T19:45:04.260+0000] {logging_mixin.py:190} INFO - [2025-04-15T19:45:04.259+0000] {dagbag.py:588} INFO - Filling up the DagBag from /home/airflow/.local/lib/python3.12/site-packages/airflow/example_dags/example_branch_operator_decorator.py
[2025-04-15T19:45:04.294+0000] {processor.py:925} INFO - DAG(s) 'example_branch_python_operator_decorator' retrieved from /home/airflow/.local/lib/python3.12/site-packages/airflow/example_dags/example_branch_operator_decorator.py
[2025-04-15T19:45:04.348+0000] {logging_mixin.py:190} INFO - [2025-04-15T19:45:04.348+0000] {dag.py:3239} INFO - Sync 1 DAGs
[2025-04-15T19:45:04.384+0000] {logging_mixin.py:190} INFO - [2025-04-15T19:45:04.384+0000] {dag.py:4180} INFO - Setting next_dagrun for example_branch_python_operator_decorator to 2025-04-14 00:00:00+00:00, run_after=2025-04-15 00:00:00+00:00
[2025-04-15T19:45:04.413+0000] {processor.py:208} INFO - Processing /home/airflow/.local/lib/python3.12/site-packages/airflow/example_dags/example_branch_operator_decorator.py took 0.165 seconds
[2025-04-15T19:45:35.351+0000] {processor.py:186} INFO - Started process (PID=17094) to work on /home/airflow/.local/lib/python3.12/site-packages/airflow/example_dags/example_branch_operator_decorator.py
[2025-04-15T19:45:35.353+0000] {processor.py:914} INFO - Processing file /home/airflow/.local/lib/python3.12/site-packages/airflow/example_dags/example_branch_operator_decorator.py for tasks to queue
[2025-04-15T19:45:35.355+0000] {logging_mixin.py:190} INFO - [2025-04-15T19:45:35.355+0000] {dagbag.py:588} INFO - Filling up the DagBag from /home/airflow/.local/lib/python3.12/site-packages/airflow/example_dags/example_branch_operator_decorator.py
[2025-04-15T19:45:35.388+0000] {processor.py:925} INFO - DAG(s) 'example_branch_python_operator_decorator' retrieved from /home/airflow/.local/lib/python3.12/site-packages/airflow/example_dags/example_branch_operator_decorator.py
[2025-04-15T19:45:35.431+0000] {logging_mixin.py:190} INFO - [2025-04-15T19:45:35.430+0000] {dag.py:3239} INFO - Sync 1 DAGs
[2025-04-15T19:45:35.466+0000] {logging_mixin.py:190} INFO - [2025-04-15T19:45:35.465+0000] {dag.py:4180} INFO - Setting next_dagrun for example_branch_python_operator_decorator to 2025-04-14 00:00:00+00:00, run_after=2025-04-15 00:00:00+00:00
[2025-04-15T19:45:35.495+0000] {processor.py:208} INFO - Processing /home/airflow/.local/lib/python3.12/site-packages/airflow/example_dags/example_branch_operator_decorator.py took 0.152 seconds
[2025-04-15T19:46:05.785+0000] {processor.py:186} INFO - Started process (PID=17160) to work on /home/airflow/.local/lib/python3.12/site-packages/airflow/example_dags/example_branch_operator_decorator.py
[2025-04-15T19:46:05.786+0000] {processor.py:914} INFO - Processing file /home/airflow/.local/lib/python3.12/site-packages/airflow/example_dags/example_branch_operator_decorator.py for tasks to queue
[2025-04-15T19:46:05.787+0000] {logging_mixin.py:190} INFO - [2025-04-15T19:46:05.787+0000] {dagbag.py:588} INFO - Filling up the DagBag from /home/airflow/.local/lib/python3.12/site-packages/airflow/example_dags/example_branch_operator_decorator.py
[2025-04-15T19:46:05.814+0000] {processor.py:925} INFO - DAG(s) 'example_branch_python_operator_decorator' retrieved from /home/airflow/.local/lib/python3.12/site-packages/airflow/example_dags/example_branch_operator_decorator.py
[2025-04-15T19:46:05.857+0000] {logging_mixin.py:190} INFO - [2025-04-15T19:46:05.857+0000] {dag.py:3239} INFO - Sync 1 DAGs
[2025-04-15T19:46:05.891+0000] {logging_mixin.py:190} INFO - [2025-04-15T19:46:05.891+0000] {dag.py:4180} INFO - Setting next_dagrun for example_branch_python_operator_decorator to 2025-04-14 00:00:00+00:00, run_after=2025-04-15 00:00:00+00:00
[2025-04-15T19:46:05.916+0000] {processor.py:208} INFO - Processing /home/airflow/.local/lib/python3.12/site-packages/airflow/example_dags/example_branch_operator_decorator.py took 0.139 seconds
[2025-04-15T19:46:36.382+0000] {processor.py:186} INFO - Started process (PID=17227) to work on /home/airflow/.local/lib/python3.12/site-packages/airflow/example_dags/example_branch_operator_decorator.py
[2025-04-15T19:46:36.384+0000] {processor.py:914} INFO - Processing file /home/airflow/.local/lib/python3.12/site-packages/airflow/example_dags/example_branch_operator_decorator.py for tasks to queue
[2025-04-15T19:46:36.386+0000] {logging_mixin.py:190} INFO - [2025-04-15T19:46:36.386+0000] {dagbag.py:588} INFO - Filling up the DagBag from /home/airflow/.local/lib/python3.12/site-packages/airflow/example_dags/example_branch_operator_decorator.py
[2025-04-15T19:46:36.425+0000] {processor.py:925} INFO - DAG(s) 'example_branch_python_operator_decorator' retrieved from /home/airflow/.local/lib/python3.12/site-packages/airflow/example_dags/example_branch_operator_decorator.py
[2025-04-15T19:46:36.484+0000] {logging_mixin.py:190} INFO - [2025-04-15T19:46:36.484+0000] {dag.py:3239} INFO - Sync 1 DAGs
[2025-04-15T19:46:36.544+0000] {logging_mixin.py:190} INFO - [2025-04-15T19:46:36.543+0000] {dag.py:4180} INFO - Setting next_dagrun for example_branch_python_operator_decorator to 2025-04-14 00:00:00+00:00, run_after=2025-04-15 00:00:00+00:00
[2025-04-15T19:46:36.586+0000] {processor.py:208} INFO - Processing /home/airflow/.local/lib/python3.12/site-packages/airflow/example_dags/example_branch_operator_decorator.py took 0.214 seconds
[2025-04-15T19:47:06.824+0000] {processor.py:186} INFO - Started process (PID=17293) to work on /home/airflow/.local/lib/python3.12/site-packages/airflow/example_dags/example_branch_operator_decorator.py
[2025-04-15T19:47:06.825+0000] {processor.py:914} INFO - Processing file /home/airflow/.local/lib/python3.12/site-packages/airflow/example_dags/example_branch_operator_decorator.py for tasks to queue
[2025-04-15T19:47:06.826+0000] {logging_mixin.py:190} INFO - [2025-04-15T19:47:06.826+0000] {dagbag.py:588} INFO - Filling up the DagBag from /home/airflow/.local/lib/python3.12/site-packages/airflow/example_dags/example_branch_operator_decorator.py
[2025-04-15T19:47:06.853+0000] {processor.py:925} INFO - DAG(s) 'example_branch_python_operator_decorator' retrieved from /home/airflow/.local/lib/python3.12/site-packages/airflow/example_dags/example_branch_operator_decorator.py
[2025-04-15T19:47:06.883+0000] {logging_mixin.py:190} INFO - [2025-04-15T19:47:06.883+0000] {dag.py:3239} INFO - Sync 1 DAGs
[2025-04-15T19:47:06.907+0000] {logging_mixin.py:190} INFO - [2025-04-15T19:47:06.906+0000] {dag.py:4180} INFO - Setting next_dagrun for example_branch_python_operator_decorator to 2025-04-14 00:00:00+00:00, run_after=2025-04-15 00:00:00+00:00
[2025-04-15T19:47:06.928+0000] {processor.py:208} INFO - Processing /home/airflow/.local/lib/python3.12/site-packages/airflow/example_dags/example_branch_operator_decorator.py took 0.110 seconds
[2025-04-15T19:47:37.654+0000] {processor.py:186} INFO - Started process (PID=17360) to work on /home/airflow/.local/lib/python3.12/site-packages/airflow/example_dags/example_branch_operator_decorator.py
[2025-04-15T19:47:37.655+0000] {processor.py:914} INFO - Processing file /home/airflow/.local/lib/python3.12/site-packages/airflow/example_dags/example_branch_operator_decorator.py for tasks to queue
[2025-04-15T19:47:37.658+0000] {logging_mixin.py:190} INFO - [2025-04-15T19:47:37.657+0000] {dagbag.py:588} INFO - Filling up the DagBag from /home/airflow/.local/lib/python3.12/site-packages/airflow/example_dags/example_branch_operator_decorator.py
[2025-04-15T19:47:37.702+0000] {processor.py:925} INFO - DAG(s) 'example_branch_python_operator_decorator' retrieved from /home/airflow/.local/lib/python3.12/site-packages/airflow/example_dags/example_branch_operator_decorator.py
[2025-04-15T19:47:37.759+0000] {logging_mixin.py:190} INFO - [2025-04-15T19:47:37.759+0000] {dag.py:3239} INFO - Sync 1 DAGs
[2025-04-15T19:47:37.808+0000] {logging_mixin.py:190} INFO - [2025-04-15T19:47:37.808+0000] {dag.py:4180} INFO - Setting next_dagrun for example_branch_python_operator_decorator to 2025-04-14 00:00:00+00:00, run_after=2025-04-15 00:00:00+00:00
[2025-04-15T19:47:37.837+0000] {processor.py:208} INFO - Processing /home/airflow/.local/lib/python3.12/site-packages/airflow/example_dags/example_branch_operator_decorator.py took 0.194 seconds
[2025-04-15T19:48:08.210+0000] {processor.py:186} INFO - Started process (PID=17425) to work on /home/airflow/.local/lib/python3.12/site-packages/airflow/example_dags/example_branch_operator_decorator.py
[2025-04-15T19:48:08.211+0000] {processor.py:914} INFO - Processing file /home/airflow/.local/lib/python3.12/site-packages/airflow/example_dags/example_branch_operator_decorator.py for tasks to queue
[2025-04-15T19:48:08.213+0000] {logging_mixin.py:190} INFO - [2025-04-15T19:48:08.213+0000] {dagbag.py:588} INFO - Filling up the DagBag from /home/airflow/.local/lib/python3.12/site-packages/airflow/example_dags/example_branch_operator_decorator.py
[2025-04-15T19:48:08.251+0000] {processor.py:925} INFO - DAG(s) 'example_branch_python_operator_decorator' retrieved from /home/airflow/.local/lib/python3.12/site-packages/airflow/example_dags/example_branch_operator_decorator.py
[2025-04-15T19:48:08.300+0000] {logging_mixin.py:190} INFO - [2025-04-15T19:48:08.300+0000] {dag.py:3239} INFO - Sync 1 DAGs
[2025-04-15T19:48:08.337+0000] {logging_mixin.py:190} INFO - [2025-04-15T19:48:08.337+0000] {dag.py:4180} INFO - Setting next_dagrun for example_branch_python_operator_decorator to 2025-04-14 00:00:00+00:00, run_after=2025-04-15 00:00:00+00:00
[2025-04-15T19:48:08.367+0000] {processor.py:208} INFO - Processing /home/airflow/.local/lib/python3.12/site-packages/airflow/example_dags/example_branch_operator_decorator.py took 0.167 seconds
[2025-04-15T19:48:39.085+0000] {processor.py:186} INFO - Started process (PID=17492) to work on /home/airflow/.local/lib/python3.12/site-packages/airflow/example_dags/example_branch_operator_decorator.py
[2025-04-15T19:48:39.087+0000] {processor.py:914} INFO - Processing file /home/airflow/.local/lib/python3.12/site-packages/airflow/example_dags/example_branch_operator_decorator.py for tasks to queue
[2025-04-15T19:48:39.089+0000] {logging_mixin.py:190} INFO - [2025-04-15T19:48:39.088+0000] {dagbag.py:588} INFO - Filling up the DagBag from /home/airflow/.local/lib/python3.12/site-packages/airflow/example_dags/example_branch_operator_decorator.py
[2025-04-15T19:48:39.130+0000] {processor.py:925} INFO - DAG(s) 'example_branch_python_operator_decorator' retrieved from /home/airflow/.local/lib/python3.12/site-packages/airflow/example_dags/example_branch_operator_decorator.py
[2025-04-15T19:48:39.194+0000] {logging_mixin.py:190} INFO - [2025-04-15T19:48:39.193+0000] {dag.py:3239} INFO - Sync 1 DAGs
[2025-04-15T19:48:39.291+0000] {logging_mixin.py:190} INFO - [2025-04-15T19:48:39.290+0000] {dag.py:4180} INFO - Setting next_dagrun for example_branch_python_operator_decorator to 2025-04-14 00:00:00+00:00, run_after=2025-04-15 00:00:00+00:00
[2025-04-15T19:48:39.333+0000] {processor.py:208} INFO - Processing /home/airflow/.local/lib/python3.12/site-packages/airflow/example_dags/example_branch_operator_decorator.py took 0.259 seconds
[2025-04-15T19:49:09.769+0000] {processor.py:186} INFO - Started process (PID=17559) to work on /home/airflow/.local/lib/python3.12/site-packages/airflow/example_dags/example_branch_operator_decorator.py
[2025-04-15T19:49:09.770+0000] {processor.py:914} INFO - Processing file /home/airflow/.local/lib/python3.12/site-packages/airflow/example_dags/example_branch_operator_decorator.py for tasks to queue
[2025-04-15T19:49:09.772+0000] {logging_mixin.py:190} INFO - [2025-04-15T19:49:09.772+0000] {dagbag.py:588} INFO - Filling up the DagBag from /home/airflow/.local/lib/python3.12/site-packages/airflow/example_dags/example_branch_operator_decorator.py
[2025-04-15T19:49:09.807+0000] {processor.py:925} INFO - DAG(s) 'example_branch_python_operator_decorator' retrieved from /home/airflow/.local/lib/python3.12/site-packages/airflow/example_dags/example_branch_operator_decorator.py
[2025-04-15T19:49:09.859+0000] {logging_mixin.py:190} INFO - [2025-04-15T19:49:09.859+0000] {dag.py:3239} INFO - Sync 1 DAGs
[2025-04-15T19:49:09.900+0000] {logging_mixin.py:190} INFO - [2025-04-15T19:49:09.900+0000] {dag.py:4180} INFO - Setting next_dagrun for example_branch_python_operator_decorator to 2025-04-14 00:00:00+00:00, run_after=2025-04-15 00:00:00+00:00
[2025-04-15T19:49:09.933+0000] {processor.py:208} INFO - Processing /home/airflow/.local/lib/python3.12/site-packages/airflow/example_dags/example_branch_operator_decorator.py took 0.172 seconds
[2025-04-15T19:49:40.063+0000] {processor.py:186} INFO - Started process (PID=17626) to work on /home/airflow/.local/lib/python3.12/site-packages/airflow/example_dags/example_branch_operator_decorator.py
[2025-04-15T19:49:40.064+0000] {processor.py:914} INFO - Processing file /home/airflow/.local/lib/python3.12/site-packages/airflow/example_dags/example_branch_operator_decorator.py for tasks to queue
[2025-04-15T19:49:40.066+0000] {logging_mixin.py:190} INFO - [2025-04-15T19:49:40.065+0000] {dagbag.py:588} INFO - Filling up the DagBag from /home/airflow/.local/lib/python3.12/site-packages/airflow/example_dags/example_branch_operator_decorator.py
[2025-04-15T19:49:40.088+0000] {processor.py:925} INFO - DAG(s) 'example_branch_python_operator_decorator' retrieved from /home/airflow/.local/lib/python3.12/site-packages/airflow/example_dags/example_branch_operator_decorator.py
[2025-04-15T19:49:40.122+0000] {logging_mixin.py:190} INFO - [2025-04-15T19:49:40.122+0000] {dag.py:3239} INFO - Sync 1 DAGs
[2025-04-15T19:49:40.148+0000] {logging_mixin.py:190} INFO - [2025-04-15T19:49:40.148+0000] {dag.py:4180} INFO - Setting next_dagrun for example_branch_python_operator_decorator to 2025-04-14 00:00:00+00:00, run_after=2025-04-15 00:00:00+00:00
[2025-04-15T19:49:40.173+0000] {processor.py:208} INFO - Processing /home/airflow/.local/lib/python3.12/site-packages/airflow/example_dags/example_branch_operator_decorator.py took 0.115 seconds
[2025-04-15T19:50:10.322+0000] {processor.py:186} INFO - Started process (PID=17693) to work on /home/airflow/.local/lib/python3.12/site-packages/airflow/example_dags/example_branch_operator_decorator.py
[2025-04-15T19:50:10.324+0000] {processor.py:914} INFO - Processing file /home/airflow/.local/lib/python3.12/site-packages/airflow/example_dags/example_branch_operator_decorator.py for tasks to queue
[2025-04-15T19:50:10.326+0000] {logging_mixin.py:190} INFO - [2025-04-15T19:50:10.325+0000] {dagbag.py:588} INFO - Filling up the DagBag from /home/airflow/.local/lib/python3.12/site-packages/airflow/example_dags/example_branch_operator_decorator.py
[2025-04-15T19:50:10.359+0000] {processor.py:925} INFO - DAG(s) 'example_branch_python_operator_decorator' retrieved from /home/airflow/.local/lib/python3.12/site-packages/airflow/example_dags/example_branch_operator_decorator.py
[2025-04-15T19:50:10.412+0000] {logging_mixin.py:190} INFO - [2025-04-15T19:50:10.411+0000] {dag.py:3239} INFO - Sync 1 DAGs
[2025-04-15T19:50:10.463+0000] {logging_mixin.py:190} INFO - [2025-04-15T19:50:10.463+0000] {dag.py:4180} INFO - Setting next_dagrun for example_branch_python_operator_decorator to 2025-04-14 00:00:00+00:00, run_after=2025-04-15 00:00:00+00:00
[2025-04-15T19:50:10.497+0000] {processor.py:208} INFO - Processing /home/airflow/.local/lib/python3.12/site-packages/airflow/example_dags/example_branch_operator_decorator.py took 0.184 seconds
[2025-04-15T19:50:41.116+0000] {processor.py:186} INFO - Started process (PID=17760) to work on /home/airflow/.local/lib/python3.12/site-packages/airflow/example_dags/example_branch_operator_decorator.py
[2025-04-15T19:50:41.118+0000] {processor.py:914} INFO - Processing file /home/airflow/.local/lib/python3.12/site-packages/airflow/example_dags/example_branch_operator_decorator.py for tasks to queue
[2025-04-15T19:50:41.120+0000] {logging_mixin.py:190} INFO - [2025-04-15T19:50:41.119+0000] {dagbag.py:588} INFO - Filling up the DagBag from /home/airflow/.local/lib/python3.12/site-packages/airflow/example_dags/example_branch_operator_decorator.py
[2025-04-15T19:50:41.158+0000] {processor.py:925} INFO - DAG(s) 'example_branch_python_operator_decorator' retrieved from /home/airflow/.local/lib/python3.12/site-packages/airflow/example_dags/example_branch_operator_decorator.py
[2025-04-15T19:50:41.208+0000] {logging_mixin.py:190} INFO - [2025-04-15T19:50:41.207+0000] {dag.py:3239} INFO - Sync 1 DAGs
[2025-04-15T19:50:41.248+0000] {logging_mixin.py:190} INFO - [2025-04-15T19:50:41.248+0000] {dag.py:4180} INFO - Setting next_dagrun for example_branch_python_operator_decorator to 2025-04-14 00:00:00+00:00, run_after=2025-04-15 00:00:00+00:00
[2025-04-15T19:50:41.281+0000] {processor.py:208} INFO - Processing /home/airflow/.local/lib/python3.12/site-packages/airflow/example_dags/example_branch_operator_decorator.py took 0.174 seconds
[2025-04-15T19:51:11.713+0000] {processor.py:186} INFO - Started process (PID=17827) to work on /home/airflow/.local/lib/python3.12/site-packages/airflow/example_dags/example_branch_operator_decorator.py
[2025-04-15T19:51:11.715+0000] {processor.py:914} INFO - Processing file /home/airflow/.local/lib/python3.12/site-packages/airflow/example_dags/example_branch_operator_decorator.py for tasks to queue
[2025-04-15T19:51:11.716+0000] {logging_mixin.py:190} INFO - [2025-04-15T19:51:11.716+0000] {dagbag.py:588} INFO - Filling up the DagBag from /home/airflow/.local/lib/python3.12/site-packages/airflow/example_dags/example_branch_operator_decorator.py
[2025-04-15T19:51:11.749+0000] {processor.py:925} INFO - DAG(s) 'example_branch_python_operator_decorator' retrieved from /home/airflow/.local/lib/python3.12/site-packages/airflow/example_dags/example_branch_operator_decorator.py
[2025-04-15T19:51:11.798+0000] {logging_mixin.py:190} INFO - [2025-04-15T19:51:11.797+0000] {dag.py:3239} INFO - Sync 1 DAGs
[2025-04-15T19:51:11.841+0000] {logging_mixin.py:190} INFO - [2025-04-15T19:51:11.840+0000] {dag.py:4180} INFO - Setting next_dagrun for example_branch_python_operator_decorator to 2025-04-14 00:00:00+00:00, run_after=2025-04-15 00:00:00+00:00
[2025-04-15T19:51:11.871+0000] {processor.py:208} INFO - Processing /home/airflow/.local/lib/python3.12/site-packages/airflow/example_dags/example_branch_operator_decorator.py took 0.166 seconds
[2025-04-15T19:51:42.515+0000] {processor.py:186} INFO - Started process (PID=17894) to work on /home/airflow/.local/lib/python3.12/site-packages/airflow/example_dags/example_branch_operator_decorator.py
[2025-04-15T19:51:42.517+0000] {processor.py:914} INFO - Processing file /home/airflow/.local/lib/python3.12/site-packages/airflow/example_dags/example_branch_operator_decorator.py for tasks to queue
[2025-04-15T19:51:42.518+0000] {logging_mixin.py:190} INFO - [2025-04-15T19:51:42.518+0000] {dagbag.py:588} INFO - Filling up the DagBag from /home/airflow/.local/lib/python3.12/site-packages/airflow/example_dags/example_branch_operator_decorator.py
[2025-04-15T19:51:42.542+0000] {processor.py:925} INFO - DAG(s) 'example_branch_python_operator_decorator' retrieved from /home/airflow/.local/lib/python3.12/site-packages/airflow/example_dags/example_branch_operator_decorator.py
[2025-04-15T19:51:42.579+0000] {logging_mixin.py:190} INFO - [2025-04-15T19:51:42.579+0000] {dag.py:3239} INFO - Sync 1 DAGs
[2025-04-15T19:51:42.618+0000] {logging_mixin.py:190} INFO - [2025-04-15T19:51:42.618+0000] {dag.py:4180} INFO - Setting next_dagrun for example_branch_python_operator_decorator to 2025-04-14 00:00:00+00:00, run_after=2025-04-15 00:00:00+00:00
[2025-04-15T19:51:42.648+0000] {processor.py:208} INFO - Processing /home/airflow/.local/lib/python3.12/site-packages/airflow/example_dags/example_branch_operator_decorator.py took 0.140 seconds
[2025-04-15T19:52:13.306+0000] {processor.py:186} INFO - Started process (PID=17961) to work on /home/airflow/.local/lib/python3.12/site-packages/airflow/example_dags/example_branch_operator_decorator.py
[2025-04-15T19:52:13.308+0000] {processor.py:914} INFO - Processing file /home/airflow/.local/lib/python3.12/site-packages/airflow/example_dags/example_branch_operator_decorator.py for tasks to queue
[2025-04-15T19:52:13.310+0000] {logging_mixin.py:190} INFO - [2025-04-15T19:52:13.310+0000] {dagbag.py:588} INFO - Filling up the DagBag from /home/airflow/.local/lib/python3.12/site-packages/airflow/example_dags/example_branch_operator_decorator.py
[2025-04-15T19:52:13.344+0000] {processor.py:925} INFO - DAG(s) 'example_branch_python_operator_decorator' retrieved from /home/airflow/.local/lib/python3.12/site-packages/airflow/example_dags/example_branch_operator_decorator.py
[2025-04-15T19:52:13.394+0000] {logging_mixin.py:190} INFO - [2025-04-15T19:52:13.394+0000] {dag.py:3239} INFO - Sync 1 DAGs
[2025-04-15T19:52:13.437+0000] {logging_mixin.py:190} INFO - [2025-04-15T19:52:13.436+0000] {dag.py:4180} INFO - Setting next_dagrun for example_branch_python_operator_decorator to 2025-04-14 00:00:00+00:00, run_after=2025-04-15 00:00:00+00:00
[2025-04-15T19:52:13.468+0000] {processor.py:208} INFO - Processing /home/airflow/.local/lib/python3.12/site-packages/airflow/example_dags/example_branch_operator_decorator.py took 0.169 seconds
[2025-04-15T19:52:43.852+0000] {processor.py:186} INFO - Started process (PID=18028) to work on /home/airflow/.local/lib/python3.12/site-packages/airflow/example_dags/example_branch_operator_decorator.py
[2025-04-15T19:52:43.854+0000] {processor.py:914} INFO - Processing file /home/airflow/.local/lib/python3.12/site-packages/airflow/example_dags/example_branch_operator_decorator.py for tasks to queue
[2025-04-15T19:52:43.855+0000] {logging_mixin.py:190} INFO - [2025-04-15T19:52:43.855+0000] {dagbag.py:588} INFO - Filling up the DagBag from /home/airflow/.local/lib/python3.12/site-packages/airflow/example_dags/example_branch_operator_decorator.py
[2025-04-15T19:52:43.888+0000] {processor.py:925} INFO - DAG(s) 'example_branch_python_operator_decorator' retrieved from /home/airflow/.local/lib/python3.12/site-packages/airflow/example_dags/example_branch_operator_decorator.py
[2025-04-15T19:52:43.932+0000] {logging_mixin.py:190} INFO - [2025-04-15T19:52:43.932+0000] {dag.py:3239} INFO - Sync 1 DAGs
[2025-04-15T19:52:43.975+0000] {logging_mixin.py:190} INFO - [2025-04-15T19:52:43.975+0000] {dag.py:4180} INFO - Setting next_dagrun for example_branch_python_operator_decorator to 2025-04-14 00:00:00+00:00, run_after=2025-04-15 00:00:00+00:00
[2025-04-15T19:52:44.006+0000] {processor.py:208} INFO - Processing /home/airflow/.local/lib/python3.12/site-packages/airflow/example_dags/example_branch_operator_decorator.py took 0.164 seconds
[2025-04-15T19:53:14.212+0000] {processor.py:186} INFO - Started process (PID=18095) to work on /home/airflow/.local/lib/python3.12/site-packages/airflow/example_dags/example_branch_operator_decorator.py
[2025-04-15T19:53:14.213+0000] {processor.py:914} INFO - Processing file /home/airflow/.local/lib/python3.12/site-packages/airflow/example_dags/example_branch_operator_decorator.py for tasks to queue
[2025-04-15T19:53:14.217+0000] {logging_mixin.py:190} INFO - [2025-04-15T19:53:14.216+0000] {dagbag.py:588} INFO - Filling up the DagBag from /home/airflow/.local/lib/python3.12/site-packages/airflow/example_dags/example_branch_operator_decorator.py
[2025-04-15T19:53:14.271+0000] {processor.py:925} INFO - DAG(s) 'example_branch_python_operator_decorator' retrieved from /home/airflow/.local/lib/python3.12/site-packages/airflow/example_dags/example_branch_operator_decorator.py
[2025-04-15T19:53:14.322+0000] {logging_mixin.py:190} INFO - [2025-04-15T19:53:14.321+0000] {dag.py:3239} INFO - Sync 1 DAGs
[2025-04-15T19:53:14.360+0000] {logging_mixin.py:190} INFO - [2025-04-15T19:53:14.359+0000] {dag.py:4180} INFO - Setting next_dagrun for example_branch_python_operator_decorator to 2025-04-14 00:00:00+00:00, run_after=2025-04-15 00:00:00+00:00
[2025-04-15T19:53:14.393+0000] {processor.py:208} INFO - Processing /home/airflow/.local/lib/python3.12/site-packages/airflow/example_dags/example_branch_operator_decorator.py took 0.192 seconds
[2025-04-15T19:53:44.774+0000] {processor.py:186} INFO - Started process (PID=18162) to work on /home/airflow/.local/lib/python3.12/site-packages/airflow/example_dags/example_branch_operator_decorator.py
[2025-04-15T19:53:44.775+0000] {processor.py:914} INFO - Processing file /home/airflow/.local/lib/python3.12/site-packages/airflow/example_dags/example_branch_operator_decorator.py for tasks to queue
[2025-04-15T19:53:44.777+0000] {logging_mixin.py:190} INFO - [2025-04-15T19:53:44.777+0000] {dagbag.py:588} INFO - Filling up the DagBag from /home/airflow/.local/lib/python3.12/site-packages/airflow/example_dags/example_branch_operator_decorator.py
[2025-04-15T19:53:44.817+0000] {processor.py:925} INFO - DAG(s) 'example_branch_python_operator_decorator' retrieved from /home/airflow/.local/lib/python3.12/site-packages/airflow/example_dags/example_branch_operator_decorator.py
[2025-04-15T19:53:44.865+0000] {logging_mixin.py:190} INFO - [2025-04-15T19:53:44.864+0000] {dag.py:3239} INFO - Sync 1 DAGs
[2025-04-15T19:53:44.906+0000] {logging_mixin.py:190} INFO - [2025-04-15T19:53:44.906+0000] {dag.py:4180} INFO - Setting next_dagrun for example_branch_python_operator_decorator to 2025-04-14 00:00:00+00:00, run_after=2025-04-15 00:00:00+00:00
[2025-04-15T19:53:44.939+0000] {processor.py:208} INFO - Processing /home/airflow/.local/lib/python3.12/site-packages/airflow/example_dags/example_branch_operator_decorator.py took 0.175 seconds
[2025-04-15T19:54:15.237+0000] {processor.py:186} INFO - Started process (PID=18229) to work on /home/airflow/.local/lib/python3.12/site-packages/airflow/example_dags/example_branch_operator_decorator.py
[2025-04-15T19:54:15.238+0000] {processor.py:914} INFO - Processing file /home/airflow/.local/lib/python3.12/site-packages/airflow/example_dags/example_branch_operator_decorator.py for tasks to queue
[2025-04-15T19:54:15.240+0000] {logging_mixin.py:190} INFO - [2025-04-15T19:54:15.240+0000] {dagbag.py:588} INFO - Filling up the DagBag from /home/airflow/.local/lib/python3.12/site-packages/airflow/example_dags/example_branch_operator_decorator.py
[2025-04-15T19:54:15.280+0000] {processor.py:925} INFO - DAG(s) 'example_branch_python_operator_decorator' retrieved from /home/airflow/.local/lib/python3.12/site-packages/airflow/example_dags/example_branch_operator_decorator.py
[2025-04-15T19:54:15.325+0000] {logging_mixin.py:190} INFO - [2025-04-15T19:54:15.324+0000] {dag.py:3239} INFO - Sync 1 DAGs
[2025-04-15T19:54:15.363+0000] {logging_mixin.py:190} INFO - [2025-04-15T19:54:15.363+0000] {dag.py:4180} INFO - Setting next_dagrun for example_branch_python_operator_decorator to 2025-04-14 00:00:00+00:00, run_after=2025-04-15 00:00:00+00:00
[2025-04-15T19:54:15.392+0000] {processor.py:208} INFO - Processing /home/airflow/.local/lib/python3.12/site-packages/airflow/example_dags/example_branch_operator_decorator.py took 0.164 seconds
[2025-04-15T19:54:45.626+0000] {processor.py:186} INFO - Started process (PID=18296) to work on /home/airflow/.local/lib/python3.12/site-packages/airflow/example_dags/example_branch_operator_decorator.py
[2025-04-15T19:54:45.627+0000] {processor.py:914} INFO - Processing file /home/airflow/.local/lib/python3.12/site-packages/airflow/example_dags/example_branch_operator_decorator.py for tasks to queue
[2025-04-15T19:54:45.629+0000] {logging_mixin.py:190} INFO - [2025-04-15T19:54:45.629+0000] {dagbag.py:588} INFO - Filling up the DagBag from /home/airflow/.local/lib/python3.12/site-packages/airflow/example_dags/example_branch_operator_decorator.py
[2025-04-15T19:54:45.664+0000] {processor.py:925} INFO - DAG(s) 'example_branch_python_operator_decorator' retrieved from /home/airflow/.local/lib/python3.12/site-packages/airflow/example_dags/example_branch_operator_decorator.py
[2025-04-15T19:54:45.712+0000] {logging_mixin.py:190} INFO - [2025-04-15T19:54:45.711+0000] {dag.py:3239} INFO - Sync 1 DAGs
[2025-04-15T19:54:45.748+0000] {logging_mixin.py:190} INFO - [2025-04-15T19:54:45.748+0000] {dag.py:4180} INFO - Setting next_dagrun for example_branch_python_operator_decorator to 2025-04-14 00:00:00+00:00, run_after=2025-04-15 00:00:00+00:00
[2025-04-15T19:54:45.779+0000] {processor.py:208} INFO - Processing /home/airflow/.local/lib/python3.12/site-packages/airflow/example_dags/example_branch_operator_decorator.py took 0.162 seconds
[2025-04-15T19:55:16.424+0000] {processor.py:186} INFO - Started process (PID=18363) to work on /home/airflow/.local/lib/python3.12/site-packages/airflow/example_dags/example_branch_operator_decorator.py
[2025-04-15T19:55:16.426+0000] {processor.py:914} INFO - Processing file /home/airflow/.local/lib/python3.12/site-packages/airflow/example_dags/example_branch_operator_decorator.py for tasks to queue
[2025-04-15T19:55:16.428+0000] {logging_mixin.py:190} INFO - [2025-04-15T19:55:16.428+0000] {dagbag.py:588} INFO - Filling up the DagBag from /home/airflow/.local/lib/python3.12/site-packages/airflow/example_dags/example_branch_operator_decorator.py
[2025-04-15T19:55:16.464+0000] {processor.py:925} INFO - DAG(s) 'example_branch_python_operator_decorator' retrieved from /home/airflow/.local/lib/python3.12/site-packages/airflow/example_dags/example_branch_operator_decorator.py
[2025-04-15T19:55:16.515+0000] {logging_mixin.py:190} INFO - [2025-04-15T19:55:16.515+0000] {dag.py:3239} INFO - Sync 1 DAGs
[2025-04-15T19:55:16.558+0000] {logging_mixin.py:190} INFO - [2025-04-15T19:55:16.557+0000] {dag.py:4180} INFO - Setting next_dagrun for example_branch_python_operator_decorator to 2025-04-14 00:00:00+00:00, run_after=2025-04-15 00:00:00+00:00
[2025-04-15T19:55:16.586+0000] {processor.py:208} INFO - Processing /home/airflow/.local/lib/python3.12/site-packages/airflow/example_dags/example_branch_operator_decorator.py took 0.170 seconds
[2025-04-15T19:55:46.902+0000] {processor.py:186} INFO - Started process (PID=18430) to work on /home/airflow/.local/lib/python3.12/site-packages/airflow/example_dags/example_branch_operator_decorator.py
[2025-04-15T19:55:46.905+0000] {processor.py:914} INFO - Processing file /home/airflow/.local/lib/python3.12/site-packages/airflow/example_dags/example_branch_operator_decorator.py for tasks to queue
[2025-04-15T19:55:46.910+0000] {logging_mixin.py:190} INFO - [2025-04-15T19:55:46.910+0000] {dagbag.py:588} INFO - Filling up the DagBag from /home/airflow/.local/lib/python3.12/site-packages/airflow/example_dags/example_branch_operator_decorator.py
[2025-04-15T19:55:46.963+0000] {processor.py:925} INFO - DAG(s) 'example_branch_python_operator_decorator' retrieved from /home/airflow/.local/lib/python3.12/site-packages/airflow/example_dags/example_branch_operator_decorator.py
[2025-04-15T19:55:47.009+0000] {logging_mixin.py:190} INFO - [2025-04-15T19:55:47.009+0000] {dag.py:3239} INFO - Sync 1 DAGs
[2025-04-15T19:55:47.047+0000] {logging_mixin.py:190} INFO - [2025-04-15T19:55:47.047+0000] {dag.py:4180} INFO - Setting next_dagrun for example_branch_python_operator_decorator to 2025-04-14 00:00:00+00:00, run_after=2025-04-15 00:00:00+00:00
[2025-04-15T19:55:47.079+0000] {processor.py:208} INFO - Processing /home/airflow/.local/lib/python3.12/site-packages/airflow/example_dags/example_branch_operator_decorator.py took 0.198 seconds
[2025-04-15T19:56:17.274+0000] {processor.py:186} INFO - Started process (PID=18497) to work on /home/airflow/.local/lib/python3.12/site-packages/airflow/example_dags/example_branch_operator_decorator.py
[2025-04-15T19:56:17.276+0000] {processor.py:914} INFO - Processing file /home/airflow/.local/lib/python3.12/site-packages/airflow/example_dags/example_branch_operator_decorator.py for tasks to queue
[2025-04-15T19:56:17.278+0000] {logging_mixin.py:190} INFO - [2025-04-15T19:56:17.278+0000] {dagbag.py:588} INFO - Filling up the DagBag from /home/airflow/.local/lib/python3.12/site-packages/airflow/example_dags/example_branch_operator_decorator.py
[2025-04-15T19:56:17.304+0000] {processor.py:925} INFO - DAG(s) 'example_branch_python_operator_decorator' retrieved from /home/airflow/.local/lib/python3.12/site-packages/airflow/example_dags/example_branch_operator_decorator.py
[2025-04-15T19:56:17.334+0000] {logging_mixin.py:190} INFO - [2025-04-15T19:56:17.334+0000] {dag.py:3239} INFO - Sync 1 DAGs
[2025-04-15T19:56:17.361+0000] {logging_mixin.py:190} INFO - [2025-04-15T19:56:17.360+0000] {dag.py:4180} INFO - Setting next_dagrun for example_branch_python_operator_decorator to 2025-04-14 00:00:00+00:00, run_after=2025-04-15 00:00:00+00:00
[2025-04-15T19:56:17.382+0000] {processor.py:208} INFO - Processing /home/airflow/.local/lib/python3.12/site-packages/airflow/example_dags/example_branch_operator_decorator.py took 0.113 seconds
[2025-04-15T19:56:47.931+0000] {processor.py:186} INFO - Started process (PID=18564) to work on /home/airflow/.local/lib/python3.12/site-packages/airflow/example_dags/example_branch_operator_decorator.py
[2025-04-15T19:56:47.932+0000] {processor.py:914} INFO - Processing file /home/airflow/.local/lib/python3.12/site-packages/airflow/example_dags/example_branch_operator_decorator.py for tasks to queue
[2025-04-15T19:56:47.934+0000] {logging_mixin.py:190} INFO - [2025-04-15T19:56:47.934+0000] {dagbag.py:588} INFO - Filling up the DagBag from /home/airflow/.local/lib/python3.12/site-packages/airflow/example_dags/example_branch_operator_decorator.py
[2025-04-15T19:56:47.971+0000] {processor.py:925} INFO - DAG(s) 'example_branch_python_operator_decorator' retrieved from /home/airflow/.local/lib/python3.12/site-packages/airflow/example_dags/example_branch_operator_decorator.py
[2025-04-15T19:56:48.020+0000] {logging_mixin.py:190} INFO - [2025-04-15T19:56:48.020+0000] {dag.py:3239} INFO - Sync 1 DAGs
[2025-04-15T19:56:48.060+0000] {logging_mixin.py:190} INFO - [2025-04-15T19:56:48.060+0000] {dag.py:4180} INFO - Setting next_dagrun for example_branch_python_operator_decorator to 2025-04-14 00:00:00+00:00, run_after=2025-04-15 00:00:00+00:00
[2025-04-15T19:56:48.091+0000] {processor.py:208} INFO - Processing /home/airflow/.local/lib/python3.12/site-packages/airflow/example_dags/example_branch_operator_decorator.py took 0.170 seconds
[2025-04-15T19:57:18.248+0000] {processor.py:186} INFO - Started process (PID=18630) to work on /home/airflow/.local/lib/python3.12/site-packages/airflow/example_dags/example_branch_operator_decorator.py
[2025-04-15T19:57:18.249+0000] {processor.py:914} INFO - Processing file /home/airflow/.local/lib/python3.12/site-packages/airflow/example_dags/example_branch_operator_decorator.py for tasks to queue
[2025-04-15T19:57:18.251+0000] {logging_mixin.py:190} INFO - [2025-04-15T19:57:18.250+0000] {dagbag.py:588} INFO - Filling up the DagBag from /home/airflow/.local/lib/python3.12/site-packages/airflow/example_dags/example_branch_operator_decorator.py
[2025-04-15T19:57:18.292+0000] {processor.py:925} INFO - DAG(s) 'example_branch_python_operator_decorator' retrieved from /home/airflow/.local/lib/python3.12/site-packages/airflow/example_dags/example_branch_operator_decorator.py
[2025-04-15T19:57:18.344+0000] {logging_mixin.py:190} INFO - [2025-04-15T19:57:18.343+0000] {dag.py:3239} INFO - Sync 1 DAGs
[2025-04-15T19:57:18.393+0000] {logging_mixin.py:190} INFO - [2025-04-15T19:57:18.393+0000] {dag.py:4180} INFO - Setting next_dagrun for example_branch_python_operator_decorator to 2025-04-14 00:00:00+00:00, run_after=2025-04-15 00:00:00+00:00
[2025-04-15T19:57:18.428+0000] {processor.py:208} INFO - Processing /home/airflow/.local/lib/python3.12/site-packages/airflow/example_dags/example_branch_operator_decorator.py took 0.190 seconds
[2025-04-15T19:57:48.868+0000] {processor.py:186} INFO - Started process (PID=18697) to work on /home/airflow/.local/lib/python3.12/site-packages/airflow/example_dags/example_branch_operator_decorator.py
[2025-04-15T19:57:48.869+0000] {processor.py:914} INFO - Processing file /home/airflow/.local/lib/python3.12/site-packages/airflow/example_dags/example_branch_operator_decorator.py for tasks to queue
[2025-04-15T19:57:48.871+0000] {logging_mixin.py:190} INFO - [2025-04-15T19:57:48.870+0000] {dagbag.py:588} INFO - Filling up the DagBag from /home/airflow/.local/lib/python3.12/site-packages/airflow/example_dags/example_branch_operator_decorator.py
[2025-04-15T19:57:48.905+0000] {processor.py:925} INFO - DAG(s) 'example_branch_python_operator_decorator' retrieved from /home/airflow/.local/lib/python3.12/site-packages/airflow/example_dags/example_branch_operator_decorator.py
[2025-04-15T19:57:48.952+0000] {logging_mixin.py:190} INFO - [2025-04-15T19:57:48.952+0000] {dag.py:3239} INFO - Sync 1 DAGs
[2025-04-15T19:57:48.992+0000] {logging_mixin.py:190} INFO - [2025-04-15T19:57:48.992+0000] {dag.py:4180} INFO - Setting next_dagrun for example_branch_python_operator_decorator to 2025-04-14 00:00:00+00:00, run_after=2025-04-15 00:00:00+00:00
[2025-04-15T19:57:49.024+0000] {processor.py:208} INFO - Processing /home/airflow/.local/lib/python3.12/site-packages/airflow/example_dags/example_branch_operator_decorator.py took 0.164 seconds
[2025-04-15T19:58:19.439+0000] {processor.py:186} INFO - Started process (PID=18764) to work on /home/airflow/.local/lib/python3.12/site-packages/airflow/example_dags/example_branch_operator_decorator.py
[2025-04-15T19:58:19.439+0000] {processor.py:914} INFO - Processing file /home/airflow/.local/lib/python3.12/site-packages/airflow/example_dags/example_branch_operator_decorator.py for tasks to queue
[2025-04-15T19:58:19.441+0000] {logging_mixin.py:190} INFO - [2025-04-15T19:58:19.440+0000] {dagbag.py:588} INFO - Filling up the DagBag from /home/airflow/.local/lib/python3.12/site-packages/airflow/example_dags/example_branch_operator_decorator.py
[2025-04-15T19:58:19.463+0000] {processor.py:925} INFO - DAG(s) 'example_branch_python_operator_decorator' retrieved from /home/airflow/.local/lib/python3.12/site-packages/airflow/example_dags/example_branch_operator_decorator.py
[2025-04-15T19:58:19.494+0000] {logging_mixin.py:190} INFO - [2025-04-15T19:58:19.493+0000] {dag.py:3239} INFO - Sync 1 DAGs
[2025-04-15T19:58:19.521+0000] {logging_mixin.py:190} INFO - [2025-04-15T19:58:19.520+0000] {dag.py:4180} INFO - Setting next_dagrun for example_branch_python_operator_decorator to 2025-04-14 00:00:00+00:00, run_after=2025-04-15 00:00:00+00:00
[2025-04-15T19:58:19.548+0000] {processor.py:208} INFO - Processing /home/airflow/.local/lib/python3.12/site-packages/airflow/example_dags/example_branch_operator_decorator.py took 0.115 seconds
[2025-04-15T19:58:49.852+0000] {processor.py:186} INFO - Started process (PID=18831) to work on /home/airflow/.local/lib/python3.12/site-packages/airflow/example_dags/example_branch_operator_decorator.py
[2025-04-15T19:58:49.853+0000] {processor.py:914} INFO - Processing file /home/airflow/.local/lib/python3.12/site-packages/airflow/example_dags/example_branch_operator_decorator.py for tasks to queue
[2025-04-15T19:58:49.855+0000] {logging_mixin.py:190} INFO - [2025-04-15T19:58:49.855+0000] {dagbag.py:588} INFO - Filling up the DagBag from /home/airflow/.local/lib/python3.12/site-packages/airflow/example_dags/example_branch_operator_decorator.py
[2025-04-15T19:58:49.894+0000] {processor.py:925} INFO - DAG(s) 'example_branch_python_operator_decorator' retrieved from /home/airflow/.local/lib/python3.12/site-packages/airflow/example_dags/example_branch_operator_decorator.py
[2025-04-15T19:58:49.948+0000] {logging_mixin.py:190} INFO - [2025-04-15T19:58:49.948+0000] {dag.py:3239} INFO - Sync 1 DAGs
[2025-04-15T19:58:49.992+0000] {logging_mixin.py:190} INFO - [2025-04-15T19:58:49.991+0000] {dag.py:4180} INFO - Setting next_dagrun for example_branch_python_operator_decorator to 2025-04-14 00:00:00+00:00, run_after=2025-04-15 00:00:00+00:00
[2025-04-15T19:58:50.020+0000] {processor.py:208} INFO - Processing /home/airflow/.local/lib/python3.12/site-packages/airflow/example_dags/example_branch_operator_decorator.py took 0.176 seconds
[2025-04-15T19:59:20.303+0000] {processor.py:186} INFO - Started process (PID=18898) to work on /home/airflow/.local/lib/python3.12/site-packages/airflow/example_dags/example_branch_operator_decorator.py
[2025-04-15T19:59:20.304+0000] {processor.py:914} INFO - Processing file /home/airflow/.local/lib/python3.12/site-packages/airflow/example_dags/example_branch_operator_decorator.py for tasks to queue
[2025-04-15T19:59:20.306+0000] {logging_mixin.py:190} INFO - [2025-04-15T19:59:20.306+0000] {dagbag.py:588} INFO - Filling up the DagBag from /home/airflow/.local/lib/python3.12/site-packages/airflow/example_dags/example_branch_operator_decorator.py
[2025-04-15T19:59:20.340+0000] {processor.py:925} INFO - DAG(s) 'example_branch_python_operator_decorator' retrieved from /home/airflow/.local/lib/python3.12/site-packages/airflow/example_dags/example_branch_operator_decorator.py
[2025-04-15T19:59:20.390+0000] {logging_mixin.py:190} INFO - [2025-04-15T19:59:20.390+0000] {dag.py:3239} INFO - Sync 1 DAGs
[2025-04-15T19:59:20.434+0000] {logging_mixin.py:190} INFO - [2025-04-15T19:59:20.434+0000] {dag.py:4180} INFO - Setting next_dagrun for example_branch_python_operator_decorator to 2025-04-14 00:00:00+00:00, run_after=2025-04-15 00:00:00+00:00
[2025-04-15T19:59:20.468+0000] {processor.py:208} INFO - Processing /home/airflow/.local/lib/python3.12/site-packages/airflow/example_dags/example_branch_operator_decorator.py took 0.176 seconds
[2025-04-15T19:59:50.948+0000] {processor.py:186} INFO - Started process (PID=18965) to work on /home/airflow/.local/lib/python3.12/site-packages/airflow/example_dags/example_branch_operator_decorator.py
[2025-04-15T19:59:50.949+0000] {processor.py:914} INFO - Processing file /home/airflow/.local/lib/python3.12/site-packages/airflow/example_dags/example_branch_operator_decorator.py for tasks to queue
[2025-04-15T19:59:50.950+0000] {logging_mixin.py:190} INFO - [2025-04-15T19:59:50.950+0000] {dagbag.py:588} INFO - Filling up the DagBag from /home/airflow/.local/lib/python3.12/site-packages/airflow/example_dags/example_branch_operator_decorator.py
[2025-04-15T19:59:50.995+0000] {processor.py:925} INFO - DAG(s) 'example_branch_python_operator_decorator' retrieved from /home/airflow/.local/lib/python3.12/site-packages/airflow/example_dags/example_branch_operator_decorator.py
[2025-04-15T19:59:51.065+0000] {logging_mixin.py:190} INFO - [2025-04-15T19:59:51.065+0000] {dag.py:3239} INFO - Sync 1 DAGs
[2025-04-15T19:59:51.108+0000] {logging_mixin.py:190} INFO - [2025-04-15T19:59:51.108+0000] {dag.py:4180} INFO - Setting next_dagrun for example_branch_python_operator_decorator to 2025-04-14 00:00:00+00:00, run_after=2025-04-15 00:00:00+00:00
[2025-04-15T19:59:51.132+0000] {processor.py:208} INFO - Processing /home/airflow/.local/lib/python3.12/site-packages/airflow/example_dags/example_branch_operator_decorator.py took 0.192 seconds
[2025-04-15T20:00:21.286+0000] {processor.py:186} INFO - Started process (PID=19032) to work on /home/airflow/.local/lib/python3.12/site-packages/airflow/example_dags/example_branch_operator_decorator.py
[2025-04-15T20:00:21.287+0000] {processor.py:914} INFO - Processing file /home/airflow/.local/lib/python3.12/site-packages/airflow/example_dags/example_branch_operator_decorator.py for tasks to queue
[2025-04-15T20:00:21.289+0000] {logging_mixin.py:190} INFO - [2025-04-15T20:00:21.288+0000] {dagbag.py:588} INFO - Filling up the DagBag from /home/airflow/.local/lib/python3.12/site-packages/airflow/example_dags/example_branch_operator_decorator.py
[2025-04-15T20:00:21.314+0000] {processor.py:925} INFO - DAG(s) 'example_branch_python_operator_decorator' retrieved from /home/airflow/.local/lib/python3.12/site-packages/airflow/example_dags/example_branch_operator_decorator.py
[2025-04-15T20:00:21.348+0000] {logging_mixin.py:190} INFO - [2025-04-15T20:00:21.348+0000] {dag.py:3239} INFO - Sync 1 DAGs
[2025-04-15T20:00:21.374+0000] {logging_mixin.py:190} INFO - [2025-04-15T20:00:21.374+0000] {dag.py:4180} INFO - Setting next_dagrun for example_branch_python_operator_decorator to 2025-04-14 00:00:00+00:00, run_after=2025-04-15 00:00:00+00:00
[2025-04-15T20:00:21.394+0000] {processor.py:208} INFO - Processing /home/airflow/.local/lib/python3.12/site-packages/airflow/example_dags/example_branch_operator_decorator.py took 0.115 seconds
[2025-04-15T20:00:52.086+0000] {processor.py:186} INFO - Started process (PID=19099) to work on /home/airflow/.local/lib/python3.12/site-packages/airflow/example_dags/example_branch_operator_decorator.py
[2025-04-15T20:00:52.087+0000] {processor.py:914} INFO - Processing file /home/airflow/.local/lib/python3.12/site-packages/airflow/example_dags/example_branch_operator_decorator.py for tasks to queue
[2025-04-15T20:00:52.089+0000] {logging_mixin.py:190} INFO - [2025-04-15T20:00:52.089+0000] {dagbag.py:588} INFO - Filling up the DagBag from /home/airflow/.local/lib/python3.12/site-packages/airflow/example_dags/example_branch_operator_decorator.py
[2025-04-15T20:00:52.113+0000] {processor.py:925} INFO - DAG(s) 'example_branch_python_operator_decorator' retrieved from /home/airflow/.local/lib/python3.12/site-packages/airflow/example_dags/example_branch_operator_decorator.py
[2025-04-15T20:00:52.148+0000] {logging_mixin.py:190} INFO - [2025-04-15T20:00:52.148+0000] {dag.py:3239} INFO - Sync 1 DAGs
[2025-04-15T20:00:52.177+0000] {logging_mixin.py:190} INFO - [2025-04-15T20:00:52.177+0000] {dag.py:4180} INFO - Setting next_dagrun for example_branch_python_operator_decorator to 2025-04-14 00:00:00+00:00, run_after=2025-04-15 00:00:00+00:00
[2025-04-15T20:00:52.199+0000] {processor.py:208} INFO - Processing /home/airflow/.local/lib/python3.12/site-packages/airflow/example_dags/example_branch_operator_decorator.py took 0.119 seconds
[2025-04-15T20:01:23.292+0000] {processor.py:186} INFO - Started process (PID=19166) to work on /home/airflow/.local/lib/python3.12/site-packages/airflow/example_dags/example_branch_operator_decorator.py
[2025-04-15T20:01:23.293+0000] {processor.py:914} INFO - Processing file /home/airflow/.local/lib/python3.12/site-packages/airflow/example_dags/example_branch_operator_decorator.py for tasks to queue
[2025-04-15T20:01:23.295+0000] {logging_mixin.py:190} INFO - [2025-04-15T20:01:23.294+0000] {dagbag.py:588} INFO - Filling up the DagBag from /home/airflow/.local/lib/python3.12/site-packages/airflow/example_dags/example_branch_operator_decorator.py
[2025-04-15T20:01:23.333+0000] {processor.py:925} INFO - DAG(s) 'example_branch_python_operator_decorator' retrieved from /home/airflow/.local/lib/python3.12/site-packages/airflow/example_dags/example_branch_operator_decorator.py
[2025-04-15T20:01:23.390+0000] {logging_mixin.py:190} INFO - [2025-04-15T20:01:23.390+0000] {dag.py:3239} INFO - Sync 1 DAGs
[2025-04-15T20:01:23.442+0000] {logging_mixin.py:190} INFO - [2025-04-15T20:01:23.441+0000] {dag.py:4180} INFO - Setting next_dagrun for example_branch_python_operator_decorator to 2025-04-14 00:00:00+00:00, run_after=2025-04-15 00:00:00+00:00
[2025-04-15T20:01:23.482+0000] {processor.py:208} INFO - Processing /home/airflow/.local/lib/python3.12/site-packages/airflow/example_dags/example_branch_operator_decorator.py took 0.201 seconds
[2025-04-15T20:01:53.697+0000] {processor.py:186} INFO - Started process (PID=19232) to work on /home/airflow/.local/lib/python3.12/site-packages/airflow/example_dags/example_branch_operator_decorator.py
[2025-04-15T20:01:53.699+0000] {processor.py:914} INFO - Processing file /home/airflow/.local/lib/python3.12/site-packages/airflow/example_dags/example_branch_operator_decorator.py for tasks to queue
[2025-04-15T20:01:53.702+0000] {logging_mixin.py:190} INFO - [2025-04-15T20:01:53.700+0000] {dagbag.py:588} INFO - Filling up the DagBag from /home/airflow/.local/lib/python3.12/site-packages/airflow/example_dags/example_branch_operator_decorator.py
[2025-04-15T20:01:53.734+0000] {processor.py:925} INFO - DAG(s) 'example_branch_python_operator_decorator' retrieved from /home/airflow/.local/lib/python3.12/site-packages/airflow/example_dags/example_branch_operator_decorator.py
[2025-04-15T20:01:53.780+0000] {logging_mixin.py:190} INFO - [2025-04-15T20:01:53.779+0000] {dag.py:3239} INFO - Sync 1 DAGs
[2025-04-15T20:01:53.823+0000] {logging_mixin.py:190} INFO - [2025-04-15T20:01:53.823+0000] {dag.py:4180} INFO - Setting next_dagrun for example_branch_python_operator_decorator to 2025-04-14 00:00:00+00:00, run_after=2025-04-15 00:00:00+00:00
[2025-04-15T20:01:53.855+0000] {processor.py:208} INFO - Processing /home/airflow/.local/lib/python3.12/site-packages/airflow/example_dags/example_branch_operator_decorator.py took 0.166 seconds
[2025-04-15T20:02:24.259+0000] {processor.py:186} INFO - Started process (PID=19299) to work on /home/airflow/.local/lib/python3.12/site-packages/airflow/example_dags/example_branch_operator_decorator.py
[2025-04-15T20:02:24.260+0000] {processor.py:914} INFO - Processing file /home/airflow/.local/lib/python3.12/site-packages/airflow/example_dags/example_branch_operator_decorator.py for tasks to queue
[2025-04-15T20:02:24.262+0000] {logging_mixin.py:190} INFO - [2025-04-15T20:02:24.261+0000] {dagbag.py:588} INFO - Filling up the DagBag from /home/airflow/.local/lib/python3.12/site-packages/airflow/example_dags/example_branch_operator_decorator.py
[2025-04-15T20:02:24.295+0000] {processor.py:925} INFO - DAG(s) 'example_branch_python_operator_decorator' retrieved from /home/airflow/.local/lib/python3.12/site-packages/airflow/example_dags/example_branch_operator_decorator.py
[2025-04-15T20:02:24.340+0000] {logging_mixin.py:190} INFO - [2025-04-15T20:02:24.340+0000] {dag.py:3239} INFO - Sync 1 DAGs
[2025-04-15T20:02:24.376+0000] {logging_mixin.py:190} INFO - [2025-04-15T20:02:24.376+0000] {dag.py:4180} INFO - Setting next_dagrun for example_branch_python_operator_decorator to 2025-04-14 00:00:00+00:00, run_after=2025-04-15 00:00:00+00:00
[2025-04-15T20:02:24.408+0000] {processor.py:208} INFO - Processing /home/airflow/.local/lib/python3.12/site-packages/airflow/example_dags/example_branch_operator_decorator.py took 0.157 seconds
[2025-04-15T20:02:54.594+0000] {processor.py:186} INFO - Started process (PID=19365) to work on /home/airflow/.local/lib/python3.12/site-packages/airflow/example_dags/example_branch_operator_decorator.py
[2025-04-15T20:02:54.595+0000] {processor.py:914} INFO - Processing file /home/airflow/.local/lib/python3.12/site-packages/airflow/example_dags/example_branch_operator_decorator.py for tasks to queue
[2025-04-15T20:02:54.597+0000] {logging_mixin.py:190} INFO - [2025-04-15T20:02:54.597+0000] {dagbag.py:588} INFO - Filling up the DagBag from /home/airflow/.local/lib/python3.12/site-packages/airflow/example_dags/example_branch_operator_decorator.py
[2025-04-15T20:02:54.628+0000] {processor.py:925} INFO - DAG(s) 'example_branch_python_operator_decorator' retrieved from /home/airflow/.local/lib/python3.12/site-packages/airflow/example_dags/example_branch_operator_decorator.py
[2025-04-15T20:02:54.669+0000] {logging_mixin.py:190} INFO - [2025-04-15T20:02:54.668+0000] {dag.py:3239} INFO - Sync 1 DAGs
[2025-04-15T20:02:54.702+0000] {logging_mixin.py:190} INFO - [2025-04-15T20:02:54.701+0000] {dag.py:4180} INFO - Setting next_dagrun for example_branch_python_operator_decorator to 2025-04-14 00:00:00+00:00, run_after=2025-04-15 00:00:00+00:00
[2025-04-15T20:02:54.728+0000] {processor.py:208} INFO - Processing /home/airflow/.local/lib/python3.12/site-packages/airflow/example_dags/example_branch_operator_decorator.py took 0.141 seconds
[2025-04-15T20:03:26.080+0000] {processor.py:186} INFO - Started process (PID=19432) to work on /home/airflow/.local/lib/python3.12/site-packages/airflow/example_dags/example_branch_operator_decorator.py
[2025-04-15T20:03:26.083+0000] {processor.py:914} INFO - Processing file /home/airflow/.local/lib/python3.12/site-packages/airflow/example_dags/example_branch_operator_decorator.py for tasks to queue
[2025-04-15T20:03:26.085+0000] {logging_mixin.py:190} INFO - [2025-04-15T20:03:26.085+0000] {dagbag.py:588} INFO - Filling up the DagBag from /home/airflow/.local/lib/python3.12/site-packages/airflow/example_dags/example_branch_operator_decorator.py
[2025-04-15T20:03:26.119+0000] {processor.py:925} INFO - DAG(s) 'example_branch_python_operator_decorator' retrieved from /home/airflow/.local/lib/python3.12/site-packages/airflow/example_dags/example_branch_operator_decorator.py
[2025-04-15T20:03:26.171+0000] {logging_mixin.py:190} INFO - [2025-04-15T20:03:26.171+0000] {dag.py:3239} INFO - Sync 1 DAGs
[2025-04-15T20:03:26.210+0000] {logging_mixin.py:190} INFO - [2025-04-15T20:03:26.209+0000] {dag.py:4180} INFO - Setting next_dagrun for example_branch_python_operator_decorator to 2025-04-14 00:00:00+00:00, run_after=2025-04-15 00:00:00+00:00
[2025-04-15T20:03:26.240+0000] {processor.py:208} INFO - Processing /home/airflow/.local/lib/python3.12/site-packages/airflow/example_dags/example_branch_operator_decorator.py took 0.168 seconds
[2025-04-15T20:03:56.376+0000] {processor.py:186} INFO - Started process (PID=19499) to work on /home/airflow/.local/lib/python3.12/site-packages/airflow/example_dags/example_branch_operator_decorator.py
[2025-04-15T20:03:56.377+0000] {processor.py:914} INFO - Processing file /home/airflow/.local/lib/python3.12/site-packages/airflow/example_dags/example_branch_operator_decorator.py for tasks to queue
[2025-04-15T20:03:56.379+0000] {logging_mixin.py:190} INFO - [2025-04-15T20:03:56.379+0000] {dagbag.py:588} INFO - Filling up the DagBag from /home/airflow/.local/lib/python3.12/site-packages/airflow/example_dags/example_branch_operator_decorator.py
[2025-04-15T20:03:56.412+0000] {processor.py:925} INFO - DAG(s) 'example_branch_python_operator_decorator' retrieved from /home/airflow/.local/lib/python3.12/site-packages/airflow/example_dags/example_branch_operator_decorator.py
[2025-04-15T20:03:56.460+0000] {logging_mixin.py:190} INFO - [2025-04-15T20:03:56.460+0000] {dag.py:3239} INFO - Sync 1 DAGs
[2025-04-15T20:03:56.505+0000] {logging_mixin.py:190} INFO - [2025-04-15T20:03:56.504+0000] {dag.py:4180} INFO - Setting next_dagrun for example_branch_python_operator_decorator to 2025-04-14 00:00:00+00:00, run_after=2025-04-15 00:00:00+00:00
[2025-04-15T20:03:56.539+0000] {processor.py:208} INFO - Processing /home/airflow/.local/lib/python3.12/site-packages/airflow/example_dags/example_branch_operator_decorator.py took 0.171 seconds
