[2025-04-15T19:35:32.896+0000] {processor.py:186} INFO - Started process (PID=15781) to work on /home/airflow/.local/lib/python3.12/site-packages/airflow/example_dags/example_latest_only_with_trigger.py
[2025-04-15T19:35:32.898+0000] {processor.py:914} INFO - Processing file /home/airflow/.local/lib/python3.12/site-packages/airflow/example_dags/example_latest_only_with_trigger.py for tasks to queue
[2025-04-15T19:35:32.901+0000] {logging_mixin.py:190} INFO - [2025-04-15T19:35:32.900+0000] {dagbag.py:588} INFO - Filling up the DagBag from /home/airflow/.local/lib/python3.12/site-packages/airflow/example_dags/example_latest_only_with_trigger.py
[2025-04-15T19:35:32.936+0000] {processor.py:925} INFO - DAG(s) 'latest_only_with_trigger' retrieved from /home/airflow/.local/lib/python3.12/site-packages/airflow/example_dags/example_latest_only_with_trigger.py
[2025-04-15T19:35:33.018+0000] {logging_mixin.py:190} INFO - [2025-04-15T19:35:33.016+0000] {dag.py:3239} INFO - Sync 1 DAGs
[2025-04-15T19:35:33.122+0000] {logging_mixin.py:190} INFO - [2025-04-15T19:35:33.121+0000] {dag.py:4180} INFO - Setting next_dagrun for latest_only_with_trigger to 2025-04-15 12:00:00+00:00, run_after=2025-04-15 16:00:00+00:00
[2025-04-15T19:35:33.188+0000] {processor.py:208} INFO - Processing /home/airflow/.local/lib/python3.12/site-packages/airflow/example_dags/example_latest_only_with_trigger.py took 0.306 seconds
[2025-04-15T19:36:04.188+0000] {processor.py:186} INFO - Started process (PID=15848) to work on /home/airflow/.local/lib/python3.12/site-packages/airflow/example_dags/example_latest_only_with_trigger.py
[2025-04-15T19:36:04.190+0000] {processor.py:914} INFO - Processing file /home/airflow/.local/lib/python3.12/site-packages/airflow/example_dags/example_latest_only_with_trigger.py for tasks to queue
[2025-04-15T19:36:04.192+0000] {logging_mixin.py:190} INFO - [2025-04-15T19:36:04.191+0000] {dagbag.py:588} INFO - Filling up the DagBag from /home/airflow/.local/lib/python3.12/site-packages/airflow/example_dags/example_latest_only_with_trigger.py
[2025-04-15T19:36:04.204+0000] {processor.py:925} INFO - DAG(s) 'latest_only_with_trigger' retrieved from /home/airflow/.local/lib/python3.12/site-packages/airflow/example_dags/example_latest_only_with_trigger.py
[2025-04-15T19:36:04.234+0000] {logging_mixin.py:190} INFO - [2025-04-15T19:36:04.234+0000] {dag.py:3239} INFO - Sync 1 DAGs
[2025-04-15T19:36:04.272+0000] {logging_mixin.py:190} INFO - [2025-04-15T19:36:04.271+0000] {dag.py:4180} INFO - Setting next_dagrun for latest_only_with_trigger to 2025-04-15 12:00:00+00:00, run_after=2025-04-15 16:00:00+00:00
[2025-04-15T19:36:04.315+0000] {processor.py:208} INFO - Processing /home/airflow/.local/lib/python3.12/site-packages/airflow/example_dags/example_latest_only_with_trigger.py took 0.137 seconds
[2025-04-15T19:36:34.879+0000] {processor.py:186} INFO - Started process (PID=15914) to work on /home/airflow/.local/lib/python3.12/site-packages/airflow/example_dags/example_latest_only_with_trigger.py
[2025-04-15T19:36:34.881+0000] {processor.py:914} INFO - Processing file /home/airflow/.local/lib/python3.12/site-packages/airflow/example_dags/example_latest_only_with_trigger.py for tasks to queue
[2025-04-15T19:36:34.883+0000] {logging_mixin.py:190} INFO - [2025-04-15T19:36:34.882+0000] {dagbag.py:588} INFO - Filling up the DagBag from /home/airflow/.local/lib/python3.12/site-packages/airflow/example_dags/example_latest_only_with_trigger.py
[2025-04-15T19:36:34.897+0000] {processor.py:925} INFO - DAG(s) 'latest_only_with_trigger' retrieved from /home/airflow/.local/lib/python3.12/site-packages/airflow/example_dags/example_latest_only_with_trigger.py
[2025-04-15T19:36:34.931+0000] {logging_mixin.py:190} INFO - [2025-04-15T19:36:34.930+0000] {dag.py:3239} INFO - Sync 1 DAGs
[2025-04-15T19:36:34.974+0000] {logging_mixin.py:190} INFO - [2025-04-15T19:36:34.973+0000] {dag.py:4180} INFO - Setting next_dagrun for latest_only_with_trigger to 2025-04-15 12:00:00+00:00, run_after=2025-04-15 16:00:00+00:00
[2025-04-15T19:36:35.007+0000] {processor.py:208} INFO - Processing /home/airflow/.local/lib/python3.12/site-packages/airflow/example_dags/example_latest_only_with_trigger.py took 0.138 seconds
[2025-04-15T19:37:05.285+0000] {processor.py:186} INFO - Started process (PID=15980) to work on /home/airflow/.local/lib/python3.12/site-packages/airflow/example_dags/example_latest_only_with_trigger.py
[2025-04-15T19:37:05.287+0000] {processor.py:914} INFO - Processing file /home/airflow/.local/lib/python3.12/site-packages/airflow/example_dags/example_latest_only_with_trigger.py for tasks to queue
[2025-04-15T19:37:05.288+0000] {logging_mixin.py:190} INFO - [2025-04-15T19:37:05.288+0000] {dagbag.py:588} INFO - Filling up the DagBag from /home/airflow/.local/lib/python3.12/site-packages/airflow/example_dags/example_latest_only_with_trigger.py
[2025-04-15T19:37:05.298+0000] {processor.py:925} INFO - DAG(s) 'latest_only_with_trigger' retrieved from /home/airflow/.local/lib/python3.12/site-packages/airflow/example_dags/example_latest_only_with_trigger.py
[2025-04-15T19:37:05.321+0000] {logging_mixin.py:190} INFO - [2025-04-15T19:37:05.321+0000] {dag.py:3239} INFO - Sync 1 DAGs
[2025-04-15T19:37:05.350+0000] {logging_mixin.py:190} INFO - [2025-04-15T19:37:05.350+0000] {dag.py:4180} INFO - Setting next_dagrun for latest_only_with_trigger to 2025-04-15 12:00:00+00:00, run_after=2025-04-15 16:00:00+00:00
[2025-04-15T19:37:05.378+0000] {processor.py:208} INFO - Processing /home/airflow/.local/lib/python3.12/site-packages/airflow/example_dags/example_latest_only_with_trigger.py took 0.099 seconds
[2025-04-15T19:37:36.134+0000] {processor.py:186} INFO - Started process (PID=16047) to work on /home/airflow/.local/lib/python3.12/site-packages/airflow/example_dags/example_latest_only_with_trigger.py
[2025-04-15T19:37:36.135+0000] {processor.py:914} INFO - Processing file /home/airflow/.local/lib/python3.12/site-packages/airflow/example_dags/example_latest_only_with_trigger.py for tasks to queue
[2025-04-15T19:37:36.137+0000] {logging_mixin.py:190} INFO - [2025-04-15T19:37:36.136+0000] {dagbag.py:588} INFO - Filling up the DagBag from /home/airflow/.local/lib/python3.12/site-packages/airflow/example_dags/example_latest_only_with_trigger.py
[2025-04-15T19:37:36.147+0000] {processor.py:925} INFO - DAG(s) 'latest_only_with_trigger' retrieved from /home/airflow/.local/lib/python3.12/site-packages/airflow/example_dags/example_latest_only_with_trigger.py
[2025-04-15T19:37:36.177+0000] {logging_mixin.py:190} INFO - [2025-04-15T19:37:36.177+0000] {dag.py:3239} INFO - Sync 1 DAGs
[2025-04-15T19:37:36.218+0000] {logging_mixin.py:190} INFO - [2025-04-15T19:37:36.218+0000] {dag.py:4180} INFO - Setting next_dagrun for latest_only_with_trigger to 2025-04-15 12:00:00+00:00, run_after=2025-04-15 16:00:00+00:00
[2025-04-15T19:37:36.253+0000] {processor.py:208} INFO - Processing /home/airflow/.local/lib/python3.12/site-packages/airflow/example_dags/example_latest_only_with_trigger.py took 0.127 seconds
[2025-04-15T19:38:06.725+0000] {processor.py:186} INFO - Started process (PID=16113) to work on /home/airflow/.local/lib/python3.12/site-packages/airflow/example_dags/example_latest_only_with_trigger.py
[2025-04-15T19:38:06.726+0000] {processor.py:914} INFO - Processing file /home/airflow/.local/lib/python3.12/site-packages/airflow/example_dags/example_latest_only_with_trigger.py for tasks to queue
[2025-04-15T19:38:06.728+0000] {logging_mixin.py:190} INFO - [2025-04-15T19:38:06.728+0000] {dagbag.py:588} INFO - Filling up the DagBag from /home/airflow/.local/lib/python3.12/site-packages/airflow/example_dags/example_latest_only_with_trigger.py
[2025-04-15T19:38:06.737+0000] {processor.py:925} INFO - DAG(s) 'latest_only_with_trigger' retrieved from /home/airflow/.local/lib/python3.12/site-packages/airflow/example_dags/example_latest_only_with_trigger.py
[2025-04-15T19:38:06.762+0000] {logging_mixin.py:190} INFO - [2025-04-15T19:38:06.762+0000] {dag.py:3239} INFO - Sync 1 DAGs
[2025-04-15T19:38:06.791+0000] {logging_mixin.py:190} INFO - [2025-04-15T19:38:06.791+0000] {dag.py:4180} INFO - Setting next_dagrun for latest_only_with_trigger to 2025-04-15 12:00:00+00:00, run_after=2025-04-15 16:00:00+00:00
[2025-04-15T19:38:06.824+0000] {processor.py:208} INFO - Processing /home/airflow/.local/lib/python3.12/site-packages/airflow/example_dags/example_latest_only_with_trigger.py took 0.106 seconds
[2025-04-15T19:38:37.218+0000] {processor.py:186} INFO - Started process (PID=16180) to work on /home/airflow/.local/lib/python3.12/site-packages/airflow/example_dags/example_latest_only_with_trigger.py
[2025-04-15T19:38:37.219+0000] {processor.py:914} INFO - Processing file /home/airflow/.local/lib/python3.12/site-packages/airflow/example_dags/example_latest_only_with_trigger.py for tasks to queue
[2025-04-15T19:38:37.222+0000] {logging_mixin.py:190} INFO - [2025-04-15T19:38:37.222+0000] {dagbag.py:588} INFO - Filling up the DagBag from /home/airflow/.local/lib/python3.12/site-packages/airflow/example_dags/example_latest_only_with_trigger.py
[2025-04-15T19:38:37.237+0000] {processor.py:925} INFO - DAG(s) 'latest_only_with_trigger' retrieved from /home/airflow/.local/lib/python3.12/site-packages/airflow/example_dags/example_latest_only_with_trigger.py
[2025-04-15T19:38:37.278+0000] {logging_mixin.py:190} INFO - [2025-04-15T19:38:37.277+0000] {dag.py:3239} INFO - Sync 1 DAGs
[2025-04-15T19:38:37.324+0000] {logging_mixin.py:190} INFO - [2025-04-15T19:38:37.323+0000] {dag.py:4180} INFO - Setting next_dagrun for latest_only_with_trigger to 2025-04-15 12:00:00+00:00, run_after=2025-04-15 16:00:00+00:00
[2025-04-15T19:38:37.362+0000] {processor.py:208} INFO - Processing /home/airflow/.local/lib/python3.12/site-packages/airflow/example_dags/example_latest_only_with_trigger.py took 0.152 seconds
[2025-04-15T19:39:08.114+0000] {processor.py:186} INFO - Started process (PID=16247) to work on /home/airflow/.local/lib/python3.12/site-packages/airflow/example_dags/example_latest_only_with_trigger.py
[2025-04-15T19:39:08.115+0000] {processor.py:914} INFO - Processing file /home/airflow/.local/lib/python3.12/site-packages/airflow/example_dags/example_latest_only_with_trigger.py for tasks to queue
[2025-04-15T19:39:08.118+0000] {logging_mixin.py:190} INFO - [2025-04-15T19:39:08.117+0000] {dagbag.py:588} INFO - Filling up the DagBag from /home/airflow/.local/lib/python3.12/site-packages/airflow/example_dags/example_latest_only_with_trigger.py
[2025-04-15T19:39:08.133+0000] {processor.py:925} INFO - DAG(s) 'latest_only_with_trigger' retrieved from /home/airflow/.local/lib/python3.12/site-packages/airflow/example_dags/example_latest_only_with_trigger.py
[2025-04-15T19:39:08.169+0000] {logging_mixin.py:190} INFO - [2025-04-15T19:39:08.169+0000] {dag.py:3239} INFO - Sync 1 DAGs
[2025-04-15T19:39:08.212+0000] {logging_mixin.py:190} INFO - [2025-04-15T19:39:08.212+0000] {dag.py:4180} INFO - Setting next_dagrun for latest_only_with_trigger to 2025-04-15 12:00:00+00:00, run_after=2025-04-15 16:00:00+00:00
[2025-04-15T19:39:08.248+0000] {processor.py:208} INFO - Processing /home/airflow/.local/lib/python3.12/site-packages/airflow/example_dags/example_latest_only_with_trigger.py took 0.144 seconds
[2025-04-15T19:39:38.652+0000] {processor.py:186} INFO - Started process (PID=16314) to work on /home/airflow/.local/lib/python3.12/site-packages/airflow/example_dags/example_latest_only_with_trigger.py
[2025-04-15T19:39:38.654+0000] {processor.py:914} INFO - Processing file /home/airflow/.local/lib/python3.12/site-packages/airflow/example_dags/example_latest_only_with_trigger.py for tasks to queue
[2025-04-15T19:39:38.655+0000] {logging_mixin.py:190} INFO - [2025-04-15T19:39:38.655+0000] {dagbag.py:588} INFO - Filling up the DagBag from /home/airflow/.local/lib/python3.12/site-packages/airflow/example_dags/example_latest_only_with_trigger.py
[2025-04-15T19:39:38.665+0000] {processor.py:925} INFO - DAG(s) 'latest_only_with_trigger' retrieved from /home/airflow/.local/lib/python3.12/site-packages/airflow/example_dags/example_latest_only_with_trigger.py
[2025-04-15T19:39:38.693+0000] {logging_mixin.py:190} INFO - [2025-04-15T19:39:38.693+0000] {dag.py:3239} INFO - Sync 1 DAGs
[2025-04-15T19:39:38.726+0000] {logging_mixin.py:190} INFO - [2025-04-15T19:39:38.726+0000] {dag.py:4180} INFO - Setting next_dagrun for latest_only_with_trigger to 2025-04-15 12:00:00+00:00, run_after=2025-04-15 16:00:00+00:00
[2025-04-15T19:39:38.765+0000] {processor.py:208} INFO - Processing /home/airflow/.local/lib/python3.12/site-packages/airflow/example_dags/example_latest_only_with_trigger.py took 0.119 seconds
[2025-04-15T19:40:09.154+0000] {processor.py:186} INFO - Started process (PID=16381) to work on /home/airflow/.local/lib/python3.12/site-packages/airflow/example_dags/example_latest_only_with_trigger.py
[2025-04-15T19:40:09.154+0000] {processor.py:914} INFO - Processing file /home/airflow/.local/lib/python3.12/site-packages/airflow/example_dags/example_latest_only_with_trigger.py for tasks to queue
[2025-04-15T19:40:09.156+0000] {logging_mixin.py:190} INFO - [2025-04-15T19:40:09.155+0000] {dagbag.py:588} INFO - Filling up the DagBag from /home/airflow/.local/lib/python3.12/site-packages/airflow/example_dags/example_latest_only_with_trigger.py
[2025-04-15T19:40:09.165+0000] {processor.py:925} INFO - DAG(s) 'latest_only_with_trigger' retrieved from /home/airflow/.local/lib/python3.12/site-packages/airflow/example_dags/example_latest_only_with_trigger.py
[2025-04-15T19:40:09.195+0000] {logging_mixin.py:190} INFO - [2025-04-15T19:40:09.194+0000] {dag.py:3239} INFO - Sync 1 DAGs
[2025-04-15T19:40:09.227+0000] {logging_mixin.py:190} INFO - [2025-04-15T19:40:09.227+0000] {dag.py:4180} INFO - Setting next_dagrun for latest_only_with_trigger to 2025-04-15 12:00:00+00:00, run_after=2025-04-15 16:00:00+00:00
[2025-04-15T19:40:09.254+0000] {processor.py:208} INFO - Processing /home/airflow/.local/lib/python3.12/site-packages/airflow/example_dags/example_latest_only_with_trigger.py took 0.108 seconds
[2025-04-15T19:40:40.047+0000] {processor.py:186} INFO - Started process (PID=16448) to work on /home/airflow/.local/lib/python3.12/site-packages/airflow/example_dags/example_latest_only_with_trigger.py
[2025-04-15T19:40:40.048+0000] {processor.py:914} INFO - Processing file /home/airflow/.local/lib/python3.12/site-packages/airflow/example_dags/example_latest_only_with_trigger.py for tasks to queue
[2025-04-15T19:40:40.050+0000] {logging_mixin.py:190} INFO - [2025-04-15T19:40:40.049+0000] {dagbag.py:588} INFO - Filling up the DagBag from /home/airflow/.local/lib/python3.12/site-packages/airflow/example_dags/example_latest_only_with_trigger.py
[2025-04-15T19:40:40.076+0000] {processor.py:925} INFO - DAG(s) 'latest_only_with_trigger' retrieved from /home/airflow/.local/lib/python3.12/site-packages/airflow/example_dags/example_latest_only_with_trigger.py
[2025-04-15T19:40:40.103+0000] {logging_mixin.py:190} INFO - [2025-04-15T19:40:40.103+0000] {dag.py:3239} INFO - Sync 1 DAGs
[2025-04-15T19:40:40.155+0000] {logging_mixin.py:190} INFO - [2025-04-15T19:40:40.154+0000] {dag.py:4180} INFO - Setting next_dagrun for latest_only_with_trigger to 2025-04-15 12:00:00+00:00, run_after=2025-04-15 16:00:00+00:00
[2025-04-15T19:40:40.183+0000] {processor.py:208} INFO - Processing /home/airflow/.local/lib/python3.12/site-packages/airflow/example_dags/example_latest_only_with_trigger.py took 0.148 seconds
[2025-04-15T19:41:10.546+0000] {processor.py:186} INFO - Started process (PID=16515) to work on /home/airflow/.local/lib/python3.12/site-packages/airflow/example_dags/example_latest_only_with_trigger.py
[2025-04-15T19:41:10.549+0000] {processor.py:914} INFO - Processing file /home/airflow/.local/lib/python3.12/site-packages/airflow/example_dags/example_latest_only_with_trigger.py for tasks to queue
[2025-04-15T19:41:10.551+0000] {logging_mixin.py:190} INFO - [2025-04-15T19:41:10.551+0000] {dagbag.py:588} INFO - Filling up the DagBag from /home/airflow/.local/lib/python3.12/site-packages/airflow/example_dags/example_latest_only_with_trigger.py
[2025-04-15T19:41:10.576+0000] {processor.py:925} INFO - DAG(s) 'latest_only_with_trigger' retrieved from /home/airflow/.local/lib/python3.12/site-packages/airflow/example_dags/example_latest_only_with_trigger.py
[2025-04-15T19:41:10.615+0000] {logging_mixin.py:190} INFO - [2025-04-15T19:41:10.615+0000] {dag.py:3239} INFO - Sync 1 DAGs
[2025-04-15T19:41:10.671+0000] {logging_mixin.py:190} INFO - [2025-04-15T19:41:10.671+0000] {dag.py:4180} INFO - Setting next_dagrun for latest_only_with_trigger to 2025-04-15 12:00:00+00:00, run_after=2025-04-15 16:00:00+00:00
[2025-04-15T19:41:10.708+0000] {processor.py:208} INFO - Processing /home/airflow/.local/lib/python3.12/site-packages/airflow/example_dags/example_latest_only_with_trigger.py took 0.174 seconds
[2025-04-15T19:41:41.330+0000] {processor.py:186} INFO - Started process (PID=16582) to work on /home/airflow/.local/lib/python3.12/site-packages/airflow/example_dags/example_latest_only_with_trigger.py
[2025-04-15T19:41:41.331+0000] {processor.py:914} INFO - Processing file /home/airflow/.local/lib/python3.12/site-packages/airflow/example_dags/example_latest_only_with_trigger.py for tasks to queue
[2025-04-15T19:41:41.333+0000] {logging_mixin.py:190} INFO - [2025-04-15T19:41:41.332+0000] {dagbag.py:588} INFO - Filling up the DagBag from /home/airflow/.local/lib/python3.12/site-packages/airflow/example_dags/example_latest_only_with_trigger.py
[2025-04-15T19:41:41.340+0000] {processor.py:925} INFO - DAG(s) 'latest_only_with_trigger' retrieved from /home/airflow/.local/lib/python3.12/site-packages/airflow/example_dags/example_latest_only_with_trigger.py
[2025-04-15T19:41:41.362+0000] {logging_mixin.py:190} INFO - [2025-04-15T19:41:41.362+0000] {dag.py:3239} INFO - Sync 1 DAGs
[2025-04-15T19:41:41.387+0000] {logging_mixin.py:190} INFO - [2025-04-15T19:41:41.387+0000] {dag.py:4180} INFO - Setting next_dagrun for latest_only_with_trigger to 2025-04-15 12:00:00+00:00, run_after=2025-04-15 16:00:00+00:00
[2025-04-15T19:41:41.410+0000] {processor.py:208} INFO - Processing /home/airflow/.local/lib/python3.12/site-packages/airflow/example_dags/example_latest_only_with_trigger.py took 0.086 seconds
[2025-04-15T19:42:11.816+0000] {processor.py:186} INFO - Started process (PID=16649) to work on /home/airflow/.local/lib/python3.12/site-packages/airflow/example_dags/example_latest_only_with_trigger.py
[2025-04-15T19:42:11.818+0000] {processor.py:914} INFO - Processing file /home/airflow/.local/lib/python3.12/site-packages/airflow/example_dags/example_latest_only_with_trigger.py for tasks to queue
[2025-04-15T19:42:11.821+0000] {logging_mixin.py:190} INFO - [2025-04-15T19:42:11.820+0000] {dagbag.py:588} INFO - Filling up the DagBag from /home/airflow/.local/lib/python3.12/site-packages/airflow/example_dags/example_latest_only_with_trigger.py
[2025-04-15T19:42:11.858+0000] {processor.py:925} INFO - DAG(s) 'latest_only_with_trigger' retrieved from /home/airflow/.local/lib/python3.12/site-packages/airflow/example_dags/example_latest_only_with_trigger.py
[2025-04-15T19:42:11.940+0000] {logging_mixin.py:190} INFO - [2025-04-15T19:42:11.940+0000] {dag.py:3239} INFO - Sync 1 DAGs
[2025-04-15T19:42:12.205+0000] {logging_mixin.py:190} INFO - [2025-04-15T19:42:12.205+0000] {dag.py:4180} INFO - Setting next_dagrun for latest_only_with_trigger to 2025-04-15 12:00:00+00:00, run_after=2025-04-15 16:00:00+00:00
[2025-04-15T19:42:12.235+0000] {processor.py:208} INFO - Processing /home/airflow/.local/lib/python3.12/site-packages/airflow/example_dags/example_latest_only_with_trigger.py took 0.437 seconds
[2025-04-15T19:42:42.376+0000] {processor.py:186} INFO - Started process (PID=16717) to work on /home/airflow/.local/lib/python3.12/site-packages/airflow/example_dags/example_latest_only_with_trigger.py
[2025-04-15T19:42:42.377+0000] {processor.py:914} INFO - Processing file /home/airflow/.local/lib/python3.12/site-packages/airflow/example_dags/example_latest_only_with_trigger.py for tasks to queue
[2025-04-15T19:42:42.379+0000] {logging_mixin.py:190} INFO - [2025-04-15T19:42:42.378+0000] {dagbag.py:588} INFO - Filling up the DagBag from /home/airflow/.local/lib/python3.12/site-packages/airflow/example_dags/example_latest_only_with_trigger.py
[2025-04-15T19:42:42.390+0000] {processor.py:925} INFO - DAG(s) 'latest_only_with_trigger' retrieved from /home/airflow/.local/lib/python3.12/site-packages/airflow/example_dags/example_latest_only_with_trigger.py
[2025-04-15T19:42:42.419+0000] {logging_mixin.py:190} INFO - [2025-04-15T19:42:42.418+0000] {dag.py:3239} INFO - Sync 1 DAGs
[2025-04-15T19:42:42.665+0000] {logging_mixin.py:190} INFO - [2025-04-15T19:42:42.665+0000] {dag.py:4180} INFO - Setting next_dagrun for latest_only_with_trigger to 2025-04-15 12:00:00+00:00, run_after=2025-04-15 16:00:00+00:00
[2025-04-15T19:42:42.695+0000] {processor.py:208} INFO - Processing /home/airflow/.local/lib/python3.12/site-packages/airflow/example_dags/example_latest_only_with_trigger.py took 0.328 seconds
[2025-04-15T19:43:12.865+0000] {processor.py:186} INFO - Started process (PID=16784) to work on /home/airflow/.local/lib/python3.12/site-packages/airflow/example_dags/example_latest_only_with_trigger.py
[2025-04-15T19:43:12.866+0000] {processor.py:914} INFO - Processing file /home/airflow/.local/lib/python3.12/site-packages/airflow/example_dags/example_latest_only_with_trigger.py for tasks to queue
[2025-04-15T19:43:12.868+0000] {logging_mixin.py:190} INFO - [2025-04-15T19:43:12.868+0000] {dagbag.py:588} INFO - Filling up the DagBag from /home/airflow/.local/lib/python3.12/site-packages/airflow/example_dags/example_latest_only_with_trigger.py
[2025-04-15T19:43:12.880+0000] {processor.py:925} INFO - DAG(s) 'latest_only_with_trigger' retrieved from /home/airflow/.local/lib/python3.12/site-packages/airflow/example_dags/example_latest_only_with_trigger.py
[2025-04-15T19:43:12.909+0000] {logging_mixin.py:190} INFO - [2025-04-15T19:43:12.909+0000] {dag.py:3239} INFO - Sync 1 DAGs
[2025-04-15T19:43:12.942+0000] {logging_mixin.py:190} INFO - [2025-04-15T19:43:12.942+0000] {dag.py:4180} INFO - Setting next_dagrun for latest_only_with_trigger to 2025-04-15 12:00:00+00:00, run_after=2025-04-15 16:00:00+00:00
[2025-04-15T19:43:12.970+0000] {processor.py:208} INFO - Processing /home/airflow/.local/lib/python3.12/site-packages/airflow/example_dags/example_latest_only_with_trigger.py took 0.114 seconds
[2025-04-15T19:43:43.663+0000] {processor.py:186} INFO - Started process (PID=16851) to work on /home/airflow/.local/lib/python3.12/site-packages/airflow/example_dags/example_latest_only_with_trigger.py
[2025-04-15T19:43:43.664+0000] {processor.py:914} INFO - Processing file /home/airflow/.local/lib/python3.12/site-packages/airflow/example_dags/example_latest_only_with_trigger.py for tasks to queue
[2025-04-15T19:43:43.667+0000] {logging_mixin.py:190} INFO - [2025-04-15T19:43:43.666+0000] {dagbag.py:588} INFO - Filling up the DagBag from /home/airflow/.local/lib/python3.12/site-packages/airflow/example_dags/example_latest_only_with_trigger.py
[2025-04-15T19:43:43.678+0000] {processor.py:925} INFO - DAG(s) 'latest_only_with_trigger' retrieved from /home/airflow/.local/lib/python3.12/site-packages/airflow/example_dags/example_latest_only_with_trigger.py
[2025-04-15T19:43:43.701+0000] {logging_mixin.py:190} INFO - [2025-04-15T19:43:43.701+0000] {dag.py:3239} INFO - Sync 1 DAGs
[2025-04-15T19:43:43.728+0000] {logging_mixin.py:190} INFO - [2025-04-15T19:43:43.727+0000] {dag.py:4180} INFO - Setting next_dagrun for latest_only_with_trigger to 2025-04-15 12:00:00+00:00, run_after=2025-04-15 16:00:00+00:00
[2025-04-15T19:43:43.753+0000] {processor.py:208} INFO - Processing /home/airflow/.local/lib/python3.12/site-packages/airflow/example_dags/example_latest_only_with_trigger.py took 0.097 seconds
[2025-04-15T19:44:14.476+0000] {processor.py:186} INFO - Started process (PID=16918) to work on /home/airflow/.local/lib/python3.12/site-packages/airflow/example_dags/example_latest_only_with_trigger.py
[2025-04-15T19:44:14.477+0000] {processor.py:914} INFO - Processing file /home/airflow/.local/lib/python3.12/site-packages/airflow/example_dags/example_latest_only_with_trigger.py for tasks to queue
[2025-04-15T19:44:14.479+0000] {logging_mixin.py:190} INFO - [2025-04-15T19:44:14.479+0000] {dagbag.py:588} INFO - Filling up the DagBag from /home/airflow/.local/lib/python3.12/site-packages/airflow/example_dags/example_latest_only_with_trigger.py
[2025-04-15T19:44:14.491+0000] {processor.py:925} INFO - DAG(s) 'latest_only_with_trigger' retrieved from /home/airflow/.local/lib/python3.12/site-packages/airflow/example_dags/example_latest_only_with_trigger.py
[2025-04-15T19:44:14.521+0000] {logging_mixin.py:190} INFO - [2025-04-15T19:44:14.521+0000] {dag.py:3239} INFO - Sync 1 DAGs
[2025-04-15T19:44:14.558+0000] {logging_mixin.py:190} INFO - [2025-04-15T19:44:14.558+0000] {dag.py:4180} INFO - Setting next_dagrun for latest_only_with_trigger to 2025-04-15 12:00:00+00:00, run_after=2025-04-15 16:00:00+00:00
[2025-04-15T19:44:14.591+0000] {processor.py:208} INFO - Processing /home/airflow/.local/lib/python3.12/site-packages/airflow/example_dags/example_latest_only_with_trigger.py took 0.125 seconds
[2025-04-15T19:44:44.980+0000] {processor.py:186} INFO - Started process (PID=16985) to work on /home/airflow/.local/lib/python3.12/site-packages/airflow/example_dags/example_latest_only_with_trigger.py
[2025-04-15T19:44:44.981+0000] {processor.py:914} INFO - Processing file /home/airflow/.local/lib/python3.12/site-packages/airflow/example_dags/example_latest_only_with_trigger.py for tasks to queue
[2025-04-15T19:44:44.983+0000] {logging_mixin.py:190} INFO - [2025-04-15T19:44:44.982+0000] {dagbag.py:588} INFO - Filling up the DagBag from /home/airflow/.local/lib/python3.12/site-packages/airflow/example_dags/example_latest_only_with_trigger.py
[2025-04-15T19:44:44.992+0000] {processor.py:925} INFO - DAG(s) 'latest_only_with_trigger' retrieved from /home/airflow/.local/lib/python3.12/site-packages/airflow/example_dags/example_latest_only_with_trigger.py
[2025-04-15T19:44:45.018+0000] {logging_mixin.py:190} INFO - [2025-04-15T19:44:45.017+0000] {dag.py:3239} INFO - Sync 1 DAGs
[2025-04-15T19:44:45.043+0000] {logging_mixin.py:190} INFO - [2025-04-15T19:44:45.043+0000] {dag.py:4180} INFO - Setting next_dagrun for latest_only_with_trigger to 2025-04-15 12:00:00+00:00, run_after=2025-04-15 16:00:00+00:00
[2025-04-15T19:44:45.066+0000] {processor.py:208} INFO - Processing /home/airflow/.local/lib/python3.12/site-packages/airflow/example_dags/example_latest_only_with_trigger.py took 0.092 seconds
[2025-04-15T19:45:15.358+0000] {processor.py:186} INFO - Started process (PID=17052) to work on /home/airflow/.local/lib/python3.12/site-packages/airflow/example_dags/example_latest_only_with_trigger.py
[2025-04-15T19:45:15.360+0000] {processor.py:914} INFO - Processing file /home/airflow/.local/lib/python3.12/site-packages/airflow/example_dags/example_latest_only_with_trigger.py for tasks to queue
[2025-04-15T19:45:15.362+0000] {logging_mixin.py:190} INFO - [2025-04-15T19:45:15.362+0000] {dagbag.py:588} INFO - Filling up the DagBag from /home/airflow/.local/lib/python3.12/site-packages/airflow/example_dags/example_latest_only_with_trigger.py
[2025-04-15T19:45:15.375+0000] {processor.py:925} INFO - DAG(s) 'latest_only_with_trigger' retrieved from /home/airflow/.local/lib/python3.12/site-packages/airflow/example_dags/example_latest_only_with_trigger.py
[2025-04-15T19:45:15.407+0000] {logging_mixin.py:190} INFO - [2025-04-15T19:45:15.407+0000] {dag.py:3239} INFO - Sync 1 DAGs
[2025-04-15T19:45:15.443+0000] {logging_mixin.py:190} INFO - [2025-04-15T19:45:15.443+0000] {dag.py:4180} INFO - Setting next_dagrun for latest_only_with_trigger to 2025-04-15 12:00:00+00:00, run_after=2025-04-15 16:00:00+00:00
[2025-04-15T19:45:15.473+0000] {processor.py:208} INFO - Processing /home/airflow/.local/lib/python3.12/site-packages/airflow/example_dags/example_latest_only_with_trigger.py took 0.125 seconds
[2025-04-15T19:45:46.004+0000] {processor.py:186} INFO - Started process (PID=17119) to work on /home/airflow/.local/lib/python3.12/site-packages/airflow/example_dags/example_latest_only_with_trigger.py
[2025-04-15T19:45:46.005+0000] {processor.py:914} INFO - Processing file /home/airflow/.local/lib/python3.12/site-packages/airflow/example_dags/example_latest_only_with_trigger.py for tasks to queue
[2025-04-15T19:45:46.007+0000] {logging_mixin.py:190} INFO - [2025-04-15T19:45:46.007+0000] {dagbag.py:588} INFO - Filling up the DagBag from /home/airflow/.local/lib/python3.12/site-packages/airflow/example_dags/example_latest_only_with_trigger.py
[2025-04-15T19:45:46.019+0000] {processor.py:925} INFO - DAG(s) 'latest_only_with_trigger' retrieved from /home/airflow/.local/lib/python3.12/site-packages/airflow/example_dags/example_latest_only_with_trigger.py
[2025-04-15T19:45:46.049+0000] {logging_mixin.py:190} INFO - [2025-04-15T19:45:46.048+0000] {dag.py:3239} INFO - Sync 1 DAGs
[2025-04-15T19:45:46.083+0000] {logging_mixin.py:190} INFO - [2025-04-15T19:45:46.082+0000] {dag.py:4180} INFO - Setting next_dagrun for latest_only_with_trigger to 2025-04-15 12:00:00+00:00, run_after=2025-04-15 16:00:00+00:00
[2025-04-15T19:45:46.113+0000] {processor.py:208} INFO - Processing /home/airflow/.local/lib/python3.12/site-packages/airflow/example_dags/example_latest_only_with_trigger.py took 0.118 seconds
[2025-04-15T19:46:16.572+0000] {processor.py:186} INFO - Started process (PID=17186) to work on /home/airflow/.local/lib/python3.12/site-packages/airflow/example_dags/example_latest_only_with_trigger.py
[2025-04-15T19:46:16.573+0000] {processor.py:914} INFO - Processing file /home/airflow/.local/lib/python3.12/site-packages/airflow/example_dags/example_latest_only_with_trigger.py for tasks to queue
[2025-04-15T19:46:16.575+0000] {logging_mixin.py:190} INFO - [2025-04-15T19:46:16.574+0000] {dagbag.py:588} INFO - Filling up the DagBag from /home/airflow/.local/lib/python3.12/site-packages/airflow/example_dags/example_latest_only_with_trigger.py
[2025-04-15T19:46:16.587+0000] {processor.py:925} INFO - DAG(s) 'latest_only_with_trigger' retrieved from /home/airflow/.local/lib/python3.12/site-packages/airflow/example_dags/example_latest_only_with_trigger.py
[2025-04-15T19:46:16.617+0000] {logging_mixin.py:190} INFO - [2025-04-15T19:46:16.617+0000] {dag.py:3239} INFO - Sync 1 DAGs
[2025-04-15T19:46:16.651+0000] {logging_mixin.py:190} INFO - [2025-04-15T19:46:16.651+0000] {dag.py:4180} INFO - Setting next_dagrun for latest_only_with_trigger to 2025-04-15 12:00:00+00:00, run_after=2025-04-15 16:00:00+00:00
[2025-04-15T19:46:16.682+0000] {processor.py:208} INFO - Processing /home/airflow/.local/lib/python3.12/site-packages/airflow/example_dags/example_latest_only_with_trigger.py took 0.119 seconds
[2025-04-15T19:46:47.721+0000] {processor.py:186} INFO - Started process (PID=17253) to work on /home/airflow/.local/lib/python3.12/site-packages/airflow/example_dags/example_latest_only_with_trigger.py
[2025-04-15T19:46:47.722+0000] {processor.py:914} INFO - Processing file /home/airflow/.local/lib/python3.12/site-packages/airflow/example_dags/example_latest_only_with_trigger.py for tasks to queue
[2025-04-15T19:46:47.724+0000] {logging_mixin.py:190} INFO - [2025-04-15T19:46:47.723+0000] {dagbag.py:588} INFO - Filling up the DagBag from /home/airflow/.local/lib/python3.12/site-packages/airflow/example_dags/example_latest_only_with_trigger.py
[2025-04-15T19:46:47.735+0000] {processor.py:925} INFO - DAG(s) 'latest_only_with_trigger' retrieved from /home/airflow/.local/lib/python3.12/site-packages/airflow/example_dags/example_latest_only_with_trigger.py
[2025-04-15T19:46:47.766+0000] {logging_mixin.py:190} INFO - [2025-04-15T19:46:47.765+0000] {dag.py:3239} INFO - Sync 1 DAGs
[2025-04-15T19:46:47.800+0000] {logging_mixin.py:190} INFO - [2025-04-15T19:46:47.800+0000] {dag.py:4180} INFO - Setting next_dagrun for latest_only_with_trigger to 2025-04-15 12:00:00+00:00, run_after=2025-04-15 16:00:00+00:00
[2025-04-15T19:46:47.833+0000] {processor.py:208} INFO - Processing /home/airflow/.local/lib/python3.12/site-packages/airflow/example_dags/example_latest_only_with_trigger.py took 0.121 seconds
[2025-04-15T19:47:18.135+0000] {processor.py:186} INFO - Started process (PID=17320) to work on /home/airflow/.local/lib/python3.12/site-packages/airflow/example_dags/example_latest_only_with_trigger.py
[2025-04-15T19:47:18.137+0000] {processor.py:914} INFO - Processing file /home/airflow/.local/lib/python3.12/site-packages/airflow/example_dags/example_latest_only_with_trigger.py for tasks to queue
[2025-04-15T19:47:18.141+0000] {logging_mixin.py:190} INFO - [2025-04-15T19:47:18.140+0000] {dagbag.py:588} INFO - Filling up the DagBag from /home/airflow/.local/lib/python3.12/site-packages/airflow/example_dags/example_latest_only_with_trigger.py
[2025-04-15T19:47:18.154+0000] {processor.py:925} INFO - DAG(s) 'latest_only_with_trigger' retrieved from /home/airflow/.local/lib/python3.12/site-packages/airflow/example_dags/example_latest_only_with_trigger.py
[2025-04-15T19:47:18.185+0000] {logging_mixin.py:190} INFO - [2025-04-15T19:47:18.184+0000] {dag.py:3239} INFO - Sync 1 DAGs
[2025-04-15T19:47:18.228+0000] {logging_mixin.py:190} INFO - [2025-04-15T19:47:18.227+0000] {dag.py:4180} INFO - Setting next_dagrun for latest_only_with_trigger to 2025-04-15 12:00:00+00:00, run_after=2025-04-15 16:00:00+00:00
[2025-04-15T19:47:18.264+0000] {processor.py:208} INFO - Processing /home/airflow/.local/lib/python3.12/site-packages/airflow/example_dags/example_latest_only_with_trigger.py took 0.137 seconds
[2025-04-15T19:47:48.930+0000] {processor.py:186} INFO - Started process (PID=17387) to work on /home/airflow/.local/lib/python3.12/site-packages/airflow/example_dags/example_latest_only_with_trigger.py
[2025-04-15T19:47:48.932+0000] {processor.py:914} INFO - Processing file /home/airflow/.local/lib/python3.12/site-packages/airflow/example_dags/example_latest_only_with_trigger.py for tasks to queue
[2025-04-15T19:47:48.934+0000] {logging_mixin.py:190} INFO - [2025-04-15T19:47:48.933+0000] {dagbag.py:588} INFO - Filling up the DagBag from /home/airflow/.local/lib/python3.12/site-packages/airflow/example_dags/example_latest_only_with_trigger.py
[2025-04-15T19:47:48.947+0000] {processor.py:925} INFO - DAG(s) 'latest_only_with_trigger' retrieved from /home/airflow/.local/lib/python3.12/site-packages/airflow/example_dags/example_latest_only_with_trigger.py
[2025-04-15T19:47:48.975+0000] {logging_mixin.py:190} INFO - [2025-04-15T19:47:48.975+0000] {dag.py:3239} INFO - Sync 1 DAGs
[2025-04-15T19:47:49.012+0000] {logging_mixin.py:190} INFO - [2025-04-15T19:47:49.011+0000] {dag.py:4180} INFO - Setting next_dagrun for latest_only_with_trigger to 2025-04-15 12:00:00+00:00, run_after=2025-04-15 16:00:00+00:00
[2025-04-15T19:47:49.041+0000] {processor.py:208} INFO - Processing /home/airflow/.local/lib/python3.12/site-packages/airflow/example_dags/example_latest_only_with_trigger.py took 0.119 seconds
[2025-04-15T19:48:19.106+0000] {processor.py:186} INFO - Started process (PID=17454) to work on /home/airflow/.local/lib/python3.12/site-packages/airflow/example_dags/example_latest_only_with_trigger.py
[2025-04-15T19:48:19.106+0000] {processor.py:914} INFO - Processing file /home/airflow/.local/lib/python3.12/site-packages/airflow/example_dags/example_latest_only_with_trigger.py for tasks to queue
[2025-04-15T19:48:19.108+0000] {logging_mixin.py:190} INFO - [2025-04-15T19:48:19.108+0000] {dagbag.py:588} INFO - Filling up the DagBag from /home/airflow/.local/lib/python3.12/site-packages/airflow/example_dags/example_latest_only_with_trigger.py
[2025-04-15T19:48:19.117+0000] {processor.py:925} INFO - DAG(s) 'latest_only_with_trigger' retrieved from /home/airflow/.local/lib/python3.12/site-packages/airflow/example_dags/example_latest_only_with_trigger.py
[2025-04-15T19:48:19.141+0000] {logging_mixin.py:190} INFO - [2025-04-15T19:48:19.140+0000] {dag.py:3239} INFO - Sync 1 DAGs
[2025-04-15T19:48:19.167+0000] {logging_mixin.py:190} INFO - [2025-04-15T19:48:19.167+0000] {dag.py:4180} INFO - Setting next_dagrun for latest_only_with_trigger to 2025-04-15 12:00:00+00:00, run_after=2025-04-15 16:00:00+00:00
[2025-04-15T19:48:19.192+0000] {processor.py:208} INFO - Processing /home/airflow/.local/lib/python3.12/site-packages/airflow/example_dags/example_latest_only_with_trigger.py took 0.092 seconds
[2025-04-15T19:48:49.539+0000] {processor.py:186} INFO - Started process (PID=17521) to work on /home/airflow/.local/lib/python3.12/site-packages/airflow/example_dags/example_latest_only_with_trigger.py
[2025-04-15T19:48:49.540+0000] {processor.py:914} INFO - Processing file /home/airflow/.local/lib/python3.12/site-packages/airflow/example_dags/example_latest_only_with_trigger.py for tasks to queue
[2025-04-15T19:48:49.541+0000] {logging_mixin.py:190} INFO - [2025-04-15T19:48:49.541+0000] {dagbag.py:588} INFO - Filling up the DagBag from /home/airflow/.local/lib/python3.12/site-packages/airflow/example_dags/example_latest_only_with_trigger.py
[2025-04-15T19:48:49.553+0000] {processor.py:925} INFO - DAG(s) 'latest_only_with_trigger' retrieved from /home/airflow/.local/lib/python3.12/site-packages/airflow/example_dags/example_latest_only_with_trigger.py
[2025-04-15T19:48:49.576+0000] {logging_mixin.py:190} INFO - [2025-04-15T19:48:49.576+0000] {dag.py:3239} INFO - Sync 1 DAGs
[2025-04-15T19:48:49.601+0000] {logging_mixin.py:190} INFO - [2025-04-15T19:48:49.601+0000] {dag.py:4180} INFO - Setting next_dagrun for latest_only_with_trigger to 2025-04-15 12:00:00+00:00, run_after=2025-04-15 16:00:00+00:00
[2025-04-15T19:48:49.622+0000] {processor.py:208} INFO - Processing /home/airflow/.local/lib/python3.12/site-packages/airflow/example_dags/example_latest_only_with_trigger.py took 0.091 seconds
[2025-04-15T19:49:20.438+0000] {processor.py:186} INFO - Started process (PID=17588) to work on /home/airflow/.local/lib/python3.12/site-packages/airflow/example_dags/example_latest_only_with_trigger.py
[2025-04-15T19:49:20.440+0000] {processor.py:914} INFO - Processing file /home/airflow/.local/lib/python3.12/site-packages/airflow/example_dags/example_latest_only_with_trigger.py for tasks to queue
[2025-04-15T19:49:20.442+0000] {logging_mixin.py:190} INFO - [2025-04-15T19:49:20.442+0000] {dagbag.py:588} INFO - Filling up the DagBag from /home/airflow/.local/lib/python3.12/site-packages/airflow/example_dags/example_latest_only_with_trigger.py
[2025-04-15T19:49:20.457+0000] {processor.py:925} INFO - DAG(s) 'latest_only_with_trigger' retrieved from /home/airflow/.local/lib/python3.12/site-packages/airflow/example_dags/example_latest_only_with_trigger.py
[2025-04-15T19:49:20.488+0000] {logging_mixin.py:190} INFO - [2025-04-15T19:49:20.488+0000] {dag.py:3239} INFO - Sync 1 DAGs
[2025-04-15T19:49:20.529+0000] {logging_mixin.py:190} INFO - [2025-04-15T19:49:20.528+0000] {dag.py:4180} INFO - Setting next_dagrun for latest_only_with_trigger to 2025-04-15 12:00:00+00:00, run_after=2025-04-15 16:00:00+00:00
[2025-04-15T19:49:20.568+0000] {processor.py:208} INFO - Processing /home/airflow/.local/lib/python3.12/site-packages/airflow/example_dags/example_latest_only_with_trigger.py took 0.139 seconds
[2025-04-15T19:49:51.232+0000] {processor.py:186} INFO - Started process (PID=17655) to work on /home/airflow/.local/lib/python3.12/site-packages/airflow/example_dags/example_latest_only_with_trigger.py
[2025-04-15T19:49:51.233+0000] {processor.py:914} INFO - Processing file /home/airflow/.local/lib/python3.12/site-packages/airflow/example_dags/example_latest_only_with_trigger.py for tasks to queue
[2025-04-15T19:49:51.235+0000] {logging_mixin.py:190} INFO - [2025-04-15T19:49:51.235+0000] {dagbag.py:588} INFO - Filling up the DagBag from /home/airflow/.local/lib/python3.12/site-packages/airflow/example_dags/example_latest_only_with_trigger.py
[2025-04-15T19:49:51.249+0000] {processor.py:925} INFO - DAG(s) 'latest_only_with_trigger' retrieved from /home/airflow/.local/lib/python3.12/site-packages/airflow/example_dags/example_latest_only_with_trigger.py
[2025-04-15T19:49:51.282+0000] {logging_mixin.py:190} INFO - [2025-04-15T19:49:51.281+0000] {dag.py:3239} INFO - Sync 1 DAGs
[2025-04-15T19:49:51.318+0000] {logging_mixin.py:190} INFO - [2025-04-15T19:49:51.318+0000] {dag.py:4180} INFO - Setting next_dagrun for latest_only_with_trigger to 2025-04-15 12:00:00+00:00, run_after=2025-04-15 16:00:00+00:00
[2025-04-15T19:49:51.347+0000] {processor.py:208} INFO - Processing /home/airflow/.local/lib/python3.12/site-packages/airflow/example_dags/example_latest_only_with_trigger.py took 0.126 seconds
[2025-04-15T19:50:22.828+0000] {processor.py:186} INFO - Started process (PID=17722) to work on /home/airflow/.local/lib/python3.12/site-packages/airflow/example_dags/example_latest_only_with_trigger.py
[2025-04-15T19:50:22.830+0000] {processor.py:914} INFO - Processing file /home/airflow/.local/lib/python3.12/site-packages/airflow/example_dags/example_latest_only_with_trigger.py for tasks to queue
[2025-04-15T19:50:22.831+0000] {logging_mixin.py:190} INFO - [2025-04-15T19:50:22.831+0000] {dagbag.py:588} INFO - Filling up the DagBag from /home/airflow/.local/lib/python3.12/site-packages/airflow/example_dags/example_latest_only_with_trigger.py
[2025-04-15T19:50:22.845+0000] {processor.py:925} INFO - DAG(s) 'latest_only_with_trigger' retrieved from /home/airflow/.local/lib/python3.12/site-packages/airflow/example_dags/example_latest_only_with_trigger.py
[2025-04-15T19:50:22.879+0000] {logging_mixin.py:190} INFO - [2025-04-15T19:50:22.878+0000] {dag.py:3239} INFO - Sync 1 DAGs
[2025-04-15T19:50:22.910+0000] {logging_mixin.py:190} INFO - [2025-04-15T19:50:22.910+0000] {dag.py:4180} INFO - Setting next_dagrun for latest_only_with_trigger to 2025-04-15 12:00:00+00:00, run_after=2025-04-15 16:00:00+00:00
[2025-04-15T19:50:22.942+0000] {processor.py:208} INFO - Processing /home/airflow/.local/lib/python3.12/site-packages/airflow/example_dags/example_latest_only_with_trigger.py took 0.123 seconds
[2025-04-15T19:50:53.588+0000] {processor.py:186} INFO - Started process (PID=17789) to work on /home/airflow/.local/lib/python3.12/site-packages/airflow/example_dags/example_latest_only_with_trigger.py
[2025-04-15T19:50:53.590+0000] {processor.py:914} INFO - Processing file /home/airflow/.local/lib/python3.12/site-packages/airflow/example_dags/example_latest_only_with_trigger.py for tasks to queue
[2025-04-15T19:50:53.592+0000] {logging_mixin.py:190} INFO - [2025-04-15T19:50:53.592+0000] {dagbag.py:588} INFO - Filling up the DagBag from /home/airflow/.local/lib/python3.12/site-packages/airflow/example_dags/example_latest_only_with_trigger.py
[2025-04-15T19:50:53.604+0000] {processor.py:925} INFO - DAG(s) 'latest_only_with_trigger' retrieved from /home/airflow/.local/lib/python3.12/site-packages/airflow/example_dags/example_latest_only_with_trigger.py
[2025-04-15T19:50:53.639+0000] {logging_mixin.py:190} INFO - [2025-04-15T19:50:53.639+0000] {dag.py:3239} INFO - Sync 1 DAGs
[2025-04-15T19:50:53.672+0000] {logging_mixin.py:190} INFO - [2025-04-15T19:50:53.672+0000] {dag.py:4180} INFO - Setting next_dagrun for latest_only_with_trigger to 2025-04-15 12:00:00+00:00, run_after=2025-04-15 16:00:00+00:00
[2025-04-15T19:50:53.707+0000] {processor.py:208} INFO - Processing /home/airflow/.local/lib/python3.12/site-packages/airflow/example_dags/example_latest_only_with_trigger.py took 0.126 seconds
[2025-04-15T19:51:24.003+0000] {processor.py:186} INFO - Started process (PID=17855) to work on /home/airflow/.local/lib/python3.12/site-packages/airflow/example_dags/example_latest_only_with_trigger.py
[2025-04-15T19:51:24.004+0000] {processor.py:914} INFO - Processing file /home/airflow/.local/lib/python3.12/site-packages/airflow/example_dags/example_latest_only_with_trigger.py for tasks to queue
[2025-04-15T19:51:24.006+0000] {logging_mixin.py:190} INFO - [2025-04-15T19:51:24.006+0000] {dagbag.py:588} INFO - Filling up the DagBag from /home/airflow/.local/lib/python3.12/site-packages/airflow/example_dags/example_latest_only_with_trigger.py
[2025-04-15T19:51:24.021+0000] {processor.py:925} INFO - DAG(s) 'latest_only_with_trigger' retrieved from /home/airflow/.local/lib/python3.12/site-packages/airflow/example_dags/example_latest_only_with_trigger.py
[2025-04-15T19:51:24.051+0000] {logging_mixin.py:190} INFO - [2025-04-15T19:51:24.051+0000] {dag.py:3239} INFO - Sync 1 DAGs
[2025-04-15T19:51:24.085+0000] {logging_mixin.py:190} INFO - [2025-04-15T19:51:24.085+0000] {dag.py:4180} INFO - Setting next_dagrun for latest_only_with_trigger to 2025-04-15 12:00:00+00:00, run_after=2025-04-15 16:00:00+00:00
[2025-04-15T19:51:24.115+0000] {processor.py:208} INFO - Processing /home/airflow/.local/lib/python3.12/site-packages/airflow/example_dags/example_latest_only_with_trigger.py took 0.121 seconds
[2025-04-15T19:51:54.423+0000] {processor.py:186} INFO - Started process (PID=17922) to work on /home/airflow/.local/lib/python3.12/site-packages/airflow/example_dags/example_latest_only_with_trigger.py
[2025-04-15T19:51:54.424+0000] {processor.py:914} INFO - Processing file /home/airflow/.local/lib/python3.12/site-packages/airflow/example_dags/example_latest_only_with_trigger.py for tasks to queue
[2025-04-15T19:51:54.426+0000] {logging_mixin.py:190} INFO - [2025-04-15T19:51:54.426+0000] {dagbag.py:588} INFO - Filling up the DagBag from /home/airflow/.local/lib/python3.12/site-packages/airflow/example_dags/example_latest_only_with_trigger.py
[2025-04-15T19:51:54.440+0000] {processor.py:925} INFO - DAG(s) 'latest_only_with_trigger' retrieved from /home/airflow/.local/lib/python3.12/site-packages/airflow/example_dags/example_latest_only_with_trigger.py
[2025-04-15T19:51:54.477+0000] {logging_mixin.py:190} INFO - [2025-04-15T19:51:54.476+0000] {dag.py:3239} INFO - Sync 1 DAGs
[2025-04-15T19:51:54.518+0000] {logging_mixin.py:190} INFO - [2025-04-15T19:51:54.517+0000] {dag.py:4180} INFO - Setting next_dagrun for latest_only_with_trigger to 2025-04-15 12:00:00+00:00, run_after=2025-04-15 16:00:00+00:00
[2025-04-15T19:51:54.555+0000] {processor.py:208} INFO - Processing /home/airflow/.local/lib/python3.12/site-packages/airflow/example_dags/example_latest_only_with_trigger.py took 0.140 seconds
[2025-04-15T19:52:24.771+0000] {processor.py:186} INFO - Started process (PID=17989) to work on /home/airflow/.local/lib/python3.12/site-packages/airflow/example_dags/example_latest_only_with_trigger.py
[2025-04-15T19:52:24.773+0000] {processor.py:914} INFO - Processing file /home/airflow/.local/lib/python3.12/site-packages/airflow/example_dags/example_latest_only_with_trigger.py for tasks to queue
[2025-04-15T19:52:24.775+0000] {logging_mixin.py:190} INFO - [2025-04-15T19:52:24.774+0000] {dagbag.py:588} INFO - Filling up the DagBag from /home/airflow/.local/lib/python3.12/site-packages/airflow/example_dags/example_latest_only_with_trigger.py
[2025-04-15T19:52:24.788+0000] {processor.py:925} INFO - DAG(s) 'latest_only_with_trigger' retrieved from /home/airflow/.local/lib/python3.12/site-packages/airflow/example_dags/example_latest_only_with_trigger.py
[2025-04-15T19:52:24.825+0000] {logging_mixin.py:190} INFO - [2025-04-15T19:52:24.825+0000] {dag.py:3239} INFO - Sync 1 DAGs
[2025-04-15T19:52:24.863+0000] {logging_mixin.py:190} INFO - [2025-04-15T19:52:24.863+0000] {dag.py:4180} INFO - Setting next_dagrun for latest_only_with_trigger to 2025-04-15 12:00:00+00:00, run_after=2025-04-15 16:00:00+00:00
[2025-04-15T19:52:24.895+0000] {processor.py:208} INFO - Processing /home/airflow/.local/lib/python3.12/site-packages/airflow/example_dags/example_latest_only_with_trigger.py took 0.132 seconds
[2025-04-15T19:52:55.224+0000] {processor.py:186} INFO - Started process (PID=18062) to work on /home/airflow/.local/lib/python3.12/site-packages/airflow/example_dags/example_latest_only_with_trigger.py
[2025-04-15T19:52:55.225+0000] {processor.py:914} INFO - Processing file /home/airflow/.local/lib/python3.12/site-packages/airflow/example_dags/example_latest_only_with_trigger.py for tasks to queue
[2025-04-15T19:52:55.227+0000] {logging_mixin.py:190} INFO - [2025-04-15T19:52:55.226+0000] {dagbag.py:588} INFO - Filling up the DagBag from /home/airflow/.local/lib/python3.12/site-packages/airflow/example_dags/example_latest_only_with_trigger.py
[2025-04-15T19:52:55.237+0000] {processor.py:925} INFO - DAG(s) 'latest_only_with_trigger' retrieved from /home/airflow/.local/lib/python3.12/site-packages/airflow/example_dags/example_latest_only_with_trigger.py
[2025-04-15T19:52:55.261+0000] {logging_mixin.py:190} INFO - [2025-04-15T19:52:55.261+0000] {dag.py:3239} INFO - Sync 1 DAGs
[2025-04-15T19:52:55.287+0000] {logging_mixin.py:190} INFO - [2025-04-15T19:52:55.287+0000] {dag.py:4180} INFO - Setting next_dagrun for latest_only_with_trigger to 2025-04-15 12:00:00+00:00, run_after=2025-04-15 16:00:00+00:00
[2025-04-15T19:52:55.309+0000] {processor.py:208} INFO - Processing /home/airflow/.local/lib/python3.12/site-packages/airflow/example_dags/example_latest_only_with_trigger.py took 0.091 seconds
[2025-04-15T19:53:25.816+0000] {processor.py:186} INFO - Started process (PID=18128) to work on /home/airflow/.local/lib/python3.12/site-packages/airflow/example_dags/example_latest_only_with_trigger.py
[2025-04-15T19:53:25.817+0000] {processor.py:914} INFO - Processing file /home/airflow/.local/lib/python3.12/site-packages/airflow/example_dags/example_latest_only_with_trigger.py for tasks to queue
[2025-04-15T19:53:25.818+0000] {logging_mixin.py:190} INFO - [2025-04-15T19:53:25.818+0000] {dagbag.py:588} INFO - Filling up the DagBag from /home/airflow/.local/lib/python3.12/site-packages/airflow/example_dags/example_latest_only_with_trigger.py
[2025-04-15T19:53:25.828+0000] {processor.py:925} INFO - DAG(s) 'latest_only_with_trigger' retrieved from /home/airflow/.local/lib/python3.12/site-packages/airflow/example_dags/example_latest_only_with_trigger.py
[2025-04-15T19:53:25.849+0000] {logging_mixin.py:190} INFO - [2025-04-15T19:53:25.849+0000] {dag.py:3239} INFO - Sync 1 DAGs
[2025-04-15T19:53:25.875+0000] {logging_mixin.py:190} INFO - [2025-04-15T19:53:25.875+0000] {dag.py:4180} INFO - Setting next_dagrun for latest_only_with_trigger to 2025-04-15 12:00:00+00:00, run_after=2025-04-15 16:00:00+00:00
[2025-04-15T19:53:25.912+0000] {processor.py:208} INFO - Processing /home/airflow/.local/lib/python3.12/site-packages/airflow/example_dags/example_latest_only_with_trigger.py took 0.104 seconds
[2025-04-15T19:53:56.783+0000] {processor.py:186} INFO - Started process (PID=18195) to work on /home/airflow/.local/lib/python3.12/site-packages/airflow/example_dags/example_latest_only_with_trigger.py
[2025-04-15T19:53:56.785+0000] {processor.py:914} INFO - Processing file /home/airflow/.local/lib/python3.12/site-packages/airflow/example_dags/example_latest_only_with_trigger.py for tasks to queue
[2025-04-15T19:53:56.786+0000] {logging_mixin.py:190} INFO - [2025-04-15T19:53:56.786+0000] {dagbag.py:588} INFO - Filling up the DagBag from /home/airflow/.local/lib/python3.12/site-packages/airflow/example_dags/example_latest_only_with_trigger.py
[2025-04-15T19:53:56.795+0000] {processor.py:925} INFO - DAG(s) 'latest_only_with_trigger' retrieved from /home/airflow/.local/lib/python3.12/site-packages/airflow/example_dags/example_latest_only_with_trigger.py
[2025-04-15T19:53:56.821+0000] {logging_mixin.py:190} INFO - [2025-04-15T19:53:56.821+0000] {dag.py:3239} INFO - Sync 1 DAGs
[2025-04-15T19:53:56.848+0000] {logging_mixin.py:190} INFO - [2025-04-15T19:53:56.848+0000] {dag.py:4180} INFO - Setting next_dagrun for latest_only_with_trigger to 2025-04-15 12:00:00+00:00, run_after=2025-04-15 16:00:00+00:00
[2025-04-15T19:53:56.874+0000] {processor.py:208} INFO - Processing /home/airflow/.local/lib/python3.12/site-packages/airflow/example_dags/example_latest_only_with_trigger.py took 0.097 seconds
[2025-04-15T19:54:28.973+0000] {processor.py:186} INFO - Started process (PID=18262) to work on /home/airflow/.local/lib/python3.12/site-packages/airflow/example_dags/example_latest_only_with_trigger.py
[2025-04-15T19:54:28.975+0000] {processor.py:914} INFO - Processing file /home/airflow/.local/lib/python3.12/site-packages/airflow/example_dags/example_latest_only_with_trigger.py for tasks to queue
[2025-04-15T19:54:28.977+0000] {logging_mixin.py:190} INFO - [2025-04-15T19:54:28.976+0000] {dagbag.py:588} INFO - Filling up the DagBag from /home/airflow/.local/lib/python3.12/site-packages/airflow/example_dags/example_latest_only_with_trigger.py
[2025-04-15T19:54:28.986+0000] {processor.py:925} INFO - DAG(s) 'latest_only_with_trigger' retrieved from /home/airflow/.local/lib/python3.12/site-packages/airflow/example_dags/example_latest_only_with_trigger.py
[2025-04-15T19:54:29.010+0000] {logging_mixin.py:190} INFO - [2025-04-15T19:54:29.010+0000] {dag.py:3239} INFO - Sync 1 DAGs
[2025-04-15T19:54:29.035+0000] {logging_mixin.py:190} INFO - [2025-04-15T19:54:29.035+0000] {dag.py:4180} INFO - Setting next_dagrun for latest_only_with_trigger to 2025-04-15 12:00:00+00:00, run_after=2025-04-15 16:00:00+00:00
[2025-04-15T19:54:29.058+0000] {processor.py:208} INFO - Processing /home/airflow/.local/lib/python3.12/site-packages/airflow/example_dags/example_latest_only_with_trigger.py took 0.092 seconds
[2025-04-15T19:54:59.641+0000] {processor.py:186} INFO - Started process (PID=18329) to work on /home/airflow/.local/lib/python3.12/site-packages/airflow/example_dags/example_latest_only_with_trigger.py
[2025-04-15T19:54:59.642+0000] {processor.py:914} INFO - Processing file /home/airflow/.local/lib/python3.12/site-packages/airflow/example_dags/example_latest_only_with_trigger.py for tasks to queue
[2025-04-15T19:54:59.644+0000] {logging_mixin.py:190} INFO - [2025-04-15T19:54:59.644+0000] {dagbag.py:588} INFO - Filling up the DagBag from /home/airflow/.local/lib/python3.12/site-packages/airflow/example_dags/example_latest_only_with_trigger.py
[2025-04-15T19:54:59.653+0000] {processor.py:925} INFO - DAG(s) 'latest_only_with_trigger' retrieved from /home/airflow/.local/lib/python3.12/site-packages/airflow/example_dags/example_latest_only_with_trigger.py
[2025-04-15T19:54:59.681+0000] {logging_mixin.py:190} INFO - [2025-04-15T19:54:59.680+0000] {dag.py:3239} INFO - Sync 1 DAGs
[2025-04-15T19:54:59.708+0000] {logging_mixin.py:190} INFO - [2025-04-15T19:54:59.707+0000] {dag.py:4180} INFO - Setting next_dagrun for latest_only_with_trigger to 2025-04-15 12:00:00+00:00, run_after=2025-04-15 16:00:00+00:00
[2025-04-15T19:54:59.728+0000] {processor.py:208} INFO - Processing /home/airflow/.local/lib/python3.12/site-packages/airflow/example_dags/example_latest_only_with_trigger.py took 0.094 seconds
[2025-04-15T19:55:30.905+0000] {processor.py:186} INFO - Started process (PID=18395) to work on /home/airflow/.local/lib/python3.12/site-packages/airflow/example_dags/example_latest_only_with_trigger.py
[2025-04-15T19:55:30.907+0000] {processor.py:914} INFO - Processing file /home/airflow/.local/lib/python3.12/site-packages/airflow/example_dags/example_latest_only_with_trigger.py for tasks to queue
[2025-04-15T19:55:30.908+0000] {logging_mixin.py:190} INFO - [2025-04-15T19:55:30.908+0000] {dagbag.py:588} INFO - Filling up the DagBag from /home/airflow/.local/lib/python3.12/site-packages/airflow/example_dags/example_latest_only_with_trigger.py
[2025-04-15T19:55:30.920+0000] {processor.py:925} INFO - DAG(s) 'latest_only_with_trigger' retrieved from /home/airflow/.local/lib/python3.12/site-packages/airflow/example_dags/example_latest_only_with_trigger.py
[2025-04-15T19:55:30.955+0000] {logging_mixin.py:190} INFO - [2025-04-15T19:55:30.955+0000] {dag.py:3239} INFO - Sync 1 DAGs
[2025-04-15T19:55:30.993+0000] {logging_mixin.py:190} INFO - [2025-04-15T19:55:30.993+0000] {dag.py:4180} INFO - Setting next_dagrun for latest_only_with_trigger to 2025-04-15 12:00:00+00:00, run_after=2025-04-15 16:00:00+00:00
[2025-04-15T19:55:31.027+0000] {processor.py:208} INFO - Processing /home/airflow/.local/lib/python3.12/site-packages/airflow/example_dags/example_latest_only_with_trigger.py took 0.131 seconds
[2025-04-15T19:56:02.688+0000] {processor.py:186} INFO - Started process (PID=18462) to work on /home/airflow/.local/lib/python3.12/site-packages/airflow/example_dags/example_latest_only_with_trigger.py
[2025-04-15T19:56:02.689+0000] {processor.py:914} INFO - Processing file /home/airflow/.local/lib/python3.12/site-packages/airflow/example_dags/example_latest_only_with_trigger.py for tasks to queue
[2025-04-15T19:56:02.691+0000] {logging_mixin.py:190} INFO - [2025-04-15T19:56:02.691+0000] {dagbag.py:588} INFO - Filling up the DagBag from /home/airflow/.local/lib/python3.12/site-packages/airflow/example_dags/example_latest_only_with_trigger.py
[2025-04-15T19:56:02.704+0000] {processor.py:925} INFO - DAG(s) 'latest_only_with_trigger' retrieved from /home/airflow/.local/lib/python3.12/site-packages/airflow/example_dags/example_latest_only_with_trigger.py
[2025-04-15T19:56:02.741+0000] {logging_mixin.py:190} INFO - [2025-04-15T19:56:02.741+0000] {dag.py:3239} INFO - Sync 1 DAGs
[2025-04-15T19:56:02.770+0000] {logging_mixin.py:190} INFO - [2025-04-15T19:56:02.770+0000] {dag.py:4180} INFO - Setting next_dagrun for latest_only_with_trigger to 2025-04-15 12:00:00+00:00, run_after=2025-04-15 16:00:00+00:00
[2025-04-15T19:56:02.795+0000] {processor.py:208} INFO - Processing /home/airflow/.local/lib/python3.12/site-packages/airflow/example_dags/example_latest_only_with_trigger.py took 0.115 seconds
[2025-04-15T19:56:33.917+0000] {processor.py:186} INFO - Started process (PID=18529) to work on /home/airflow/.local/lib/python3.12/site-packages/airflow/example_dags/example_latest_only_with_trigger.py
[2025-04-15T19:56:33.918+0000] {processor.py:914} INFO - Processing file /home/airflow/.local/lib/python3.12/site-packages/airflow/example_dags/example_latest_only_with_trigger.py for tasks to queue
[2025-04-15T19:56:33.921+0000] {logging_mixin.py:190} INFO - [2025-04-15T19:56:33.920+0000] {dagbag.py:588} INFO - Filling up the DagBag from /home/airflow/.local/lib/python3.12/site-packages/airflow/example_dags/example_latest_only_with_trigger.py
[2025-04-15T19:56:33.934+0000] {processor.py:925} INFO - DAG(s) 'latest_only_with_trigger' retrieved from /home/airflow/.local/lib/python3.12/site-packages/airflow/example_dags/example_latest_only_with_trigger.py
[2025-04-15T19:56:33.965+0000] {logging_mixin.py:190} INFO - [2025-04-15T19:56:33.965+0000] {dag.py:3239} INFO - Sync 1 DAGs
[2025-04-15T19:56:34.001+0000] {logging_mixin.py:190} INFO - [2025-04-15T19:56:34.001+0000] {dag.py:4180} INFO - Setting next_dagrun for latest_only_with_trigger to 2025-04-15 12:00:00+00:00, run_after=2025-04-15 16:00:00+00:00
[2025-04-15T19:56:34.030+0000] {processor.py:208} INFO - Processing /home/airflow/.local/lib/python3.12/site-packages/airflow/example_dags/example_latest_only_with_trigger.py took 0.124 seconds
[2025-04-15T19:57:04.341+0000] {processor.py:186} INFO - Started process (PID=18595) to work on /home/airflow/.local/lib/python3.12/site-packages/airflow/example_dags/example_latest_only_with_trigger.py
[2025-04-15T19:57:04.342+0000] {processor.py:914} INFO - Processing file /home/airflow/.local/lib/python3.12/site-packages/airflow/example_dags/example_latest_only_with_trigger.py for tasks to queue
[2025-04-15T19:57:04.344+0000] {logging_mixin.py:190} INFO - [2025-04-15T19:57:04.344+0000] {dagbag.py:588} INFO - Filling up the DagBag from /home/airflow/.local/lib/python3.12/site-packages/airflow/example_dags/example_latest_only_with_trigger.py
[2025-04-15T19:57:04.359+0000] {processor.py:925} INFO - DAG(s) 'latest_only_with_trigger' retrieved from /home/airflow/.local/lib/python3.12/site-packages/airflow/example_dags/example_latest_only_with_trigger.py
[2025-04-15T19:57:04.393+0000] {logging_mixin.py:190} INFO - [2025-04-15T19:57:04.392+0000] {dag.py:3239} INFO - Sync 1 DAGs
[2025-04-15T19:57:04.428+0000] {logging_mixin.py:190} INFO - [2025-04-15T19:57:04.427+0000] {dag.py:4180} INFO - Setting next_dagrun for latest_only_with_trigger to 2025-04-15 12:00:00+00:00, run_after=2025-04-15 16:00:00+00:00
[2025-04-15T19:57:04.462+0000] {processor.py:208} INFO - Processing /home/airflow/.local/lib/python3.12/site-packages/airflow/example_dags/example_latest_only_with_trigger.py took 0.130 seconds
[2025-04-15T19:57:34.667+0000] {processor.py:186} INFO - Started process (PID=18661) to work on /home/airflow/.local/lib/python3.12/site-packages/airflow/example_dags/example_latest_only_with_trigger.py
[2025-04-15T19:57:34.668+0000] {processor.py:914} INFO - Processing file /home/airflow/.local/lib/python3.12/site-packages/airflow/example_dags/example_latest_only_with_trigger.py for tasks to queue
[2025-04-15T19:57:34.671+0000] {logging_mixin.py:190} INFO - [2025-04-15T19:57:34.670+0000] {dagbag.py:588} INFO - Filling up the DagBag from /home/airflow/.local/lib/python3.12/site-packages/airflow/example_dags/example_latest_only_with_trigger.py
[2025-04-15T19:57:34.685+0000] {processor.py:925} INFO - DAG(s) 'latest_only_with_trigger' retrieved from /home/airflow/.local/lib/python3.12/site-packages/airflow/example_dags/example_latest_only_with_trigger.py
[2025-04-15T19:57:34.720+0000] {logging_mixin.py:190} INFO - [2025-04-15T19:57:34.719+0000] {dag.py:3239} INFO - Sync 1 DAGs
[2025-04-15T19:57:34.758+0000] {logging_mixin.py:190} INFO - [2025-04-15T19:57:34.758+0000] {dag.py:4180} INFO - Setting next_dagrun for latest_only_with_trigger to 2025-04-15 12:00:00+00:00, run_after=2025-04-15 16:00:00+00:00
[2025-04-15T19:57:34.787+0000] {processor.py:208} INFO - Processing /home/airflow/.local/lib/python3.12/site-packages/airflow/example_dags/example_latest_only_with_trigger.py took 0.130 seconds
[2025-04-15T19:58:05.165+0000] {processor.py:186} INFO - Started process (PID=18728) to work on /home/airflow/.local/lib/python3.12/site-packages/airflow/example_dags/example_latest_only_with_trigger.py
[2025-04-15T19:58:05.167+0000] {processor.py:914} INFO - Processing file /home/airflow/.local/lib/python3.12/site-packages/airflow/example_dags/example_latest_only_with_trigger.py for tasks to queue
[2025-04-15T19:58:05.169+0000] {logging_mixin.py:190} INFO - [2025-04-15T19:58:05.168+0000] {dagbag.py:588} INFO - Filling up the DagBag from /home/airflow/.local/lib/python3.12/site-packages/airflow/example_dags/example_latest_only_with_trigger.py
[2025-04-15T19:58:05.181+0000] {processor.py:925} INFO - DAG(s) 'latest_only_with_trigger' retrieved from /home/airflow/.local/lib/python3.12/site-packages/airflow/example_dags/example_latest_only_with_trigger.py
[2025-04-15T19:58:05.212+0000] {logging_mixin.py:190} INFO - [2025-04-15T19:58:05.211+0000] {dag.py:3239} INFO - Sync 1 DAGs
[2025-04-15T19:58:05.246+0000] {logging_mixin.py:190} INFO - [2025-04-15T19:58:05.245+0000] {dag.py:4180} INFO - Setting next_dagrun for latest_only_with_trigger to 2025-04-15 12:00:00+00:00, run_after=2025-04-15 16:00:00+00:00
[2025-04-15T19:58:05.275+0000] {processor.py:208} INFO - Processing /home/airflow/.local/lib/python3.12/site-packages/airflow/example_dags/example_latest_only_with_trigger.py took 0.117 seconds
[2025-04-15T19:58:35.956+0000] {processor.py:186} INFO - Started process (PID=18794) to work on /home/airflow/.local/lib/python3.12/site-packages/airflow/example_dags/example_latest_only_with_trigger.py
[2025-04-15T19:58:35.957+0000] {processor.py:914} INFO - Processing file /home/airflow/.local/lib/python3.12/site-packages/airflow/example_dags/example_latest_only_with_trigger.py for tasks to queue
[2025-04-15T19:58:35.959+0000] {logging_mixin.py:190} INFO - [2025-04-15T19:58:35.958+0000] {dagbag.py:588} INFO - Filling up the DagBag from /home/airflow/.local/lib/python3.12/site-packages/airflow/example_dags/example_latest_only_with_trigger.py
[2025-04-15T19:58:35.969+0000] {processor.py:925} INFO - DAG(s) 'latest_only_with_trigger' retrieved from /home/airflow/.local/lib/python3.12/site-packages/airflow/example_dags/example_latest_only_with_trigger.py
[2025-04-15T19:58:35.991+0000] {logging_mixin.py:190} INFO - [2025-04-15T19:58:35.991+0000] {dag.py:3239} INFO - Sync 1 DAGs
[2025-04-15T19:58:36.017+0000] {logging_mixin.py:190} INFO - [2025-04-15T19:58:36.017+0000] {dag.py:4180} INFO - Setting next_dagrun for latest_only_with_trigger to 2025-04-15 12:00:00+00:00, run_after=2025-04-15 16:00:00+00:00
[2025-04-15T19:58:36.038+0000] {processor.py:208} INFO - Processing /home/airflow/.local/lib/python3.12/site-packages/airflow/example_dags/example_latest_only_with_trigger.py took 0.087 seconds
[2025-04-15T19:59:06.412+0000] {processor.py:186} INFO - Started process (PID=18861) to work on /home/airflow/.local/lib/python3.12/site-packages/airflow/example_dags/example_latest_only_with_trigger.py
[2025-04-15T19:59:06.413+0000] {processor.py:914} INFO - Processing file /home/airflow/.local/lib/python3.12/site-packages/airflow/example_dags/example_latest_only_with_trigger.py for tasks to queue
[2025-04-15T19:59:06.415+0000] {logging_mixin.py:190} INFO - [2025-04-15T19:59:06.415+0000] {dagbag.py:588} INFO - Filling up the DagBag from /home/airflow/.local/lib/python3.12/site-packages/airflow/example_dags/example_latest_only_with_trigger.py
[2025-04-15T19:59:06.430+0000] {processor.py:925} INFO - DAG(s) 'latest_only_with_trigger' retrieved from /home/airflow/.local/lib/python3.12/site-packages/airflow/example_dags/example_latest_only_with_trigger.py
[2025-04-15T19:59:06.468+0000] {logging_mixin.py:190} INFO - [2025-04-15T19:59:06.468+0000] {dag.py:3239} INFO - Sync 1 DAGs
[2025-04-15T19:59:06.507+0000] {logging_mixin.py:190} INFO - [2025-04-15T19:59:06.507+0000] {dag.py:4180} INFO - Setting next_dagrun for latest_only_with_trigger to 2025-04-15 12:00:00+00:00, run_after=2025-04-15 16:00:00+00:00
[2025-04-15T19:59:06.539+0000] {processor.py:208} INFO - Processing /home/airflow/.local/lib/python3.12/site-packages/airflow/example_dags/example_latest_only_with_trigger.py took 0.139 seconds
[2025-04-15T19:59:36.782+0000] {processor.py:186} INFO - Started process (PID=18928) to work on /home/airflow/.local/lib/python3.12/site-packages/airflow/example_dags/example_latest_only_with_trigger.py
[2025-04-15T19:59:36.784+0000] {processor.py:914} INFO - Processing file /home/airflow/.local/lib/python3.12/site-packages/airflow/example_dags/example_latest_only_with_trigger.py for tasks to queue
[2025-04-15T19:59:36.787+0000] {logging_mixin.py:190} INFO - [2025-04-15T19:59:36.786+0000] {dagbag.py:588} INFO - Filling up the DagBag from /home/airflow/.local/lib/python3.12/site-packages/airflow/example_dags/example_latest_only_with_trigger.py
[2025-04-15T19:59:36.801+0000] {processor.py:925} INFO - DAG(s) 'latest_only_with_trigger' retrieved from /home/airflow/.local/lib/python3.12/site-packages/airflow/example_dags/example_latest_only_with_trigger.py
[2025-04-15T19:59:36.844+0000] {logging_mixin.py:190} INFO - [2025-04-15T19:59:36.843+0000] {dag.py:3239} INFO - Sync 1 DAGs
[2025-04-15T19:59:36.893+0000] {logging_mixin.py:190} INFO - [2025-04-15T19:59:36.893+0000] {dag.py:4180} INFO - Setting next_dagrun for latest_only_with_trigger to 2025-04-15 12:00:00+00:00, run_after=2025-04-15 16:00:00+00:00
[2025-04-15T19:59:36.930+0000] {processor.py:208} INFO - Processing /home/airflow/.local/lib/python3.12/site-packages/airflow/example_dags/example_latest_only_with_trigger.py took 0.161 seconds
[2025-04-15T20:00:07.471+0000] {processor.py:186} INFO - Started process (PID=18995) to work on /home/airflow/.local/lib/python3.12/site-packages/airflow/example_dags/example_latest_only_with_trigger.py
[2025-04-15T20:00:07.472+0000] {processor.py:914} INFO - Processing file /home/airflow/.local/lib/python3.12/site-packages/airflow/example_dags/example_latest_only_with_trigger.py for tasks to queue
[2025-04-15T20:00:07.474+0000] {logging_mixin.py:190} INFO - [2025-04-15T20:00:07.474+0000] {dagbag.py:588} INFO - Filling up the DagBag from /home/airflow/.local/lib/python3.12/site-packages/airflow/example_dags/example_latest_only_with_trigger.py
[2025-04-15T20:00:07.486+0000] {processor.py:925} INFO - DAG(s) 'latest_only_with_trigger' retrieved from /home/airflow/.local/lib/python3.12/site-packages/airflow/example_dags/example_latest_only_with_trigger.py
[2025-04-15T20:00:07.521+0000] {logging_mixin.py:190} INFO - [2025-04-15T20:00:07.521+0000] {dag.py:3239} INFO - Sync 1 DAGs
[2025-04-15T20:00:07.558+0000] {logging_mixin.py:190} INFO - [2025-04-15T20:00:07.557+0000] {dag.py:4180} INFO - Setting next_dagrun for latest_only_with_trigger to 2025-04-15 16:00:00+00:00, run_after=2025-04-15 20:00:00+00:00
[2025-04-15T20:00:07.593+0000] {processor.py:208} INFO - Processing /home/airflow/.local/lib/python3.12/site-packages/airflow/example_dags/example_latest_only_with_trigger.py took 0.132 seconds
[2025-04-15T20:00:37.808+0000] {processor.py:186} INFO - Started process (PID=19062) to work on /home/airflow/.local/lib/python3.12/site-packages/airflow/example_dags/example_latest_only_with_trigger.py
[2025-04-15T20:00:37.809+0000] {processor.py:914} INFO - Processing file /home/airflow/.local/lib/python3.12/site-packages/airflow/example_dags/example_latest_only_with_trigger.py for tasks to queue
[2025-04-15T20:00:37.811+0000] {logging_mixin.py:190} INFO - [2025-04-15T20:00:37.811+0000] {dagbag.py:588} INFO - Filling up the DagBag from /home/airflow/.local/lib/python3.12/site-packages/airflow/example_dags/example_latest_only_with_trigger.py
[2025-04-15T20:00:37.826+0000] {processor.py:925} INFO - DAG(s) 'latest_only_with_trigger' retrieved from /home/airflow/.local/lib/python3.12/site-packages/airflow/example_dags/example_latest_only_with_trigger.py
[2025-04-15T20:00:37.862+0000] {logging_mixin.py:190} INFO - [2025-04-15T20:00:37.861+0000] {dag.py:3239} INFO - Sync 1 DAGs
[2025-04-15T20:00:37.897+0000] {logging_mixin.py:190} INFO - [2025-04-15T20:00:37.897+0000] {dag.py:4180} INFO - Setting next_dagrun for latest_only_with_trigger to 2025-04-15 16:00:00+00:00, run_after=2025-04-15 20:00:00+00:00
[2025-04-15T20:00:37.927+0000] {processor.py:208} INFO - Processing /home/airflow/.local/lib/python3.12/site-packages/airflow/example_dags/example_latest_only_with_trigger.py took 0.128 seconds
[2025-04-15T20:01:08.429+0000] {processor.py:186} INFO - Started process (PID=19129) to work on /home/airflow/.local/lib/python3.12/site-packages/airflow/example_dags/example_latest_only_with_trigger.py
[2025-04-15T20:01:08.431+0000] {processor.py:914} INFO - Processing file /home/airflow/.local/lib/python3.12/site-packages/airflow/example_dags/example_latest_only_with_trigger.py for tasks to queue
[2025-04-15T20:01:08.433+0000] {logging_mixin.py:190} INFO - [2025-04-15T20:01:08.432+0000] {dagbag.py:588} INFO - Filling up the DagBag from /home/airflow/.local/lib/python3.12/site-packages/airflow/example_dags/example_latest_only_with_trigger.py
[2025-04-15T20:01:08.450+0000] {processor.py:925} INFO - DAG(s) 'latest_only_with_trigger' retrieved from /home/airflow/.local/lib/python3.12/site-packages/airflow/example_dags/example_latest_only_with_trigger.py
[2025-04-15T20:01:08.491+0000] {logging_mixin.py:190} INFO - [2025-04-15T20:01:08.491+0000] {dag.py:3239} INFO - Sync 1 DAGs
[2025-04-15T20:01:08.526+0000] {logging_mixin.py:190} INFO - [2025-04-15T20:01:08.525+0000] {dag.py:4180} INFO - Setting next_dagrun for latest_only_with_trigger to 2025-04-15 16:00:00+00:00, run_after=2025-04-15 20:00:00+00:00
[2025-04-15T20:01:08.554+0000] {processor.py:208} INFO - Processing /home/airflow/.local/lib/python3.12/site-packages/airflow/example_dags/example_latest_only_with_trigger.py took 0.135 seconds
[2025-04-15T20:01:38.868+0000] {processor.py:186} INFO - Started process (PID=19196) to work on /home/airflow/.local/lib/python3.12/site-packages/airflow/example_dags/example_latest_only_with_trigger.py
[2025-04-15T20:01:38.869+0000] {processor.py:914} INFO - Processing file /home/airflow/.local/lib/python3.12/site-packages/airflow/example_dags/example_latest_only_with_trigger.py for tasks to queue
[2025-04-15T20:01:38.870+0000] {logging_mixin.py:190} INFO - [2025-04-15T20:01:38.870+0000] {dagbag.py:588} INFO - Filling up the DagBag from /home/airflow/.local/lib/python3.12/site-packages/airflow/example_dags/example_latest_only_with_trigger.py
[2025-04-15T20:01:38.880+0000] {processor.py:925} INFO - DAG(s) 'latest_only_with_trigger' retrieved from /home/airflow/.local/lib/python3.12/site-packages/airflow/example_dags/example_latest_only_with_trigger.py
[2025-04-15T20:01:38.904+0000] {logging_mixin.py:190} INFO - [2025-04-15T20:01:38.903+0000] {dag.py:3239} INFO - Sync 1 DAGs
[2025-04-15T20:01:38.927+0000] {logging_mixin.py:190} INFO - [2025-04-15T20:01:38.927+0000] {dag.py:4180} INFO - Setting next_dagrun for latest_only_with_trigger to 2025-04-15 16:00:00+00:00, run_after=2025-04-15 20:00:00+00:00
[2025-04-15T20:01:38.953+0000] {processor.py:208} INFO - Processing /home/airflow/.local/lib/python3.12/site-packages/airflow/example_dags/example_latest_only_with_trigger.py took 0.091 seconds
[2025-04-15T20:02:09.498+0000] {processor.py:186} INFO - Started process (PID=19263) to work on /home/airflow/.local/lib/python3.12/site-packages/airflow/example_dags/example_latest_only_with_trigger.py
[2025-04-15T20:02:09.499+0000] {processor.py:914} INFO - Processing file /home/airflow/.local/lib/python3.12/site-packages/airflow/example_dags/example_latest_only_with_trigger.py for tasks to queue
[2025-04-15T20:02:09.501+0000] {logging_mixin.py:190} INFO - [2025-04-15T20:02:09.501+0000] {dagbag.py:588} INFO - Filling up the DagBag from /home/airflow/.local/lib/python3.12/site-packages/airflow/example_dags/example_latest_only_with_trigger.py
[2025-04-15T20:02:09.513+0000] {processor.py:925} INFO - DAG(s) 'latest_only_with_trigger' retrieved from /home/airflow/.local/lib/python3.12/site-packages/airflow/example_dags/example_latest_only_with_trigger.py
[2025-04-15T20:02:09.546+0000] {logging_mixin.py:190} INFO - [2025-04-15T20:02:09.546+0000] {dag.py:3239} INFO - Sync 1 DAGs
[2025-04-15T20:02:09.579+0000] {logging_mixin.py:190} INFO - [2025-04-15T20:02:09.579+0000] {dag.py:4180} INFO - Setting next_dagrun for latest_only_with_trigger to 2025-04-15 16:00:00+00:00, run_after=2025-04-15 20:00:00+00:00
[2025-04-15T20:02:09.609+0000] {processor.py:208} INFO - Processing /home/airflow/.local/lib/python3.12/site-packages/airflow/example_dags/example_latest_only_with_trigger.py took 0.120 seconds
[2025-04-15T20:02:40.144+0000] {processor.py:186} INFO - Started process (PID=19330) to work on /home/airflow/.local/lib/python3.12/site-packages/airflow/example_dags/example_latest_only_with_trigger.py
[2025-04-15T20:02:40.145+0000] {processor.py:914} INFO - Processing file /home/airflow/.local/lib/python3.12/site-packages/airflow/example_dags/example_latest_only_with_trigger.py for tasks to queue
[2025-04-15T20:02:40.147+0000] {logging_mixin.py:190} INFO - [2025-04-15T20:02:40.146+0000] {dagbag.py:588} INFO - Filling up the DagBag from /home/airflow/.local/lib/python3.12/site-packages/airflow/example_dags/example_latest_only_with_trigger.py
[2025-04-15T20:02:40.158+0000] {processor.py:925} INFO - DAG(s) 'latest_only_with_trigger' retrieved from /home/airflow/.local/lib/python3.12/site-packages/airflow/example_dags/example_latest_only_with_trigger.py
[2025-04-15T20:02:40.181+0000] {logging_mixin.py:190} INFO - [2025-04-15T20:02:40.181+0000] {dag.py:3239} INFO - Sync 1 DAGs
[2025-04-15T20:02:40.211+0000] {logging_mixin.py:190} INFO - [2025-04-15T20:02:40.211+0000] {dag.py:4180} INFO - Setting next_dagrun for latest_only_with_trigger to 2025-04-15 16:00:00+00:00, run_after=2025-04-15 20:00:00+00:00
[2025-04-15T20:02:40.237+0000] {processor.py:208} INFO - Processing /home/airflow/.local/lib/python3.12/site-packages/airflow/example_dags/example_latest_only_with_trigger.py took 0.100 seconds
[2025-04-15T20:03:10.841+0000] {processor.py:186} INFO - Started process (PID=19397) to work on /home/airflow/.local/lib/python3.12/site-packages/airflow/example_dags/example_latest_only_with_trigger.py
[2025-04-15T20:03:10.843+0000] {processor.py:914} INFO - Processing file /home/airflow/.local/lib/python3.12/site-packages/airflow/example_dags/example_latest_only_with_trigger.py for tasks to queue
[2025-04-15T20:03:10.845+0000] {logging_mixin.py:190} INFO - [2025-04-15T20:03:10.844+0000] {dagbag.py:588} INFO - Filling up the DagBag from /home/airflow/.local/lib/python3.12/site-packages/airflow/example_dags/example_latest_only_with_trigger.py
[2025-04-15T20:03:10.856+0000] {processor.py:925} INFO - DAG(s) 'latest_only_with_trigger' retrieved from /home/airflow/.local/lib/python3.12/site-packages/airflow/example_dags/example_latest_only_with_trigger.py
[2025-04-15T20:03:10.889+0000] {logging_mixin.py:190} INFO - [2025-04-15T20:03:10.889+0000] {dag.py:3239} INFO - Sync 1 DAGs
[2025-04-15T20:03:10.922+0000] {logging_mixin.py:190} INFO - [2025-04-15T20:03:10.922+0000] {dag.py:4180} INFO - Setting next_dagrun for latest_only_with_trigger to 2025-04-15 16:00:00+00:00, run_after=2025-04-15 20:00:00+00:00
[2025-04-15T20:03:10.953+0000] {processor.py:208} INFO - Processing /home/airflow/.local/lib/python3.12/site-packages/airflow/example_dags/example_latest_only_with_trigger.py took 0.120 seconds
[2025-04-15T20:03:41.142+0000] {processor.py:186} INFO - Started process (PID=19464) to work on /home/airflow/.local/lib/python3.12/site-packages/airflow/example_dags/example_latest_only_with_trigger.py
[2025-04-15T20:03:41.143+0000] {processor.py:914} INFO - Processing file /home/airflow/.local/lib/python3.12/site-packages/airflow/example_dags/example_latest_only_with_trigger.py for tasks to queue
[2025-04-15T20:03:41.147+0000] {logging_mixin.py:190} INFO - [2025-04-15T20:03:41.146+0000] {dagbag.py:588} INFO - Filling up the DagBag from /home/airflow/.local/lib/python3.12/site-packages/airflow/example_dags/example_latest_only_with_trigger.py
[2025-04-15T20:03:41.160+0000] {processor.py:925} INFO - DAG(s) 'latest_only_with_trigger' retrieved from /home/airflow/.local/lib/python3.12/site-packages/airflow/example_dags/example_latest_only_with_trigger.py
[2025-04-15T20:03:41.195+0000] {logging_mixin.py:190} INFO - [2025-04-15T20:03:41.195+0000] {dag.py:3239} INFO - Sync 1 DAGs
[2025-04-15T20:03:41.233+0000] {logging_mixin.py:190} INFO - [2025-04-15T20:03:41.233+0000] {dag.py:4180} INFO - Setting next_dagrun for latest_only_with_trigger to 2025-04-15 16:00:00+00:00, run_after=2025-04-15 20:00:00+00:00
[2025-04-15T20:03:41.261+0000] {processor.py:208} INFO - Processing /home/airflow/.local/lib/python3.12/site-packages/airflow/example_dags/example_latest_only_with_trigger.py took 0.128 seconds
[2025-04-15T20:04:11.666+0000] {processor.py:186} INFO - Started process (PID=19532) to work on /home/airflow/.local/lib/python3.12/site-packages/airflow/example_dags/example_latest_only_with_trigger.py
[2025-04-15T20:04:11.668+0000] {processor.py:914} INFO - Processing file /home/airflow/.local/lib/python3.12/site-packages/airflow/example_dags/example_latest_only_with_trigger.py for tasks to queue
[2025-04-15T20:04:11.671+0000] {logging_mixin.py:190} INFO - [2025-04-15T20:04:11.670+0000] {dagbag.py:588} INFO - Filling up the DagBag from /home/airflow/.local/lib/python3.12/site-packages/airflow/example_dags/example_latest_only_with_trigger.py
[2025-04-15T20:04:11.686+0000] {processor.py:925} INFO - DAG(s) 'latest_only_with_trigger' retrieved from /home/airflow/.local/lib/python3.12/site-packages/airflow/example_dags/example_latest_only_with_trigger.py
[2025-04-15T20:04:11.717+0000] {logging_mixin.py:190} INFO - [2025-04-15T20:04:11.717+0000] {dag.py:3239} INFO - Sync 1 DAGs
[2025-04-15T20:04:11.752+0000] {logging_mixin.py:190} INFO - [2025-04-15T20:04:11.752+0000] {dag.py:4180} INFO - Setting next_dagrun for latest_only_with_trigger to 2025-04-15 16:00:00+00:00, run_after=2025-04-15 20:00:00+00:00
[2025-04-15T20:04:11.780+0000] {processor.py:208} INFO - Processing /home/airflow/.local/lib/python3.12/site-packages/airflow/example_dags/example_latest_only_with_trigger.py took 0.127 seconds
