[2025-04-15T19:34:52.849+0000] {processor.py:186} INFO - Started process (PID=15738) to work on /home/airflow/.local/lib/python3.12/site-packages/airflow/example_dags/example_xcom.py
[2025-04-15T19:34:52.871+0000] {processor.py:914} INFO - Processing file /home/airflow/.local/lib/python3.12/site-packages/airflow/example_dags/example_xcom.py for tasks to queue
[2025-04-15T19:34:52.900+0000] {logging_mixin.py:190} INFO - [2025-04-15T19:34:52.899+0000] {dagbag.py:588} INFO - Filling up the DagBag from /home/airflow/.local/lib/python3.12/site-packages/airflow/example_dags/example_xcom.py
[2025-04-15T19:34:52.942+0000] {processor.py:925} INFO - DAG(s) 'example_xcom' retrieved from /home/airflow/.local/lib/python3.12/site-packages/airflow/example_dags/example_xcom.py
[2025-04-15T19:34:53.019+0000] {logging_mixin.py:190} INFO - [2025-04-15T19:34:53.019+0000] {dag.py:3239} INFO - Sync 1 DAGs
[2025-04-15T19:34:53.111+0000] {logging_mixin.py:190} INFO - [2025-04-15T19:34:53.110+0000] {dag.py:4180} INFO - Setting next_dagrun for example_xcom to 2021-01-01 00:00:00+00:00, run_after=2021-01-01 00:00:00+00:00
[2025-04-15T19:34:53.268+0000] {processor.py:208} INFO - Processing /home/airflow/.local/lib/python3.12/site-packages/airflow/example_dags/example_xcom.py took 0.453 seconds
[2025-04-15T19:35:45.523+0000] {processor.py:186} INFO - Started process (PID=15805) to work on /home/airflow/.local/lib/python3.12/site-packages/airflow/example_dags/example_xcom.py
[2025-04-15T19:35:45.525+0000] {processor.py:914} INFO - Processing file /home/airflow/.local/lib/python3.12/site-packages/airflow/example_dags/example_xcom.py for tasks to queue
[2025-04-15T19:35:45.527+0000] {logging_mixin.py:190} INFO - [2025-04-15T19:35:45.527+0000] {dagbag.py:588} INFO - Filling up the DagBag from /home/airflow/.local/lib/python3.12/site-packages/airflow/example_dags/example_xcom.py
[2025-04-15T19:35:45.549+0000] {processor.py:925} INFO - DAG(s) 'example_xcom' retrieved from /home/airflow/.local/lib/python3.12/site-packages/airflow/example_dags/example_xcom.py
[2025-04-15T19:35:45.591+0000] {logging_mixin.py:190} INFO - [2025-04-15T19:35:45.590+0000] {dag.py:3239} INFO - Sync 1 DAGs
[2025-04-15T19:35:45.632+0000] {logging_mixin.py:190} INFO - [2025-04-15T19:35:45.632+0000] {dag.py:4180} INFO - Setting next_dagrun for example_xcom to 2021-01-01 00:00:00+00:00, run_after=2021-01-01 00:00:00+00:00
[2025-04-15T19:35:45.666+0000] {processor.py:208} INFO - Processing /home/airflow/.local/lib/python3.12/site-packages/airflow/example_dags/example_xcom.py took 0.153 seconds
[2025-04-15T19:36:16.365+0000] {processor.py:186} INFO - Started process (PID=15872) to work on /home/airflow/.local/lib/python3.12/site-packages/airflow/example_dags/example_xcom.py
[2025-04-15T19:36:16.367+0000] {processor.py:914} INFO - Processing file /home/airflow/.local/lib/python3.12/site-packages/airflow/example_dags/example_xcom.py for tasks to queue
[2025-04-15T19:36:16.369+0000] {logging_mixin.py:190} INFO - [2025-04-15T19:36:16.369+0000] {dagbag.py:588} INFO - Filling up the DagBag from /home/airflow/.local/lib/python3.12/site-packages/airflow/example_dags/example_xcom.py
[2025-04-15T19:36:16.391+0000] {processor.py:925} INFO - DAG(s) 'example_xcom' retrieved from /home/airflow/.local/lib/python3.12/site-packages/airflow/example_dags/example_xcom.py
[2025-04-15T19:36:16.429+0000] {logging_mixin.py:190} INFO - [2025-04-15T19:36:16.428+0000] {dag.py:3239} INFO - Sync 1 DAGs
[2025-04-15T19:36:16.483+0000] {logging_mixin.py:190} INFO - [2025-04-15T19:36:16.483+0000] {dag.py:4180} INFO - Setting next_dagrun for example_xcom to 2021-01-01 00:00:00+00:00, run_after=2021-01-01 00:00:00+00:00
[2025-04-15T19:36:16.531+0000] {processor.py:208} INFO - Processing /home/airflow/.local/lib/python3.12/site-packages/airflow/example_dags/example_xcom.py took 0.175 seconds
[2025-04-15T19:36:47.430+0000] {processor.py:186} INFO - Started process (PID=15939) to work on /home/airflow/.local/lib/python3.12/site-packages/airflow/example_dags/example_xcom.py
[2025-04-15T19:36:47.432+0000] {processor.py:914} INFO - Processing file /home/airflow/.local/lib/python3.12/site-packages/airflow/example_dags/example_xcom.py for tasks to queue
[2025-04-15T19:36:47.433+0000] {logging_mixin.py:190} INFO - [2025-04-15T19:36:47.433+0000] {dagbag.py:588} INFO - Filling up the DagBag from /home/airflow/.local/lib/python3.12/site-packages/airflow/example_dags/example_xcom.py
[2025-04-15T19:36:47.447+0000] {processor.py:925} INFO - DAG(s) 'example_xcom' retrieved from /home/airflow/.local/lib/python3.12/site-packages/airflow/example_dags/example_xcom.py
[2025-04-15T19:36:47.478+0000] {logging_mixin.py:190} INFO - [2025-04-15T19:36:47.477+0000] {dag.py:3239} INFO - Sync 1 DAGs
[2025-04-15T19:36:47.515+0000] {logging_mixin.py:190} INFO - [2025-04-15T19:36:47.515+0000] {dag.py:4180} INFO - Setting next_dagrun for example_xcom to 2021-01-01 00:00:00+00:00, run_after=2021-01-01 00:00:00+00:00
[2025-04-15T19:36:47.546+0000] {processor.py:208} INFO - Processing /home/airflow/.local/lib/python3.12/site-packages/airflow/example_dags/example_xcom.py took 0.123 seconds
[2025-04-15T19:37:18.288+0000] {processor.py:186} INFO - Started process (PID=16006) to work on /home/airflow/.local/lib/python3.12/site-packages/airflow/example_dags/example_xcom.py
[2025-04-15T19:37:18.290+0000] {processor.py:914} INFO - Processing file /home/airflow/.local/lib/python3.12/site-packages/airflow/example_dags/example_xcom.py for tasks to queue
[2025-04-15T19:37:18.291+0000] {logging_mixin.py:190} INFO - [2025-04-15T19:37:18.291+0000] {dagbag.py:588} INFO - Filling up the DagBag from /home/airflow/.local/lib/python3.12/site-packages/airflow/example_dags/example_xcom.py
[2025-04-15T19:37:18.310+0000] {processor.py:925} INFO - DAG(s) 'example_xcom' retrieved from /home/airflow/.local/lib/python3.12/site-packages/airflow/example_dags/example_xcom.py
[2025-04-15T19:37:18.350+0000] {logging_mixin.py:190} INFO - [2025-04-15T19:37:18.350+0000] {dag.py:3239} INFO - Sync 1 DAGs
[2025-04-15T19:37:18.389+0000] {logging_mixin.py:190} INFO - [2025-04-15T19:37:18.389+0000] {dag.py:4180} INFO - Setting next_dagrun for example_xcom to 2021-01-01 00:00:00+00:00, run_after=2021-01-01 00:00:00+00:00
[2025-04-15T19:37:18.429+0000] {processor.py:208} INFO - Processing /home/airflow/.local/lib/python3.12/site-packages/airflow/example_dags/example_xcom.py took 0.149 seconds
[2025-04-15T19:37:48.792+0000] {processor.py:186} INFO - Started process (PID=16072) to work on /home/airflow/.local/lib/python3.12/site-packages/airflow/example_dags/example_xcom.py
[2025-04-15T19:37:48.794+0000] {processor.py:914} INFO - Processing file /home/airflow/.local/lib/python3.12/site-packages/airflow/example_dags/example_xcom.py for tasks to queue
[2025-04-15T19:37:48.797+0000] {logging_mixin.py:190} INFO - [2025-04-15T19:37:48.796+0000] {dagbag.py:588} INFO - Filling up the DagBag from /home/airflow/.local/lib/python3.12/site-packages/airflow/example_dags/example_xcom.py
[2025-04-15T19:37:48.814+0000] {processor.py:925} INFO - DAG(s) 'example_xcom' retrieved from /home/airflow/.local/lib/python3.12/site-packages/airflow/example_dags/example_xcom.py
[2025-04-15T19:37:48.856+0000] {logging_mixin.py:190} INFO - [2025-04-15T19:37:48.856+0000] {dag.py:3239} INFO - Sync 1 DAGs
[2025-04-15T19:37:48.907+0000] {logging_mixin.py:190} INFO - [2025-04-15T19:37:48.907+0000] {dag.py:4180} INFO - Setting next_dagrun for example_xcom to 2021-01-01 00:00:00+00:00, run_after=2021-01-01 00:00:00+00:00
[2025-04-15T19:37:48.948+0000] {processor.py:208} INFO - Processing /home/airflow/.local/lib/python3.12/site-packages/airflow/example_dags/example_xcom.py took 0.165 seconds
[2025-04-15T19:38:19.174+0000] {processor.py:186} INFO - Started process (PID=16139) to work on /home/airflow/.local/lib/python3.12/site-packages/airflow/example_dags/example_xcom.py
[2025-04-15T19:38:19.177+0000] {processor.py:914} INFO - Processing file /home/airflow/.local/lib/python3.12/site-packages/airflow/example_dags/example_xcom.py for tasks to queue
[2025-04-15T19:38:19.182+0000] {logging_mixin.py:190} INFO - [2025-04-15T19:38:19.181+0000] {dagbag.py:588} INFO - Filling up the DagBag from /home/airflow/.local/lib/python3.12/site-packages/airflow/example_dags/example_xcom.py
[2025-04-15T19:38:19.204+0000] {processor.py:925} INFO - DAG(s) 'example_xcom' retrieved from /home/airflow/.local/lib/python3.12/site-packages/airflow/example_dags/example_xcom.py
[2025-04-15T19:38:19.237+0000] {logging_mixin.py:190} INFO - [2025-04-15T19:38:19.237+0000] {dag.py:3239} INFO - Sync 1 DAGs
[2025-04-15T19:38:19.273+0000] {logging_mixin.py:190} INFO - [2025-04-15T19:38:19.273+0000] {dag.py:4180} INFO - Setting next_dagrun for example_xcom to 2021-01-01 00:00:00+00:00, run_after=2021-01-01 00:00:00+00:00
[2025-04-15T19:38:19.345+0000] {processor.py:208} INFO - Processing /home/airflow/.local/lib/python3.12/site-packages/airflow/example_dags/example_xcom.py took 0.186 seconds
[2025-04-15T19:38:50.271+0000] {processor.py:186} INFO - Started process (PID=16207) to work on /home/airflow/.local/lib/python3.12/site-packages/airflow/example_dags/example_xcom.py
[2025-04-15T19:38:50.272+0000] {processor.py:914} INFO - Processing file /home/airflow/.local/lib/python3.12/site-packages/airflow/example_dags/example_xcom.py for tasks to queue
[2025-04-15T19:38:50.274+0000] {logging_mixin.py:190} INFO - [2025-04-15T19:38:50.274+0000] {dagbag.py:588} INFO - Filling up the DagBag from /home/airflow/.local/lib/python3.12/site-packages/airflow/example_dags/example_xcom.py
[2025-04-15T19:38:50.291+0000] {processor.py:925} INFO - DAG(s) 'example_xcom' retrieved from /home/airflow/.local/lib/python3.12/site-packages/airflow/example_dags/example_xcom.py
[2025-04-15T19:38:50.330+0000] {logging_mixin.py:190} INFO - [2025-04-15T19:38:50.330+0000] {dag.py:3239} INFO - Sync 1 DAGs
[2025-04-15T19:38:50.373+0000] {logging_mixin.py:190} INFO - [2025-04-15T19:38:50.372+0000] {dag.py:4180} INFO - Setting next_dagrun for example_xcom to 2021-01-01 00:00:00+00:00, run_after=2021-01-01 00:00:00+00:00
[2025-04-15T19:38:50.413+0000] {processor.py:208} INFO - Processing /home/airflow/.local/lib/python3.12/site-packages/airflow/example_dags/example_xcom.py took 0.154 seconds
[2025-04-15T19:39:21.229+0000] {processor.py:186} INFO - Started process (PID=16274) to work on /home/airflow/.local/lib/python3.12/site-packages/airflow/example_dags/example_xcom.py
[2025-04-15T19:39:21.230+0000] {processor.py:914} INFO - Processing file /home/airflow/.local/lib/python3.12/site-packages/airflow/example_dags/example_xcom.py for tasks to queue
[2025-04-15T19:39:21.232+0000] {logging_mixin.py:190} INFO - [2025-04-15T19:39:21.232+0000] {dagbag.py:588} INFO - Filling up the DagBag from /home/airflow/.local/lib/python3.12/site-packages/airflow/example_dags/example_xcom.py
[2025-04-15T19:39:21.243+0000] {processor.py:925} INFO - DAG(s) 'example_xcom' retrieved from /home/airflow/.local/lib/python3.12/site-packages/airflow/example_dags/example_xcom.py
[2025-04-15T19:39:21.276+0000] {logging_mixin.py:190} INFO - [2025-04-15T19:39:21.275+0000] {dag.py:3239} INFO - Sync 1 DAGs
[2025-04-15T19:39:21.310+0000] {logging_mixin.py:190} INFO - [2025-04-15T19:39:21.309+0000] {dag.py:4180} INFO - Setting next_dagrun for example_xcom to 2021-01-01 00:00:00+00:00, run_after=2021-01-01 00:00:00+00:00
[2025-04-15T19:39:21.347+0000] {processor.py:208} INFO - Processing /home/airflow/.local/lib/python3.12/site-packages/airflow/example_dags/example_xcom.py took 0.125 seconds
[2025-04-15T19:39:51.909+0000] {processor.py:186} INFO - Started process (PID=16341) to work on /home/airflow/.local/lib/python3.12/site-packages/airflow/example_dags/example_xcom.py
[2025-04-15T19:39:51.911+0000] {processor.py:914} INFO - Processing file /home/airflow/.local/lib/python3.12/site-packages/airflow/example_dags/example_xcom.py for tasks to queue
[2025-04-15T19:39:51.913+0000] {logging_mixin.py:190} INFO - [2025-04-15T19:39:51.913+0000] {dagbag.py:588} INFO - Filling up the DagBag from /home/airflow/.local/lib/python3.12/site-packages/airflow/example_dags/example_xcom.py
[2025-04-15T19:39:51.929+0000] {processor.py:925} INFO - DAG(s) 'example_xcom' retrieved from /home/airflow/.local/lib/python3.12/site-packages/airflow/example_dags/example_xcom.py
[2025-04-15T19:39:51.967+0000] {logging_mixin.py:190} INFO - [2025-04-15T19:39:51.966+0000] {dag.py:3239} INFO - Sync 1 DAGs
[2025-04-15T19:39:52.017+0000] {logging_mixin.py:190} INFO - [2025-04-15T19:39:52.016+0000] {dag.py:4180} INFO - Setting next_dagrun for example_xcom to 2021-01-01 00:00:00+00:00, run_after=2021-01-01 00:00:00+00:00
[2025-04-15T19:39:52.050+0000] {processor.py:208} INFO - Processing /home/airflow/.local/lib/python3.12/site-packages/airflow/example_dags/example_xcom.py took 0.150 seconds
[2025-04-15T19:40:22.503+0000] {processor.py:186} INFO - Started process (PID=16408) to work on /home/airflow/.local/lib/python3.12/site-packages/airflow/example_dags/example_xcom.py
[2025-04-15T19:40:22.504+0000] {processor.py:914} INFO - Processing file /home/airflow/.local/lib/python3.12/site-packages/airflow/example_dags/example_xcom.py for tasks to queue
[2025-04-15T19:40:22.505+0000] {logging_mixin.py:190} INFO - [2025-04-15T19:40:22.505+0000] {dagbag.py:588} INFO - Filling up the DagBag from /home/airflow/.local/lib/python3.12/site-packages/airflow/example_dags/example_xcom.py
[2025-04-15T19:40:22.516+0000] {processor.py:925} INFO - DAG(s) 'example_xcom' retrieved from /home/airflow/.local/lib/python3.12/site-packages/airflow/example_dags/example_xcom.py
[2025-04-15T19:40:22.541+0000] {logging_mixin.py:190} INFO - [2025-04-15T19:40:22.540+0000] {dag.py:3239} INFO - Sync 1 DAGs
[2025-04-15T19:40:22.569+0000] {logging_mixin.py:190} INFO - [2025-04-15T19:40:22.569+0000] {dag.py:4180} INFO - Setting next_dagrun for example_xcom to 2021-01-01 00:00:00+00:00, run_after=2021-01-01 00:00:00+00:00
[2025-04-15T19:40:22.812+0000] {processor.py:208} INFO - Processing /home/airflow/.local/lib/python3.12/site-packages/airflow/example_dags/example_xcom.py took 0.315 seconds
[2025-04-15T19:40:53.443+0000] {processor.py:186} INFO - Started process (PID=16476) to work on /home/airflow/.local/lib/python3.12/site-packages/airflow/example_dags/example_xcom.py
[2025-04-15T19:40:53.445+0000] {processor.py:914} INFO - Processing file /home/airflow/.local/lib/python3.12/site-packages/airflow/example_dags/example_xcom.py for tasks to queue
[2025-04-15T19:40:53.447+0000] {logging_mixin.py:190} INFO - [2025-04-15T19:40:53.447+0000] {dagbag.py:588} INFO - Filling up the DagBag from /home/airflow/.local/lib/python3.12/site-packages/airflow/example_dags/example_xcom.py
[2025-04-15T19:40:53.463+0000] {processor.py:925} INFO - DAG(s) 'example_xcom' retrieved from /home/airflow/.local/lib/python3.12/site-packages/airflow/example_dags/example_xcom.py
[2025-04-15T19:40:53.493+0000] {logging_mixin.py:190} INFO - [2025-04-15T19:40:53.492+0000] {dag.py:3239} INFO - Sync 1 DAGs
[2025-04-15T19:40:53.518+0000] {logging_mixin.py:190} INFO - [2025-04-15T19:40:53.517+0000] {dag.py:4180} INFO - Setting next_dagrun for example_xcom to 2021-01-01 00:00:00+00:00, run_after=2021-01-01 00:00:00+00:00
[2025-04-15T19:40:53.758+0000] {processor.py:208} INFO - Processing /home/airflow/.local/lib/python3.12/site-packages/airflow/example_dags/example_xcom.py took 0.322 seconds
[2025-04-15T19:41:23.971+0000] {processor.py:186} INFO - Started process (PID=16548) to work on /home/airflow/.local/lib/python3.12/site-packages/airflow/example_dags/example_xcom.py
[2025-04-15T19:41:23.973+0000] {processor.py:914} INFO - Processing file /home/airflow/.local/lib/python3.12/site-packages/airflow/example_dags/example_xcom.py for tasks to queue
[2025-04-15T19:41:23.975+0000] {logging_mixin.py:190} INFO - [2025-04-15T19:41:23.975+0000] {dagbag.py:588} INFO - Filling up the DagBag from /home/airflow/.local/lib/python3.12/site-packages/airflow/example_dags/example_xcom.py
[2025-04-15T19:41:23.989+0000] {processor.py:925} INFO - DAG(s) 'example_xcom' retrieved from /home/airflow/.local/lib/python3.12/site-packages/airflow/example_dags/example_xcom.py
[2025-04-15T19:41:24.023+0000] {logging_mixin.py:190} INFO - [2025-04-15T19:41:24.022+0000] {dag.py:3239} INFO - Sync 1 DAGs
[2025-04-15T19:41:24.056+0000] {logging_mixin.py:190} INFO - [2025-04-15T19:41:24.056+0000] {dag.py:4180} INFO - Setting next_dagrun for example_xcom to 2021-01-01 00:00:00+00:00, run_after=2021-01-01 00:00:00+00:00
[2025-04-15T19:41:24.087+0000] {processor.py:208} INFO - Processing /home/airflow/.local/lib/python3.12/site-packages/airflow/example_dags/example_xcom.py took 0.123 seconds
[2025-04-15T19:41:54.655+0000] {processor.py:186} INFO - Started process (PID=16614) to work on /home/airflow/.local/lib/python3.12/site-packages/airflow/example_dags/example_xcom.py
[2025-04-15T19:41:54.656+0000] {processor.py:914} INFO - Processing file /home/airflow/.local/lib/python3.12/site-packages/airflow/example_dags/example_xcom.py for tasks to queue
[2025-04-15T19:41:54.658+0000] {logging_mixin.py:190} INFO - [2025-04-15T19:41:54.657+0000] {dagbag.py:588} INFO - Filling up the DagBag from /home/airflow/.local/lib/python3.12/site-packages/airflow/example_dags/example_xcom.py
[2025-04-15T19:41:54.669+0000] {processor.py:925} INFO - DAG(s) 'example_xcom' retrieved from /home/airflow/.local/lib/python3.12/site-packages/airflow/example_dags/example_xcom.py
[2025-04-15T19:41:54.698+0000] {logging_mixin.py:190} INFO - [2025-04-15T19:41:54.697+0000] {dag.py:3239} INFO - Sync 1 DAGs
[2025-04-15T19:41:54.732+0000] {logging_mixin.py:190} INFO - [2025-04-15T19:41:54.732+0000] {dag.py:4180} INFO - Setting next_dagrun for example_xcom to 2021-01-01 00:00:00+00:00, run_after=2021-01-01 00:00:00+00:00
[2025-04-15T19:41:54.760+0000] {processor.py:208} INFO - Processing /home/airflow/.local/lib/python3.12/site-packages/airflow/example_dags/example_xcom.py took 0.111 seconds
[2025-04-15T19:42:25.680+0000] {processor.py:186} INFO - Started process (PID=16682) to work on /home/airflow/.local/lib/python3.12/site-packages/airflow/example_dags/example_xcom.py
[2025-04-15T19:42:25.682+0000] {processor.py:914} INFO - Processing file /home/airflow/.local/lib/python3.12/site-packages/airflow/example_dags/example_xcom.py for tasks to queue
[2025-04-15T19:42:25.683+0000] {logging_mixin.py:190} INFO - [2025-04-15T19:42:25.683+0000] {dagbag.py:588} INFO - Filling up the DagBag from /home/airflow/.local/lib/python3.12/site-packages/airflow/example_dags/example_xcom.py
[2025-04-15T19:42:25.697+0000] {processor.py:925} INFO - DAG(s) 'example_xcom' retrieved from /home/airflow/.local/lib/python3.12/site-packages/airflow/example_dags/example_xcom.py
[2025-04-15T19:42:25.727+0000] {logging_mixin.py:190} INFO - [2025-04-15T19:42:25.726+0000] {dag.py:3239} INFO - Sync 1 DAGs
[2025-04-15T19:42:25.759+0000] {logging_mixin.py:190} INFO - [2025-04-15T19:42:25.759+0000] {dag.py:4180} INFO - Setting next_dagrun for example_xcom to 2021-01-01 00:00:00+00:00, run_after=2021-01-01 00:00:00+00:00
[2025-04-15T19:42:25.786+0000] {processor.py:208} INFO - Processing /home/airflow/.local/lib/python3.12/site-packages/airflow/example_dags/example_xcom.py took 0.113 seconds
[2025-04-15T19:42:56.712+0000] {processor.py:186} INFO - Started process (PID=16749) to work on /home/airflow/.local/lib/python3.12/site-packages/airflow/example_dags/example_xcom.py
[2025-04-15T19:42:56.713+0000] {processor.py:914} INFO - Processing file /home/airflow/.local/lib/python3.12/site-packages/airflow/example_dags/example_xcom.py for tasks to queue
[2025-04-15T19:42:56.715+0000] {logging_mixin.py:190} INFO - [2025-04-15T19:42:56.714+0000] {dagbag.py:588} INFO - Filling up the DagBag from /home/airflow/.local/lib/python3.12/site-packages/airflow/example_dags/example_xcom.py
[2025-04-15T19:42:56.726+0000] {processor.py:925} INFO - DAG(s) 'example_xcom' retrieved from /home/airflow/.local/lib/python3.12/site-packages/airflow/example_dags/example_xcom.py
[2025-04-15T19:42:56.756+0000] {logging_mixin.py:190} INFO - [2025-04-15T19:42:56.756+0000] {dag.py:3239} INFO - Sync 1 DAGs
[2025-04-15T19:42:56.795+0000] {logging_mixin.py:190} INFO - [2025-04-15T19:42:56.794+0000] {dag.py:4180} INFO - Setting next_dagrun for example_xcom to 2021-01-01 00:00:00+00:00, run_after=2021-01-01 00:00:00+00:00
[2025-04-15T19:42:56.828+0000] {processor.py:208} INFO - Processing /home/airflow/.local/lib/python3.12/site-packages/airflow/example_dags/example_xcom.py took 0.123 seconds
[2025-04-15T19:43:27.459+0000] {processor.py:186} INFO - Started process (PID=16816) to work on /home/airflow/.local/lib/python3.12/site-packages/airflow/example_dags/example_xcom.py
[2025-04-15T19:43:27.460+0000] {processor.py:914} INFO - Processing file /home/airflow/.local/lib/python3.12/site-packages/airflow/example_dags/example_xcom.py for tasks to queue
[2025-04-15T19:43:27.462+0000] {logging_mixin.py:190} INFO - [2025-04-15T19:43:27.461+0000] {dagbag.py:588} INFO - Filling up the DagBag from /home/airflow/.local/lib/python3.12/site-packages/airflow/example_dags/example_xcom.py
[2025-04-15T19:43:27.475+0000] {processor.py:925} INFO - DAG(s) 'example_xcom' retrieved from /home/airflow/.local/lib/python3.12/site-packages/airflow/example_dags/example_xcom.py
[2025-04-15T19:43:27.502+0000] {logging_mixin.py:190} INFO - [2025-04-15T19:43:27.502+0000] {dag.py:3239} INFO - Sync 1 DAGs
[2025-04-15T19:43:27.528+0000] {logging_mixin.py:190} INFO - [2025-04-15T19:43:27.528+0000] {dag.py:4180} INFO - Setting next_dagrun for example_xcom to 2021-01-01 00:00:00+00:00, run_after=2021-01-01 00:00:00+00:00
[2025-04-15T19:43:27.555+0000] {processor.py:208} INFO - Processing /home/airflow/.local/lib/python3.12/site-packages/airflow/example_dags/example_xcom.py took 0.105 seconds
[2025-04-15T19:43:58.583+0000] {processor.py:186} INFO - Started process (PID=16883) to work on /home/airflow/.local/lib/python3.12/site-packages/airflow/example_dags/example_xcom.py
[2025-04-15T19:43:58.584+0000] {processor.py:914} INFO - Processing file /home/airflow/.local/lib/python3.12/site-packages/airflow/example_dags/example_xcom.py for tasks to queue
[2025-04-15T19:43:58.586+0000] {logging_mixin.py:190} INFO - [2025-04-15T19:43:58.586+0000] {dagbag.py:588} INFO - Filling up the DagBag from /home/airflow/.local/lib/python3.12/site-packages/airflow/example_dags/example_xcom.py
[2025-04-15T19:43:58.595+0000] {processor.py:925} INFO - DAG(s) 'example_xcom' retrieved from /home/airflow/.local/lib/python3.12/site-packages/airflow/example_dags/example_xcom.py
[2025-04-15T19:43:58.617+0000] {logging_mixin.py:190} INFO - [2025-04-15T19:43:58.617+0000] {dag.py:3239} INFO - Sync 1 DAGs
[2025-04-15T19:43:58.641+0000] {logging_mixin.py:190} INFO - [2025-04-15T19:43:58.640+0000] {dag.py:4180} INFO - Setting next_dagrun for example_xcom to 2021-01-01 00:00:00+00:00, run_after=2021-01-01 00:00:00+00:00
[2025-04-15T19:43:58.662+0000] {processor.py:208} INFO - Processing /home/airflow/.local/lib/python3.12/site-packages/airflow/example_dags/example_xcom.py took 0.085 seconds
[2025-04-15T19:44:29.740+0000] {processor.py:186} INFO - Started process (PID=16950) to work on /home/airflow/.local/lib/python3.12/site-packages/airflow/example_dags/example_xcom.py
[2025-04-15T19:44:29.741+0000] {processor.py:914} INFO - Processing file /home/airflow/.local/lib/python3.12/site-packages/airflow/example_dags/example_xcom.py for tasks to queue
[2025-04-15T19:44:29.744+0000] {logging_mixin.py:190} INFO - [2025-04-15T19:44:29.743+0000] {dagbag.py:588} INFO - Filling up the DagBag from /home/airflow/.local/lib/python3.12/site-packages/airflow/example_dags/example_xcom.py
[2025-04-15T19:44:29.759+0000] {processor.py:925} INFO - DAG(s) 'example_xcom' retrieved from /home/airflow/.local/lib/python3.12/site-packages/airflow/example_dags/example_xcom.py
[2025-04-15T19:44:29.793+0000] {logging_mixin.py:190} INFO - [2025-04-15T19:44:29.793+0000] {dag.py:3239} INFO - Sync 1 DAGs
[2025-04-15T19:44:29.828+0000] {logging_mixin.py:190} INFO - [2025-04-15T19:44:29.828+0000] {dag.py:4180} INFO - Setting next_dagrun for example_xcom to 2021-01-01 00:00:00+00:00, run_after=2021-01-01 00:00:00+00:00
[2025-04-15T19:44:29.857+0000] {processor.py:208} INFO - Processing /home/airflow/.local/lib/python3.12/site-packages/airflow/example_dags/example_xcom.py took 0.126 seconds
[2025-04-15T19:45:00.545+0000] {processor.py:186} INFO - Started process (PID=17015) to work on /home/airflow/.local/lib/python3.12/site-packages/airflow/example_dags/example_xcom.py
[2025-04-15T19:45:00.547+0000] {processor.py:914} INFO - Processing file /home/airflow/.local/lib/python3.12/site-packages/airflow/example_dags/example_xcom.py for tasks to queue
[2025-04-15T19:45:00.549+0000] {logging_mixin.py:190} INFO - [2025-04-15T19:45:00.549+0000] {dagbag.py:588} INFO - Filling up the DagBag from /home/airflow/.local/lib/python3.12/site-packages/airflow/example_dags/example_xcom.py
[2025-04-15T19:45:00.563+0000] {processor.py:925} INFO - DAG(s) 'example_xcom' retrieved from /home/airflow/.local/lib/python3.12/site-packages/airflow/example_dags/example_xcom.py
[2025-04-15T19:45:00.594+0000] {logging_mixin.py:190} INFO - [2025-04-15T19:45:00.593+0000] {dag.py:3239} INFO - Sync 1 DAGs
[2025-04-15T19:45:00.627+0000] {logging_mixin.py:190} INFO - [2025-04-15T19:45:00.627+0000] {dag.py:4180} INFO - Setting next_dagrun for example_xcom to 2021-01-01 00:00:00+00:00, run_after=2021-01-01 00:00:00+00:00
[2025-04-15T19:45:00.659+0000] {processor.py:208} INFO - Processing /home/airflow/.local/lib/python3.12/site-packages/airflow/example_dags/example_xcom.py took 0.122 seconds
[2025-04-15T19:45:31.229+0000] {processor.py:186} INFO - Started process (PID=17082) to work on /home/airflow/.local/lib/python3.12/site-packages/airflow/example_dags/example_xcom.py
[2025-04-15T19:45:31.230+0000] {processor.py:914} INFO - Processing file /home/airflow/.local/lib/python3.12/site-packages/airflow/example_dags/example_xcom.py for tasks to queue
[2025-04-15T19:45:31.232+0000] {logging_mixin.py:190} INFO - [2025-04-15T19:45:31.231+0000] {dagbag.py:588} INFO - Filling up the DagBag from /home/airflow/.local/lib/python3.12/site-packages/airflow/example_dags/example_xcom.py
[2025-04-15T19:45:31.245+0000] {processor.py:925} INFO - DAG(s) 'example_xcom' retrieved from /home/airflow/.local/lib/python3.12/site-packages/airflow/example_dags/example_xcom.py
[2025-04-15T19:45:31.279+0000] {logging_mixin.py:190} INFO - [2025-04-15T19:45:31.278+0000] {dag.py:3239} INFO - Sync 1 DAGs
[2025-04-15T19:45:31.314+0000] {logging_mixin.py:190} INFO - [2025-04-15T19:45:31.314+0000] {dag.py:4180} INFO - Setting next_dagrun for example_xcom to 2021-01-01 00:00:00+00:00, run_after=2021-01-01 00:00:00+00:00
[2025-04-15T19:45:31.346+0000] {processor.py:208} INFO - Processing /home/airflow/.local/lib/python3.12/site-packages/airflow/example_dags/example_xcom.py took 0.125 seconds
[2025-04-15T19:46:01.969+0000] {processor.py:186} INFO - Started process (PID=17149) to work on /home/airflow/.local/lib/python3.12/site-packages/airflow/example_dags/example_xcom.py
[2025-04-15T19:46:01.970+0000] {processor.py:914} INFO - Processing file /home/airflow/.local/lib/python3.12/site-packages/airflow/example_dags/example_xcom.py for tasks to queue
[2025-04-15T19:46:01.972+0000] {logging_mixin.py:190} INFO - [2025-04-15T19:46:01.971+0000] {dagbag.py:588} INFO - Filling up the DagBag from /home/airflow/.local/lib/python3.12/site-packages/airflow/example_dags/example_xcom.py
[2025-04-15T19:46:01.987+0000] {processor.py:925} INFO - DAG(s) 'example_xcom' retrieved from /home/airflow/.local/lib/python3.12/site-packages/airflow/example_dags/example_xcom.py
[2025-04-15T19:46:02.023+0000] {logging_mixin.py:190} INFO - [2025-04-15T19:46:02.022+0000] {dag.py:3239} INFO - Sync 1 DAGs
[2025-04-15T19:46:02.064+0000] {logging_mixin.py:190} INFO - [2025-04-15T19:46:02.064+0000] {dag.py:4180} INFO - Setting next_dagrun for example_xcom to 2021-01-01 00:00:00+00:00, run_after=2021-01-01 00:00:00+00:00
[2025-04-15T19:46:02.092+0000] {processor.py:208} INFO - Processing /home/airflow/.local/lib/python3.12/site-packages/airflow/example_dags/example_xcom.py took 0.132 seconds
[2025-04-15T19:46:32.760+0000] {processor.py:186} INFO - Started process (PID=17215) to work on /home/airflow/.local/lib/python3.12/site-packages/airflow/example_dags/example_xcom.py
[2025-04-15T19:46:32.761+0000] {processor.py:914} INFO - Processing file /home/airflow/.local/lib/python3.12/site-packages/airflow/example_dags/example_xcom.py for tasks to queue
[2025-04-15T19:46:32.763+0000] {logging_mixin.py:190} INFO - [2025-04-15T19:46:32.762+0000] {dagbag.py:588} INFO - Filling up the DagBag from /home/airflow/.local/lib/python3.12/site-packages/airflow/example_dags/example_xcom.py
[2025-04-15T19:46:32.775+0000] {processor.py:925} INFO - DAG(s) 'example_xcom' retrieved from /home/airflow/.local/lib/python3.12/site-packages/airflow/example_dags/example_xcom.py
[2025-04-15T19:46:32.804+0000] {logging_mixin.py:190} INFO - [2025-04-15T19:46:32.803+0000] {dag.py:3239} INFO - Sync 1 DAGs
[2025-04-15T19:46:32.833+0000] {logging_mixin.py:190} INFO - [2025-04-15T19:46:32.833+0000] {dag.py:4180} INFO - Setting next_dagrun for example_xcom to 2021-01-01 00:00:00+00:00, run_after=2021-01-01 00:00:00+00:00
[2025-04-15T19:46:32.860+0000] {processor.py:208} INFO - Processing /home/airflow/.local/lib/python3.12/site-packages/airflow/example_dags/example_xcom.py took 0.107 seconds
[2025-04-15T19:47:03.089+0000] {processor.py:186} INFO - Started process (PID=17282) to work on /home/airflow/.local/lib/python3.12/site-packages/airflow/example_dags/example_xcom.py
[2025-04-15T19:47:03.090+0000] {processor.py:914} INFO - Processing file /home/airflow/.local/lib/python3.12/site-packages/airflow/example_dags/example_xcom.py for tasks to queue
[2025-04-15T19:47:03.092+0000] {logging_mixin.py:190} INFO - [2025-04-15T19:47:03.092+0000] {dagbag.py:588} INFO - Filling up the DagBag from /home/airflow/.local/lib/python3.12/site-packages/airflow/example_dags/example_xcom.py
[2025-04-15T19:47:03.110+0000] {processor.py:925} INFO - DAG(s) 'example_xcom' retrieved from /home/airflow/.local/lib/python3.12/site-packages/airflow/example_dags/example_xcom.py
[2025-04-15T19:47:03.145+0000] {logging_mixin.py:190} INFO - [2025-04-15T19:47:03.145+0000] {dag.py:3239} INFO - Sync 1 DAGs
[2025-04-15T19:47:03.185+0000] {logging_mixin.py:190} INFO - [2025-04-15T19:47:03.185+0000] {dag.py:4180} INFO - Setting next_dagrun for example_xcom to 2021-01-01 00:00:00+00:00, run_after=2021-01-01 00:00:00+00:00
[2025-04-15T19:47:03.215+0000] {processor.py:208} INFO - Processing /home/airflow/.local/lib/python3.12/site-packages/airflow/example_dags/example_xcom.py took 0.138 seconds
[2025-04-15T19:47:33.785+0000] {processor.py:186} INFO - Started process (PID=17349) to work on /home/airflow/.local/lib/python3.12/site-packages/airflow/example_dags/example_xcom.py
[2025-04-15T19:47:33.786+0000] {processor.py:914} INFO - Processing file /home/airflow/.local/lib/python3.12/site-packages/airflow/example_dags/example_xcom.py for tasks to queue
[2025-04-15T19:47:33.788+0000] {logging_mixin.py:190} INFO - [2025-04-15T19:47:33.788+0000] {dagbag.py:588} INFO - Filling up the DagBag from /home/airflow/.local/lib/python3.12/site-packages/airflow/example_dags/example_xcom.py
[2025-04-15T19:47:33.803+0000] {processor.py:925} INFO - DAG(s) 'example_xcom' retrieved from /home/airflow/.local/lib/python3.12/site-packages/airflow/example_dags/example_xcom.py
[2025-04-15T19:47:33.837+0000] {logging_mixin.py:190} INFO - [2025-04-15T19:47:33.836+0000] {dag.py:3239} INFO - Sync 1 DAGs
[2025-04-15T19:47:33.873+0000] {logging_mixin.py:190} INFO - [2025-04-15T19:47:33.872+0000] {dag.py:4180} INFO - Setting next_dagrun for example_xcom to 2021-01-01 00:00:00+00:00, run_after=2021-01-01 00:00:00+00:00
[2025-04-15T19:47:33.902+0000] {processor.py:208} INFO - Processing /home/airflow/.local/lib/python3.12/site-packages/airflow/example_dags/example_xcom.py took 0.126 seconds
[2025-04-15T19:48:04.356+0000] {processor.py:186} INFO - Started process (PID=17416) to work on /home/airflow/.local/lib/python3.12/site-packages/airflow/example_dags/example_xcom.py
[2025-04-15T19:48:04.358+0000] {processor.py:914} INFO - Processing file /home/airflow/.local/lib/python3.12/site-packages/airflow/example_dags/example_xcom.py for tasks to queue
[2025-04-15T19:48:04.359+0000] {logging_mixin.py:190} INFO - [2025-04-15T19:48:04.359+0000] {dagbag.py:588} INFO - Filling up the DagBag from /home/airflow/.local/lib/python3.12/site-packages/airflow/example_dags/example_xcom.py
[2025-04-15T19:48:04.373+0000] {processor.py:925} INFO - DAG(s) 'example_xcom' retrieved from /home/airflow/.local/lib/python3.12/site-packages/airflow/example_dags/example_xcom.py
[2025-04-15T19:48:04.409+0000] {logging_mixin.py:190} INFO - [2025-04-15T19:48:04.409+0000] {dag.py:3239} INFO - Sync 1 DAGs
[2025-04-15T19:48:04.445+0000] {logging_mixin.py:190} INFO - [2025-04-15T19:48:04.445+0000] {dag.py:4180} INFO - Setting next_dagrun for example_xcom to 2021-01-01 00:00:00+00:00, run_after=2021-01-01 00:00:00+00:00
[2025-04-15T19:48:04.482+0000] {processor.py:208} INFO - Processing /home/airflow/.local/lib/python3.12/site-packages/airflow/example_dags/example_xcom.py took 0.134 seconds
[2025-04-15T19:48:35.216+0000] {processor.py:186} INFO - Started process (PID=17483) to work on /home/airflow/.local/lib/python3.12/site-packages/airflow/example_dags/example_xcom.py
[2025-04-15T19:48:35.217+0000] {processor.py:914} INFO - Processing file /home/airflow/.local/lib/python3.12/site-packages/airflow/example_dags/example_xcom.py for tasks to queue
[2025-04-15T19:48:35.219+0000] {logging_mixin.py:190} INFO - [2025-04-15T19:48:35.219+0000] {dagbag.py:588} INFO - Filling up the DagBag from /home/airflow/.local/lib/python3.12/site-packages/airflow/example_dags/example_xcom.py
[2025-04-15T19:48:35.236+0000] {processor.py:925} INFO - DAG(s) 'example_xcom' retrieved from /home/airflow/.local/lib/python3.12/site-packages/airflow/example_dags/example_xcom.py
[2025-04-15T19:48:35.269+0000] {logging_mixin.py:190} INFO - [2025-04-15T19:48:35.268+0000] {dag.py:3239} INFO - Sync 1 DAGs
[2025-04-15T19:48:35.305+0000] {logging_mixin.py:190} INFO - [2025-04-15T19:48:35.305+0000] {dag.py:4180} INFO - Setting next_dagrun for example_xcom to 2021-01-01 00:00:00+00:00, run_after=2021-01-01 00:00:00+00:00
[2025-04-15T19:48:35.335+0000] {processor.py:208} INFO - Processing /home/airflow/.local/lib/python3.12/site-packages/airflow/example_dags/example_xcom.py took 0.128 seconds
[2025-04-15T19:49:05.908+0000] {processor.py:186} INFO - Started process (PID=17550) to work on /home/airflow/.local/lib/python3.12/site-packages/airflow/example_dags/example_xcom.py
[2025-04-15T19:49:05.910+0000] {processor.py:914} INFO - Processing file /home/airflow/.local/lib/python3.12/site-packages/airflow/example_dags/example_xcom.py for tasks to queue
[2025-04-15T19:49:05.912+0000] {logging_mixin.py:190} INFO - [2025-04-15T19:49:05.912+0000] {dagbag.py:588} INFO - Filling up the DagBag from /home/airflow/.local/lib/python3.12/site-packages/airflow/example_dags/example_xcom.py
[2025-04-15T19:49:05.931+0000] {processor.py:925} INFO - DAG(s) 'example_xcom' retrieved from /home/airflow/.local/lib/python3.12/site-packages/airflow/example_dags/example_xcom.py
[2025-04-15T19:49:05.966+0000] {logging_mixin.py:190} INFO - [2025-04-15T19:49:05.965+0000] {dag.py:3239} INFO - Sync 1 DAGs
[2025-04-15T19:49:06.005+0000] {logging_mixin.py:190} INFO - [2025-04-15T19:49:06.005+0000] {dag.py:4180} INFO - Setting next_dagrun for example_xcom to 2021-01-01 00:00:00+00:00, run_after=2021-01-01 00:00:00+00:00
[2025-04-15T19:49:06.047+0000] {processor.py:208} INFO - Processing /home/airflow/.local/lib/python3.12/site-packages/airflow/example_dags/example_xcom.py took 0.148 seconds
[2025-04-15T19:49:36.691+0000] {processor.py:186} INFO - Started process (PID=17617) to work on /home/airflow/.local/lib/python3.12/site-packages/airflow/example_dags/example_xcom.py
[2025-04-15T19:49:36.693+0000] {processor.py:914} INFO - Processing file /home/airflow/.local/lib/python3.12/site-packages/airflow/example_dags/example_xcom.py for tasks to queue
[2025-04-15T19:49:36.695+0000] {logging_mixin.py:190} INFO - [2025-04-15T19:49:36.694+0000] {dagbag.py:588} INFO - Filling up the DagBag from /home/airflow/.local/lib/python3.12/site-packages/airflow/example_dags/example_xcom.py
[2025-04-15T19:49:36.714+0000] {processor.py:925} INFO - DAG(s) 'example_xcom' retrieved from /home/airflow/.local/lib/python3.12/site-packages/airflow/example_dags/example_xcom.py
[2025-04-15T19:49:36.751+0000] {logging_mixin.py:190} INFO - [2025-04-15T19:49:36.750+0000] {dag.py:3239} INFO - Sync 1 DAGs
[2025-04-15T19:49:36.792+0000] {logging_mixin.py:190} INFO - [2025-04-15T19:49:36.791+0000] {dag.py:4180} INFO - Setting next_dagrun for example_xcom to 2021-01-01 00:00:00+00:00, run_after=2021-01-01 00:00:00+00:00
[2025-04-15T19:49:36.831+0000] {processor.py:208} INFO - Processing /home/airflow/.local/lib/python3.12/site-packages/airflow/example_dags/example_xcom.py took 0.154 seconds
[2025-04-15T19:50:07.308+0000] {processor.py:186} INFO - Started process (PID=17684) to work on /home/airflow/.local/lib/python3.12/site-packages/airflow/example_dags/example_xcom.py
[2025-04-15T19:50:07.309+0000] {processor.py:914} INFO - Processing file /home/airflow/.local/lib/python3.12/site-packages/airflow/example_dags/example_xcom.py for tasks to queue
[2025-04-15T19:50:07.311+0000] {logging_mixin.py:190} INFO - [2025-04-15T19:50:07.311+0000] {dagbag.py:588} INFO - Filling up the DagBag from /home/airflow/.local/lib/python3.12/site-packages/airflow/example_dags/example_xcom.py
[2025-04-15T19:50:07.330+0000] {processor.py:925} INFO - DAG(s) 'example_xcom' retrieved from /home/airflow/.local/lib/python3.12/site-packages/airflow/example_dags/example_xcom.py
[2025-04-15T19:50:07.362+0000] {logging_mixin.py:190} INFO - [2025-04-15T19:50:07.362+0000] {dag.py:3239} INFO - Sync 1 DAGs
[2025-04-15T19:50:07.396+0000] {logging_mixin.py:190} INFO - [2025-04-15T19:50:07.396+0000] {dag.py:4180} INFO - Setting next_dagrun for example_xcom to 2021-01-01 00:00:00+00:00, run_after=2021-01-01 00:00:00+00:00
[2025-04-15T19:50:07.424+0000] {processor.py:208} INFO - Processing /home/airflow/.local/lib/python3.12/site-packages/airflow/example_dags/example_xcom.py took 0.125 seconds
[2025-04-15T19:50:38.259+0000] {processor.py:186} INFO - Started process (PID=17751) to work on /home/airflow/.local/lib/python3.12/site-packages/airflow/example_dags/example_xcom.py
[2025-04-15T19:50:38.261+0000] {processor.py:914} INFO - Processing file /home/airflow/.local/lib/python3.12/site-packages/airflow/example_dags/example_xcom.py for tasks to queue
[2025-04-15T19:50:38.263+0000] {logging_mixin.py:190} INFO - [2025-04-15T19:50:38.262+0000] {dagbag.py:588} INFO - Filling up the DagBag from /home/airflow/.local/lib/python3.12/site-packages/airflow/example_dags/example_xcom.py
[2025-04-15T19:50:38.276+0000] {processor.py:925} INFO - DAG(s) 'example_xcom' retrieved from /home/airflow/.local/lib/python3.12/site-packages/airflow/example_dags/example_xcom.py
[2025-04-15T19:50:38.306+0000] {logging_mixin.py:190} INFO - [2025-04-15T19:50:38.306+0000] {dag.py:3239} INFO - Sync 1 DAGs
[2025-04-15T19:50:38.338+0000] {logging_mixin.py:190} INFO - [2025-04-15T19:50:38.337+0000] {dag.py:4180} INFO - Setting next_dagrun for example_xcom to 2021-01-01 00:00:00+00:00, run_after=2021-01-01 00:00:00+00:00
[2025-04-15T19:50:38.366+0000] {processor.py:208} INFO - Processing /home/airflow/.local/lib/python3.12/site-packages/airflow/example_dags/example_xcom.py took 0.115 seconds
[2025-04-15T19:51:08.955+0000] {processor.py:186} INFO - Started process (PID=17818) to work on /home/airflow/.local/lib/python3.12/site-packages/airflow/example_dags/example_xcom.py
[2025-04-15T19:51:08.956+0000] {processor.py:914} INFO - Processing file /home/airflow/.local/lib/python3.12/site-packages/airflow/example_dags/example_xcom.py for tasks to queue
[2025-04-15T19:51:08.957+0000] {logging_mixin.py:190} INFO - [2025-04-15T19:51:08.957+0000] {dagbag.py:588} INFO - Filling up the DagBag from /home/airflow/.local/lib/python3.12/site-packages/airflow/example_dags/example_xcom.py
[2025-04-15T19:51:08.969+0000] {processor.py:925} INFO - DAG(s) 'example_xcom' retrieved from /home/airflow/.local/lib/python3.12/site-packages/airflow/example_dags/example_xcom.py
[2025-04-15T19:51:08.991+0000] {logging_mixin.py:190} INFO - [2025-04-15T19:51:08.991+0000] {dag.py:3239} INFO - Sync 1 DAGs
[2025-04-15T19:51:09.019+0000] {logging_mixin.py:190} INFO - [2025-04-15T19:51:09.019+0000] {dag.py:4180} INFO - Setting next_dagrun for example_xcom to 2021-01-01 00:00:00+00:00, run_after=2021-01-01 00:00:00+00:00
[2025-04-15T19:51:09.042+0000] {processor.py:208} INFO - Processing /home/airflow/.local/lib/python3.12/site-packages/airflow/example_dags/example_xcom.py took 0.093 seconds
[2025-04-15T19:51:39.814+0000] {processor.py:186} INFO - Started process (PID=17885) to work on /home/airflow/.local/lib/python3.12/site-packages/airflow/example_dags/example_xcom.py
[2025-04-15T19:51:39.815+0000] {processor.py:914} INFO - Processing file /home/airflow/.local/lib/python3.12/site-packages/airflow/example_dags/example_xcom.py for tasks to queue
[2025-04-15T19:51:39.817+0000] {logging_mixin.py:190} INFO - [2025-04-15T19:51:39.817+0000] {dagbag.py:588} INFO - Filling up the DagBag from /home/airflow/.local/lib/python3.12/site-packages/airflow/example_dags/example_xcom.py
[2025-04-15T19:51:39.829+0000] {processor.py:925} INFO - DAG(s) 'example_xcom' retrieved from /home/airflow/.local/lib/python3.12/site-packages/airflow/example_dags/example_xcom.py
[2025-04-15T19:51:39.859+0000] {logging_mixin.py:190} INFO - [2025-04-15T19:51:39.858+0000] {dag.py:3239} INFO - Sync 1 DAGs
[2025-04-15T19:51:39.887+0000] {logging_mixin.py:190} INFO - [2025-04-15T19:51:39.887+0000] {dag.py:4180} INFO - Setting next_dagrun for example_xcom to 2021-01-01 00:00:00+00:00, run_after=2021-01-01 00:00:00+00:00
[2025-04-15T19:51:39.915+0000] {processor.py:208} INFO - Processing /home/airflow/.local/lib/python3.12/site-packages/airflow/example_dags/example_xcom.py took 0.106 seconds
[2025-04-15T19:52:10.293+0000] {processor.py:186} INFO - Started process (PID=17952) to work on /home/airflow/.local/lib/python3.12/site-packages/airflow/example_dags/example_xcom.py
[2025-04-15T19:52:10.295+0000] {processor.py:914} INFO - Processing file /home/airflow/.local/lib/python3.12/site-packages/airflow/example_dags/example_xcom.py for tasks to queue
[2025-04-15T19:52:10.297+0000] {logging_mixin.py:190} INFO - [2025-04-15T19:52:10.296+0000] {dagbag.py:588} INFO - Filling up the DagBag from /home/airflow/.local/lib/python3.12/site-packages/airflow/example_dags/example_xcom.py
[2025-04-15T19:52:10.312+0000] {processor.py:925} INFO - DAG(s) 'example_xcom' retrieved from /home/airflow/.local/lib/python3.12/site-packages/airflow/example_dags/example_xcom.py
[2025-04-15T19:52:10.344+0000] {logging_mixin.py:190} INFO - [2025-04-15T19:52:10.344+0000] {dag.py:3239} INFO - Sync 1 DAGs
[2025-04-15T19:52:10.379+0000] {logging_mixin.py:190} INFO - [2025-04-15T19:52:10.378+0000] {dag.py:4180} INFO - Setting next_dagrun for example_xcom to 2021-01-01 00:00:00+00:00, run_after=2021-01-01 00:00:00+00:00
[2025-04-15T19:52:10.409+0000] {processor.py:208} INFO - Processing /home/airflow/.local/lib/python3.12/site-packages/airflow/example_dags/example_xcom.py took 0.123 seconds
[2025-04-15T19:52:40.740+0000] {processor.py:186} INFO - Started process (PID=18018) to work on /home/airflow/.local/lib/python3.12/site-packages/airflow/example_dags/example_xcom.py
[2025-04-15T19:52:40.741+0000] {processor.py:914} INFO - Processing file /home/airflow/.local/lib/python3.12/site-packages/airflow/example_dags/example_xcom.py for tasks to queue
[2025-04-15T19:52:40.743+0000] {logging_mixin.py:190} INFO - [2025-04-15T19:52:40.743+0000] {dagbag.py:588} INFO - Filling up the DagBag from /home/airflow/.local/lib/python3.12/site-packages/airflow/example_dags/example_xcom.py
[2025-04-15T19:52:40.759+0000] {processor.py:925} INFO - DAG(s) 'example_xcom' retrieved from /home/airflow/.local/lib/python3.12/site-packages/airflow/example_dags/example_xcom.py
[2025-04-15T19:52:40.797+0000] {logging_mixin.py:190} INFO - [2025-04-15T19:52:40.797+0000] {dag.py:3239} INFO - Sync 1 DAGs
[2025-04-15T19:52:40.839+0000] {logging_mixin.py:190} INFO - [2025-04-15T19:52:40.839+0000] {dag.py:4180} INFO - Setting next_dagrun for example_xcom to 2021-01-01 00:00:00+00:00, run_after=2021-01-01 00:00:00+00:00
[2025-04-15T19:52:40.876+0000] {processor.py:208} INFO - Processing /home/airflow/.local/lib/python3.12/site-packages/airflow/example_dags/example_xcom.py took 0.146 seconds
[2025-04-15T19:53:11.207+0000] {processor.py:186} INFO - Started process (PID=18085) to work on /home/airflow/.local/lib/python3.12/site-packages/airflow/example_dags/example_xcom.py
[2025-04-15T19:53:11.208+0000] {processor.py:914} INFO - Processing file /home/airflow/.local/lib/python3.12/site-packages/airflow/example_dags/example_xcom.py for tasks to queue
[2025-04-15T19:53:11.211+0000] {logging_mixin.py:190} INFO - [2025-04-15T19:53:11.210+0000] {dagbag.py:588} INFO - Filling up the DagBag from /home/airflow/.local/lib/python3.12/site-packages/airflow/example_dags/example_xcom.py
[2025-04-15T19:53:11.227+0000] {processor.py:925} INFO - DAG(s) 'example_xcom' retrieved from /home/airflow/.local/lib/python3.12/site-packages/airflow/example_dags/example_xcom.py
[2025-04-15T19:53:11.262+0000] {logging_mixin.py:190} INFO - [2025-04-15T19:53:11.262+0000] {dag.py:3239} INFO - Sync 1 DAGs
[2025-04-15T19:53:11.297+0000] {logging_mixin.py:190} INFO - [2025-04-15T19:53:11.297+0000] {dag.py:4180} INFO - Setting next_dagrun for example_xcom to 2021-01-01 00:00:00+00:00, run_after=2021-01-01 00:00:00+00:00
[2025-04-15T19:53:11.325+0000] {processor.py:208} INFO - Processing /home/airflow/.local/lib/python3.12/site-packages/airflow/example_dags/example_xcom.py took 0.126 seconds
[2025-04-15T19:53:41.536+0000] {processor.py:186} INFO - Started process (PID=18152) to work on /home/airflow/.local/lib/python3.12/site-packages/airflow/example_dags/example_xcom.py
[2025-04-15T19:53:41.538+0000] {processor.py:914} INFO - Processing file /home/airflow/.local/lib/python3.12/site-packages/airflow/example_dags/example_xcom.py for tasks to queue
[2025-04-15T19:53:41.540+0000] {logging_mixin.py:190} INFO - [2025-04-15T19:53:41.540+0000] {dagbag.py:588} INFO - Filling up the DagBag from /home/airflow/.local/lib/python3.12/site-packages/airflow/example_dags/example_xcom.py
[2025-04-15T19:53:41.554+0000] {processor.py:925} INFO - DAG(s) 'example_xcom' retrieved from /home/airflow/.local/lib/python3.12/site-packages/airflow/example_dags/example_xcom.py
[2025-04-15T19:53:41.587+0000] {logging_mixin.py:190} INFO - [2025-04-15T19:53:41.586+0000] {dag.py:3239} INFO - Sync 1 DAGs
[2025-04-15T19:53:41.623+0000] {logging_mixin.py:190} INFO - [2025-04-15T19:53:41.623+0000] {dag.py:4180} INFO - Setting next_dagrun for example_xcom to 2021-01-01 00:00:00+00:00, run_after=2021-01-01 00:00:00+00:00
[2025-04-15T19:53:41.651+0000] {processor.py:208} INFO - Processing /home/airflow/.local/lib/python3.12/site-packages/airflow/example_dags/example_xcom.py took 0.123 seconds
[2025-04-15T19:54:12.049+0000] {processor.py:186} INFO - Started process (PID=18219) to work on /home/airflow/.local/lib/python3.12/site-packages/airflow/example_dags/example_xcom.py
[2025-04-15T19:54:12.050+0000] {processor.py:914} INFO - Processing file /home/airflow/.local/lib/python3.12/site-packages/airflow/example_dags/example_xcom.py for tasks to queue
[2025-04-15T19:54:12.052+0000] {logging_mixin.py:190} INFO - [2025-04-15T19:54:12.052+0000] {dagbag.py:588} INFO - Filling up the DagBag from /home/airflow/.local/lib/python3.12/site-packages/airflow/example_dags/example_xcom.py
[2025-04-15T19:54:12.073+0000] {processor.py:925} INFO - DAG(s) 'example_xcom' retrieved from /home/airflow/.local/lib/python3.12/site-packages/airflow/example_dags/example_xcom.py
[2025-04-15T19:54:12.105+0000] {logging_mixin.py:190} INFO - [2025-04-15T19:54:12.105+0000] {dag.py:3239} INFO - Sync 1 DAGs
[2025-04-15T19:54:12.141+0000] {logging_mixin.py:190} INFO - [2025-04-15T19:54:12.140+0000] {dag.py:4180} INFO - Setting next_dagrun for example_xcom to 2021-01-01 00:00:00+00:00, run_after=2021-01-01 00:00:00+00:00
[2025-04-15T19:54:12.176+0000] {processor.py:208} INFO - Processing /home/airflow/.local/lib/python3.12/site-packages/airflow/example_dags/example_xcom.py took 0.138 seconds
[2025-04-15T19:54:42.593+0000] {processor.py:186} INFO - Started process (PID=18286) to work on /home/airflow/.local/lib/python3.12/site-packages/airflow/example_dags/example_xcom.py
[2025-04-15T19:54:42.595+0000] {processor.py:914} INFO - Processing file /home/airflow/.local/lib/python3.12/site-packages/airflow/example_dags/example_xcom.py for tasks to queue
[2025-04-15T19:54:42.596+0000] {logging_mixin.py:190} INFO - [2025-04-15T19:54:42.596+0000] {dagbag.py:588} INFO - Filling up the DagBag from /home/airflow/.local/lib/python3.12/site-packages/airflow/example_dags/example_xcom.py
[2025-04-15T19:54:42.610+0000] {processor.py:925} INFO - DAG(s) 'example_xcom' retrieved from /home/airflow/.local/lib/python3.12/site-packages/airflow/example_dags/example_xcom.py
[2025-04-15T19:54:42.645+0000] {logging_mixin.py:190} INFO - [2025-04-15T19:54:42.645+0000] {dag.py:3239} INFO - Sync 1 DAGs
[2025-04-15T19:54:42.692+0000] {logging_mixin.py:190} INFO - [2025-04-15T19:54:42.691+0000] {dag.py:4180} INFO - Setting next_dagrun for example_xcom to 2021-01-01 00:00:00+00:00, run_after=2021-01-01 00:00:00+00:00
[2025-04-15T19:54:42.729+0000] {processor.py:208} INFO - Processing /home/airflow/.local/lib/python3.12/site-packages/airflow/example_dags/example_xcom.py took 0.145 seconds
[2025-04-15T19:55:13.700+0000] {processor.py:186} INFO - Started process (PID=18353) to work on /home/airflow/.local/lib/python3.12/site-packages/airflow/example_dags/example_xcom.py
[2025-04-15T19:55:13.701+0000] {processor.py:914} INFO - Processing file /home/airflow/.local/lib/python3.12/site-packages/airflow/example_dags/example_xcom.py for tasks to queue
[2025-04-15T19:55:13.704+0000] {logging_mixin.py:190} INFO - [2025-04-15T19:55:13.703+0000] {dagbag.py:588} INFO - Filling up the DagBag from /home/airflow/.local/lib/python3.12/site-packages/airflow/example_dags/example_xcom.py
[2025-04-15T19:55:13.720+0000] {processor.py:925} INFO - DAG(s) 'example_xcom' retrieved from /home/airflow/.local/lib/python3.12/site-packages/airflow/example_dags/example_xcom.py
[2025-04-15T19:55:13.756+0000] {logging_mixin.py:190} INFO - [2025-04-15T19:55:13.756+0000] {dag.py:3239} INFO - Sync 1 DAGs
[2025-04-15T19:55:13.795+0000] {logging_mixin.py:190} INFO - [2025-04-15T19:55:13.794+0000] {dag.py:4180} INFO - Setting next_dagrun for example_xcom to 2021-01-01 00:00:00+00:00, run_after=2021-01-01 00:00:00+00:00
[2025-04-15T19:55:13.823+0000] {processor.py:208} INFO - Processing /home/airflow/.local/lib/python3.12/site-packages/airflow/example_dags/example_xcom.py took 0.133 seconds
[2025-04-15T19:55:44.019+0000] {processor.py:186} INFO - Started process (PID=18420) to work on /home/airflow/.local/lib/python3.12/site-packages/airflow/example_dags/example_xcom.py
[2025-04-15T19:55:44.020+0000] {processor.py:914} INFO - Processing file /home/airflow/.local/lib/python3.12/site-packages/airflow/example_dags/example_xcom.py for tasks to queue
[2025-04-15T19:55:44.023+0000] {logging_mixin.py:190} INFO - [2025-04-15T19:55:44.022+0000] {dagbag.py:588} INFO - Filling up the DagBag from /home/airflow/.local/lib/python3.12/site-packages/airflow/example_dags/example_xcom.py
[2025-04-15T19:55:44.036+0000] {processor.py:925} INFO - DAG(s) 'example_xcom' retrieved from /home/airflow/.local/lib/python3.12/site-packages/airflow/example_dags/example_xcom.py
[2025-04-15T19:55:44.070+0000] {logging_mixin.py:190} INFO - [2025-04-15T19:55:44.070+0000] {dag.py:3239} INFO - Sync 1 DAGs
[2025-04-15T19:55:44.106+0000] {logging_mixin.py:190} INFO - [2025-04-15T19:55:44.105+0000] {dag.py:4180} INFO - Setting next_dagrun for example_xcom to 2021-01-01 00:00:00+00:00, run_after=2021-01-01 00:00:00+00:00
[2025-04-15T19:55:44.135+0000] {processor.py:208} INFO - Processing /home/airflow/.local/lib/python3.12/site-packages/airflow/example_dags/example_xcom.py took 0.125 seconds
[2025-04-15T19:56:14.468+0000] {processor.py:186} INFO - Started process (PID=18487) to work on /home/airflow/.local/lib/python3.12/site-packages/airflow/example_dags/example_xcom.py
[2025-04-15T19:56:14.469+0000] {processor.py:914} INFO - Processing file /home/airflow/.local/lib/python3.12/site-packages/airflow/example_dags/example_xcom.py for tasks to queue
[2025-04-15T19:56:14.471+0000] {logging_mixin.py:190} INFO - [2025-04-15T19:56:14.471+0000] {dagbag.py:588} INFO - Filling up the DagBag from /home/airflow/.local/lib/python3.12/site-packages/airflow/example_dags/example_xcom.py
[2025-04-15T19:56:14.487+0000] {processor.py:925} INFO - DAG(s) 'example_xcom' retrieved from /home/airflow/.local/lib/python3.12/site-packages/airflow/example_dags/example_xcom.py
[2025-04-15T19:56:14.522+0000] {logging_mixin.py:190} INFO - [2025-04-15T19:56:14.522+0000] {dag.py:3239} INFO - Sync 1 DAGs
[2025-04-15T19:56:14.561+0000] {logging_mixin.py:190} INFO - [2025-04-15T19:56:14.560+0000] {dag.py:4180} INFO - Setting next_dagrun for example_xcom to 2021-01-01 00:00:00+00:00, run_after=2021-01-01 00:00:00+00:00
[2025-04-15T19:56:14.594+0000] {processor.py:208} INFO - Processing /home/airflow/.local/lib/python3.12/site-packages/airflow/example_dags/example_xcom.py took 0.136 seconds
[2025-04-15T19:56:44.949+0000] {processor.py:186} INFO - Started process (PID=18554) to work on /home/airflow/.local/lib/python3.12/site-packages/airflow/example_dags/example_xcom.py
[2025-04-15T19:56:44.950+0000] {processor.py:914} INFO - Processing file /home/airflow/.local/lib/python3.12/site-packages/airflow/example_dags/example_xcom.py for tasks to queue
[2025-04-15T19:56:44.952+0000] {logging_mixin.py:190} INFO - [2025-04-15T19:56:44.952+0000] {dagbag.py:588} INFO - Filling up the DagBag from /home/airflow/.local/lib/python3.12/site-packages/airflow/example_dags/example_xcom.py
[2025-04-15T19:56:44.966+0000] {processor.py:925} INFO - DAG(s) 'example_xcom' retrieved from /home/airflow/.local/lib/python3.12/site-packages/airflow/example_dags/example_xcom.py
[2025-04-15T19:56:44.999+0000] {logging_mixin.py:190} INFO - [2025-04-15T19:56:44.999+0000] {dag.py:3239} INFO - Sync 1 DAGs
[2025-04-15T19:56:45.033+0000] {logging_mixin.py:190} INFO - [2025-04-15T19:56:45.033+0000] {dag.py:4180} INFO - Setting next_dagrun for example_xcom to 2021-01-01 00:00:00+00:00, run_after=2021-01-01 00:00:00+00:00
[2025-04-15T19:56:45.063+0000] {processor.py:208} INFO - Processing /home/airflow/.local/lib/python3.12/site-packages/airflow/example_dags/example_xcom.py took 0.122 seconds
[2025-04-15T19:57:15.262+0000] {processor.py:186} INFO - Started process (PID=18621) to work on /home/airflow/.local/lib/python3.12/site-packages/airflow/example_dags/example_xcom.py
[2025-04-15T19:57:15.264+0000] {processor.py:914} INFO - Processing file /home/airflow/.local/lib/python3.12/site-packages/airflow/example_dags/example_xcom.py for tasks to queue
[2025-04-15T19:57:15.267+0000] {logging_mixin.py:190} INFO - [2025-04-15T19:57:15.266+0000] {dagbag.py:588} INFO - Filling up the DagBag from /home/airflow/.local/lib/python3.12/site-packages/airflow/example_dags/example_xcom.py
[2025-04-15T19:57:15.286+0000] {processor.py:925} INFO - DAG(s) 'example_xcom' retrieved from /home/airflow/.local/lib/python3.12/site-packages/airflow/example_dags/example_xcom.py
[2025-04-15T19:57:15.322+0000] {logging_mixin.py:190} INFO - [2025-04-15T19:57:15.321+0000] {dag.py:3239} INFO - Sync 1 DAGs
[2025-04-15T19:57:15.362+0000] {logging_mixin.py:190} INFO - [2025-04-15T19:57:15.362+0000] {dag.py:4180} INFO - Setting next_dagrun for example_xcom to 2021-01-01 00:00:00+00:00, run_after=2021-01-01 00:00:00+00:00
[2025-04-15T19:57:15.393+0000] {processor.py:208} INFO - Processing /home/airflow/.local/lib/python3.12/site-packages/airflow/example_dags/example_xcom.py took 0.141 seconds
[2025-04-15T19:57:46.032+0000] {processor.py:186} INFO - Started process (PID=18688) to work on /home/airflow/.local/lib/python3.12/site-packages/airflow/example_dags/example_xcom.py
[2025-04-15T19:57:46.034+0000] {processor.py:914} INFO - Processing file /home/airflow/.local/lib/python3.12/site-packages/airflow/example_dags/example_xcom.py for tasks to queue
[2025-04-15T19:57:46.036+0000] {logging_mixin.py:190} INFO - [2025-04-15T19:57:46.036+0000] {dagbag.py:588} INFO - Filling up the DagBag from /home/airflow/.local/lib/python3.12/site-packages/airflow/example_dags/example_xcom.py
[2025-04-15T19:57:46.050+0000] {processor.py:925} INFO - DAG(s) 'example_xcom' retrieved from /home/airflow/.local/lib/python3.12/site-packages/airflow/example_dags/example_xcom.py
[2025-04-15T19:57:46.086+0000] {logging_mixin.py:190} INFO - [2025-04-15T19:57:46.085+0000] {dag.py:3239} INFO - Sync 1 DAGs
[2025-04-15T19:57:46.121+0000] {logging_mixin.py:190} INFO - [2025-04-15T19:57:46.121+0000] {dag.py:4180} INFO - Setting next_dagrun for example_xcom to 2021-01-01 00:00:00+00:00, run_after=2021-01-01 00:00:00+00:00
[2025-04-15T19:57:46.154+0000] {processor.py:208} INFO - Processing /home/airflow/.local/lib/python3.12/site-packages/airflow/example_dags/example_xcom.py took 0.129 seconds
[2025-04-15T19:58:16.789+0000] {processor.py:186} INFO - Started process (PID=18755) to work on /home/airflow/.local/lib/python3.12/site-packages/airflow/example_dags/example_xcom.py
[2025-04-15T19:58:16.790+0000] {processor.py:914} INFO - Processing file /home/airflow/.local/lib/python3.12/site-packages/airflow/example_dags/example_xcom.py for tasks to queue
[2025-04-15T19:58:16.792+0000] {logging_mixin.py:190} INFO - [2025-04-15T19:58:16.791+0000] {dagbag.py:588} INFO - Filling up the DagBag from /home/airflow/.local/lib/python3.12/site-packages/airflow/example_dags/example_xcom.py
[2025-04-15T19:58:16.802+0000] {processor.py:925} INFO - DAG(s) 'example_xcom' retrieved from /home/airflow/.local/lib/python3.12/site-packages/airflow/example_dags/example_xcom.py
[2025-04-15T19:58:16.826+0000] {logging_mixin.py:190} INFO - [2025-04-15T19:58:16.826+0000] {dag.py:3239} INFO - Sync 1 DAGs
[2025-04-15T19:58:16.858+0000] {logging_mixin.py:190} INFO - [2025-04-15T19:58:16.857+0000] {dag.py:4180} INFO - Setting next_dagrun for example_xcom to 2021-01-01 00:00:00+00:00, run_after=2021-01-01 00:00:00+00:00
[2025-04-15T19:58:16.883+0000] {processor.py:208} INFO - Processing /home/airflow/.local/lib/python3.12/site-packages/airflow/example_dags/example_xcom.py took 0.099 seconds
[2025-04-15T19:58:46.979+0000] {processor.py:186} INFO - Started process (PID=18822) to work on /home/airflow/.local/lib/python3.12/site-packages/airflow/example_dags/example_xcom.py
[2025-04-15T19:58:46.980+0000] {processor.py:914} INFO - Processing file /home/airflow/.local/lib/python3.12/site-packages/airflow/example_dags/example_xcom.py for tasks to queue
[2025-04-15T19:58:46.982+0000] {logging_mixin.py:190} INFO - [2025-04-15T19:58:46.982+0000] {dagbag.py:588} INFO - Filling up the DagBag from /home/airflow/.local/lib/python3.12/site-packages/airflow/example_dags/example_xcom.py
[2025-04-15T19:58:47.000+0000] {processor.py:925} INFO - DAG(s) 'example_xcom' retrieved from /home/airflow/.local/lib/python3.12/site-packages/airflow/example_dags/example_xcom.py
[2025-04-15T19:58:47.044+0000] {logging_mixin.py:190} INFO - [2025-04-15T19:58:47.042+0000] {dag.py:3239} INFO - Sync 1 DAGs
[2025-04-15T19:58:47.090+0000] {logging_mixin.py:190} INFO - [2025-04-15T19:58:47.089+0000] {dag.py:4180} INFO - Setting next_dagrun for example_xcom to 2021-01-01 00:00:00+00:00, run_after=2021-01-01 00:00:00+00:00
[2025-04-15T19:58:47.121+0000] {processor.py:208} INFO - Processing /home/airflow/.local/lib/python3.12/site-packages/airflow/example_dags/example_xcom.py took 0.153 seconds
[2025-04-15T19:59:17.776+0000] {processor.py:186} INFO - Started process (PID=18889) to work on /home/airflow/.local/lib/python3.12/site-packages/airflow/example_dags/example_xcom.py
[2025-04-15T19:59:17.777+0000] {processor.py:914} INFO - Processing file /home/airflow/.local/lib/python3.12/site-packages/airflow/example_dags/example_xcom.py for tasks to queue
[2025-04-15T19:59:17.779+0000] {logging_mixin.py:190} INFO - [2025-04-15T19:59:17.779+0000] {dagbag.py:588} INFO - Filling up the DagBag from /home/airflow/.local/lib/python3.12/site-packages/airflow/example_dags/example_xcom.py
[2025-04-15T19:59:17.800+0000] {processor.py:925} INFO - DAG(s) 'example_xcom' retrieved from /home/airflow/.local/lib/python3.12/site-packages/airflow/example_dags/example_xcom.py
[2025-04-15T19:59:17.840+0000] {logging_mixin.py:190} INFO - [2025-04-15T19:59:17.839+0000] {dag.py:3239} INFO - Sync 1 DAGs
[2025-04-15T19:59:17.889+0000] {logging_mixin.py:190} INFO - [2025-04-15T19:59:17.888+0000] {dag.py:4180} INFO - Setting next_dagrun for example_xcom to 2021-01-01 00:00:00+00:00, run_after=2021-01-01 00:00:00+00:00
[2025-04-15T19:59:17.922+0000] {processor.py:208} INFO - Processing /home/airflow/.local/lib/python3.12/site-packages/airflow/example_dags/example_xcom.py took 0.156 seconds
[2025-04-15T19:59:48.103+0000] {processor.py:186} INFO - Started process (PID=18956) to work on /home/airflow/.local/lib/python3.12/site-packages/airflow/example_dags/example_xcom.py
[2025-04-15T19:59:48.105+0000] {processor.py:914} INFO - Processing file /home/airflow/.local/lib/python3.12/site-packages/airflow/example_dags/example_xcom.py for tasks to queue
[2025-04-15T19:59:48.106+0000] {logging_mixin.py:190} INFO - [2025-04-15T19:59:48.106+0000] {dagbag.py:588} INFO - Filling up the DagBag from /home/airflow/.local/lib/python3.12/site-packages/airflow/example_dags/example_xcom.py
[2025-04-15T19:59:48.122+0000] {processor.py:925} INFO - DAG(s) 'example_xcom' retrieved from /home/airflow/.local/lib/python3.12/site-packages/airflow/example_dags/example_xcom.py
[2025-04-15T19:59:48.148+0000] {logging_mixin.py:190} INFO - [2025-04-15T19:59:48.148+0000] {dag.py:3239} INFO - Sync 1 DAGs
[2025-04-15T19:59:48.177+0000] {logging_mixin.py:190} INFO - [2025-04-15T19:59:48.177+0000] {dag.py:4180} INFO - Setting next_dagrun for example_xcom to 2021-01-01 00:00:00+00:00, run_after=2021-01-01 00:00:00+00:00
[2025-04-15T19:59:48.201+0000] {processor.py:208} INFO - Processing /home/airflow/.local/lib/python3.12/site-packages/airflow/example_dags/example_xcom.py took 0.106 seconds
[2025-04-15T20:00:18.994+0000] {processor.py:186} INFO - Started process (PID=19023) to work on /home/airflow/.local/lib/python3.12/site-packages/airflow/example_dags/example_xcom.py
[2025-04-15T20:00:18.995+0000] {processor.py:914} INFO - Processing file /home/airflow/.local/lib/python3.12/site-packages/airflow/example_dags/example_xcom.py for tasks to queue
[2025-04-15T20:00:18.996+0000] {logging_mixin.py:190} INFO - [2025-04-15T20:00:18.996+0000] {dagbag.py:588} INFO - Filling up the DagBag from /home/airflow/.local/lib/python3.12/site-packages/airflow/example_dags/example_xcom.py
[2025-04-15T20:00:19.007+0000] {processor.py:925} INFO - DAG(s) 'example_xcom' retrieved from /home/airflow/.local/lib/python3.12/site-packages/airflow/example_dags/example_xcom.py
[2025-04-15T20:00:19.031+0000] {logging_mixin.py:190} INFO - [2025-04-15T20:00:19.031+0000] {dag.py:3239} INFO - Sync 1 DAGs
[2025-04-15T20:00:19.058+0000] {logging_mixin.py:190} INFO - [2025-04-15T20:00:19.058+0000] {dag.py:4180} INFO - Setting next_dagrun for example_xcom to 2021-01-01 00:00:00+00:00, run_after=2021-01-01 00:00:00+00:00
[2025-04-15T20:00:19.083+0000] {processor.py:208} INFO - Processing /home/airflow/.local/lib/python3.12/site-packages/airflow/example_dags/example_xcom.py took 0.096 seconds
[2025-04-15T20:00:49.704+0000] {processor.py:186} INFO - Started process (PID=19089) to work on /home/airflow/.local/lib/python3.12/site-packages/airflow/example_dags/example_xcom.py
[2025-04-15T20:00:49.705+0000] {processor.py:914} INFO - Processing file /home/airflow/.local/lib/python3.12/site-packages/airflow/example_dags/example_xcom.py for tasks to queue
[2025-04-15T20:00:49.706+0000] {logging_mixin.py:190} INFO - [2025-04-15T20:00:49.706+0000] {dagbag.py:588} INFO - Filling up the DagBag from /home/airflow/.local/lib/python3.12/site-packages/airflow/example_dags/example_xcom.py
[2025-04-15T20:00:49.716+0000] {processor.py:925} INFO - DAG(s) 'example_xcom' retrieved from /home/airflow/.local/lib/python3.12/site-packages/airflow/example_dags/example_xcom.py
[2025-04-15T20:00:49.741+0000] {logging_mixin.py:190} INFO - [2025-04-15T20:00:49.740+0000] {dag.py:3239} INFO - Sync 1 DAGs
[2025-04-15T20:00:49.775+0000] {logging_mixin.py:190} INFO - [2025-04-15T20:00:49.774+0000] {dag.py:4180} INFO - Setting next_dagrun for example_xcom to 2021-01-01 00:00:00+00:00, run_after=2021-01-01 00:00:00+00:00
[2025-04-15T20:00:49.800+0000] {processor.py:208} INFO - Processing /home/airflow/.local/lib/python3.12/site-packages/airflow/example_dags/example_xcom.py took 0.103 seconds
[2025-04-15T20:01:20.137+0000] {processor.py:186} INFO - Started process (PID=19155) to work on /home/airflow/.local/lib/python3.12/site-packages/airflow/example_dags/example_xcom.py
[2025-04-15T20:01:20.139+0000] {processor.py:914} INFO - Processing file /home/airflow/.local/lib/python3.12/site-packages/airflow/example_dags/example_xcom.py for tasks to queue
[2025-04-15T20:01:20.141+0000] {logging_mixin.py:190} INFO - [2025-04-15T20:01:20.140+0000] {dagbag.py:588} INFO - Filling up the DagBag from /home/airflow/.local/lib/python3.12/site-packages/airflow/example_dags/example_xcom.py
[2025-04-15T20:01:20.155+0000] {processor.py:925} INFO - DAG(s) 'example_xcom' retrieved from /home/airflow/.local/lib/python3.12/site-packages/airflow/example_dags/example_xcom.py
[2025-04-15T20:01:20.190+0000] {logging_mixin.py:190} INFO - [2025-04-15T20:01:20.190+0000] {dag.py:3239} INFO - Sync 1 DAGs
[2025-04-15T20:01:20.228+0000] {logging_mixin.py:190} INFO - [2025-04-15T20:01:20.227+0000] {dag.py:4180} INFO - Setting next_dagrun for example_xcom to 2021-01-01 00:00:00+00:00, run_after=2021-01-01 00:00:00+00:00
[2025-04-15T20:01:20.256+0000] {processor.py:208} INFO - Processing /home/airflow/.local/lib/python3.12/site-packages/airflow/example_dags/example_xcom.py took 0.128 seconds
[2025-04-15T20:01:50.564+0000] {processor.py:186} INFO - Started process (PID=19222) to work on /home/airflow/.local/lib/python3.12/site-packages/airflow/example_dags/example_xcom.py
[2025-04-15T20:01:50.567+0000] {processor.py:914} INFO - Processing file /home/airflow/.local/lib/python3.12/site-packages/airflow/example_dags/example_xcom.py for tasks to queue
[2025-04-15T20:01:50.569+0000] {logging_mixin.py:190} INFO - [2025-04-15T20:01:50.568+0000] {dagbag.py:588} INFO - Filling up the DagBag from /home/airflow/.local/lib/python3.12/site-packages/airflow/example_dags/example_xcom.py
[2025-04-15T20:01:50.584+0000] {processor.py:925} INFO - DAG(s) 'example_xcom' retrieved from /home/airflow/.local/lib/python3.12/site-packages/airflow/example_dags/example_xcom.py
[2025-04-15T20:01:50.620+0000] {logging_mixin.py:190} INFO - [2025-04-15T20:01:50.619+0000] {dag.py:3239} INFO - Sync 1 DAGs
[2025-04-15T20:01:50.662+0000] {logging_mixin.py:190} INFO - [2025-04-15T20:01:50.662+0000] {dag.py:4180} INFO - Setting next_dagrun for example_xcom to 2021-01-01 00:00:00+00:00, run_after=2021-01-01 00:00:00+00:00
[2025-04-15T20:01:50.696+0000] {processor.py:208} INFO - Processing /home/airflow/.local/lib/python3.12/site-packages/airflow/example_dags/example_xcom.py took 0.142 seconds
[2025-04-15T20:02:21.217+0000] {processor.py:186} INFO - Started process (PID=19288) to work on /home/airflow/.local/lib/python3.12/site-packages/airflow/example_dags/example_xcom.py
[2025-04-15T20:02:21.218+0000] {processor.py:914} INFO - Processing file /home/airflow/.local/lib/python3.12/site-packages/airflow/example_dags/example_xcom.py for tasks to queue
[2025-04-15T20:02:21.221+0000] {logging_mixin.py:190} INFO - [2025-04-15T20:02:21.220+0000] {dagbag.py:588} INFO - Filling up the DagBag from /home/airflow/.local/lib/python3.12/site-packages/airflow/example_dags/example_xcom.py
[2025-04-15T20:02:21.234+0000] {processor.py:925} INFO - DAG(s) 'example_xcom' retrieved from /home/airflow/.local/lib/python3.12/site-packages/airflow/example_dags/example_xcom.py
[2025-04-15T20:02:21.267+0000] {logging_mixin.py:190} INFO - [2025-04-15T20:02:21.266+0000] {dag.py:3239} INFO - Sync 1 DAGs
[2025-04-15T20:02:21.306+0000] {logging_mixin.py:190} INFO - [2025-04-15T20:02:21.305+0000] {dag.py:4180} INFO - Setting next_dagrun for example_xcom to 2021-01-01 00:00:00+00:00, run_after=2021-01-01 00:00:00+00:00
[2025-04-15T20:02:21.336+0000] {processor.py:208} INFO - Processing /home/airflow/.local/lib/python3.12/site-packages/airflow/example_dags/example_xcom.py took 0.127 seconds
[2025-04-15T20:02:51.831+0000] {processor.py:186} INFO - Started process (PID=19355) to work on /home/airflow/.local/lib/python3.12/site-packages/airflow/example_dags/example_xcom.py
[2025-04-15T20:02:51.833+0000] {processor.py:914} INFO - Processing file /home/airflow/.local/lib/python3.12/site-packages/airflow/example_dags/example_xcom.py for tasks to queue
[2025-04-15T20:02:51.835+0000] {logging_mixin.py:190} INFO - [2025-04-15T20:02:51.835+0000] {dagbag.py:588} INFO - Filling up the DagBag from /home/airflow/.local/lib/python3.12/site-packages/airflow/example_dags/example_xcom.py
[2025-04-15T20:02:51.849+0000] {processor.py:925} INFO - DAG(s) 'example_xcom' retrieved from /home/airflow/.local/lib/python3.12/site-packages/airflow/example_dags/example_xcom.py
[2025-04-15T20:02:51.880+0000] {logging_mixin.py:190} INFO - [2025-04-15T20:02:51.880+0000] {dag.py:3239} INFO - Sync 1 DAGs
[2025-04-15T20:02:51.921+0000] {logging_mixin.py:190} INFO - [2025-04-15T20:02:51.921+0000] {dag.py:4180} INFO - Setting next_dagrun for example_xcom to 2021-01-01 00:00:00+00:00, run_after=2021-01-01 00:00:00+00:00
[2025-04-15T20:02:51.958+0000] {processor.py:208} INFO - Processing /home/airflow/.local/lib/python3.12/site-packages/airflow/example_dags/example_xcom.py took 0.138 seconds
[2025-04-15T20:03:22.615+0000] {processor.py:186} INFO - Started process (PID=19420) to work on /home/airflow/.local/lib/python3.12/site-packages/airflow/example_dags/example_xcom.py
[2025-04-15T20:03:22.616+0000] {processor.py:914} INFO - Processing file /home/airflow/.local/lib/python3.12/site-packages/airflow/example_dags/example_xcom.py for tasks to queue
[2025-04-15T20:03:22.618+0000] {logging_mixin.py:190} INFO - [2025-04-15T20:03:22.618+0000] {dagbag.py:588} INFO - Filling up the DagBag from /home/airflow/.local/lib/python3.12/site-packages/airflow/example_dags/example_xcom.py
[2025-04-15T20:03:22.632+0000] {processor.py:925} INFO - DAG(s) 'example_xcom' retrieved from /home/airflow/.local/lib/python3.12/site-packages/airflow/example_dags/example_xcom.py
[2025-04-15T20:03:22.664+0000] {logging_mixin.py:190} INFO - [2025-04-15T20:03:22.664+0000] {dag.py:3239} INFO - Sync 1 DAGs
[2025-04-15T20:03:22.702+0000] {logging_mixin.py:190} INFO - [2025-04-15T20:03:22.701+0000] {dag.py:4180} INFO - Setting next_dagrun for example_xcom to 2021-01-01 00:00:00+00:00, run_after=2021-01-01 00:00:00+00:00
[2025-04-15T20:03:22.734+0000] {processor.py:208} INFO - Processing /home/airflow/.local/lib/python3.12/site-packages/airflow/example_dags/example_xcom.py took 0.128 seconds
[2025-04-15T20:03:52.862+0000] {processor.py:186} INFO - Started process (PID=19487) to work on /home/airflow/.local/lib/python3.12/site-packages/airflow/example_dags/example_xcom.py
[2025-04-15T20:03:52.864+0000] {processor.py:914} INFO - Processing file /home/airflow/.local/lib/python3.12/site-packages/airflow/example_dags/example_xcom.py for tasks to queue
[2025-04-15T20:03:52.867+0000] {logging_mixin.py:190} INFO - [2025-04-15T20:03:52.866+0000] {dagbag.py:588} INFO - Filling up the DagBag from /home/airflow/.local/lib/python3.12/site-packages/airflow/example_dags/example_xcom.py
[2025-04-15T20:03:52.880+0000] {processor.py:925} INFO - DAG(s) 'example_xcom' retrieved from /home/airflow/.local/lib/python3.12/site-packages/airflow/example_dags/example_xcom.py
[2025-04-15T20:03:52.915+0000] {logging_mixin.py:190} INFO - [2025-04-15T20:03:52.914+0000] {dag.py:3239} INFO - Sync 1 DAGs
[2025-04-15T20:03:52.955+0000] {logging_mixin.py:190} INFO - [2025-04-15T20:03:52.954+0000] {dag.py:4180} INFO - Setting next_dagrun for example_xcom to 2021-01-01 00:00:00+00:00, run_after=2021-01-01 00:00:00+00:00
[2025-04-15T20:03:52.986+0000] {processor.py:208} INFO - Processing /home/airflow/.local/lib/python3.12/site-packages/airflow/example_dags/example_xcom.py took 0.132 seconds
[2025-04-15T20:04:23.930+0000] {processor.py:186} INFO - Started process (PID=19555) to work on /home/airflow/.local/lib/python3.12/site-packages/airflow/example_dags/example_xcom.py
[2025-04-15T20:04:23.932+0000] {processor.py:914} INFO - Processing file /home/airflow/.local/lib/python3.12/site-packages/airflow/example_dags/example_xcom.py for tasks to queue
[2025-04-15T20:04:23.934+0000] {logging_mixin.py:190} INFO - [2025-04-15T20:04:23.933+0000] {dagbag.py:588} INFO - Filling up the DagBag from /home/airflow/.local/lib/python3.12/site-packages/airflow/example_dags/example_xcom.py
[2025-04-15T20:04:23.945+0000] {processor.py:925} INFO - DAG(s) 'example_xcom' retrieved from /home/airflow/.local/lib/python3.12/site-packages/airflow/example_dags/example_xcom.py
[2025-04-15T20:04:23.971+0000] {logging_mixin.py:190} INFO - [2025-04-15T20:04:23.970+0000] {dag.py:3239} INFO - Sync 1 DAGs
[2025-04-15T20:04:24.000+0000] {logging_mixin.py:190} INFO - [2025-04-15T20:04:23.999+0000] {dag.py:4180} INFO - Setting next_dagrun for example_xcom to 2021-01-01 00:00:00+00:00, run_after=2021-01-01 00:00:00+00:00
[2025-04-15T20:04:24.025+0000] {processor.py:208} INFO - Processing /home/airflow/.local/lib/python3.12/site-packages/airflow/example_dags/example_xcom.py took 0.101 seconds
