[2025-04-15T19:34:51.906+0000] {processor.py:186} INFO - Started process (PID=15736) to work on /home/airflow/.local/lib/python3.12/site-packages/airflow/example_dags/example_display_name.py
[2025-04-15T19:34:51.925+0000] {processor.py:914} INFO - Processing file /home/airflow/.local/lib/python3.12/site-packages/airflow/example_dags/example_display_name.py for tasks to queue
[2025-04-15T19:34:51.930+0000] {logging_mixin.py:190} INFO - [2025-04-15T19:34:51.929+0000] {dagbag.py:588} INFO - Filling up the DagBag from /home/airflow/.local/lib/python3.12/site-packages/airflow/example_dags/example_display_name.py
[2025-04-15T19:34:51.962+0000] {processor.py:925} INFO - DAG(s) 'example_display_name' retrieved from /home/airflow/.local/lib/python3.12/site-packages/airflow/example_dags/example_display_name.py
[2025-04-15T19:34:52.051+0000] {logging_mixin.py:190} INFO - [2025-04-15T19:34:52.050+0000] {dag.py:3239} INFO - Sync 1 DAGs
[2025-04-15T19:34:52.130+0000] {logging_mixin.py:190} INFO - [2025-04-15T19:34:52.130+0000] {dag.py:4180} INFO - Setting next_dagrun for example_display_name to None, run_after=None
[2025-04-15T19:34:52.305+0000] {processor.py:208} INFO - Processing /home/airflow/.local/lib/python3.12/site-packages/airflow/example_dags/example_display_name.py took 0.417 seconds
[2025-04-15T19:35:45.164+0000] {processor.py:186} INFO - Started process (PID=15803) to work on /home/airflow/.local/lib/python3.12/site-packages/airflow/example_dags/example_display_name.py
[2025-04-15T19:35:45.166+0000] {processor.py:914} INFO - Processing file /home/airflow/.local/lib/python3.12/site-packages/airflow/example_dags/example_display_name.py for tasks to queue
[2025-04-15T19:35:45.179+0000] {logging_mixin.py:190} INFO - [2025-04-15T19:35:45.178+0000] {dagbag.py:588} INFO - Filling up the DagBag from /home/airflow/.local/lib/python3.12/site-packages/airflow/example_dags/example_display_name.py
[2025-04-15T19:35:45.209+0000] {processor.py:925} INFO - DAG(s) 'example_display_name' retrieved from /home/airflow/.local/lib/python3.12/site-packages/airflow/example_dags/example_display_name.py
[2025-04-15T19:35:45.283+0000] {logging_mixin.py:190} INFO - [2025-04-15T19:35:45.282+0000] {dag.py:3239} INFO - Sync 1 DAGs
[2025-04-15T19:35:45.345+0000] {logging_mixin.py:190} INFO - [2025-04-15T19:35:45.344+0000] {dag.py:4180} INFO - Setting next_dagrun for example_display_name to None, run_after=None
[2025-04-15T19:35:45.413+0000] {processor.py:208} INFO - Processing /home/airflow/.local/lib/python3.12/site-packages/airflow/example_dags/example_display_name.py took 0.269 seconds
[2025-04-15T19:36:16.098+0000] {processor.py:186} INFO - Started process (PID=15870) to work on /home/airflow/.local/lib/python3.12/site-packages/airflow/example_dags/example_display_name.py
[2025-04-15T19:36:16.099+0000] {processor.py:914} INFO - Processing file /home/airflow/.local/lib/python3.12/site-packages/airflow/example_dags/example_display_name.py for tasks to queue
[2025-04-15T19:36:16.101+0000] {logging_mixin.py:190} INFO - [2025-04-15T19:36:16.100+0000] {dagbag.py:588} INFO - Filling up the DagBag from /home/airflow/.local/lib/python3.12/site-packages/airflow/example_dags/example_display_name.py
[2025-04-15T19:36:16.110+0000] {processor.py:925} INFO - DAG(s) 'example_display_name' retrieved from /home/airflow/.local/lib/python3.12/site-packages/airflow/example_dags/example_display_name.py
[2025-04-15T19:36:16.134+0000] {logging_mixin.py:190} INFO - [2025-04-15T19:36:16.134+0000] {dag.py:3239} INFO - Sync 1 DAGs
[2025-04-15T19:36:16.154+0000] {logging_mixin.py:190} INFO - [2025-04-15T19:36:16.154+0000] {dag.py:4180} INFO - Setting next_dagrun for example_display_name to None, run_after=None
[2025-04-15T19:36:16.182+0000] {processor.py:208} INFO - Processing /home/airflow/.local/lib/python3.12/site-packages/airflow/example_dags/example_display_name.py took 0.092 seconds
[2025-04-15T19:36:46.351+0000] {processor.py:186} INFO - Started process (PID=15936) to work on /home/airflow/.local/lib/python3.12/site-packages/airflow/example_dags/example_display_name.py
[2025-04-15T19:36:46.353+0000] {processor.py:914} INFO - Processing file /home/airflow/.local/lib/python3.12/site-packages/airflow/example_dags/example_display_name.py for tasks to queue
[2025-04-15T19:36:46.355+0000] {logging_mixin.py:190} INFO - [2025-04-15T19:36:46.355+0000] {dagbag.py:588} INFO - Filling up the DagBag from /home/airflow/.local/lib/python3.12/site-packages/airflow/example_dags/example_display_name.py
[2025-04-15T19:36:46.367+0000] {processor.py:925} INFO - DAG(s) 'example_display_name' retrieved from /home/airflow/.local/lib/python3.12/site-packages/airflow/example_dags/example_display_name.py
[2025-04-15T19:36:46.392+0000] {logging_mixin.py:190} INFO - [2025-04-15T19:36:46.391+0000] {dag.py:3239} INFO - Sync 1 DAGs
[2025-04-15T19:36:46.412+0000] {logging_mixin.py:190} INFO - [2025-04-15T19:36:46.412+0000] {dag.py:4180} INFO - Setting next_dagrun for example_display_name to None, run_after=None
[2025-04-15T19:36:46.443+0000] {processor.py:208} INFO - Processing /home/airflow/.local/lib/python3.12/site-packages/airflow/example_dags/example_display_name.py took 0.100 seconds
[2025-04-15T19:37:17.015+0000] {processor.py:186} INFO - Started process (PID=16003) to work on /home/airflow/.local/lib/python3.12/site-packages/airflow/example_dags/example_display_name.py
[2025-04-15T19:37:17.016+0000] {processor.py:914} INFO - Processing file /home/airflow/.local/lib/python3.12/site-packages/airflow/example_dags/example_display_name.py for tasks to queue
[2025-04-15T19:37:17.018+0000] {logging_mixin.py:190} INFO - [2025-04-15T19:37:17.017+0000] {dagbag.py:588} INFO - Filling up the DagBag from /home/airflow/.local/lib/python3.12/site-packages/airflow/example_dags/example_display_name.py
[2025-04-15T19:37:17.030+0000] {processor.py:925} INFO - DAG(s) 'example_display_name' retrieved from /home/airflow/.local/lib/python3.12/site-packages/airflow/example_dags/example_display_name.py
[2025-04-15T19:37:17.066+0000] {logging_mixin.py:190} INFO - [2025-04-15T19:37:17.065+0000] {dag.py:3239} INFO - Sync 1 DAGs
[2025-04-15T19:37:17.093+0000] {logging_mixin.py:190} INFO - [2025-04-15T19:37:17.093+0000] {dag.py:4180} INFO - Setting next_dagrun for example_display_name to None, run_after=None
[2025-04-15T19:37:17.134+0000] {processor.py:208} INFO - Processing /home/airflow/.local/lib/python3.12/site-packages/airflow/example_dags/example_display_name.py took 0.129 seconds
[2025-04-15T19:37:47.531+0000] {processor.py:186} INFO - Started process (PID=16070) to work on /home/airflow/.local/lib/python3.12/site-packages/airflow/example_dags/example_display_name.py
[2025-04-15T19:37:47.533+0000] {processor.py:914} INFO - Processing file /home/airflow/.local/lib/python3.12/site-packages/airflow/example_dags/example_display_name.py for tasks to queue
[2025-04-15T19:37:47.537+0000] {logging_mixin.py:190} INFO - [2025-04-15T19:37:47.536+0000] {dagbag.py:588} INFO - Filling up the DagBag from /home/airflow/.local/lib/python3.12/site-packages/airflow/example_dags/example_display_name.py
[2025-04-15T19:37:47.551+0000] {processor.py:925} INFO - DAG(s) 'example_display_name' retrieved from /home/airflow/.local/lib/python3.12/site-packages/airflow/example_dags/example_display_name.py
[2025-04-15T19:37:47.598+0000] {logging_mixin.py:190} INFO - [2025-04-15T19:37:47.597+0000] {dag.py:3239} INFO - Sync 1 DAGs
[2025-04-15T19:37:47.631+0000] {logging_mixin.py:190} INFO - [2025-04-15T19:37:47.631+0000] {dag.py:4180} INFO - Setting next_dagrun for example_display_name to None, run_after=None
[2025-04-15T19:37:47.680+0000] {processor.py:208} INFO - Processing /home/airflow/.local/lib/python3.12/site-packages/airflow/example_dags/example_display_name.py took 0.161 seconds
[2025-04-15T19:38:17.780+0000] {processor.py:186} INFO - Started process (PID=16137) to work on /home/airflow/.local/lib/python3.12/site-packages/airflow/example_dags/example_display_name.py
[2025-04-15T19:38:17.781+0000] {processor.py:914} INFO - Processing file /home/airflow/.local/lib/python3.12/site-packages/airflow/example_dags/example_display_name.py for tasks to queue
[2025-04-15T19:38:17.784+0000] {logging_mixin.py:190} INFO - [2025-04-15T19:38:17.783+0000] {dagbag.py:588} INFO - Filling up the DagBag from /home/airflow/.local/lib/python3.12/site-packages/airflow/example_dags/example_display_name.py
[2025-04-15T19:38:17.796+0000] {processor.py:925} INFO - DAG(s) 'example_display_name' retrieved from /home/airflow/.local/lib/python3.12/site-packages/airflow/example_dags/example_display_name.py
[2025-04-15T19:38:17.827+0000] {logging_mixin.py:190} INFO - [2025-04-15T19:38:17.826+0000] {dag.py:3239} INFO - Sync 1 DAGs
[2025-04-15T19:38:17.852+0000] {logging_mixin.py:190} INFO - [2025-04-15T19:38:17.852+0000] {dag.py:4180} INFO - Setting next_dagrun for example_display_name to None, run_after=None
[2025-04-15T19:38:17.885+0000] {processor.py:208} INFO - Processing /home/airflow/.local/lib/python3.12/site-packages/airflow/example_dags/example_display_name.py took 0.113 seconds
[2025-04-15T19:38:49.052+0000] {processor.py:186} INFO - Started process (PID=16204) to work on /home/airflow/.local/lib/python3.12/site-packages/airflow/example_dags/example_display_name.py
[2025-04-15T19:38:49.054+0000] {processor.py:914} INFO - Processing file /home/airflow/.local/lib/python3.12/site-packages/airflow/example_dags/example_display_name.py for tasks to queue
[2025-04-15T19:38:49.056+0000] {logging_mixin.py:190} INFO - [2025-04-15T19:38:49.055+0000] {dagbag.py:588} INFO - Filling up the DagBag from /home/airflow/.local/lib/python3.12/site-packages/airflow/example_dags/example_display_name.py
[2025-04-15T19:38:49.067+0000] {processor.py:925} INFO - DAG(s) 'example_display_name' retrieved from /home/airflow/.local/lib/python3.12/site-packages/airflow/example_dags/example_display_name.py
[2025-04-15T19:38:49.094+0000] {logging_mixin.py:190} INFO - [2025-04-15T19:38:49.094+0000] {dag.py:3239} INFO - Sync 1 DAGs
[2025-04-15T19:38:49.117+0000] {logging_mixin.py:190} INFO - [2025-04-15T19:38:49.116+0000] {dag.py:4180} INFO - Setting next_dagrun for example_display_name to None, run_after=None
[2025-04-15T19:38:49.146+0000] {processor.py:208} INFO - Processing /home/airflow/.local/lib/python3.12/site-packages/airflow/example_dags/example_display_name.py took 0.102 seconds
[2025-04-15T19:39:20.065+0000] {processor.py:186} INFO - Started process (PID=16271) to work on /home/airflow/.local/lib/python3.12/site-packages/airflow/example_dags/example_display_name.py
[2025-04-15T19:39:20.067+0000] {processor.py:914} INFO - Processing file /home/airflow/.local/lib/python3.12/site-packages/airflow/example_dags/example_display_name.py for tasks to queue
[2025-04-15T19:39:20.068+0000] {logging_mixin.py:190} INFO - [2025-04-15T19:39:20.068+0000] {dagbag.py:588} INFO - Filling up the DagBag from /home/airflow/.local/lib/python3.12/site-packages/airflow/example_dags/example_display_name.py
[2025-04-15T19:39:20.076+0000] {processor.py:925} INFO - DAG(s) 'example_display_name' retrieved from /home/airflow/.local/lib/python3.12/site-packages/airflow/example_dags/example_display_name.py
[2025-04-15T19:39:20.098+0000] {logging_mixin.py:190} INFO - [2025-04-15T19:39:20.098+0000] {dag.py:3239} INFO - Sync 1 DAGs
[2025-04-15T19:39:20.116+0000] {logging_mixin.py:190} INFO - [2025-04-15T19:39:20.116+0000] {dag.py:4180} INFO - Setting next_dagrun for example_display_name to None, run_after=None
[2025-04-15T19:39:20.141+0000] {processor.py:208} INFO - Processing /home/airflow/.local/lib/python3.12/site-packages/airflow/example_dags/example_display_name.py took 0.083 seconds
[2025-04-15T19:39:51.552+0000] {processor.py:186} INFO - Started process (PID=16338) to work on /home/airflow/.local/lib/python3.12/site-packages/airflow/example_dags/example_display_name.py
[2025-04-15T19:39:51.554+0000] {processor.py:914} INFO - Processing file /home/airflow/.local/lib/python3.12/site-packages/airflow/example_dags/example_display_name.py for tasks to queue
[2025-04-15T19:39:51.556+0000] {logging_mixin.py:190} INFO - [2025-04-15T19:39:51.555+0000] {dagbag.py:588} INFO - Filling up the DagBag from /home/airflow/.local/lib/python3.12/site-packages/airflow/example_dags/example_display_name.py
[2025-04-15T19:39:51.567+0000] {processor.py:925} INFO - DAG(s) 'example_display_name' retrieved from /home/airflow/.local/lib/python3.12/site-packages/airflow/example_dags/example_display_name.py
[2025-04-15T19:39:51.599+0000] {logging_mixin.py:190} INFO - [2025-04-15T19:39:51.599+0000] {dag.py:3239} INFO - Sync 1 DAGs
[2025-04-15T19:39:51.624+0000] {logging_mixin.py:190} INFO - [2025-04-15T19:39:51.624+0000] {dag.py:4180} INFO - Setting next_dagrun for example_display_name to None, run_after=None
[2025-04-15T19:39:51.660+0000] {processor.py:208} INFO - Processing /home/airflow/.local/lib/python3.12/site-packages/airflow/example_dags/example_display_name.py took 0.116 seconds
[2025-04-15T19:40:21.910+0000] {processor.py:186} INFO - Started process (PID=16405) to work on /home/airflow/.local/lib/python3.12/site-packages/airflow/example_dags/example_display_name.py
[2025-04-15T19:40:21.911+0000] {processor.py:914} INFO - Processing file /home/airflow/.local/lib/python3.12/site-packages/airflow/example_dags/example_display_name.py for tasks to queue
[2025-04-15T19:40:21.913+0000] {logging_mixin.py:190} INFO - [2025-04-15T19:40:21.912+0000] {dagbag.py:588} INFO - Filling up the DagBag from /home/airflow/.local/lib/python3.12/site-packages/airflow/example_dags/example_display_name.py
[2025-04-15T19:40:21.921+0000] {processor.py:925} INFO - DAG(s) 'example_display_name' retrieved from /home/airflow/.local/lib/python3.12/site-packages/airflow/example_dags/example_display_name.py
[2025-04-15T19:40:21.945+0000] {logging_mixin.py:190} INFO - [2025-04-15T19:40:21.945+0000] {dag.py:3239} INFO - Sync 1 DAGs
[2025-04-15T19:40:21.965+0000] {logging_mixin.py:190} INFO - [2025-04-15T19:40:21.965+0000] {dag.py:4180} INFO - Setting next_dagrun for example_display_name to None, run_after=None
[2025-04-15T19:40:21.991+0000] {processor.py:208} INFO - Processing /home/airflow/.local/lib/python3.12/site-packages/airflow/example_dags/example_display_name.py took 0.087 seconds
[2025-04-15T19:40:52.604+0000] {processor.py:186} INFO - Started process (PID=16471) to work on /home/airflow/.local/lib/python3.12/site-packages/airflow/example_dags/example_display_name.py
[2025-04-15T19:40:52.605+0000] {processor.py:914} INFO - Processing file /home/airflow/.local/lib/python3.12/site-packages/airflow/example_dags/example_display_name.py for tasks to queue
[2025-04-15T19:40:52.606+0000] {logging_mixin.py:190} INFO - [2025-04-15T19:40:52.606+0000] {dagbag.py:588} INFO - Filling up the DagBag from /home/airflow/.local/lib/python3.12/site-packages/airflow/example_dags/example_display_name.py
[2025-04-15T19:40:52.616+0000] {processor.py:925} INFO - DAG(s) 'example_display_name' retrieved from /home/airflow/.local/lib/python3.12/site-packages/airflow/example_dags/example_display_name.py
[2025-04-15T19:40:52.645+0000] {logging_mixin.py:190} INFO - [2025-04-15T19:40:52.644+0000] {dag.py:3239} INFO - Sync 1 DAGs
[2025-04-15T19:40:52.667+0000] {logging_mixin.py:190} INFO - [2025-04-15T19:40:52.667+0000] {dag.py:4180} INFO - Setting next_dagrun for example_display_name to None, run_after=None
[2025-04-15T19:40:52.692+0000] {processor.py:208} INFO - Processing /home/airflow/.local/lib/python3.12/site-packages/airflow/example_dags/example_display_name.py took 0.094 seconds
[2025-04-15T19:41:23.419+0000] {processor.py:186} INFO - Started process (PID=16538) to work on /home/airflow/.local/lib/python3.12/site-packages/airflow/example_dags/example_display_name.py
[2025-04-15T19:41:23.421+0000] {processor.py:914} INFO - Processing file /home/airflow/.local/lib/python3.12/site-packages/airflow/example_dags/example_display_name.py for tasks to queue
[2025-04-15T19:41:23.422+0000] {logging_mixin.py:190} INFO - [2025-04-15T19:41:23.422+0000] {dagbag.py:588} INFO - Filling up the DagBag from /home/airflow/.local/lib/python3.12/site-packages/airflow/example_dags/example_display_name.py
[2025-04-15T19:41:23.434+0000] {processor.py:925} INFO - DAG(s) 'example_display_name' retrieved from /home/airflow/.local/lib/python3.12/site-packages/airflow/example_dags/example_display_name.py
[2025-04-15T19:41:23.466+0000] {logging_mixin.py:190} INFO - [2025-04-15T19:41:23.466+0000] {dag.py:3239} INFO - Sync 1 DAGs
[2025-04-15T19:41:23.490+0000] {logging_mixin.py:190} INFO - [2025-04-15T19:41:23.489+0000] {dag.py:4180} INFO - Setting next_dagrun for example_display_name to None, run_after=None
[2025-04-15T19:41:23.522+0000] {processor.py:208} INFO - Processing /home/airflow/.local/lib/python3.12/site-packages/airflow/example_dags/example_display_name.py took 0.111 seconds
[2025-04-15T19:41:54.442+0000] {processor.py:186} INFO - Started process (PID=16611) to work on /home/airflow/.local/lib/python3.12/site-packages/airflow/example_dags/example_display_name.py
[2025-04-15T19:41:54.443+0000] {processor.py:914} INFO - Processing file /home/airflow/.local/lib/python3.12/site-packages/airflow/example_dags/example_display_name.py for tasks to queue
[2025-04-15T19:41:54.444+0000] {logging_mixin.py:190} INFO - [2025-04-15T19:41:54.444+0000] {dagbag.py:588} INFO - Filling up the DagBag from /home/airflow/.local/lib/python3.12/site-packages/airflow/example_dags/example_display_name.py
[2025-04-15T19:41:54.451+0000] {processor.py:925} INFO - DAG(s) 'example_display_name' retrieved from /home/airflow/.local/lib/python3.12/site-packages/airflow/example_dags/example_display_name.py
[2025-04-15T19:41:54.470+0000] {logging_mixin.py:190} INFO - [2025-04-15T19:41:54.470+0000] {dag.py:3239} INFO - Sync 1 DAGs
[2025-04-15T19:41:54.484+0000] {logging_mixin.py:190} INFO - [2025-04-15T19:41:54.484+0000] {dag.py:4180} INFO - Setting next_dagrun for example_display_name to None, run_after=None
[2025-04-15T19:41:54.505+0000] {processor.py:208} INFO - Processing /home/airflow/.local/lib/python3.12/site-packages/airflow/example_dags/example_display_name.py took 0.069 seconds
[2025-04-15T19:42:25.548+0000] {processor.py:186} INFO - Started process (PID=16680) to work on /home/airflow/.local/lib/python3.12/site-packages/airflow/example_dags/example_display_name.py
[2025-04-15T19:42:25.550+0000] {processor.py:914} INFO - Processing file /home/airflow/.local/lib/python3.12/site-packages/airflow/example_dags/example_display_name.py for tasks to queue
[2025-04-15T19:42:25.551+0000] {logging_mixin.py:190} INFO - [2025-04-15T19:42:25.551+0000] {dagbag.py:588} INFO - Filling up the DagBag from /home/airflow/.local/lib/python3.12/site-packages/airflow/example_dags/example_display_name.py
[2025-04-15T19:42:25.562+0000] {processor.py:925} INFO - DAG(s) 'example_display_name' retrieved from /home/airflow/.local/lib/python3.12/site-packages/airflow/example_dags/example_display_name.py
[2025-04-15T19:42:25.585+0000] {logging_mixin.py:190} INFO - [2025-04-15T19:42:25.585+0000] {dag.py:3239} INFO - Sync 1 DAGs
[2025-04-15T19:42:25.603+0000] {logging_mixin.py:190} INFO - [2025-04-15T19:42:25.603+0000] {dag.py:4180} INFO - Setting next_dagrun for example_display_name to None, run_after=None
[2025-04-15T19:42:25.627+0000] {processor.py:208} INFO - Processing /home/airflow/.local/lib/python3.12/site-packages/airflow/example_dags/example_display_name.py took 0.087 seconds
[2025-04-15T19:42:56.564+0000] {processor.py:186} INFO - Started process (PID=16747) to work on /home/airflow/.local/lib/python3.12/site-packages/airflow/example_dags/example_display_name.py
[2025-04-15T19:42:56.565+0000] {processor.py:914} INFO - Processing file /home/airflow/.local/lib/python3.12/site-packages/airflow/example_dags/example_display_name.py for tasks to queue
[2025-04-15T19:42:56.567+0000] {logging_mixin.py:190} INFO - [2025-04-15T19:42:56.566+0000] {dagbag.py:588} INFO - Filling up the DagBag from /home/airflow/.local/lib/python3.12/site-packages/airflow/example_dags/example_display_name.py
[2025-04-15T19:42:56.575+0000] {processor.py:925} INFO - DAG(s) 'example_display_name' retrieved from /home/airflow/.local/lib/python3.12/site-packages/airflow/example_dags/example_display_name.py
[2025-04-15T19:42:56.599+0000] {logging_mixin.py:190} INFO - [2025-04-15T19:42:56.598+0000] {dag.py:3239} INFO - Sync 1 DAGs
[2025-04-15T19:42:56.617+0000] {logging_mixin.py:190} INFO - [2025-04-15T19:42:56.617+0000] {dag.py:4180} INFO - Setting next_dagrun for example_display_name to None, run_after=None
[2025-04-15T19:42:56.644+0000] {processor.py:208} INFO - Processing /home/airflow/.local/lib/python3.12/site-packages/airflow/example_dags/example_display_name.py took 0.087 seconds
[2025-04-15T19:43:27.314+0000] {processor.py:186} INFO - Started process (PID=16814) to work on /home/airflow/.local/lib/python3.12/site-packages/airflow/example_dags/example_display_name.py
[2025-04-15T19:43:27.315+0000] {processor.py:914} INFO - Processing file /home/airflow/.local/lib/python3.12/site-packages/airflow/example_dags/example_display_name.py for tasks to queue
[2025-04-15T19:43:27.317+0000] {logging_mixin.py:190} INFO - [2025-04-15T19:43:27.316+0000] {dagbag.py:588} INFO - Filling up the DagBag from /home/airflow/.local/lib/python3.12/site-packages/airflow/example_dags/example_display_name.py
[2025-04-15T19:43:27.326+0000] {processor.py:925} INFO - DAG(s) 'example_display_name' retrieved from /home/airflow/.local/lib/python3.12/site-packages/airflow/example_dags/example_display_name.py
[2025-04-15T19:43:27.354+0000] {logging_mixin.py:190} INFO - [2025-04-15T19:43:27.353+0000] {dag.py:3239} INFO - Sync 1 DAGs
[2025-04-15T19:43:27.374+0000] {logging_mixin.py:190} INFO - [2025-04-15T19:43:27.374+0000] {dag.py:4180} INFO - Setting next_dagrun for example_display_name to None, run_after=None
[2025-04-15T19:43:27.402+0000] {processor.py:208} INFO - Processing /home/airflow/.local/lib/python3.12/site-packages/airflow/example_dags/example_display_name.py took 0.094 seconds
[2025-04-15T19:43:58.475+0000] {processor.py:186} INFO - Started process (PID=16881) to work on /home/airflow/.local/lib/python3.12/site-packages/airflow/example_dags/example_display_name.py
[2025-04-15T19:43:58.476+0000] {processor.py:914} INFO - Processing file /home/airflow/.local/lib/python3.12/site-packages/airflow/example_dags/example_display_name.py for tasks to queue
[2025-04-15T19:43:58.478+0000] {logging_mixin.py:190} INFO - [2025-04-15T19:43:58.477+0000] {dagbag.py:588} INFO - Filling up the DagBag from /home/airflow/.local/lib/python3.12/site-packages/airflow/example_dags/example_display_name.py
[2025-04-15T19:43:58.485+0000] {processor.py:925} INFO - DAG(s) 'example_display_name' retrieved from /home/airflow/.local/lib/python3.12/site-packages/airflow/example_dags/example_display_name.py
[2025-04-15T19:43:58.504+0000] {logging_mixin.py:190} INFO - [2025-04-15T19:43:58.504+0000] {dag.py:3239} INFO - Sync 1 DAGs
[2025-04-15T19:43:58.520+0000] {logging_mixin.py:190} INFO - [2025-04-15T19:43:58.520+0000] {dag.py:4180} INFO - Setting next_dagrun for example_display_name to None, run_after=None
[2025-04-15T19:43:58.542+0000] {processor.py:208} INFO - Processing /home/airflow/.local/lib/python3.12/site-packages/airflow/example_dags/example_display_name.py took 0.073 seconds
[2025-04-15T19:44:29.577+0000] {processor.py:186} INFO - Started process (PID=16948) to work on /home/airflow/.local/lib/python3.12/site-packages/airflow/example_dags/example_display_name.py
[2025-04-15T19:44:29.579+0000] {processor.py:914} INFO - Processing file /home/airflow/.local/lib/python3.12/site-packages/airflow/example_dags/example_display_name.py for tasks to queue
[2025-04-15T19:44:29.581+0000] {logging_mixin.py:190} INFO - [2025-04-15T19:44:29.581+0000] {dagbag.py:588} INFO - Filling up the DagBag from /home/airflow/.local/lib/python3.12/site-packages/airflow/example_dags/example_display_name.py
[2025-04-15T19:44:29.592+0000] {processor.py:925} INFO - DAG(s) 'example_display_name' retrieved from /home/airflow/.local/lib/python3.12/site-packages/airflow/example_dags/example_display_name.py
[2025-04-15T19:44:29.621+0000] {logging_mixin.py:190} INFO - [2025-04-15T19:44:29.620+0000] {dag.py:3239} INFO - Sync 1 DAGs
[2025-04-15T19:44:29.644+0000] {logging_mixin.py:190} INFO - [2025-04-15T19:44:29.644+0000] {dag.py:4180} INFO - Setting next_dagrun for example_display_name to None, run_after=None
[2025-04-15T19:44:29.677+0000] {processor.py:208} INFO - Processing /home/airflow/.local/lib/python3.12/site-packages/airflow/example_dags/example_display_name.py took 0.108 seconds
[2025-04-15T19:45:00.359+0000] {processor.py:186} INFO - Started process (PID=17013) to work on /home/airflow/.local/lib/python3.12/site-packages/airflow/example_dags/example_display_name.py
[2025-04-15T19:45:00.361+0000] {processor.py:914} INFO - Processing file /home/airflow/.local/lib/python3.12/site-packages/airflow/example_dags/example_display_name.py for tasks to queue
[2025-04-15T19:45:00.363+0000] {logging_mixin.py:190} INFO - [2025-04-15T19:45:00.363+0000] {dagbag.py:588} INFO - Filling up the DagBag from /home/airflow/.local/lib/python3.12/site-packages/airflow/example_dags/example_display_name.py
[2025-04-15T19:45:00.377+0000] {processor.py:925} INFO - DAG(s) 'example_display_name' retrieved from /home/airflow/.local/lib/python3.12/site-packages/airflow/example_dags/example_display_name.py
[2025-04-15T19:45:00.411+0000] {logging_mixin.py:190} INFO - [2025-04-15T19:45:00.410+0000] {dag.py:3239} INFO - Sync 1 DAGs
[2025-04-15T19:45:00.442+0000] {logging_mixin.py:190} INFO - [2025-04-15T19:45:00.442+0000] {dag.py:4180} INFO - Setting next_dagrun for example_display_name to None, run_after=None
[2025-04-15T19:45:00.476+0000] {processor.py:208} INFO - Processing /home/airflow/.local/lib/python3.12/site-packages/airflow/example_dags/example_display_name.py took 0.125 seconds
[2025-04-15T19:45:31.059+0000] {processor.py:186} INFO - Started process (PID=17080) to work on /home/airflow/.local/lib/python3.12/site-packages/airflow/example_dags/example_display_name.py
[2025-04-15T19:45:31.061+0000] {processor.py:914} INFO - Processing file /home/airflow/.local/lib/python3.12/site-packages/airflow/example_dags/example_display_name.py for tasks to queue
[2025-04-15T19:45:31.063+0000] {logging_mixin.py:190} INFO - [2025-04-15T19:45:31.062+0000] {dagbag.py:588} INFO - Filling up the DagBag from /home/airflow/.local/lib/python3.12/site-packages/airflow/example_dags/example_display_name.py
[2025-04-15T19:45:31.075+0000] {processor.py:925} INFO - DAG(s) 'example_display_name' retrieved from /home/airflow/.local/lib/python3.12/site-packages/airflow/example_dags/example_display_name.py
[2025-04-15T19:45:31.103+0000] {logging_mixin.py:190} INFO - [2025-04-15T19:45:31.103+0000] {dag.py:3239} INFO - Sync 1 DAGs
[2025-04-15T19:45:31.125+0000] {logging_mixin.py:190} INFO - [2025-04-15T19:45:31.125+0000] {dag.py:4180} INFO - Setting next_dagrun for example_display_name to None, run_after=None
[2025-04-15T19:45:31.154+0000] {processor.py:208} INFO - Processing /home/airflow/.local/lib/python3.12/site-packages/airflow/example_dags/example_display_name.py took 0.104 seconds
[2025-04-15T19:46:01.575+0000] {processor.py:186} INFO - Started process (PID=17147) to work on /home/airflow/.local/lib/python3.12/site-packages/airflow/example_dags/example_display_name.py
[2025-04-15T19:46:01.576+0000] {processor.py:914} INFO - Processing file /home/airflow/.local/lib/python3.12/site-packages/airflow/example_dags/example_display_name.py for tasks to queue
[2025-04-15T19:46:01.578+0000] {logging_mixin.py:190} INFO - [2025-04-15T19:46:01.577+0000] {dagbag.py:588} INFO - Filling up the DagBag from /home/airflow/.local/lib/python3.12/site-packages/airflow/example_dags/example_display_name.py
[2025-04-15T19:46:01.589+0000] {processor.py:925} INFO - DAG(s) 'example_display_name' retrieved from /home/airflow/.local/lib/python3.12/site-packages/airflow/example_dags/example_display_name.py
[2025-04-15T19:46:01.623+0000] {logging_mixin.py:190} INFO - [2025-04-15T19:46:01.622+0000] {dag.py:3239} INFO - Sync 1 DAGs
[2025-04-15T19:46:01.648+0000] {logging_mixin.py:190} INFO - [2025-04-15T19:46:01.648+0000] {dag.py:4180} INFO - Setting next_dagrun for example_display_name to None, run_after=None
[2025-04-15T19:46:01.684+0000] {processor.py:208} INFO - Processing /home/airflow/.local/lib/python3.12/site-packages/airflow/example_dags/example_display_name.py took 0.118 seconds
[2025-04-15T19:46:32.620+0000] {processor.py:186} INFO - Started process (PID=17213) to work on /home/airflow/.local/lib/python3.12/site-packages/airflow/example_dags/example_display_name.py
[2025-04-15T19:46:32.621+0000] {processor.py:914} INFO - Processing file /home/airflow/.local/lib/python3.12/site-packages/airflow/example_dags/example_display_name.py for tasks to queue
[2025-04-15T19:46:32.623+0000] {logging_mixin.py:190} INFO - [2025-04-15T19:46:32.622+0000] {dagbag.py:588} INFO - Filling up the DagBag from /home/airflow/.local/lib/python3.12/site-packages/airflow/example_dags/example_display_name.py
[2025-04-15T19:46:32.634+0000] {processor.py:925} INFO - DAG(s) 'example_display_name' retrieved from /home/airflow/.local/lib/python3.12/site-packages/airflow/example_dags/example_display_name.py
[2025-04-15T19:46:32.657+0000] {logging_mixin.py:190} INFO - [2025-04-15T19:46:32.657+0000] {dag.py:3239} INFO - Sync 1 DAGs
[2025-04-15T19:46:32.677+0000] {logging_mixin.py:190} INFO - [2025-04-15T19:46:32.677+0000] {dag.py:4180} INFO - Setting next_dagrun for example_display_name to None, run_after=None
[2025-04-15T19:46:32.702+0000] {processor.py:208} INFO - Processing /home/airflow/.local/lib/python3.12/site-packages/airflow/example_dags/example_display_name.py took 0.090 seconds
[2025-04-15T19:47:02.926+0000] {processor.py:186} INFO - Started process (PID=17280) to work on /home/airflow/.local/lib/python3.12/site-packages/airflow/example_dags/example_display_name.py
[2025-04-15T19:47:02.928+0000] {processor.py:914} INFO - Processing file /home/airflow/.local/lib/python3.12/site-packages/airflow/example_dags/example_display_name.py for tasks to queue
[2025-04-15T19:47:02.930+0000] {logging_mixin.py:190} INFO - [2025-04-15T19:47:02.930+0000] {dagbag.py:588} INFO - Filling up the DagBag from /home/airflow/.local/lib/python3.12/site-packages/airflow/example_dags/example_display_name.py
[2025-04-15T19:47:02.940+0000] {processor.py:925} INFO - DAG(s) 'example_display_name' retrieved from /home/airflow/.local/lib/python3.12/site-packages/airflow/example_dags/example_display_name.py
[2025-04-15T19:47:02.970+0000] {logging_mixin.py:190} INFO - [2025-04-15T19:47:02.969+0000] {dag.py:3239} INFO - Sync 1 DAGs
[2025-04-15T19:47:02.992+0000] {logging_mixin.py:190} INFO - [2025-04-15T19:47:02.992+0000] {dag.py:4180} INFO - Setting next_dagrun for example_display_name to None, run_after=None
[2025-04-15T19:47:03.023+0000] {processor.py:208} INFO - Processing /home/airflow/.local/lib/python3.12/site-packages/airflow/example_dags/example_display_name.py took 0.104 seconds
[2025-04-15T19:47:33.617+0000] {processor.py:186} INFO - Started process (PID=17347) to work on /home/airflow/.local/lib/python3.12/site-packages/airflow/example_dags/example_display_name.py
[2025-04-15T19:47:33.618+0000] {processor.py:914} INFO - Processing file /home/airflow/.local/lib/python3.12/site-packages/airflow/example_dags/example_display_name.py for tasks to queue
[2025-04-15T19:47:33.620+0000] {logging_mixin.py:190} INFO - [2025-04-15T19:47:33.620+0000] {dagbag.py:588} INFO - Filling up the DagBag from /home/airflow/.local/lib/python3.12/site-packages/airflow/example_dags/example_display_name.py
[2025-04-15T19:47:33.632+0000] {processor.py:925} INFO - DAG(s) 'example_display_name' retrieved from /home/airflow/.local/lib/python3.12/site-packages/airflow/example_dags/example_display_name.py
[2025-04-15T19:47:33.661+0000] {logging_mixin.py:190} INFO - [2025-04-15T19:47:33.661+0000] {dag.py:3239} INFO - Sync 1 DAGs
[2025-04-15T19:47:33.684+0000] {logging_mixin.py:190} INFO - [2025-04-15T19:47:33.684+0000] {dag.py:4180} INFO - Setting next_dagrun for example_display_name to None, run_after=None
[2025-04-15T19:47:33.713+0000] {processor.py:208} INFO - Processing /home/airflow/.local/lib/python3.12/site-packages/airflow/example_dags/example_display_name.py took 0.105 seconds
[2025-04-15T19:48:04.170+0000] {processor.py:186} INFO - Started process (PID=17414) to work on /home/airflow/.local/lib/python3.12/site-packages/airflow/example_dags/example_display_name.py
[2025-04-15T19:48:04.172+0000] {processor.py:914} INFO - Processing file /home/airflow/.local/lib/python3.12/site-packages/airflow/example_dags/example_display_name.py for tasks to queue
[2025-04-15T19:48:04.174+0000] {logging_mixin.py:190} INFO - [2025-04-15T19:48:04.174+0000] {dagbag.py:588} INFO - Filling up the DagBag from /home/airflow/.local/lib/python3.12/site-packages/airflow/example_dags/example_display_name.py
[2025-04-15T19:48:04.186+0000] {processor.py:925} INFO - DAG(s) 'example_display_name' retrieved from /home/airflow/.local/lib/python3.12/site-packages/airflow/example_dags/example_display_name.py
[2025-04-15T19:48:04.221+0000] {logging_mixin.py:190} INFO - [2025-04-15T19:48:04.220+0000] {dag.py:3239} INFO - Sync 1 DAGs
[2025-04-15T19:48:04.254+0000] {logging_mixin.py:190} INFO - [2025-04-15T19:48:04.253+0000] {dag.py:4180} INFO - Setting next_dagrun for example_display_name to None, run_after=None
[2025-04-15T19:48:04.286+0000] {processor.py:208} INFO - Processing /home/airflow/.local/lib/python3.12/site-packages/airflow/example_dags/example_display_name.py took 0.124 seconds
[2025-04-15T19:48:34.896+0000] {processor.py:186} INFO - Started process (PID=17481) to work on /home/airflow/.local/lib/python3.12/site-packages/airflow/example_dags/example_display_name.py
[2025-04-15T19:48:34.897+0000] {processor.py:914} INFO - Processing file /home/airflow/.local/lib/python3.12/site-packages/airflow/example_dags/example_display_name.py for tasks to queue
[2025-04-15T19:48:34.899+0000] {logging_mixin.py:190} INFO - [2025-04-15T19:48:34.899+0000] {dagbag.py:588} INFO - Filling up the DagBag from /home/airflow/.local/lib/python3.12/site-packages/airflow/example_dags/example_display_name.py
[2025-04-15T19:48:34.911+0000] {processor.py:925} INFO - DAG(s) 'example_display_name' retrieved from /home/airflow/.local/lib/python3.12/site-packages/airflow/example_dags/example_display_name.py
[2025-04-15T19:48:34.940+0000] {logging_mixin.py:190} INFO - [2025-04-15T19:48:34.939+0000] {dag.py:3239} INFO - Sync 1 DAGs
[2025-04-15T19:48:34.962+0000] {logging_mixin.py:190} INFO - [2025-04-15T19:48:34.961+0000] {dag.py:4180} INFO - Setting next_dagrun for example_display_name to None, run_after=None
[2025-04-15T19:48:34.996+0000] {processor.py:208} INFO - Processing /home/airflow/.local/lib/python3.12/site-packages/airflow/example_dags/example_display_name.py took 0.108 seconds
[2025-04-15T19:49:05.251+0000] {processor.py:186} INFO - Started process (PID=17547) to work on /home/airflow/.local/lib/python3.12/site-packages/airflow/example_dags/example_display_name.py
[2025-04-15T19:49:05.252+0000] {processor.py:914} INFO - Processing file /home/airflow/.local/lib/python3.12/site-packages/airflow/example_dags/example_display_name.py for tasks to queue
[2025-04-15T19:49:05.254+0000] {logging_mixin.py:190} INFO - [2025-04-15T19:49:05.253+0000] {dagbag.py:588} INFO - Filling up the DagBag from /home/airflow/.local/lib/python3.12/site-packages/airflow/example_dags/example_display_name.py
[2025-04-15T19:49:05.266+0000] {processor.py:925} INFO - DAG(s) 'example_display_name' retrieved from /home/airflow/.local/lib/python3.12/site-packages/airflow/example_dags/example_display_name.py
[2025-04-15T19:49:05.294+0000] {logging_mixin.py:190} INFO - [2025-04-15T19:49:05.294+0000] {dag.py:3239} INFO - Sync 1 DAGs
[2025-04-15T19:49:05.320+0000] {logging_mixin.py:190} INFO - [2025-04-15T19:49:05.319+0000] {dag.py:4180} INFO - Setting next_dagrun for example_display_name to None, run_after=None
[2025-04-15T19:49:05.349+0000] {processor.py:208} INFO - Processing /home/airflow/.local/lib/python3.12/site-packages/airflow/example_dags/example_display_name.py took 0.107 seconds
[2025-04-15T19:49:36.256+0000] {processor.py:186} INFO - Started process (PID=17615) to work on /home/airflow/.local/lib/python3.12/site-packages/airflow/example_dags/example_display_name.py
[2025-04-15T19:49:36.259+0000] {processor.py:914} INFO - Processing file /home/airflow/.local/lib/python3.12/site-packages/airflow/example_dags/example_display_name.py for tasks to queue
[2025-04-15T19:49:36.263+0000] {logging_mixin.py:190} INFO - [2025-04-15T19:49:36.262+0000] {dagbag.py:588} INFO - Filling up the DagBag from /home/airflow/.local/lib/python3.12/site-packages/airflow/example_dags/example_display_name.py
[2025-04-15T19:49:36.275+0000] {processor.py:925} INFO - DAG(s) 'example_display_name' retrieved from /home/airflow/.local/lib/python3.12/site-packages/airflow/example_dags/example_display_name.py
[2025-04-15T19:49:36.311+0000] {logging_mixin.py:190} INFO - [2025-04-15T19:49:36.310+0000] {dag.py:3239} INFO - Sync 1 DAGs
[2025-04-15T19:49:36.339+0000] {logging_mixin.py:190} INFO - [2025-04-15T19:49:36.339+0000] {dag.py:4180} INFO - Setting next_dagrun for example_display_name to None, run_after=None
[2025-04-15T19:49:36.376+0000] {processor.py:208} INFO - Processing /home/airflow/.local/lib/python3.12/site-packages/airflow/example_dags/example_display_name.py took 0.132 seconds
[2025-04-15T19:50:07.008+0000] {processor.py:186} INFO - Started process (PID=17682) to work on /home/airflow/.local/lib/python3.12/site-packages/airflow/example_dags/example_display_name.py
[2025-04-15T19:50:07.010+0000] {processor.py:914} INFO - Processing file /home/airflow/.local/lib/python3.12/site-packages/airflow/example_dags/example_display_name.py for tasks to queue
[2025-04-15T19:50:07.012+0000] {logging_mixin.py:190} INFO - [2025-04-15T19:50:07.012+0000] {dagbag.py:588} INFO - Filling up the DagBag from /home/airflow/.local/lib/python3.12/site-packages/airflow/example_dags/example_display_name.py
[2025-04-15T19:50:07.023+0000] {processor.py:925} INFO - DAG(s) 'example_display_name' retrieved from /home/airflow/.local/lib/python3.12/site-packages/airflow/example_dags/example_display_name.py
[2025-04-15T19:50:07.056+0000] {logging_mixin.py:190} INFO - [2025-04-15T19:50:07.056+0000] {dag.py:3239} INFO - Sync 1 DAGs
[2025-04-15T19:50:07.078+0000] {logging_mixin.py:190} INFO - [2025-04-15T19:50:07.077+0000] {dag.py:4180} INFO - Setting next_dagrun for example_display_name to None, run_after=None
[2025-04-15T19:50:07.106+0000] {processor.py:208} INFO - Processing /home/airflow/.local/lib/python3.12/site-packages/airflow/example_dags/example_display_name.py took 0.107 seconds
[2025-04-15T19:50:37.431+0000] {processor.py:186} INFO - Started process (PID=17748) to work on /home/airflow/.local/lib/python3.12/site-packages/airflow/example_dags/example_display_name.py
[2025-04-15T19:50:37.434+0000] {processor.py:914} INFO - Processing file /home/airflow/.local/lib/python3.12/site-packages/airflow/example_dags/example_display_name.py for tasks to queue
[2025-04-15T19:50:37.436+0000] {logging_mixin.py:190} INFO - [2025-04-15T19:50:37.436+0000] {dagbag.py:588} INFO - Filling up the DagBag from /home/airflow/.local/lib/python3.12/site-packages/airflow/example_dags/example_display_name.py
[2025-04-15T19:50:37.451+0000] {processor.py:925} INFO - DAG(s) 'example_display_name' retrieved from /home/airflow/.local/lib/python3.12/site-packages/airflow/example_dags/example_display_name.py
[2025-04-15T19:50:37.495+0000] {logging_mixin.py:190} INFO - [2025-04-15T19:50:37.494+0000] {dag.py:3239} INFO - Sync 1 DAGs
[2025-04-15T19:50:37.537+0000] {logging_mixin.py:190} INFO - [2025-04-15T19:50:37.537+0000] {dag.py:4180} INFO - Setting next_dagrun for example_display_name to None, run_after=None
[2025-04-15T19:50:37.595+0000] {processor.py:208} INFO - Processing /home/airflow/.local/lib/python3.12/site-packages/airflow/example_dags/example_display_name.py took 0.173 seconds
[2025-04-15T19:51:07.853+0000] {processor.py:186} INFO - Started process (PID=17815) to work on /home/airflow/.local/lib/python3.12/site-packages/airflow/example_dags/example_display_name.py
[2025-04-15T19:51:07.855+0000] {processor.py:914} INFO - Processing file /home/airflow/.local/lib/python3.12/site-packages/airflow/example_dags/example_display_name.py for tasks to queue
[2025-04-15T19:51:07.856+0000] {logging_mixin.py:190} INFO - [2025-04-15T19:51:07.856+0000] {dagbag.py:588} INFO - Filling up the DagBag from /home/airflow/.local/lib/python3.12/site-packages/airflow/example_dags/example_display_name.py
[2025-04-15T19:51:07.869+0000] {processor.py:925} INFO - DAG(s) 'example_display_name' retrieved from /home/airflow/.local/lib/python3.12/site-packages/airflow/example_dags/example_display_name.py
[2025-04-15T19:51:07.895+0000] {logging_mixin.py:190} INFO - [2025-04-15T19:51:07.895+0000] {dag.py:3239} INFO - Sync 1 DAGs
[2025-04-15T19:51:07.915+0000] {logging_mixin.py:190} INFO - [2025-04-15T19:51:07.914+0000] {dag.py:4180} INFO - Setting next_dagrun for example_display_name to None, run_after=None
[2025-04-15T19:51:07.940+0000] {processor.py:208} INFO - Processing /home/airflow/.local/lib/python3.12/site-packages/airflow/example_dags/example_display_name.py took 0.094 seconds
[2025-04-15T19:51:38.698+0000] {processor.py:186} INFO - Started process (PID=17882) to work on /home/airflow/.local/lib/python3.12/site-packages/airflow/example_dags/example_display_name.py
[2025-04-15T19:51:38.699+0000] {processor.py:914} INFO - Processing file /home/airflow/.local/lib/python3.12/site-packages/airflow/example_dags/example_display_name.py for tasks to queue
[2025-04-15T19:51:38.701+0000] {logging_mixin.py:190} INFO - [2025-04-15T19:51:38.700+0000] {dagbag.py:588} INFO - Filling up the DagBag from /home/airflow/.local/lib/python3.12/site-packages/airflow/example_dags/example_display_name.py
[2025-04-15T19:51:38.710+0000] {processor.py:925} INFO - DAG(s) 'example_display_name' retrieved from /home/airflow/.local/lib/python3.12/site-packages/airflow/example_dags/example_display_name.py
[2025-04-15T19:51:38.734+0000] {logging_mixin.py:190} INFO - [2025-04-15T19:51:38.734+0000] {dag.py:3239} INFO - Sync 1 DAGs
[2025-04-15T19:51:38.752+0000] {logging_mixin.py:190} INFO - [2025-04-15T19:51:38.752+0000] {dag.py:4180} INFO - Setting next_dagrun for example_display_name to None, run_after=None
[2025-04-15T19:51:38.775+0000] {processor.py:208} INFO - Processing /home/airflow/.local/lib/python3.12/site-packages/airflow/example_dags/example_display_name.py took 0.084 seconds
[2025-04-15T19:52:09.150+0000] {processor.py:186} INFO - Started process (PID=17949) to work on /home/airflow/.local/lib/python3.12/site-packages/airflow/example_dags/example_display_name.py
[2025-04-15T19:52:09.152+0000] {processor.py:914} INFO - Processing file /home/airflow/.local/lib/python3.12/site-packages/airflow/example_dags/example_display_name.py for tasks to queue
[2025-04-15T19:52:09.154+0000] {logging_mixin.py:190} INFO - [2025-04-15T19:52:09.154+0000] {dagbag.py:588} INFO - Filling up the DagBag from /home/airflow/.local/lib/python3.12/site-packages/airflow/example_dags/example_display_name.py
[2025-04-15T19:52:09.166+0000] {processor.py:925} INFO - DAG(s) 'example_display_name' retrieved from /home/airflow/.local/lib/python3.12/site-packages/airflow/example_dags/example_display_name.py
[2025-04-15T19:52:09.196+0000] {logging_mixin.py:190} INFO - [2025-04-15T19:52:09.196+0000] {dag.py:3239} INFO - Sync 1 DAGs
[2025-04-15T19:52:09.221+0000] {logging_mixin.py:190} INFO - [2025-04-15T19:52:09.221+0000] {dag.py:4180} INFO - Setting next_dagrun for example_display_name to None, run_after=None
[2025-04-15T19:52:09.256+0000] {processor.py:208} INFO - Processing /home/airflow/.local/lib/python3.12/site-packages/airflow/example_dags/example_display_name.py took 0.115 seconds
[2025-04-15T19:52:39.675+0000] {processor.py:186} INFO - Started process (PID=18016) to work on /home/airflow/.local/lib/python3.12/site-packages/airflow/example_dags/example_display_name.py
[2025-04-15T19:52:39.677+0000] {processor.py:914} INFO - Processing file /home/airflow/.local/lib/python3.12/site-packages/airflow/example_dags/example_display_name.py for tasks to queue
[2025-04-15T19:52:39.679+0000] {logging_mixin.py:190} INFO - [2025-04-15T19:52:39.678+0000] {dagbag.py:588} INFO - Filling up the DagBag from /home/airflow/.local/lib/python3.12/site-packages/airflow/example_dags/example_display_name.py
[2025-04-15T19:52:39.689+0000] {processor.py:925} INFO - DAG(s) 'example_display_name' retrieved from /home/airflow/.local/lib/python3.12/site-packages/airflow/example_dags/example_display_name.py
[2025-04-15T19:52:39.721+0000] {logging_mixin.py:190} INFO - [2025-04-15T19:52:39.721+0000] {dag.py:3239} INFO - Sync 1 DAGs
[2025-04-15T19:52:39.747+0000] {logging_mixin.py:190} INFO - [2025-04-15T19:52:39.747+0000] {dag.py:4180} INFO - Setting next_dagrun for example_display_name to None, run_after=None
[2025-04-15T19:52:39.777+0000] {processor.py:208} INFO - Processing /home/airflow/.local/lib/python3.12/site-packages/airflow/example_dags/example_display_name.py took 0.110 seconds
[2025-04-15T19:53:10.069+0000] {processor.py:186} INFO - Started process (PID=18083) to work on /home/airflow/.local/lib/python3.12/site-packages/airflow/example_dags/example_display_name.py
[2025-04-15T19:53:10.074+0000] {processor.py:914} INFO - Processing file /home/airflow/.local/lib/python3.12/site-packages/airflow/example_dags/example_display_name.py for tasks to queue
[2025-04-15T19:53:10.077+0000] {logging_mixin.py:190} INFO - [2025-04-15T19:53:10.076+0000] {dagbag.py:588} INFO - Filling up the DagBag from /home/airflow/.local/lib/python3.12/site-packages/airflow/example_dags/example_display_name.py
[2025-04-15T19:53:10.089+0000] {processor.py:925} INFO - DAG(s) 'example_display_name' retrieved from /home/airflow/.local/lib/python3.12/site-packages/airflow/example_dags/example_display_name.py
[2025-04-15T19:53:10.119+0000] {logging_mixin.py:190} INFO - [2025-04-15T19:53:10.119+0000] {dag.py:3239} INFO - Sync 1 DAGs
[2025-04-15T19:53:10.147+0000] {logging_mixin.py:190} INFO - [2025-04-15T19:53:10.147+0000] {dag.py:4180} INFO - Setting next_dagrun for example_display_name to None, run_after=None
[2025-04-15T19:53:10.182+0000] {processor.py:208} INFO - Processing /home/airflow/.local/lib/python3.12/site-packages/airflow/example_dags/example_display_name.py took 0.121 seconds
[2025-04-15T19:53:40.474+0000] {processor.py:186} INFO - Started process (PID=18150) to work on /home/airflow/.local/lib/python3.12/site-packages/airflow/example_dags/example_display_name.py
[2025-04-15T19:53:40.476+0000] {processor.py:914} INFO - Processing file /home/airflow/.local/lib/python3.12/site-packages/airflow/example_dags/example_display_name.py for tasks to queue
[2025-04-15T19:53:40.478+0000] {logging_mixin.py:190} INFO - [2025-04-15T19:53:40.477+0000] {dagbag.py:588} INFO - Filling up the DagBag from /home/airflow/.local/lib/python3.12/site-packages/airflow/example_dags/example_display_name.py
[2025-04-15T19:53:40.492+0000] {processor.py:925} INFO - DAG(s) 'example_display_name' retrieved from /home/airflow/.local/lib/python3.12/site-packages/airflow/example_dags/example_display_name.py
[2025-04-15T19:53:40.525+0000] {logging_mixin.py:190} INFO - [2025-04-15T19:53:40.525+0000] {dag.py:3239} INFO - Sync 1 DAGs
[2025-04-15T19:53:40.553+0000] {logging_mixin.py:190} INFO - [2025-04-15T19:53:40.552+0000] {dag.py:4180} INFO - Setting next_dagrun for example_display_name to None, run_after=None
[2025-04-15T19:53:40.586+0000] {processor.py:208} INFO - Processing /home/airflow/.local/lib/python3.12/site-packages/airflow/example_dags/example_display_name.py took 0.122 seconds
[2025-04-15T19:54:10.928+0000] {processor.py:186} INFO - Started process (PID=18217) to work on /home/airflow/.local/lib/python3.12/site-packages/airflow/example_dags/example_display_name.py
[2025-04-15T19:54:10.930+0000] {processor.py:914} INFO - Processing file /home/airflow/.local/lib/python3.12/site-packages/airflow/example_dags/example_display_name.py for tasks to queue
[2025-04-15T19:54:10.931+0000] {logging_mixin.py:190} INFO - [2025-04-15T19:54:10.931+0000] {dagbag.py:588} INFO - Filling up the DagBag from /home/airflow/.local/lib/python3.12/site-packages/airflow/example_dags/example_display_name.py
[2025-04-15T19:54:10.944+0000] {processor.py:925} INFO - DAG(s) 'example_display_name' retrieved from /home/airflow/.local/lib/python3.12/site-packages/airflow/example_dags/example_display_name.py
[2025-04-15T19:54:10.976+0000] {logging_mixin.py:190} INFO - [2025-04-15T19:54:10.975+0000] {dag.py:3239} INFO - Sync 1 DAGs
[2025-04-15T19:54:11.002+0000] {logging_mixin.py:190} INFO - [2025-04-15T19:54:11.002+0000] {dag.py:4180} INFO - Setting next_dagrun for example_display_name to None, run_after=None
[2025-04-15T19:54:11.031+0000] {processor.py:208} INFO - Processing /home/airflow/.local/lib/python3.12/site-packages/airflow/example_dags/example_display_name.py took 0.112 seconds
[2025-04-15T19:54:41.516+0000] {processor.py:186} INFO - Started process (PID=18284) to work on /home/airflow/.local/lib/python3.12/site-packages/airflow/example_dags/example_display_name.py
[2025-04-15T19:54:41.517+0000] {processor.py:914} INFO - Processing file /home/airflow/.local/lib/python3.12/site-packages/airflow/example_dags/example_display_name.py for tasks to queue
[2025-04-15T19:54:41.520+0000] {logging_mixin.py:190} INFO - [2025-04-15T19:54:41.519+0000] {dagbag.py:588} INFO - Filling up the DagBag from /home/airflow/.local/lib/python3.12/site-packages/airflow/example_dags/example_display_name.py
[2025-04-15T19:54:41.531+0000] {processor.py:925} INFO - DAG(s) 'example_display_name' retrieved from /home/airflow/.local/lib/python3.12/site-packages/airflow/example_dags/example_display_name.py
[2025-04-15T19:54:41.560+0000] {logging_mixin.py:190} INFO - [2025-04-15T19:54:41.559+0000] {dag.py:3239} INFO - Sync 1 DAGs
[2025-04-15T19:54:41.584+0000] {logging_mixin.py:190} INFO - [2025-04-15T19:54:41.583+0000] {dag.py:4180} INFO - Setting next_dagrun for example_display_name to None, run_after=None
[2025-04-15T19:54:41.617+0000] {processor.py:208} INFO - Processing /home/airflow/.local/lib/python3.12/site-packages/airflow/example_dags/example_display_name.py took 0.111 seconds
[2025-04-15T19:55:12.564+0000] {processor.py:186} INFO - Started process (PID=18351) to work on /home/airflow/.local/lib/python3.12/site-packages/airflow/example_dags/example_display_name.py
[2025-04-15T19:55:12.565+0000] {processor.py:914} INFO - Processing file /home/airflow/.local/lib/python3.12/site-packages/airflow/example_dags/example_display_name.py for tasks to queue
[2025-04-15T19:55:12.567+0000] {logging_mixin.py:190} INFO - [2025-04-15T19:55:12.567+0000] {dagbag.py:588} INFO - Filling up the DagBag from /home/airflow/.local/lib/python3.12/site-packages/airflow/example_dags/example_display_name.py
[2025-04-15T19:55:12.578+0000] {processor.py:925} INFO - DAG(s) 'example_display_name' retrieved from /home/airflow/.local/lib/python3.12/site-packages/airflow/example_dags/example_display_name.py
[2025-04-15T19:55:12.608+0000] {logging_mixin.py:190} INFO - [2025-04-15T19:55:12.607+0000] {dag.py:3239} INFO - Sync 1 DAGs
[2025-04-15T19:55:12.635+0000] {logging_mixin.py:190} INFO - [2025-04-15T19:55:12.635+0000] {dag.py:4180} INFO - Setting next_dagrun for example_display_name to None, run_after=None
[2025-04-15T19:55:12.669+0000] {processor.py:208} INFO - Processing /home/airflow/.local/lib/python3.12/site-packages/airflow/example_dags/example_display_name.py took 0.114 seconds
[2025-04-15T19:55:42.894+0000] {processor.py:186} INFO - Started process (PID=18418) to work on /home/airflow/.local/lib/python3.12/site-packages/airflow/example_dags/example_display_name.py
[2025-04-15T19:55:42.895+0000] {processor.py:914} INFO - Processing file /home/airflow/.local/lib/python3.12/site-packages/airflow/example_dags/example_display_name.py for tasks to queue
[2025-04-15T19:55:42.897+0000] {logging_mixin.py:190} INFO - [2025-04-15T19:55:42.897+0000] {dagbag.py:588} INFO - Filling up the DagBag from /home/airflow/.local/lib/python3.12/site-packages/airflow/example_dags/example_display_name.py
[2025-04-15T19:55:42.905+0000] {processor.py:925} INFO - DAG(s) 'example_display_name' retrieved from /home/airflow/.local/lib/python3.12/site-packages/airflow/example_dags/example_display_name.py
[2025-04-15T19:55:42.925+0000] {logging_mixin.py:190} INFO - [2025-04-15T19:55:42.925+0000] {dag.py:3239} INFO - Sync 1 DAGs
[2025-04-15T19:55:42.941+0000] {logging_mixin.py:190} INFO - [2025-04-15T19:55:42.940+0000] {dag.py:4180} INFO - Setting next_dagrun for example_display_name to None, run_after=None
[2025-04-15T19:55:42.963+0000] {processor.py:208} INFO - Processing /home/airflow/.local/lib/python3.12/site-packages/airflow/example_dags/example_display_name.py took 0.075 seconds
[2025-04-15T19:56:13.329+0000] {processor.py:186} INFO - Started process (PID=18485) to work on /home/airflow/.local/lib/python3.12/site-packages/airflow/example_dags/example_display_name.py
[2025-04-15T19:56:13.331+0000] {processor.py:914} INFO - Processing file /home/airflow/.local/lib/python3.12/site-packages/airflow/example_dags/example_display_name.py for tasks to queue
[2025-04-15T19:56:13.333+0000] {logging_mixin.py:190} INFO - [2025-04-15T19:56:13.332+0000] {dagbag.py:588} INFO - Filling up the DagBag from /home/airflow/.local/lib/python3.12/site-packages/airflow/example_dags/example_display_name.py
[2025-04-15T19:56:13.346+0000] {processor.py:925} INFO - DAG(s) 'example_display_name' retrieved from /home/airflow/.local/lib/python3.12/site-packages/airflow/example_dags/example_display_name.py
[2025-04-15T19:56:13.379+0000] {logging_mixin.py:190} INFO - [2025-04-15T19:56:13.378+0000] {dag.py:3239} INFO - Sync 1 DAGs
[2025-04-15T19:56:13.403+0000] {logging_mixin.py:190} INFO - [2025-04-15T19:56:13.402+0000] {dag.py:4180} INFO - Setting next_dagrun for example_display_name to None, run_after=None
[2025-04-15T19:56:13.432+0000] {processor.py:208} INFO - Processing /home/airflow/.local/lib/python3.12/site-packages/airflow/example_dags/example_display_name.py took 0.111 seconds
[2025-04-15T19:56:43.780+0000] {processor.py:186} INFO - Started process (PID=18552) to work on /home/airflow/.local/lib/python3.12/site-packages/airflow/example_dags/example_display_name.py
[2025-04-15T19:56:43.781+0000] {processor.py:914} INFO - Processing file /home/airflow/.local/lib/python3.12/site-packages/airflow/example_dags/example_display_name.py for tasks to queue
[2025-04-15T19:56:43.783+0000] {logging_mixin.py:190} INFO - [2025-04-15T19:56:43.783+0000] {dagbag.py:588} INFO - Filling up the DagBag from /home/airflow/.local/lib/python3.12/site-packages/airflow/example_dags/example_display_name.py
[2025-04-15T19:56:43.796+0000] {processor.py:925} INFO - DAG(s) 'example_display_name' retrieved from /home/airflow/.local/lib/python3.12/site-packages/airflow/example_dags/example_display_name.py
[2025-04-15T19:56:43.827+0000] {logging_mixin.py:190} INFO - [2025-04-15T19:56:43.826+0000] {dag.py:3239} INFO - Sync 1 DAGs
[2025-04-15T19:56:43.851+0000] {logging_mixin.py:190} INFO - [2025-04-15T19:56:43.851+0000] {dag.py:4180} INFO - Setting next_dagrun for example_display_name to None, run_after=None
[2025-04-15T19:56:43.883+0000] {processor.py:208} INFO - Processing /home/airflow/.local/lib/python3.12/site-packages/airflow/example_dags/example_display_name.py took 0.114 seconds
[2025-04-15T19:57:14.187+0000] {processor.py:186} INFO - Started process (PID=18619) to work on /home/airflow/.local/lib/python3.12/site-packages/airflow/example_dags/example_display_name.py
[2025-04-15T19:57:14.188+0000] {processor.py:914} INFO - Processing file /home/airflow/.local/lib/python3.12/site-packages/airflow/example_dags/example_display_name.py for tasks to queue
[2025-04-15T19:57:14.190+0000] {logging_mixin.py:190} INFO - [2025-04-15T19:57:14.189+0000] {dagbag.py:588} INFO - Filling up the DagBag from /home/airflow/.local/lib/python3.12/site-packages/airflow/example_dags/example_display_name.py
[2025-04-15T19:57:14.198+0000] {processor.py:925} INFO - DAG(s) 'example_display_name' retrieved from /home/airflow/.local/lib/python3.12/site-packages/airflow/example_dags/example_display_name.py
[2025-04-15T19:57:14.222+0000] {logging_mixin.py:190} INFO - [2025-04-15T19:57:14.222+0000] {dag.py:3239} INFO - Sync 1 DAGs
[2025-04-15T19:57:14.240+0000] {logging_mixin.py:190} INFO - [2025-04-15T19:57:14.240+0000] {dag.py:4180} INFO - Setting next_dagrun for example_display_name to None, run_after=None
[2025-04-15T19:57:14.264+0000] {processor.py:208} INFO - Processing /home/airflow/.local/lib/python3.12/site-packages/airflow/example_dags/example_display_name.py took 0.084 seconds
[2025-04-15T19:57:44.874+0000] {processor.py:186} INFO - Started process (PID=18686) to work on /home/airflow/.local/lib/python3.12/site-packages/airflow/example_dags/example_display_name.py
[2025-04-15T19:57:44.876+0000] {processor.py:914} INFO - Processing file /home/airflow/.local/lib/python3.12/site-packages/airflow/example_dags/example_display_name.py for tasks to queue
[2025-04-15T19:57:44.878+0000] {logging_mixin.py:190} INFO - [2025-04-15T19:57:44.877+0000] {dagbag.py:588} INFO - Filling up the DagBag from /home/airflow/.local/lib/python3.12/site-packages/airflow/example_dags/example_display_name.py
[2025-04-15T19:57:44.893+0000] {processor.py:925} INFO - DAG(s) 'example_display_name' retrieved from /home/airflow/.local/lib/python3.12/site-packages/airflow/example_dags/example_display_name.py
[2025-04-15T19:57:44.925+0000] {logging_mixin.py:190} INFO - [2025-04-15T19:57:44.925+0000] {dag.py:3239} INFO - Sync 1 DAGs
[2025-04-15T19:57:44.954+0000] {logging_mixin.py:190} INFO - [2025-04-15T19:57:44.953+0000] {dag.py:4180} INFO - Setting next_dagrun for example_display_name to None, run_after=None
[2025-04-15T19:57:44.987+0000] {processor.py:208} INFO - Processing /home/airflow/.local/lib/python3.12/site-packages/airflow/example_dags/example_display_name.py took 0.123 seconds
[2025-04-15T19:58:15.752+0000] {processor.py:186} INFO - Started process (PID=18753) to work on /home/airflow/.local/lib/python3.12/site-packages/airflow/example_dags/example_display_name.py
[2025-04-15T19:58:15.754+0000] {processor.py:914} INFO - Processing file /home/airflow/.local/lib/python3.12/site-packages/airflow/example_dags/example_display_name.py for tasks to queue
[2025-04-15T19:58:15.755+0000] {logging_mixin.py:190} INFO - [2025-04-15T19:58:15.755+0000] {dagbag.py:588} INFO - Filling up the DagBag from /home/airflow/.local/lib/python3.12/site-packages/airflow/example_dags/example_display_name.py
[2025-04-15T19:58:15.764+0000] {processor.py:925} INFO - DAG(s) 'example_display_name' retrieved from /home/airflow/.local/lib/python3.12/site-packages/airflow/example_dags/example_display_name.py
[2025-04-15T19:58:15.786+0000] {logging_mixin.py:190} INFO - [2025-04-15T19:58:15.786+0000] {dag.py:3239} INFO - Sync 1 DAGs
[2025-04-15T19:58:15.804+0000] {logging_mixin.py:190} INFO - [2025-04-15T19:58:15.803+0000] {dag.py:4180} INFO - Setting next_dagrun for example_display_name to None, run_after=None
[2025-04-15T19:58:15.826+0000] {processor.py:208} INFO - Processing /home/airflow/.local/lib/python3.12/site-packages/airflow/example_dags/example_display_name.py took 0.080 seconds
[2025-04-15T19:58:45.924+0000] {processor.py:186} INFO - Started process (PID=18820) to work on /home/airflow/.local/lib/python3.12/site-packages/airflow/example_dags/example_display_name.py
[2025-04-15T19:58:45.925+0000] {processor.py:914} INFO - Processing file /home/airflow/.local/lib/python3.12/site-packages/airflow/example_dags/example_display_name.py for tasks to queue
[2025-04-15T19:58:45.927+0000] {logging_mixin.py:190} INFO - [2025-04-15T19:58:45.927+0000] {dagbag.py:588} INFO - Filling up the DagBag from /home/airflow/.local/lib/python3.12/site-packages/airflow/example_dags/example_display_name.py
[2025-04-15T19:58:45.939+0000] {processor.py:925} INFO - DAG(s) 'example_display_name' retrieved from /home/airflow/.local/lib/python3.12/site-packages/airflow/example_dags/example_display_name.py
[2025-04-15T19:58:45.974+0000] {logging_mixin.py:190} INFO - [2025-04-15T19:58:45.974+0000] {dag.py:3239} INFO - Sync 1 DAGs
[2025-04-15T19:58:45.996+0000] {logging_mixin.py:190} INFO - [2025-04-15T19:58:45.996+0000] {dag.py:4180} INFO - Setting next_dagrun for example_display_name to None, run_after=None
[2025-04-15T19:58:46.024+0000] {processor.py:208} INFO - Processing /home/airflow/.local/lib/python3.12/site-packages/airflow/example_dags/example_display_name.py took 0.109 seconds
[2025-04-15T19:59:16.641+0000] {processor.py:186} INFO - Started process (PID=18887) to work on /home/airflow/.local/lib/python3.12/site-packages/airflow/example_dags/example_display_name.py
[2025-04-15T19:59:16.643+0000] {processor.py:914} INFO - Processing file /home/airflow/.local/lib/python3.12/site-packages/airflow/example_dags/example_display_name.py for tasks to queue
[2025-04-15T19:59:16.645+0000] {logging_mixin.py:190} INFO - [2025-04-15T19:59:16.645+0000] {dagbag.py:588} INFO - Filling up the DagBag from /home/airflow/.local/lib/python3.12/site-packages/airflow/example_dags/example_display_name.py
[2025-04-15T19:59:16.656+0000] {processor.py:925} INFO - DAG(s) 'example_display_name' retrieved from /home/airflow/.local/lib/python3.12/site-packages/airflow/example_dags/example_display_name.py
[2025-04-15T19:59:16.687+0000] {logging_mixin.py:190} INFO - [2025-04-15T19:59:16.686+0000] {dag.py:3239} INFO - Sync 1 DAGs
[2025-04-15T19:59:16.711+0000] {logging_mixin.py:190} INFO - [2025-04-15T19:59:16.711+0000] {dag.py:4180} INFO - Setting next_dagrun for example_display_name to None, run_after=None
[2025-04-15T19:59:16.740+0000] {processor.py:208} INFO - Processing /home/airflow/.local/lib/python3.12/site-packages/airflow/example_dags/example_display_name.py took 0.108 seconds
[2025-04-15T19:59:46.893+0000] {processor.py:186} INFO - Started process (PID=18953) to work on /home/airflow/.local/lib/python3.12/site-packages/airflow/example_dags/example_display_name.py
[2025-04-15T19:59:46.895+0000] {processor.py:914} INFO - Processing file /home/airflow/.local/lib/python3.12/site-packages/airflow/example_dags/example_display_name.py for tasks to queue
[2025-04-15T19:59:46.896+0000] {logging_mixin.py:190} INFO - [2025-04-15T19:59:46.896+0000] {dagbag.py:588} INFO - Filling up the DagBag from /home/airflow/.local/lib/python3.12/site-packages/airflow/example_dags/example_display_name.py
[2025-04-15T19:59:46.907+0000] {processor.py:925} INFO - DAG(s) 'example_display_name' retrieved from /home/airflow/.local/lib/python3.12/site-packages/airflow/example_dags/example_display_name.py
[2025-04-15T19:59:46.931+0000] {logging_mixin.py:190} INFO - [2025-04-15T19:59:46.930+0000] {dag.py:3239} INFO - Sync 1 DAGs
[2025-04-15T19:59:46.950+0000] {logging_mixin.py:190} INFO - [2025-04-15T19:59:46.950+0000] {dag.py:4180} INFO - Setting next_dagrun for example_display_name to None, run_after=None
[2025-04-15T19:59:46.976+0000] {processor.py:208} INFO - Processing /home/airflow/.local/lib/python3.12/site-packages/airflow/example_dags/example_display_name.py took 0.090 seconds
[2025-04-15T20:00:17.834+0000] {processor.py:186} INFO - Started process (PID=19020) to work on /home/airflow/.local/lib/python3.12/site-packages/airflow/example_dags/example_display_name.py
[2025-04-15T20:00:17.835+0000] {processor.py:914} INFO - Processing file /home/airflow/.local/lib/python3.12/site-packages/airflow/example_dags/example_display_name.py for tasks to queue
[2025-04-15T20:00:17.840+0000] {logging_mixin.py:190} INFO - [2025-04-15T20:00:17.839+0000] {dagbag.py:588} INFO - Filling up the DagBag from /home/airflow/.local/lib/python3.12/site-packages/airflow/example_dags/example_display_name.py
[2025-04-15T20:00:17.849+0000] {processor.py:925} INFO - DAG(s) 'example_display_name' retrieved from /home/airflow/.local/lib/python3.12/site-packages/airflow/example_dags/example_display_name.py
[2025-04-15T20:00:17.875+0000] {logging_mixin.py:190} INFO - [2025-04-15T20:00:17.874+0000] {dag.py:3239} INFO - Sync 1 DAGs
[2025-04-15T20:00:17.893+0000] {logging_mixin.py:190} INFO - [2025-04-15T20:00:17.893+0000] {dag.py:4180} INFO - Setting next_dagrun for example_display_name to None, run_after=None
[2025-04-15T20:00:17.917+0000] {processor.py:208} INFO - Processing /home/airflow/.local/lib/python3.12/site-packages/airflow/example_dags/example_display_name.py took 0.089 seconds
[2025-04-15T20:00:48.666+0000] {processor.py:186} INFO - Started process (PID=19086) to work on /home/airflow/.local/lib/python3.12/site-packages/airflow/example_dags/example_display_name.py
[2025-04-15T20:00:48.668+0000] {processor.py:914} INFO - Processing file /home/airflow/.local/lib/python3.12/site-packages/airflow/example_dags/example_display_name.py for tasks to queue
[2025-04-15T20:00:48.670+0000] {logging_mixin.py:190} INFO - [2025-04-15T20:00:48.669+0000] {dagbag.py:588} INFO - Filling up the DagBag from /home/airflow/.local/lib/python3.12/site-packages/airflow/example_dags/example_display_name.py
[2025-04-15T20:00:48.680+0000] {processor.py:925} INFO - DAG(s) 'example_display_name' retrieved from /home/airflow/.local/lib/python3.12/site-packages/airflow/example_dags/example_display_name.py
[2025-04-15T20:00:48.707+0000] {logging_mixin.py:190} INFO - [2025-04-15T20:00:48.706+0000] {dag.py:3239} INFO - Sync 1 DAGs
[2025-04-15T20:00:48.735+0000] {logging_mixin.py:190} INFO - [2025-04-15T20:00:48.734+0000] {dag.py:4180} INFO - Setting next_dagrun for example_display_name to None, run_after=None
[2025-04-15T20:00:48.761+0000] {processor.py:208} INFO - Processing /home/airflow/.local/lib/python3.12/site-packages/airflow/example_dags/example_display_name.py took 0.103 seconds
[2025-04-15T20:01:18.944+0000] {processor.py:186} INFO - Started process (PID=19153) to work on /home/airflow/.local/lib/python3.12/site-packages/airflow/example_dags/example_display_name.py
[2025-04-15T20:01:18.945+0000] {processor.py:914} INFO - Processing file /home/airflow/.local/lib/python3.12/site-packages/airflow/example_dags/example_display_name.py for tasks to queue
[2025-04-15T20:01:18.947+0000] {logging_mixin.py:190} INFO - [2025-04-15T20:01:18.947+0000] {dagbag.py:588} INFO - Filling up the DagBag from /home/airflow/.local/lib/python3.12/site-packages/airflow/example_dags/example_display_name.py
[2025-04-15T20:01:18.958+0000] {processor.py:925} INFO - DAG(s) 'example_display_name' retrieved from /home/airflow/.local/lib/python3.12/site-packages/airflow/example_dags/example_display_name.py
[2025-04-15T20:01:18.987+0000] {logging_mixin.py:190} INFO - [2025-04-15T20:01:18.987+0000] {dag.py:3239} INFO - Sync 1 DAGs
[2025-04-15T20:01:19.011+0000] {logging_mixin.py:190} INFO - [2025-04-15T20:01:19.011+0000] {dag.py:4180} INFO - Setting next_dagrun for example_display_name to None, run_after=None
[2025-04-15T20:01:19.039+0000] {processor.py:208} INFO - Processing /home/airflow/.local/lib/python3.12/site-packages/airflow/example_dags/example_display_name.py took 0.104 seconds
[2025-04-15T20:01:49.531+0000] {processor.py:186} INFO - Started process (PID=19219) to work on /home/airflow/.local/lib/python3.12/site-packages/airflow/example_dags/example_display_name.py
[2025-04-15T20:01:49.533+0000] {processor.py:914} INFO - Processing file /home/airflow/.local/lib/python3.12/site-packages/airflow/example_dags/example_display_name.py for tasks to queue
[2025-04-15T20:01:49.535+0000] {logging_mixin.py:190} INFO - [2025-04-15T20:01:49.534+0000] {dagbag.py:588} INFO - Filling up the DagBag from /home/airflow/.local/lib/python3.12/site-packages/airflow/example_dags/example_display_name.py
[2025-04-15T20:01:49.546+0000] {processor.py:925} INFO - DAG(s) 'example_display_name' retrieved from /home/airflow/.local/lib/python3.12/site-packages/airflow/example_dags/example_display_name.py
[2025-04-15T20:01:49.575+0000] {logging_mixin.py:190} INFO - [2025-04-15T20:01:49.574+0000] {dag.py:3239} INFO - Sync 1 DAGs
[2025-04-15T20:01:49.600+0000] {logging_mixin.py:190} INFO - [2025-04-15T20:01:49.600+0000] {dag.py:4180} INFO - Setting next_dagrun for example_display_name to None, run_after=None
[2025-04-15T20:01:49.632+0000] {processor.py:208} INFO - Processing /home/airflow/.local/lib/python3.12/site-packages/airflow/example_dags/example_display_name.py took 0.109 seconds
[2025-04-15T20:02:20.260+0000] {processor.py:186} INFO - Started process (PID=19286) to work on /home/airflow/.local/lib/python3.12/site-packages/airflow/example_dags/example_display_name.py
[2025-04-15T20:02:20.262+0000] {processor.py:914} INFO - Processing file /home/airflow/.local/lib/python3.12/site-packages/airflow/example_dags/example_display_name.py for tasks to queue
[2025-04-15T20:02:20.264+0000] {logging_mixin.py:190} INFO - [2025-04-15T20:02:20.264+0000] {dagbag.py:588} INFO - Filling up the DagBag from /home/airflow/.local/lib/python3.12/site-packages/airflow/example_dags/example_display_name.py
[2025-04-15T20:02:20.276+0000] {processor.py:925} INFO - DAG(s) 'example_display_name' retrieved from /home/airflow/.local/lib/python3.12/site-packages/airflow/example_dags/example_display_name.py
[2025-04-15T20:02:20.306+0000] {logging_mixin.py:190} INFO - [2025-04-15T20:02:20.306+0000] {dag.py:3239} INFO - Sync 1 DAGs
[2025-04-15T20:02:20.329+0000] {logging_mixin.py:190} INFO - [2025-04-15T20:02:20.328+0000] {dag.py:4180} INFO - Setting next_dagrun for example_display_name to None, run_after=None
[2025-04-15T20:02:20.358+0000] {processor.py:208} INFO - Processing /home/airflow/.local/lib/python3.12/site-packages/airflow/example_dags/example_display_name.py took 0.107 seconds
[2025-04-15T20:02:50.600+0000] {processor.py:186} INFO - Started process (PID=19351) to work on /home/airflow/.local/lib/python3.12/site-packages/airflow/example_dags/example_display_name.py
[2025-04-15T20:02:50.602+0000] {processor.py:914} INFO - Processing file /home/airflow/.local/lib/python3.12/site-packages/airflow/example_dags/example_display_name.py for tasks to queue
[2025-04-15T20:02:50.605+0000] {logging_mixin.py:190} INFO - [2025-04-15T20:02:50.604+0000] {dagbag.py:588} INFO - Filling up the DagBag from /home/airflow/.local/lib/python3.12/site-packages/airflow/example_dags/example_display_name.py
[2025-04-15T20:02:50.616+0000] {processor.py:925} INFO - DAG(s) 'example_display_name' retrieved from /home/airflow/.local/lib/python3.12/site-packages/airflow/example_dags/example_display_name.py
[2025-04-15T20:02:50.648+0000] {logging_mixin.py:190} INFO - [2025-04-15T20:02:50.648+0000] {dag.py:3239} INFO - Sync 1 DAGs
[2025-04-15T20:02:50.678+0000] {logging_mixin.py:190} INFO - [2025-04-15T20:02:50.678+0000] {dag.py:4180} INFO - Setting next_dagrun for example_display_name to None, run_after=None
[2025-04-15T20:02:50.707+0000] {processor.py:208} INFO - Processing /home/airflow/.local/lib/python3.12/site-packages/airflow/example_dags/example_display_name.py took 0.117 seconds
[2025-04-15T20:03:21.552+0000] {processor.py:186} INFO - Started process (PID=19418) to work on /home/airflow/.local/lib/python3.12/site-packages/airflow/example_dags/example_display_name.py
[2025-04-15T20:03:21.553+0000] {processor.py:914} INFO - Processing file /home/airflow/.local/lib/python3.12/site-packages/airflow/example_dags/example_display_name.py for tasks to queue
[2025-04-15T20:03:21.555+0000] {logging_mixin.py:190} INFO - [2025-04-15T20:03:21.555+0000] {dagbag.py:588} INFO - Filling up the DagBag from /home/airflow/.local/lib/python3.12/site-packages/airflow/example_dags/example_display_name.py
[2025-04-15T20:03:21.566+0000] {processor.py:925} INFO - DAG(s) 'example_display_name' retrieved from /home/airflow/.local/lib/python3.12/site-packages/airflow/example_dags/example_display_name.py
[2025-04-15T20:03:21.596+0000] {logging_mixin.py:190} INFO - [2025-04-15T20:03:21.596+0000] {dag.py:3239} INFO - Sync 1 DAGs
[2025-04-15T20:03:21.620+0000] {logging_mixin.py:190} INFO - [2025-04-15T20:03:21.620+0000] {dag.py:4180} INFO - Setting next_dagrun for example_display_name to None, run_after=None
[2025-04-15T20:03:21.648+0000] {processor.py:208} INFO - Processing /home/airflow/.local/lib/python3.12/site-packages/airflow/example_dags/example_display_name.py took 0.105 seconds
[2025-04-15T20:03:51.805+0000] {processor.py:186} INFO - Started process (PID=19485) to work on /home/airflow/.local/lib/python3.12/site-packages/airflow/example_dags/example_display_name.py
[2025-04-15T20:03:51.806+0000] {processor.py:914} INFO - Processing file /home/airflow/.local/lib/python3.12/site-packages/airflow/example_dags/example_display_name.py for tasks to queue
[2025-04-15T20:03:51.808+0000] {logging_mixin.py:190} INFO - [2025-04-15T20:03:51.807+0000] {dagbag.py:588} INFO - Filling up the DagBag from /home/airflow/.local/lib/python3.12/site-packages/airflow/example_dags/example_display_name.py
[2025-04-15T20:03:51.817+0000] {processor.py:925} INFO - DAG(s) 'example_display_name' retrieved from /home/airflow/.local/lib/python3.12/site-packages/airflow/example_dags/example_display_name.py
[2025-04-15T20:03:51.842+0000] {logging_mixin.py:190} INFO - [2025-04-15T20:03:51.841+0000] {dag.py:3239} INFO - Sync 1 DAGs
[2025-04-15T20:03:51.860+0000] {logging_mixin.py:190} INFO - [2025-04-15T20:03:51.860+0000] {dag.py:4180} INFO - Setting next_dagrun for example_display_name to None, run_after=None
[2025-04-15T20:03:51.887+0000] {processor.py:208} INFO - Processing /home/airflow/.local/lib/python3.12/site-packages/airflow/example_dags/example_display_name.py took 0.089 seconds
[2025-04-15T20:04:22.715+0000] {processor.py:186} INFO - Started process (PID=19553) to work on /home/airflow/.local/lib/python3.12/site-packages/airflow/example_dags/example_display_name.py
[2025-04-15T20:04:22.718+0000] {processor.py:914} INFO - Processing file /home/airflow/.local/lib/python3.12/site-packages/airflow/example_dags/example_display_name.py for tasks to queue
[2025-04-15T20:04:22.720+0000] {logging_mixin.py:190} INFO - [2025-04-15T20:04:22.719+0000] {dagbag.py:588} INFO - Filling up the DagBag from /home/airflow/.local/lib/python3.12/site-packages/airflow/example_dags/example_display_name.py
[2025-04-15T20:04:22.740+0000] {processor.py:925} INFO - DAG(s) 'example_display_name' retrieved from /home/airflow/.local/lib/python3.12/site-packages/airflow/example_dags/example_display_name.py
[2025-04-15T20:04:22.782+0000] {logging_mixin.py:190} INFO - [2025-04-15T20:04:22.782+0000] {dag.py:3239} INFO - Sync 1 DAGs
[2025-04-15T20:04:22.824+0000] {logging_mixin.py:190} INFO - [2025-04-15T20:04:22.824+0000] {dag.py:4180} INFO - Setting next_dagrun for example_display_name to None, run_after=None
[2025-04-15T20:04:22.860+0000] {processor.py:208} INFO - Processing /home/airflow/.local/lib/python3.12/site-packages/airflow/example_dags/example_display_name.py took 0.157 seconds
