[2025-04-15T19:35:29.786+0000] {processor.py:186} INFO - Started process (PID=15777) to work on /home/airflow/.local/lib/python3.12/site-packages/airflow/example_dags/example_params_trigger_ui.py
[2025-04-15T19:35:29.789+0000] {processor.py:914} INFO - Processing file /home/airflow/.local/lib/python3.12/site-packages/airflow/example_dags/example_params_trigger_ui.py for tasks to queue
[2025-04-15T19:35:29.793+0000] {logging_mixin.py:190} INFO - [2025-04-15T19:35:29.791+0000] {dagbag.py:588} INFO - Filling up the DagBag from /home/airflow/.local/lib/python3.12/site-packages/airflow/example_dags/example_params_trigger_ui.py
[2025-04-15T19:35:29.819+0000] {processor.py:925} INFO - DAG(s) 'example_params_trigger_ui' retrieved from /home/airflow/.local/lib/python3.12/site-packages/airflow/example_dags/example_params_trigger_ui.py
[2025-04-15T19:35:29.950+0000] {logging_mixin.py:190} INFO - [2025-04-15T19:35:29.948+0000] {dag.py:3239} INFO - Sync 1 DAGs
[2025-04-15T19:35:30.001+0000] {logging_mixin.py:190} INFO - [2025-04-15T19:35:30.000+0000] {dag.py:4180} INFO - Setting next_dagrun for example_params_trigger_ui to None, run_after=None
[2025-04-15T19:35:30.045+0000] {processor.py:208} INFO - Processing /home/airflow/.local/lib/python3.12/site-packages/airflow/example_dags/example_params_trigger_ui.py took 0.271 seconds
[2025-04-15T19:36:01.311+0000] {processor.py:186} INFO - Started process (PID=15844) to work on /home/airflow/.local/lib/python3.12/site-packages/airflow/example_dags/example_params_trigger_ui.py
[2025-04-15T19:36:01.312+0000] {processor.py:914} INFO - Processing file /home/airflow/.local/lib/python3.12/site-packages/airflow/example_dags/example_params_trigger_ui.py for tasks to queue
[2025-04-15T19:36:01.315+0000] {logging_mixin.py:190} INFO - [2025-04-15T19:36:01.314+0000] {dagbag.py:588} INFO - Filling up the DagBag from /home/airflow/.local/lib/python3.12/site-packages/airflow/example_dags/example_params_trigger_ui.py
[2025-04-15T19:36:01.335+0000] {processor.py:925} INFO - DAG(s) 'example_params_trigger_ui' retrieved from /home/airflow/.local/lib/python3.12/site-packages/airflow/example_dags/example_params_trigger_ui.py
[2025-04-15T19:36:01.421+0000] {logging_mixin.py:190} INFO - [2025-04-15T19:36:01.420+0000] {dag.py:3239} INFO - Sync 1 DAGs
[2025-04-15T19:36:01.448+0000] {logging_mixin.py:190} INFO - [2025-04-15T19:36:01.448+0000] {dag.py:4180} INFO - Setting next_dagrun for example_params_trigger_ui to None, run_after=None
[2025-04-15T19:36:01.498+0000] {processor.py:208} INFO - Processing /home/airflow/.local/lib/python3.12/site-packages/airflow/example_dags/example_params_trigger_ui.py took 0.196 seconds
[2025-04-15T19:36:32.394+0000] {processor.py:186} INFO - Started process (PID=15910) to work on /home/airflow/.local/lib/python3.12/site-packages/airflow/example_dags/example_params_trigger_ui.py
[2025-04-15T19:36:32.395+0000] {processor.py:914} INFO - Processing file /home/airflow/.local/lib/python3.12/site-packages/airflow/example_dags/example_params_trigger_ui.py for tasks to queue
[2025-04-15T19:36:32.397+0000] {logging_mixin.py:190} INFO - [2025-04-15T19:36:32.397+0000] {dagbag.py:588} INFO - Filling up the DagBag from /home/airflow/.local/lib/python3.12/site-packages/airflow/example_dags/example_params_trigger_ui.py
[2025-04-15T19:36:32.417+0000] {processor.py:925} INFO - DAG(s) 'example_params_trigger_ui' retrieved from /home/airflow/.local/lib/python3.12/site-packages/airflow/example_dags/example_params_trigger_ui.py
[2025-04-15T19:36:32.485+0000] {logging_mixin.py:190} INFO - [2025-04-15T19:36:32.485+0000] {dag.py:3239} INFO - Sync 1 DAGs
[2025-04-15T19:36:32.505+0000] {logging_mixin.py:190} INFO - [2025-04-15T19:36:32.505+0000] {dag.py:4180} INFO - Setting next_dagrun for example_params_trigger_ui to None, run_after=None
[2025-04-15T19:36:32.542+0000] {processor.py:208} INFO - Processing /home/airflow/.local/lib/python3.12/site-packages/airflow/example_dags/example_params_trigger_ui.py took 0.156 seconds
[2025-04-15T19:37:02.956+0000] {processor.py:186} INFO - Started process (PID=15977) to work on /home/airflow/.local/lib/python3.12/site-packages/airflow/example_dags/example_params_trigger_ui.py
[2025-04-15T19:37:02.958+0000] {processor.py:914} INFO - Processing file /home/airflow/.local/lib/python3.12/site-packages/airflow/example_dags/example_params_trigger_ui.py for tasks to queue
[2025-04-15T19:37:02.960+0000] {logging_mixin.py:190} INFO - [2025-04-15T19:37:02.960+0000] {dagbag.py:588} INFO - Filling up the DagBag from /home/airflow/.local/lib/python3.12/site-packages/airflow/example_dags/example_params_trigger_ui.py
[2025-04-15T19:37:02.987+0000] {processor.py:925} INFO - DAG(s) 'example_params_trigger_ui' retrieved from /home/airflow/.local/lib/python3.12/site-packages/airflow/example_dags/example_params_trigger_ui.py
[2025-04-15T19:37:03.176+0000] {logging_mixin.py:190} INFO - [2025-04-15T19:37:03.176+0000] {dag.py:3239} INFO - Sync 1 DAGs
[2025-04-15T19:37:03.205+0000] {logging_mixin.py:190} INFO - [2025-04-15T19:37:03.204+0000] {dag.py:4180} INFO - Setting next_dagrun for example_params_trigger_ui to None, run_after=None
[2025-04-15T19:37:03.245+0000] {processor.py:208} INFO - Processing /home/airflow/.local/lib/python3.12/site-packages/airflow/example_dags/example_params_trigger_ui.py took 0.299 seconds
[2025-04-15T19:37:33.844+0000] {processor.py:186} INFO - Started process (PID=16044) to work on /home/airflow/.local/lib/python3.12/site-packages/airflow/example_dags/example_params_trigger_ui.py
[2025-04-15T19:37:33.845+0000] {processor.py:914} INFO - Processing file /home/airflow/.local/lib/python3.12/site-packages/airflow/example_dags/example_params_trigger_ui.py for tasks to queue
[2025-04-15T19:37:33.847+0000] {logging_mixin.py:190} INFO - [2025-04-15T19:37:33.847+0000] {dagbag.py:588} INFO - Filling up the DagBag from /home/airflow/.local/lib/python3.12/site-packages/airflow/example_dags/example_params_trigger_ui.py
[2025-04-15T19:37:33.868+0000] {processor.py:925} INFO - DAG(s) 'example_params_trigger_ui' retrieved from /home/airflow/.local/lib/python3.12/site-packages/airflow/example_dags/example_params_trigger_ui.py
[2025-04-15T19:37:33.960+0000] {logging_mixin.py:190} INFO - [2025-04-15T19:37:33.959+0000] {dag.py:3239} INFO - Sync 1 DAGs
[2025-04-15T19:37:33.984+0000] {logging_mixin.py:190} INFO - [2025-04-15T19:37:33.984+0000] {dag.py:4180} INFO - Setting next_dagrun for example_params_trigger_ui to None, run_after=None
[2025-04-15T19:37:34.015+0000] {processor.py:208} INFO - Processing /home/airflow/.local/lib/python3.12/site-packages/airflow/example_dags/example_params_trigger_ui.py took 0.183 seconds
[2025-04-15T19:38:04.622+0000] {processor.py:186} INFO - Started process (PID=16111) to work on /home/airflow/.local/lib/python3.12/site-packages/airflow/example_dags/example_params_trigger_ui.py
[2025-04-15T19:38:04.624+0000] {processor.py:914} INFO - Processing file /home/airflow/.local/lib/python3.12/site-packages/airflow/example_dags/example_params_trigger_ui.py for tasks to queue
[2025-04-15T19:38:04.625+0000] {logging_mixin.py:190} INFO - [2025-04-15T19:38:04.625+0000] {dagbag.py:588} INFO - Filling up the DagBag from /home/airflow/.local/lib/python3.12/site-packages/airflow/example_dags/example_params_trigger_ui.py
[2025-04-15T19:38:04.641+0000] {processor.py:925} INFO - DAG(s) 'example_params_trigger_ui' retrieved from /home/airflow/.local/lib/python3.12/site-packages/airflow/example_dags/example_params_trigger_ui.py
[2025-04-15T19:38:04.701+0000] {logging_mixin.py:190} INFO - [2025-04-15T19:38:04.700+0000] {dag.py:3239} INFO - Sync 1 DAGs
[2025-04-15T19:38:04.721+0000] {logging_mixin.py:190} INFO - [2025-04-15T19:38:04.720+0000] {dag.py:4180} INFO - Setting next_dagrun for example_params_trigger_ui to None, run_after=None
[2025-04-15T19:38:04.746+0000] {processor.py:208} INFO - Processing /home/airflow/.local/lib/python3.12/site-packages/airflow/example_dags/example_params_trigger_ui.py took 0.131 seconds
[2025-04-15T19:38:35.103+0000] {processor.py:186} INFO - Started process (PID=16178) to work on /home/airflow/.local/lib/python3.12/site-packages/airflow/example_dags/example_params_trigger_ui.py
[2025-04-15T19:38:35.105+0000] {processor.py:914} INFO - Processing file /home/airflow/.local/lib/python3.12/site-packages/airflow/example_dags/example_params_trigger_ui.py for tasks to queue
[2025-04-15T19:38:35.107+0000] {logging_mixin.py:190} INFO - [2025-04-15T19:38:35.106+0000] {dagbag.py:588} INFO - Filling up the DagBag from /home/airflow/.local/lib/python3.12/site-packages/airflow/example_dags/example_params_trigger_ui.py
[2025-04-15T19:38:35.134+0000] {processor.py:925} INFO - DAG(s) 'example_params_trigger_ui' retrieved from /home/airflow/.local/lib/python3.12/site-packages/airflow/example_dags/example_params_trigger_ui.py
[2025-04-15T19:38:35.216+0000] {logging_mixin.py:190} INFO - [2025-04-15T19:38:35.216+0000] {dag.py:3239} INFO - Sync 1 DAGs
[2025-04-15T19:38:35.241+0000] {logging_mixin.py:190} INFO - [2025-04-15T19:38:35.241+0000] {dag.py:4180} INFO - Setting next_dagrun for example_params_trigger_ui to None, run_after=None
[2025-04-15T19:38:35.272+0000] {processor.py:208} INFO - Processing /home/airflow/.local/lib/python3.12/site-packages/airflow/example_dags/example_params_trigger_ui.py took 0.178 seconds
[2025-04-15T19:39:06.005+0000] {processor.py:186} INFO - Started process (PID=16245) to work on /home/airflow/.local/lib/python3.12/site-packages/airflow/example_dags/example_params_trigger_ui.py
[2025-04-15T19:39:06.007+0000] {processor.py:914} INFO - Processing file /home/airflow/.local/lib/python3.12/site-packages/airflow/example_dags/example_params_trigger_ui.py for tasks to queue
[2025-04-15T19:39:06.009+0000] {logging_mixin.py:190} INFO - [2025-04-15T19:39:06.009+0000] {dagbag.py:588} INFO - Filling up the DagBag from /home/airflow/.local/lib/python3.12/site-packages/airflow/example_dags/example_params_trigger_ui.py
[2025-04-15T19:39:06.031+0000] {processor.py:925} INFO - DAG(s) 'example_params_trigger_ui' retrieved from /home/airflow/.local/lib/python3.12/site-packages/airflow/example_dags/example_params_trigger_ui.py
[2025-04-15T19:39:06.113+0000] {logging_mixin.py:190} INFO - [2025-04-15T19:39:06.113+0000] {dag.py:3239} INFO - Sync 1 DAGs
[2025-04-15T19:39:06.150+0000] {logging_mixin.py:190} INFO - [2025-04-15T19:39:06.149+0000] {dag.py:4180} INFO - Setting next_dagrun for example_params_trigger_ui to None, run_after=None
[2025-04-15T19:39:06.197+0000] {processor.py:208} INFO - Processing /home/airflow/.local/lib/python3.12/site-packages/airflow/example_dags/example_params_trigger_ui.py took 0.201 seconds
[2025-04-15T19:39:36.307+0000] {processor.py:186} INFO - Started process (PID=16312) to work on /home/airflow/.local/lib/python3.12/site-packages/airflow/example_dags/example_params_trigger_ui.py
[2025-04-15T19:39:36.308+0000] {processor.py:914} INFO - Processing file /home/airflow/.local/lib/python3.12/site-packages/airflow/example_dags/example_params_trigger_ui.py for tasks to queue
[2025-04-15T19:39:36.309+0000] {logging_mixin.py:190} INFO - [2025-04-15T19:39:36.309+0000] {dagbag.py:588} INFO - Filling up the DagBag from /home/airflow/.local/lib/python3.12/site-packages/airflow/example_dags/example_params_trigger_ui.py
[2025-04-15T19:39:36.323+0000] {processor.py:925} INFO - DAG(s) 'example_params_trigger_ui' retrieved from /home/airflow/.local/lib/python3.12/site-packages/airflow/example_dags/example_params_trigger_ui.py
[2025-04-15T19:39:36.389+0000] {logging_mixin.py:190} INFO - [2025-04-15T19:39:36.388+0000] {dag.py:3239} INFO - Sync 1 DAGs
[2025-04-15T19:39:36.413+0000] {logging_mixin.py:190} INFO - [2025-04-15T19:39:36.412+0000] {dag.py:4180} INFO - Setting next_dagrun for example_params_trigger_ui to None, run_after=None
[2025-04-15T19:39:36.444+0000] {processor.py:208} INFO - Processing /home/airflow/.local/lib/python3.12/site-packages/airflow/example_dags/example_params_trigger_ui.py took 0.144 seconds
[2025-04-15T19:40:07.032+0000] {processor.py:186} INFO - Started process (PID=16379) to work on /home/airflow/.local/lib/python3.12/site-packages/airflow/example_dags/example_params_trigger_ui.py
[2025-04-15T19:40:07.033+0000] {processor.py:914} INFO - Processing file /home/airflow/.local/lib/python3.12/site-packages/airflow/example_dags/example_params_trigger_ui.py for tasks to queue
[2025-04-15T19:40:07.036+0000] {logging_mixin.py:190} INFO - [2025-04-15T19:40:07.036+0000] {dagbag.py:588} INFO - Filling up the DagBag from /home/airflow/.local/lib/python3.12/site-packages/airflow/example_dags/example_params_trigger_ui.py
[2025-04-15T19:40:07.054+0000] {processor.py:925} INFO - DAG(s) 'example_params_trigger_ui' retrieved from /home/airflow/.local/lib/python3.12/site-packages/airflow/example_dags/example_params_trigger_ui.py
[2025-04-15T19:40:07.129+0000] {logging_mixin.py:190} INFO - [2025-04-15T19:40:07.128+0000] {dag.py:3239} INFO - Sync 1 DAGs
[2025-04-15T19:40:07.153+0000] {logging_mixin.py:190} INFO - [2025-04-15T19:40:07.153+0000] {dag.py:4180} INFO - Setting next_dagrun for example_params_trigger_ui to None, run_after=None
[2025-04-15T19:40:07.180+0000] {processor.py:208} INFO - Processing /home/airflow/.local/lib/python3.12/site-packages/airflow/example_dags/example_params_trigger_ui.py took 0.156 seconds
[2025-04-15T19:40:37.941+0000] {processor.py:186} INFO - Started process (PID=16446) to work on /home/airflow/.local/lib/python3.12/site-packages/airflow/example_dags/example_params_trigger_ui.py
[2025-04-15T19:40:37.942+0000] {processor.py:914} INFO - Processing file /home/airflow/.local/lib/python3.12/site-packages/airflow/example_dags/example_params_trigger_ui.py for tasks to queue
[2025-04-15T19:40:37.943+0000] {logging_mixin.py:190} INFO - [2025-04-15T19:40:37.943+0000] {dagbag.py:588} INFO - Filling up the DagBag from /home/airflow/.local/lib/python3.12/site-packages/airflow/example_dags/example_params_trigger_ui.py
[2025-04-15T19:40:37.961+0000] {processor.py:925} INFO - DAG(s) 'example_params_trigger_ui' retrieved from /home/airflow/.local/lib/python3.12/site-packages/airflow/example_dags/example_params_trigger_ui.py
[2025-04-15T19:40:38.008+0000] {logging_mixin.py:190} INFO - [2025-04-15T19:40:38.008+0000] {dag.py:3239} INFO - Sync 1 DAGs
[2025-04-15T19:40:38.024+0000] {logging_mixin.py:190} INFO - [2025-04-15T19:40:38.024+0000] {dag.py:4180} INFO - Setting next_dagrun for example_params_trigger_ui to None, run_after=None
[2025-04-15T19:40:38.047+0000] {processor.py:208} INFO - Processing /home/airflow/.local/lib/python3.12/site-packages/airflow/example_dags/example_params_trigger_ui.py took 0.112 seconds
[2025-04-15T19:41:08.480+0000] {processor.py:186} INFO - Started process (PID=16513) to work on /home/airflow/.local/lib/python3.12/site-packages/airflow/example_dags/example_params_trigger_ui.py
[2025-04-15T19:41:08.482+0000] {processor.py:914} INFO - Processing file /home/airflow/.local/lib/python3.12/site-packages/airflow/example_dags/example_params_trigger_ui.py for tasks to queue
[2025-04-15T19:41:08.484+0000] {logging_mixin.py:190} INFO - [2025-04-15T19:41:08.483+0000] {dagbag.py:588} INFO - Filling up the DagBag from /home/airflow/.local/lib/python3.12/site-packages/airflow/example_dags/example_params_trigger_ui.py
[2025-04-15T19:41:08.504+0000] {processor.py:925} INFO - DAG(s) 'example_params_trigger_ui' retrieved from /home/airflow/.local/lib/python3.12/site-packages/airflow/example_dags/example_params_trigger_ui.py
[2025-04-15T19:41:08.573+0000] {logging_mixin.py:190} INFO - [2025-04-15T19:41:08.573+0000] {dag.py:3239} INFO - Sync 1 DAGs
[2025-04-15T19:41:08.595+0000] {logging_mixin.py:190} INFO - [2025-04-15T19:41:08.595+0000] {dag.py:4180} INFO - Setting next_dagrun for example_params_trigger_ui to None, run_after=None
[2025-04-15T19:41:08.628+0000] {processor.py:208} INFO - Processing /home/airflow/.local/lib/python3.12/site-packages/airflow/example_dags/example_params_trigger_ui.py took 0.156 seconds
[2025-04-15T19:41:39.143+0000] {processor.py:186} INFO - Started process (PID=16580) to work on /home/airflow/.local/lib/python3.12/site-packages/airflow/example_dags/example_params_trigger_ui.py
[2025-04-15T19:41:39.145+0000] {processor.py:914} INFO - Processing file /home/airflow/.local/lib/python3.12/site-packages/airflow/example_dags/example_params_trigger_ui.py for tasks to queue
[2025-04-15T19:41:39.147+0000] {logging_mixin.py:190} INFO - [2025-04-15T19:41:39.146+0000] {dagbag.py:588} INFO - Filling up the DagBag from /home/airflow/.local/lib/python3.12/site-packages/airflow/example_dags/example_params_trigger_ui.py
[2025-04-15T19:41:39.163+0000] {processor.py:925} INFO - DAG(s) 'example_params_trigger_ui' retrieved from /home/airflow/.local/lib/python3.12/site-packages/airflow/example_dags/example_params_trigger_ui.py
[2025-04-15T19:41:39.227+0000] {logging_mixin.py:190} INFO - [2025-04-15T19:41:39.227+0000] {dag.py:3239} INFO - Sync 1 DAGs
[2025-04-15T19:41:39.252+0000] {logging_mixin.py:190} INFO - [2025-04-15T19:41:39.251+0000] {dag.py:4180} INFO - Setting next_dagrun for example_params_trigger_ui to None, run_after=None
[2025-04-15T19:41:39.287+0000] {processor.py:208} INFO - Processing /home/airflow/.local/lib/python3.12/site-packages/airflow/example_dags/example_params_trigger_ui.py took 0.153 seconds
[2025-04-15T19:42:10.233+0000] {processor.py:186} INFO - Started process (PID=16647) to work on /home/airflow/.local/lib/python3.12/site-packages/airflow/example_dags/example_params_trigger_ui.py
[2025-04-15T19:42:10.235+0000] {processor.py:914} INFO - Processing file /home/airflow/.local/lib/python3.12/site-packages/airflow/example_dags/example_params_trigger_ui.py for tasks to queue
[2025-04-15T19:42:10.237+0000] {logging_mixin.py:190} INFO - [2025-04-15T19:42:10.237+0000] {dagbag.py:588} INFO - Filling up the DagBag from /home/airflow/.local/lib/python3.12/site-packages/airflow/example_dags/example_params_trigger_ui.py
[2025-04-15T19:42:10.257+0000] {processor.py:925} INFO - DAG(s) 'example_params_trigger_ui' retrieved from /home/airflow/.local/lib/python3.12/site-packages/airflow/example_dags/example_params_trigger_ui.py
[2025-04-15T19:42:10.336+0000] {logging_mixin.py:190} INFO - [2025-04-15T19:42:10.335+0000] {dag.py:3239} INFO - Sync 1 DAGs
[2025-04-15T19:42:10.625+0000] {logging_mixin.py:190} INFO - [2025-04-15T19:42:10.624+0000] {dag.py:4180} INFO - Setting next_dagrun for example_params_trigger_ui to None, run_after=None
[2025-04-15T19:42:10.656+0000] {processor.py:208} INFO - Processing /home/airflow/.local/lib/python3.12/site-packages/airflow/example_dags/example_params_trigger_ui.py took 0.432 seconds
[2025-04-15T19:42:41.911+0000] {processor.py:186} INFO - Started process (PID=16715) to work on /home/airflow/.local/lib/python3.12/site-packages/airflow/example_dags/example_params_trigger_ui.py
[2025-04-15T19:42:41.913+0000] {processor.py:914} INFO - Processing file /home/airflow/.local/lib/python3.12/site-packages/airflow/example_dags/example_params_trigger_ui.py for tasks to queue
[2025-04-15T19:42:41.915+0000] {logging_mixin.py:190} INFO - [2025-04-15T19:42:41.914+0000] {dagbag.py:588} INFO - Filling up the DagBag from /home/airflow/.local/lib/python3.12/site-packages/airflow/example_dags/example_params_trigger_ui.py
[2025-04-15T19:42:41.933+0000] {processor.py:925} INFO - DAG(s) 'example_params_trigger_ui' retrieved from /home/airflow/.local/lib/python3.12/site-packages/airflow/example_dags/example_params_trigger_ui.py
[2025-04-15T19:42:42.012+0000] {logging_mixin.py:190} INFO - [2025-04-15T19:42:42.011+0000] {dag.py:3239} INFO - Sync 1 DAGs
[2025-04-15T19:42:42.268+0000] {logging_mixin.py:190} INFO - [2025-04-15T19:42:42.268+0000] {dag.py:4180} INFO - Setting next_dagrun for example_params_trigger_ui to None, run_after=None
[2025-04-15T19:42:42.300+0000] {processor.py:208} INFO - Processing /home/airflow/.local/lib/python3.12/site-packages/airflow/example_dags/example_params_trigger_ui.py took 0.398 seconds
[2025-04-15T19:43:12.649+0000] {processor.py:186} INFO - Started process (PID=16782) to work on /home/airflow/.local/lib/python3.12/site-packages/airflow/example_dags/example_params_trigger_ui.py
[2025-04-15T19:43:12.651+0000] {processor.py:914} INFO - Processing file /home/airflow/.local/lib/python3.12/site-packages/airflow/example_dags/example_params_trigger_ui.py for tasks to queue
[2025-04-15T19:43:12.652+0000] {logging_mixin.py:190} INFO - [2025-04-15T19:43:12.652+0000] {dagbag.py:588} INFO - Filling up the DagBag from /home/airflow/.local/lib/python3.12/site-packages/airflow/example_dags/example_params_trigger_ui.py
[2025-04-15T19:43:12.668+0000] {processor.py:925} INFO - DAG(s) 'example_params_trigger_ui' retrieved from /home/airflow/.local/lib/python3.12/site-packages/airflow/example_dags/example_params_trigger_ui.py
[2025-04-15T19:43:12.732+0000] {logging_mixin.py:190} INFO - [2025-04-15T19:43:12.732+0000] {dag.py:3239} INFO - Sync 1 DAGs
[2025-04-15T19:43:12.757+0000] {logging_mixin.py:190} INFO - [2025-04-15T19:43:12.757+0000] {dag.py:4180} INFO - Setting next_dagrun for example_params_trigger_ui to None, run_after=None
[2025-04-15T19:43:12.793+0000] {processor.py:208} INFO - Processing /home/airflow/.local/lib/python3.12/site-packages/airflow/example_dags/example_params_trigger_ui.py took 0.152 seconds
[2025-04-15T19:43:43.503+0000] {processor.py:186} INFO - Started process (PID=16849) to work on /home/airflow/.local/lib/python3.12/site-packages/airflow/example_dags/example_params_trigger_ui.py
[2025-04-15T19:43:43.504+0000] {processor.py:914} INFO - Processing file /home/airflow/.local/lib/python3.12/site-packages/airflow/example_dags/example_params_trigger_ui.py for tasks to queue
[2025-04-15T19:43:43.507+0000] {logging_mixin.py:190} INFO - [2025-04-15T19:43:43.506+0000] {dagbag.py:588} INFO - Filling up the DagBag from /home/airflow/.local/lib/python3.12/site-packages/airflow/example_dags/example_params_trigger_ui.py
[2025-04-15T19:43:43.522+0000] {processor.py:925} INFO - DAG(s) 'example_params_trigger_ui' retrieved from /home/airflow/.local/lib/python3.12/site-packages/airflow/example_dags/example_params_trigger_ui.py
[2025-04-15T19:43:43.575+0000] {logging_mixin.py:190} INFO - [2025-04-15T19:43:43.574+0000] {dag.py:3239} INFO - Sync 1 DAGs
[2025-04-15T19:43:43.593+0000] {logging_mixin.py:190} INFO - [2025-04-15T19:43:43.592+0000] {dag.py:4180} INFO - Setting next_dagrun for example_params_trigger_ui to None, run_after=None
[2025-04-15T19:43:43.618+0000] {processor.py:208} INFO - Processing /home/airflow/.local/lib/python3.12/site-packages/airflow/example_dags/example_params_trigger_ui.py took 0.121 seconds
[2025-04-15T19:44:14.242+0000] {processor.py:186} INFO - Started process (PID=16916) to work on /home/airflow/.local/lib/python3.12/site-packages/airflow/example_dags/example_params_trigger_ui.py
[2025-04-15T19:44:14.243+0000] {processor.py:914} INFO - Processing file /home/airflow/.local/lib/python3.12/site-packages/airflow/example_dags/example_params_trigger_ui.py for tasks to queue
[2025-04-15T19:44:14.245+0000] {logging_mixin.py:190} INFO - [2025-04-15T19:44:14.244+0000] {dagbag.py:588} INFO - Filling up the DagBag from /home/airflow/.local/lib/python3.12/site-packages/airflow/example_dags/example_params_trigger_ui.py
[2025-04-15T19:44:14.265+0000] {processor.py:925} INFO - DAG(s) 'example_params_trigger_ui' retrieved from /home/airflow/.local/lib/python3.12/site-packages/airflow/example_dags/example_params_trigger_ui.py
[2025-04-15T19:44:14.352+0000] {logging_mixin.py:190} INFO - [2025-04-15T19:44:14.352+0000] {dag.py:3239} INFO - Sync 1 DAGs
[2025-04-15T19:44:14.378+0000] {logging_mixin.py:190} INFO - [2025-04-15T19:44:14.378+0000] {dag.py:4180} INFO - Setting next_dagrun for example_params_trigger_ui to None, run_after=None
[2025-04-15T19:44:14.410+0000] {processor.py:208} INFO - Processing /home/airflow/.local/lib/python3.12/site-packages/airflow/example_dags/example_params_trigger_ui.py took 0.178 seconds
[2025-04-15T19:44:44.828+0000] {processor.py:186} INFO - Started process (PID=16983) to work on /home/airflow/.local/lib/python3.12/site-packages/airflow/example_dags/example_params_trigger_ui.py
[2025-04-15T19:44:44.829+0000] {processor.py:914} INFO - Processing file /home/airflow/.local/lib/python3.12/site-packages/airflow/example_dags/example_params_trigger_ui.py for tasks to queue
[2025-04-15T19:44:44.830+0000] {logging_mixin.py:190} INFO - [2025-04-15T19:44:44.830+0000] {dagbag.py:588} INFO - Filling up the DagBag from /home/airflow/.local/lib/python3.12/site-packages/airflow/example_dags/example_params_trigger_ui.py
[2025-04-15T19:44:44.844+0000] {processor.py:925} INFO - DAG(s) 'example_params_trigger_ui' retrieved from /home/airflow/.local/lib/python3.12/site-packages/airflow/example_dags/example_params_trigger_ui.py
[2025-04-15T19:44:44.891+0000] {logging_mixin.py:190} INFO - [2025-04-15T19:44:44.890+0000] {dag.py:3239} INFO - Sync 1 DAGs
[2025-04-15T19:44:44.908+0000] {logging_mixin.py:190} INFO - [2025-04-15T19:44:44.908+0000] {dag.py:4180} INFO - Setting next_dagrun for example_params_trigger_ui to None, run_after=None
[2025-04-15T19:44:44.931+0000] {processor.py:208} INFO - Processing /home/airflow/.local/lib/python3.12/site-packages/airflow/example_dags/example_params_trigger_ui.py took 0.109 seconds
[2025-04-15T19:45:15.118+0000] {processor.py:186} INFO - Started process (PID=17050) to work on /home/airflow/.local/lib/python3.12/site-packages/airflow/example_dags/example_params_trigger_ui.py
[2025-04-15T19:45:15.119+0000] {processor.py:914} INFO - Processing file /home/airflow/.local/lib/python3.12/site-packages/airflow/example_dags/example_params_trigger_ui.py for tasks to queue
[2025-04-15T19:45:15.121+0000] {logging_mixin.py:190} INFO - [2025-04-15T19:45:15.120+0000] {dagbag.py:588} INFO - Filling up the DagBag from /home/airflow/.local/lib/python3.12/site-packages/airflow/example_dags/example_params_trigger_ui.py
[2025-04-15T19:45:15.139+0000] {processor.py:925} INFO - DAG(s) 'example_params_trigger_ui' retrieved from /home/airflow/.local/lib/python3.12/site-packages/airflow/example_dags/example_params_trigger_ui.py
[2025-04-15T19:45:15.215+0000] {logging_mixin.py:190} INFO - [2025-04-15T19:45:15.214+0000] {dag.py:3239} INFO - Sync 1 DAGs
[2025-04-15T19:45:15.241+0000] {logging_mixin.py:190} INFO - [2025-04-15T19:45:15.240+0000] {dag.py:4180} INFO - Setting next_dagrun for example_params_trigger_ui to None, run_after=None
[2025-04-15T19:45:15.289+0000] {processor.py:208} INFO - Processing /home/airflow/.local/lib/python3.12/site-packages/airflow/example_dags/example_params_trigger_ui.py took 0.179 seconds
[2025-04-15T19:45:45.793+0000] {processor.py:186} INFO - Started process (PID=17117) to work on /home/airflow/.local/lib/python3.12/site-packages/airflow/example_dags/example_params_trigger_ui.py
[2025-04-15T19:45:45.794+0000] {processor.py:914} INFO - Processing file /home/airflow/.local/lib/python3.12/site-packages/airflow/example_dags/example_params_trigger_ui.py for tasks to queue
[2025-04-15T19:45:45.797+0000] {logging_mixin.py:190} INFO - [2025-04-15T19:45:45.796+0000] {dagbag.py:588} INFO - Filling up the DagBag from /home/airflow/.local/lib/python3.12/site-packages/airflow/example_dags/example_params_trigger_ui.py
[2025-04-15T19:45:45.815+0000] {processor.py:925} INFO - DAG(s) 'example_params_trigger_ui' retrieved from /home/airflow/.local/lib/python3.12/site-packages/airflow/example_dags/example_params_trigger_ui.py
[2025-04-15T19:45:45.890+0000] {logging_mixin.py:190} INFO - [2025-04-15T19:45:45.890+0000] {dag.py:3239} INFO - Sync 1 DAGs
[2025-04-15T19:45:45.910+0000] {logging_mixin.py:190} INFO - [2025-04-15T19:45:45.910+0000] {dag.py:4180} INFO - Setting next_dagrun for example_params_trigger_ui to None, run_after=None
[2025-04-15T19:45:45.939+0000] {processor.py:208} INFO - Processing /home/airflow/.local/lib/python3.12/site-packages/airflow/example_dags/example_params_trigger_ui.py took 0.155 seconds
[2025-04-15T19:46:16.343+0000] {processor.py:186} INFO - Started process (PID=17184) to work on /home/airflow/.local/lib/python3.12/site-packages/airflow/example_dags/example_params_trigger_ui.py
[2025-04-15T19:46:16.345+0000] {processor.py:914} INFO - Processing file /home/airflow/.local/lib/python3.12/site-packages/airflow/example_dags/example_params_trigger_ui.py for tasks to queue
[2025-04-15T19:46:16.347+0000] {logging_mixin.py:190} INFO - [2025-04-15T19:46:16.346+0000] {dagbag.py:588} INFO - Filling up the DagBag from /home/airflow/.local/lib/python3.12/site-packages/airflow/example_dags/example_params_trigger_ui.py
[2025-04-15T19:46:16.373+0000] {processor.py:925} INFO - DAG(s) 'example_params_trigger_ui' retrieved from /home/airflow/.local/lib/python3.12/site-packages/airflow/example_dags/example_params_trigger_ui.py
[2025-04-15T19:46:16.463+0000] {logging_mixin.py:190} INFO - [2025-04-15T19:46:16.463+0000] {dag.py:3239} INFO - Sync 1 DAGs
[2025-04-15T19:46:16.486+0000] {logging_mixin.py:190} INFO - [2025-04-15T19:46:16.486+0000] {dag.py:4180} INFO - Setting next_dagrun for example_params_trigger_ui to None, run_after=None
[2025-04-15T19:46:16.515+0000] {processor.py:208} INFO - Processing /home/airflow/.local/lib/python3.12/site-packages/airflow/example_dags/example_params_trigger_ui.py took 0.183 seconds
[2025-04-15T19:46:47.512+0000] {processor.py:186} INFO - Started process (PID=17251) to work on /home/airflow/.local/lib/python3.12/site-packages/airflow/example_dags/example_params_trigger_ui.py
[2025-04-15T19:46:47.514+0000] {processor.py:914} INFO - Processing file /home/airflow/.local/lib/python3.12/site-packages/airflow/example_dags/example_params_trigger_ui.py for tasks to queue
[2025-04-15T19:46:47.516+0000] {logging_mixin.py:190} INFO - [2025-04-15T19:46:47.515+0000] {dagbag.py:588} INFO - Filling up the DagBag from /home/airflow/.local/lib/python3.12/site-packages/airflow/example_dags/example_params_trigger_ui.py
[2025-04-15T19:46:47.534+0000] {processor.py:925} INFO - DAG(s) 'example_params_trigger_ui' retrieved from /home/airflow/.local/lib/python3.12/site-packages/airflow/example_dags/example_params_trigger_ui.py
[2025-04-15T19:46:47.611+0000] {logging_mixin.py:190} INFO - [2025-04-15T19:46:47.610+0000] {dag.py:3239} INFO - Sync 1 DAGs
[2025-04-15T19:46:47.633+0000] {logging_mixin.py:190} INFO - [2025-04-15T19:46:47.633+0000] {dag.py:4180} INFO - Setting next_dagrun for example_params_trigger_ui to None, run_after=None
[2025-04-15T19:46:47.663+0000] {processor.py:208} INFO - Processing /home/airflow/.local/lib/python3.12/site-packages/airflow/example_dags/example_params_trigger_ui.py took 0.161 seconds
[2025-04-15T19:47:17.913+0000] {processor.py:186} INFO - Started process (PID=17318) to work on /home/airflow/.local/lib/python3.12/site-packages/airflow/example_dags/example_params_trigger_ui.py
[2025-04-15T19:47:17.914+0000] {processor.py:914} INFO - Processing file /home/airflow/.local/lib/python3.12/site-packages/airflow/example_dags/example_params_trigger_ui.py for tasks to queue
[2025-04-15T19:47:17.916+0000] {logging_mixin.py:190} INFO - [2025-04-15T19:47:17.916+0000] {dagbag.py:588} INFO - Filling up the DagBag from /home/airflow/.local/lib/python3.12/site-packages/airflow/example_dags/example_params_trigger_ui.py
[2025-04-15T19:47:17.936+0000] {processor.py:925} INFO - DAG(s) 'example_params_trigger_ui' retrieved from /home/airflow/.local/lib/python3.12/site-packages/airflow/example_dags/example_params_trigger_ui.py
[2025-04-15T19:47:18.015+0000] {logging_mixin.py:190} INFO - [2025-04-15T19:47:18.015+0000] {dag.py:3239} INFO - Sync 1 DAGs
[2025-04-15T19:47:18.039+0000] {logging_mixin.py:190} INFO - [2025-04-15T19:47:18.039+0000] {dag.py:4180} INFO - Setting next_dagrun for example_params_trigger_ui to None, run_after=None
[2025-04-15T19:47:18.070+0000] {processor.py:208} INFO - Processing /home/airflow/.local/lib/python3.12/site-packages/airflow/example_dags/example_params_trigger_ui.py took 0.167 seconds
[2025-04-15T19:47:48.684+0000] {processor.py:186} INFO - Started process (PID=17385) to work on /home/airflow/.local/lib/python3.12/site-packages/airflow/example_dags/example_params_trigger_ui.py
[2025-04-15T19:47:48.686+0000] {processor.py:914} INFO - Processing file /home/airflow/.local/lib/python3.12/site-packages/airflow/example_dags/example_params_trigger_ui.py for tasks to queue
[2025-04-15T19:47:48.688+0000] {logging_mixin.py:190} INFO - [2025-04-15T19:47:48.687+0000] {dagbag.py:588} INFO - Filling up the DagBag from /home/airflow/.local/lib/python3.12/site-packages/airflow/example_dags/example_params_trigger_ui.py
[2025-04-15T19:47:48.708+0000] {processor.py:925} INFO - DAG(s) 'example_params_trigger_ui' retrieved from /home/airflow/.local/lib/python3.12/site-packages/airflow/example_dags/example_params_trigger_ui.py
[2025-04-15T19:47:48.799+0000] {logging_mixin.py:190} INFO - [2025-04-15T19:47:48.799+0000] {dag.py:3239} INFO - Sync 1 DAGs
[2025-04-15T19:47:48.825+0000] {logging_mixin.py:190} INFO - [2025-04-15T19:47:48.824+0000] {dag.py:4180} INFO - Setting next_dagrun for example_params_trigger_ui to None, run_after=None
[2025-04-15T19:47:48.854+0000] {processor.py:208} INFO - Processing /home/airflow/.local/lib/python3.12/site-packages/airflow/example_dags/example_params_trigger_ui.py took 0.180 seconds
[2025-04-15T19:48:18.946+0000] {processor.py:186} INFO - Started process (PID=17452) to work on /home/airflow/.local/lib/python3.12/site-packages/airflow/example_dags/example_params_trigger_ui.py
[2025-04-15T19:48:18.947+0000] {processor.py:914} INFO - Processing file /home/airflow/.local/lib/python3.12/site-packages/airflow/example_dags/example_params_trigger_ui.py for tasks to queue
[2025-04-15T19:48:18.948+0000] {logging_mixin.py:190} INFO - [2025-04-15T19:48:18.947+0000] {dagbag.py:588} INFO - Filling up the DagBag from /home/airflow/.local/lib/python3.12/site-packages/airflow/example_dags/example_params_trigger_ui.py
[2025-04-15T19:48:18.963+0000] {processor.py:925} INFO - DAG(s) 'example_params_trigger_ui' retrieved from /home/airflow/.local/lib/python3.12/site-packages/airflow/example_dags/example_params_trigger_ui.py
[2025-04-15T19:48:19.020+0000] {logging_mixin.py:190} INFO - [2025-04-15T19:48:19.020+0000] {dag.py:3239} INFO - Sync 1 DAGs
[2025-04-15T19:48:19.037+0000] {logging_mixin.py:190} INFO - [2025-04-15T19:48:19.037+0000] {dag.py:4180} INFO - Setting next_dagrun for example_params_trigger_ui to None, run_after=None
[2025-04-15T19:48:19.060+0000] {processor.py:208} INFO - Processing /home/airflow/.local/lib/python3.12/site-packages/airflow/example_dags/example_params_trigger_ui.py took 0.122 seconds
[2025-04-15T19:48:49.391+0000] {processor.py:186} INFO - Started process (PID=17519) to work on /home/airflow/.local/lib/python3.12/site-packages/airflow/example_dags/example_params_trigger_ui.py
[2025-04-15T19:48:49.392+0000] {processor.py:914} INFO - Processing file /home/airflow/.local/lib/python3.12/site-packages/airflow/example_dags/example_params_trigger_ui.py for tasks to queue
[2025-04-15T19:48:49.394+0000] {logging_mixin.py:190} INFO - [2025-04-15T19:48:49.393+0000] {dagbag.py:588} INFO - Filling up the DagBag from /home/airflow/.local/lib/python3.12/site-packages/airflow/example_dags/example_params_trigger_ui.py
[2025-04-15T19:48:49.409+0000] {processor.py:925} INFO - DAG(s) 'example_params_trigger_ui' retrieved from /home/airflow/.local/lib/python3.12/site-packages/airflow/example_dags/example_params_trigger_ui.py
[2025-04-15T19:48:49.470+0000] {logging_mixin.py:190} INFO - [2025-04-15T19:48:49.470+0000] {dag.py:3239} INFO - Sync 1 DAGs
[2025-04-15T19:48:49.488+0000] {logging_mixin.py:190} INFO - [2025-04-15T19:48:49.488+0000] {dag.py:4180} INFO - Setting next_dagrun for example_params_trigger_ui to None, run_after=None
[2025-04-15T19:48:49.514+0000] {processor.py:208} INFO - Processing /home/airflow/.local/lib/python3.12/site-packages/airflow/example_dags/example_params_trigger_ui.py took 0.131 seconds
[2025-04-15T19:49:20.190+0000] {processor.py:186} INFO - Started process (PID=17586) to work on /home/airflow/.local/lib/python3.12/site-packages/airflow/example_dags/example_params_trigger_ui.py
[2025-04-15T19:49:20.191+0000] {processor.py:914} INFO - Processing file /home/airflow/.local/lib/python3.12/site-packages/airflow/example_dags/example_params_trigger_ui.py for tasks to queue
[2025-04-15T19:49:20.194+0000] {logging_mixin.py:190} INFO - [2025-04-15T19:49:20.193+0000] {dagbag.py:588} INFO - Filling up the DagBag from /home/airflow/.local/lib/python3.12/site-packages/airflow/example_dags/example_params_trigger_ui.py
[2025-04-15T19:49:20.216+0000] {processor.py:925} INFO - DAG(s) 'example_params_trigger_ui' retrieved from /home/airflow/.local/lib/python3.12/site-packages/airflow/example_dags/example_params_trigger_ui.py
[2025-04-15T19:49:20.309+0000] {logging_mixin.py:190} INFO - [2025-04-15T19:49:20.308+0000] {dag.py:3239} INFO - Sync 1 DAGs
[2025-04-15T19:49:20.337+0000] {logging_mixin.py:190} INFO - [2025-04-15T19:49:20.336+0000] {dag.py:4180} INFO - Setting next_dagrun for example_params_trigger_ui to None, run_after=None
[2025-04-15T19:49:20.375+0000] {processor.py:208} INFO - Processing /home/airflow/.local/lib/python3.12/site-packages/airflow/example_dags/example_params_trigger_ui.py took 0.194 seconds
[2025-04-15T19:49:50.851+0000] {processor.py:186} INFO - Started process (PID=17653) to work on /home/airflow/.local/lib/python3.12/site-packages/airflow/example_dags/example_params_trigger_ui.py
[2025-04-15T19:49:50.852+0000] {processor.py:914} INFO - Processing file /home/airflow/.local/lib/python3.12/site-packages/airflow/example_dags/example_params_trigger_ui.py for tasks to queue
[2025-04-15T19:49:50.854+0000] {logging_mixin.py:190} INFO - [2025-04-15T19:49:50.854+0000] {dagbag.py:588} INFO - Filling up the DagBag from /home/airflow/.local/lib/python3.12/site-packages/airflow/example_dags/example_params_trigger_ui.py
[2025-04-15T19:49:50.872+0000] {processor.py:925} INFO - DAG(s) 'example_params_trigger_ui' retrieved from /home/airflow/.local/lib/python3.12/site-packages/airflow/example_dags/example_params_trigger_ui.py
[2025-04-15T19:49:50.943+0000] {logging_mixin.py:190} INFO - [2025-04-15T19:49:50.943+0000] {dag.py:3239} INFO - Sync 1 DAGs
[2025-04-15T19:49:50.973+0000] {logging_mixin.py:190} INFO - [2025-04-15T19:49:50.973+0000] {dag.py:4180} INFO - Setting next_dagrun for example_params_trigger_ui to None, run_after=None
[2025-04-15T19:49:51.004+0000] {processor.py:208} INFO - Processing /home/airflow/.local/lib/python3.12/site-packages/airflow/example_dags/example_params_trigger_ui.py took 0.160 seconds
[2025-04-15T19:50:21.770+0000] {processor.py:186} INFO - Started process (PID=17719) to work on /home/airflow/.local/lib/python3.12/site-packages/airflow/example_dags/example_params_trigger_ui.py
[2025-04-15T19:50:21.772+0000] {processor.py:914} INFO - Processing file /home/airflow/.local/lib/python3.12/site-packages/airflow/example_dags/example_params_trigger_ui.py for tasks to queue
[2025-04-15T19:50:21.775+0000] {logging_mixin.py:190} INFO - [2025-04-15T19:50:21.774+0000] {dagbag.py:588} INFO - Filling up the DagBag from /home/airflow/.local/lib/python3.12/site-packages/airflow/example_dags/example_params_trigger_ui.py
[2025-04-15T19:50:21.797+0000] {processor.py:925} INFO - DAG(s) 'example_params_trigger_ui' retrieved from /home/airflow/.local/lib/python3.12/site-packages/airflow/example_dags/example_params_trigger_ui.py
[2025-04-15T19:50:21.880+0000] {logging_mixin.py:190} INFO - [2025-04-15T19:50:21.879+0000] {dag.py:3239} INFO - Sync 1 DAGs
[2025-04-15T19:50:21.899+0000] {logging_mixin.py:190} INFO - [2025-04-15T19:50:21.899+0000] {dag.py:4180} INFO - Setting next_dagrun for example_params_trigger_ui to None, run_after=None
[2025-04-15T19:50:21.925+0000] {processor.py:208} INFO - Processing /home/airflow/.local/lib/python3.12/site-packages/airflow/example_dags/example_params_trigger_ui.py took 0.166 seconds
[2025-04-15T19:50:52.345+0000] {processor.py:186} INFO - Started process (PID=17786) to work on /home/airflow/.local/lib/python3.12/site-packages/airflow/example_dags/example_params_trigger_ui.py
[2025-04-15T19:50:52.347+0000] {processor.py:914} INFO - Processing file /home/airflow/.local/lib/python3.12/site-packages/airflow/example_dags/example_params_trigger_ui.py for tasks to queue
[2025-04-15T19:50:52.349+0000] {logging_mixin.py:190} INFO - [2025-04-15T19:50:52.349+0000] {dagbag.py:588} INFO - Filling up the DagBag from /home/airflow/.local/lib/python3.12/site-packages/airflow/example_dags/example_params_trigger_ui.py
[2025-04-15T19:50:52.368+0000] {processor.py:925} INFO - DAG(s) 'example_params_trigger_ui' retrieved from /home/airflow/.local/lib/python3.12/site-packages/airflow/example_dags/example_params_trigger_ui.py
[2025-04-15T19:50:52.443+0000] {logging_mixin.py:190} INFO - [2025-04-15T19:50:52.443+0000] {dag.py:3239} INFO - Sync 1 DAGs
[2025-04-15T19:50:52.464+0000] {logging_mixin.py:190} INFO - [2025-04-15T19:50:52.464+0000] {dag.py:4180} INFO - Setting next_dagrun for example_params_trigger_ui to None, run_after=None
[2025-04-15T19:50:52.493+0000] {processor.py:208} INFO - Processing /home/airflow/.local/lib/python3.12/site-packages/airflow/example_dags/example_params_trigger_ui.py took 0.156 seconds
[2025-04-15T19:51:22.927+0000] {processor.py:186} INFO - Started process (PID=17853) to work on /home/airflow/.local/lib/python3.12/site-packages/airflow/example_dags/example_params_trigger_ui.py
[2025-04-15T19:51:22.928+0000] {processor.py:914} INFO - Processing file /home/airflow/.local/lib/python3.12/site-packages/airflow/example_dags/example_params_trigger_ui.py for tasks to queue
[2025-04-15T19:51:22.930+0000] {logging_mixin.py:190} INFO - [2025-04-15T19:51:22.929+0000] {dagbag.py:588} INFO - Filling up the DagBag from /home/airflow/.local/lib/python3.12/site-packages/airflow/example_dags/example_params_trigger_ui.py
[2025-04-15T19:51:22.952+0000] {processor.py:925} INFO - DAG(s) 'example_params_trigger_ui' retrieved from /home/airflow/.local/lib/python3.12/site-packages/airflow/example_dags/example_params_trigger_ui.py
[2025-04-15T19:51:23.022+0000] {logging_mixin.py:190} INFO - [2025-04-15T19:51:23.022+0000] {dag.py:3239} INFO - Sync 1 DAGs
[2025-04-15T19:51:23.045+0000] {logging_mixin.py:190} INFO - [2025-04-15T19:51:23.045+0000] {dag.py:4180} INFO - Setting next_dagrun for example_params_trigger_ui to None, run_after=None
[2025-04-15T19:51:23.077+0000] {processor.py:208} INFO - Processing /home/airflow/.local/lib/python3.12/site-packages/airflow/example_dags/example_params_trigger_ui.py took 0.159 seconds
[2025-04-15T19:51:53.187+0000] {processor.py:186} INFO - Started process (PID=17920) to work on /home/airflow/.local/lib/python3.12/site-packages/airflow/example_dags/example_params_trigger_ui.py
[2025-04-15T19:51:53.189+0000] {processor.py:914} INFO - Processing file /home/airflow/.local/lib/python3.12/site-packages/airflow/example_dags/example_params_trigger_ui.py for tasks to queue
[2025-04-15T19:51:53.191+0000] {logging_mixin.py:190} INFO - [2025-04-15T19:51:53.190+0000] {dagbag.py:588} INFO - Filling up the DagBag from /home/airflow/.local/lib/python3.12/site-packages/airflow/example_dags/example_params_trigger_ui.py
[2025-04-15T19:51:53.208+0000] {processor.py:925} INFO - DAG(s) 'example_params_trigger_ui' retrieved from /home/airflow/.local/lib/python3.12/site-packages/airflow/example_dags/example_params_trigger_ui.py
[2025-04-15T19:51:53.279+0000] {logging_mixin.py:190} INFO - [2025-04-15T19:51:53.279+0000] {dag.py:3239} INFO - Sync 1 DAGs
[2025-04-15T19:51:53.300+0000] {logging_mixin.py:190} INFO - [2025-04-15T19:51:53.300+0000] {dag.py:4180} INFO - Setting next_dagrun for example_params_trigger_ui to None, run_after=None
[2025-04-15T19:51:53.331+0000] {processor.py:208} INFO - Processing /home/airflow/.local/lib/python3.12/site-packages/airflow/example_dags/example_params_trigger_ui.py took 0.153 seconds
[2025-04-15T19:52:23.522+0000] {processor.py:186} INFO - Started process (PID=17987) to work on /home/airflow/.local/lib/python3.12/site-packages/airflow/example_dags/example_params_trigger_ui.py
[2025-04-15T19:52:23.523+0000] {processor.py:914} INFO - Processing file /home/airflow/.local/lib/python3.12/site-packages/airflow/example_dags/example_params_trigger_ui.py for tasks to queue
[2025-04-15T19:52:23.525+0000] {logging_mixin.py:190} INFO - [2025-04-15T19:52:23.525+0000] {dagbag.py:588} INFO - Filling up the DagBag from /home/airflow/.local/lib/python3.12/site-packages/airflow/example_dags/example_params_trigger_ui.py
[2025-04-15T19:52:23.546+0000] {processor.py:925} INFO - DAG(s) 'example_params_trigger_ui' retrieved from /home/airflow/.local/lib/python3.12/site-packages/airflow/example_dags/example_params_trigger_ui.py
[2025-04-15T19:52:23.607+0000] {logging_mixin.py:190} INFO - [2025-04-15T19:52:23.607+0000] {dag.py:3239} INFO - Sync 1 DAGs
[2025-04-15T19:52:23.625+0000] {logging_mixin.py:190} INFO - [2025-04-15T19:52:23.625+0000] {dag.py:4180} INFO - Setting next_dagrun for example_params_trigger_ui to None, run_after=None
[2025-04-15T19:52:23.649+0000] {processor.py:208} INFO - Processing /home/airflow/.local/lib/python3.12/site-packages/airflow/example_dags/example_params_trigger_ui.py took 0.135 seconds
[2025-04-15T19:52:55.068+0000] {processor.py:186} INFO - Started process (PID=18054) to work on /home/airflow/.local/lib/python3.12/site-packages/airflow/example_dags/example_params_trigger_ui.py
[2025-04-15T19:52:55.069+0000] {processor.py:914} INFO - Processing file /home/airflow/.local/lib/python3.12/site-packages/airflow/example_dags/example_params_trigger_ui.py for tasks to queue
[2025-04-15T19:52:55.071+0000] {logging_mixin.py:190} INFO - [2025-04-15T19:52:55.070+0000] {dagbag.py:588} INFO - Filling up the DagBag from /home/airflow/.local/lib/python3.12/site-packages/airflow/example_dags/example_params_trigger_ui.py
[2025-04-15T19:52:55.085+0000] {processor.py:925} INFO - DAG(s) 'example_params_trigger_ui' retrieved from /home/airflow/.local/lib/python3.12/site-packages/airflow/example_dags/example_params_trigger_ui.py
[2025-04-15T19:52:55.140+0000] {logging_mixin.py:190} INFO - [2025-04-15T19:52:55.139+0000] {dag.py:3239} INFO - Sync 1 DAGs
[2025-04-15T19:52:55.158+0000] {logging_mixin.py:190} INFO - [2025-04-15T19:52:55.158+0000] {dag.py:4180} INFO - Setting next_dagrun for example_params_trigger_ui to None, run_after=None
[2025-04-15T19:52:55.181+0000] {processor.py:208} INFO - Processing /home/airflow/.local/lib/python3.12/site-packages/airflow/example_dags/example_params_trigger_ui.py took 0.120 seconds
[2025-04-15T19:53:25.673+0000] {processor.py:186} INFO - Started process (PID=18126) to work on /home/airflow/.local/lib/python3.12/site-packages/airflow/example_dags/example_params_trigger_ui.py
[2025-04-15T19:53:25.674+0000] {processor.py:914} INFO - Processing file /home/airflow/.local/lib/python3.12/site-packages/airflow/example_dags/example_params_trigger_ui.py for tasks to queue
[2025-04-15T19:53:25.675+0000] {logging_mixin.py:190} INFO - [2025-04-15T19:53:25.675+0000] {dagbag.py:588} INFO - Filling up the DagBag from /home/airflow/.local/lib/python3.12/site-packages/airflow/example_dags/example_params_trigger_ui.py
[2025-04-15T19:53:25.687+0000] {processor.py:925} INFO - DAG(s) 'example_params_trigger_ui' retrieved from /home/airflow/.local/lib/python3.12/site-packages/airflow/example_dags/example_params_trigger_ui.py
[2025-04-15T19:53:25.733+0000] {logging_mixin.py:190} INFO - [2025-04-15T19:53:25.733+0000] {dag.py:3239} INFO - Sync 1 DAGs
[2025-04-15T19:53:25.750+0000] {logging_mixin.py:190} INFO - [2025-04-15T19:53:25.750+0000] {dag.py:4180} INFO - Setting next_dagrun for example_params_trigger_ui to None, run_after=None
[2025-04-15T19:53:25.772+0000] {processor.py:208} INFO - Processing /home/airflow/.local/lib/python3.12/site-packages/airflow/example_dags/example_params_trigger_ui.py took 0.105 seconds
[2025-04-15T19:53:56.459+0000] {processor.py:186} INFO - Started process (PID=18192) to work on /home/airflow/.local/lib/python3.12/site-packages/airflow/example_dags/example_params_trigger_ui.py
[2025-04-15T19:53:56.460+0000] {processor.py:914} INFO - Processing file /home/airflow/.local/lib/python3.12/site-packages/airflow/example_dags/example_params_trigger_ui.py for tasks to queue
[2025-04-15T19:53:56.461+0000] {logging_mixin.py:190} INFO - [2025-04-15T19:53:56.461+0000] {dagbag.py:588} INFO - Filling up the DagBag from /home/airflow/.local/lib/python3.12/site-packages/airflow/example_dags/example_params_trigger_ui.py
[2025-04-15T19:53:56.475+0000] {processor.py:925} INFO - DAG(s) 'example_params_trigger_ui' retrieved from /home/airflow/.local/lib/python3.12/site-packages/airflow/example_dags/example_params_trigger_ui.py
[2025-04-15T19:53:56.535+0000] {logging_mixin.py:190} INFO - [2025-04-15T19:53:56.535+0000] {dag.py:3239} INFO - Sync 1 DAGs
[2025-04-15T19:53:56.558+0000] {logging_mixin.py:190} INFO - [2025-04-15T19:53:56.558+0000] {dag.py:4180} INFO - Setting next_dagrun for example_params_trigger_ui to None, run_after=None
[2025-04-15T19:53:56.587+0000] {processor.py:208} INFO - Processing /home/airflow/.local/lib/python3.12/site-packages/airflow/example_dags/example_params_trigger_ui.py took 0.134 seconds
[2025-04-15T19:54:27.821+0000] {processor.py:186} INFO - Started process (PID=18259) to work on /home/airflow/.local/lib/python3.12/site-packages/airflow/example_dags/example_params_trigger_ui.py
[2025-04-15T19:54:27.824+0000] {processor.py:914} INFO - Processing file /home/airflow/.local/lib/python3.12/site-packages/airflow/example_dags/example_params_trigger_ui.py for tasks to queue
[2025-04-15T19:54:27.827+0000] {logging_mixin.py:190} INFO - [2025-04-15T19:54:27.826+0000] {dagbag.py:588} INFO - Filling up the DagBag from /home/airflow/.local/lib/python3.12/site-packages/airflow/example_dags/example_params_trigger_ui.py
[2025-04-15T19:54:27.850+0000] {processor.py:925} INFO - DAG(s) 'example_params_trigger_ui' retrieved from /home/airflow/.local/lib/python3.12/site-packages/airflow/example_dags/example_params_trigger_ui.py
[2025-04-15T19:54:27.933+0000] {logging_mixin.py:190} INFO - [2025-04-15T19:54:27.932+0000] {dag.py:3239} INFO - Sync 1 DAGs
[2025-04-15T19:54:27.962+0000] {logging_mixin.py:190} INFO - [2025-04-15T19:54:27.962+0000] {dag.py:4180} INFO - Setting next_dagrun for example_params_trigger_ui to None, run_after=None
[2025-04-15T19:54:27.996+0000] {processor.py:208} INFO - Processing /home/airflow/.local/lib/python3.12/site-packages/airflow/example_dags/example_params_trigger_ui.py took 0.189 seconds
[2025-04-15T19:54:58.897+0000] {processor.py:186} INFO - Started process (PID=18326) to work on /home/airflow/.local/lib/python3.12/site-packages/airflow/example_dags/example_params_trigger_ui.py
[2025-04-15T19:54:58.898+0000] {processor.py:914} INFO - Processing file /home/airflow/.local/lib/python3.12/site-packages/airflow/example_dags/example_params_trigger_ui.py for tasks to queue
[2025-04-15T19:54:58.900+0000] {logging_mixin.py:190} INFO - [2025-04-15T19:54:58.899+0000] {dagbag.py:588} INFO - Filling up the DagBag from /home/airflow/.local/lib/python3.12/site-packages/airflow/example_dags/example_params_trigger_ui.py
[2025-04-15T19:54:58.913+0000] {processor.py:925} INFO - DAG(s) 'example_params_trigger_ui' retrieved from /home/airflow/.local/lib/python3.12/site-packages/airflow/example_dags/example_params_trigger_ui.py
[2025-04-15T19:54:58.968+0000] {logging_mixin.py:190} INFO - [2025-04-15T19:54:58.968+0000] {dag.py:3239} INFO - Sync 1 DAGs
[2025-04-15T19:54:58.985+0000] {logging_mixin.py:190} INFO - [2025-04-15T19:54:58.985+0000] {dag.py:4180} INFO - Setting next_dagrun for example_params_trigger_ui to None, run_after=None
[2025-04-15T19:54:59.007+0000] {processor.py:208} INFO - Processing /home/airflow/.local/lib/python3.12/site-packages/airflow/example_dags/example_params_trigger_ui.py took 0.117 seconds
[2025-04-15T19:55:29.611+0000] {processor.py:186} INFO - Started process (PID=18391) to work on /home/airflow/.local/lib/python3.12/site-packages/airflow/example_dags/example_params_trigger_ui.py
[2025-04-15T19:55:29.613+0000] {processor.py:914} INFO - Processing file /home/airflow/.local/lib/python3.12/site-packages/airflow/example_dags/example_params_trigger_ui.py for tasks to queue
[2025-04-15T19:55:29.615+0000] {logging_mixin.py:190} INFO - [2025-04-15T19:55:29.614+0000] {dagbag.py:588} INFO - Filling up the DagBag from /home/airflow/.local/lib/python3.12/site-packages/airflow/example_dags/example_params_trigger_ui.py
[2025-04-15T19:55:29.632+0000] {processor.py:925} INFO - DAG(s) 'example_params_trigger_ui' retrieved from /home/airflow/.local/lib/python3.12/site-packages/airflow/example_dags/example_params_trigger_ui.py
[2025-04-15T19:55:29.718+0000] {logging_mixin.py:190} INFO - [2025-04-15T19:55:29.717+0000] {dag.py:3239} INFO - Sync 1 DAGs
[2025-04-15T19:55:29.746+0000] {logging_mixin.py:190} INFO - [2025-04-15T19:55:29.745+0000] {dag.py:4180} INFO - Setting next_dagrun for example_params_trigger_ui to None, run_after=None
[2025-04-15T19:55:29.781+0000] {processor.py:208} INFO - Processing /home/airflow/.local/lib/python3.12/site-packages/airflow/example_dags/example_params_trigger_ui.py took 0.179 seconds
[2025-04-15T19:56:00.075+0000] {processor.py:186} INFO - Started process (PID=18458) to work on /home/airflow/.local/lib/python3.12/site-packages/airflow/example_dags/example_params_trigger_ui.py
[2025-04-15T19:56:00.076+0000] {processor.py:914} INFO - Processing file /home/airflow/.local/lib/python3.12/site-packages/airflow/example_dags/example_params_trigger_ui.py for tasks to queue
[2025-04-15T19:56:00.078+0000] {logging_mixin.py:190} INFO - [2025-04-15T19:56:00.078+0000] {dagbag.py:588} INFO - Filling up the DagBag from /home/airflow/.local/lib/python3.12/site-packages/airflow/example_dags/example_params_trigger_ui.py
[2025-04-15T19:56:00.097+0000] {processor.py:925} INFO - DAG(s) 'example_params_trigger_ui' retrieved from /home/airflow/.local/lib/python3.12/site-packages/airflow/example_dags/example_params_trigger_ui.py
[2025-04-15T19:56:00.181+0000] {logging_mixin.py:190} INFO - [2025-04-15T19:56:00.180+0000] {dag.py:3239} INFO - Sync 1 DAGs
[2025-04-15T19:56:00.214+0000] {logging_mixin.py:190} INFO - [2025-04-15T19:56:00.214+0000] {dag.py:4180} INFO - Setting next_dagrun for example_params_trigger_ui to None, run_after=None
[2025-04-15T19:56:00.250+0000] {processor.py:208} INFO - Processing /home/airflow/.local/lib/python3.12/site-packages/airflow/example_dags/example_params_trigger_ui.py took 0.183 seconds
[2025-04-15T19:56:30.331+0000] {processor.py:186} INFO - Started process (PID=18524) to work on /home/airflow/.local/lib/python3.12/site-packages/airflow/example_dags/example_params_trigger_ui.py
[2025-04-15T19:56:30.332+0000] {processor.py:914} INFO - Processing file /home/airflow/.local/lib/python3.12/site-packages/airflow/example_dags/example_params_trigger_ui.py for tasks to queue
[2025-04-15T19:56:30.335+0000] {logging_mixin.py:190} INFO - [2025-04-15T19:56:30.334+0000] {dagbag.py:588} INFO - Filling up the DagBag from /home/airflow/.local/lib/python3.12/site-packages/airflow/example_dags/example_params_trigger_ui.py
[2025-04-15T19:56:30.353+0000] {processor.py:925} INFO - DAG(s) 'example_params_trigger_ui' retrieved from /home/airflow/.local/lib/python3.12/site-packages/airflow/example_dags/example_params_trigger_ui.py
[2025-04-15T19:56:30.431+0000] {logging_mixin.py:190} INFO - [2025-04-15T19:56:30.430+0000] {dag.py:3239} INFO - Sync 1 DAGs
[2025-04-15T19:56:30.460+0000] {logging_mixin.py:190} INFO - [2025-04-15T19:56:30.459+0000] {dag.py:4180} INFO - Setting next_dagrun for example_params_trigger_ui to None, run_after=None
[2025-04-15T19:56:30.492+0000] {processor.py:208} INFO - Processing /home/airflow/.local/lib/python3.12/site-packages/airflow/example_dags/example_params_trigger_ui.py took 0.170 seconds
[2025-04-15T19:57:01.070+0000] {processor.py:186} INFO - Started process (PID=18591) to work on /home/airflow/.local/lib/python3.12/site-packages/airflow/example_dags/example_params_trigger_ui.py
[2025-04-15T19:57:01.072+0000] {processor.py:914} INFO - Processing file /home/airflow/.local/lib/python3.12/site-packages/airflow/example_dags/example_params_trigger_ui.py for tasks to queue
[2025-04-15T19:57:01.074+0000] {logging_mixin.py:190} INFO - [2025-04-15T19:57:01.073+0000] {dagbag.py:588} INFO - Filling up the DagBag from /home/airflow/.local/lib/python3.12/site-packages/airflow/example_dags/example_params_trigger_ui.py
[2025-04-15T19:57:01.091+0000] {processor.py:925} INFO - DAG(s) 'example_params_trigger_ui' retrieved from /home/airflow/.local/lib/python3.12/site-packages/airflow/example_dags/example_params_trigger_ui.py
[2025-04-15T19:57:01.163+0000] {logging_mixin.py:190} INFO - [2025-04-15T19:57:01.163+0000] {dag.py:3239} INFO - Sync 1 DAGs
[2025-04-15T19:57:01.187+0000] {logging_mixin.py:190} INFO - [2025-04-15T19:57:01.187+0000] {dag.py:4180} INFO - Setting next_dagrun for example_params_trigger_ui to None, run_after=None
[2025-04-15T19:57:01.216+0000] {processor.py:208} INFO - Processing /home/airflow/.local/lib/python3.12/site-packages/airflow/example_dags/example_params_trigger_ui.py took 0.155 seconds
[2025-04-15T19:57:31.424+0000] {processor.py:186} INFO - Started process (PID=18658) to work on /home/airflow/.local/lib/python3.12/site-packages/airflow/example_dags/example_params_trigger_ui.py
[2025-04-15T19:57:31.425+0000] {processor.py:914} INFO - Processing file /home/airflow/.local/lib/python3.12/site-packages/airflow/example_dags/example_params_trigger_ui.py for tasks to queue
[2025-04-15T19:57:31.427+0000] {logging_mixin.py:190} INFO - [2025-04-15T19:57:31.427+0000] {dagbag.py:588} INFO - Filling up the DagBag from /home/airflow/.local/lib/python3.12/site-packages/airflow/example_dags/example_params_trigger_ui.py
[2025-04-15T19:57:31.447+0000] {processor.py:925} INFO - DAG(s) 'example_params_trigger_ui' retrieved from /home/airflow/.local/lib/python3.12/site-packages/airflow/example_dags/example_params_trigger_ui.py
[2025-04-15T19:57:31.524+0000] {logging_mixin.py:190} INFO - [2025-04-15T19:57:31.524+0000] {dag.py:3239} INFO - Sync 1 DAGs
[2025-04-15T19:57:31.546+0000] {logging_mixin.py:190} INFO - [2025-04-15T19:57:31.545+0000] {dag.py:4180} INFO - Setting next_dagrun for example_params_trigger_ui to None, run_after=None
[2025-04-15T19:57:31.575+0000] {processor.py:208} INFO - Processing /home/airflow/.local/lib/python3.12/site-packages/airflow/example_dags/example_params_trigger_ui.py took 0.160 seconds
[2025-04-15T19:58:01.969+0000] {processor.py:186} INFO - Started process (PID=18725) to work on /home/airflow/.local/lib/python3.12/site-packages/airflow/example_dags/example_params_trigger_ui.py
[2025-04-15T19:58:01.970+0000] {processor.py:914} INFO - Processing file /home/airflow/.local/lib/python3.12/site-packages/airflow/example_dags/example_params_trigger_ui.py for tasks to queue
[2025-04-15T19:58:01.971+0000] {logging_mixin.py:190} INFO - [2025-04-15T19:58:01.971+0000] {dagbag.py:588} INFO - Filling up the DagBag from /home/airflow/.local/lib/python3.12/site-packages/airflow/example_dags/example_params_trigger_ui.py
[2025-04-15T19:58:01.983+0000] {processor.py:925} INFO - DAG(s) 'example_params_trigger_ui' retrieved from /home/airflow/.local/lib/python3.12/site-packages/airflow/example_dags/example_params_trigger_ui.py
[2025-04-15T19:58:02.035+0000] {logging_mixin.py:190} INFO - [2025-04-15T19:58:02.035+0000] {dag.py:3239} INFO - Sync 1 DAGs
[2025-04-15T19:58:02.052+0000] {logging_mixin.py:190} INFO - [2025-04-15T19:58:02.052+0000] {dag.py:4180} INFO - Setting next_dagrun for example_params_trigger_ui to None, run_after=None
[2025-04-15T19:58:02.078+0000] {processor.py:208} INFO - Processing /home/airflow/.local/lib/python3.12/site-packages/airflow/example_dags/example_params_trigger_ui.py took 0.115 seconds
[2025-04-15T19:58:32.844+0000] {processor.py:186} INFO - Started process (PID=18792) to work on /home/airflow/.local/lib/python3.12/site-packages/airflow/example_dags/example_params_trigger_ui.py
[2025-04-15T19:58:32.846+0000] {processor.py:914} INFO - Processing file /home/airflow/.local/lib/python3.12/site-packages/airflow/example_dags/example_params_trigger_ui.py for tasks to queue
[2025-04-15T19:58:32.849+0000] {logging_mixin.py:190} INFO - [2025-04-15T19:58:32.848+0000] {dagbag.py:588} INFO - Filling up the DagBag from /home/airflow/.local/lib/python3.12/site-packages/airflow/example_dags/example_params_trigger_ui.py
[2025-04-15T19:58:32.871+0000] {processor.py:925} INFO - DAG(s) 'example_params_trigger_ui' retrieved from /home/airflow/.local/lib/python3.12/site-packages/airflow/example_dags/example_params_trigger_ui.py
[2025-04-15T19:58:32.949+0000] {logging_mixin.py:190} INFO - [2025-04-15T19:58:32.949+0000] {dag.py:3239} INFO - Sync 1 DAGs
[2025-04-15T19:58:32.978+0000] {logging_mixin.py:190} INFO - [2025-04-15T19:58:32.977+0000] {dag.py:4180} INFO - Setting next_dagrun for example_params_trigger_ui to None, run_after=None
[2025-04-15T19:58:33.011+0000] {processor.py:208} INFO - Processing /home/airflow/.local/lib/python3.12/site-packages/airflow/example_dags/example_params_trigger_ui.py took 0.179 seconds
[2025-04-15T19:59:03.154+0000] {processor.py:186} INFO - Started process (PID=18859) to work on /home/airflow/.local/lib/python3.12/site-packages/airflow/example_dags/example_params_trigger_ui.py
[2025-04-15T19:59:03.155+0000] {processor.py:914} INFO - Processing file /home/airflow/.local/lib/python3.12/site-packages/airflow/example_dags/example_params_trigger_ui.py for tasks to queue
[2025-04-15T19:59:03.157+0000] {logging_mixin.py:190} INFO - [2025-04-15T19:59:03.157+0000] {dagbag.py:588} INFO - Filling up the DagBag from /home/airflow/.local/lib/python3.12/site-packages/airflow/example_dags/example_params_trigger_ui.py
[2025-04-15T19:59:03.175+0000] {processor.py:925} INFO - DAG(s) 'example_params_trigger_ui' retrieved from /home/airflow/.local/lib/python3.12/site-packages/airflow/example_dags/example_params_trigger_ui.py
[2025-04-15T19:59:03.258+0000] {logging_mixin.py:190} INFO - [2025-04-15T19:59:03.258+0000] {dag.py:3239} INFO - Sync 1 DAGs
[2025-04-15T19:59:03.285+0000] {logging_mixin.py:190} INFO - [2025-04-15T19:59:03.285+0000] {dag.py:4180} INFO - Setting next_dagrun for example_params_trigger_ui to None, run_after=None
[2025-04-15T19:59:03.314+0000] {processor.py:208} INFO - Processing /home/airflow/.local/lib/python3.12/site-packages/airflow/example_dags/example_params_trigger_ui.py took 0.169 seconds
[2025-04-15T19:59:33.513+0000] {processor.py:186} INFO - Started process (PID=18926) to work on /home/airflow/.local/lib/python3.12/site-packages/airflow/example_dags/example_params_trigger_ui.py
[2025-04-15T19:59:33.515+0000] {processor.py:914} INFO - Processing file /home/airflow/.local/lib/python3.12/site-packages/airflow/example_dags/example_params_trigger_ui.py for tasks to queue
[2025-04-15T19:59:33.517+0000] {logging_mixin.py:190} INFO - [2025-04-15T19:59:33.516+0000] {dagbag.py:588} INFO - Filling up the DagBag from /home/airflow/.local/lib/python3.12/site-packages/airflow/example_dags/example_params_trigger_ui.py
[2025-04-15T19:59:33.537+0000] {processor.py:925} INFO - DAG(s) 'example_params_trigger_ui' retrieved from /home/airflow/.local/lib/python3.12/site-packages/airflow/example_dags/example_params_trigger_ui.py
[2025-04-15T19:59:33.615+0000] {logging_mixin.py:190} INFO - [2025-04-15T19:59:33.614+0000] {dag.py:3239} INFO - Sync 1 DAGs
[2025-04-15T19:59:33.641+0000] {logging_mixin.py:190} INFO - [2025-04-15T19:59:33.641+0000] {dag.py:4180} INFO - Setting next_dagrun for example_params_trigger_ui to None, run_after=None
[2025-04-15T19:59:33.673+0000] {processor.py:208} INFO - Processing /home/airflow/.local/lib/python3.12/site-packages/airflow/example_dags/example_params_trigger_ui.py took 0.168 seconds
[2025-04-15T20:00:04.216+0000] {processor.py:186} INFO - Started process (PID=18993) to work on /home/airflow/.local/lib/python3.12/site-packages/airflow/example_dags/example_params_trigger_ui.py
[2025-04-15T20:00:04.219+0000] {processor.py:914} INFO - Processing file /home/airflow/.local/lib/python3.12/site-packages/airflow/example_dags/example_params_trigger_ui.py for tasks to queue
[2025-04-15T20:00:04.222+0000] {logging_mixin.py:190} INFO - [2025-04-15T20:00:04.221+0000] {dagbag.py:588} INFO - Filling up the DagBag from /home/airflow/.local/lib/python3.12/site-packages/airflow/example_dags/example_params_trigger_ui.py
[2025-04-15T20:00:04.244+0000] {processor.py:925} INFO - DAG(s) 'example_params_trigger_ui' retrieved from /home/airflow/.local/lib/python3.12/site-packages/airflow/example_dags/example_params_trigger_ui.py
[2025-04-15T20:00:04.327+0000] {logging_mixin.py:190} INFO - [2025-04-15T20:00:04.326+0000] {dag.py:3239} INFO - Sync 1 DAGs
[2025-04-15T20:00:04.358+0000] {logging_mixin.py:190} INFO - [2025-04-15T20:00:04.357+0000] {dag.py:4180} INFO - Setting next_dagrun for example_params_trigger_ui to None, run_after=None
[2025-04-15T20:00:04.395+0000] {processor.py:208} INFO - Processing /home/airflow/.local/lib/python3.12/site-packages/airflow/example_dags/example_params_trigger_ui.py took 0.192 seconds
[2025-04-15T20:00:34.563+0000] {processor.py:186} INFO - Started process (PID=19060) to work on /home/airflow/.local/lib/python3.12/site-packages/airflow/example_dags/example_params_trigger_ui.py
[2025-04-15T20:00:34.564+0000] {processor.py:914} INFO - Processing file /home/airflow/.local/lib/python3.12/site-packages/airflow/example_dags/example_params_trigger_ui.py for tasks to queue
[2025-04-15T20:00:34.568+0000] {logging_mixin.py:190} INFO - [2025-04-15T20:00:34.567+0000] {dagbag.py:588} INFO - Filling up the DagBag from /home/airflow/.local/lib/python3.12/site-packages/airflow/example_dags/example_params_trigger_ui.py
[2025-04-15T20:00:34.588+0000] {processor.py:925} INFO - DAG(s) 'example_params_trigger_ui' retrieved from /home/airflow/.local/lib/python3.12/site-packages/airflow/example_dags/example_params_trigger_ui.py
[2025-04-15T20:00:34.661+0000] {logging_mixin.py:190} INFO - [2025-04-15T20:00:34.660+0000] {dag.py:3239} INFO - Sync 1 DAGs
[2025-04-15T20:00:34.682+0000] {logging_mixin.py:190} INFO - [2025-04-15T20:00:34.681+0000] {dag.py:4180} INFO - Setting next_dagrun for example_params_trigger_ui to None, run_after=None
[2025-04-15T20:00:34.711+0000] {processor.py:208} INFO - Processing /home/airflow/.local/lib/python3.12/site-packages/airflow/example_dags/example_params_trigger_ui.py took 0.160 seconds
[2025-04-15T20:01:05.049+0000] {processor.py:186} INFO - Started process (PID=19127) to work on /home/airflow/.local/lib/python3.12/site-packages/airflow/example_dags/example_params_trigger_ui.py
[2025-04-15T20:01:05.050+0000] {processor.py:914} INFO - Processing file /home/airflow/.local/lib/python3.12/site-packages/airflow/example_dags/example_params_trigger_ui.py for tasks to queue
[2025-04-15T20:01:05.052+0000] {logging_mixin.py:190} INFO - [2025-04-15T20:01:05.052+0000] {dagbag.py:588} INFO - Filling up the DagBag from /home/airflow/.local/lib/python3.12/site-packages/airflow/example_dags/example_params_trigger_ui.py
[2025-04-15T20:01:05.071+0000] {processor.py:925} INFO - DAG(s) 'example_params_trigger_ui' retrieved from /home/airflow/.local/lib/python3.12/site-packages/airflow/example_dags/example_params_trigger_ui.py
[2025-04-15T20:01:05.150+0000] {logging_mixin.py:190} INFO - [2025-04-15T20:01:05.150+0000] {dag.py:3239} INFO - Sync 1 DAGs
[2025-04-15T20:01:05.172+0000] {logging_mixin.py:190} INFO - [2025-04-15T20:01:05.172+0000] {dag.py:4180} INFO - Setting next_dagrun for example_params_trigger_ui to None, run_after=None
[2025-04-15T20:01:05.203+0000] {processor.py:208} INFO - Processing /home/airflow/.local/lib/python3.12/site-packages/airflow/example_dags/example_params_trigger_ui.py took 0.164 seconds
[2025-04-15T20:01:35.680+0000] {processor.py:186} INFO - Started process (PID=19194) to work on /home/airflow/.local/lib/python3.12/site-packages/airflow/example_dags/example_params_trigger_ui.py
[2025-04-15T20:01:35.681+0000] {processor.py:914} INFO - Processing file /home/airflow/.local/lib/python3.12/site-packages/airflow/example_dags/example_params_trigger_ui.py for tasks to queue
[2025-04-15T20:01:35.683+0000] {logging_mixin.py:190} INFO - [2025-04-15T20:01:35.682+0000] {dagbag.py:588} INFO - Filling up the DagBag from /home/airflow/.local/lib/python3.12/site-packages/airflow/example_dags/example_params_trigger_ui.py
[2025-04-15T20:01:35.697+0000] {processor.py:925} INFO - DAG(s) 'example_params_trigger_ui' retrieved from /home/airflow/.local/lib/python3.12/site-packages/airflow/example_dags/example_params_trigger_ui.py
[2025-04-15T20:01:35.753+0000] {logging_mixin.py:190} INFO - [2025-04-15T20:01:35.752+0000] {dag.py:3239} INFO - Sync 1 DAGs
[2025-04-15T20:01:35.772+0000] {logging_mixin.py:190} INFO - [2025-04-15T20:01:35.771+0000] {dag.py:4180} INFO - Setting next_dagrun for example_params_trigger_ui to None, run_after=None
[2025-04-15T20:01:35.798+0000] {processor.py:208} INFO - Processing /home/airflow/.local/lib/python3.12/site-packages/airflow/example_dags/example_params_trigger_ui.py took 0.126 seconds
[2025-04-15T20:02:06.245+0000] {processor.py:186} INFO - Started process (PID=19261) to work on /home/airflow/.local/lib/python3.12/site-packages/airflow/example_dags/example_params_trigger_ui.py
[2025-04-15T20:02:06.246+0000] {processor.py:914} INFO - Processing file /home/airflow/.local/lib/python3.12/site-packages/airflow/example_dags/example_params_trigger_ui.py for tasks to queue
[2025-04-15T20:02:06.248+0000] {logging_mixin.py:190} INFO - [2025-04-15T20:02:06.248+0000] {dagbag.py:588} INFO - Filling up the DagBag from /home/airflow/.local/lib/python3.12/site-packages/airflow/example_dags/example_params_trigger_ui.py
[2025-04-15T20:02:06.272+0000] {processor.py:925} INFO - DAG(s) 'example_params_trigger_ui' retrieved from /home/airflow/.local/lib/python3.12/site-packages/airflow/example_dags/example_params_trigger_ui.py
[2025-04-15T20:02:06.356+0000] {logging_mixin.py:190} INFO - [2025-04-15T20:02:06.356+0000] {dag.py:3239} INFO - Sync 1 DAGs
[2025-04-15T20:02:06.380+0000] {logging_mixin.py:190} INFO - [2025-04-15T20:02:06.380+0000] {dag.py:4180} INFO - Setting next_dagrun for example_params_trigger_ui to None, run_after=None
[2025-04-15T20:02:06.409+0000] {processor.py:208} INFO - Processing /home/airflow/.local/lib/python3.12/site-packages/airflow/example_dags/example_params_trigger_ui.py took 0.175 seconds
[2025-04-15T20:02:36.967+0000] {processor.py:186} INFO - Started process (PID=19328) to work on /home/airflow/.local/lib/python3.12/site-packages/airflow/example_dags/example_params_trigger_ui.py
[2025-04-15T20:02:36.968+0000] {processor.py:914} INFO - Processing file /home/airflow/.local/lib/python3.12/site-packages/airflow/example_dags/example_params_trigger_ui.py for tasks to queue
[2025-04-15T20:02:36.969+0000] {logging_mixin.py:190} INFO - [2025-04-15T20:02:36.969+0000] {dagbag.py:588} INFO - Filling up the DagBag from /home/airflow/.local/lib/python3.12/site-packages/airflow/example_dags/example_params_trigger_ui.py
[2025-04-15T20:02:36.982+0000] {processor.py:925} INFO - DAG(s) 'example_params_trigger_ui' retrieved from /home/airflow/.local/lib/python3.12/site-packages/airflow/example_dags/example_params_trigger_ui.py
[2025-04-15T20:02:37.031+0000] {logging_mixin.py:190} INFO - [2025-04-15T20:02:37.031+0000] {dag.py:3239} INFO - Sync 1 DAGs
[2025-04-15T20:02:37.048+0000] {logging_mixin.py:190} INFO - [2025-04-15T20:02:37.048+0000] {dag.py:4180} INFO - Setting next_dagrun for example_params_trigger_ui to None, run_after=None
[2025-04-15T20:02:37.074+0000] {processor.py:208} INFO - Processing /home/airflow/.local/lib/python3.12/site-packages/airflow/example_dags/example_params_trigger_ui.py took 0.114 seconds
[2025-04-15T20:03:07.611+0000] {processor.py:186} INFO - Started process (PID=19395) to work on /home/airflow/.local/lib/python3.12/site-packages/airflow/example_dags/example_params_trigger_ui.py
[2025-04-15T20:03:07.614+0000] {processor.py:914} INFO - Processing file /home/airflow/.local/lib/python3.12/site-packages/airflow/example_dags/example_params_trigger_ui.py for tasks to queue
[2025-04-15T20:03:07.617+0000] {logging_mixin.py:190} INFO - [2025-04-15T20:03:07.616+0000] {dagbag.py:588} INFO - Filling up the DagBag from /home/airflow/.local/lib/python3.12/site-packages/airflow/example_dags/example_params_trigger_ui.py
[2025-04-15T20:03:07.636+0000] {processor.py:925} INFO - DAG(s) 'example_params_trigger_ui' retrieved from /home/airflow/.local/lib/python3.12/site-packages/airflow/example_dags/example_params_trigger_ui.py
[2025-04-15T20:03:07.721+0000] {logging_mixin.py:190} INFO - [2025-04-15T20:03:07.720+0000] {dag.py:3239} INFO - Sync 1 DAGs
[2025-04-15T20:03:07.744+0000] {logging_mixin.py:190} INFO - [2025-04-15T20:03:07.744+0000] {dag.py:4180} INFO - Setting next_dagrun for example_params_trigger_ui to None, run_after=None
[2025-04-15T20:03:07.775+0000] {processor.py:208} INFO - Processing /home/airflow/.local/lib/python3.12/site-packages/airflow/example_dags/example_params_trigger_ui.py took 0.173 seconds
[2025-04-15T20:03:37.907+0000] {processor.py:186} INFO - Started process (PID=19462) to work on /home/airflow/.local/lib/python3.12/site-packages/airflow/example_dags/example_params_trigger_ui.py
[2025-04-15T20:03:37.909+0000] {processor.py:914} INFO - Processing file /home/airflow/.local/lib/python3.12/site-packages/airflow/example_dags/example_params_trigger_ui.py for tasks to queue
[2025-04-15T20:03:37.911+0000] {logging_mixin.py:190} INFO - [2025-04-15T20:03:37.910+0000] {dagbag.py:588} INFO - Filling up the DagBag from /home/airflow/.local/lib/python3.12/site-packages/airflow/example_dags/example_params_trigger_ui.py
[2025-04-15T20:03:37.927+0000] {processor.py:925} INFO - DAG(s) 'example_params_trigger_ui' retrieved from /home/airflow/.local/lib/python3.12/site-packages/airflow/example_dags/example_params_trigger_ui.py
[2025-04-15T20:03:37.995+0000] {logging_mixin.py:190} INFO - [2025-04-15T20:03:37.995+0000] {dag.py:3239} INFO - Sync 1 DAGs
[2025-04-15T20:03:38.016+0000] {logging_mixin.py:190} INFO - [2025-04-15T20:03:38.015+0000] {dag.py:4180} INFO - Setting next_dagrun for example_params_trigger_ui to None, run_after=None
[2025-04-15T20:03:38.045+0000] {processor.py:208} INFO - Processing /home/airflow/.local/lib/python3.12/site-packages/airflow/example_dags/example_params_trigger_ui.py took 0.146 seconds
[2025-04-15T20:04:08.426+0000] {processor.py:186} INFO - Started process (PID=19530) to work on /home/airflow/.local/lib/python3.12/site-packages/airflow/example_dags/example_params_trigger_ui.py
[2025-04-15T20:04:08.428+0000] {processor.py:914} INFO - Processing file /home/airflow/.local/lib/python3.12/site-packages/airflow/example_dags/example_params_trigger_ui.py for tasks to queue
[2025-04-15T20:04:08.430+0000] {logging_mixin.py:190} INFO - [2025-04-15T20:04:08.429+0000] {dagbag.py:588} INFO - Filling up the DagBag from /home/airflow/.local/lib/python3.12/site-packages/airflow/example_dags/example_params_trigger_ui.py
[2025-04-15T20:04:08.449+0000] {processor.py:925} INFO - DAG(s) 'example_params_trigger_ui' retrieved from /home/airflow/.local/lib/python3.12/site-packages/airflow/example_dags/example_params_trigger_ui.py
[2025-04-15T20:04:08.522+0000] {logging_mixin.py:190} INFO - [2025-04-15T20:04:08.522+0000] {dag.py:3239} INFO - Sync 1 DAGs
[2025-04-15T20:04:08.547+0000] {logging_mixin.py:190} INFO - [2025-04-15T20:04:08.547+0000] {dag.py:4180} INFO - Setting next_dagrun for example_params_trigger_ui to None, run_after=None
[2025-04-15T20:04:08.577+0000] {processor.py:208} INFO - Processing /home/airflow/.local/lib/python3.12/site-packages/airflow/example_dags/example_params_trigger_ui.py took 0.161 seconds
[2025-04-15T23:04:28.297+0000] {processor.py:186} INFO - Started process (PID=19577) to work on /home/airflow/.local/lib/python3.12/site-packages/airflow/example_dags/example_params_trigger_ui.py
[2025-04-15T23:04:28.298+0000] {processor.py:914} INFO - Processing file /home/airflow/.local/lib/python3.12/site-packages/airflow/example_dags/example_params_trigger_ui.py for tasks to queue
[2025-04-15T23:04:28.299+0000] {logging_mixin.py:190} INFO - [2025-04-15T23:04:28.299+0000] {dagbag.py:588} INFO - Filling up the DagBag from /home/airflow/.local/lib/python3.12/site-packages/airflow/example_dags/example_params_trigger_ui.py
[2025-04-15T23:04:28.311+0000] {processor.py:925} INFO - DAG(s) 'example_params_trigger_ui' retrieved from /home/airflow/.local/lib/python3.12/site-packages/airflow/example_dags/example_params_trigger_ui.py
[2025-04-15T23:04:28.359+0000] {logging_mixin.py:190} INFO - [2025-04-15T23:04:28.359+0000] {dag.py:3239} INFO - Sync 1 DAGs
[2025-04-15T23:04:28.376+0000] {logging_mixin.py:190} INFO - [2025-04-15T23:04:28.375+0000] {dag.py:4180} INFO - Setting next_dagrun for example_params_trigger_ui to None, run_after=None
[2025-04-15T23:04:28.397+0000] {processor.py:208} INFO - Processing /home/airflow/.local/lib/python3.12/site-packages/airflow/example_dags/example_params_trigger_ui.py took 0.106 seconds
