[2025-04-15T19:35:00.847+0000] {processor.py:186} INFO - Started process (PID=15748) to work on /home/airflow/.local/lib/python3.12/site-packages/airflow/example_dags/example_sensor_decorator.py
[2025-04-15T19:35:00.856+0000] {processor.py:914} INFO - Processing file /home/airflow/.local/lib/python3.12/site-packages/airflow/example_dags/example_sensor_decorator.py for tasks to queue
[2025-04-15T19:35:00.864+0000] {logging_mixin.py:190} INFO - [2025-04-15T19:35:00.862+0000] {dagbag.py:588} INFO - Filling up the DagBag from /home/airflow/.local/lib/python3.12/site-packages/airflow/example_dags/example_sensor_decorator.py
[2025-04-15T19:35:00.915+0000] {processor.py:925} INFO - DAG(s) 'example_sensor_decorator' retrieved from /home/airflow/.local/lib/python3.12/site-packages/airflow/example_dags/example_sensor_decorator.py
[2025-04-15T19:35:01.033+0000] {logging_mixin.py:190} INFO - [2025-04-15T19:35:01.032+0000] {dag.py:3239} INFO - Sync 1 DAGs
[2025-04-15T19:35:01.108+0000] {logging_mixin.py:190} INFO - [2025-04-15T19:35:01.107+0000] {dag.py:4180} INFO - Setting next_dagrun for example_sensor_decorator to None, run_after=None
[2025-04-15T19:35:01.195+0000] {processor.py:208} INFO - Processing /home/airflow/.local/lib/python3.12/site-packages/airflow/example_dags/example_sensor_decorator.py took 0.388 seconds
[2025-04-15T19:35:47.033+0000] {processor.py:186} INFO - Started process (PID=15815) to work on /home/airflow/.local/lib/python3.12/site-packages/airflow/example_dags/example_sensor_decorator.py
[2025-04-15T19:35:47.034+0000] {processor.py:914} INFO - Processing file /home/airflow/.local/lib/python3.12/site-packages/airflow/example_dags/example_sensor_decorator.py for tasks to queue
[2025-04-15T19:35:47.036+0000] {logging_mixin.py:190} INFO - [2025-04-15T19:35:47.036+0000] {dagbag.py:588} INFO - Filling up the DagBag from /home/airflow/.local/lib/python3.12/site-packages/airflow/example_dags/example_sensor_decorator.py
[2025-04-15T19:35:47.049+0000] {processor.py:925} INFO - DAG(s) 'example_sensor_decorator' retrieved from /home/airflow/.local/lib/python3.12/site-packages/airflow/example_dags/example_sensor_decorator.py
[2025-04-15T19:35:47.088+0000] {logging_mixin.py:190} INFO - [2025-04-15T19:35:47.088+0000] {dag.py:3239} INFO - Sync 1 DAGs
[2025-04-15T19:35:47.124+0000] {logging_mixin.py:190} INFO - [2025-04-15T19:35:47.123+0000] {dag.py:4180} INFO - Setting next_dagrun for example_sensor_decorator to None, run_after=None
[2025-04-15T19:35:47.169+0000] {processor.py:208} INFO - Processing /home/airflow/.local/lib/python3.12/site-packages/airflow/example_dags/example_sensor_decorator.py took 0.146 seconds
[2025-04-15T19:36:17.665+0000] {processor.py:186} INFO - Started process (PID=15882) to work on /home/airflow/.local/lib/python3.12/site-packages/airflow/example_dags/example_sensor_decorator.py
[2025-04-15T19:36:17.667+0000] {processor.py:914} INFO - Processing file /home/airflow/.local/lib/python3.12/site-packages/airflow/example_dags/example_sensor_decorator.py for tasks to queue
[2025-04-15T19:36:17.669+0000] {logging_mixin.py:190} INFO - [2025-04-15T19:36:17.668+0000] {dagbag.py:588} INFO - Filling up the DagBag from /home/airflow/.local/lib/python3.12/site-packages/airflow/example_dags/example_sensor_decorator.py
[2025-04-15T19:36:17.682+0000] {processor.py:925} INFO - DAG(s) 'example_sensor_decorator' retrieved from /home/airflow/.local/lib/python3.12/site-packages/airflow/example_dags/example_sensor_decorator.py
[2025-04-15T19:36:17.713+0000] {logging_mixin.py:190} INFO - [2025-04-15T19:36:17.712+0000] {dag.py:3239} INFO - Sync 1 DAGs
[2025-04-15T19:36:17.733+0000] {logging_mixin.py:190} INFO - [2025-04-15T19:36:17.733+0000] {dag.py:4180} INFO - Setting next_dagrun for example_sensor_decorator to None, run_after=None
[2025-04-15T19:36:17.761+0000] {processor.py:208} INFO - Processing /home/airflow/.local/lib/python3.12/site-packages/airflow/example_dags/example_sensor_decorator.py took 0.104 seconds
[2025-04-15T19:36:48.659+0000] {processor.py:186} INFO - Started process (PID=15950) to work on /home/airflow/.local/lib/python3.12/site-packages/airflow/example_dags/example_sensor_decorator.py
[2025-04-15T19:36:48.660+0000] {processor.py:914} INFO - Processing file /home/airflow/.local/lib/python3.12/site-packages/airflow/example_dags/example_sensor_decorator.py for tasks to queue
[2025-04-15T19:36:48.662+0000] {logging_mixin.py:190} INFO - [2025-04-15T19:36:48.662+0000] {dagbag.py:588} INFO - Filling up the DagBag from /home/airflow/.local/lib/python3.12/site-packages/airflow/example_dags/example_sensor_decorator.py
[2025-04-15T19:36:48.675+0000] {processor.py:925} INFO - DAG(s) 'example_sensor_decorator' retrieved from /home/airflow/.local/lib/python3.12/site-packages/airflow/example_dags/example_sensor_decorator.py
[2025-04-15T19:36:48.702+0000] {logging_mixin.py:190} INFO - [2025-04-15T19:36:48.702+0000] {dag.py:3239} INFO - Sync 1 DAGs
[2025-04-15T19:36:48.722+0000] {logging_mixin.py:190} INFO - [2025-04-15T19:36:48.722+0000] {dag.py:4180} INFO - Setting next_dagrun for example_sensor_decorator to None, run_after=None
[2025-04-15T19:36:48.751+0000] {processor.py:208} INFO - Processing /home/airflow/.local/lib/python3.12/site-packages/airflow/example_dags/example_sensor_decorator.py took 0.100 seconds
[2025-04-15T19:37:19.871+0000] {processor.py:186} INFO - Started process (PID=16017) to work on /home/airflow/.local/lib/python3.12/site-packages/airflow/example_dags/example_sensor_decorator.py
[2025-04-15T19:37:19.872+0000] {processor.py:914} INFO - Processing file /home/airflow/.local/lib/python3.12/site-packages/airflow/example_dags/example_sensor_decorator.py for tasks to queue
[2025-04-15T19:37:19.875+0000] {logging_mixin.py:190} INFO - [2025-04-15T19:37:19.874+0000] {dagbag.py:588} INFO - Filling up the DagBag from /home/airflow/.local/lib/python3.12/site-packages/airflow/example_dags/example_sensor_decorator.py
[2025-04-15T19:37:19.886+0000] {processor.py:925} INFO - DAG(s) 'example_sensor_decorator' retrieved from /home/airflow/.local/lib/python3.12/site-packages/airflow/example_dags/example_sensor_decorator.py
[2025-04-15T19:37:19.914+0000] {logging_mixin.py:190} INFO - [2025-04-15T19:37:19.913+0000] {dag.py:3239} INFO - Sync 1 DAGs
[2025-04-15T19:37:19.941+0000] {logging_mixin.py:190} INFO - [2025-04-15T19:37:19.941+0000] {dag.py:4180} INFO - Setting next_dagrun for example_sensor_decorator to None, run_after=None
[2025-04-15T19:37:19.975+0000] {processor.py:208} INFO - Processing /home/airflow/.local/lib/python3.12/site-packages/airflow/example_dags/example_sensor_decorator.py took 0.111 seconds
[2025-04-15T19:37:50.453+0000] {processor.py:186} INFO - Started process (PID=16084) to work on /home/airflow/.local/lib/python3.12/site-packages/airflow/example_dags/example_sensor_decorator.py
[2025-04-15T19:37:50.455+0000] {processor.py:914} INFO - Processing file /home/airflow/.local/lib/python3.12/site-packages/airflow/example_dags/example_sensor_decorator.py for tasks to queue
[2025-04-15T19:37:50.458+0000] {logging_mixin.py:190} INFO - [2025-04-15T19:37:50.457+0000] {dagbag.py:588} INFO - Filling up the DagBag from /home/airflow/.local/lib/python3.12/site-packages/airflow/example_dags/example_sensor_decorator.py
[2025-04-15T19:37:50.469+0000] {processor.py:925} INFO - DAG(s) 'example_sensor_decorator' retrieved from /home/airflow/.local/lib/python3.12/site-packages/airflow/example_dags/example_sensor_decorator.py
[2025-04-15T19:37:50.507+0000] {logging_mixin.py:190} INFO - [2025-04-15T19:37:50.506+0000] {dag.py:3239} INFO - Sync 1 DAGs
[2025-04-15T19:37:50.539+0000] {logging_mixin.py:190} INFO - [2025-04-15T19:37:50.538+0000] {dag.py:4180} INFO - Setting next_dagrun for example_sensor_decorator to None, run_after=None
[2025-04-15T19:37:50.568+0000] {processor.py:208} INFO - Processing /home/airflow/.local/lib/python3.12/site-packages/airflow/example_dags/example_sensor_decorator.py took 0.124 seconds
[2025-04-15T19:38:21.002+0000] {processor.py:186} INFO - Started process (PID=16151) to work on /home/airflow/.local/lib/python3.12/site-packages/airflow/example_dags/example_sensor_decorator.py
[2025-04-15T19:38:21.004+0000] {processor.py:914} INFO - Processing file /home/airflow/.local/lib/python3.12/site-packages/airflow/example_dags/example_sensor_decorator.py for tasks to queue
[2025-04-15T19:38:21.005+0000] {logging_mixin.py:190} INFO - [2025-04-15T19:38:21.005+0000] {dagbag.py:588} INFO - Filling up the DagBag from /home/airflow/.local/lib/python3.12/site-packages/airflow/example_dags/example_sensor_decorator.py
[2025-04-15T19:38:21.014+0000] {processor.py:925} INFO - DAG(s) 'example_sensor_decorator' retrieved from /home/airflow/.local/lib/python3.12/site-packages/airflow/example_dags/example_sensor_decorator.py
[2025-04-15T19:38:21.039+0000] {logging_mixin.py:190} INFO - [2025-04-15T19:38:21.038+0000] {dag.py:3239} INFO - Sync 1 DAGs
[2025-04-15T19:38:21.065+0000] {logging_mixin.py:190} INFO - [2025-04-15T19:38:21.064+0000] {dag.py:4180} INFO - Setting next_dagrun for example_sensor_decorator to None, run_after=None
[2025-04-15T19:38:21.100+0000] {processor.py:208} INFO - Processing /home/airflow/.local/lib/python3.12/site-packages/airflow/example_dags/example_sensor_decorator.py took 0.104 seconds
[2025-04-15T19:38:51.401+0000] {processor.py:186} INFO - Started process (PID=16217) to work on /home/airflow/.local/lib/python3.12/site-packages/airflow/example_dags/example_sensor_decorator.py
[2025-04-15T19:38:51.402+0000] {processor.py:914} INFO - Processing file /home/airflow/.local/lib/python3.12/site-packages/airflow/example_dags/example_sensor_decorator.py for tasks to queue
[2025-04-15T19:38:51.404+0000] {logging_mixin.py:190} INFO - [2025-04-15T19:38:51.404+0000] {dagbag.py:588} INFO - Filling up the DagBag from /home/airflow/.local/lib/python3.12/site-packages/airflow/example_dags/example_sensor_decorator.py
[2025-04-15T19:38:51.418+0000] {processor.py:925} INFO - DAG(s) 'example_sensor_decorator' retrieved from /home/airflow/.local/lib/python3.12/site-packages/airflow/example_dags/example_sensor_decorator.py
[2025-04-15T19:38:51.455+0000] {logging_mixin.py:190} INFO - [2025-04-15T19:38:51.454+0000] {dag.py:3239} INFO - Sync 1 DAGs
[2025-04-15T19:38:51.490+0000] {logging_mixin.py:190} INFO - [2025-04-15T19:38:51.490+0000] {dag.py:4180} INFO - Setting next_dagrun for example_sensor_decorator to None, run_after=None
[2025-04-15T19:38:51.528+0000] {processor.py:208} INFO - Processing /home/airflow/.local/lib/python3.12/site-packages/airflow/example_dags/example_sensor_decorator.py took 0.137 seconds
[2025-04-15T19:39:22.180+0000] {processor.py:186} INFO - Started process (PID=16284) to work on /home/airflow/.local/lib/python3.12/site-packages/airflow/example_dags/example_sensor_decorator.py
[2025-04-15T19:39:22.181+0000] {processor.py:914} INFO - Processing file /home/airflow/.local/lib/python3.12/site-packages/airflow/example_dags/example_sensor_decorator.py for tasks to queue
[2025-04-15T19:39:22.183+0000] {logging_mixin.py:190} INFO - [2025-04-15T19:39:22.183+0000] {dagbag.py:588} INFO - Filling up the DagBag from /home/airflow/.local/lib/python3.12/site-packages/airflow/example_dags/example_sensor_decorator.py
[2025-04-15T19:39:22.192+0000] {processor.py:925} INFO - DAG(s) 'example_sensor_decorator' retrieved from /home/airflow/.local/lib/python3.12/site-packages/airflow/example_dags/example_sensor_decorator.py
[2025-04-15T19:39:22.215+0000] {logging_mixin.py:190} INFO - [2025-04-15T19:39:22.214+0000] {dag.py:3239} INFO - Sync 1 DAGs
[2025-04-15T19:39:22.234+0000] {logging_mixin.py:190} INFO - [2025-04-15T19:39:22.234+0000] {dag.py:4180} INFO - Setting next_dagrun for example_sensor_decorator to None, run_after=None
[2025-04-15T19:39:22.260+0000] {processor.py:208} INFO - Processing /home/airflow/.local/lib/python3.12/site-packages/airflow/example_dags/example_sensor_decorator.py took 0.086 seconds
[2025-04-15T19:39:53.207+0000] {processor.py:186} INFO - Started process (PID=16351) to work on /home/airflow/.local/lib/python3.12/site-packages/airflow/example_dags/example_sensor_decorator.py
[2025-04-15T19:39:53.209+0000] {processor.py:914} INFO - Processing file /home/airflow/.local/lib/python3.12/site-packages/airflow/example_dags/example_sensor_decorator.py for tasks to queue
[2025-04-15T19:39:53.210+0000] {logging_mixin.py:190} INFO - [2025-04-15T19:39:53.210+0000] {dagbag.py:588} INFO - Filling up the DagBag from /home/airflow/.local/lib/python3.12/site-packages/airflow/example_dags/example_sensor_decorator.py
[2025-04-15T19:39:53.220+0000] {processor.py:925} INFO - DAG(s) 'example_sensor_decorator' retrieved from /home/airflow/.local/lib/python3.12/site-packages/airflow/example_dags/example_sensor_decorator.py
[2025-04-15T19:39:53.245+0000] {logging_mixin.py:190} INFO - [2025-04-15T19:39:53.244+0000] {dag.py:3239} INFO - Sync 1 DAGs
[2025-04-15T19:39:53.264+0000] {logging_mixin.py:190} INFO - [2025-04-15T19:39:53.263+0000] {dag.py:4180} INFO - Setting next_dagrun for example_sensor_decorator to None, run_after=None
[2025-04-15T19:39:53.291+0000] {processor.py:208} INFO - Processing /home/airflow/.local/lib/python3.12/site-packages/airflow/example_dags/example_sensor_decorator.py took 0.091 seconds
[2025-04-15T19:40:23.399+0000] {processor.py:186} INFO - Started process (PID=16418) to work on /home/airflow/.local/lib/python3.12/site-packages/airflow/example_dags/example_sensor_decorator.py
[2025-04-15T19:40:23.401+0000] {processor.py:914} INFO - Processing file /home/airflow/.local/lib/python3.12/site-packages/airflow/example_dags/example_sensor_decorator.py for tasks to queue
[2025-04-15T19:40:23.402+0000] {logging_mixin.py:190} INFO - [2025-04-15T19:40:23.402+0000] {dagbag.py:588} INFO - Filling up the DagBag from /home/airflow/.local/lib/python3.12/site-packages/airflow/example_dags/example_sensor_decorator.py
[2025-04-15T19:40:23.415+0000] {processor.py:925} INFO - DAG(s) 'example_sensor_decorator' retrieved from /home/airflow/.local/lib/python3.12/site-packages/airflow/example_dags/example_sensor_decorator.py
[2025-04-15T19:40:23.441+0000] {logging_mixin.py:190} INFO - [2025-04-15T19:40:23.441+0000] {dag.py:3239} INFO - Sync 1 DAGs
[2025-04-15T19:40:23.458+0000] {logging_mixin.py:190} INFO - [2025-04-15T19:40:23.457+0000] {dag.py:4180} INFO - Setting next_dagrun for example_sensor_decorator to None, run_after=None
[2025-04-15T19:40:23.479+0000] {processor.py:208} INFO - Processing /home/airflow/.local/lib/python3.12/site-packages/airflow/example_dags/example_sensor_decorator.py took 0.087 seconds
[2025-04-15T19:40:55.282+0000] {processor.py:186} INFO - Started process (PID=16491) to work on /home/airflow/.local/lib/python3.12/site-packages/airflow/example_dags/example_sensor_decorator.py
[2025-04-15T19:40:55.283+0000] {processor.py:914} INFO - Processing file /home/airflow/.local/lib/python3.12/site-packages/airflow/example_dags/example_sensor_decorator.py for tasks to queue
[2025-04-15T19:40:55.284+0000] {logging_mixin.py:190} INFO - [2025-04-15T19:40:55.284+0000] {dagbag.py:588} INFO - Filling up the DagBag from /home/airflow/.local/lib/python3.12/site-packages/airflow/example_dags/example_sensor_decorator.py
[2025-04-15T19:40:55.295+0000] {processor.py:925} INFO - DAG(s) 'example_sensor_decorator' retrieved from /home/airflow/.local/lib/python3.12/site-packages/airflow/example_dags/example_sensor_decorator.py
[2025-04-15T19:40:55.325+0000] {logging_mixin.py:190} INFO - [2025-04-15T19:40:55.325+0000] {dag.py:3239} INFO - Sync 1 DAGs
[2025-04-15T19:40:55.353+0000] {logging_mixin.py:190} INFO - [2025-04-15T19:40:55.352+0000] {dag.py:4180} INFO - Setting next_dagrun for example_sensor_decorator to None, run_after=None
[2025-04-15T19:40:55.384+0000] {processor.py:208} INFO - Processing /home/airflow/.local/lib/python3.12/site-packages/airflow/example_dags/example_sensor_decorator.py took 0.109 seconds
[2025-04-15T19:41:26.057+0000] {processor.py:186} INFO - Started process (PID=16558) to work on /home/airflow/.local/lib/python3.12/site-packages/airflow/example_dags/example_sensor_decorator.py
[2025-04-15T19:41:26.059+0000] {processor.py:914} INFO - Processing file /home/airflow/.local/lib/python3.12/site-packages/airflow/example_dags/example_sensor_decorator.py for tasks to queue
[2025-04-15T19:41:26.061+0000] {logging_mixin.py:190} INFO - [2025-04-15T19:41:26.060+0000] {dagbag.py:588} INFO - Filling up the DagBag from /home/airflow/.local/lib/python3.12/site-packages/airflow/example_dags/example_sensor_decorator.py
[2025-04-15T19:41:26.073+0000] {processor.py:925} INFO - DAG(s) 'example_sensor_decorator' retrieved from /home/airflow/.local/lib/python3.12/site-packages/airflow/example_dags/example_sensor_decorator.py
[2025-04-15T19:41:26.099+0000] {logging_mixin.py:190} INFO - [2025-04-15T19:41:26.099+0000] {dag.py:3239} INFO - Sync 1 DAGs
[2025-04-15T19:41:26.118+0000] {logging_mixin.py:190} INFO - [2025-04-15T19:41:26.118+0000] {dag.py:4180} INFO - Setting next_dagrun for example_sensor_decorator to None, run_after=None
[2025-04-15T19:41:26.146+0000] {processor.py:208} INFO - Processing /home/airflow/.local/lib/python3.12/site-packages/airflow/example_dags/example_sensor_decorator.py took 0.097 seconds
[2025-04-15T19:41:57.308+0000] {processor.py:186} INFO - Started process (PID=16625) to work on /home/airflow/.local/lib/python3.12/site-packages/airflow/example_dags/example_sensor_decorator.py
[2025-04-15T19:41:57.310+0000] {processor.py:914} INFO - Processing file /home/airflow/.local/lib/python3.12/site-packages/airflow/example_dags/example_sensor_decorator.py for tasks to queue
[2025-04-15T19:41:57.312+0000] {logging_mixin.py:190} INFO - [2025-04-15T19:41:57.311+0000] {dagbag.py:588} INFO - Filling up the DagBag from /home/airflow/.local/lib/python3.12/site-packages/airflow/example_dags/example_sensor_decorator.py
[2025-04-15T19:41:57.323+0000] {processor.py:925} INFO - DAG(s) 'example_sensor_decorator' retrieved from /home/airflow/.local/lib/python3.12/site-packages/airflow/example_dags/example_sensor_decorator.py
[2025-04-15T19:41:57.352+0000] {logging_mixin.py:190} INFO - [2025-04-15T19:41:57.352+0000] {dag.py:3239} INFO - Sync 1 DAGs
[2025-04-15T19:41:57.375+0000] {logging_mixin.py:190} INFO - [2025-04-15T19:41:57.374+0000] {dag.py:4180} INFO - Setting next_dagrun for example_sensor_decorator to None, run_after=None
[2025-04-15T19:41:57.408+0000] {processor.py:208} INFO - Processing /home/airflow/.local/lib/python3.12/site-packages/airflow/example_dags/example_sensor_decorator.py took 0.108 seconds
[2025-04-15T19:42:28.210+0000] {processor.py:186} INFO - Started process (PID=16693) to work on /home/airflow/.local/lib/python3.12/site-packages/airflow/example_dags/example_sensor_decorator.py
[2025-04-15T19:42:28.217+0000] {processor.py:914} INFO - Processing file /home/airflow/.local/lib/python3.12/site-packages/airflow/example_dags/example_sensor_decorator.py for tasks to queue
[2025-04-15T19:42:28.219+0000] {logging_mixin.py:190} INFO - [2025-04-15T19:42:28.219+0000] {dagbag.py:588} INFO - Filling up the DagBag from /home/airflow/.local/lib/python3.12/site-packages/airflow/example_dags/example_sensor_decorator.py
[2025-04-15T19:42:28.230+0000] {processor.py:925} INFO - DAG(s) 'example_sensor_decorator' retrieved from /home/airflow/.local/lib/python3.12/site-packages/airflow/example_dags/example_sensor_decorator.py
[2025-04-15T19:42:28.258+0000] {logging_mixin.py:190} INFO - [2025-04-15T19:42:28.258+0000] {dag.py:3239} INFO - Sync 1 DAGs
[2025-04-15T19:42:28.281+0000] {logging_mixin.py:190} INFO - [2025-04-15T19:42:28.280+0000] {dag.py:4180} INFO - Setting next_dagrun for example_sensor_decorator to None, run_after=None
[2025-04-15T19:42:28.304+0000] {processor.py:208} INFO - Processing /home/airflow/.local/lib/python3.12/site-packages/airflow/example_dags/example_sensor_decorator.py took 0.103 seconds
[2025-04-15T19:42:59.996+0000] {processor.py:186} INFO - Started process (PID=16760) to work on /home/airflow/.local/lib/python3.12/site-packages/airflow/example_dags/example_sensor_decorator.py
[2025-04-15T19:42:59.998+0000] {processor.py:914} INFO - Processing file /home/airflow/.local/lib/python3.12/site-packages/airflow/example_dags/example_sensor_decorator.py for tasks to queue
[2025-04-15T19:42:59.999+0000] {logging_mixin.py:190} INFO - [2025-04-15T19:42:59.999+0000] {dagbag.py:588} INFO - Filling up the DagBag from /home/airflow/.local/lib/python3.12/site-packages/airflow/example_dags/example_sensor_decorator.py
[2025-04-15T19:43:00.013+0000] {processor.py:925} INFO - DAG(s) 'example_sensor_decorator' retrieved from /home/airflow/.local/lib/python3.12/site-packages/airflow/example_dags/example_sensor_decorator.py
[2025-04-15T19:43:00.041+0000] {logging_mixin.py:190} INFO - [2025-04-15T19:43:00.041+0000] {dag.py:3239} INFO - Sync 1 DAGs
[2025-04-15T19:43:00.066+0000] {logging_mixin.py:190} INFO - [2025-04-15T19:43:00.066+0000] {dag.py:4180} INFO - Setting next_dagrun for example_sensor_decorator to None, run_after=None
[2025-04-15T19:43:00.097+0000] {processor.py:208} INFO - Processing /home/airflow/.local/lib/python3.12/site-packages/airflow/example_dags/example_sensor_decorator.py took 0.111 seconds
[2025-04-15T19:43:30.762+0000] {processor.py:186} INFO - Started process (PID=16827) to work on /home/airflow/.local/lib/python3.12/site-packages/airflow/example_dags/example_sensor_decorator.py
[2025-04-15T19:43:30.763+0000] {processor.py:914} INFO - Processing file /home/airflow/.local/lib/python3.12/site-packages/airflow/example_dags/example_sensor_decorator.py for tasks to queue
[2025-04-15T19:43:30.765+0000] {logging_mixin.py:190} INFO - [2025-04-15T19:43:30.765+0000] {dagbag.py:588} INFO - Filling up the DagBag from /home/airflow/.local/lib/python3.12/site-packages/airflow/example_dags/example_sensor_decorator.py
[2025-04-15T19:43:30.779+0000] {processor.py:925} INFO - DAG(s) 'example_sensor_decorator' retrieved from /home/airflow/.local/lib/python3.12/site-packages/airflow/example_dags/example_sensor_decorator.py
[2025-04-15T19:43:30.813+0000] {logging_mixin.py:190} INFO - [2025-04-15T19:43:30.812+0000] {dag.py:3239} INFO - Sync 1 DAGs
[2025-04-15T19:43:30.834+0000] {logging_mixin.py:190} INFO - [2025-04-15T19:43:30.834+0000] {dag.py:4180} INFO - Setting next_dagrun for example_sensor_decorator to None, run_after=None
[2025-04-15T19:43:30.859+0000] {processor.py:208} INFO - Processing /home/airflow/.local/lib/python3.12/site-packages/airflow/example_dags/example_sensor_decorator.py took 0.106 seconds
[2025-04-15T19:44:02.050+0000] {processor.py:186} INFO - Started process (PID=16894) to work on /home/airflow/.local/lib/python3.12/site-packages/airflow/example_dags/example_sensor_decorator.py
[2025-04-15T19:44:02.051+0000] {processor.py:914} INFO - Processing file /home/airflow/.local/lib/python3.12/site-packages/airflow/example_dags/example_sensor_decorator.py for tasks to queue
[2025-04-15T19:44:02.054+0000] {logging_mixin.py:190} INFO - [2025-04-15T19:44:02.053+0000] {dagbag.py:588} INFO - Filling up the DagBag from /home/airflow/.local/lib/python3.12/site-packages/airflow/example_dags/example_sensor_decorator.py
[2025-04-15T19:44:02.068+0000] {processor.py:925} INFO - DAG(s) 'example_sensor_decorator' retrieved from /home/airflow/.local/lib/python3.12/site-packages/airflow/example_dags/example_sensor_decorator.py
[2025-04-15T19:44:02.097+0000] {logging_mixin.py:190} INFO - [2025-04-15T19:44:02.096+0000] {dag.py:3239} INFO - Sync 1 DAGs
[2025-04-15T19:44:02.119+0000] {logging_mixin.py:190} INFO - [2025-04-15T19:44:02.118+0000] {dag.py:4180} INFO - Setting next_dagrun for example_sensor_decorator to None, run_after=None
[2025-04-15T19:44:02.150+0000] {processor.py:208} INFO - Processing /home/airflow/.local/lib/python3.12/site-packages/airflow/example_dags/example_sensor_decorator.py took 0.107 seconds
[2025-04-15T19:44:33.299+0000] {processor.py:186} INFO - Started process (PID=16961) to work on /home/airflow/.local/lib/python3.12/site-packages/airflow/example_dags/example_sensor_decorator.py
[2025-04-15T19:44:33.301+0000] {processor.py:914} INFO - Processing file /home/airflow/.local/lib/python3.12/site-packages/airflow/example_dags/example_sensor_decorator.py for tasks to queue
[2025-04-15T19:44:33.302+0000] {logging_mixin.py:190} INFO - [2025-04-15T19:44:33.302+0000] {dagbag.py:588} INFO - Filling up the DagBag from /home/airflow/.local/lib/python3.12/site-packages/airflow/example_dags/example_sensor_decorator.py
[2025-04-15T19:44:33.315+0000] {processor.py:925} INFO - DAG(s) 'example_sensor_decorator' retrieved from /home/airflow/.local/lib/python3.12/site-packages/airflow/example_dags/example_sensor_decorator.py
[2025-04-15T19:44:33.345+0000] {logging_mixin.py:190} INFO - [2025-04-15T19:44:33.345+0000] {dag.py:3239} INFO - Sync 1 DAGs
[2025-04-15T19:44:33.373+0000] {logging_mixin.py:190} INFO - [2025-04-15T19:44:33.372+0000] {dag.py:4180} INFO - Setting next_dagrun for example_sensor_decorator to None, run_after=None
[2025-04-15T19:44:33.408+0000] {processor.py:208} INFO - Processing /home/airflow/.local/lib/python3.12/site-packages/airflow/example_dags/example_sensor_decorator.py took 0.118 seconds
[2025-04-15T19:45:04.473+0000] {processor.py:186} INFO - Started process (PID=17028) to work on /home/airflow/.local/lib/python3.12/site-packages/airflow/example_dags/example_sensor_decorator.py
[2025-04-15T19:45:04.475+0000] {processor.py:914} INFO - Processing file /home/airflow/.local/lib/python3.12/site-packages/airflow/example_dags/example_sensor_decorator.py for tasks to queue
[2025-04-15T19:45:04.477+0000] {logging_mixin.py:190} INFO - [2025-04-15T19:45:04.476+0000] {dagbag.py:588} INFO - Filling up the DagBag from /home/airflow/.local/lib/python3.12/site-packages/airflow/example_dags/example_sensor_decorator.py
[2025-04-15T19:45:04.490+0000] {processor.py:925} INFO - DAG(s) 'example_sensor_decorator' retrieved from /home/airflow/.local/lib/python3.12/site-packages/airflow/example_dags/example_sensor_decorator.py
[2025-04-15T19:45:04.519+0000] {logging_mixin.py:190} INFO - [2025-04-15T19:45:04.519+0000] {dag.py:3239} INFO - Sync 1 DAGs
[2025-04-15T19:45:04.540+0000] {logging_mixin.py:190} INFO - [2025-04-15T19:45:04.540+0000] {dag.py:4180} INFO - Setting next_dagrun for example_sensor_decorator to None, run_after=None
[2025-04-15T19:45:04.570+0000] {processor.py:208} INFO - Processing /home/airflow/.local/lib/python3.12/site-packages/airflow/example_dags/example_sensor_decorator.py took 0.108 seconds
[2025-04-15T19:45:35.553+0000] {processor.py:186} INFO - Started process (PID=17095) to work on /home/airflow/.local/lib/python3.12/site-packages/airflow/example_dags/example_sensor_decorator.py
[2025-04-15T19:45:35.554+0000] {processor.py:914} INFO - Processing file /home/airflow/.local/lib/python3.12/site-packages/airflow/example_dags/example_sensor_decorator.py for tasks to queue
[2025-04-15T19:45:35.557+0000] {logging_mixin.py:190} INFO - [2025-04-15T19:45:35.556+0000] {dagbag.py:588} INFO - Filling up the DagBag from /home/airflow/.local/lib/python3.12/site-packages/airflow/example_dags/example_sensor_decorator.py
[2025-04-15T19:45:35.569+0000] {processor.py:925} INFO - DAG(s) 'example_sensor_decorator' retrieved from /home/airflow/.local/lib/python3.12/site-packages/airflow/example_dags/example_sensor_decorator.py
[2025-04-15T19:45:35.600+0000] {logging_mixin.py:190} INFO - [2025-04-15T19:45:35.599+0000] {dag.py:3239} INFO - Sync 1 DAGs
[2025-04-15T19:45:35.628+0000] {logging_mixin.py:190} INFO - [2025-04-15T19:45:35.627+0000] {dag.py:4180} INFO - Setting next_dagrun for example_sensor_decorator to None, run_after=None
[2025-04-15T19:45:35.663+0000] {processor.py:208} INFO - Processing /home/airflow/.local/lib/python3.12/site-packages/airflow/example_dags/example_sensor_decorator.py took 0.118 seconds
[2025-04-15T19:46:05.938+0000] {processor.py:186} INFO - Started process (PID=17161) to work on /home/airflow/.local/lib/python3.12/site-packages/airflow/example_dags/example_sensor_decorator.py
[2025-04-15T19:46:05.939+0000] {processor.py:914} INFO - Processing file /home/airflow/.local/lib/python3.12/site-packages/airflow/example_dags/example_sensor_decorator.py for tasks to queue
[2025-04-15T19:46:05.942+0000] {logging_mixin.py:190} INFO - [2025-04-15T19:46:05.942+0000] {dagbag.py:588} INFO - Filling up the DagBag from /home/airflow/.local/lib/python3.12/site-packages/airflow/example_dags/example_sensor_decorator.py
[2025-04-15T19:46:05.963+0000] {processor.py:925} INFO - DAG(s) 'example_sensor_decorator' retrieved from /home/airflow/.local/lib/python3.12/site-packages/airflow/example_dags/example_sensor_decorator.py
[2025-04-15T19:46:05.986+0000] {logging_mixin.py:190} INFO - [2025-04-15T19:46:05.986+0000] {dag.py:3239} INFO - Sync 1 DAGs
[2025-04-15T19:46:06.008+0000] {logging_mixin.py:190} INFO - [2025-04-15T19:46:06.008+0000] {dag.py:4180} INFO - Setting next_dagrun for example_sensor_decorator to None, run_after=None
[2025-04-15T19:46:06.036+0000] {processor.py:208} INFO - Processing /home/airflow/.local/lib/python3.12/site-packages/airflow/example_dags/example_sensor_decorator.py took 0.105 seconds
[2025-04-15T19:46:36.658+0000] {processor.py:186} INFO - Started process (PID=17228) to work on /home/airflow/.local/lib/python3.12/site-packages/airflow/example_dags/example_sensor_decorator.py
[2025-04-15T19:46:36.659+0000] {processor.py:914} INFO - Processing file /home/airflow/.local/lib/python3.12/site-packages/airflow/example_dags/example_sensor_decorator.py for tasks to queue
[2025-04-15T19:46:36.661+0000] {logging_mixin.py:190} INFO - [2025-04-15T19:46:36.661+0000] {dagbag.py:588} INFO - Filling up the DagBag from /home/airflow/.local/lib/python3.12/site-packages/airflow/example_dags/example_sensor_decorator.py
[2025-04-15T19:46:36.673+0000] {processor.py:925} INFO - DAG(s) 'example_sensor_decorator' retrieved from /home/airflow/.local/lib/python3.12/site-packages/airflow/example_dags/example_sensor_decorator.py
[2025-04-15T19:46:36.701+0000] {logging_mixin.py:190} INFO - [2025-04-15T19:46:36.700+0000] {dag.py:3239} INFO - Sync 1 DAGs
[2025-04-15T19:46:36.722+0000] {logging_mixin.py:190} INFO - [2025-04-15T19:46:36.722+0000] {dag.py:4180} INFO - Setting next_dagrun for example_sensor_decorator to None, run_after=None
[2025-04-15T19:46:36.754+0000] {processor.py:208} INFO - Processing /home/airflow/.local/lib/python3.12/site-packages/airflow/example_dags/example_sensor_decorator.py took 0.105 seconds
[2025-04-15T19:47:07.303+0000] {processor.py:186} INFO - Started process (PID=17295) to work on /home/airflow/.local/lib/python3.12/site-packages/airflow/example_dags/example_sensor_decorator.py
[2025-04-15T19:47:07.304+0000] {processor.py:914} INFO - Processing file /home/airflow/.local/lib/python3.12/site-packages/airflow/example_dags/example_sensor_decorator.py for tasks to queue
[2025-04-15T19:47:07.305+0000] {logging_mixin.py:190} INFO - [2025-04-15T19:47:07.305+0000] {dagbag.py:588} INFO - Filling up the DagBag from /home/airflow/.local/lib/python3.12/site-packages/airflow/example_dags/example_sensor_decorator.py
[2025-04-15T19:47:07.313+0000] {processor.py:925} INFO - DAG(s) 'example_sensor_decorator' retrieved from /home/airflow/.local/lib/python3.12/site-packages/airflow/example_dags/example_sensor_decorator.py
[2025-04-15T19:47:07.333+0000] {logging_mixin.py:190} INFO - [2025-04-15T19:47:07.333+0000] {dag.py:3239} INFO - Sync 1 DAGs
[2025-04-15T19:47:07.348+0000] {logging_mixin.py:190} INFO - [2025-04-15T19:47:07.348+0000] {dag.py:4180} INFO - Setting next_dagrun for example_sensor_decorator to None, run_after=None
[2025-04-15T19:47:07.370+0000] {processor.py:208} INFO - Processing /home/airflow/.local/lib/python3.12/site-packages/airflow/example_dags/example_sensor_decorator.py took 0.073 seconds
[2025-04-15T19:47:37.899+0000] {processor.py:186} INFO - Started process (PID=17361) to work on /home/airflow/.local/lib/python3.12/site-packages/airflow/example_dags/example_sensor_decorator.py
[2025-04-15T19:47:37.900+0000] {processor.py:914} INFO - Processing file /home/airflow/.local/lib/python3.12/site-packages/airflow/example_dags/example_sensor_decorator.py for tasks to queue
[2025-04-15T19:47:37.902+0000] {logging_mixin.py:190} INFO - [2025-04-15T19:47:37.902+0000] {dagbag.py:588} INFO - Filling up the DagBag from /home/airflow/.local/lib/python3.12/site-packages/airflow/example_dags/example_sensor_decorator.py
[2025-04-15T19:47:37.913+0000] {processor.py:925} INFO - DAG(s) 'example_sensor_decorator' retrieved from /home/airflow/.local/lib/python3.12/site-packages/airflow/example_dags/example_sensor_decorator.py
[2025-04-15T19:47:37.945+0000] {logging_mixin.py:190} INFO - [2025-04-15T19:47:37.945+0000] {dag.py:3239} INFO - Sync 1 DAGs
[2025-04-15T19:47:37.969+0000] {logging_mixin.py:190} INFO - [2025-04-15T19:47:37.968+0000] {dag.py:4180} INFO - Setting next_dagrun for example_sensor_decorator to None, run_after=None
[2025-04-15T19:47:38.001+0000] {processor.py:208} INFO - Processing /home/airflow/.local/lib/python3.12/site-packages/airflow/example_dags/example_sensor_decorator.py took 0.110 seconds
[2025-04-15T19:48:08.432+0000] {processor.py:186} INFO - Started process (PID=17426) to work on /home/airflow/.local/lib/python3.12/site-packages/airflow/example_dags/example_sensor_decorator.py
[2025-04-15T19:48:08.433+0000] {processor.py:914} INFO - Processing file /home/airflow/.local/lib/python3.12/site-packages/airflow/example_dags/example_sensor_decorator.py for tasks to queue
[2025-04-15T19:48:08.435+0000] {logging_mixin.py:190} INFO - [2025-04-15T19:48:08.435+0000] {dagbag.py:588} INFO - Filling up the DagBag from /home/airflow/.local/lib/python3.12/site-packages/airflow/example_dags/example_sensor_decorator.py
[2025-04-15T19:48:08.447+0000] {processor.py:925} INFO - DAG(s) 'example_sensor_decorator' retrieved from /home/airflow/.local/lib/python3.12/site-packages/airflow/example_dags/example_sensor_decorator.py
[2025-04-15T19:48:08.474+0000] {logging_mixin.py:190} INFO - [2025-04-15T19:48:08.474+0000] {dag.py:3239} INFO - Sync 1 DAGs
[2025-04-15T19:48:08.497+0000] {logging_mixin.py:190} INFO - [2025-04-15T19:48:08.497+0000] {dag.py:4180} INFO - Setting next_dagrun for example_sensor_decorator to None, run_after=None
[2025-04-15T19:48:08.525+0000] {processor.py:208} INFO - Processing /home/airflow/.local/lib/python3.12/site-packages/airflow/example_dags/example_sensor_decorator.py took 0.102 seconds
[2025-04-15T19:48:39.415+0000] {processor.py:186} INFO - Started process (PID=17493) to work on /home/airflow/.local/lib/python3.12/site-packages/airflow/example_dags/example_sensor_decorator.py
[2025-04-15T19:48:39.418+0000] {processor.py:914} INFO - Processing file /home/airflow/.local/lib/python3.12/site-packages/airflow/example_dags/example_sensor_decorator.py for tasks to queue
[2025-04-15T19:48:39.420+0000] {logging_mixin.py:190} INFO - [2025-04-15T19:48:39.420+0000] {dagbag.py:588} INFO - Filling up the DagBag from /home/airflow/.local/lib/python3.12/site-packages/airflow/example_dags/example_sensor_decorator.py
[2025-04-15T19:48:39.436+0000] {processor.py:925} INFO - DAG(s) 'example_sensor_decorator' retrieved from /home/airflow/.local/lib/python3.12/site-packages/airflow/example_dags/example_sensor_decorator.py
[2025-04-15T19:48:39.473+0000] {logging_mixin.py:190} INFO - [2025-04-15T19:48:39.473+0000] {dag.py:3239} INFO - Sync 1 DAGs
[2025-04-15T19:48:39.499+0000] {logging_mixin.py:190} INFO - [2025-04-15T19:48:39.499+0000] {dag.py:4180} INFO - Setting next_dagrun for example_sensor_decorator to None, run_after=None
[2025-04-15T19:48:39.534+0000] {processor.py:208} INFO - Processing /home/airflow/.local/lib/python3.12/site-packages/airflow/example_dags/example_sensor_decorator.py took 0.130 seconds
[2025-04-15T19:49:09.994+0000] {processor.py:186} INFO - Started process (PID=17560) to work on /home/airflow/.local/lib/python3.12/site-packages/airflow/example_dags/example_sensor_decorator.py
[2025-04-15T19:49:09.995+0000] {processor.py:914} INFO - Processing file /home/airflow/.local/lib/python3.12/site-packages/airflow/example_dags/example_sensor_decorator.py for tasks to queue
[2025-04-15T19:49:09.997+0000] {logging_mixin.py:190} INFO - [2025-04-15T19:49:09.997+0000] {dagbag.py:588} INFO - Filling up the DagBag from /home/airflow/.local/lib/python3.12/site-packages/airflow/example_dags/example_sensor_decorator.py
[2025-04-15T19:49:10.010+0000] {processor.py:925} INFO - DAG(s) 'example_sensor_decorator' retrieved from /home/airflow/.local/lib/python3.12/site-packages/airflow/example_dags/example_sensor_decorator.py
[2025-04-15T19:49:10.040+0000] {logging_mixin.py:190} INFO - [2025-04-15T19:49:10.040+0000] {dag.py:3239} INFO - Sync 1 DAGs
[2025-04-15T19:49:10.063+0000] {logging_mixin.py:190} INFO - [2025-04-15T19:49:10.063+0000] {dag.py:4180} INFO - Setting next_dagrun for example_sensor_decorator to None, run_after=None
[2025-04-15T19:49:10.093+0000] {processor.py:208} INFO - Processing /home/airflow/.local/lib/python3.12/site-packages/airflow/example_dags/example_sensor_decorator.py took 0.108 seconds
[2025-04-15T19:49:40.221+0000] {processor.py:186} INFO - Started process (PID=17627) to work on /home/airflow/.local/lib/python3.12/site-packages/airflow/example_dags/example_sensor_decorator.py
[2025-04-15T19:49:40.222+0000] {processor.py:914} INFO - Processing file /home/airflow/.local/lib/python3.12/site-packages/airflow/example_dags/example_sensor_decorator.py for tasks to queue
[2025-04-15T19:49:40.223+0000] {logging_mixin.py:190} INFO - [2025-04-15T19:49:40.223+0000] {dagbag.py:588} INFO - Filling up the DagBag from /home/airflow/.local/lib/python3.12/site-packages/airflow/example_dags/example_sensor_decorator.py
[2025-04-15T19:49:40.231+0000] {processor.py:925} INFO - DAG(s) 'example_sensor_decorator' retrieved from /home/airflow/.local/lib/python3.12/site-packages/airflow/example_dags/example_sensor_decorator.py
[2025-04-15T19:49:40.254+0000] {logging_mixin.py:190} INFO - [2025-04-15T19:49:40.253+0000] {dag.py:3239} INFO - Sync 1 DAGs
[2025-04-15T19:49:40.271+0000] {logging_mixin.py:190} INFO - [2025-04-15T19:49:40.271+0000] {dag.py:4180} INFO - Setting next_dagrun for example_sensor_decorator to None, run_after=None
[2025-04-15T19:49:40.294+0000] {processor.py:208} INFO - Processing /home/airflow/.local/lib/python3.12/site-packages/airflow/example_dags/example_sensor_decorator.py took 0.080 seconds
[2025-04-15T19:50:10.557+0000] {processor.py:186} INFO - Started process (PID=17694) to work on /home/airflow/.local/lib/python3.12/site-packages/airflow/example_dags/example_sensor_decorator.py
[2025-04-15T19:50:10.559+0000] {processor.py:914} INFO - Processing file /home/airflow/.local/lib/python3.12/site-packages/airflow/example_dags/example_sensor_decorator.py for tasks to queue
[2025-04-15T19:50:10.561+0000] {logging_mixin.py:190} INFO - [2025-04-15T19:50:10.561+0000] {dagbag.py:588} INFO - Filling up the DagBag from /home/airflow/.local/lib/python3.12/site-packages/airflow/example_dags/example_sensor_decorator.py
[2025-04-15T19:50:10.578+0000] {processor.py:925} INFO - DAG(s) 'example_sensor_decorator' retrieved from /home/airflow/.local/lib/python3.12/site-packages/airflow/example_dags/example_sensor_decorator.py
[2025-04-15T19:50:10.609+0000] {logging_mixin.py:190} INFO - [2025-04-15T19:50:10.609+0000] {dag.py:3239} INFO - Sync 1 DAGs
[2025-04-15T19:50:10.636+0000] {logging_mixin.py:190} INFO - [2025-04-15T19:50:10.636+0000] {dag.py:4180} INFO - Setting next_dagrun for example_sensor_decorator to None, run_after=None
[2025-04-15T19:50:10.666+0000] {processor.py:208} INFO - Processing /home/airflow/.local/lib/python3.12/site-packages/airflow/example_dags/example_sensor_decorator.py took 0.121 seconds
[2025-04-15T19:50:41.317+0000] {processor.py:186} INFO - Started process (PID=17761) to work on /home/airflow/.local/lib/python3.12/site-packages/airflow/example_dags/example_sensor_decorator.py
[2025-04-15T19:50:41.318+0000] {processor.py:914} INFO - Processing file /home/airflow/.local/lib/python3.12/site-packages/airflow/example_dags/example_sensor_decorator.py for tasks to queue
[2025-04-15T19:50:41.320+0000] {logging_mixin.py:190} INFO - [2025-04-15T19:50:41.320+0000] {dagbag.py:588} INFO - Filling up the DagBag from /home/airflow/.local/lib/python3.12/site-packages/airflow/example_dags/example_sensor_decorator.py
[2025-04-15T19:50:41.332+0000] {processor.py:925} INFO - DAG(s) 'example_sensor_decorator' retrieved from /home/airflow/.local/lib/python3.12/site-packages/airflow/example_dags/example_sensor_decorator.py
[2025-04-15T19:50:41.362+0000] {logging_mixin.py:190} INFO - [2025-04-15T19:50:41.362+0000] {dag.py:3239} INFO - Sync 1 DAGs
[2025-04-15T19:50:41.386+0000] {logging_mixin.py:190} INFO - [2025-04-15T19:50:41.385+0000] {dag.py:4180} INFO - Setting next_dagrun for example_sensor_decorator to None, run_after=None
[2025-04-15T19:50:41.418+0000] {processor.py:208} INFO - Processing /home/airflow/.local/lib/python3.12/site-packages/airflow/example_dags/example_sensor_decorator.py took 0.111 seconds
[2025-04-15T19:51:11.941+0000] {processor.py:186} INFO - Started process (PID=17828) to work on /home/airflow/.local/lib/python3.12/site-packages/airflow/example_dags/example_sensor_decorator.py
[2025-04-15T19:51:11.943+0000] {processor.py:914} INFO - Processing file /home/airflow/.local/lib/python3.12/site-packages/airflow/example_dags/example_sensor_decorator.py for tasks to queue
[2025-04-15T19:51:11.945+0000] {logging_mixin.py:190} INFO - [2025-04-15T19:51:11.944+0000] {dagbag.py:588} INFO - Filling up the DagBag from /home/airflow/.local/lib/python3.12/site-packages/airflow/example_dags/example_sensor_decorator.py
[2025-04-15T19:51:11.956+0000] {processor.py:925} INFO - DAG(s) 'example_sensor_decorator' retrieved from /home/airflow/.local/lib/python3.12/site-packages/airflow/example_dags/example_sensor_decorator.py
[2025-04-15T19:51:11.984+0000] {logging_mixin.py:190} INFO - [2025-04-15T19:51:11.984+0000] {dag.py:3239} INFO - Sync 1 DAGs
[2025-04-15T19:51:12.012+0000] {logging_mixin.py:190} INFO - [2025-04-15T19:51:12.012+0000] {dag.py:4180} INFO - Setting next_dagrun for example_sensor_decorator to None, run_after=None
[2025-04-15T19:51:12.042+0000] {processor.py:208} INFO - Processing /home/airflow/.local/lib/python3.12/site-packages/airflow/example_dags/example_sensor_decorator.py took 0.109 seconds
[2025-04-15T19:51:42.694+0000] {processor.py:186} INFO - Started process (PID=17895) to work on /home/airflow/.local/lib/python3.12/site-packages/airflow/example_dags/example_sensor_decorator.py
[2025-04-15T19:51:42.696+0000] {processor.py:914} INFO - Processing file /home/airflow/.local/lib/python3.12/site-packages/airflow/example_dags/example_sensor_decorator.py for tasks to queue
[2025-04-15T19:51:42.697+0000] {logging_mixin.py:190} INFO - [2025-04-15T19:51:42.697+0000] {dagbag.py:588} INFO - Filling up the DagBag from /home/airflow/.local/lib/python3.12/site-packages/airflow/example_dags/example_sensor_decorator.py
[2025-04-15T19:51:42.708+0000] {processor.py:925} INFO - DAG(s) 'example_sensor_decorator' retrieved from /home/airflow/.local/lib/python3.12/site-packages/airflow/example_dags/example_sensor_decorator.py
[2025-04-15T19:51:42.742+0000] {logging_mixin.py:190} INFO - [2025-04-15T19:51:42.742+0000] {dag.py:3239} INFO - Sync 1 DAGs
[2025-04-15T19:51:42.764+0000] {logging_mixin.py:190} INFO - [2025-04-15T19:51:42.764+0000] {dag.py:4180} INFO - Setting next_dagrun for example_sensor_decorator to None, run_after=None
[2025-04-15T19:51:42.790+0000] {processor.py:208} INFO - Processing /home/airflow/.local/lib/python3.12/site-packages/airflow/example_dags/example_sensor_decorator.py took 0.106 seconds
[2025-04-15T19:52:13.536+0000] {processor.py:186} INFO - Started process (PID=17962) to work on /home/airflow/.local/lib/python3.12/site-packages/airflow/example_dags/example_sensor_decorator.py
[2025-04-15T19:52:13.538+0000] {processor.py:914} INFO - Processing file /home/airflow/.local/lib/python3.12/site-packages/airflow/example_dags/example_sensor_decorator.py for tasks to queue
[2025-04-15T19:52:13.541+0000] {logging_mixin.py:190} INFO - [2025-04-15T19:52:13.540+0000] {dagbag.py:588} INFO - Filling up the DagBag from /home/airflow/.local/lib/python3.12/site-packages/airflow/example_dags/example_sensor_decorator.py
[2025-04-15T19:52:13.557+0000] {processor.py:925} INFO - DAG(s) 'example_sensor_decorator' retrieved from /home/airflow/.local/lib/python3.12/site-packages/airflow/example_dags/example_sensor_decorator.py
[2025-04-15T19:52:13.589+0000] {logging_mixin.py:190} INFO - [2025-04-15T19:52:13.589+0000] {dag.py:3239} INFO - Sync 1 DAGs
[2025-04-15T19:52:13.620+0000] {logging_mixin.py:190} INFO - [2025-04-15T19:52:13.619+0000] {dag.py:4180} INFO - Setting next_dagrun for example_sensor_decorator to None, run_after=None
[2025-04-15T19:52:13.651+0000] {processor.py:208} INFO - Processing /home/airflow/.local/lib/python3.12/site-packages/airflow/example_dags/example_sensor_decorator.py took 0.127 seconds
[2025-04-15T19:52:44.074+0000] {processor.py:186} INFO - Started process (PID=18029) to work on /home/airflow/.local/lib/python3.12/site-packages/airflow/example_dags/example_sensor_decorator.py
[2025-04-15T19:52:44.076+0000] {processor.py:914} INFO - Processing file /home/airflow/.local/lib/python3.12/site-packages/airflow/example_dags/example_sensor_decorator.py for tasks to queue
[2025-04-15T19:52:44.079+0000] {logging_mixin.py:190} INFO - [2025-04-15T19:52:44.078+0000] {dagbag.py:588} INFO - Filling up the DagBag from /home/airflow/.local/lib/python3.12/site-packages/airflow/example_dags/example_sensor_decorator.py
[2025-04-15T19:52:44.091+0000] {processor.py:925} INFO - DAG(s) 'example_sensor_decorator' retrieved from /home/airflow/.local/lib/python3.12/site-packages/airflow/example_dags/example_sensor_decorator.py
[2025-04-15T19:52:44.123+0000] {logging_mixin.py:190} INFO - [2025-04-15T19:52:44.123+0000] {dag.py:3239} INFO - Sync 1 DAGs
[2025-04-15T19:52:44.148+0000] {logging_mixin.py:190} INFO - [2025-04-15T19:52:44.148+0000] {dag.py:4180} INFO - Setting next_dagrun for example_sensor_decorator to None, run_after=None
[2025-04-15T19:52:44.181+0000] {processor.py:208} INFO - Processing /home/airflow/.local/lib/python3.12/site-packages/airflow/example_dags/example_sensor_decorator.py took 0.116 seconds
[2025-04-15T19:53:14.454+0000] {processor.py:186} INFO - Started process (PID=18096) to work on /home/airflow/.local/lib/python3.12/site-packages/airflow/example_dags/example_sensor_decorator.py
[2025-04-15T19:53:14.456+0000] {processor.py:914} INFO - Processing file /home/airflow/.local/lib/python3.12/site-packages/airflow/example_dags/example_sensor_decorator.py for tasks to queue
[2025-04-15T19:53:14.458+0000] {logging_mixin.py:190} INFO - [2025-04-15T19:53:14.457+0000] {dagbag.py:588} INFO - Filling up the DagBag from /home/airflow/.local/lib/python3.12/site-packages/airflow/example_dags/example_sensor_decorator.py
[2025-04-15T19:53:14.472+0000] {processor.py:925} INFO - DAG(s) 'example_sensor_decorator' retrieved from /home/airflow/.local/lib/python3.12/site-packages/airflow/example_dags/example_sensor_decorator.py
[2025-04-15T19:53:14.507+0000] {logging_mixin.py:190} INFO - [2025-04-15T19:53:14.506+0000] {dag.py:3239} INFO - Sync 1 DAGs
[2025-04-15T19:53:14.533+0000] {logging_mixin.py:190} INFO - [2025-04-15T19:53:14.532+0000] {dag.py:4180} INFO - Setting next_dagrun for example_sensor_decorator to None, run_after=None
[2025-04-15T19:53:14.569+0000] {processor.py:208} INFO - Processing /home/airflow/.local/lib/python3.12/site-packages/airflow/example_dags/example_sensor_decorator.py took 0.123 seconds
[2025-04-15T19:53:45.011+0000] {processor.py:186} INFO - Started process (PID=18163) to work on /home/airflow/.local/lib/python3.12/site-packages/airflow/example_dags/example_sensor_decorator.py
[2025-04-15T19:53:45.012+0000] {processor.py:914} INFO - Processing file /home/airflow/.local/lib/python3.12/site-packages/airflow/example_dags/example_sensor_decorator.py for tasks to queue
[2025-04-15T19:53:45.014+0000] {logging_mixin.py:190} INFO - [2025-04-15T19:53:45.014+0000] {dagbag.py:588} INFO - Filling up the DagBag from /home/airflow/.local/lib/python3.12/site-packages/airflow/example_dags/example_sensor_decorator.py
[2025-04-15T19:53:45.028+0000] {processor.py:925} INFO - DAG(s) 'example_sensor_decorator' retrieved from /home/airflow/.local/lib/python3.12/site-packages/airflow/example_dags/example_sensor_decorator.py
[2025-04-15T19:53:45.064+0000] {logging_mixin.py:190} INFO - [2025-04-15T19:53:45.064+0000] {dag.py:3239} INFO - Sync 1 DAGs
[2025-04-15T19:53:45.088+0000] {logging_mixin.py:190} INFO - [2025-04-15T19:53:45.088+0000] {dag.py:4180} INFO - Setting next_dagrun for example_sensor_decorator to None, run_after=None
[2025-04-15T19:53:45.128+0000] {processor.py:208} INFO - Processing /home/airflow/.local/lib/python3.12/site-packages/airflow/example_dags/example_sensor_decorator.py took 0.127 seconds
[2025-04-15T19:54:15.454+0000] {processor.py:186} INFO - Started process (PID=18230) to work on /home/airflow/.local/lib/python3.12/site-packages/airflow/example_dags/example_sensor_decorator.py
[2025-04-15T19:54:15.456+0000] {processor.py:914} INFO - Processing file /home/airflow/.local/lib/python3.12/site-packages/airflow/example_dags/example_sensor_decorator.py for tasks to queue
[2025-04-15T19:54:15.458+0000] {logging_mixin.py:190} INFO - [2025-04-15T19:54:15.458+0000] {dagbag.py:588} INFO - Filling up the DagBag from /home/airflow/.local/lib/python3.12/site-packages/airflow/example_dags/example_sensor_decorator.py
[2025-04-15T19:54:15.470+0000] {processor.py:925} INFO - DAG(s) 'example_sensor_decorator' retrieved from /home/airflow/.local/lib/python3.12/site-packages/airflow/example_dags/example_sensor_decorator.py
[2025-04-15T19:54:15.502+0000] {logging_mixin.py:190} INFO - [2025-04-15T19:54:15.501+0000] {dag.py:3239} INFO - Sync 1 DAGs
[2025-04-15T19:54:15.526+0000] {logging_mixin.py:190} INFO - [2025-04-15T19:54:15.525+0000] {dag.py:4180} INFO - Setting next_dagrun for example_sensor_decorator to None, run_after=None
[2025-04-15T19:54:15.559+0000] {processor.py:208} INFO - Processing /home/airflow/.local/lib/python3.12/site-packages/airflow/example_dags/example_sensor_decorator.py took 0.113 seconds
[2025-04-15T19:54:45.865+0000] {processor.py:186} INFO - Started process (PID=18297) to work on /home/airflow/.local/lib/python3.12/site-packages/airflow/example_dags/example_sensor_decorator.py
[2025-04-15T19:54:45.867+0000] {processor.py:914} INFO - Processing file /home/airflow/.local/lib/python3.12/site-packages/airflow/example_dags/example_sensor_decorator.py for tasks to queue
[2025-04-15T19:54:45.869+0000] {logging_mixin.py:190} INFO - [2025-04-15T19:54:45.868+0000] {dagbag.py:588} INFO - Filling up the DagBag from /home/airflow/.local/lib/python3.12/site-packages/airflow/example_dags/example_sensor_decorator.py
[2025-04-15T19:54:45.880+0000] {processor.py:925} INFO - DAG(s) 'example_sensor_decorator' retrieved from /home/airflow/.local/lib/python3.12/site-packages/airflow/example_dags/example_sensor_decorator.py
[2025-04-15T19:54:45.910+0000] {logging_mixin.py:190} INFO - [2025-04-15T19:54:45.910+0000] {dag.py:3239} INFO - Sync 1 DAGs
[2025-04-15T19:54:45.935+0000] {logging_mixin.py:190} INFO - [2025-04-15T19:54:45.934+0000] {dag.py:4180} INFO - Setting next_dagrun for example_sensor_decorator to None, run_after=None
[2025-04-15T19:54:45.964+0000] {processor.py:208} INFO - Processing /home/airflow/.local/lib/python3.12/site-packages/airflow/example_dags/example_sensor_decorator.py took 0.108 seconds
[2025-04-15T19:55:16.660+0000] {processor.py:186} INFO - Started process (PID=18364) to work on /home/airflow/.local/lib/python3.12/site-packages/airflow/example_dags/example_sensor_decorator.py
[2025-04-15T19:55:16.662+0000] {processor.py:914} INFO - Processing file /home/airflow/.local/lib/python3.12/site-packages/airflow/example_dags/example_sensor_decorator.py for tasks to queue
[2025-04-15T19:55:16.664+0000] {logging_mixin.py:190} INFO - [2025-04-15T19:55:16.663+0000] {dagbag.py:588} INFO - Filling up the DagBag from /home/airflow/.local/lib/python3.12/site-packages/airflow/example_dags/example_sensor_decorator.py
[2025-04-15T19:55:16.676+0000] {processor.py:925} INFO - DAG(s) 'example_sensor_decorator' retrieved from /home/airflow/.local/lib/python3.12/site-packages/airflow/example_dags/example_sensor_decorator.py
[2025-04-15T19:55:16.707+0000] {logging_mixin.py:190} INFO - [2025-04-15T19:55:16.706+0000] {dag.py:3239} INFO - Sync 1 DAGs
[2025-04-15T19:55:16.737+0000] {logging_mixin.py:190} INFO - [2025-04-15T19:55:16.737+0000] {dag.py:4180} INFO - Setting next_dagrun for example_sensor_decorator to None, run_after=None
[2025-04-15T19:55:16.774+0000] {processor.py:208} INFO - Processing /home/airflow/.local/lib/python3.12/site-packages/airflow/example_dags/example_sensor_decorator.py took 0.124 seconds
[2025-04-15T19:55:47.055+0000] {processor.py:186} INFO - Started process (PID=18431) to work on /home/airflow/.local/lib/python3.12/site-packages/airflow/example_dags/example_sensor_decorator.py
[2025-04-15T19:55:47.056+0000] {processor.py:914} INFO - Processing file /home/airflow/.local/lib/python3.12/site-packages/airflow/example_dags/example_sensor_decorator.py for tasks to queue
[2025-04-15T19:55:47.058+0000] {logging_mixin.py:190} INFO - [2025-04-15T19:55:47.058+0000] {dagbag.py:588} INFO - Filling up the DagBag from /home/airflow/.local/lib/python3.12/site-packages/airflow/example_dags/example_sensor_decorator.py
[2025-04-15T19:55:47.070+0000] {processor.py:925} INFO - DAG(s) 'example_sensor_decorator' retrieved from /home/airflow/.local/lib/python3.12/site-packages/airflow/example_dags/example_sensor_decorator.py
[2025-04-15T19:55:47.098+0000] {logging_mixin.py:190} INFO - [2025-04-15T19:55:47.097+0000] {dag.py:3239} INFO - Sync 1 DAGs
[2025-04-15T19:55:47.122+0000] {logging_mixin.py:190} INFO - [2025-04-15T19:55:47.121+0000] {dag.py:4180} INFO - Setting next_dagrun for example_sensor_decorator to None, run_after=None
[2025-04-15T19:55:47.152+0000] {processor.py:208} INFO - Processing /home/airflow/.local/lib/python3.12/site-packages/airflow/example_dags/example_sensor_decorator.py took 0.108 seconds
[2025-04-15T19:56:17.424+0000] {processor.py:186} INFO - Started process (PID=18498) to work on /home/airflow/.local/lib/python3.12/site-packages/airflow/example_dags/example_sensor_decorator.py
[2025-04-15T19:56:17.425+0000] {processor.py:914} INFO - Processing file /home/airflow/.local/lib/python3.12/site-packages/airflow/example_dags/example_sensor_decorator.py for tasks to queue
[2025-04-15T19:56:17.427+0000] {logging_mixin.py:190} INFO - [2025-04-15T19:56:17.426+0000] {dagbag.py:588} INFO - Filling up the DagBag from /home/airflow/.local/lib/python3.12/site-packages/airflow/example_dags/example_sensor_decorator.py
[2025-04-15T19:56:17.435+0000] {processor.py:925} INFO - DAG(s) 'example_sensor_decorator' retrieved from /home/airflow/.local/lib/python3.12/site-packages/airflow/example_dags/example_sensor_decorator.py
[2025-04-15T19:56:17.455+0000] {logging_mixin.py:190} INFO - [2025-04-15T19:56:17.455+0000] {dag.py:3239} INFO - Sync 1 DAGs
[2025-04-15T19:56:17.472+0000] {logging_mixin.py:190} INFO - [2025-04-15T19:56:17.472+0000] {dag.py:4180} INFO - Setting next_dagrun for example_sensor_decorator to None, run_after=None
[2025-04-15T19:56:17.493+0000] {processor.py:208} INFO - Processing /home/airflow/.local/lib/python3.12/site-packages/airflow/example_dags/example_sensor_decorator.py took 0.074 seconds
[2025-04-15T19:56:48.152+0000] {processor.py:186} INFO - Started process (PID=18565) to work on /home/airflow/.local/lib/python3.12/site-packages/airflow/example_dags/example_sensor_decorator.py
[2025-04-15T19:56:48.154+0000] {processor.py:914} INFO - Processing file /home/airflow/.local/lib/python3.12/site-packages/airflow/example_dags/example_sensor_decorator.py for tasks to queue
[2025-04-15T19:56:48.157+0000] {logging_mixin.py:190} INFO - [2025-04-15T19:56:48.156+0000] {dagbag.py:588} INFO - Filling up the DagBag from /home/airflow/.local/lib/python3.12/site-packages/airflow/example_dags/example_sensor_decorator.py
[2025-04-15T19:56:48.173+0000] {processor.py:925} INFO - DAG(s) 'example_sensor_decorator' retrieved from /home/airflow/.local/lib/python3.12/site-packages/airflow/example_dags/example_sensor_decorator.py
[2025-04-15T19:56:48.210+0000] {logging_mixin.py:190} INFO - [2025-04-15T19:56:48.210+0000] {dag.py:3239} INFO - Sync 1 DAGs
[2025-04-15T19:56:48.240+0000] {logging_mixin.py:190} INFO - [2025-04-15T19:56:48.240+0000] {dag.py:4180} INFO - Setting next_dagrun for example_sensor_decorator to None, run_after=None
[2025-04-15T19:56:48.271+0000] {processor.py:208} INFO - Processing /home/airflow/.local/lib/python3.12/site-packages/airflow/example_dags/example_sensor_decorator.py took 0.130 seconds
[2025-04-15T19:57:18.520+0000] {processor.py:186} INFO - Started process (PID=18632) to work on /home/airflow/.local/lib/python3.12/site-packages/airflow/example_dags/example_sensor_decorator.py
[2025-04-15T19:57:18.521+0000] {processor.py:914} INFO - Processing file /home/airflow/.local/lib/python3.12/site-packages/airflow/example_dags/example_sensor_decorator.py for tasks to queue
[2025-04-15T19:57:18.523+0000] {logging_mixin.py:190} INFO - [2025-04-15T19:57:18.523+0000] {dagbag.py:588} INFO - Filling up the DagBag from /home/airflow/.local/lib/python3.12/site-packages/airflow/example_dags/example_sensor_decorator.py
[2025-04-15T19:57:18.536+0000] {processor.py:925} INFO - DAG(s) 'example_sensor_decorator' retrieved from /home/airflow/.local/lib/python3.12/site-packages/airflow/example_dags/example_sensor_decorator.py
[2025-04-15T19:57:18.572+0000] {logging_mixin.py:190} INFO - [2025-04-15T19:57:18.571+0000] {dag.py:3239} INFO - Sync 1 DAGs
[2025-04-15T19:57:18.602+0000] {logging_mixin.py:190} INFO - [2025-04-15T19:57:18.601+0000] {dag.py:4180} INFO - Setting next_dagrun for example_sensor_decorator to None, run_after=None
[2025-04-15T19:57:18.639+0000] {processor.py:208} INFO - Processing /home/airflow/.local/lib/python3.12/site-packages/airflow/example_dags/example_sensor_decorator.py took 0.129 seconds
[2025-04-15T19:57:49.098+0000] {processor.py:186} INFO - Started process (PID=18698) to work on /home/airflow/.local/lib/python3.12/site-packages/airflow/example_dags/example_sensor_decorator.py
[2025-04-15T19:57:49.100+0000] {processor.py:914} INFO - Processing file /home/airflow/.local/lib/python3.12/site-packages/airflow/example_dags/example_sensor_decorator.py for tasks to queue
[2025-04-15T19:57:49.102+0000] {logging_mixin.py:190} INFO - [2025-04-15T19:57:49.102+0000] {dagbag.py:588} INFO - Filling up the DagBag from /home/airflow/.local/lib/python3.12/site-packages/airflow/example_dags/example_sensor_decorator.py
[2025-04-15T19:57:49.114+0000] {processor.py:925} INFO - DAG(s) 'example_sensor_decorator' retrieved from /home/airflow/.local/lib/python3.12/site-packages/airflow/example_dags/example_sensor_decorator.py
[2025-04-15T19:57:49.147+0000] {logging_mixin.py:190} INFO - [2025-04-15T19:57:49.146+0000] {dag.py:3239} INFO - Sync 1 DAGs
[2025-04-15T19:57:49.175+0000] {logging_mixin.py:190} INFO - [2025-04-15T19:57:49.174+0000] {dag.py:4180} INFO - Setting next_dagrun for example_sensor_decorator to None, run_after=None
[2025-04-15T19:57:49.205+0000] {processor.py:208} INFO - Processing /home/airflow/.local/lib/python3.12/site-packages/airflow/example_dags/example_sensor_decorator.py took 0.116 seconds
[2025-04-15T19:58:19.578+0000] {processor.py:186} INFO - Started process (PID=18765) to work on /home/airflow/.local/lib/python3.12/site-packages/airflow/example_dags/example_sensor_decorator.py
[2025-04-15T19:58:19.579+0000] {processor.py:914} INFO - Processing file /home/airflow/.local/lib/python3.12/site-packages/airflow/example_dags/example_sensor_decorator.py for tasks to queue
[2025-04-15T19:58:19.580+0000] {logging_mixin.py:190} INFO - [2025-04-15T19:58:19.580+0000] {dagbag.py:588} INFO - Filling up the DagBag from /home/airflow/.local/lib/python3.12/site-packages/airflow/example_dags/example_sensor_decorator.py
[2025-04-15T19:58:19.588+0000] {processor.py:925} INFO - DAG(s) 'example_sensor_decorator' retrieved from /home/airflow/.local/lib/python3.12/site-packages/airflow/example_dags/example_sensor_decorator.py
[2025-04-15T19:58:19.609+0000] {logging_mixin.py:190} INFO - [2025-04-15T19:58:19.609+0000] {dag.py:3239} INFO - Sync 1 DAGs
[2025-04-15T19:58:19.627+0000] {logging_mixin.py:190} INFO - [2025-04-15T19:58:19.627+0000] {dag.py:4180} INFO - Setting next_dagrun for example_sensor_decorator to None, run_after=None
[2025-04-15T19:58:19.649+0000] {processor.py:208} INFO - Processing /home/airflow/.local/lib/python3.12/site-packages/airflow/example_dags/example_sensor_decorator.py took 0.077 seconds
[2025-04-15T19:58:50.096+0000] {processor.py:186} INFO - Started process (PID=18832) to work on /home/airflow/.local/lib/python3.12/site-packages/airflow/example_dags/example_sensor_decorator.py
[2025-04-15T19:58:50.097+0000] {processor.py:914} INFO - Processing file /home/airflow/.local/lib/python3.12/site-packages/airflow/example_dags/example_sensor_decorator.py for tasks to queue
[2025-04-15T19:58:50.099+0000] {logging_mixin.py:190} INFO - [2025-04-15T19:58:50.099+0000] {dagbag.py:588} INFO - Filling up the DagBag from /home/airflow/.local/lib/python3.12/site-packages/airflow/example_dags/example_sensor_decorator.py
[2025-04-15T19:58:50.112+0000] {processor.py:925} INFO - DAG(s) 'example_sensor_decorator' retrieved from /home/airflow/.local/lib/python3.12/site-packages/airflow/example_dags/example_sensor_decorator.py
[2025-04-15T19:58:50.143+0000] {logging_mixin.py:190} INFO - [2025-04-15T19:58:50.142+0000] {dag.py:3239} INFO - Sync 1 DAGs
[2025-04-15T19:58:50.167+0000] {logging_mixin.py:190} INFO - [2025-04-15T19:58:50.167+0000] {dag.py:4180} INFO - Setting next_dagrun for example_sensor_decorator to None, run_after=None
[2025-04-15T19:58:50.196+0000] {processor.py:208} INFO - Processing /home/airflow/.local/lib/python3.12/site-packages/airflow/example_dags/example_sensor_decorator.py took 0.109 seconds
[2025-04-15T19:59:20.524+0000] {processor.py:186} INFO - Started process (PID=18899) to work on /home/airflow/.local/lib/python3.12/site-packages/airflow/example_dags/example_sensor_decorator.py
[2025-04-15T19:59:20.526+0000] {processor.py:914} INFO - Processing file /home/airflow/.local/lib/python3.12/site-packages/airflow/example_dags/example_sensor_decorator.py for tasks to queue
[2025-04-15T19:59:20.528+0000] {logging_mixin.py:190} INFO - [2025-04-15T19:59:20.528+0000] {dagbag.py:588} INFO - Filling up the DagBag from /home/airflow/.local/lib/python3.12/site-packages/airflow/example_dags/example_sensor_decorator.py
[2025-04-15T19:59:20.541+0000] {processor.py:925} INFO - DAG(s) 'example_sensor_decorator' retrieved from /home/airflow/.local/lib/python3.12/site-packages/airflow/example_dags/example_sensor_decorator.py
[2025-04-15T19:59:20.572+0000] {logging_mixin.py:190} INFO - [2025-04-15T19:59:20.572+0000] {dag.py:3239} INFO - Sync 1 DAGs
[2025-04-15T19:59:20.599+0000] {logging_mixin.py:190} INFO - [2025-04-15T19:59:20.599+0000] {dag.py:4180} INFO - Setting next_dagrun for example_sensor_decorator to None, run_after=None
[2025-04-15T19:59:20.632+0000] {processor.py:208} INFO - Processing /home/airflow/.local/lib/python3.12/site-packages/airflow/example_dags/example_sensor_decorator.py took 0.116 seconds
[2025-04-15T19:59:51.184+0000] {processor.py:186} INFO - Started process (PID=18966) to work on /home/airflow/.local/lib/python3.12/site-packages/airflow/example_dags/example_sensor_decorator.py
[2025-04-15T19:59:51.185+0000] {processor.py:914} INFO - Processing file /home/airflow/.local/lib/python3.12/site-packages/airflow/example_dags/example_sensor_decorator.py for tasks to queue
[2025-04-15T19:59:51.187+0000] {logging_mixin.py:190} INFO - [2025-04-15T19:59:51.186+0000] {dagbag.py:588} INFO - Filling up the DagBag from /home/airflow/.local/lib/python3.12/site-packages/airflow/example_dags/example_sensor_decorator.py
[2025-04-15T19:59:51.196+0000] {processor.py:925} INFO - DAG(s) 'example_sensor_decorator' retrieved from /home/airflow/.local/lib/python3.12/site-packages/airflow/example_dags/example_sensor_decorator.py
[2025-04-15T19:59:51.220+0000] {logging_mixin.py:190} INFO - [2025-04-15T19:59:51.220+0000] {dag.py:3239} INFO - Sync 1 DAGs
[2025-04-15T19:59:51.247+0000] {logging_mixin.py:190} INFO - [2025-04-15T19:59:51.246+0000] {dag.py:4180} INFO - Setting next_dagrun for example_sensor_decorator to None, run_after=None
[2025-04-15T19:59:51.277+0000] {processor.py:208} INFO - Processing /home/airflow/.local/lib/python3.12/site-packages/airflow/example_dags/example_sensor_decorator.py took 0.100 seconds
[2025-04-15T20:00:21.434+0000] {processor.py:186} INFO - Started process (PID=19033) to work on /home/airflow/.local/lib/python3.12/site-packages/airflow/example_dags/example_sensor_decorator.py
[2025-04-15T20:00:21.435+0000] {processor.py:914} INFO - Processing file /home/airflow/.local/lib/python3.12/site-packages/airflow/example_dags/example_sensor_decorator.py for tasks to queue
[2025-04-15T20:00:21.437+0000] {logging_mixin.py:190} INFO - [2025-04-15T20:00:21.437+0000] {dagbag.py:588} INFO - Filling up the DagBag from /home/airflow/.local/lib/python3.12/site-packages/airflow/example_dags/example_sensor_decorator.py
[2025-04-15T20:00:21.446+0000] {processor.py:925} INFO - DAG(s) 'example_sensor_decorator' retrieved from /home/airflow/.local/lib/python3.12/site-packages/airflow/example_dags/example_sensor_decorator.py
[2025-04-15T20:00:21.466+0000] {logging_mixin.py:190} INFO - [2025-04-15T20:00:21.466+0000] {dag.py:3239} INFO - Sync 1 DAGs
[2025-04-15T20:00:21.484+0000] {logging_mixin.py:190} INFO - [2025-04-15T20:00:21.483+0000] {dag.py:4180} INFO - Setting next_dagrun for example_sensor_decorator to None, run_after=None
[2025-04-15T20:00:21.506+0000] {processor.py:208} INFO - Processing /home/airflow/.local/lib/python3.12/site-packages/airflow/example_dags/example_sensor_decorator.py took 0.078 seconds
[2025-04-15T20:00:52.087+0000] {processor.py:186} INFO - Started process (PID=19100) to work on /home/airflow/.local/lib/python3.12/site-packages/airflow/example_dags/example_sensor_decorator.py
[2025-04-15T20:00:52.088+0000] {processor.py:914} INFO - Processing file /home/airflow/.local/lib/python3.12/site-packages/airflow/example_dags/example_sensor_decorator.py for tasks to queue
[2025-04-15T20:00:52.090+0000] {logging_mixin.py:190} INFO - [2025-04-15T20:00:52.089+0000] {dagbag.py:588} INFO - Filling up the DagBag from /home/airflow/.local/lib/python3.12/site-packages/airflow/example_dags/example_sensor_decorator.py
[2025-04-15T20:00:52.098+0000] {processor.py:925} INFO - DAG(s) 'example_sensor_decorator' retrieved from /home/airflow/.local/lib/python3.12/site-packages/airflow/example_dags/example_sensor_decorator.py
[2025-04-15T20:00:52.121+0000] {logging_mixin.py:190} INFO - [2025-04-15T20:00:52.120+0000] {dag.py:3239} INFO - Sync 1 DAGs
[2025-04-15T20:00:52.142+0000] {logging_mixin.py:190} INFO - [2025-04-15T20:00:52.141+0000] {dag.py:4180} INFO - Setting next_dagrun for example_sensor_decorator to None, run_after=None
[2025-04-15T20:00:52.163+0000] {processor.py:208} INFO - Processing /home/airflow/.local/lib/python3.12/site-packages/airflow/example_dags/example_sensor_decorator.py took 0.082 seconds
[2025-04-15T20:01:23.549+0000] {processor.py:186} INFO - Started process (PID=19167) to work on /home/airflow/.local/lib/python3.12/site-packages/airflow/example_dags/example_sensor_decorator.py
[2025-04-15T20:01:23.551+0000] {processor.py:914} INFO - Processing file /home/airflow/.local/lib/python3.12/site-packages/airflow/example_dags/example_sensor_decorator.py for tasks to queue
[2025-04-15T20:01:23.553+0000] {logging_mixin.py:190} INFO - [2025-04-15T20:01:23.552+0000] {dagbag.py:588} INFO - Filling up the DagBag from /home/airflow/.local/lib/python3.12/site-packages/airflow/example_dags/example_sensor_decorator.py
[2025-04-15T20:01:23.567+0000] {processor.py:925} INFO - DAG(s) 'example_sensor_decorator' retrieved from /home/airflow/.local/lib/python3.12/site-packages/airflow/example_dags/example_sensor_decorator.py
[2025-04-15T20:01:23.596+0000] {logging_mixin.py:190} INFO - [2025-04-15T20:01:23.596+0000] {dag.py:3239} INFO - Sync 1 DAGs
[2025-04-15T20:01:23.628+0000] {logging_mixin.py:190} INFO - [2025-04-15T20:01:23.628+0000] {dag.py:4180} INFO - Setting next_dagrun for example_sensor_decorator to None, run_after=None
[2025-04-15T20:01:23.659+0000] {processor.py:208} INFO - Processing /home/airflow/.local/lib/python3.12/site-packages/airflow/example_dags/example_sensor_decorator.py took 0.119 seconds
[2025-04-15T20:01:53.941+0000] {processor.py:186} INFO - Started process (PID=19234) to work on /home/airflow/.local/lib/python3.12/site-packages/airflow/example_dags/example_sensor_decorator.py
[2025-04-15T20:01:53.943+0000] {processor.py:914} INFO - Processing file /home/airflow/.local/lib/python3.12/site-packages/airflow/example_dags/example_sensor_decorator.py for tasks to queue
[2025-04-15T20:01:53.945+0000] {logging_mixin.py:190} INFO - [2025-04-15T20:01:53.944+0000] {dagbag.py:588} INFO - Filling up the DagBag from /home/airflow/.local/lib/python3.12/site-packages/airflow/example_dags/example_sensor_decorator.py
[2025-04-15T20:01:53.956+0000] {processor.py:925} INFO - DAG(s) 'example_sensor_decorator' retrieved from /home/airflow/.local/lib/python3.12/site-packages/airflow/example_dags/example_sensor_decorator.py
[2025-04-15T20:01:53.987+0000] {logging_mixin.py:190} INFO - [2025-04-15T20:01:53.986+0000] {dag.py:3239} INFO - Sync 1 DAGs
[2025-04-15T20:01:54.009+0000] {logging_mixin.py:190} INFO - [2025-04-15T20:01:54.009+0000] {dag.py:4180} INFO - Setting next_dagrun for example_sensor_decorator to None, run_after=None
[2025-04-15T20:01:54.041+0000] {processor.py:208} INFO - Processing /home/airflow/.local/lib/python3.12/site-packages/airflow/example_dags/example_sensor_decorator.py took 0.108 seconds
[2025-04-15T20:02:24.474+0000] {processor.py:186} INFO - Started process (PID=19300) to work on /home/airflow/.local/lib/python3.12/site-packages/airflow/example_dags/example_sensor_decorator.py
[2025-04-15T20:02:24.475+0000] {processor.py:914} INFO - Processing file /home/airflow/.local/lib/python3.12/site-packages/airflow/example_dags/example_sensor_decorator.py for tasks to queue
[2025-04-15T20:02:24.477+0000] {logging_mixin.py:190} INFO - [2025-04-15T20:02:24.477+0000] {dagbag.py:588} INFO - Filling up the DagBag from /home/airflow/.local/lib/python3.12/site-packages/airflow/example_dags/example_sensor_decorator.py
[2025-04-15T20:02:24.490+0000] {processor.py:925} INFO - DAG(s) 'example_sensor_decorator' retrieved from /home/airflow/.local/lib/python3.12/site-packages/airflow/example_dags/example_sensor_decorator.py
[2025-04-15T20:02:24.519+0000] {logging_mixin.py:190} INFO - [2025-04-15T20:02:24.518+0000] {dag.py:3239} INFO - Sync 1 DAGs
[2025-04-15T20:02:24.542+0000] {logging_mixin.py:190} INFO - [2025-04-15T20:02:24.542+0000] {dag.py:4180} INFO - Setting next_dagrun for example_sensor_decorator to None, run_after=None
[2025-04-15T20:02:24.572+0000] {processor.py:208} INFO - Processing /home/airflow/.local/lib/python3.12/site-packages/airflow/example_dags/example_sensor_decorator.py took 0.106 seconds
[2025-04-15T20:02:54.663+0000] {processor.py:186} INFO - Started process (PID=19366) to work on /home/airflow/.local/lib/python3.12/site-packages/airflow/example_dags/example_sensor_decorator.py
[2025-04-15T20:02:54.665+0000] {processor.py:914} INFO - Processing file /home/airflow/.local/lib/python3.12/site-packages/airflow/example_dags/example_sensor_decorator.py for tasks to queue
[2025-04-15T20:02:54.666+0000] {logging_mixin.py:190} INFO - [2025-04-15T20:02:54.666+0000] {dagbag.py:588} INFO - Filling up the DagBag from /home/airflow/.local/lib/python3.12/site-packages/airflow/example_dags/example_sensor_decorator.py
[2025-04-15T20:02:54.676+0000] {processor.py:925} INFO - DAG(s) 'example_sensor_decorator' retrieved from /home/airflow/.local/lib/python3.12/site-packages/airflow/example_dags/example_sensor_decorator.py
[2025-04-15T20:02:54.701+0000] {logging_mixin.py:190} INFO - [2025-04-15T20:02:54.700+0000] {dag.py:3239} INFO - Sync 1 DAGs
[2025-04-15T20:02:54.720+0000] {logging_mixin.py:190} INFO - [2025-04-15T20:02:54.720+0000] {dag.py:4180} INFO - Setting next_dagrun for example_sensor_decorator to None, run_after=None
[2025-04-15T20:02:54.746+0000] {processor.py:208} INFO - Processing /home/airflow/.local/lib/python3.12/site-packages/airflow/example_dags/example_sensor_decorator.py took 0.090 seconds
[2025-04-15T20:03:26.139+0000] {processor.py:186} INFO - Started process (PID=19433) to work on /home/airflow/.local/lib/python3.12/site-packages/airflow/example_dags/example_sensor_decorator.py
[2025-04-15T20:03:26.140+0000] {processor.py:914} INFO - Processing file /home/airflow/.local/lib/python3.12/site-packages/airflow/example_dags/example_sensor_decorator.py for tasks to queue
[2025-04-15T20:03:26.152+0000] {logging_mixin.py:190} INFO - [2025-04-15T20:03:26.152+0000] {dagbag.py:588} INFO - Filling up the DagBag from /home/airflow/.local/lib/python3.12/site-packages/airflow/example_dags/example_sensor_decorator.py
[2025-04-15T20:03:26.165+0000] {processor.py:925} INFO - DAG(s) 'example_sensor_decorator' retrieved from /home/airflow/.local/lib/python3.12/site-packages/airflow/example_dags/example_sensor_decorator.py
[2025-04-15T20:03:26.196+0000] {logging_mixin.py:190} INFO - [2025-04-15T20:03:26.196+0000] {dag.py:3239} INFO - Sync 1 DAGs
[2025-04-15T20:03:26.219+0000] {logging_mixin.py:190} INFO - [2025-04-15T20:03:26.219+0000] {dag.py:4180} INFO - Setting next_dagrun for example_sensor_decorator to None, run_after=None
[2025-04-15T20:03:26.249+0000] {processor.py:208} INFO - Processing /home/airflow/.local/lib/python3.12/site-packages/airflow/example_dags/example_sensor_decorator.py took 0.118 seconds
[2025-04-15T20:03:56.600+0000] {processor.py:186} INFO - Started process (PID=19507) to work on /home/airflow/.local/lib/python3.12/site-packages/airflow/example_dags/example_sensor_decorator.py
[2025-04-15T20:03:56.601+0000] {processor.py:914} INFO - Processing file /home/airflow/.local/lib/python3.12/site-packages/airflow/example_dags/example_sensor_decorator.py for tasks to queue
[2025-04-15T20:03:56.603+0000] {logging_mixin.py:190} INFO - [2025-04-15T20:03:56.602+0000] {dagbag.py:588} INFO - Filling up the DagBag from /home/airflow/.local/lib/python3.12/site-packages/airflow/example_dags/example_sensor_decorator.py
[2025-04-15T20:03:56.614+0000] {processor.py:925} INFO - DAG(s) 'example_sensor_decorator' retrieved from /home/airflow/.local/lib/python3.12/site-packages/airflow/example_dags/example_sensor_decorator.py
[2025-04-15T20:03:56.644+0000] {logging_mixin.py:190} INFO - [2025-04-15T20:03:56.643+0000] {dag.py:3239} INFO - Sync 1 DAGs
[2025-04-15T20:03:56.668+0000] {logging_mixin.py:190} INFO - [2025-04-15T20:03:56.668+0000] {dag.py:4180} INFO - Setting next_dagrun for example_sensor_decorator to None, run_after=None
[2025-04-15T20:03:56.698+0000] {processor.py:208} INFO - Processing /home/airflow/.local/lib/python3.12/site-packages/airflow/example_dags/example_sensor_decorator.py took 0.106 seconds
