[2025-04-15T19:34:50.170+0000] {processor.py:186} INFO - Started process (PID=15731) to work on /home/airflow/.local/lib/python3.12/site-packages/airflow/example_dags/example_trigger_target_dag.py
[2025-04-15T19:34:50.172+0000] {processor.py:914} INFO - Processing file /home/airflow/.local/lib/python3.12/site-packages/airflow/example_dags/example_trigger_target_dag.py for tasks to queue
[2025-04-15T19:34:50.183+0000] {logging_mixin.py:190} INFO - [2025-04-15T19:34:50.182+0000] {dagbag.py:588} INFO - Filling up the DagBag from /home/airflow/.local/lib/python3.12/site-packages/airflow/example_dags/example_trigger_target_dag.py
[2025-04-15T19:34:50.221+0000] {processor.py:925} INFO - DAG(s) 'example_trigger_target_dag' retrieved from /home/airflow/.local/lib/python3.12/site-packages/airflow/example_dags/example_trigger_target_dag.py
[2025-04-15T19:34:50.314+0000] {logging_mixin.py:190} INFO - [2025-04-15T19:34:50.304+0000] {dag.py:3239} INFO - Sync 1 DAGs
[2025-04-15T19:34:50.434+0000] {logging_mixin.py:190} INFO - [2025-04-15T19:34:50.433+0000] {dag.py:4180} INFO - Setting next_dagrun for example_trigger_target_dag to None, run_after=None
[2025-04-15T19:34:50.547+0000] {processor.py:208} INFO - Processing /home/airflow/.local/lib/python3.12/site-packages/airflow/example_dags/example_trigger_target_dag.py took 0.399 seconds
[2025-04-15T19:35:43.996+0000] {processor.py:186} INFO - Started process (PID=15798) to work on /home/airflow/.local/lib/python3.12/site-packages/airflow/example_dags/example_trigger_target_dag.py
[2025-04-15T19:35:43.998+0000] {processor.py:914} INFO - Processing file /home/airflow/.local/lib/python3.12/site-packages/airflow/example_dags/example_trigger_target_dag.py for tasks to queue
[2025-04-15T19:35:44.003+0000] {logging_mixin.py:190} INFO - [2025-04-15T19:35:44.002+0000] {dagbag.py:588} INFO - Filling up the DagBag from /home/airflow/.local/lib/python3.12/site-packages/airflow/example_dags/example_trigger_target_dag.py
[2025-04-15T19:35:44.034+0000] {processor.py:925} INFO - DAG(s) 'example_trigger_target_dag' retrieved from /home/airflow/.local/lib/python3.12/site-packages/airflow/example_dags/example_trigger_target_dag.py
[2025-04-15T19:35:44.094+0000] {logging_mixin.py:190} INFO - [2025-04-15T19:35:44.093+0000] {dag.py:3239} INFO - Sync 1 DAGs
[2025-04-15T19:35:44.145+0000] {logging_mixin.py:190} INFO - [2025-04-15T19:35:44.144+0000] {dag.py:4180} INFO - Setting next_dagrun for example_trigger_target_dag to None, run_after=None
[2025-04-15T19:35:44.204+0000] {processor.py:208} INFO - Processing /home/airflow/.local/lib/python3.12/site-packages/airflow/example_dags/example_trigger_target_dag.py took 0.225 seconds
[2025-04-15T19:36:14.328+0000] {processor.py:186} INFO - Started process (PID=15864) to work on /home/airflow/.local/lib/python3.12/site-packages/airflow/example_dags/example_trigger_target_dag.py
[2025-04-15T19:36:14.329+0000] {processor.py:914} INFO - Processing file /home/airflow/.local/lib/python3.12/site-packages/airflow/example_dags/example_trigger_target_dag.py for tasks to queue
[2025-04-15T19:36:14.332+0000] {logging_mixin.py:190} INFO - [2025-04-15T19:36:14.332+0000] {dagbag.py:588} INFO - Filling up the DagBag from /home/airflow/.local/lib/python3.12/site-packages/airflow/example_dags/example_trigger_target_dag.py
[2025-04-15T19:36:14.349+0000] {processor.py:925} INFO - DAG(s) 'example_trigger_target_dag' retrieved from /home/airflow/.local/lib/python3.12/site-packages/airflow/example_dags/example_trigger_target_dag.py
[2025-04-15T19:36:14.391+0000] {logging_mixin.py:190} INFO - [2025-04-15T19:36:14.390+0000] {dag.py:3239} INFO - Sync 1 DAGs
[2025-04-15T19:36:14.431+0000] {logging_mixin.py:190} INFO - [2025-04-15T19:36:14.431+0000] {dag.py:4180} INFO - Setting next_dagrun for example_trigger_target_dag to None, run_after=None
[2025-04-15T19:36:14.471+0000] {processor.py:208} INFO - Processing /home/airflow/.local/lib/python3.12/site-packages/airflow/example_dags/example_trigger_target_dag.py took 0.156 seconds
[2025-04-15T19:36:44.938+0000] {processor.py:186} INFO - Started process (PID=15931) to work on /home/airflow/.local/lib/python3.12/site-packages/airflow/example_dags/example_trigger_target_dag.py
[2025-04-15T19:36:44.940+0000] {processor.py:914} INFO - Processing file /home/airflow/.local/lib/python3.12/site-packages/airflow/example_dags/example_trigger_target_dag.py for tasks to queue
[2025-04-15T19:36:44.941+0000] {logging_mixin.py:190} INFO - [2025-04-15T19:36:44.941+0000] {dagbag.py:588} INFO - Filling up the DagBag from /home/airflow/.local/lib/python3.12/site-packages/airflow/example_dags/example_trigger_target_dag.py
[2025-04-15T19:36:44.950+0000] {processor.py:925} INFO - DAG(s) 'example_trigger_target_dag' retrieved from /home/airflow/.local/lib/python3.12/site-packages/airflow/example_dags/example_trigger_target_dag.py
[2025-04-15T19:36:44.973+0000] {logging_mixin.py:190} INFO - [2025-04-15T19:36:44.972+0000] {dag.py:3239} INFO - Sync 1 DAGs
[2025-04-15T19:36:44.990+0000] {logging_mixin.py:190} INFO - [2025-04-15T19:36:44.989+0000] {dag.py:4180} INFO - Setting next_dagrun for example_trigger_target_dag to None, run_after=None
[2025-04-15T19:36:45.015+0000] {processor.py:208} INFO - Processing /home/airflow/.local/lib/python3.12/site-packages/airflow/example_dags/example_trigger_target_dag.py took 0.084 seconds
[2025-04-15T19:37:15.578+0000] {processor.py:186} INFO - Started process (PID=15998) to work on /home/airflow/.local/lib/python3.12/site-packages/airflow/example_dags/example_trigger_target_dag.py
[2025-04-15T19:37:15.580+0000] {processor.py:914} INFO - Processing file /home/airflow/.local/lib/python3.12/site-packages/airflow/example_dags/example_trigger_target_dag.py for tasks to queue
[2025-04-15T19:37:15.582+0000] {logging_mixin.py:190} INFO - [2025-04-15T19:37:15.582+0000] {dagbag.py:588} INFO - Filling up the DagBag from /home/airflow/.local/lib/python3.12/site-packages/airflow/example_dags/example_trigger_target_dag.py
[2025-04-15T19:37:15.596+0000] {processor.py:925} INFO - DAG(s) 'example_trigger_target_dag' retrieved from /home/airflow/.local/lib/python3.12/site-packages/airflow/example_dags/example_trigger_target_dag.py
[2025-04-15T19:37:15.627+0000] {logging_mixin.py:190} INFO - [2025-04-15T19:37:15.626+0000] {dag.py:3239} INFO - Sync 1 DAGs
[2025-04-15T19:37:15.654+0000] {logging_mixin.py:190} INFO - [2025-04-15T19:37:15.654+0000] {dag.py:4180} INFO - Setting next_dagrun for example_trigger_target_dag to None, run_after=None
[2025-04-15T19:37:15.695+0000] {processor.py:208} INFO - Processing /home/airflow/.local/lib/python3.12/site-packages/airflow/example_dags/example_trigger_target_dag.py took 0.126 seconds
[2025-04-15T19:37:45.980+0000] {processor.py:186} INFO - Started process (PID=16065) to work on /home/airflow/.local/lib/python3.12/site-packages/airflow/example_dags/example_trigger_target_dag.py
[2025-04-15T19:37:45.982+0000] {processor.py:914} INFO - Processing file /home/airflow/.local/lib/python3.12/site-packages/airflow/example_dags/example_trigger_target_dag.py for tasks to queue
[2025-04-15T19:37:45.984+0000] {logging_mixin.py:190} INFO - [2025-04-15T19:37:45.983+0000] {dagbag.py:588} INFO - Filling up the DagBag from /home/airflow/.local/lib/python3.12/site-packages/airflow/example_dags/example_trigger_target_dag.py
[2025-04-15T19:37:45.999+0000] {processor.py:925} INFO - DAG(s) 'example_trigger_target_dag' retrieved from /home/airflow/.local/lib/python3.12/site-packages/airflow/example_dags/example_trigger_target_dag.py
[2025-04-15T19:37:46.031+0000] {logging_mixin.py:190} INFO - [2025-04-15T19:37:46.031+0000] {dag.py:3239} INFO - Sync 1 DAGs
[2025-04-15T19:37:46.054+0000] {logging_mixin.py:190} INFO - [2025-04-15T19:37:46.053+0000] {dag.py:4180} INFO - Setting next_dagrun for example_trigger_target_dag to None, run_after=None
[2025-04-15T19:37:46.085+0000] {processor.py:208} INFO - Processing /home/airflow/.local/lib/python3.12/site-packages/airflow/example_dags/example_trigger_target_dag.py took 0.115 seconds
[2025-04-15T19:38:17.185+0000] {processor.py:186} INFO - Started process (PID=16132) to work on /home/airflow/.local/lib/python3.12/site-packages/airflow/example_dags/example_trigger_target_dag.py
[2025-04-15T19:38:17.186+0000] {processor.py:914} INFO - Processing file /home/airflow/.local/lib/python3.12/site-packages/airflow/example_dags/example_trigger_target_dag.py for tasks to queue
[2025-04-15T19:38:17.188+0000] {logging_mixin.py:190} INFO - [2025-04-15T19:38:17.188+0000] {dagbag.py:588} INFO - Filling up the DagBag from /home/airflow/.local/lib/python3.12/site-packages/airflow/example_dags/example_trigger_target_dag.py
[2025-04-15T19:38:17.201+0000] {processor.py:925} INFO - DAG(s) 'example_trigger_target_dag' retrieved from /home/airflow/.local/lib/python3.12/site-packages/airflow/example_dags/example_trigger_target_dag.py
[2025-04-15T19:38:17.235+0000] {logging_mixin.py:190} INFO - [2025-04-15T19:38:17.234+0000] {dag.py:3239} INFO - Sync 1 DAGs
[2025-04-15T19:38:17.264+0000] {logging_mixin.py:190} INFO - [2025-04-15T19:38:17.263+0000] {dag.py:4180} INFO - Setting next_dagrun for example_trigger_target_dag to None, run_after=None
[2025-04-15T19:38:17.300+0000] {processor.py:208} INFO - Processing /home/airflow/.local/lib/python3.12/site-packages/airflow/example_dags/example_trigger_target_dag.py took 0.125 seconds
[2025-04-15T19:38:48.621+0000] {processor.py:186} INFO - Started process (PID=16199) to work on /home/airflow/.local/lib/python3.12/site-packages/airflow/example_dags/example_trigger_target_dag.py
[2025-04-15T19:38:48.623+0000] {processor.py:914} INFO - Processing file /home/airflow/.local/lib/python3.12/site-packages/airflow/example_dags/example_trigger_target_dag.py for tasks to queue
[2025-04-15T19:38:48.624+0000] {logging_mixin.py:190} INFO - [2025-04-15T19:38:48.624+0000] {dagbag.py:588} INFO - Filling up the DagBag from /home/airflow/.local/lib/python3.12/site-packages/airflow/example_dags/example_trigger_target_dag.py
[2025-04-15T19:38:48.636+0000] {processor.py:925} INFO - DAG(s) 'example_trigger_target_dag' retrieved from /home/airflow/.local/lib/python3.12/site-packages/airflow/example_dags/example_trigger_target_dag.py
[2025-04-15T19:38:48.664+0000] {logging_mixin.py:190} INFO - [2025-04-15T19:38:48.664+0000] {dag.py:3239} INFO - Sync 1 DAGs
[2025-04-15T19:38:48.685+0000] {logging_mixin.py:190} INFO - [2025-04-15T19:38:48.685+0000] {dag.py:4180} INFO - Setting next_dagrun for example_trigger_target_dag to None, run_after=None
[2025-04-15T19:38:48.716+0000] {processor.py:208} INFO - Processing /home/airflow/.local/lib/python3.12/site-packages/airflow/example_dags/example_trigger_target_dag.py took 0.103 seconds
[2025-04-15T19:39:19.577+0000] {processor.py:186} INFO - Started process (PID=16266) to work on /home/airflow/.local/lib/python3.12/site-packages/airflow/example_dags/example_trigger_target_dag.py
[2025-04-15T19:39:19.579+0000] {processor.py:914} INFO - Processing file /home/airflow/.local/lib/python3.12/site-packages/airflow/example_dags/example_trigger_target_dag.py for tasks to queue
[2025-04-15T19:39:19.581+0000] {logging_mixin.py:190} INFO - [2025-04-15T19:39:19.580+0000] {dagbag.py:588} INFO - Filling up the DagBag from /home/airflow/.local/lib/python3.12/site-packages/airflow/example_dags/example_trigger_target_dag.py
[2025-04-15T19:39:19.592+0000] {processor.py:925} INFO - DAG(s) 'example_trigger_target_dag' retrieved from /home/airflow/.local/lib/python3.12/site-packages/airflow/example_dags/example_trigger_target_dag.py
[2025-04-15T19:39:19.618+0000] {logging_mixin.py:190} INFO - [2025-04-15T19:39:19.617+0000] {dag.py:3239} INFO - Sync 1 DAGs
[2025-04-15T19:39:19.640+0000] {logging_mixin.py:190} INFO - [2025-04-15T19:39:19.639+0000] {dag.py:4180} INFO - Setting next_dagrun for example_trigger_target_dag to None, run_after=None
[2025-04-15T19:39:19.667+0000] {processor.py:208} INFO - Processing /home/airflow/.local/lib/python3.12/site-packages/airflow/example_dags/example_trigger_target_dag.py took 0.097 seconds
[2025-04-15T19:39:50.692+0000] {processor.py:186} INFO - Started process (PID=16333) to work on /home/airflow/.local/lib/python3.12/site-packages/airflow/example_dags/example_trigger_target_dag.py
[2025-04-15T19:39:50.693+0000] {processor.py:914} INFO - Processing file /home/airflow/.local/lib/python3.12/site-packages/airflow/example_dags/example_trigger_target_dag.py for tasks to queue
[2025-04-15T19:39:50.696+0000] {logging_mixin.py:190} INFO - [2025-04-15T19:39:50.695+0000] {dagbag.py:588} INFO - Filling up the DagBag from /home/airflow/.local/lib/python3.12/site-packages/airflow/example_dags/example_trigger_target_dag.py
[2025-04-15T19:39:50.712+0000] {processor.py:925} INFO - DAG(s) 'example_trigger_target_dag' retrieved from /home/airflow/.local/lib/python3.12/site-packages/airflow/example_dags/example_trigger_target_dag.py
[2025-04-15T19:39:50.756+0000] {logging_mixin.py:190} INFO - [2025-04-15T19:39:50.756+0000] {dag.py:3239} INFO - Sync 1 DAGs
[2025-04-15T19:39:50.787+0000] {logging_mixin.py:190} INFO - [2025-04-15T19:39:50.786+0000] {dag.py:4180} INFO - Setting next_dagrun for example_trigger_target_dag to None, run_after=None
[2025-04-15T19:39:50.832+0000] {processor.py:208} INFO - Processing /home/airflow/.local/lib/python3.12/site-packages/airflow/example_dags/example_trigger_target_dag.py took 0.151 seconds
[2025-04-15T19:40:20.971+0000] {processor.py:186} INFO - Started process (PID=16399) to work on /home/airflow/.local/lib/python3.12/site-packages/airflow/example_dags/example_trigger_target_dag.py
[2025-04-15T19:40:20.972+0000] {processor.py:914} INFO - Processing file /home/airflow/.local/lib/python3.12/site-packages/airflow/example_dags/example_trigger_target_dag.py for tasks to queue
[2025-04-15T19:40:20.974+0000] {logging_mixin.py:190} INFO - [2025-04-15T19:40:20.973+0000] {dagbag.py:588} INFO - Filling up the DagBag from /home/airflow/.local/lib/python3.12/site-packages/airflow/example_dags/example_trigger_target_dag.py
[2025-04-15T19:40:20.983+0000] {processor.py:925} INFO - DAG(s) 'example_trigger_target_dag' retrieved from /home/airflow/.local/lib/python3.12/site-packages/airflow/example_dags/example_trigger_target_dag.py
[2025-04-15T19:40:21.008+0000] {logging_mixin.py:190} INFO - [2025-04-15T19:40:21.008+0000] {dag.py:3239} INFO - Sync 1 DAGs
[2025-04-15T19:40:21.026+0000] {logging_mixin.py:190} INFO - [2025-04-15T19:40:21.026+0000] {dag.py:4180} INFO - Setting next_dagrun for example_trigger_target_dag to None, run_after=None
[2025-04-15T19:40:21.053+0000] {processor.py:208} INFO - Processing /home/airflow/.local/lib/python3.12/site-packages/airflow/example_dags/example_trigger_target_dag.py took 0.088 seconds
[2025-04-15T19:40:51.512+0000] {processor.py:186} INFO - Started process (PID=16465) to work on /home/airflow/.local/lib/python3.12/site-packages/airflow/example_dags/example_trigger_target_dag.py
[2025-04-15T19:40:51.513+0000] {processor.py:914} INFO - Processing file /home/airflow/.local/lib/python3.12/site-packages/airflow/example_dags/example_trigger_target_dag.py for tasks to queue
[2025-04-15T19:40:51.514+0000] {logging_mixin.py:190} INFO - [2025-04-15T19:40:51.514+0000] {dagbag.py:588} INFO - Filling up the DagBag from /home/airflow/.local/lib/python3.12/site-packages/airflow/example_dags/example_trigger_target_dag.py
[2025-04-15T19:40:51.523+0000] {processor.py:925} INFO - DAG(s) 'example_trigger_target_dag' retrieved from /home/airflow/.local/lib/python3.12/site-packages/airflow/example_dags/example_trigger_target_dag.py
[2025-04-15T19:40:51.547+0000] {logging_mixin.py:190} INFO - [2025-04-15T19:40:51.547+0000] {dag.py:3239} INFO - Sync 1 DAGs
[2025-04-15T19:40:51.569+0000] {logging_mixin.py:190} INFO - [2025-04-15T19:40:51.569+0000] {dag.py:4180} INFO - Setting next_dagrun for example_trigger_target_dag to None, run_after=None
[2025-04-15T19:40:51.597+0000] {processor.py:208} INFO - Processing /home/airflow/.local/lib/python3.12/site-packages/airflow/example_dags/example_trigger_target_dag.py took 0.091 seconds
[2025-04-15T19:41:22.999+0000] {processor.py:186} INFO - Started process (PID=16533) to work on /home/airflow/.local/lib/python3.12/site-packages/airflow/example_dags/example_trigger_target_dag.py
[2025-04-15T19:41:23.001+0000] {processor.py:914} INFO - Processing file /home/airflow/.local/lib/python3.12/site-packages/airflow/example_dags/example_trigger_target_dag.py for tasks to queue
[2025-04-15T19:41:23.003+0000] {logging_mixin.py:190} INFO - [2025-04-15T19:41:23.003+0000] {dagbag.py:588} INFO - Filling up the DagBag from /home/airflow/.local/lib/python3.12/site-packages/airflow/example_dags/example_trigger_target_dag.py
[2025-04-15T19:41:23.016+0000] {processor.py:925} INFO - DAG(s) 'example_trigger_target_dag' retrieved from /home/airflow/.local/lib/python3.12/site-packages/airflow/example_dags/example_trigger_target_dag.py
[2025-04-15T19:41:23.045+0000] {logging_mixin.py:190} INFO - [2025-04-15T19:41:23.045+0000] {dag.py:3239} INFO - Sync 1 DAGs
[2025-04-15T19:41:23.072+0000] {logging_mixin.py:190} INFO - [2025-04-15T19:41:23.072+0000] {dag.py:4180} INFO - Setting next_dagrun for example_trigger_target_dag to None, run_after=None
[2025-04-15T19:41:23.104+0000] {processor.py:208} INFO - Processing /home/airflow/.local/lib/python3.12/site-packages/airflow/example_dags/example_trigger_target_dag.py took 0.114 seconds
[2025-04-15T19:41:54.055+0000] {processor.py:186} INFO - Started process (PID=16606) to work on /home/airflow/.local/lib/python3.12/site-packages/airflow/example_dags/example_trigger_target_dag.py
[2025-04-15T19:41:54.056+0000] {processor.py:914} INFO - Processing file /home/airflow/.local/lib/python3.12/site-packages/airflow/example_dags/example_trigger_target_dag.py for tasks to queue
[2025-04-15T19:41:54.058+0000] {logging_mixin.py:190} INFO - [2025-04-15T19:41:54.057+0000] {dagbag.py:588} INFO - Filling up the DagBag from /home/airflow/.local/lib/python3.12/site-packages/airflow/example_dags/example_trigger_target_dag.py
[2025-04-15T19:41:54.066+0000] {processor.py:925} INFO - DAG(s) 'example_trigger_target_dag' retrieved from /home/airflow/.local/lib/python3.12/site-packages/airflow/example_dags/example_trigger_target_dag.py
[2025-04-15T19:41:54.088+0000] {logging_mixin.py:190} INFO - [2025-04-15T19:41:54.087+0000] {dag.py:3239} INFO - Sync 1 DAGs
[2025-04-15T19:41:54.105+0000] {logging_mixin.py:190} INFO - [2025-04-15T19:41:54.105+0000] {dag.py:4180} INFO - Setting next_dagrun for example_trigger_target_dag to None, run_after=None
[2025-04-15T19:41:54.129+0000] {processor.py:208} INFO - Processing /home/airflow/.local/lib/python3.12/site-packages/airflow/example_dags/example_trigger_target_dag.py took 0.080 seconds
[2025-04-15T19:42:24.219+0000] {processor.py:186} INFO - Started process (PID=16673) to work on /home/airflow/.local/lib/python3.12/site-packages/airflow/example_dags/example_trigger_target_dag.py
[2025-04-15T19:42:24.221+0000] {processor.py:914} INFO - Processing file /home/airflow/.local/lib/python3.12/site-packages/airflow/example_dags/example_trigger_target_dag.py for tasks to queue
[2025-04-15T19:42:24.223+0000] {logging_mixin.py:190} INFO - [2025-04-15T19:42:24.222+0000] {dagbag.py:588} INFO - Filling up the DagBag from /home/airflow/.local/lib/python3.12/site-packages/airflow/example_dags/example_trigger_target_dag.py
[2025-04-15T19:42:24.233+0000] {processor.py:925} INFO - DAG(s) 'example_trigger_target_dag' retrieved from /home/airflow/.local/lib/python3.12/site-packages/airflow/example_dags/example_trigger_target_dag.py
[2025-04-15T19:42:24.261+0000] {logging_mixin.py:190} INFO - [2025-04-15T19:42:24.261+0000] {dag.py:3239} INFO - Sync 1 DAGs
[2025-04-15T19:42:24.286+0000] {logging_mixin.py:190} INFO - [2025-04-15T19:42:24.286+0000] {dag.py:4180} INFO - Setting next_dagrun for example_trigger_target_dag to None, run_after=None
[2025-04-15T19:42:24.320+0000] {processor.py:208} INFO - Processing /home/airflow/.local/lib/python3.12/site-packages/airflow/example_dags/example_trigger_target_dag.py took 0.110 seconds
[2025-04-15T19:42:55.525+0000] {processor.py:186} INFO - Started process (PID=16740) to work on /home/airflow/.local/lib/python3.12/site-packages/airflow/example_dags/example_trigger_target_dag.py
[2025-04-15T19:42:55.526+0000] {processor.py:914} INFO - Processing file /home/airflow/.local/lib/python3.12/site-packages/airflow/example_dags/example_trigger_target_dag.py for tasks to queue
[2025-04-15T19:42:55.528+0000] {logging_mixin.py:190} INFO - [2025-04-15T19:42:55.528+0000] {dagbag.py:588} INFO - Filling up the DagBag from /home/airflow/.local/lib/python3.12/site-packages/airflow/example_dags/example_trigger_target_dag.py
[2025-04-15T19:42:55.538+0000] {processor.py:925} INFO - DAG(s) 'example_trigger_target_dag' retrieved from /home/airflow/.local/lib/python3.12/site-packages/airflow/example_dags/example_trigger_target_dag.py
[2025-04-15T19:42:55.561+0000] {logging_mixin.py:190} INFO - [2025-04-15T19:42:55.560+0000] {dag.py:3239} INFO - Sync 1 DAGs
[2025-04-15T19:42:55.779+0000] {logging_mixin.py:190} INFO - [2025-04-15T19:42:55.779+0000] {dag.py:4180} INFO - Setting next_dagrun for example_trigger_target_dag to None, run_after=None
[2025-04-15T19:42:55.805+0000] {processor.py:208} INFO - Processing /home/airflow/.local/lib/python3.12/site-packages/airflow/example_dags/example_trigger_target_dag.py took 0.286 seconds
[2025-04-15T19:43:26.863+0000] {processor.py:186} INFO - Started process (PID=16809) to work on /home/airflow/.local/lib/python3.12/site-packages/airflow/example_dags/example_trigger_target_dag.py
[2025-04-15T19:43:26.865+0000] {processor.py:914} INFO - Processing file /home/airflow/.local/lib/python3.12/site-packages/airflow/example_dags/example_trigger_target_dag.py for tasks to queue
[2025-04-15T19:43:26.867+0000] {logging_mixin.py:190} INFO - [2025-04-15T19:43:26.866+0000] {dagbag.py:588} INFO - Filling up the DagBag from /home/airflow/.local/lib/python3.12/site-packages/airflow/example_dags/example_trigger_target_dag.py
[2025-04-15T19:43:26.876+0000] {processor.py:925} INFO - DAG(s) 'example_trigger_target_dag' retrieved from /home/airflow/.local/lib/python3.12/site-packages/airflow/example_dags/example_trigger_target_dag.py
[2025-04-15T19:43:26.900+0000] {logging_mixin.py:190} INFO - [2025-04-15T19:43:26.900+0000] {dag.py:3239} INFO - Sync 1 DAGs
[2025-04-15T19:43:26.919+0000] {logging_mixin.py:190} INFO - [2025-04-15T19:43:26.919+0000] {dag.py:4180} INFO - Setting next_dagrun for example_trigger_target_dag to None, run_after=None
[2025-04-15T19:43:26.954+0000] {processor.py:208} INFO - Processing /home/airflow/.local/lib/python3.12/site-packages/airflow/example_dags/example_trigger_target_dag.py took 0.097 seconds
[2025-04-15T19:43:57.451+0000] {processor.py:186} INFO - Started process (PID=16874) to work on /home/airflow/.local/lib/python3.12/site-packages/airflow/example_dags/example_trigger_target_dag.py
[2025-04-15T19:43:57.452+0000] {processor.py:914} INFO - Processing file /home/airflow/.local/lib/python3.12/site-packages/airflow/example_dags/example_trigger_target_dag.py for tasks to queue
[2025-04-15T19:43:57.453+0000] {logging_mixin.py:190} INFO - [2025-04-15T19:43:57.453+0000] {dagbag.py:588} INFO - Filling up the DagBag from /home/airflow/.local/lib/python3.12/site-packages/airflow/example_dags/example_trigger_target_dag.py
[2025-04-15T19:43:57.461+0000] {processor.py:925} INFO - DAG(s) 'example_trigger_target_dag' retrieved from /home/airflow/.local/lib/python3.12/site-packages/airflow/example_dags/example_trigger_target_dag.py
[2025-04-15T19:43:57.484+0000] {logging_mixin.py:190} INFO - [2025-04-15T19:43:57.484+0000] {dag.py:3239} INFO - Sync 1 DAGs
[2025-04-15T19:43:57.499+0000] {logging_mixin.py:190} INFO - [2025-04-15T19:43:57.499+0000] {dag.py:4180} INFO - Setting next_dagrun for example_trigger_target_dag to None, run_after=None
[2025-04-15T19:43:57.520+0000] {processor.py:208} INFO - Processing /home/airflow/.local/lib/python3.12/site-packages/airflow/example_dags/example_trigger_target_dag.py took 0.076 seconds
[2025-04-15T19:44:27.870+0000] {processor.py:186} INFO - Started process (PID=16940) to work on /home/airflow/.local/lib/python3.12/site-packages/airflow/example_dags/example_trigger_target_dag.py
[2025-04-15T19:44:27.872+0000] {processor.py:914} INFO - Processing file /home/airflow/.local/lib/python3.12/site-packages/airflow/example_dags/example_trigger_target_dag.py for tasks to queue
[2025-04-15T19:44:27.874+0000] {logging_mixin.py:190} INFO - [2025-04-15T19:44:27.873+0000] {dagbag.py:588} INFO - Filling up the DagBag from /home/airflow/.local/lib/python3.12/site-packages/airflow/example_dags/example_trigger_target_dag.py
[2025-04-15T19:44:27.885+0000] {processor.py:925} INFO - DAG(s) 'example_trigger_target_dag' retrieved from /home/airflow/.local/lib/python3.12/site-packages/airflow/example_dags/example_trigger_target_dag.py
[2025-04-15T19:44:27.916+0000] {logging_mixin.py:190} INFO - [2025-04-15T19:44:27.915+0000] {dag.py:3239} INFO - Sync 1 DAGs
[2025-04-15T19:44:27.939+0000] {logging_mixin.py:190} INFO - [2025-04-15T19:44:27.939+0000] {dag.py:4180} INFO - Setting next_dagrun for example_trigger_target_dag to None, run_after=None
[2025-04-15T19:44:27.970+0000] {processor.py:208} INFO - Processing /home/airflow/.local/lib/python3.12/site-packages/airflow/example_dags/example_trigger_target_dag.py took 0.109 seconds
[2025-04-15T19:44:58.195+0000] {processor.py:186} INFO - Started process (PID=17007) to work on /home/airflow/.local/lib/python3.12/site-packages/airflow/example_dags/example_trigger_target_dag.py
[2025-04-15T19:44:58.197+0000] {processor.py:914} INFO - Processing file /home/airflow/.local/lib/python3.12/site-packages/airflow/example_dags/example_trigger_target_dag.py for tasks to queue
[2025-04-15T19:44:58.199+0000] {logging_mixin.py:190} INFO - [2025-04-15T19:44:58.198+0000] {dagbag.py:588} INFO - Filling up the DagBag from /home/airflow/.local/lib/python3.12/site-packages/airflow/example_dags/example_trigger_target_dag.py
[2025-04-15T19:44:58.210+0000] {processor.py:925} INFO - DAG(s) 'example_trigger_target_dag' retrieved from /home/airflow/.local/lib/python3.12/site-packages/airflow/example_dags/example_trigger_target_dag.py
[2025-04-15T19:44:58.243+0000] {logging_mixin.py:190} INFO - [2025-04-15T19:44:58.243+0000] {dag.py:3239} INFO - Sync 1 DAGs
[2025-04-15T19:44:58.270+0000] {logging_mixin.py:190} INFO - [2025-04-15T19:44:58.269+0000] {dag.py:4180} INFO - Setting next_dagrun for example_trigger_target_dag to None, run_after=None
[2025-04-15T19:44:58.308+0000] {processor.py:208} INFO - Processing /home/airflow/.local/lib/python3.12/site-packages/airflow/example_dags/example_trigger_target_dag.py took 0.122 seconds
[2025-04-15T19:45:28.542+0000] {processor.py:186} INFO - Started process (PID=17073) to work on /home/airflow/.local/lib/python3.12/site-packages/airflow/example_dags/example_trigger_target_dag.py
[2025-04-15T19:45:28.543+0000] {processor.py:914} INFO - Processing file /home/airflow/.local/lib/python3.12/site-packages/airflow/example_dags/example_trigger_target_dag.py for tasks to queue
[2025-04-15T19:45:28.547+0000] {logging_mixin.py:190} INFO - [2025-04-15T19:45:28.545+0000] {dagbag.py:588} INFO - Filling up the DagBag from /home/airflow/.local/lib/python3.12/site-packages/airflow/example_dags/example_trigger_target_dag.py
[2025-04-15T19:45:28.559+0000] {processor.py:925} INFO - DAG(s) 'example_trigger_target_dag' retrieved from /home/airflow/.local/lib/python3.12/site-packages/airflow/example_dags/example_trigger_target_dag.py
[2025-04-15T19:45:28.588+0000] {logging_mixin.py:190} INFO - [2025-04-15T19:45:28.588+0000] {dag.py:3239} INFO - Sync 1 DAGs
[2025-04-15T19:45:28.611+0000] {logging_mixin.py:190} INFO - [2025-04-15T19:45:28.611+0000] {dag.py:4180} INFO - Setting next_dagrun for example_trigger_target_dag to None, run_after=None
[2025-04-15T19:45:28.642+0000] {processor.py:208} INFO - Processing /home/airflow/.local/lib/python3.12/site-packages/airflow/example_dags/example_trigger_target_dag.py took 0.109 seconds
[2025-04-15T19:45:59.482+0000] {processor.py:186} INFO - Started process (PID=17140) to work on /home/airflow/.local/lib/python3.12/site-packages/airflow/example_dags/example_trigger_target_dag.py
[2025-04-15T19:45:59.484+0000] {processor.py:914} INFO - Processing file /home/airflow/.local/lib/python3.12/site-packages/airflow/example_dags/example_trigger_target_dag.py for tasks to queue
[2025-04-15T19:45:59.486+0000] {logging_mixin.py:190} INFO - [2025-04-15T19:45:59.485+0000] {dagbag.py:588} INFO - Filling up the DagBag from /home/airflow/.local/lib/python3.12/site-packages/airflow/example_dags/example_trigger_target_dag.py
[2025-04-15T19:45:59.497+0000] {processor.py:925} INFO - DAG(s) 'example_trigger_target_dag' retrieved from /home/airflow/.local/lib/python3.12/site-packages/airflow/example_dags/example_trigger_target_dag.py
[2025-04-15T19:45:59.527+0000] {logging_mixin.py:190} INFO - [2025-04-15T19:45:59.527+0000] {dag.py:3239} INFO - Sync 1 DAGs
[2025-04-15T19:45:59.552+0000] {logging_mixin.py:190} INFO - [2025-04-15T19:45:59.552+0000] {dag.py:4180} INFO - Setting next_dagrun for example_trigger_target_dag to None, run_after=None
[2025-04-15T19:45:59.583+0000] {processor.py:208} INFO - Processing /home/airflow/.local/lib/python3.12/site-packages/airflow/example_dags/example_trigger_target_dag.py took 0.109 seconds
[2025-04-15T19:46:29.858+0000] {processor.py:186} INFO - Started process (PID=17207) to work on /home/airflow/.local/lib/python3.12/site-packages/airflow/example_dags/example_trigger_target_dag.py
[2025-04-15T19:46:29.859+0000] {processor.py:914} INFO - Processing file /home/airflow/.local/lib/python3.12/site-packages/airflow/example_dags/example_trigger_target_dag.py for tasks to queue
[2025-04-15T19:46:29.861+0000] {logging_mixin.py:190} INFO - [2025-04-15T19:46:29.861+0000] {dagbag.py:588} INFO - Filling up the DagBag from /home/airflow/.local/lib/python3.12/site-packages/airflow/example_dags/example_trigger_target_dag.py
[2025-04-15T19:46:29.874+0000] {processor.py:925} INFO - DAG(s) 'example_trigger_target_dag' retrieved from /home/airflow/.local/lib/python3.12/site-packages/airflow/example_dags/example_trigger_target_dag.py
[2025-04-15T19:46:29.906+0000] {logging_mixin.py:190} INFO - [2025-04-15T19:46:29.905+0000] {dag.py:3239} INFO - Sync 1 DAGs
[2025-04-15T19:46:29.931+0000] {logging_mixin.py:190} INFO - [2025-04-15T19:46:29.931+0000] {dag.py:4180} INFO - Setting next_dagrun for example_trigger_target_dag to None, run_after=None
[2025-04-15T19:46:29.965+0000] {processor.py:208} INFO - Processing /home/airflow/.local/lib/python3.12/site-packages/airflow/example_dags/example_trigger_target_dag.py took 0.115 seconds
[2025-04-15T19:47:00.173+0000] {processor.py:186} INFO - Started process (PID=17274) to work on /home/airflow/.local/lib/python3.12/site-packages/airflow/example_dags/example_trigger_target_dag.py
[2025-04-15T19:47:00.175+0000] {processor.py:914} INFO - Processing file /home/airflow/.local/lib/python3.12/site-packages/airflow/example_dags/example_trigger_target_dag.py for tasks to queue
[2025-04-15T19:47:00.176+0000] {logging_mixin.py:190} INFO - [2025-04-15T19:47:00.176+0000] {dagbag.py:588} INFO - Filling up the DagBag from /home/airflow/.local/lib/python3.12/site-packages/airflow/example_dags/example_trigger_target_dag.py
[2025-04-15T19:47:00.189+0000] {processor.py:925} INFO - DAG(s) 'example_trigger_target_dag' retrieved from /home/airflow/.local/lib/python3.12/site-packages/airflow/example_dags/example_trigger_target_dag.py
[2025-04-15T19:47:00.219+0000] {logging_mixin.py:190} INFO - [2025-04-15T19:47:00.219+0000] {dag.py:3239} INFO - Sync 1 DAGs
[2025-04-15T19:47:00.242+0000] {logging_mixin.py:190} INFO - [2025-04-15T19:47:00.242+0000] {dag.py:4180} INFO - Setting next_dagrun for example_trigger_target_dag to None, run_after=None
[2025-04-15T19:47:00.276+0000] {processor.py:208} INFO - Processing /home/airflow/.local/lib/python3.12/site-packages/airflow/example_dags/example_trigger_target_dag.py took 0.113 seconds
[2025-04-15T19:47:30.710+0000] {processor.py:186} INFO - Started process (PID=17341) to work on /home/airflow/.local/lib/python3.12/site-packages/airflow/example_dags/example_trigger_target_dag.py
[2025-04-15T19:47:30.712+0000] {processor.py:914} INFO - Processing file /home/airflow/.local/lib/python3.12/site-packages/airflow/example_dags/example_trigger_target_dag.py for tasks to queue
[2025-04-15T19:47:30.713+0000] {logging_mixin.py:190} INFO - [2025-04-15T19:47:30.713+0000] {dagbag.py:588} INFO - Filling up the DagBag from /home/airflow/.local/lib/python3.12/site-packages/airflow/example_dags/example_trigger_target_dag.py
[2025-04-15T19:47:30.724+0000] {processor.py:925} INFO - DAG(s) 'example_trigger_target_dag' retrieved from /home/airflow/.local/lib/python3.12/site-packages/airflow/example_dags/example_trigger_target_dag.py
[2025-04-15T19:47:30.750+0000] {logging_mixin.py:190} INFO - [2025-04-15T19:47:30.749+0000] {dag.py:3239} INFO - Sync 1 DAGs
[2025-04-15T19:47:30.773+0000] {logging_mixin.py:190} INFO - [2025-04-15T19:47:30.773+0000] {dag.py:4180} INFO - Setting next_dagrun for example_trigger_target_dag to None, run_after=None
[2025-04-15T19:47:30.803+0000] {processor.py:208} INFO - Processing /home/airflow/.local/lib/python3.12/site-packages/airflow/example_dags/example_trigger_target_dag.py took 0.101 seconds
[2025-04-15T19:48:01.191+0000] {processor.py:186} INFO - Started process (PID=17408) to work on /home/airflow/.local/lib/python3.12/site-packages/airflow/example_dags/example_trigger_target_dag.py
[2025-04-15T19:48:01.193+0000] {processor.py:914} INFO - Processing file /home/airflow/.local/lib/python3.12/site-packages/airflow/example_dags/example_trigger_target_dag.py for tasks to queue
[2025-04-15T19:48:01.195+0000] {logging_mixin.py:190} INFO - [2025-04-15T19:48:01.194+0000] {dagbag.py:588} INFO - Filling up the DagBag from /home/airflow/.local/lib/python3.12/site-packages/airflow/example_dags/example_trigger_target_dag.py
[2025-04-15T19:48:01.209+0000] {processor.py:925} INFO - DAG(s) 'example_trigger_target_dag' retrieved from /home/airflow/.local/lib/python3.12/site-packages/airflow/example_dags/example_trigger_target_dag.py
[2025-04-15T19:48:01.241+0000] {logging_mixin.py:190} INFO - [2025-04-15T19:48:01.241+0000] {dag.py:3239} INFO - Sync 1 DAGs
[2025-04-15T19:48:01.272+0000] {logging_mixin.py:190} INFO - [2025-04-15T19:48:01.272+0000] {dag.py:4180} INFO - Setting next_dagrun for example_trigger_target_dag to None, run_after=None
[2025-04-15T19:48:01.307+0000] {processor.py:208} INFO - Processing /home/airflow/.local/lib/python3.12/site-packages/airflow/example_dags/example_trigger_target_dag.py took 0.127 seconds
[2025-04-15T19:48:31.642+0000] {processor.py:186} INFO - Started process (PID=17475) to work on /home/airflow/.local/lib/python3.12/site-packages/airflow/example_dags/example_trigger_target_dag.py
[2025-04-15T19:48:31.645+0000] {processor.py:914} INFO - Processing file /home/airflow/.local/lib/python3.12/site-packages/airflow/example_dags/example_trigger_target_dag.py for tasks to queue
[2025-04-15T19:48:31.647+0000] {logging_mixin.py:190} INFO - [2025-04-15T19:48:31.646+0000] {dagbag.py:588} INFO - Filling up the DagBag from /home/airflow/.local/lib/python3.12/site-packages/airflow/example_dags/example_trigger_target_dag.py
[2025-04-15T19:48:31.658+0000] {processor.py:925} INFO - DAG(s) 'example_trigger_target_dag' retrieved from /home/airflow/.local/lib/python3.12/site-packages/airflow/example_dags/example_trigger_target_dag.py
[2025-04-15T19:48:31.687+0000] {logging_mixin.py:190} INFO - [2025-04-15T19:48:31.687+0000] {dag.py:3239} INFO - Sync 1 DAGs
[2025-04-15T19:48:31.709+0000] {logging_mixin.py:190} INFO - [2025-04-15T19:48:31.709+0000] {dag.py:4180} INFO - Setting next_dagrun for example_trigger_target_dag to None, run_after=None
[2025-04-15T19:48:31.740+0000] {processor.py:208} INFO - Processing /home/airflow/.local/lib/python3.12/site-packages/airflow/example_dags/example_trigger_target_dag.py took 0.106 seconds
[2025-04-15T19:49:01.842+0000] {processor.py:186} INFO - Started process (PID=17542) to work on /home/airflow/.local/lib/python3.12/site-packages/airflow/example_dags/example_trigger_target_dag.py
[2025-04-15T19:49:01.844+0000] {processor.py:914} INFO - Processing file /home/airflow/.local/lib/python3.12/site-packages/airflow/example_dags/example_trigger_target_dag.py for tasks to queue
[2025-04-15T19:49:01.846+0000] {logging_mixin.py:190} INFO - [2025-04-15T19:49:01.845+0000] {dagbag.py:588} INFO - Filling up the DagBag from /home/airflow/.local/lib/python3.12/site-packages/airflow/example_dags/example_trigger_target_dag.py
[2025-04-15T19:49:01.857+0000] {processor.py:925} INFO - DAG(s) 'example_trigger_target_dag' retrieved from /home/airflow/.local/lib/python3.12/site-packages/airflow/example_dags/example_trigger_target_dag.py
[2025-04-15T19:49:01.888+0000] {logging_mixin.py:190} INFO - [2025-04-15T19:49:01.888+0000] {dag.py:3239} INFO - Sync 1 DAGs
[2025-04-15T19:49:01.910+0000] {logging_mixin.py:190} INFO - [2025-04-15T19:49:01.910+0000] {dag.py:4180} INFO - Setting next_dagrun for example_trigger_target_dag to None, run_after=None
[2025-04-15T19:49:01.939+0000] {processor.py:208} INFO - Processing /home/airflow/.local/lib/python3.12/site-packages/airflow/example_dags/example_trigger_target_dag.py took 0.106 seconds
[2025-04-15T19:49:32.817+0000] {processor.py:186} INFO - Started process (PID=17609) to work on /home/airflow/.local/lib/python3.12/site-packages/airflow/example_dags/example_trigger_target_dag.py
[2025-04-15T19:49:32.818+0000] {processor.py:914} INFO - Processing file /home/airflow/.local/lib/python3.12/site-packages/airflow/example_dags/example_trigger_target_dag.py for tasks to queue
[2025-04-15T19:49:32.820+0000] {logging_mixin.py:190} INFO - [2025-04-15T19:49:32.819+0000] {dagbag.py:588} INFO - Filling up the DagBag from /home/airflow/.local/lib/python3.12/site-packages/airflow/example_dags/example_trigger_target_dag.py
[2025-04-15T19:49:32.834+0000] {processor.py:925} INFO - DAG(s) 'example_trigger_target_dag' retrieved from /home/airflow/.local/lib/python3.12/site-packages/airflow/example_dags/example_trigger_target_dag.py
[2025-04-15T19:49:32.863+0000] {logging_mixin.py:190} INFO - [2025-04-15T19:49:32.862+0000] {dag.py:3239} INFO - Sync 1 DAGs
[2025-04-15T19:49:32.888+0000] {logging_mixin.py:190} INFO - [2025-04-15T19:49:32.888+0000] {dag.py:4180} INFO - Setting next_dagrun for example_trigger_target_dag to None, run_after=None
[2025-04-15T19:49:32.917+0000] {processor.py:208} INFO - Processing /home/airflow/.local/lib/python3.12/site-packages/airflow/example_dags/example_trigger_target_dag.py took 0.108 seconds
[2025-04-15T19:50:03.651+0000] {processor.py:186} INFO - Started process (PID=17676) to work on /home/airflow/.local/lib/python3.12/site-packages/airflow/example_dags/example_trigger_target_dag.py
[2025-04-15T19:50:03.652+0000] {processor.py:914} INFO - Processing file /home/airflow/.local/lib/python3.12/site-packages/airflow/example_dags/example_trigger_target_dag.py for tasks to queue
[2025-04-15T19:50:03.653+0000] {logging_mixin.py:190} INFO - [2025-04-15T19:50:03.653+0000] {dagbag.py:588} INFO - Filling up the DagBag from /home/airflow/.local/lib/python3.12/site-packages/airflow/example_dags/example_trigger_target_dag.py
[2025-04-15T19:50:03.661+0000] {processor.py:925} INFO - DAG(s) 'example_trigger_target_dag' retrieved from /home/airflow/.local/lib/python3.12/site-packages/airflow/example_dags/example_trigger_target_dag.py
[2025-04-15T19:50:03.681+0000] {logging_mixin.py:190} INFO - [2025-04-15T19:50:03.680+0000] {dag.py:3239} INFO - Sync 1 DAGs
[2025-04-15T19:50:03.696+0000] {logging_mixin.py:190} INFO - [2025-04-15T19:50:03.696+0000] {dag.py:4180} INFO - Setting next_dagrun for example_trigger_target_dag to None, run_after=None
[2025-04-15T19:50:03.716+0000] {processor.py:208} INFO - Processing /home/airflow/.local/lib/python3.12/site-packages/airflow/example_dags/example_trigger_target_dag.py took 0.073 seconds
[2025-04-15T19:50:34.070+0000] {processor.py:186} INFO - Started process (PID=17743) to work on /home/airflow/.local/lib/python3.12/site-packages/airflow/example_dags/example_trigger_target_dag.py
[2025-04-15T19:50:34.071+0000] {processor.py:914} INFO - Processing file /home/airflow/.local/lib/python3.12/site-packages/airflow/example_dags/example_trigger_target_dag.py for tasks to queue
[2025-04-15T19:50:34.072+0000] {logging_mixin.py:190} INFO - [2025-04-15T19:50:34.072+0000] {dagbag.py:588} INFO - Filling up the DagBag from /home/airflow/.local/lib/python3.12/site-packages/airflow/example_dags/example_trigger_target_dag.py
[2025-04-15T19:50:34.082+0000] {processor.py:925} INFO - DAG(s) 'example_trigger_target_dag' retrieved from /home/airflow/.local/lib/python3.12/site-packages/airflow/example_dags/example_trigger_target_dag.py
[2025-04-15T19:50:34.105+0000] {logging_mixin.py:190} INFO - [2025-04-15T19:50:34.104+0000] {dag.py:3239} INFO - Sync 1 DAGs
[2025-04-15T19:50:34.121+0000] {logging_mixin.py:190} INFO - [2025-04-15T19:50:34.121+0000] {dag.py:4180} INFO - Setting next_dagrun for example_trigger_target_dag to None, run_after=None
[2025-04-15T19:50:34.143+0000] {processor.py:208} INFO - Processing /home/airflow/.local/lib/python3.12/site-packages/airflow/example_dags/example_trigger_target_dag.py took 0.079 seconds
[2025-04-15T19:51:04.421+0000] {processor.py:186} INFO - Started process (PID=17810) to work on /home/airflow/.local/lib/python3.12/site-packages/airflow/example_dags/example_trigger_target_dag.py
[2025-04-15T19:51:04.423+0000] {processor.py:914} INFO - Processing file /home/airflow/.local/lib/python3.12/site-packages/airflow/example_dags/example_trigger_target_dag.py for tasks to queue
[2025-04-15T19:51:04.425+0000] {logging_mixin.py:190} INFO - [2025-04-15T19:51:04.424+0000] {dagbag.py:588} INFO - Filling up the DagBag from /home/airflow/.local/lib/python3.12/site-packages/airflow/example_dags/example_trigger_target_dag.py
[2025-04-15T19:51:04.437+0000] {processor.py:925} INFO - DAG(s) 'example_trigger_target_dag' retrieved from /home/airflow/.local/lib/python3.12/site-packages/airflow/example_dags/example_trigger_target_dag.py
[2025-04-15T19:51:04.469+0000] {logging_mixin.py:190} INFO - [2025-04-15T19:51:04.468+0000] {dag.py:3239} INFO - Sync 1 DAGs
[2025-04-15T19:51:04.493+0000] {logging_mixin.py:190} INFO - [2025-04-15T19:51:04.493+0000] {dag.py:4180} INFO - Setting next_dagrun for example_trigger_target_dag to None, run_after=None
[2025-04-15T19:51:04.534+0000] {processor.py:208} INFO - Processing /home/airflow/.local/lib/python3.12/site-packages/airflow/example_dags/example_trigger_target_dag.py took 0.121 seconds
[2025-04-15T19:51:35.268+0000] {processor.py:186} INFO - Started process (PID=17877) to work on /home/airflow/.local/lib/python3.12/site-packages/airflow/example_dags/example_trigger_target_dag.py
[2025-04-15T19:51:35.270+0000] {processor.py:914} INFO - Processing file /home/airflow/.local/lib/python3.12/site-packages/airflow/example_dags/example_trigger_target_dag.py for tasks to queue
[2025-04-15T19:51:35.272+0000] {logging_mixin.py:190} INFO - [2025-04-15T19:51:35.271+0000] {dagbag.py:588} INFO - Filling up the DagBag from /home/airflow/.local/lib/python3.12/site-packages/airflow/example_dags/example_trigger_target_dag.py
[2025-04-15T19:51:35.288+0000] {processor.py:925} INFO - DAG(s) 'example_trigger_target_dag' retrieved from /home/airflow/.local/lib/python3.12/site-packages/airflow/example_dags/example_trigger_target_dag.py
[2025-04-15T19:51:35.325+0000] {logging_mixin.py:190} INFO - [2025-04-15T19:51:35.324+0000] {dag.py:3239} INFO - Sync 1 DAGs
[2025-04-15T19:51:35.356+0000] {logging_mixin.py:190} INFO - [2025-04-15T19:51:35.355+0000] {dag.py:4180} INFO - Setting next_dagrun for example_trigger_target_dag to None, run_after=None
[2025-04-15T19:51:35.397+0000] {processor.py:208} INFO - Processing /home/airflow/.local/lib/python3.12/site-packages/airflow/example_dags/example_trigger_target_dag.py took 0.139 seconds
[2025-04-15T19:52:05.585+0000] {processor.py:186} INFO - Started process (PID=17944) to work on /home/airflow/.local/lib/python3.12/site-packages/airflow/example_dags/example_trigger_target_dag.py
[2025-04-15T19:52:05.586+0000] {processor.py:914} INFO - Processing file /home/airflow/.local/lib/python3.12/site-packages/airflow/example_dags/example_trigger_target_dag.py for tasks to queue
[2025-04-15T19:52:05.590+0000] {logging_mixin.py:190} INFO - [2025-04-15T19:52:05.589+0000] {dagbag.py:588} INFO - Filling up the DagBag from /home/airflow/.local/lib/python3.12/site-packages/airflow/example_dags/example_trigger_target_dag.py
[2025-04-15T19:52:05.602+0000] {processor.py:925} INFO - DAG(s) 'example_trigger_target_dag' retrieved from /home/airflow/.local/lib/python3.12/site-packages/airflow/example_dags/example_trigger_target_dag.py
[2025-04-15T19:52:05.638+0000] {logging_mixin.py:190} INFO - [2025-04-15T19:52:05.637+0000] {dag.py:3239} INFO - Sync 1 DAGs
[2025-04-15T19:52:05.669+0000] {logging_mixin.py:190} INFO - [2025-04-15T19:52:05.668+0000] {dag.py:4180} INFO - Setting next_dagrun for example_trigger_target_dag to None, run_after=None
[2025-04-15T19:52:05.721+0000] {processor.py:208} INFO - Processing /home/airflow/.local/lib/python3.12/site-packages/airflow/example_dags/example_trigger_target_dag.py took 0.147 seconds
[2025-04-15T19:52:36.251+0000] {processor.py:186} INFO - Started process (PID=18011) to work on /home/airflow/.local/lib/python3.12/site-packages/airflow/example_dags/example_trigger_target_dag.py
[2025-04-15T19:52:36.253+0000] {processor.py:914} INFO - Processing file /home/airflow/.local/lib/python3.12/site-packages/airflow/example_dags/example_trigger_target_dag.py for tasks to queue
[2025-04-15T19:52:36.255+0000] {logging_mixin.py:190} INFO - [2025-04-15T19:52:36.255+0000] {dagbag.py:588} INFO - Filling up the DagBag from /home/airflow/.local/lib/python3.12/site-packages/airflow/example_dags/example_trigger_target_dag.py
[2025-04-15T19:52:36.266+0000] {processor.py:925} INFO - DAG(s) 'example_trigger_target_dag' retrieved from /home/airflow/.local/lib/python3.12/site-packages/airflow/example_dags/example_trigger_target_dag.py
[2025-04-15T19:52:36.296+0000] {logging_mixin.py:190} INFO - [2025-04-15T19:52:36.295+0000] {dag.py:3239} INFO - Sync 1 DAGs
[2025-04-15T19:52:36.318+0000] {logging_mixin.py:190} INFO - [2025-04-15T19:52:36.318+0000] {dag.py:4180} INFO - Setting next_dagrun for example_trigger_target_dag to None, run_after=None
[2025-04-15T19:52:36.349+0000] {processor.py:208} INFO - Processing /home/airflow/.local/lib/python3.12/site-packages/airflow/example_dags/example_trigger_target_dag.py took 0.107 seconds
[2025-04-15T19:53:06.650+0000] {processor.py:186} INFO - Started process (PID=18078) to work on /home/airflow/.local/lib/python3.12/site-packages/airflow/example_dags/example_trigger_target_dag.py
[2025-04-15T19:53:06.652+0000] {processor.py:914} INFO - Processing file /home/airflow/.local/lib/python3.12/site-packages/airflow/example_dags/example_trigger_target_dag.py for tasks to queue
[2025-04-15T19:53:06.654+0000] {logging_mixin.py:190} INFO - [2025-04-15T19:53:06.653+0000] {dagbag.py:588} INFO - Filling up the DagBag from /home/airflow/.local/lib/python3.12/site-packages/airflow/example_dags/example_trigger_target_dag.py
[2025-04-15T19:53:06.665+0000] {processor.py:925} INFO - DAG(s) 'example_trigger_target_dag' retrieved from /home/airflow/.local/lib/python3.12/site-packages/airflow/example_dags/example_trigger_target_dag.py
[2025-04-15T19:53:06.695+0000] {logging_mixin.py:190} INFO - [2025-04-15T19:53:06.695+0000] {dag.py:3239} INFO - Sync 1 DAGs
[2025-04-15T19:53:06.721+0000] {logging_mixin.py:190} INFO - [2025-04-15T19:53:06.720+0000] {dag.py:4180} INFO - Setting next_dagrun for example_trigger_target_dag to None, run_after=None
[2025-04-15T19:53:06.749+0000] {processor.py:208} INFO - Processing /home/airflow/.local/lib/python3.12/site-packages/airflow/example_dags/example_trigger_target_dag.py took 0.109 seconds
[2025-04-15T19:53:37.056+0000] {processor.py:186} INFO - Started process (PID=18145) to work on /home/airflow/.local/lib/python3.12/site-packages/airflow/example_dags/example_trigger_target_dag.py
[2025-04-15T19:53:37.058+0000] {processor.py:914} INFO - Processing file /home/airflow/.local/lib/python3.12/site-packages/airflow/example_dags/example_trigger_target_dag.py for tasks to queue
[2025-04-15T19:53:37.060+0000] {logging_mixin.py:190} INFO - [2025-04-15T19:53:37.060+0000] {dagbag.py:588} INFO - Filling up the DagBag from /home/airflow/.local/lib/python3.12/site-packages/airflow/example_dags/example_trigger_target_dag.py
[2025-04-15T19:53:37.073+0000] {processor.py:925} INFO - DAG(s) 'example_trigger_target_dag' retrieved from /home/airflow/.local/lib/python3.12/site-packages/airflow/example_dags/example_trigger_target_dag.py
[2025-04-15T19:53:37.103+0000] {logging_mixin.py:190} INFO - [2025-04-15T19:53:37.103+0000] {dag.py:3239} INFO - Sync 1 DAGs
[2025-04-15T19:53:37.130+0000] {logging_mixin.py:190} INFO - [2025-04-15T19:53:37.130+0000] {dag.py:4180} INFO - Setting next_dagrun for example_trigger_target_dag to None, run_after=None
[2025-04-15T19:53:37.161+0000] {processor.py:208} INFO - Processing /home/airflow/.local/lib/python3.12/site-packages/airflow/example_dags/example_trigger_target_dag.py took 0.113 seconds
[2025-04-15T19:54:07.501+0000] {processor.py:186} INFO - Started process (PID=18212) to work on /home/airflow/.local/lib/python3.12/site-packages/airflow/example_dags/example_trigger_target_dag.py
[2025-04-15T19:54:07.503+0000] {processor.py:914} INFO - Processing file /home/airflow/.local/lib/python3.12/site-packages/airflow/example_dags/example_trigger_target_dag.py for tasks to queue
[2025-04-15T19:54:07.506+0000] {logging_mixin.py:190} INFO - [2025-04-15T19:54:07.505+0000] {dagbag.py:588} INFO - Filling up the DagBag from /home/airflow/.local/lib/python3.12/site-packages/airflow/example_dags/example_trigger_target_dag.py
[2025-04-15T19:54:07.520+0000] {processor.py:925} INFO - DAG(s) 'example_trigger_target_dag' retrieved from /home/airflow/.local/lib/python3.12/site-packages/airflow/example_dags/example_trigger_target_dag.py
[2025-04-15T19:54:07.550+0000] {logging_mixin.py:190} INFO - [2025-04-15T19:54:07.549+0000] {dag.py:3239} INFO - Sync 1 DAGs
[2025-04-15T19:54:07.574+0000] {logging_mixin.py:190} INFO - [2025-04-15T19:54:07.574+0000] {dag.py:4180} INFO - Setting next_dagrun for example_trigger_target_dag to None, run_after=None
[2025-04-15T19:54:07.604+0000] {processor.py:208} INFO - Processing /home/airflow/.local/lib/python3.12/site-packages/airflow/example_dags/example_trigger_target_dag.py took 0.113 seconds
[2025-04-15T19:54:37.920+0000] {processor.py:186} INFO - Started process (PID=18279) to work on /home/airflow/.local/lib/python3.12/site-packages/airflow/example_dags/example_trigger_target_dag.py
[2025-04-15T19:54:37.922+0000] {processor.py:914} INFO - Processing file /home/airflow/.local/lib/python3.12/site-packages/airflow/example_dags/example_trigger_target_dag.py for tasks to queue
[2025-04-15T19:54:37.924+0000] {logging_mixin.py:190} INFO - [2025-04-15T19:54:37.923+0000] {dagbag.py:588} INFO - Filling up the DagBag from /home/airflow/.local/lib/python3.12/site-packages/airflow/example_dags/example_trigger_target_dag.py
[2025-04-15T19:54:37.935+0000] {processor.py:925} INFO - DAG(s) 'example_trigger_target_dag' retrieved from /home/airflow/.local/lib/python3.12/site-packages/airflow/example_dags/example_trigger_target_dag.py
[2025-04-15T19:54:37.965+0000] {logging_mixin.py:190} INFO - [2025-04-15T19:54:37.964+0000] {dag.py:3239} INFO - Sync 1 DAGs
[2025-04-15T19:54:37.989+0000] {logging_mixin.py:190} INFO - [2025-04-15T19:54:37.989+0000] {dag.py:4180} INFO - Setting next_dagrun for example_trigger_target_dag to None, run_after=None
[2025-04-15T19:54:38.021+0000] {processor.py:208} INFO - Processing /home/airflow/.local/lib/python3.12/site-packages/airflow/example_dags/example_trigger_target_dag.py took 0.110 seconds
[2025-04-15T19:55:08.171+0000] {processor.py:186} INFO - Started process (PID=18346) to work on /home/airflow/.local/lib/python3.12/site-packages/airflow/example_dags/example_trigger_target_dag.py
[2025-04-15T19:55:08.172+0000] {processor.py:914} INFO - Processing file /home/airflow/.local/lib/python3.12/site-packages/airflow/example_dags/example_trigger_target_dag.py for tasks to queue
[2025-04-15T19:55:08.173+0000] {logging_mixin.py:190} INFO - [2025-04-15T19:55:08.173+0000] {dagbag.py:588} INFO - Filling up the DagBag from /home/airflow/.local/lib/python3.12/site-packages/airflow/example_dags/example_trigger_target_dag.py
[2025-04-15T19:55:08.181+0000] {processor.py:925} INFO - DAG(s) 'example_trigger_target_dag' retrieved from /home/airflow/.local/lib/python3.12/site-packages/airflow/example_dags/example_trigger_target_dag.py
[2025-04-15T19:55:08.204+0000] {logging_mixin.py:190} INFO - [2025-04-15T19:55:08.204+0000] {dag.py:3239} INFO - Sync 1 DAGs
[2025-04-15T19:55:08.221+0000] {logging_mixin.py:190} INFO - [2025-04-15T19:55:08.221+0000] {dag.py:4180} INFO - Setting next_dagrun for example_trigger_target_dag to None, run_after=None
[2025-04-15T19:55:08.244+0000] {processor.py:208} INFO - Processing /home/airflow/.local/lib/python3.12/site-packages/airflow/example_dags/example_trigger_target_dag.py took 0.080 seconds
[2025-04-15T19:55:38.533+0000] {processor.py:186} INFO - Started process (PID=18413) to work on /home/airflow/.local/lib/python3.12/site-packages/airflow/example_dags/example_trigger_target_dag.py
[2025-04-15T19:55:38.535+0000] {processor.py:914} INFO - Processing file /home/airflow/.local/lib/python3.12/site-packages/airflow/example_dags/example_trigger_target_dag.py for tasks to queue
[2025-04-15T19:55:38.537+0000] {logging_mixin.py:190} INFO - [2025-04-15T19:55:38.536+0000] {dagbag.py:588} INFO - Filling up the DagBag from /home/airflow/.local/lib/python3.12/site-packages/airflow/example_dags/example_trigger_target_dag.py
[2025-04-15T19:55:38.551+0000] {processor.py:925} INFO - DAG(s) 'example_trigger_target_dag' retrieved from /home/airflow/.local/lib/python3.12/site-packages/airflow/example_dags/example_trigger_target_dag.py
[2025-04-15T19:55:38.583+0000] {logging_mixin.py:190} INFO - [2025-04-15T19:55:38.583+0000] {dag.py:3239} INFO - Sync 1 DAGs
[2025-04-15T19:55:38.607+0000] {logging_mixin.py:190} INFO - [2025-04-15T19:55:38.607+0000] {dag.py:4180} INFO - Setting next_dagrun for example_trigger_target_dag to None, run_after=None
[2025-04-15T19:55:38.644+0000] {processor.py:208} INFO - Processing /home/airflow/.local/lib/python3.12/site-packages/airflow/example_dags/example_trigger_target_dag.py took 0.121 seconds
[2025-04-15T19:56:08.810+0000] {processor.py:186} INFO - Started process (PID=18480) to work on /home/airflow/.local/lib/python3.12/site-packages/airflow/example_dags/example_trigger_target_dag.py
[2025-04-15T19:56:08.812+0000] {processor.py:914} INFO - Processing file /home/airflow/.local/lib/python3.12/site-packages/airflow/example_dags/example_trigger_target_dag.py for tasks to queue
[2025-04-15T19:56:08.814+0000] {logging_mixin.py:190} INFO - [2025-04-15T19:56:08.813+0000] {dagbag.py:588} INFO - Filling up the DagBag from /home/airflow/.local/lib/python3.12/site-packages/airflow/example_dags/example_trigger_target_dag.py
[2025-04-15T19:56:08.825+0000] {processor.py:925} INFO - DAG(s) 'example_trigger_target_dag' retrieved from /home/airflow/.local/lib/python3.12/site-packages/airflow/example_dags/example_trigger_target_dag.py
[2025-04-15T19:56:08.856+0000] {logging_mixin.py:190} INFO - [2025-04-15T19:56:08.856+0000] {dag.py:3239} INFO - Sync 1 DAGs
[2025-04-15T19:56:08.881+0000] {logging_mixin.py:190} INFO - [2025-04-15T19:56:08.881+0000] {dag.py:4180} INFO - Setting next_dagrun for example_trigger_target_dag to None, run_after=None
[2025-04-15T19:56:08.911+0000] {processor.py:208} INFO - Processing /home/airflow/.local/lib/python3.12/site-packages/airflow/example_dags/example_trigger_target_dag.py took 0.109 seconds
[2025-04-15T19:56:38.984+0000] {processor.py:186} INFO - Started process (PID=18546) to work on /home/airflow/.local/lib/python3.12/site-packages/airflow/example_dags/example_trigger_target_dag.py
[2025-04-15T19:56:38.986+0000] {processor.py:914} INFO - Processing file /home/airflow/.local/lib/python3.12/site-packages/airflow/example_dags/example_trigger_target_dag.py for tasks to queue
[2025-04-15T19:56:38.988+0000] {logging_mixin.py:190} INFO - [2025-04-15T19:56:38.988+0000] {dagbag.py:588} INFO - Filling up the DagBag from /home/airflow/.local/lib/python3.12/site-packages/airflow/example_dags/example_trigger_target_dag.py
[2025-04-15T19:56:39.001+0000] {processor.py:925} INFO - DAG(s) 'example_trigger_target_dag' retrieved from /home/airflow/.local/lib/python3.12/site-packages/airflow/example_dags/example_trigger_target_dag.py
[2025-04-15T19:56:39.031+0000] {logging_mixin.py:190} INFO - [2025-04-15T19:56:39.031+0000] {dag.py:3239} INFO - Sync 1 DAGs
[2025-04-15T19:56:39.055+0000] {logging_mixin.py:190} INFO - [2025-04-15T19:56:39.055+0000] {dag.py:4180} INFO - Setting next_dagrun for example_trigger_target_dag to None, run_after=None
[2025-04-15T19:56:39.086+0000] {processor.py:208} INFO - Processing /home/airflow/.local/lib/python3.12/site-packages/airflow/example_dags/example_trigger_target_dag.py took 0.111 seconds
[2025-04-15T19:57:09.181+0000] {processor.py:186} INFO - Started process (PID=18612) to work on /home/airflow/.local/lib/python3.12/site-packages/airflow/example_dags/example_trigger_target_dag.py
[2025-04-15T19:57:09.182+0000] {processor.py:914} INFO - Processing file /home/airflow/.local/lib/python3.12/site-packages/airflow/example_dags/example_trigger_target_dag.py for tasks to queue
[2025-04-15T19:57:09.183+0000] {logging_mixin.py:190} INFO - [2025-04-15T19:57:09.183+0000] {dagbag.py:588} INFO - Filling up the DagBag from /home/airflow/.local/lib/python3.12/site-packages/airflow/example_dags/example_trigger_target_dag.py
[2025-04-15T19:57:09.193+0000] {processor.py:925} INFO - DAG(s) 'example_trigger_target_dag' retrieved from /home/airflow/.local/lib/python3.12/site-packages/airflow/example_dags/example_trigger_target_dag.py
[2025-04-15T19:57:09.218+0000] {logging_mixin.py:190} INFO - [2025-04-15T19:57:09.218+0000] {dag.py:3239} INFO - Sync 1 DAGs
[2025-04-15T19:57:09.238+0000] {logging_mixin.py:190} INFO - [2025-04-15T19:57:09.237+0000] {dag.py:4180} INFO - Setting next_dagrun for example_trigger_target_dag to None, run_after=None
[2025-04-15T19:57:09.264+0000] {processor.py:208} INFO - Processing /home/airflow/.local/lib/python3.12/site-packages/airflow/example_dags/example_trigger_target_dag.py took 0.090 seconds
[2025-04-15T19:57:39.378+0000] {processor.py:186} INFO - Started process (PID=18679) to work on /home/airflow/.local/lib/python3.12/site-packages/airflow/example_dags/example_trigger_target_dag.py
[2025-04-15T19:57:39.379+0000] {processor.py:914} INFO - Processing file /home/airflow/.local/lib/python3.12/site-packages/airflow/example_dags/example_trigger_target_dag.py for tasks to queue
[2025-04-15T19:57:39.380+0000] {logging_mixin.py:190} INFO - [2025-04-15T19:57:39.380+0000] {dagbag.py:588} INFO - Filling up the DagBag from /home/airflow/.local/lib/python3.12/site-packages/airflow/example_dags/example_trigger_target_dag.py
[2025-04-15T19:57:39.390+0000] {processor.py:925} INFO - DAG(s) 'example_trigger_target_dag' retrieved from /home/airflow/.local/lib/python3.12/site-packages/airflow/example_dags/example_trigger_target_dag.py
[2025-04-15T19:57:39.414+0000] {logging_mixin.py:190} INFO - [2025-04-15T19:57:39.414+0000] {dag.py:3239} INFO - Sync 1 DAGs
[2025-04-15T19:57:39.434+0000] {logging_mixin.py:190} INFO - [2025-04-15T19:57:39.434+0000] {dag.py:4180} INFO - Setting next_dagrun for example_trigger_target_dag to None, run_after=None
[2025-04-15T19:57:39.459+0000] {processor.py:208} INFO - Processing /home/airflow/.local/lib/python3.12/site-packages/airflow/example_dags/example_trigger_target_dag.py took 0.088 seconds
[2025-04-15T19:58:10.041+0000] {processor.py:186} INFO - Started process (PID=18746) to work on /home/airflow/.local/lib/python3.12/site-packages/airflow/example_dags/example_trigger_target_dag.py
[2025-04-15T19:58:10.043+0000] {processor.py:914} INFO - Processing file /home/airflow/.local/lib/python3.12/site-packages/airflow/example_dags/example_trigger_target_dag.py for tasks to queue
[2025-04-15T19:58:10.044+0000] {logging_mixin.py:190} INFO - [2025-04-15T19:58:10.044+0000] {dagbag.py:588} INFO - Filling up the DagBag from /home/airflow/.local/lib/python3.12/site-packages/airflow/example_dags/example_trigger_target_dag.py
[2025-04-15T19:58:10.056+0000] {processor.py:925} INFO - DAG(s) 'example_trigger_target_dag' retrieved from /home/airflow/.local/lib/python3.12/site-packages/airflow/example_dags/example_trigger_target_dag.py
[2025-04-15T19:58:10.086+0000] {logging_mixin.py:190} INFO - [2025-04-15T19:58:10.086+0000] {dag.py:3239} INFO - Sync 1 DAGs
[2025-04-15T19:58:10.110+0000] {logging_mixin.py:190} INFO - [2025-04-15T19:58:10.110+0000] {dag.py:4180} INFO - Setting next_dagrun for example_trigger_target_dag to None, run_after=None
[2025-04-15T19:58:10.141+0000] {processor.py:208} INFO - Processing /home/airflow/.local/lib/python3.12/site-packages/airflow/example_dags/example_trigger_target_dag.py took 0.109 seconds
[2025-04-15T19:58:41.372+0000] {processor.py:186} INFO - Started process (PID=18812) to work on /home/airflow/.local/lib/python3.12/site-packages/airflow/example_dags/example_trigger_target_dag.py
[2025-04-15T19:58:41.373+0000] {processor.py:914} INFO - Processing file /home/airflow/.local/lib/python3.12/site-packages/airflow/example_dags/example_trigger_target_dag.py for tasks to queue
[2025-04-15T19:58:41.376+0000] {logging_mixin.py:190} INFO - [2025-04-15T19:58:41.375+0000] {dagbag.py:588} INFO - Filling up the DagBag from /home/airflow/.local/lib/python3.12/site-packages/airflow/example_dags/example_trigger_target_dag.py
[2025-04-15T19:58:41.388+0000] {processor.py:925} INFO - DAG(s) 'example_trigger_target_dag' retrieved from /home/airflow/.local/lib/python3.12/site-packages/airflow/example_dags/example_trigger_target_dag.py
[2025-04-15T19:58:41.418+0000] {logging_mixin.py:190} INFO - [2025-04-15T19:58:41.417+0000] {dag.py:3239} INFO - Sync 1 DAGs
[2025-04-15T19:58:41.442+0000] {logging_mixin.py:190} INFO - [2025-04-15T19:58:41.441+0000] {dag.py:4180} INFO - Setting next_dagrun for example_trigger_target_dag to None, run_after=None
[2025-04-15T19:58:41.512+0000] {processor.py:208} INFO - Processing /home/airflow/.local/lib/python3.12/site-packages/airflow/example_dags/example_trigger_target_dag.py took 0.148 seconds
[2025-04-15T19:59:12.091+0000] {processor.py:186} INFO - Started process (PID=18879) to work on /home/airflow/.local/lib/python3.12/site-packages/airflow/example_dags/example_trigger_target_dag.py
[2025-04-15T19:59:12.093+0000] {processor.py:914} INFO - Processing file /home/airflow/.local/lib/python3.12/site-packages/airflow/example_dags/example_trigger_target_dag.py for tasks to queue
[2025-04-15T19:59:12.094+0000] {logging_mixin.py:190} INFO - [2025-04-15T19:59:12.094+0000] {dagbag.py:588} INFO - Filling up the DagBag from /home/airflow/.local/lib/python3.12/site-packages/airflow/example_dags/example_trigger_target_dag.py
[2025-04-15T19:59:12.103+0000] {processor.py:925} INFO - DAG(s) 'example_trigger_target_dag' retrieved from /home/airflow/.local/lib/python3.12/site-packages/airflow/example_dags/example_trigger_target_dag.py
[2025-04-15T19:59:12.124+0000] {logging_mixin.py:190} INFO - [2025-04-15T19:59:12.123+0000] {dag.py:3239} INFO - Sync 1 DAGs
[2025-04-15T19:59:12.140+0000] {logging_mixin.py:190} INFO - [2025-04-15T19:59:12.140+0000] {dag.py:4180} INFO - Setting next_dagrun for example_trigger_target_dag to None, run_after=None
[2025-04-15T19:59:12.161+0000] {processor.py:208} INFO - Processing /home/airflow/.local/lib/python3.12/site-packages/airflow/example_dags/example_trigger_target_dag.py took 0.075 seconds
[2025-04-15T19:59:42.312+0000] {processor.py:186} INFO - Started process (PID=18945) to work on /home/airflow/.local/lib/python3.12/site-packages/airflow/example_dags/example_trigger_target_dag.py
[2025-04-15T19:59:42.314+0000] {processor.py:914} INFO - Processing file /home/airflow/.local/lib/python3.12/site-packages/airflow/example_dags/example_trigger_target_dag.py for tasks to queue
[2025-04-15T19:59:42.317+0000] {logging_mixin.py:190} INFO - [2025-04-15T19:59:42.316+0000] {dagbag.py:588} INFO - Filling up the DagBag from /home/airflow/.local/lib/python3.12/site-packages/airflow/example_dags/example_trigger_target_dag.py
[2025-04-15T19:59:42.330+0000] {processor.py:925} INFO - DAG(s) 'example_trigger_target_dag' retrieved from /home/airflow/.local/lib/python3.12/site-packages/airflow/example_dags/example_trigger_target_dag.py
[2025-04-15T19:59:42.363+0000] {logging_mixin.py:190} INFO - [2025-04-15T19:59:42.363+0000] {dag.py:3239} INFO - Sync 1 DAGs
[2025-04-15T19:59:42.390+0000] {logging_mixin.py:190} INFO - [2025-04-15T19:59:42.390+0000] {dag.py:4180} INFO - Setting next_dagrun for example_trigger_target_dag to None, run_after=None
[2025-04-15T19:59:42.423+0000] {processor.py:208} INFO - Processing /home/airflow/.local/lib/python3.12/site-packages/airflow/example_dags/example_trigger_target_dag.py took 0.120 seconds
[2025-04-15T20:00:12.817+0000] {processor.py:186} INFO - Started process (PID=19011) to work on /home/airflow/.local/lib/python3.12/site-packages/airflow/example_dags/example_trigger_target_dag.py
[2025-04-15T20:00:12.818+0000] {processor.py:914} INFO - Processing file /home/airflow/.local/lib/python3.12/site-packages/airflow/example_dags/example_trigger_target_dag.py for tasks to queue
[2025-04-15T20:00:12.821+0000] {logging_mixin.py:190} INFO - [2025-04-15T20:00:12.820+0000] {dagbag.py:588} INFO - Filling up the DagBag from /home/airflow/.local/lib/python3.12/site-packages/airflow/example_dags/example_trigger_target_dag.py
[2025-04-15T20:00:12.832+0000] {processor.py:925} INFO - DAG(s) 'example_trigger_target_dag' retrieved from /home/airflow/.local/lib/python3.12/site-packages/airflow/example_dags/example_trigger_target_dag.py
[2025-04-15T20:00:12.864+0000] {logging_mixin.py:190} INFO - [2025-04-15T20:00:12.863+0000] {dag.py:3239} INFO - Sync 1 DAGs
[2025-04-15T20:00:12.893+0000] {logging_mixin.py:190} INFO - [2025-04-15T20:00:12.893+0000] {dag.py:4180} INFO - Setting next_dagrun for example_trigger_target_dag to None, run_after=None
[2025-04-15T20:00:12.923+0000] {processor.py:208} INFO - Processing /home/airflow/.local/lib/python3.12/site-packages/airflow/example_dags/example_trigger_target_dag.py took 0.116 seconds
[2025-04-15T20:00:42.982+0000] {processor.py:186} INFO - Started process (PID=19077) to work on /home/airflow/.local/lib/python3.12/site-packages/airflow/example_dags/example_trigger_target_dag.py
[2025-04-15T20:00:42.984+0000] {processor.py:914} INFO - Processing file /home/airflow/.local/lib/python3.12/site-packages/airflow/example_dags/example_trigger_target_dag.py for tasks to queue
[2025-04-15T20:00:42.986+0000] {logging_mixin.py:190} INFO - [2025-04-15T20:00:42.985+0000] {dagbag.py:588} INFO - Filling up the DagBag from /home/airflow/.local/lib/python3.12/site-packages/airflow/example_dags/example_trigger_target_dag.py
[2025-04-15T20:00:42.999+0000] {processor.py:925} INFO - DAG(s) 'example_trigger_target_dag' retrieved from /home/airflow/.local/lib/python3.12/site-packages/airflow/example_dags/example_trigger_target_dag.py
[2025-04-15T20:00:43.030+0000] {logging_mixin.py:190} INFO - [2025-04-15T20:00:43.030+0000] {dag.py:3239} INFO - Sync 1 DAGs
[2025-04-15T20:00:43.058+0000] {logging_mixin.py:190} INFO - [2025-04-15T20:00:43.058+0000] {dag.py:4180} INFO - Setting next_dagrun for example_trigger_target_dag to None, run_after=None
[2025-04-15T20:00:43.089+0000] {processor.py:208} INFO - Processing /home/airflow/.local/lib/python3.12/site-packages/airflow/example_dags/example_trigger_target_dag.py took 0.116 seconds
[2025-04-15T20:01:13.287+0000] {processor.py:186} INFO - Started process (PID=19143) to work on /home/airflow/.local/lib/python3.12/site-packages/airflow/example_dags/example_trigger_target_dag.py
[2025-04-15T20:01:13.289+0000] {processor.py:914} INFO - Processing file /home/airflow/.local/lib/python3.12/site-packages/airflow/example_dags/example_trigger_target_dag.py for tasks to queue
[2025-04-15T20:01:13.291+0000] {logging_mixin.py:190} INFO - [2025-04-15T20:01:13.291+0000] {dagbag.py:588} INFO - Filling up the DagBag from /home/airflow/.local/lib/python3.12/site-packages/airflow/example_dags/example_trigger_target_dag.py
[2025-04-15T20:01:13.304+0000] {processor.py:925} INFO - DAG(s) 'example_trigger_target_dag' retrieved from /home/airflow/.local/lib/python3.12/site-packages/airflow/example_dags/example_trigger_target_dag.py
[2025-04-15T20:01:13.332+0000] {logging_mixin.py:190} INFO - [2025-04-15T20:01:13.332+0000] {dag.py:3239} INFO - Sync 1 DAGs
[2025-04-15T20:01:13.354+0000] {logging_mixin.py:190} INFO - [2025-04-15T20:01:13.353+0000] {dag.py:4180} INFO - Setting next_dagrun for example_trigger_target_dag to None, run_after=None
[2025-04-15T20:01:13.386+0000] {processor.py:208} INFO - Processing /home/airflow/.local/lib/python3.12/site-packages/airflow/example_dags/example_trigger_target_dag.py took 0.108 seconds
[2025-04-15T20:01:43.838+0000] {processor.py:186} INFO - Started process (PID=19210) to work on /home/airflow/.local/lib/python3.12/site-packages/airflow/example_dags/example_trigger_target_dag.py
[2025-04-15T20:01:43.839+0000] {processor.py:914} INFO - Processing file /home/airflow/.local/lib/python3.12/site-packages/airflow/example_dags/example_trigger_target_dag.py for tasks to queue
[2025-04-15T20:01:43.842+0000] {logging_mixin.py:190} INFO - [2025-04-15T20:01:43.841+0000] {dagbag.py:588} INFO - Filling up the DagBag from /home/airflow/.local/lib/python3.12/site-packages/airflow/example_dags/example_trigger_target_dag.py
[2025-04-15T20:01:43.853+0000] {processor.py:925} INFO - DAG(s) 'example_trigger_target_dag' retrieved from /home/airflow/.local/lib/python3.12/site-packages/airflow/example_dags/example_trigger_target_dag.py
[2025-04-15T20:01:43.884+0000] {logging_mixin.py:190} INFO - [2025-04-15T20:01:43.884+0000] {dag.py:3239} INFO - Sync 1 DAGs
[2025-04-15T20:01:43.908+0000] {logging_mixin.py:190} INFO - [2025-04-15T20:01:43.907+0000] {dag.py:4180} INFO - Setting next_dagrun for example_trigger_target_dag to None, run_after=None
[2025-04-15T20:01:43.939+0000] {processor.py:208} INFO - Processing /home/airflow/.local/lib/python3.12/site-packages/airflow/example_dags/example_trigger_target_dag.py took 0.109 seconds
[2025-04-15T20:02:14.473+0000] {processor.py:186} INFO - Started process (PID=19277) to work on /home/airflow/.local/lib/python3.12/site-packages/airflow/example_dags/example_trigger_target_dag.py
[2025-04-15T20:02:14.474+0000] {processor.py:914} INFO - Processing file /home/airflow/.local/lib/python3.12/site-packages/airflow/example_dags/example_trigger_target_dag.py for tasks to queue
[2025-04-15T20:02:14.477+0000] {logging_mixin.py:190} INFO - [2025-04-15T20:02:14.476+0000] {dagbag.py:588} INFO - Filling up the DagBag from /home/airflow/.local/lib/python3.12/site-packages/airflow/example_dags/example_trigger_target_dag.py
[2025-04-15T20:02:14.488+0000] {processor.py:925} INFO - DAG(s) 'example_trigger_target_dag' retrieved from /home/airflow/.local/lib/python3.12/site-packages/airflow/example_dags/example_trigger_target_dag.py
[2025-04-15T20:02:14.518+0000] {logging_mixin.py:190} INFO - [2025-04-15T20:02:14.517+0000] {dag.py:3239} INFO - Sync 1 DAGs
[2025-04-15T20:02:14.540+0000] {logging_mixin.py:190} INFO - [2025-04-15T20:02:14.539+0000] {dag.py:4180} INFO - Setting next_dagrun for example_trigger_target_dag to None, run_after=None
[2025-04-15T20:02:14.568+0000] {processor.py:208} INFO - Processing /home/airflow/.local/lib/python3.12/site-packages/airflow/example_dags/example_trigger_target_dag.py took 0.103 seconds
[2025-04-15T20:02:44.940+0000] {processor.py:186} INFO - Started process (PID=19344) to work on /home/airflow/.local/lib/python3.12/site-packages/airflow/example_dags/example_trigger_target_dag.py
[2025-04-15T20:02:44.942+0000] {processor.py:914} INFO - Processing file /home/airflow/.local/lib/python3.12/site-packages/airflow/example_dags/example_trigger_target_dag.py for tasks to queue
[2025-04-15T20:02:44.943+0000] {logging_mixin.py:190} INFO - [2025-04-15T20:02:44.943+0000] {dagbag.py:588} INFO - Filling up the DagBag from /home/airflow/.local/lib/python3.12/site-packages/airflow/example_dags/example_trigger_target_dag.py
[2025-04-15T20:02:44.955+0000] {processor.py:925} INFO - DAG(s) 'example_trigger_target_dag' retrieved from /home/airflow/.local/lib/python3.12/site-packages/airflow/example_dags/example_trigger_target_dag.py
[2025-04-15T20:02:44.979+0000] {logging_mixin.py:190} INFO - [2025-04-15T20:02:44.978+0000] {dag.py:3239} INFO - Sync 1 DAGs
[2025-04-15T20:02:44.996+0000] {logging_mixin.py:190} INFO - [2025-04-15T20:02:44.996+0000] {dag.py:4180} INFO - Setting next_dagrun for example_trigger_target_dag to None, run_after=None
[2025-04-15T20:02:45.019+0000] {processor.py:208} INFO - Processing /home/airflow/.local/lib/python3.12/site-packages/airflow/example_dags/example_trigger_target_dag.py took 0.084 seconds
[2025-04-15T20:03:15.838+0000] {processor.py:186} INFO - Started process (PID=19411) to work on /home/airflow/.local/lib/python3.12/site-packages/airflow/example_dags/example_trigger_target_dag.py
[2025-04-15T20:03:15.840+0000] {processor.py:914} INFO - Processing file /home/airflow/.local/lib/python3.12/site-packages/airflow/example_dags/example_trigger_target_dag.py for tasks to queue
[2025-04-15T20:03:15.841+0000] {logging_mixin.py:190} INFO - [2025-04-15T20:03:15.841+0000] {dagbag.py:588} INFO - Filling up the DagBag from /home/airflow/.local/lib/python3.12/site-packages/airflow/example_dags/example_trigger_target_dag.py
[2025-04-15T20:03:15.855+0000] {processor.py:925} INFO - DAG(s) 'example_trigger_target_dag' retrieved from /home/airflow/.local/lib/python3.12/site-packages/airflow/example_dags/example_trigger_target_dag.py
[2025-04-15T20:03:15.884+0000] {logging_mixin.py:190} INFO - [2025-04-15T20:03:15.884+0000] {dag.py:3239} INFO - Sync 1 DAGs
[2025-04-15T20:03:15.906+0000] {logging_mixin.py:190} INFO - [2025-04-15T20:03:15.905+0000] {dag.py:4180} INFO - Setting next_dagrun for example_trigger_target_dag to None, run_after=None
[2025-04-15T20:03:15.934+0000] {processor.py:208} INFO - Processing /home/airflow/.local/lib/python3.12/site-packages/airflow/example_dags/example_trigger_target_dag.py took 0.104 seconds
[2025-04-15T20:03:46.140+0000] {processor.py:186} INFO - Started process (PID=19478) to work on /home/airflow/.local/lib/python3.12/site-packages/airflow/example_dags/example_trigger_target_dag.py
[2025-04-15T20:03:46.141+0000] {processor.py:914} INFO - Processing file /home/airflow/.local/lib/python3.12/site-packages/airflow/example_dags/example_trigger_target_dag.py for tasks to queue
[2025-04-15T20:03:46.143+0000] {logging_mixin.py:190} INFO - [2025-04-15T20:03:46.142+0000] {dagbag.py:588} INFO - Filling up the DagBag from /home/airflow/.local/lib/python3.12/site-packages/airflow/example_dags/example_trigger_target_dag.py
[2025-04-15T20:03:46.153+0000] {processor.py:925} INFO - DAG(s) 'example_trigger_target_dag' retrieved from /home/airflow/.local/lib/python3.12/site-packages/airflow/example_dags/example_trigger_target_dag.py
[2025-04-15T20:03:46.177+0000] {logging_mixin.py:190} INFO - [2025-04-15T20:03:46.177+0000] {dag.py:3239} INFO - Sync 1 DAGs
[2025-04-15T20:03:46.194+0000] {logging_mixin.py:190} INFO - [2025-04-15T20:03:46.194+0000] {dag.py:4180} INFO - Setting next_dagrun for example_trigger_target_dag to None, run_after=None
[2025-04-15T20:03:46.220+0000] {processor.py:208} INFO - Processing /home/airflow/.local/lib/python3.12/site-packages/airflow/example_dags/example_trigger_target_dag.py took 0.086 seconds
[2025-04-15T20:04:16.680+0000] {processor.py:186} INFO - Started process (PID=19546) to work on /home/airflow/.local/lib/python3.12/site-packages/airflow/example_dags/example_trigger_target_dag.py
[2025-04-15T20:04:16.684+0000] {processor.py:914} INFO - Processing file /home/airflow/.local/lib/python3.12/site-packages/airflow/example_dags/example_trigger_target_dag.py for tasks to queue
[2025-04-15T20:04:16.687+0000] {logging_mixin.py:190} INFO - [2025-04-15T20:04:16.686+0000] {dagbag.py:588} INFO - Filling up the DagBag from /home/airflow/.local/lib/python3.12/site-packages/airflow/example_dags/example_trigger_target_dag.py
[2025-04-15T20:04:16.695+0000] {processor.py:925} INFO - DAG(s) 'example_trigger_target_dag' retrieved from /home/airflow/.local/lib/python3.12/site-packages/airflow/example_dags/example_trigger_target_dag.py
[2025-04-15T20:04:16.720+0000] {logging_mixin.py:190} INFO - [2025-04-15T20:04:16.719+0000] {dag.py:3239} INFO - Sync 1 DAGs
[2025-04-15T20:04:16.737+0000] {logging_mixin.py:190} INFO - [2025-04-15T20:04:16.737+0000] {dag.py:4180} INFO - Setting next_dagrun for example_trigger_target_dag to None, run_after=None
[2025-04-15T20:04:16.761+0000] {processor.py:208} INFO - Processing /home/airflow/.local/lib/python3.12/site-packages/airflow/example_dags/example_trigger_target_dag.py took 0.091 seconds
