[2025-04-15T19:34:52.250+0000] {processor.py:186} INFO - Started process (PID=15737) to work on /home/airflow/.local/lib/python3.12/site-packages/airflow/example_dags/tutorial_dag.py
[2025-04-15T19:34:52.252+0000] {processor.py:914} INFO - Processing file /home/airflow/.local/lib/python3.12/site-packages/airflow/example_dags/tutorial_dag.py for tasks to queue
[2025-04-15T19:34:52.264+0000] {logging_mixin.py:190} INFO - [2025-04-15T19:34:52.263+0000] {dagbag.py:588} INFO - Filling up the DagBag from /home/airflow/.local/lib/python3.12/site-packages/airflow/example_dags/tutorial_dag.py
[2025-04-15T19:34:52.290+0000] {processor.py:925} INFO - DAG(s) 'tutorial_dag' retrieved from /home/airflow/.local/lib/python3.12/site-packages/airflow/example_dags/tutorial_dag.py
[2025-04-15T19:34:52.369+0000] {logging_mixin.py:190} INFO - [2025-04-15T19:34:52.368+0000] {dag.py:3239} INFO - Sync 1 DAGs
[2025-04-15T19:34:52.553+0000] {logging_mixin.py:190} INFO - [2025-04-15T19:34:52.552+0000] {dag.py:4180} INFO - Setting next_dagrun for tutorial_dag to None, run_after=None
[2025-04-15T19:34:52.772+0000] {processor.py:208} INFO - Processing /home/airflow/.local/lib/python3.12/site-packages/airflow/example_dags/tutorial_dag.py took 0.537 seconds
[2025-04-15T19:35:45.445+0000] {processor.py:186} INFO - Started process (PID=15804) to work on /home/airflow/.local/lib/python3.12/site-packages/airflow/example_dags/tutorial_dag.py
[2025-04-15T19:35:45.447+0000] {processor.py:914} INFO - Processing file /home/airflow/.local/lib/python3.12/site-packages/airflow/example_dags/tutorial_dag.py for tasks to queue
[2025-04-15T19:35:45.451+0000] {logging_mixin.py:190} INFO - [2025-04-15T19:35:45.450+0000] {dagbag.py:588} INFO - Filling up the DagBag from /home/airflow/.local/lib/python3.12/site-packages/airflow/example_dags/tutorial_dag.py
[2025-04-15T19:35:45.473+0000] {processor.py:925} INFO - DAG(s) 'tutorial_dag' retrieved from /home/airflow/.local/lib/python3.12/site-packages/airflow/example_dags/tutorial_dag.py
[2025-04-15T19:35:45.518+0000] {logging_mixin.py:190} INFO - [2025-04-15T19:35:45.518+0000] {dag.py:3239} INFO - Sync 1 DAGs
[2025-04-15T19:35:45.548+0000] {logging_mixin.py:190} INFO - [2025-04-15T19:35:45.548+0000] {dag.py:4180} INFO - Setting next_dagrun for tutorial_dag to None, run_after=None
[2025-04-15T19:35:45.581+0000] {processor.py:208} INFO - Processing /home/airflow/.local/lib/python3.12/site-packages/airflow/example_dags/tutorial_dag.py took 0.171 seconds
[2025-04-15T19:36:16.232+0000] {processor.py:186} INFO - Started process (PID=15871) to work on /home/airflow/.local/lib/python3.12/site-packages/airflow/example_dags/tutorial_dag.py
[2025-04-15T19:36:16.234+0000] {processor.py:914} INFO - Processing file /home/airflow/.local/lib/python3.12/site-packages/airflow/example_dags/tutorial_dag.py for tasks to queue
[2025-04-15T19:36:16.235+0000] {logging_mixin.py:190} INFO - [2025-04-15T19:36:16.235+0000] {dagbag.py:588} INFO - Filling up the DagBag from /home/airflow/.local/lib/python3.12/site-packages/airflow/example_dags/tutorial_dag.py
[2025-04-15T19:36:16.246+0000] {processor.py:925} INFO - DAG(s) 'tutorial_dag' retrieved from /home/airflow/.local/lib/python3.12/site-packages/airflow/example_dags/tutorial_dag.py
[2025-04-15T19:36:16.272+0000] {logging_mixin.py:190} INFO - [2025-04-15T19:36:16.271+0000] {dag.py:3239} INFO - Sync 1 DAGs
[2025-04-15T19:36:16.291+0000] {logging_mixin.py:190} INFO - [2025-04-15T19:36:16.291+0000] {dag.py:4180} INFO - Setting next_dagrun for tutorial_dag to None, run_after=None
[2025-04-15T19:36:16.317+0000] {processor.py:208} INFO - Processing /home/airflow/.local/lib/python3.12/site-packages/airflow/example_dags/tutorial_dag.py took 0.092 seconds
[2025-04-15T19:36:46.399+0000] {processor.py:186} INFO - Started process (PID=15937) to work on /home/airflow/.local/lib/python3.12/site-packages/airflow/example_dags/tutorial_dag.py
[2025-04-15T19:36:46.400+0000] {processor.py:914} INFO - Processing file /home/airflow/.local/lib/python3.12/site-packages/airflow/example_dags/tutorial_dag.py for tasks to queue
[2025-04-15T19:36:46.402+0000] {logging_mixin.py:190} INFO - [2025-04-15T19:36:46.402+0000] {dagbag.py:588} INFO - Filling up the DagBag from /home/airflow/.local/lib/python3.12/site-packages/airflow/example_dags/tutorial_dag.py
[2025-04-15T19:36:46.412+0000] {processor.py:925} INFO - DAG(s) 'tutorial_dag' retrieved from /home/airflow/.local/lib/python3.12/site-packages/airflow/example_dags/tutorial_dag.py
[2025-04-15T19:36:46.440+0000] {logging_mixin.py:190} INFO - [2025-04-15T19:36:46.440+0000] {dag.py:3239} INFO - Sync 1 DAGs
[2025-04-15T19:36:46.467+0000] {logging_mixin.py:190} INFO - [2025-04-15T19:36:46.466+0000] {dag.py:4180} INFO - Setting next_dagrun for tutorial_dag to None, run_after=None
[2025-04-15T19:36:46.503+0000] {processor.py:208} INFO - Processing /home/airflow/.local/lib/python3.12/site-packages/airflow/example_dags/tutorial_dag.py took 0.112 seconds
[2025-04-15T19:37:17.205+0000] {processor.py:186} INFO - Started process (PID=16004) to work on /home/airflow/.local/lib/python3.12/site-packages/airflow/example_dags/tutorial_dag.py
[2025-04-15T19:37:17.206+0000] {processor.py:914} INFO - Processing file /home/airflow/.local/lib/python3.12/site-packages/airflow/example_dags/tutorial_dag.py for tasks to queue
[2025-04-15T19:37:17.208+0000] {logging_mixin.py:190} INFO - [2025-04-15T19:37:17.208+0000] {dagbag.py:588} INFO - Filling up the DagBag from /home/airflow/.local/lib/python3.12/site-packages/airflow/example_dags/tutorial_dag.py
[2025-04-15T19:37:17.217+0000] {processor.py:925} INFO - DAG(s) 'tutorial_dag' retrieved from /home/airflow/.local/lib/python3.12/site-packages/airflow/example_dags/tutorial_dag.py
[2025-04-15T19:37:17.244+0000] {logging_mixin.py:190} INFO - [2025-04-15T19:37:17.244+0000] {dag.py:3239} INFO - Sync 1 DAGs
[2025-04-15T19:37:17.267+0000] {logging_mixin.py:190} INFO - [2025-04-15T19:37:17.266+0000] {dag.py:4180} INFO - Setting next_dagrun for tutorial_dag to None, run_after=None
[2025-04-15T19:37:17.303+0000] {processor.py:208} INFO - Processing /home/airflow/.local/lib/python3.12/site-packages/airflow/example_dags/tutorial_dag.py took 0.105 seconds
[2025-04-15T19:37:47.594+0000] {processor.py:186} INFO - Started process (PID=16071) to work on /home/airflow/.local/lib/python3.12/site-packages/airflow/example_dags/tutorial_dag.py
[2025-04-15T19:37:47.596+0000] {processor.py:914} INFO - Processing file /home/airflow/.local/lib/python3.12/site-packages/airflow/example_dags/tutorial_dag.py for tasks to queue
[2025-04-15T19:37:47.600+0000] {logging_mixin.py:190} INFO - [2025-04-15T19:37:47.598+0000] {dagbag.py:588} INFO - Filling up the DagBag from /home/airflow/.local/lib/python3.12/site-packages/airflow/example_dags/tutorial_dag.py
[2025-04-15T19:37:47.613+0000] {processor.py:925} INFO - DAG(s) 'tutorial_dag' retrieved from /home/airflow/.local/lib/python3.12/site-packages/airflow/example_dags/tutorial_dag.py
[2025-04-15T19:37:47.655+0000] {logging_mixin.py:190} INFO - [2025-04-15T19:37:47.654+0000] {dag.py:3239} INFO - Sync 1 DAGs
[2025-04-15T19:37:47.695+0000] {logging_mixin.py:190} INFO - [2025-04-15T19:37:47.695+0000] {dag.py:4180} INFO - Setting next_dagrun for tutorial_dag to None, run_after=None
[2025-04-15T19:37:47.739+0000] {processor.py:208} INFO - Processing /home/airflow/.local/lib/python3.12/site-packages/airflow/example_dags/tutorial_dag.py took 0.156 seconds
[2025-04-15T19:38:17.970+0000] {processor.py:186} INFO - Started process (PID=16138) to work on /home/airflow/.local/lib/python3.12/site-packages/airflow/example_dags/tutorial_dag.py
[2025-04-15T19:38:17.972+0000] {processor.py:914} INFO - Processing file /home/airflow/.local/lib/python3.12/site-packages/airflow/example_dags/tutorial_dag.py for tasks to queue
[2025-04-15T19:38:17.974+0000] {logging_mixin.py:190} INFO - [2025-04-15T19:38:17.974+0000] {dagbag.py:588} INFO - Filling up the DagBag from /home/airflow/.local/lib/python3.12/site-packages/airflow/example_dags/tutorial_dag.py
[2025-04-15T19:38:17.985+0000] {processor.py:925} INFO - DAG(s) 'tutorial_dag' retrieved from /home/airflow/.local/lib/python3.12/site-packages/airflow/example_dags/tutorial_dag.py
[2025-04-15T19:38:18.016+0000] {logging_mixin.py:190} INFO - [2025-04-15T19:38:18.016+0000] {dag.py:3239} INFO - Sync 1 DAGs
[2025-04-15T19:38:18.040+0000] {logging_mixin.py:190} INFO - [2025-04-15T19:38:18.039+0000] {dag.py:4180} INFO - Setting next_dagrun for tutorial_dag to None, run_after=None
[2025-04-15T19:38:18.071+0000] {processor.py:208} INFO - Processing /home/airflow/.local/lib/python3.12/site-packages/airflow/example_dags/tutorial_dag.py took 0.110 seconds
[2025-04-15T19:38:49.109+0000] {processor.py:186} INFO - Started process (PID=16205) to work on /home/airflow/.local/lib/python3.12/site-packages/airflow/example_dags/tutorial_dag.py
[2025-04-15T19:38:49.110+0000] {processor.py:914} INFO - Processing file /home/airflow/.local/lib/python3.12/site-packages/airflow/example_dags/tutorial_dag.py for tasks to queue
[2025-04-15T19:38:49.112+0000] {logging_mixin.py:190} INFO - [2025-04-15T19:38:49.112+0000] {dagbag.py:588} INFO - Filling up the DagBag from /home/airflow/.local/lib/python3.12/site-packages/airflow/example_dags/tutorial_dag.py
[2025-04-15T19:38:49.123+0000] {processor.py:925} INFO - DAG(s) 'tutorial_dag' retrieved from /home/airflow/.local/lib/python3.12/site-packages/airflow/example_dags/tutorial_dag.py
[2025-04-15T19:38:49.152+0000] {logging_mixin.py:190} INFO - [2025-04-15T19:38:49.152+0000] {dag.py:3239} INFO - Sync 1 DAGs
[2025-04-15T19:38:49.189+0000] {logging_mixin.py:190} INFO - [2025-04-15T19:38:49.188+0000] {dag.py:4180} INFO - Setting next_dagrun for tutorial_dag to None, run_after=None
[2025-04-15T19:38:49.222+0000] {processor.py:208} INFO - Processing /home/airflow/.local/lib/python3.12/site-packages/airflow/example_dags/tutorial_dag.py took 0.121 seconds
[2025-04-15T19:39:20.153+0000] {processor.py:186} INFO - Started process (PID=16272) to work on /home/airflow/.local/lib/python3.12/site-packages/airflow/example_dags/tutorial_dag.py
[2025-04-15T19:39:20.154+0000] {processor.py:914} INFO - Processing file /home/airflow/.local/lib/python3.12/site-packages/airflow/example_dags/tutorial_dag.py for tasks to queue
[2025-04-15T19:39:20.157+0000] {logging_mixin.py:190} INFO - [2025-04-15T19:39:20.156+0000] {dagbag.py:588} INFO - Filling up the DagBag from /home/airflow/.local/lib/python3.12/site-packages/airflow/example_dags/tutorial_dag.py
[2025-04-15T19:39:20.165+0000] {processor.py:925} INFO - DAG(s) 'tutorial_dag' retrieved from /home/airflow/.local/lib/python3.12/site-packages/airflow/example_dags/tutorial_dag.py
[2025-04-15T19:39:20.186+0000] {logging_mixin.py:190} INFO - [2025-04-15T19:39:20.186+0000] {dag.py:3239} INFO - Sync 1 DAGs
[2025-04-15T19:39:20.202+0000] {logging_mixin.py:190} INFO - [2025-04-15T19:39:20.202+0000] {dag.py:4180} INFO - Setting next_dagrun for tutorial_dag to None, run_after=None
[2025-04-15T19:39:20.226+0000] {processor.py:208} INFO - Processing /home/airflow/.local/lib/python3.12/site-packages/airflow/example_dags/tutorial_dag.py took 0.079 seconds
[2025-04-15T19:39:51.731+0000] {processor.py:186} INFO - Started process (PID=16340) to work on /home/airflow/.local/lib/python3.12/site-packages/airflow/example_dags/tutorial_dag.py
[2025-04-15T19:39:51.733+0000] {processor.py:914} INFO - Processing file /home/airflow/.local/lib/python3.12/site-packages/airflow/example_dags/tutorial_dag.py for tasks to queue
[2025-04-15T19:39:51.735+0000] {logging_mixin.py:190} INFO - [2025-04-15T19:39:51.735+0000] {dagbag.py:588} INFO - Filling up the DagBag from /home/airflow/.local/lib/python3.12/site-packages/airflow/example_dags/tutorial_dag.py
[2025-04-15T19:39:51.749+0000] {processor.py:925} INFO - DAG(s) 'tutorial_dag' retrieved from /home/airflow/.local/lib/python3.12/site-packages/airflow/example_dags/tutorial_dag.py
[2025-04-15T19:39:51.779+0000] {logging_mixin.py:190} INFO - [2025-04-15T19:39:51.779+0000] {dag.py:3239} INFO - Sync 1 DAGs
[2025-04-15T19:39:51.803+0000] {logging_mixin.py:190} INFO - [2025-04-15T19:39:51.803+0000] {dag.py:4180} INFO - Setting next_dagrun for tutorial_dag to None, run_after=None
[2025-04-15T19:39:51.840+0000] {processor.py:208} INFO - Processing /home/airflow/.local/lib/python3.12/site-packages/airflow/example_dags/tutorial_dag.py took 0.116 seconds
[2025-04-15T19:40:22.453+0000] {processor.py:186} INFO - Started process (PID=16407) to work on /home/airflow/.local/lib/python3.12/site-packages/airflow/example_dags/tutorial_dag.py
[2025-04-15T19:40:22.454+0000] {processor.py:914} INFO - Processing file /home/airflow/.local/lib/python3.12/site-packages/airflow/example_dags/tutorial_dag.py for tasks to queue
[2025-04-15T19:40:22.455+0000] {logging_mixin.py:190} INFO - [2025-04-15T19:40:22.455+0000] {dagbag.py:588} INFO - Filling up the DagBag from /home/airflow/.local/lib/python3.12/site-packages/airflow/example_dags/tutorial_dag.py
[2025-04-15T19:40:22.463+0000] {processor.py:925} INFO - DAG(s) 'tutorial_dag' retrieved from /home/airflow/.local/lib/python3.12/site-packages/airflow/example_dags/tutorial_dag.py
[2025-04-15T19:40:22.485+0000] {logging_mixin.py:190} INFO - [2025-04-15T19:40:22.485+0000] {dag.py:3239} INFO - Sync 1 DAGs
[2025-04-15T19:40:22.503+0000] {logging_mixin.py:190} INFO - [2025-04-15T19:40:22.503+0000] {dag.py:4180} INFO - Setting next_dagrun for tutorial_dag to None, run_after=None
[2025-04-15T19:40:22.525+0000] {processor.py:208} INFO - Processing /home/airflow/.local/lib/python3.12/site-packages/airflow/example_dags/tutorial_dag.py took 0.078 seconds
[2025-04-15T19:40:53.149+0000] {processor.py:186} INFO - Started process (PID=16474) to work on /home/airflow/.local/lib/python3.12/site-packages/airflow/example_dags/tutorial_dag.py
[2025-04-15T19:40:53.150+0000] {processor.py:914} INFO - Processing file /home/airflow/.local/lib/python3.12/site-packages/airflow/example_dags/tutorial_dag.py for tasks to queue
[2025-04-15T19:40:53.152+0000] {logging_mixin.py:190} INFO - [2025-04-15T19:40:53.151+0000] {dagbag.py:588} INFO - Filling up the DagBag from /home/airflow/.local/lib/python3.12/site-packages/airflow/example_dags/tutorial_dag.py
[2025-04-15T19:40:53.160+0000] {processor.py:925} INFO - DAG(s) 'tutorial_dag' retrieved from /home/airflow/.local/lib/python3.12/site-packages/airflow/example_dags/tutorial_dag.py
[2025-04-15T19:40:53.187+0000] {logging_mixin.py:190} INFO - [2025-04-15T19:40:53.186+0000] {dag.py:3239} INFO - Sync 1 DAGs
[2025-04-15T19:40:53.205+0000] {logging_mixin.py:190} INFO - [2025-04-15T19:40:53.205+0000] {dag.py:4180} INFO - Setting next_dagrun for tutorial_dag to None, run_after=None
[2025-04-15T19:40:53.228+0000] {processor.py:208} INFO - Processing /home/airflow/.local/lib/python3.12/site-packages/airflow/example_dags/tutorial_dag.py took 0.086 seconds
[2025-04-15T19:41:23.594+0000] {processor.py:186} INFO - Started process (PID=16546) to work on /home/airflow/.local/lib/python3.12/site-packages/airflow/example_dags/tutorial_dag.py
[2025-04-15T19:41:23.596+0000] {processor.py:914} INFO - Processing file /home/airflow/.local/lib/python3.12/site-packages/airflow/example_dags/tutorial_dag.py for tasks to queue
[2025-04-15T19:41:23.598+0000] {logging_mixin.py:190} INFO - [2025-04-15T19:41:23.597+0000] {dagbag.py:588} INFO - Filling up the DagBag from /home/airflow/.local/lib/python3.12/site-packages/airflow/example_dags/tutorial_dag.py
[2025-04-15T19:41:23.608+0000] {processor.py:925} INFO - DAG(s) 'tutorial_dag' retrieved from /home/airflow/.local/lib/python3.12/site-packages/airflow/example_dags/tutorial_dag.py
[2025-04-15T19:41:23.642+0000] {logging_mixin.py:190} INFO - [2025-04-15T19:41:23.642+0000] {dag.py:3239} INFO - Sync 1 DAGs
[2025-04-15T19:41:23.667+0000] {logging_mixin.py:190} INFO - [2025-04-15T19:41:23.667+0000] {dag.py:4180} INFO - Setting next_dagrun for tutorial_dag to None, run_after=None
[2025-04-15T19:41:23.701+0000] {processor.py:208} INFO - Processing /home/airflow/.local/lib/python3.12/site-packages/airflow/example_dags/tutorial_dag.py took 0.115 seconds
[2025-04-15T19:41:54.537+0000] {processor.py:186} INFO - Started process (PID=16612) to work on /home/airflow/.local/lib/python3.12/site-packages/airflow/example_dags/tutorial_dag.py
[2025-04-15T19:41:54.538+0000] {processor.py:914} INFO - Processing file /home/airflow/.local/lib/python3.12/site-packages/airflow/example_dags/tutorial_dag.py for tasks to queue
[2025-04-15T19:41:54.540+0000] {logging_mixin.py:190} INFO - [2025-04-15T19:41:54.539+0000] {dagbag.py:588} INFO - Filling up the DagBag from /home/airflow/.local/lib/python3.12/site-packages/airflow/example_dags/tutorial_dag.py
[2025-04-15T19:41:54.547+0000] {processor.py:925} INFO - DAG(s) 'tutorial_dag' retrieved from /home/airflow/.local/lib/python3.12/site-packages/airflow/example_dags/tutorial_dag.py
[2025-04-15T19:41:54.567+0000] {logging_mixin.py:190} INFO - [2025-04-15T19:41:54.567+0000] {dag.py:3239} INFO - Sync 1 DAGs
[2025-04-15T19:41:54.583+0000] {logging_mixin.py:190} INFO - [2025-04-15T19:41:54.583+0000] {dag.py:4180} INFO - Setting next_dagrun for tutorial_dag to None, run_after=None
[2025-04-15T19:41:54.606+0000] {processor.py:208} INFO - Processing /home/airflow/.local/lib/python3.12/site-packages/airflow/example_dags/tutorial_dag.py took 0.075 seconds
[2025-04-15T19:42:25.605+0000] {processor.py:186} INFO - Started process (PID=16681) to work on /home/airflow/.local/lib/python3.12/site-packages/airflow/example_dags/tutorial_dag.py
[2025-04-15T19:42:25.606+0000] {processor.py:914} INFO - Processing file /home/airflow/.local/lib/python3.12/site-packages/airflow/example_dags/tutorial_dag.py for tasks to queue
[2025-04-15T19:42:25.608+0000] {logging_mixin.py:190} INFO - [2025-04-15T19:42:25.607+0000] {dagbag.py:588} INFO - Filling up the DagBag from /home/airflow/.local/lib/python3.12/site-packages/airflow/example_dags/tutorial_dag.py
[2025-04-15T19:42:25.615+0000] {processor.py:925} INFO - DAG(s) 'tutorial_dag' retrieved from /home/airflow/.local/lib/python3.12/site-packages/airflow/example_dags/tutorial_dag.py
[2025-04-15T19:42:25.643+0000] {logging_mixin.py:190} INFO - [2025-04-15T19:42:25.642+0000] {dag.py:3239} INFO - Sync 1 DAGs
[2025-04-15T19:42:25.663+0000] {logging_mixin.py:190} INFO - [2025-04-15T19:42:25.663+0000] {dag.py:4180} INFO - Setting next_dagrun for tutorial_dag to None, run_after=None
[2025-04-15T19:42:25.691+0000] {processor.py:208} INFO - Processing /home/airflow/.local/lib/python3.12/site-packages/airflow/example_dags/tutorial_dag.py took 0.093 seconds
[2025-04-15T19:42:56.567+0000] {processor.py:186} INFO - Started process (PID=16748) to work on /home/airflow/.local/lib/python3.12/site-packages/airflow/example_dags/tutorial_dag.py
[2025-04-15T19:42:56.569+0000] {processor.py:914} INFO - Processing file /home/airflow/.local/lib/python3.12/site-packages/airflow/example_dags/tutorial_dag.py for tasks to queue
[2025-04-15T19:42:56.570+0000] {logging_mixin.py:190} INFO - [2025-04-15T19:42:56.570+0000] {dagbag.py:588} INFO - Filling up the DagBag from /home/airflow/.local/lib/python3.12/site-packages/airflow/example_dags/tutorial_dag.py
[2025-04-15T19:42:56.580+0000] {processor.py:925} INFO - DAG(s) 'tutorial_dag' retrieved from /home/airflow/.local/lib/python3.12/site-packages/airflow/example_dags/tutorial_dag.py
[2025-04-15T19:42:56.603+0000] {logging_mixin.py:190} INFO - [2025-04-15T19:42:56.602+0000] {dag.py:3239} INFO - Sync 1 DAGs
[2025-04-15T19:42:56.622+0000] {logging_mixin.py:190} INFO - [2025-04-15T19:42:56.621+0000] {dag.py:4180} INFO - Setting next_dagrun for tutorial_dag to None, run_after=None
[2025-04-15T19:42:56.648+0000] {processor.py:208} INFO - Processing /home/airflow/.local/lib/python3.12/site-packages/airflow/example_dags/tutorial_dag.py took 0.087 seconds
[2025-04-15T19:43:27.385+0000] {processor.py:186} INFO - Started process (PID=16815) to work on /home/airflow/.local/lib/python3.12/site-packages/airflow/example_dags/tutorial_dag.py
[2025-04-15T19:43:27.386+0000] {processor.py:914} INFO - Processing file /home/airflow/.local/lib/python3.12/site-packages/airflow/example_dags/tutorial_dag.py for tasks to queue
[2025-04-15T19:43:27.388+0000] {logging_mixin.py:190} INFO - [2025-04-15T19:43:27.388+0000] {dagbag.py:588} INFO - Filling up the DagBag from /home/airflow/.local/lib/python3.12/site-packages/airflow/example_dags/tutorial_dag.py
[2025-04-15T19:43:27.398+0000] {processor.py:925} INFO - DAG(s) 'tutorial_dag' retrieved from /home/airflow/.local/lib/python3.12/site-packages/airflow/example_dags/tutorial_dag.py
[2025-04-15T19:43:27.425+0000] {logging_mixin.py:190} INFO - [2025-04-15T19:43:27.424+0000] {dag.py:3239} INFO - Sync 1 DAGs
[2025-04-15T19:43:27.446+0000] {logging_mixin.py:190} INFO - [2025-04-15T19:43:27.446+0000] {dag.py:4180} INFO - Setting next_dagrun for tutorial_dag to None, run_after=None
[2025-04-15T19:43:27.477+0000] {processor.py:208} INFO - Processing /home/airflow/.local/lib/python3.12/site-packages/airflow/example_dags/tutorial_dag.py took 0.101 seconds
[2025-04-15T19:43:58.508+0000] {processor.py:186} INFO - Started process (PID=16882) to work on /home/airflow/.local/lib/python3.12/site-packages/airflow/example_dags/tutorial_dag.py
[2025-04-15T19:43:58.509+0000] {processor.py:914} INFO - Processing file /home/airflow/.local/lib/python3.12/site-packages/airflow/example_dags/tutorial_dag.py for tasks to queue
[2025-04-15T19:43:58.510+0000] {logging_mixin.py:190} INFO - [2025-04-15T19:43:58.510+0000] {dagbag.py:588} INFO - Filling up the DagBag from /home/airflow/.local/lib/python3.12/site-packages/airflow/example_dags/tutorial_dag.py
[2025-04-15T19:43:58.517+0000] {processor.py:925} INFO - DAG(s) 'tutorial_dag' retrieved from /home/airflow/.local/lib/python3.12/site-packages/airflow/example_dags/tutorial_dag.py
[2025-04-15T19:43:58.537+0000] {logging_mixin.py:190} INFO - [2025-04-15T19:43:58.537+0000] {dag.py:3239} INFO - Sync 1 DAGs
[2025-04-15T19:43:58.553+0000] {logging_mixin.py:190} INFO - [2025-04-15T19:43:58.552+0000] {dag.py:4180} INFO - Setting next_dagrun for tutorial_dag to None, run_after=None
[2025-04-15T19:43:58.574+0000] {processor.py:208} INFO - Processing /home/airflow/.local/lib/python3.12/site-packages/airflow/example_dags/tutorial_dag.py took 0.072 seconds
[2025-04-15T19:44:29.639+0000] {processor.py:186} INFO - Started process (PID=16949) to work on /home/airflow/.local/lib/python3.12/site-packages/airflow/example_dags/tutorial_dag.py
[2025-04-15T19:44:29.641+0000] {processor.py:914} INFO - Processing file /home/airflow/.local/lib/python3.12/site-packages/airflow/example_dags/tutorial_dag.py for tasks to queue
[2025-04-15T19:44:29.643+0000] {logging_mixin.py:190} INFO - [2025-04-15T19:44:29.643+0000] {dagbag.py:588} INFO - Filling up the DagBag from /home/airflow/.local/lib/python3.12/site-packages/airflow/example_dags/tutorial_dag.py
[2025-04-15T19:44:29.655+0000] {processor.py:925} INFO - DAG(s) 'tutorial_dag' retrieved from /home/airflow/.local/lib/python3.12/site-packages/airflow/example_dags/tutorial_dag.py
[2025-04-15T19:44:29.688+0000] {logging_mixin.py:190} INFO - [2025-04-15T19:44:29.687+0000] {dag.py:3239} INFO - Sync 1 DAGs
[2025-04-15T19:44:29.713+0000] {logging_mixin.py:190} INFO - [2025-04-15T19:44:29.713+0000] {dag.py:4180} INFO - Setting next_dagrun for tutorial_dag to None, run_after=None
[2025-04-15T19:44:29.747+0000] {processor.py:208} INFO - Processing /home/airflow/.local/lib/python3.12/site-packages/airflow/example_dags/tutorial_dag.py took 0.117 seconds
[2025-04-15T19:45:00.371+0000] {processor.py:186} INFO - Started process (PID=17014) to work on /home/airflow/.local/lib/python3.12/site-packages/airflow/example_dags/tutorial_dag.py
[2025-04-15T19:45:00.373+0000] {processor.py:914} INFO - Processing file /home/airflow/.local/lib/python3.12/site-packages/airflow/example_dags/tutorial_dag.py for tasks to queue
[2025-04-15T19:45:00.375+0000] {logging_mixin.py:190} INFO - [2025-04-15T19:45:00.374+0000] {dagbag.py:588} INFO - Filling up the DagBag from /home/airflow/.local/lib/python3.12/site-packages/airflow/example_dags/tutorial_dag.py
[2025-04-15T19:45:00.388+0000] {processor.py:925} INFO - DAG(s) 'tutorial_dag' retrieved from /home/airflow/.local/lib/python3.12/site-packages/airflow/example_dags/tutorial_dag.py
[2025-04-15T19:45:00.425+0000] {logging_mixin.py:190} INFO - [2025-04-15T19:45:00.424+0000] {dag.py:3239} INFO - Sync 1 DAGs
[2025-04-15T19:45:00.457+0000] {logging_mixin.py:190} INFO - [2025-04-15T19:45:00.457+0000] {dag.py:4180} INFO - Setting next_dagrun for tutorial_dag to None, run_after=None
[2025-04-15T19:45:00.487+0000] {processor.py:208} INFO - Processing /home/airflow/.local/lib/python3.12/site-packages/airflow/example_dags/tutorial_dag.py took 0.127 seconds
[2025-04-15T19:45:31.228+0000] {processor.py:186} INFO - Started process (PID=17081) to work on /home/airflow/.local/lib/python3.12/site-packages/airflow/example_dags/tutorial_dag.py
[2025-04-15T19:45:31.230+0000] {processor.py:914} INFO - Processing file /home/airflow/.local/lib/python3.12/site-packages/airflow/example_dags/tutorial_dag.py for tasks to queue
[2025-04-15T19:45:31.232+0000] {logging_mixin.py:190} INFO - [2025-04-15T19:45:31.232+0000] {dagbag.py:588} INFO - Filling up the DagBag from /home/airflow/.local/lib/python3.12/site-packages/airflow/example_dags/tutorial_dag.py
[2025-04-15T19:45:31.244+0000] {processor.py:925} INFO - DAG(s) 'tutorial_dag' retrieved from /home/airflow/.local/lib/python3.12/site-packages/airflow/example_dags/tutorial_dag.py
[2025-04-15T19:45:31.275+0000] {logging_mixin.py:190} INFO - [2025-04-15T19:45:31.275+0000] {dag.py:3239} INFO - Sync 1 DAGs
[2025-04-15T19:45:31.298+0000] {logging_mixin.py:190} INFO - [2025-04-15T19:45:31.298+0000] {dag.py:4180} INFO - Setting next_dagrun for tutorial_dag to None, run_after=None
[2025-04-15T19:45:31.333+0000] {processor.py:208} INFO - Processing /home/airflow/.local/lib/python3.12/site-packages/airflow/example_dags/tutorial_dag.py took 0.113 seconds
[2025-04-15T19:46:01.774+0000] {processor.py:186} INFO - Started process (PID=17148) to work on /home/airflow/.local/lib/python3.12/site-packages/airflow/example_dags/tutorial_dag.py
[2025-04-15T19:46:01.776+0000] {processor.py:914} INFO - Processing file /home/airflow/.local/lib/python3.12/site-packages/airflow/example_dags/tutorial_dag.py for tasks to queue
[2025-04-15T19:46:01.778+0000] {logging_mixin.py:190} INFO - [2025-04-15T19:46:01.778+0000] {dagbag.py:588} INFO - Filling up the DagBag from /home/airflow/.local/lib/python3.12/site-packages/airflow/example_dags/tutorial_dag.py
[2025-04-15T19:46:01.791+0000] {processor.py:925} INFO - DAG(s) 'tutorial_dag' retrieved from /home/airflow/.local/lib/python3.12/site-packages/airflow/example_dags/tutorial_dag.py
[2025-04-15T19:46:01.827+0000] {logging_mixin.py:190} INFO - [2025-04-15T19:46:01.826+0000] {dag.py:3239} INFO - Sync 1 DAGs
[2025-04-15T19:46:01.855+0000] {logging_mixin.py:190} INFO - [2025-04-15T19:46:01.855+0000] {dag.py:4180} INFO - Setting next_dagrun for tutorial_dag to None, run_after=None
[2025-04-15T19:46:01.892+0000] {processor.py:208} INFO - Processing /home/airflow/.local/lib/python3.12/site-packages/airflow/example_dags/tutorial_dag.py took 0.128 seconds
[2025-04-15T19:46:32.620+0000] {processor.py:186} INFO - Started process (PID=17214) to work on /home/airflow/.local/lib/python3.12/site-packages/airflow/example_dags/tutorial_dag.py
[2025-04-15T19:46:32.621+0000] {processor.py:914} INFO - Processing file /home/airflow/.local/lib/python3.12/site-packages/airflow/example_dags/tutorial_dag.py for tasks to queue
[2025-04-15T19:46:32.623+0000] {logging_mixin.py:190} INFO - [2025-04-15T19:46:32.622+0000] {dagbag.py:588} INFO - Filling up the DagBag from /home/airflow/.local/lib/python3.12/site-packages/airflow/example_dags/tutorial_dag.py
[2025-04-15T19:46:32.633+0000] {processor.py:925} INFO - DAG(s) 'tutorial_dag' retrieved from /home/airflow/.local/lib/python3.12/site-packages/airflow/example_dags/tutorial_dag.py
[2025-04-15T19:46:32.657+0000] {logging_mixin.py:190} INFO - [2025-04-15T19:46:32.657+0000] {dag.py:3239} INFO - Sync 1 DAGs
[2025-04-15T19:46:32.677+0000] {logging_mixin.py:190} INFO - [2025-04-15T19:46:32.677+0000] {dag.py:4180} INFO - Setting next_dagrun for tutorial_dag to None, run_after=None
[2025-04-15T19:46:32.706+0000] {processor.py:208} INFO - Processing /home/airflow/.local/lib/python3.12/site-packages/airflow/example_dags/tutorial_dag.py took 0.092 seconds
[2025-04-15T19:47:03.021+0000] {processor.py:186} INFO - Started process (PID=17281) to work on /home/airflow/.local/lib/python3.12/site-packages/airflow/example_dags/tutorial_dag.py
[2025-04-15T19:47:03.023+0000] {processor.py:914} INFO - Processing file /home/airflow/.local/lib/python3.12/site-packages/airflow/example_dags/tutorial_dag.py for tasks to queue
[2025-04-15T19:47:03.025+0000] {logging_mixin.py:190} INFO - [2025-04-15T19:47:03.024+0000] {dagbag.py:588} INFO - Filling up the DagBag from /home/airflow/.local/lib/python3.12/site-packages/airflow/example_dags/tutorial_dag.py
[2025-04-15T19:47:03.038+0000] {processor.py:925} INFO - DAG(s) 'tutorial_dag' retrieved from /home/airflow/.local/lib/python3.12/site-packages/airflow/example_dags/tutorial_dag.py
[2025-04-15T19:47:03.076+0000] {logging_mixin.py:190} INFO - [2025-04-15T19:47:03.075+0000] {dag.py:3239} INFO - Sync 1 DAGs
[2025-04-15T19:47:03.103+0000] {logging_mixin.py:190} INFO - [2025-04-15T19:47:03.103+0000] {dag.py:4180} INFO - Setting next_dagrun for tutorial_dag to None, run_after=None
[2025-04-15T19:47:03.134+0000] {processor.py:208} INFO - Processing /home/airflow/.local/lib/python3.12/site-packages/airflow/example_dags/tutorial_dag.py took 0.121 seconds
[2025-04-15T19:47:33.619+0000] {processor.py:186} INFO - Started process (PID=17348) to work on /home/airflow/.local/lib/python3.12/site-packages/airflow/example_dags/tutorial_dag.py
[2025-04-15T19:47:33.620+0000] {processor.py:914} INFO - Processing file /home/airflow/.local/lib/python3.12/site-packages/airflow/example_dags/tutorial_dag.py for tasks to queue
[2025-04-15T19:47:33.622+0000] {logging_mixin.py:190} INFO - [2025-04-15T19:47:33.622+0000] {dagbag.py:588} INFO - Filling up the DagBag from /home/airflow/.local/lib/python3.12/site-packages/airflow/example_dags/tutorial_dag.py
[2025-04-15T19:47:33.634+0000] {processor.py:925} INFO - DAG(s) 'tutorial_dag' retrieved from /home/airflow/.local/lib/python3.12/site-packages/airflow/example_dags/tutorial_dag.py
[2025-04-15T19:47:33.662+0000] {logging_mixin.py:190} INFO - [2025-04-15T19:47:33.662+0000] {dag.py:3239} INFO - Sync 1 DAGs
[2025-04-15T19:47:33.684+0000] {logging_mixin.py:190} INFO - [2025-04-15T19:47:33.684+0000] {dag.py:4180} INFO - Setting next_dagrun for tutorial_dag to None, run_after=None
[2025-04-15T19:47:33.716+0000] {processor.py:208} INFO - Processing /home/airflow/.local/lib/python3.12/site-packages/airflow/example_dags/tutorial_dag.py took 0.105 seconds
[2025-04-15T19:48:04.173+0000] {processor.py:186} INFO - Started process (PID=17415) to work on /home/airflow/.local/lib/python3.12/site-packages/airflow/example_dags/tutorial_dag.py
[2025-04-15T19:48:04.174+0000] {processor.py:914} INFO - Processing file /home/airflow/.local/lib/python3.12/site-packages/airflow/example_dags/tutorial_dag.py for tasks to queue
[2025-04-15T19:48:04.176+0000] {logging_mixin.py:190} INFO - [2025-04-15T19:48:04.176+0000] {dagbag.py:588} INFO - Filling up the DagBag from /home/airflow/.local/lib/python3.12/site-packages/airflow/example_dags/tutorial_dag.py
[2025-04-15T19:48:04.186+0000] {processor.py:925} INFO - DAG(s) 'tutorial_dag' retrieved from /home/airflow/.local/lib/python3.12/site-packages/airflow/example_dags/tutorial_dag.py
[2025-04-15T19:48:04.224+0000] {logging_mixin.py:190} INFO - [2025-04-15T19:48:04.224+0000] {dag.py:3239} INFO - Sync 1 DAGs
[2025-04-15T19:48:04.260+0000] {logging_mixin.py:190} INFO - [2025-04-15T19:48:04.259+0000] {dag.py:4180} INFO - Setting next_dagrun for tutorial_dag to None, run_after=None
[2025-04-15T19:48:04.289+0000] {processor.py:208} INFO - Processing /home/airflow/.local/lib/python3.12/site-packages/airflow/example_dags/tutorial_dag.py took 0.125 seconds
[2025-04-15T19:48:35.053+0000] {processor.py:186} INFO - Started process (PID=17482) to work on /home/airflow/.local/lib/python3.12/site-packages/airflow/example_dags/tutorial_dag.py
[2025-04-15T19:48:35.055+0000] {processor.py:914} INFO - Processing file /home/airflow/.local/lib/python3.12/site-packages/airflow/example_dags/tutorial_dag.py for tasks to queue
[2025-04-15T19:48:35.057+0000] {logging_mixin.py:190} INFO - [2025-04-15T19:48:35.056+0000] {dagbag.py:588} INFO - Filling up the DagBag from /home/airflow/.local/lib/python3.12/site-packages/airflow/example_dags/tutorial_dag.py
[2025-04-15T19:48:35.071+0000] {processor.py:925} INFO - DAG(s) 'tutorial_dag' retrieved from /home/airflow/.local/lib/python3.12/site-packages/airflow/example_dags/tutorial_dag.py
[2025-04-15T19:48:35.104+0000] {logging_mixin.py:190} INFO - [2025-04-15T19:48:35.103+0000] {dag.py:3239} INFO - Sync 1 DAGs
[2025-04-15T19:48:35.130+0000] {logging_mixin.py:190} INFO - [2025-04-15T19:48:35.130+0000] {dag.py:4180} INFO - Setting next_dagrun for tutorial_dag to None, run_after=None
[2025-04-15T19:48:35.161+0000] {processor.py:208} INFO - Processing /home/airflow/.local/lib/python3.12/site-packages/airflow/example_dags/tutorial_dag.py took 0.116 seconds
[2025-04-15T19:49:05.251+0000] {processor.py:186} INFO - Started process (PID=17548) to work on /home/airflow/.local/lib/python3.12/site-packages/airflow/example_dags/tutorial_dag.py
[2025-04-15T19:49:05.252+0000] {processor.py:914} INFO - Processing file /home/airflow/.local/lib/python3.12/site-packages/airflow/example_dags/tutorial_dag.py for tasks to queue
[2025-04-15T19:49:05.254+0000] {logging_mixin.py:190} INFO - [2025-04-15T19:49:05.253+0000] {dagbag.py:588} INFO - Filling up the DagBag from /home/airflow/.local/lib/python3.12/site-packages/airflow/example_dags/tutorial_dag.py
[2025-04-15T19:49:05.266+0000] {processor.py:925} INFO - DAG(s) 'tutorial_dag' retrieved from /home/airflow/.local/lib/python3.12/site-packages/airflow/example_dags/tutorial_dag.py
[2025-04-15T19:49:05.294+0000] {logging_mixin.py:190} INFO - [2025-04-15T19:49:05.294+0000] {dag.py:3239} INFO - Sync 1 DAGs
[2025-04-15T19:49:05.320+0000] {logging_mixin.py:190} INFO - [2025-04-15T19:49:05.319+0000] {dag.py:4180} INFO - Setting next_dagrun for tutorial_dag to None, run_after=None
[2025-04-15T19:49:05.350+0000] {processor.py:208} INFO - Processing /home/airflow/.local/lib/python3.12/site-packages/airflow/example_dags/tutorial_dag.py took 0.108 seconds
[2025-04-15T19:49:36.445+0000] {processor.py:186} INFO - Started process (PID=17616) to work on /home/airflow/.local/lib/python3.12/site-packages/airflow/example_dags/tutorial_dag.py
[2025-04-15T19:49:36.446+0000] {processor.py:914} INFO - Processing file /home/airflow/.local/lib/python3.12/site-packages/airflow/example_dags/tutorial_dag.py for tasks to queue
[2025-04-15T19:49:36.449+0000] {logging_mixin.py:190} INFO - [2025-04-15T19:49:36.448+0000] {dagbag.py:588} INFO - Filling up the DagBag from /home/airflow/.local/lib/python3.12/site-packages/airflow/example_dags/tutorial_dag.py
[2025-04-15T19:49:36.465+0000] {processor.py:925} INFO - DAG(s) 'tutorial_dag' retrieved from /home/airflow/.local/lib/python3.12/site-packages/airflow/example_dags/tutorial_dag.py
[2025-04-15T19:49:36.505+0000] {logging_mixin.py:190} INFO - [2025-04-15T19:49:36.504+0000] {dag.py:3239} INFO - Sync 1 DAGs
[2025-04-15T19:49:36.543+0000] {logging_mixin.py:190} INFO - [2025-04-15T19:49:36.542+0000] {dag.py:4180} INFO - Setting next_dagrun for tutorial_dag to None, run_after=None
[2025-04-15T19:49:36.603+0000] {processor.py:208} INFO - Processing /home/airflow/.local/lib/python3.12/site-packages/airflow/example_dags/tutorial_dag.py took 0.168 seconds
[2025-04-15T19:50:07.158+0000] {processor.py:186} INFO - Started process (PID=17683) to work on /home/airflow/.local/lib/python3.12/site-packages/airflow/example_dags/tutorial_dag.py
[2025-04-15T19:50:07.160+0000] {processor.py:914} INFO - Processing file /home/airflow/.local/lib/python3.12/site-packages/airflow/example_dags/tutorial_dag.py for tasks to queue
[2025-04-15T19:50:07.162+0000] {logging_mixin.py:190} INFO - [2025-04-15T19:50:07.161+0000] {dagbag.py:588} INFO - Filling up the DagBag from /home/airflow/.local/lib/python3.12/site-packages/airflow/example_dags/tutorial_dag.py
[2025-04-15T19:50:07.173+0000] {processor.py:925} INFO - DAG(s) 'tutorial_dag' retrieved from /home/airflow/.local/lib/python3.12/site-packages/airflow/example_dags/tutorial_dag.py
[2025-04-15T19:50:07.201+0000] {logging_mixin.py:190} INFO - [2025-04-15T19:50:07.201+0000] {dag.py:3239} INFO - Sync 1 DAGs
[2025-04-15T19:50:07.223+0000] {logging_mixin.py:190} INFO - [2025-04-15T19:50:07.223+0000] {dag.py:4180} INFO - Setting next_dagrun for tutorial_dag to None, run_after=None
[2025-04-15T19:50:07.252+0000] {processor.py:208} INFO - Processing /home/airflow/.local/lib/python3.12/site-packages/airflow/example_dags/tutorial_dag.py took 0.101 seconds
[2025-04-15T19:50:37.432+0000] {processor.py:186} INFO - Started process (PID=17749) to work on /home/airflow/.local/lib/python3.12/site-packages/airflow/example_dags/tutorial_dag.py
[2025-04-15T19:50:37.434+0000] {processor.py:914} INFO - Processing file /home/airflow/.local/lib/python3.12/site-packages/airflow/example_dags/tutorial_dag.py for tasks to queue
[2025-04-15T19:50:37.436+0000] {logging_mixin.py:190} INFO - [2025-04-15T19:50:37.436+0000] {dagbag.py:588} INFO - Filling up the DagBag from /home/airflow/.local/lib/python3.12/site-packages/airflow/example_dags/tutorial_dag.py
[2025-04-15T19:50:37.450+0000] {processor.py:925} INFO - DAG(s) 'tutorial_dag' retrieved from /home/airflow/.local/lib/python3.12/site-packages/airflow/example_dags/tutorial_dag.py
[2025-04-15T19:50:37.496+0000] {logging_mixin.py:190} INFO - [2025-04-15T19:50:37.496+0000] {dag.py:3239} INFO - Sync 1 DAGs
[2025-04-15T19:50:37.544+0000] {logging_mixin.py:190} INFO - [2025-04-15T19:50:37.544+0000] {dag.py:4180} INFO - Setting next_dagrun for tutorial_dag to None, run_after=None
[2025-04-15T19:50:37.616+0000] {processor.py:208} INFO - Processing /home/airflow/.local/lib/python3.12/site-packages/airflow/example_dags/tutorial_dag.py took 0.193 seconds
[2025-04-15T19:51:07.856+0000] {processor.py:186} INFO - Started process (PID=17816) to work on /home/airflow/.local/lib/python3.12/site-packages/airflow/example_dags/tutorial_dag.py
[2025-04-15T19:51:07.858+0000] {processor.py:914} INFO - Processing file /home/airflow/.local/lib/python3.12/site-packages/airflow/example_dags/tutorial_dag.py for tasks to queue
[2025-04-15T19:51:07.859+0000] {logging_mixin.py:190} INFO - [2025-04-15T19:51:07.859+0000] {dagbag.py:588} INFO - Filling up the DagBag from /home/airflow/.local/lib/python3.12/site-packages/airflow/example_dags/tutorial_dag.py
[2025-04-15T19:51:07.871+0000] {processor.py:925} INFO - DAG(s) 'tutorial_dag' retrieved from /home/airflow/.local/lib/python3.12/site-packages/airflow/example_dags/tutorial_dag.py
[2025-04-15T19:51:07.896+0000] {logging_mixin.py:190} INFO - [2025-04-15T19:51:07.895+0000] {dag.py:3239} INFO - Sync 1 DAGs
[2025-04-15T19:51:07.913+0000] {logging_mixin.py:190} INFO - [2025-04-15T19:51:07.912+0000] {dag.py:4180} INFO - Setting next_dagrun for tutorial_dag to None, run_after=None
[2025-04-15T19:51:07.936+0000] {processor.py:208} INFO - Processing /home/airflow/.local/lib/python3.12/site-packages/airflow/example_dags/tutorial_dag.py took 0.088 seconds
[2025-04-15T19:51:38.700+0000] {processor.py:186} INFO - Started process (PID=17883) to work on /home/airflow/.local/lib/python3.12/site-packages/airflow/example_dags/tutorial_dag.py
[2025-04-15T19:51:38.702+0000] {processor.py:914} INFO - Processing file /home/airflow/.local/lib/python3.12/site-packages/airflow/example_dags/tutorial_dag.py for tasks to queue
[2025-04-15T19:51:38.703+0000] {logging_mixin.py:190} INFO - [2025-04-15T19:51:38.703+0000] {dagbag.py:588} INFO - Filling up the DagBag from /home/airflow/.local/lib/python3.12/site-packages/airflow/example_dags/tutorial_dag.py
[2025-04-15T19:51:38.712+0000] {processor.py:925} INFO - DAG(s) 'tutorial_dag' retrieved from /home/airflow/.local/lib/python3.12/site-packages/airflow/example_dags/tutorial_dag.py
[2025-04-15T19:51:38.734+0000] {logging_mixin.py:190} INFO - [2025-04-15T19:51:38.733+0000] {dag.py:3239} INFO - Sync 1 DAGs
[2025-04-15T19:51:38.751+0000] {logging_mixin.py:190} INFO - [2025-04-15T19:51:38.750+0000] {dag.py:4180} INFO - Setting next_dagrun for tutorial_dag to None, run_after=None
[2025-04-15T19:51:38.778+0000] {processor.py:208} INFO - Processing /home/airflow/.local/lib/python3.12/site-packages/airflow/example_dags/tutorial_dag.py took 0.085 seconds
[2025-04-15T19:52:09.150+0000] {processor.py:186} INFO - Started process (PID=17950) to work on /home/airflow/.local/lib/python3.12/site-packages/airflow/example_dags/tutorial_dag.py
[2025-04-15T19:52:09.152+0000] {processor.py:914} INFO - Processing file /home/airflow/.local/lib/python3.12/site-packages/airflow/example_dags/tutorial_dag.py for tasks to queue
[2025-04-15T19:52:09.154+0000] {logging_mixin.py:190} INFO - [2025-04-15T19:52:09.153+0000] {dagbag.py:588} INFO - Filling up the DagBag from /home/airflow/.local/lib/python3.12/site-packages/airflow/example_dags/tutorial_dag.py
[2025-04-15T19:52:09.165+0000] {processor.py:925} INFO - DAG(s) 'tutorial_dag' retrieved from /home/airflow/.local/lib/python3.12/site-packages/airflow/example_dags/tutorial_dag.py
[2025-04-15T19:52:09.196+0000] {logging_mixin.py:190} INFO - [2025-04-15T19:52:09.196+0000] {dag.py:3239} INFO - Sync 1 DAGs
[2025-04-15T19:52:09.220+0000] {logging_mixin.py:190} INFO - [2025-04-15T19:52:09.220+0000] {dag.py:4180} INFO - Setting next_dagrun for tutorial_dag to None, run_after=None
[2025-04-15T19:52:09.256+0000] {processor.py:208} INFO - Processing /home/airflow/.local/lib/python3.12/site-packages/airflow/example_dags/tutorial_dag.py took 0.115 seconds
[2025-04-15T19:52:39.679+0000] {processor.py:186} INFO - Started process (PID=18017) to work on /home/airflow/.local/lib/python3.12/site-packages/airflow/example_dags/tutorial_dag.py
[2025-04-15T19:52:39.681+0000] {processor.py:914} INFO - Processing file /home/airflow/.local/lib/python3.12/site-packages/airflow/example_dags/tutorial_dag.py for tasks to queue
[2025-04-15T19:52:39.682+0000] {logging_mixin.py:190} INFO - [2025-04-15T19:52:39.682+0000] {dagbag.py:588} INFO - Filling up the DagBag from /home/airflow/.local/lib/python3.12/site-packages/airflow/example_dags/tutorial_dag.py
[2025-04-15T19:52:39.693+0000] {processor.py:925} INFO - DAG(s) 'tutorial_dag' retrieved from /home/airflow/.local/lib/python3.12/site-packages/airflow/example_dags/tutorial_dag.py
[2025-04-15T19:52:39.723+0000] {logging_mixin.py:190} INFO - [2025-04-15T19:52:39.723+0000] {dag.py:3239} INFO - Sync 1 DAGs
[2025-04-15T19:52:39.749+0000] {logging_mixin.py:190} INFO - [2025-04-15T19:52:39.749+0000] {dag.py:4180} INFO - Setting next_dagrun for tutorial_dag to None, run_after=None
[2025-04-15T19:52:39.780+0000] {processor.py:208} INFO - Processing /home/airflow/.local/lib/python3.12/site-packages/airflow/example_dags/tutorial_dag.py took 0.110 seconds
[2025-04-15T19:53:10.073+0000] {processor.py:186} INFO - Started process (PID=18084) to work on /home/airflow/.local/lib/python3.12/site-packages/airflow/example_dags/tutorial_dag.py
[2025-04-15T19:53:10.075+0000] {processor.py:914} INFO - Processing file /home/airflow/.local/lib/python3.12/site-packages/airflow/example_dags/tutorial_dag.py for tasks to queue
[2025-04-15T19:53:10.077+0000] {logging_mixin.py:190} INFO - [2025-04-15T19:53:10.077+0000] {dagbag.py:588} INFO - Filling up the DagBag from /home/airflow/.local/lib/python3.12/site-packages/airflow/example_dags/tutorial_dag.py
[2025-04-15T19:53:10.090+0000] {processor.py:925} INFO - DAG(s) 'tutorial_dag' retrieved from /home/airflow/.local/lib/python3.12/site-packages/airflow/example_dags/tutorial_dag.py
[2025-04-15T19:53:10.120+0000] {logging_mixin.py:190} INFO - [2025-04-15T19:53:10.120+0000] {dag.py:3239} INFO - Sync 1 DAGs
[2025-04-15T19:53:10.147+0000] {logging_mixin.py:190} INFO - [2025-04-15T19:53:10.147+0000] {dag.py:4180} INFO - Setting next_dagrun for tutorial_dag to None, run_after=None
[2025-04-15T19:53:10.181+0000] {processor.py:208} INFO - Processing /home/airflow/.local/lib/python3.12/site-packages/airflow/example_dags/tutorial_dag.py took 0.119 seconds
[2025-04-15T19:53:40.473+0000] {processor.py:186} INFO - Started process (PID=18151) to work on /home/airflow/.local/lib/python3.12/site-packages/airflow/example_dags/tutorial_dag.py
[2025-04-15T19:53:40.475+0000] {processor.py:914} INFO - Processing file /home/airflow/.local/lib/python3.12/site-packages/airflow/example_dags/tutorial_dag.py for tasks to queue
[2025-04-15T19:53:40.477+0000] {logging_mixin.py:190} INFO - [2025-04-15T19:53:40.476+0000] {dagbag.py:588} INFO - Filling up the DagBag from /home/airflow/.local/lib/python3.12/site-packages/airflow/example_dags/tutorial_dag.py
[2025-04-15T19:53:40.487+0000] {processor.py:925} INFO - DAG(s) 'tutorial_dag' retrieved from /home/airflow/.local/lib/python3.12/site-packages/airflow/example_dags/tutorial_dag.py
[2025-04-15T19:53:40.521+0000] {logging_mixin.py:190} INFO - [2025-04-15T19:53:40.521+0000] {dag.py:3239} INFO - Sync 1 DAGs
[2025-04-15T19:53:40.546+0000] {logging_mixin.py:190} INFO - [2025-04-15T19:53:40.545+0000] {dag.py:4180} INFO - Setting next_dagrun for tutorial_dag to None, run_after=None
[2025-04-15T19:53:40.581+0000] {processor.py:208} INFO - Processing /home/airflow/.local/lib/python3.12/site-packages/airflow/example_dags/tutorial_dag.py took 0.116 seconds
[2025-04-15T19:54:10.932+0000] {processor.py:186} INFO - Started process (PID=18218) to work on /home/airflow/.local/lib/python3.12/site-packages/airflow/example_dags/tutorial_dag.py
[2025-04-15T19:54:10.933+0000] {processor.py:914} INFO - Processing file /home/airflow/.local/lib/python3.12/site-packages/airflow/example_dags/tutorial_dag.py for tasks to queue
[2025-04-15T19:54:10.935+0000] {logging_mixin.py:190} INFO - [2025-04-15T19:54:10.935+0000] {dagbag.py:588} INFO - Filling up the DagBag from /home/airflow/.local/lib/python3.12/site-packages/airflow/example_dags/tutorial_dag.py
[2025-04-15T19:54:10.945+0000] {processor.py:925} INFO - DAG(s) 'tutorial_dag' retrieved from /home/airflow/.local/lib/python3.12/site-packages/airflow/example_dags/tutorial_dag.py
[2025-04-15T19:54:10.976+0000] {logging_mixin.py:190} INFO - [2025-04-15T19:54:10.975+0000] {dag.py:3239} INFO - Sync 1 DAGs
[2025-04-15T19:54:11.002+0000] {logging_mixin.py:190} INFO - [2025-04-15T19:54:11.002+0000] {dag.py:4180} INFO - Setting next_dagrun for tutorial_dag to None, run_after=None
[2025-04-15T19:54:11.031+0000] {processor.py:208} INFO - Processing /home/airflow/.local/lib/python3.12/site-packages/airflow/example_dags/tutorial_dag.py took 0.107 seconds
[2025-04-15T19:54:41.521+0000] {processor.py:186} INFO - Started process (PID=18285) to work on /home/airflow/.local/lib/python3.12/site-packages/airflow/example_dags/tutorial_dag.py
[2025-04-15T19:54:41.523+0000] {processor.py:914} INFO - Processing file /home/airflow/.local/lib/python3.12/site-packages/airflow/example_dags/tutorial_dag.py for tasks to queue
[2025-04-15T19:54:41.525+0000] {logging_mixin.py:190} INFO - [2025-04-15T19:54:41.525+0000] {dagbag.py:588} INFO - Filling up the DagBag from /home/airflow/.local/lib/python3.12/site-packages/airflow/example_dags/tutorial_dag.py
[2025-04-15T19:54:41.535+0000] {processor.py:925} INFO - DAG(s) 'tutorial_dag' retrieved from /home/airflow/.local/lib/python3.12/site-packages/airflow/example_dags/tutorial_dag.py
[2025-04-15T19:54:41.563+0000] {logging_mixin.py:190} INFO - [2025-04-15T19:54:41.562+0000] {dag.py:3239} INFO - Sync 1 DAGs
[2025-04-15T19:54:41.586+0000] {logging_mixin.py:190} INFO - [2025-04-15T19:54:41.585+0000] {dag.py:4180} INFO - Setting next_dagrun for tutorial_dag to None, run_after=None
[2025-04-15T19:54:41.616+0000] {processor.py:208} INFO - Processing /home/airflow/.local/lib/python3.12/site-packages/airflow/example_dags/tutorial_dag.py took 0.106 seconds
[2025-04-15T19:55:12.564+0000] {processor.py:186} INFO - Started process (PID=18352) to work on /home/airflow/.local/lib/python3.12/site-packages/airflow/example_dags/tutorial_dag.py
[2025-04-15T19:55:12.565+0000] {processor.py:914} INFO - Processing file /home/airflow/.local/lib/python3.12/site-packages/airflow/example_dags/tutorial_dag.py for tasks to queue
[2025-04-15T19:55:12.567+0000] {logging_mixin.py:190} INFO - [2025-04-15T19:55:12.567+0000] {dagbag.py:588} INFO - Filling up the DagBag from /home/airflow/.local/lib/python3.12/site-packages/airflow/example_dags/tutorial_dag.py
[2025-04-15T19:55:12.578+0000] {processor.py:925} INFO - DAG(s) 'tutorial_dag' retrieved from /home/airflow/.local/lib/python3.12/site-packages/airflow/example_dags/tutorial_dag.py
[2025-04-15T19:55:12.608+0000] {logging_mixin.py:190} INFO - [2025-04-15T19:55:12.608+0000] {dag.py:3239} INFO - Sync 1 DAGs
[2025-04-15T19:55:12.635+0000] {logging_mixin.py:190} INFO - [2025-04-15T19:55:12.635+0000] {dag.py:4180} INFO - Setting next_dagrun for tutorial_dag to None, run_after=None
[2025-04-15T19:55:12.669+0000] {processor.py:208} INFO - Processing /home/airflow/.local/lib/python3.12/site-packages/airflow/example_dags/tutorial_dag.py took 0.114 seconds
[2025-04-15T19:55:42.896+0000] {processor.py:186} INFO - Started process (PID=18419) to work on /home/airflow/.local/lib/python3.12/site-packages/airflow/example_dags/tutorial_dag.py
[2025-04-15T19:55:42.897+0000] {processor.py:914} INFO - Processing file /home/airflow/.local/lib/python3.12/site-packages/airflow/example_dags/tutorial_dag.py for tasks to queue
[2025-04-15T19:55:42.899+0000] {logging_mixin.py:190} INFO - [2025-04-15T19:55:42.898+0000] {dagbag.py:588} INFO - Filling up the DagBag from /home/airflow/.local/lib/python3.12/site-packages/airflow/example_dags/tutorial_dag.py
[2025-04-15T19:55:42.906+0000] {processor.py:925} INFO - DAG(s) 'tutorial_dag' retrieved from /home/airflow/.local/lib/python3.12/site-packages/airflow/example_dags/tutorial_dag.py
[2025-04-15T19:55:42.925+0000] {logging_mixin.py:190} INFO - [2025-04-15T19:55:42.925+0000] {dag.py:3239} INFO - Sync 1 DAGs
[2025-04-15T19:55:42.941+0000] {logging_mixin.py:190} INFO - [2025-04-15T19:55:42.940+0000] {dag.py:4180} INFO - Setting next_dagrun for tutorial_dag to None, run_after=None
[2025-04-15T19:55:42.962+0000] {processor.py:208} INFO - Processing /home/airflow/.local/lib/python3.12/site-packages/airflow/example_dags/tutorial_dag.py took 0.072 seconds
[2025-04-15T19:56:13.331+0000] {processor.py:186} INFO - Started process (PID=18486) to work on /home/airflow/.local/lib/python3.12/site-packages/airflow/example_dags/tutorial_dag.py
[2025-04-15T19:56:13.332+0000] {processor.py:914} INFO - Processing file /home/airflow/.local/lib/python3.12/site-packages/airflow/example_dags/tutorial_dag.py for tasks to queue
[2025-04-15T19:56:13.334+0000] {logging_mixin.py:190} INFO - [2025-04-15T19:56:13.334+0000] {dagbag.py:588} INFO - Filling up the DagBag from /home/airflow/.local/lib/python3.12/site-packages/airflow/example_dags/tutorial_dag.py
[2025-04-15T19:56:13.347+0000] {processor.py:925} INFO - DAG(s) 'tutorial_dag' retrieved from /home/airflow/.local/lib/python3.12/site-packages/airflow/example_dags/tutorial_dag.py
[2025-04-15T19:56:13.383+0000] {logging_mixin.py:190} INFO - [2025-04-15T19:56:13.382+0000] {dag.py:3239} INFO - Sync 1 DAGs
[2025-04-15T19:56:13.409+0000] {logging_mixin.py:190} INFO - [2025-04-15T19:56:13.408+0000] {dag.py:4180} INFO - Setting next_dagrun for tutorial_dag to None, run_after=None
[2025-04-15T19:56:13.441+0000] {processor.py:208} INFO - Processing /home/airflow/.local/lib/python3.12/site-packages/airflow/example_dags/tutorial_dag.py took 0.118 seconds
[2025-04-15T19:56:43.779+0000] {processor.py:186} INFO - Started process (PID=18553) to work on /home/airflow/.local/lib/python3.12/site-packages/airflow/example_dags/tutorial_dag.py
[2025-04-15T19:56:43.781+0000] {processor.py:914} INFO - Processing file /home/airflow/.local/lib/python3.12/site-packages/airflow/example_dags/tutorial_dag.py for tasks to queue
[2025-04-15T19:56:43.783+0000] {logging_mixin.py:190} INFO - [2025-04-15T19:56:43.783+0000] {dagbag.py:588} INFO - Filling up the DagBag from /home/airflow/.local/lib/python3.12/site-packages/airflow/example_dags/tutorial_dag.py
[2025-04-15T19:56:43.795+0000] {processor.py:925} INFO - DAG(s) 'tutorial_dag' retrieved from /home/airflow/.local/lib/python3.12/site-packages/airflow/example_dags/tutorial_dag.py
[2025-04-15T19:56:43.828+0000] {logging_mixin.py:190} INFO - [2025-04-15T19:56:43.828+0000] {dag.py:3239} INFO - Sync 1 DAGs
[2025-04-15T19:56:43.852+0000] {logging_mixin.py:190} INFO - [2025-04-15T19:56:43.851+0000] {dag.py:4180} INFO - Setting next_dagrun for tutorial_dag to None, run_after=None
[2025-04-15T19:56:43.883+0000] {processor.py:208} INFO - Processing /home/airflow/.local/lib/python3.12/site-packages/airflow/example_dags/tutorial_dag.py took 0.112 seconds
[2025-04-15T19:57:14.190+0000] {processor.py:186} INFO - Started process (PID=18620) to work on /home/airflow/.local/lib/python3.12/site-packages/airflow/example_dags/tutorial_dag.py
[2025-04-15T19:57:14.191+0000] {processor.py:914} INFO - Processing file /home/airflow/.local/lib/python3.12/site-packages/airflow/example_dags/tutorial_dag.py for tasks to queue
[2025-04-15T19:57:14.192+0000] {logging_mixin.py:190} INFO - [2025-04-15T19:57:14.192+0000] {dagbag.py:588} INFO - Filling up the DagBag from /home/airflow/.local/lib/python3.12/site-packages/airflow/example_dags/tutorial_dag.py
[2025-04-15T19:57:14.201+0000] {processor.py:925} INFO - DAG(s) 'tutorial_dag' retrieved from /home/airflow/.local/lib/python3.12/site-packages/airflow/example_dags/tutorial_dag.py
[2025-04-15T19:57:14.224+0000] {logging_mixin.py:190} INFO - [2025-04-15T19:57:14.224+0000] {dag.py:3239} INFO - Sync 1 DAGs
[2025-04-15T19:57:14.241+0000] {logging_mixin.py:190} INFO - [2025-04-15T19:57:14.241+0000] {dag.py:4180} INFO - Setting next_dagrun for tutorial_dag to None, run_after=None
[2025-04-15T19:57:14.269+0000] {processor.py:208} INFO - Processing /home/airflow/.local/lib/python3.12/site-packages/airflow/example_dags/tutorial_dag.py took 0.086 seconds
[2025-04-15T19:57:44.875+0000] {processor.py:186} INFO - Started process (PID=18687) to work on /home/airflow/.local/lib/python3.12/site-packages/airflow/example_dags/tutorial_dag.py
[2025-04-15T19:57:44.876+0000] {processor.py:914} INFO - Processing file /home/airflow/.local/lib/python3.12/site-packages/airflow/example_dags/tutorial_dag.py for tasks to queue
[2025-04-15T19:57:44.878+0000] {logging_mixin.py:190} INFO - [2025-04-15T19:57:44.878+0000] {dagbag.py:588} INFO - Filling up the DagBag from /home/airflow/.local/lib/python3.12/site-packages/airflow/example_dags/tutorial_dag.py
[2025-04-15T19:57:44.893+0000] {processor.py:925} INFO - DAG(s) 'tutorial_dag' retrieved from /home/airflow/.local/lib/python3.12/site-packages/airflow/example_dags/tutorial_dag.py
[2025-04-15T19:57:44.925+0000] {logging_mixin.py:190} INFO - [2025-04-15T19:57:44.925+0000] {dag.py:3239} INFO - Sync 1 DAGs
[2025-04-15T19:57:44.953+0000] {logging_mixin.py:190} INFO - [2025-04-15T19:57:44.952+0000] {dag.py:4180} INFO - Setting next_dagrun for tutorial_dag to None, run_after=None
[2025-04-15T19:57:44.984+0000] {processor.py:208} INFO - Processing /home/airflow/.local/lib/python3.12/site-packages/airflow/example_dags/tutorial_dag.py took 0.120 seconds
[2025-04-15T19:58:15.754+0000] {processor.py:186} INFO - Started process (PID=18754) to work on /home/airflow/.local/lib/python3.12/site-packages/airflow/example_dags/tutorial_dag.py
[2025-04-15T19:58:15.755+0000] {processor.py:914} INFO - Processing file /home/airflow/.local/lib/python3.12/site-packages/airflow/example_dags/tutorial_dag.py for tasks to queue
[2025-04-15T19:58:15.756+0000] {logging_mixin.py:190} INFO - [2025-04-15T19:58:15.756+0000] {dagbag.py:588} INFO - Filling up the DagBag from /home/airflow/.local/lib/python3.12/site-packages/airflow/example_dags/tutorial_dag.py
[2025-04-15T19:58:15.764+0000] {processor.py:925} INFO - DAG(s) 'tutorial_dag' retrieved from /home/airflow/.local/lib/python3.12/site-packages/airflow/example_dags/tutorial_dag.py
[2025-04-15T19:58:15.786+0000] {logging_mixin.py:190} INFO - [2025-04-15T19:58:15.786+0000] {dag.py:3239} INFO - Sync 1 DAGs
[2025-04-15T19:58:15.804+0000] {logging_mixin.py:190} INFO - [2025-04-15T19:58:15.803+0000] {dag.py:4180} INFO - Setting next_dagrun for tutorial_dag to None, run_after=None
[2025-04-15T19:58:15.826+0000] {processor.py:208} INFO - Processing /home/airflow/.local/lib/python3.12/site-packages/airflow/example_dags/tutorial_dag.py took 0.079 seconds
[2025-04-15T19:58:45.926+0000] {processor.py:186} INFO - Started process (PID=18821) to work on /home/airflow/.local/lib/python3.12/site-packages/airflow/example_dags/tutorial_dag.py
[2025-04-15T19:58:45.927+0000] {processor.py:914} INFO - Processing file /home/airflow/.local/lib/python3.12/site-packages/airflow/example_dags/tutorial_dag.py for tasks to queue
[2025-04-15T19:58:45.929+0000] {logging_mixin.py:190} INFO - [2025-04-15T19:58:45.928+0000] {dagbag.py:588} INFO - Filling up the DagBag from /home/airflow/.local/lib/python3.12/site-packages/airflow/example_dags/tutorial_dag.py
[2025-04-15T19:58:45.939+0000] {processor.py:925} INFO - DAG(s) 'tutorial_dag' retrieved from /home/airflow/.local/lib/python3.12/site-packages/airflow/example_dags/tutorial_dag.py
[2025-04-15T19:58:45.974+0000] {logging_mixin.py:190} INFO - [2025-04-15T19:58:45.974+0000] {dag.py:3239} INFO - Sync 1 DAGs
[2025-04-15T19:58:45.996+0000] {logging_mixin.py:190} INFO - [2025-04-15T19:58:45.996+0000] {dag.py:4180} INFO - Setting next_dagrun for tutorial_dag to None, run_after=None
[2025-04-15T19:58:46.024+0000] {processor.py:208} INFO - Processing /home/airflow/.local/lib/python3.12/site-packages/airflow/example_dags/tutorial_dag.py took 0.108 seconds
[2025-04-15T19:59:16.795+0000] {processor.py:186} INFO - Started process (PID=18888) to work on /home/airflow/.local/lib/python3.12/site-packages/airflow/example_dags/tutorial_dag.py
[2025-04-15T19:59:16.797+0000] {processor.py:914} INFO - Processing file /home/airflow/.local/lib/python3.12/site-packages/airflow/example_dags/tutorial_dag.py for tasks to queue
[2025-04-15T19:59:16.799+0000] {logging_mixin.py:190} INFO - [2025-04-15T19:59:16.798+0000] {dagbag.py:588} INFO - Filling up the DagBag from /home/airflow/.local/lib/python3.12/site-packages/airflow/example_dags/tutorial_dag.py
[2025-04-15T19:59:16.810+0000] {processor.py:925} INFO - DAG(s) 'tutorial_dag' retrieved from /home/airflow/.local/lib/python3.12/site-packages/airflow/example_dags/tutorial_dag.py
[2025-04-15T19:59:16.842+0000] {logging_mixin.py:190} INFO - [2025-04-15T19:59:16.842+0000] {dag.py:3239} INFO - Sync 1 DAGs
[2025-04-15T19:59:16.864+0000] {logging_mixin.py:190} INFO - [2025-04-15T19:59:16.864+0000] {dag.py:4180} INFO - Setting next_dagrun for tutorial_dag to None, run_after=None
[2025-04-15T19:59:16.892+0000] {processor.py:208} INFO - Processing /home/airflow/.local/lib/python3.12/site-packages/airflow/example_dags/tutorial_dag.py took 0.105 seconds
[2025-04-15T19:59:47.019+0000] {processor.py:186} INFO - Started process (PID=18954) to work on /home/airflow/.local/lib/python3.12/site-packages/airflow/example_dags/tutorial_dag.py
[2025-04-15T19:59:47.021+0000] {processor.py:914} INFO - Processing file /home/airflow/.local/lib/python3.12/site-packages/airflow/example_dags/tutorial_dag.py for tasks to queue
[2025-04-15T19:59:47.022+0000] {logging_mixin.py:190} INFO - [2025-04-15T19:59:47.022+0000] {dagbag.py:588} INFO - Filling up the DagBag from /home/airflow/.local/lib/python3.12/site-packages/airflow/example_dags/tutorial_dag.py
[2025-04-15T19:59:47.031+0000] {processor.py:925} INFO - DAG(s) 'tutorial_dag' retrieved from /home/airflow/.local/lib/python3.12/site-packages/airflow/example_dags/tutorial_dag.py
[2025-04-15T19:59:47.055+0000] {logging_mixin.py:190} INFO - [2025-04-15T19:59:47.055+0000] {dag.py:3239} INFO - Sync 1 DAGs
[2025-04-15T19:59:47.073+0000] {logging_mixin.py:190} INFO - [2025-04-15T19:59:47.073+0000] {dag.py:4180} INFO - Setting next_dagrun for tutorial_dag to None, run_after=None
[2025-04-15T19:59:47.096+0000] {processor.py:208} INFO - Processing /home/airflow/.local/lib/python3.12/site-packages/airflow/example_dags/tutorial_dag.py took 0.085 seconds
[2025-04-15T20:00:17.926+0000] {processor.py:186} INFO - Started process (PID=19021) to work on /home/airflow/.local/lib/python3.12/site-packages/airflow/example_dags/tutorial_dag.py
[2025-04-15T20:00:17.928+0000] {processor.py:914} INFO - Processing file /home/airflow/.local/lib/python3.12/site-packages/airflow/example_dags/tutorial_dag.py for tasks to queue
[2025-04-15T20:00:17.930+0000] {logging_mixin.py:190} INFO - [2025-04-15T20:00:17.929+0000] {dagbag.py:588} INFO - Filling up the DagBag from /home/airflow/.local/lib/python3.12/site-packages/airflow/example_dags/tutorial_dag.py
[2025-04-15T20:00:17.938+0000] {processor.py:925} INFO - DAG(s) 'tutorial_dag' retrieved from /home/airflow/.local/lib/python3.12/site-packages/airflow/example_dags/tutorial_dag.py
[2025-04-15T20:00:17.960+0000] {logging_mixin.py:190} INFO - [2025-04-15T20:00:17.960+0000] {dag.py:3239} INFO - Sync 1 DAGs
[2025-04-15T20:00:17.981+0000] {logging_mixin.py:190} INFO - [2025-04-15T20:00:17.980+0000] {dag.py:4180} INFO - Setting next_dagrun for tutorial_dag to None, run_after=None
[2025-04-15T20:00:18.003+0000] {processor.py:208} INFO - Processing /home/airflow/.local/lib/python3.12/site-packages/airflow/example_dags/tutorial_dag.py took 0.083 seconds
[2025-04-15T20:00:48.667+0000] {processor.py:186} INFO - Started process (PID=19087) to work on /home/airflow/.local/lib/python3.12/site-packages/airflow/example_dags/tutorial_dag.py
[2025-04-15T20:00:48.668+0000] {processor.py:914} INFO - Processing file /home/airflow/.local/lib/python3.12/site-packages/airflow/example_dags/tutorial_dag.py for tasks to queue
[2025-04-15T20:00:48.670+0000] {logging_mixin.py:190} INFO - [2025-04-15T20:00:48.670+0000] {dagbag.py:588} INFO - Filling up the DagBag from /home/airflow/.local/lib/python3.12/site-packages/airflow/example_dags/tutorial_dag.py
[2025-04-15T20:00:48.679+0000] {processor.py:925} INFO - DAG(s) 'tutorial_dag' retrieved from /home/airflow/.local/lib/python3.12/site-packages/airflow/example_dags/tutorial_dag.py
[2025-04-15T20:00:48.709+0000] {logging_mixin.py:190} INFO - [2025-04-15T20:00:48.709+0000] {dag.py:3239} INFO - Sync 1 DAGs
[2025-04-15T20:00:48.730+0000] {logging_mixin.py:190} INFO - [2025-04-15T20:00:48.729+0000] {dag.py:4180} INFO - Setting next_dagrun for tutorial_dag to None, run_after=None
[2025-04-15T20:00:48.758+0000] {processor.py:208} INFO - Processing /home/airflow/.local/lib/python3.12/site-packages/airflow/example_dags/tutorial_dag.py took 0.098 seconds
[2025-04-15T20:01:19.043+0000] {processor.py:186} INFO - Started process (PID=19154) to work on /home/airflow/.local/lib/python3.12/site-packages/airflow/example_dags/tutorial_dag.py
[2025-04-15T20:01:19.044+0000] {processor.py:914} INFO - Processing file /home/airflow/.local/lib/python3.12/site-packages/airflow/example_dags/tutorial_dag.py for tasks to queue
[2025-04-15T20:01:19.046+0000] {logging_mixin.py:190} INFO - [2025-04-15T20:01:19.046+0000] {dagbag.py:588} INFO - Filling up the DagBag from /home/airflow/.local/lib/python3.12/site-packages/airflow/example_dags/tutorial_dag.py
[2025-04-15T20:01:19.057+0000] {processor.py:925} INFO - DAG(s) 'tutorial_dag' retrieved from /home/airflow/.local/lib/python3.12/site-packages/airflow/example_dags/tutorial_dag.py
[2025-04-15T20:01:19.089+0000] {logging_mixin.py:190} INFO - [2025-04-15T20:01:19.088+0000] {dag.py:3239} INFO - Sync 1 DAGs
[2025-04-15T20:01:19.112+0000] {logging_mixin.py:190} INFO - [2025-04-15T20:01:19.112+0000] {dag.py:4180} INFO - Setting next_dagrun for tutorial_dag to None, run_after=None
[2025-04-15T20:01:19.140+0000] {processor.py:208} INFO - Processing /home/airflow/.local/lib/python3.12/site-packages/airflow/example_dags/tutorial_dag.py took 0.106 seconds
[2025-04-15T20:01:49.532+0000] {processor.py:186} INFO - Started process (PID=19220) to work on /home/airflow/.local/lib/python3.12/site-packages/airflow/example_dags/tutorial_dag.py
[2025-04-15T20:01:49.533+0000] {processor.py:914} INFO - Processing file /home/airflow/.local/lib/python3.12/site-packages/airflow/example_dags/tutorial_dag.py for tasks to queue
[2025-04-15T20:01:49.535+0000] {logging_mixin.py:190} INFO - [2025-04-15T20:01:49.535+0000] {dagbag.py:588} INFO - Filling up the DagBag from /home/airflow/.local/lib/python3.12/site-packages/airflow/example_dags/tutorial_dag.py
[2025-04-15T20:01:49.546+0000] {processor.py:925} INFO - DAG(s) 'tutorial_dag' retrieved from /home/airflow/.local/lib/python3.12/site-packages/airflow/example_dags/tutorial_dag.py
[2025-04-15T20:01:49.575+0000] {logging_mixin.py:190} INFO - [2025-04-15T20:01:49.574+0000] {dag.py:3239} INFO - Sync 1 DAGs
[2025-04-15T20:01:49.600+0000] {logging_mixin.py:190} INFO - [2025-04-15T20:01:49.600+0000] {dag.py:4180} INFO - Setting next_dagrun for tutorial_dag to None, run_after=None
[2025-04-15T20:01:49.631+0000] {processor.py:208} INFO - Processing /home/airflow/.local/lib/python3.12/site-packages/airflow/example_dags/tutorial_dag.py took 0.107 seconds
[2025-04-15T20:02:20.416+0000] {processor.py:186} INFO - Started process (PID=19287) to work on /home/airflow/.local/lib/python3.12/site-packages/airflow/example_dags/tutorial_dag.py
[2025-04-15T20:02:20.417+0000] {processor.py:914} INFO - Processing file /home/airflow/.local/lib/python3.12/site-packages/airflow/example_dags/tutorial_dag.py for tasks to queue
[2025-04-15T20:02:20.419+0000] {logging_mixin.py:190} INFO - [2025-04-15T20:02:20.418+0000] {dagbag.py:588} INFO - Filling up the DagBag from /home/airflow/.local/lib/python3.12/site-packages/airflow/example_dags/tutorial_dag.py
[2025-04-15T20:02:20.430+0000] {processor.py:925} INFO - DAG(s) 'tutorial_dag' retrieved from /home/airflow/.local/lib/python3.12/site-packages/airflow/example_dags/tutorial_dag.py
[2025-04-15T20:02:20.460+0000] {logging_mixin.py:190} INFO - [2025-04-15T20:02:20.460+0000] {dag.py:3239} INFO - Sync 1 DAGs
[2025-04-15T20:02:20.483+0000] {logging_mixin.py:190} INFO - [2025-04-15T20:02:20.483+0000] {dag.py:4180} INFO - Setting next_dagrun for tutorial_dag to None, run_after=None
[2025-04-15T20:02:20.513+0000] {processor.py:208} INFO - Processing /home/airflow/.local/lib/python3.12/site-packages/airflow/example_dags/tutorial_dag.py took 0.105 seconds
[2025-04-15T20:02:50.601+0000] {processor.py:186} INFO - Started process (PID=19352) to work on /home/airflow/.local/lib/python3.12/site-packages/airflow/example_dags/tutorial_dag.py
[2025-04-15T20:02:50.602+0000] {processor.py:914} INFO - Processing file /home/airflow/.local/lib/python3.12/site-packages/airflow/example_dags/tutorial_dag.py for tasks to queue
[2025-04-15T20:02:50.604+0000] {logging_mixin.py:190} INFO - [2025-04-15T20:02:50.604+0000] {dagbag.py:588} INFO - Filling up the DagBag from /home/airflow/.local/lib/python3.12/site-packages/airflow/example_dags/tutorial_dag.py
[2025-04-15T20:02:50.616+0000] {processor.py:925} INFO - DAG(s) 'tutorial_dag' retrieved from /home/airflow/.local/lib/python3.12/site-packages/airflow/example_dags/tutorial_dag.py
[2025-04-15T20:02:50.648+0000] {logging_mixin.py:190} INFO - [2025-04-15T20:02:50.648+0000] {dag.py:3239} INFO - Sync 1 DAGs
[2025-04-15T20:02:50.675+0000] {logging_mixin.py:190} INFO - [2025-04-15T20:02:50.675+0000] {dag.py:4180} INFO - Setting next_dagrun for tutorial_dag to None, run_after=None
[2025-04-15T20:02:50.705+0000] {processor.py:208} INFO - Processing /home/airflow/.local/lib/python3.12/site-packages/airflow/example_dags/tutorial_dag.py took 0.113 seconds
[2025-04-15T20:03:21.553+0000] {processor.py:186} INFO - Started process (PID=19419) to work on /home/airflow/.local/lib/python3.12/site-packages/airflow/example_dags/tutorial_dag.py
[2025-04-15T20:03:21.554+0000] {processor.py:914} INFO - Processing file /home/airflow/.local/lib/python3.12/site-packages/airflow/example_dags/tutorial_dag.py for tasks to queue
[2025-04-15T20:03:21.556+0000] {logging_mixin.py:190} INFO - [2025-04-15T20:03:21.555+0000] {dagbag.py:588} INFO - Filling up the DagBag from /home/airflow/.local/lib/python3.12/site-packages/airflow/example_dags/tutorial_dag.py
[2025-04-15T20:03:21.566+0000] {processor.py:925} INFO - DAG(s) 'tutorial_dag' retrieved from /home/airflow/.local/lib/python3.12/site-packages/airflow/example_dags/tutorial_dag.py
[2025-04-15T20:03:21.599+0000] {logging_mixin.py:190} INFO - [2025-04-15T20:03:21.598+0000] {dag.py:3239} INFO - Sync 1 DAGs
[2025-04-15T20:03:21.622+0000] {logging_mixin.py:190} INFO - [2025-04-15T20:03:21.622+0000] {dag.py:4180} INFO - Setting next_dagrun for tutorial_dag to None, run_after=None
[2025-04-15T20:03:21.651+0000] {processor.py:208} INFO - Processing /home/airflow/.local/lib/python3.12/site-packages/airflow/example_dags/tutorial_dag.py took 0.106 seconds
[2025-04-15T20:03:51.808+0000] {processor.py:186} INFO - Started process (PID=19486) to work on /home/airflow/.local/lib/python3.12/site-packages/airflow/example_dags/tutorial_dag.py
[2025-04-15T20:03:51.809+0000] {processor.py:914} INFO - Processing file /home/airflow/.local/lib/python3.12/site-packages/airflow/example_dags/tutorial_dag.py for tasks to queue
[2025-04-15T20:03:51.811+0000] {logging_mixin.py:190} INFO - [2025-04-15T20:03:51.810+0000] {dagbag.py:588} INFO - Filling up the DagBag from /home/airflow/.local/lib/python3.12/site-packages/airflow/example_dags/tutorial_dag.py
[2025-04-15T20:03:51.818+0000] {processor.py:925} INFO - DAG(s) 'tutorial_dag' retrieved from /home/airflow/.local/lib/python3.12/site-packages/airflow/example_dags/tutorial_dag.py
[2025-04-15T20:03:51.842+0000] {logging_mixin.py:190} INFO - [2025-04-15T20:03:51.841+0000] {dag.py:3239} INFO - Sync 1 DAGs
[2025-04-15T20:03:51.860+0000] {logging_mixin.py:190} INFO - [2025-04-15T20:03:51.860+0000] {dag.py:4180} INFO - Setting next_dagrun for tutorial_dag to None, run_after=None
[2025-04-15T20:03:51.887+0000] {processor.py:208} INFO - Processing /home/airflow/.local/lib/python3.12/site-packages/airflow/example_dags/tutorial_dag.py took 0.086 seconds
[2025-04-15T20:04:22.725+0000] {processor.py:186} INFO - Started process (PID=19554) to work on /home/airflow/.local/lib/python3.12/site-packages/airflow/example_dags/tutorial_dag.py
[2025-04-15T20:04:22.727+0000] {processor.py:914} INFO - Processing file /home/airflow/.local/lib/python3.12/site-packages/airflow/example_dags/tutorial_dag.py for tasks to queue
[2025-04-15T20:04:22.729+0000] {logging_mixin.py:190} INFO - [2025-04-15T20:04:22.729+0000] {dagbag.py:588} INFO - Filling up the DagBag from /home/airflow/.local/lib/python3.12/site-packages/airflow/example_dags/tutorial_dag.py
[2025-04-15T20:04:22.745+0000] {processor.py:925} INFO - DAG(s) 'tutorial_dag' retrieved from /home/airflow/.local/lib/python3.12/site-packages/airflow/example_dags/tutorial_dag.py
[2025-04-15T20:04:22.798+0000] {logging_mixin.py:190} INFO - [2025-04-15T20:04:22.797+0000] {dag.py:3239} INFO - Sync 1 DAGs
[2025-04-15T20:04:22.836+0000] {logging_mixin.py:190} INFO - [2025-04-15T20:04:22.835+0000] {dag.py:4180} INFO - Setting next_dagrun for tutorial_dag to None, run_after=None
[2025-04-15T20:04:22.870+0000] {processor.py:208} INFO - Processing /home/airflow/.local/lib/python3.12/site-packages/airflow/example_dags/tutorial_dag.py took 0.163 seconds
