[2025-04-08T00:00:11.340+0000] {local_task_job_runner.py:123} INFO - ::group::Pre task execution logs
[2025-04-08T00:00:11.356+0000] {taskinstance.py:2614} INFO - Dependencies all met for dep_context=non-requeueable deps ti=<TaskInstance: etl_duckdb_dag_custom_class.check_data scheduled__2025-04-07T00:00:00+00:00 [queued]>
[2025-04-08T00:00:11.364+0000] {taskinstance.py:2614} INFO - Dependencies all met for dep_context=requeueable deps ti=<TaskInstance: etl_duckdb_dag_custom_class.check_data scheduled__2025-04-07T00:00:00+00:00 [queued]>
[2025-04-08T00:00:11.365+0000] {taskinstance.py:2867} INFO - Starting attempt 1 of 2
[2025-04-08T00:00:11.380+0000] {taskinstance.py:2890} INFO - Executing <Task(_PythonDecoratedOperator): check_data> on 2025-04-07 00:00:00+00:00
[2025-04-08T00:00:11.392+0000] {warnings.py:112} WARNING - /home/***/.local/lib/python3.12/site-packages/***/task/task_runner/standard_task_runner.py:70: DeprecationWarning: This process (pid=18137) is multi-threaded, use of fork() may lead to deadlocks in the child.
  pid = os.fork()

[2025-04-08T00:00:11.394+0000] {standard_task_runner.py:72} INFO - Started process 18149 to run task
[2025-04-08T00:00:11.394+0000] {standard_task_runner.py:104} INFO - Running: ['***', 'tasks', 'run', 'etl_duckdb_dag_custom_class', 'check_data', 'scheduled__2025-04-07T00:00:00+00:00', '--job-id', '88', '--raw', '--subdir', 'DAGS_FOLDER/etl_duckdb_dag.py', '--cfg-path', '/tmp/tmp8rw4repu']
[2025-04-08T00:00:11.395+0000] {standard_task_runner.py:105} INFO - Job 88: Subtask check_data
[2025-04-08T00:00:11.450+0000] {task_command.py:467} INFO - Running <TaskInstance: etl_duckdb_dag_custom_class.check_data scheduled__2025-04-07T00:00:00+00:00 [running]> on host 2e277e0df613
[2025-04-08T00:00:11.554+0000] {taskinstance.py:3134} INFO - Exporting env vars: AIRFLOW_CTX_DAG_EMAIL='laurenziusjulioanreaja@mail.ugm.ac.id,selvianisacahyamukti@mail.ugm.ac.id,yudypratamafanggidae@mail.ugm.ac.id' AIRFLOW_CTX_DAG_OWNER='julio' AIRFLOW_CTX_DAG_ID='etl_duckdb_dag_custom_class' AIRFLOW_CTX_TASK_ID='check_data' AIRFLOW_CTX_EXECUTION_DATE='2025-04-07T00:00:00+00:00' AIRFLOW_CTX_TRY_NUMBER='1' AIRFLOW_CTX_DAG_RUN_ID='scheduled__2025-04-07T00:00:00+00:00'
[2025-04-08T00:00:11.557+0000] {logging_mixin.py:190} INFO - Task instance is in running state
[2025-04-08T00:00:11.558+0000] {logging_mixin.py:190} INFO -  Previous state of the Task instance: queued
[2025-04-08T00:00:11.558+0000] {logging_mixin.py:190} INFO - Current task name:check_data state:running start_date:2025-04-08 00:00:11.357322+00:00
[2025-04-08T00:00:11.559+0000] {logging_mixin.py:190} INFO - Dag name:etl_duckdb_dag_custom_class and current dag run status:running
[2025-04-08T00:00:11.560+0000] {taskinstance.py:732} INFO - ::endgroup::
[2025-04-08T00:00:11.562+0000] {python.py:240} INFO - Done. Returned value was: True
[2025-04-08T00:00:11.586+0000] {taskinstance.py:341} INFO - ::group::Post task execution logs
[2025-04-08T00:00:11.587+0000] {taskinstance.py:353} INFO - Marking task as SUCCESS. dag_id=etl_duckdb_dag_custom_class, task_id=check_data, run_id=scheduled__2025-04-07T00:00:00+00:00, execution_date=20250407T000000, start_date=20250408T000011, end_date=20250408T000011
[2025-04-08T00:00:11.612+0000] {logging_mixin.py:190} INFO - Task instance in success state
[2025-04-08T00:00:11.613+0000] {logging_mixin.py:190} INFO -  Previous state of the Task instance: running
[2025-04-08T00:00:11.613+0000] {logging_mixin.py:190} INFO - Dag name:etl_duckdb_dag_custom_class queued_at:2025-04-08 00:00:00.783218+00:00
[2025-04-08T00:00:11.614+0000] {logging_mixin.py:190} INFO - Task hostname:2e277e0df613 operator:_PythonDecoratedOperator
[2025-04-08T00:00:11.650+0000] {local_task_job_runner.py:266} INFO - Task exited with return code 0
[2025-04-08T00:00:11.686+0000] {taskinstance.py:3901} INFO - 1 downstream tasks scheduled from follow-on schedule check
[2025-04-08T00:00:11.689+0000] {local_task_job_runner.py:245} INFO - ::endgroup::
