[2025-04-18T00:00:25.372+0000] {local_task_job_runner.py:123} INFO - ::group::Pre task execution logs
[2025-04-18T00:00:25.397+0000] {taskinstance.py:2614} INFO - Dependencies all met for dep_context=non-requeueable deps ti=<TaskInstance: etl_duckdb_dag_custom_class.load scheduled__2025-04-17T00:00:00+00:00 [queued]>
[2025-04-18T00:00:25.410+0000] {taskinstance.py:2614} INFO - Dependencies all met for dep_context=requeueable deps ti=<TaskInstance: etl_duckdb_dag_custom_class.load scheduled__2025-04-17T00:00:00+00:00 [queued]>
[2025-04-18T00:00:25.411+0000] {taskinstance.py:2867} INFO - Starting attempt 1 of 2
[2025-04-18T00:00:25.431+0000] {taskinstance.py:2890} INFO - Executing <Task(_PythonDecoratedOperator): load> on 2025-04-17 00:00:00+00:00
[2025-04-18T00:00:25.443+0000] {warnings.py:112} WARNING - /home/***/.local/lib/python3.12/site-packages/***/task/task_runner/standard_task_runner.py:70: DeprecationWarning: This process (pid=13082) is multi-threaded, use of fork() may lead to deadlocks in the child.
  pid = os.fork()

[2025-04-18T00:00:25.445+0000] {standard_task_runner.py:72} INFO - Started process 13084 to run task
[2025-04-18T00:00:25.445+0000] {standard_task_runner.py:104} INFO - Running: ['***', 'tasks', 'run', 'etl_duckdb_dag_custom_class', 'load', 'scheduled__2025-04-17T00:00:00+00:00', '--job-id', '203', '--raw', '--subdir', 'DAGS_FOLDER/etl_duckdb_dag.py', '--cfg-path', '/tmp/tmppaklf2n6']
[2025-04-18T00:00:25.448+0000] {standard_task_runner.py:105} INFO - Job 203: Subtask load
[2025-04-18T00:00:25.517+0000] {task_command.py:467} INFO - Running <TaskInstance: etl_duckdb_dag_custom_class.load scheduled__2025-04-17T00:00:00+00:00 [running]> on host 697c9a4320f6
[2025-04-18T00:00:25.653+0000] {taskinstance.py:3134} INFO - Exporting env vars: AIRFLOW_CTX_DAG_EMAIL='laurenziusjulioanreaja@mail.ugm.ac.id,selvianisacahyamukti@mail.ugm.ac.id,yudypratamafanggidae@mail.ugm.ac.id' AIRFLOW_CTX_DAG_OWNER='julio' AIRFLOW_CTX_DAG_ID='etl_duckdb_dag_custom_class' AIRFLOW_CTX_TASK_ID='load' AIRFLOW_CTX_EXECUTION_DATE='2025-04-17T00:00:00+00:00' AIRFLOW_CTX_TRY_NUMBER='1' AIRFLOW_CTX_DAG_RUN_ID='scheduled__2025-04-17T00:00:00+00:00'
[2025-04-18T00:00:25.655+0000] {logging_mixin.py:190} INFO - Task instance is in running state
[2025-04-18T00:00:25.655+0000] {logging_mixin.py:190} INFO -  Previous state of the Task instance: queued
[2025-04-18T00:00:25.656+0000] {logging_mixin.py:190} INFO - Current task name:load state:running start_date:2025-04-18 00:00:25.398411+00:00
[2025-04-18T00:00:25.656+0000] {logging_mixin.py:190} INFO - Dag name:etl_duckdb_dag_custom_class and current dag run status:running
[2025-04-18T00:00:25.657+0000] {taskinstance.py:732} INFO - ::endgroup::
[2025-04-18T00:00:25.686+0000] {warnings.py:112} WARNING - /opt/***/dags/etl_duckdb_dag.py:67: FutureWarning: Passing literal json to 'read_json' is deprecated and will be removed in a future version. To read from a literal string, wrap it in a 'StringIO' object.
  pd.read_json(dfs["dim_customer"], orient="split"),

[2025-04-18T00:00:25.706+0000] {warnings.py:112} WARNING - /opt/***/dags/etl_duckdb_dag.py:68: FutureWarning: Passing literal json to 'read_json' is deprecated and will be removed in a future version. To read from a literal string, wrap it in a 'StringIO' object.
  pd.read_json(dfs["dim_card"], orient="split"),

[2025-04-18T00:00:25.709+0000] {warnings.py:112} WARNING - /opt/***/dags/etl_duckdb_dag.py:69: FutureWarning: Passing literal json to 'read_json' is deprecated and will be removed in a future version. To read from a literal string, wrap it in a 'StringIO' object.
  pd.read_json(dfs["dim_demographics"], orient="split"),

[2025-04-18T00:00:25.719+0000] {warnings.py:112} WARNING - /opt/***/dags/etl_duckdb_dag.py:70: FutureWarning: Passing literal json to 'read_json' is deprecated and will be removed in a future version. To read from a literal string, wrap it in a 'StringIO' object.
  pd.read_json(dfs["dim_time"], orient="split"),

[2025-04-18T00:00:25.722+0000] {warnings.py:112} WARNING - /opt/***/dags/etl_duckdb_dag.py:71: FutureWarning: Passing literal json to 'read_json' is deprecated and will be removed in a future version. To read from a literal string, wrap it in a 'StringIO' object.
  pd.read_json(dfs["fact_transactions"], orient="split")

[2025-04-18T00:00:25.899+0000] {logging_mixin.py:190} INFO - ✅ Data berhasil dimuat ke data warehouse.
[2025-04-18T00:00:25.900+0000] {warnings.py:112} WARNING - /opt/***/dags/etl_duckdb_dag.py:74: FutureWarning: Passing literal json to 'read_json' is deprecated and will be removed in a future version. To read from a literal string, wrap it in a 'StringIO' object.
  "num_records": len(pd.read_json(dfs["fact_transactions"], orient="split")),

[2025-04-18T00:00:25.996+0000] {logging_mixin.py:190} INFO - 🔌 Koneksi DuckDB ditutup.
[2025-04-18T00:00:25.997+0000] {python.py:240} INFO - Done. Returned value was: {'num_records': 500, 'timestamp': '2025-04-18T00:00:25.919680'}
[2025-04-18T00:00:26.026+0000] {taskinstance.py:341} INFO - ::group::Post task execution logs
[2025-04-18T00:00:26.027+0000] {taskinstance.py:353} INFO - Marking task as SUCCESS. dag_id=etl_duckdb_dag_custom_class, task_id=load, run_id=scheduled__2025-04-17T00:00:00+00:00, execution_date=20250417T000000, start_date=20250418T000025, end_date=20250418T000026
[2025-04-18T00:00:26.056+0000] {logging_mixin.py:190} INFO - Task instance in success state
[2025-04-18T00:00:26.056+0000] {logging_mixin.py:190} INFO -  Previous state of the Task instance: running
[2025-04-18T00:00:26.057+0000] {logging_mixin.py:190} INFO - Dag name:etl_duckdb_dag_custom_class queued_at:2025-04-18 00:00:01.003952+00:00
[2025-04-18T00:00:26.058+0000] {logging_mixin.py:190} INFO - Task hostname:697c9a4320f6 operator:_PythonDecoratedOperator
[2025-04-18T00:00:26.104+0000] {local_task_job_runner.py:266} INFO - Task exited with return code 0
[2025-04-18T00:00:26.146+0000] {taskinstance.py:3901} INFO - 1 downstream tasks scheduled from follow-on schedule check
[2025-04-18T00:00:26.152+0000] {local_task_job_runner.py:245} INFO - ::endgroup::
