[2025-04-17T23:01:37.750+0000] {local_task_job_runner.py:123} INFO - ::group::Pre task execution logs
[2025-04-17T23:01:37.803+0000] {taskinstance.py:2614} INFO - Dependencies all met for dep_context=non-requeueable deps ti=<TaskInstance: dag_data_quality.record_quality_log scheduled__2025-04-16T00:00:00+00:00 [queued]>
[2025-04-17T23:01:37.839+0000] {taskinstance.py:2614} INFO - Dependencies all met for dep_context=requeueable deps ti=<TaskInstance: dag_data_quality.record_quality_log scheduled__2025-04-16T00:00:00+00:00 [queued]>
[2025-04-17T23:01:37.840+0000] {taskinstance.py:2867} INFO - Starting attempt 1 of 2
[2025-04-17T23:01:37.882+0000] {taskinstance.py:2890} INFO - Executing <Task(_PythonDecoratedOperator): record_quality_log> on 2025-04-16 00:00:00+00:00
[2025-04-17T23:01:37.931+0000] {standard_task_runner.py:104} INFO - Running: ['***', 'tasks', 'run', 'dag_data_quality', 'record_quality_log', 'scheduled__2025-04-16T00:00:00+00:00', '--job-id', '180', '--raw', '--subdir', 'DAGS_FOLDER/dag_data_quality.py', '--cfg-path', '/tmp/tmp_962ok42']
[2025-04-17T23:01:37.915+0000] {warnings.py:112} WARNING - /home/***/.local/lib/python3.12/site-packages/***/task/task_runner/standard_task_runner.py:70: DeprecationWarning: This process (pid=12041) is multi-threaded, use of fork() may lead to deadlocks in the child.
  pid = os.fork()

[2025-04-17T23:01:37.936+0000] {standard_task_runner.py:105} INFO - Job 180: Subtask record_quality_log
[2025-04-17T23:01:37.936+0000] {standard_task_runner.py:72} INFO - Started process 12049 to run task
[2025-04-17T23:01:38.060+0000] {task_command.py:467} INFO - Running <TaskInstance: dag_data_quality.record_quality_log scheduled__2025-04-16T00:00:00+00:00 [running]> on host 697c9a4320f6
[2025-04-17T23:01:38.411+0000] {taskinstance.py:3134} INFO - Exporting env vars: AIRFLOW_CTX_DAG_EMAIL='laurenziusjulioanreaja@mail.ugm.ac.id,selvianisacahyamukti@mail.ugm.ac.id,yudypratamafanggidae@mail.ugm.ac.id' AIRFLOW_CTX_DAG_OWNER='julio' AIRFLOW_CTX_DAG_ID='dag_data_quality' AIRFLOW_CTX_TASK_ID='record_quality_log' AIRFLOW_CTX_EXECUTION_DATE='2025-04-16T00:00:00+00:00' AIRFLOW_CTX_TRY_NUMBER='1' AIRFLOW_CTX_DAG_RUN_ID='scheduled__2025-04-16T00:00:00+00:00'
[2025-04-17T23:01:38.418+0000] {logging_mixin.py:190} INFO - Task instance is in running state
[2025-04-17T23:01:38.419+0000] {logging_mixin.py:190} INFO -  Previous state of the Task instance: queued
[2025-04-17T23:01:38.420+0000] {logging_mixin.py:190} INFO - Current task name:record_quality_log state:running start_date:2025-04-17 23:01:37.804467+00:00
[2025-04-17T23:01:38.422+0000] {logging_mixin.py:190} INFO - Dag name:dag_data_quality and current dag run status:running
[2025-04-17T23:01:38.422+0000] {taskinstance.py:732} INFO - ::endgroup::
[2025-04-17T23:01:38.636+0000] {python.py:240} INFO - Done. Returned value was: None
[2025-04-17T23:01:38.664+0000] {taskinstance.py:341} INFO - ::group::Post task execution logs
[2025-04-17T23:01:38.665+0000] {taskinstance.py:353} INFO - Marking task as SUCCESS. dag_id=dag_data_quality, task_id=record_quality_log, run_id=scheduled__2025-04-16T00:00:00+00:00, execution_date=20250416T000000, start_date=20250417T230137, end_date=20250417T230138
[2025-04-17T23:01:38.722+0000] {logging_mixin.py:190} INFO - Task instance in success state
[2025-04-17T23:01:38.724+0000] {logging_mixin.py:190} INFO -  Previous state of the Task instance: running
[2025-04-17T23:01:38.725+0000] {logging_mixin.py:190} INFO - Dag name:dag_data_quality queued_at:2025-04-17 23:00:51.102903+00:00
[2025-04-17T23:01:38.725+0000] {logging_mixin.py:190} INFO - Task hostname:697c9a4320f6 operator:_PythonDecoratedOperator
[2025-04-17T23:01:38.766+0000] {local_task_job_runner.py:266} INFO - Task exited with return code 0
[2025-04-17T23:01:38.833+0000] {taskinstance.py:3901} INFO - 1 downstream tasks scheduled from follow-on schedule check
[2025-04-17T23:01:38.843+0000] {local_task_job_runner.py:245} INFO - ::endgroup::
