[2025-04-12T01:12:23.492+0000] {local_task_job_runner.py:123} INFO - ::group::Pre task execution logs
[2025-04-12T01:12:23.518+0000] {taskinstance.py:2614} INFO - Dependencies all met for dep_context=non-requeueable deps ti=<TaskInstance: etl_duckdb_dag_custom_class.load scheduled__2025-04-11T00:00:00+00:00 [queued]>
[2025-04-12T01:12:23.528+0000] {taskinstance.py:2614} INFO - Dependencies all met for dep_context=requeueable deps ti=<TaskInstance: etl_duckdb_dag_custom_class.load scheduled__2025-04-11T00:00:00+00:00 [queued]>
[2025-04-12T01:12:23.529+0000] {taskinstance.py:2867} INFO - Starting attempt 1 of 2
[2025-04-12T01:12:23.543+0000] {taskinstance.py:2890} INFO - Executing <Task(_PythonDecoratedOperator): load> on 2025-04-11 00:00:00+00:00
[2025-04-12T01:12:23.553+0000] {warnings.py:112} WARNING - /home/***/.local/lib/python3.12/site-packages/***/task/task_runner/standard_task_runner.py:70: DeprecationWarning: This process (pid=46201) is multi-threaded, use of fork() may lead to deadlocks in the child.
  pid = os.fork()

[2025-04-12T01:12:23.555+0000] {standard_task_runner.py:72} INFO - Started process 46203 to run task
[2025-04-12T01:12:23.555+0000] {standard_task_runner.py:104} INFO - Running: ['***', 'tasks', 'run', 'etl_duckdb_dag_custom_class', 'load', 'scheduled__2025-04-11T00:00:00+00:00', '--job-id', '136', '--raw', '--subdir', 'DAGS_FOLDER/etl_duckdb_dag.py', '--cfg-path', '/tmp/tmp888y3i_2']
[2025-04-12T01:12:23.557+0000] {standard_task_runner.py:105} INFO - Job 136: Subtask load
[2025-04-12T01:12:23.605+0000] {task_command.py:467} INFO - Running <TaskInstance: etl_duckdb_dag_custom_class.load scheduled__2025-04-11T00:00:00+00:00 [running]> on host 2e277e0df613
[2025-04-12T01:12:23.701+0000] {taskinstance.py:3134} INFO - Exporting env vars: AIRFLOW_CTX_DAG_EMAIL='laurenziusjulioanreaja@mail.ugm.ac.id,selvianisacahyamukti@mail.ugm.ac.id,yudypratamafanggidae@mail.ugm.ac.id' AIRFLOW_CTX_DAG_OWNER='julio' AIRFLOW_CTX_DAG_ID='etl_duckdb_dag_custom_class' AIRFLOW_CTX_TASK_ID='load' AIRFLOW_CTX_EXECUTION_DATE='2025-04-11T00:00:00+00:00' AIRFLOW_CTX_TRY_NUMBER='1' AIRFLOW_CTX_DAG_RUN_ID='scheduled__2025-04-11T00:00:00+00:00'
[2025-04-12T01:12:23.702+0000] {logging_mixin.py:190} INFO - Task instance is in running state
[2025-04-12T01:12:23.703+0000] {logging_mixin.py:190} INFO -  Previous state of the Task instance: queued
[2025-04-12T01:12:23.703+0000] {logging_mixin.py:190} INFO - Current task name:load state:running start_date:2025-04-12 01:12:23.519081+00:00
[2025-04-12T01:12:23.704+0000] {logging_mixin.py:190} INFO - Dag name:etl_duckdb_dag_custom_class and current dag run status:running
[2025-04-12T01:12:23.704+0000] {taskinstance.py:732} INFO - ::endgroup::
[2025-04-12T01:12:23.735+0000] {warnings.py:112} WARNING - /opt/***/dags/etl_duckdb_dag.py:67: FutureWarning: Passing literal json to 'read_json' is deprecated and will be removed in a future version. To read from a literal string, wrap it in a 'StringIO' object.
  pd.read_json(dfs["dim_customer"], orient="split"),

[2025-04-12T01:12:23.750+0000] {warnings.py:112} WARNING - /opt/***/dags/etl_duckdb_dag.py:68: FutureWarning: Passing literal json to 'read_json' is deprecated and will be removed in a future version. To read from a literal string, wrap it in a 'StringIO' object.
  pd.read_json(dfs["dim_card"], orient="split"),

[2025-04-12T01:12:23.754+0000] {warnings.py:112} WARNING - /opt/***/dags/etl_duckdb_dag.py:69: FutureWarning: Passing literal json to 'read_json' is deprecated and will be removed in a future version. To read from a literal string, wrap it in a 'StringIO' object.
  pd.read_json(dfs["dim_demographics"], orient="split"),

[2025-04-12T01:12:23.760+0000] {warnings.py:112} WARNING - /opt/***/dags/etl_duckdb_dag.py:70: FutureWarning: Passing literal json to 'read_json' is deprecated and will be removed in a future version. To read from a literal string, wrap it in a 'StringIO' object.
  pd.read_json(dfs["dim_time"], orient="split"),

[2025-04-12T01:12:23.763+0000] {warnings.py:112} WARNING - /opt/***/dags/etl_duckdb_dag.py:71: FutureWarning: Passing literal json to 'read_json' is deprecated and will be removed in a future version. To read from a literal string, wrap it in a 'StringIO' object.
  pd.read_json(dfs["fact_transactions"], orient="split")

[2025-04-12T01:12:23.894+0000] {logging_mixin.py:190} INFO - ✅ Data berhasil dimuat ke data warehouse.
[2025-04-12T01:12:23.895+0000] {warnings.py:112} WARNING - /opt/***/dags/etl_duckdb_dag.py:74: FutureWarning: Passing literal json to 'read_json' is deprecated and will be removed in a future version. To read from a literal string, wrap it in a 'StringIO' object.
  "num_records": len(pd.read_json(dfs["fact_transactions"], orient="split")),

[2025-04-12T01:12:23.961+0000] {logging_mixin.py:190} INFO - 🔌 Koneksi DuckDB ditutup.
[2025-04-12T01:12:23.962+0000] {python.py:240} INFO - Done. Returned value was: {'num_records': 500, 'timestamp': '2025-04-12T01:12:23.903867'}
[2025-04-12T01:12:23.987+0000] {taskinstance.py:341} INFO - ::group::Post task execution logs
[2025-04-12T01:12:23.988+0000] {taskinstance.py:353} INFO - Marking task as SUCCESS. dag_id=etl_duckdb_dag_custom_class, task_id=load, run_id=scheduled__2025-04-11T00:00:00+00:00, execution_date=20250411T000000, start_date=20250412T011223, end_date=20250412T011223
[2025-04-12T01:12:24.012+0000] {logging_mixin.py:190} INFO - Task instance in success state
[2025-04-12T01:12:24.013+0000] {logging_mixin.py:190} INFO -  Previous state of the Task instance: running
[2025-04-12T01:12:24.013+0000] {logging_mixin.py:190} INFO - Dag name:etl_duckdb_dag_custom_class queued_at:2025-04-12 01:06:37.793745+00:00
[2025-04-12T01:12:24.013+0000] {logging_mixin.py:190} INFO - Task hostname:2e277e0df613 operator:_PythonDecoratedOperator
[2025-04-12T01:12:24.052+0000] {local_task_job_runner.py:266} INFO - Task exited with return code 0
[2025-04-12T01:12:24.091+0000] {taskinstance.py:3901} INFO - 1 downstream tasks scheduled from follow-on schedule check
[2025-04-12T01:12:24.097+0000] {local_task_job_runner.py:245} INFO - ::endgroup::
