[2025-04-20T00:00:15.326+0000] {local_task_job_runner.py:123} INFO - ::group::Pre task execution logs
[2025-04-20T00:00:15.360+0000] {taskinstance.py:2614} INFO - Dependencies all met for dep_context=non-requeueable deps ti=<TaskInstance: etl_duckdb_dag_custom_class.init scheduled__2025-04-19T00:00:00+00:00 [queued]>
[2025-04-20T00:00:15.376+0000] {taskinstance.py:2614} INFO - Dependencies all met for dep_context=requeueable deps ti=<TaskInstance: etl_duckdb_dag_custom_class.init scheduled__2025-04-19T00:00:00+00:00 [queued]>
[2025-04-20T00:00:15.377+0000] {taskinstance.py:2867} INFO - Starting attempt 1 of 2
[2025-04-20T00:00:15.402+0000] {taskinstance.py:2890} INFO - Executing <Task(_PythonDecoratedOperator): init> on 2025-04-19 00:00:00+00:00
[2025-04-20T00:00:15.416+0000] {warnings.py:112} WARNING - /home/***/.local/lib/python3.12/site-packages/***/task/task_runner/standard_task_runner.py:70: DeprecationWarning: This process (pid=23869) is multi-threaded, use of fork() may lead to deadlocks in the child.
  pid = os.fork()

[2025-04-20T00:00:15.418+0000] {standard_task_runner.py:72} INFO - Started process 23874 to run task
[2025-04-20T00:00:15.418+0000] {standard_task_runner.py:104} INFO - Running: ['***', 'tasks', 'run', 'etl_duckdb_dag_custom_class', 'init', 'scheduled__2025-04-19T00:00:00+00:00', '--job-id', '220', '--raw', '--subdir', 'DAGS_FOLDER/etl_duckdb_dag.py', '--cfg-path', '/tmp/tmp4aahsj85']
[2025-04-20T00:00:15.420+0000] {standard_task_runner.py:105} INFO - Job 220: Subtask init
[2025-04-20T00:00:15.481+0000] {task_command.py:467} INFO - Running <TaskInstance: etl_duckdb_dag_custom_class.init scheduled__2025-04-19T00:00:00+00:00 [running]> on host 697c9a4320f6
[2025-04-20T00:00:15.596+0000] {taskinstance.py:3134} INFO - Exporting env vars: AIRFLOW_CTX_DAG_EMAIL='laurenziusjulioanreaja@mail.ugm.ac.id,selvianisacahyamukti@mail.ugm.ac.id,yudypratamafanggidae@mail.ugm.ac.id' AIRFLOW_CTX_DAG_OWNER='julio' AIRFLOW_CTX_DAG_ID='etl_duckdb_dag_custom_class' AIRFLOW_CTX_TASK_ID='init' AIRFLOW_CTX_EXECUTION_DATE='2025-04-19T00:00:00+00:00' AIRFLOW_CTX_TRY_NUMBER='1' AIRFLOW_CTX_DAG_RUN_ID='scheduled__2025-04-19T00:00:00+00:00'
[2025-04-20T00:00:15.598+0000] {logging_mixin.py:190} INFO - Task instance is in running state
[2025-04-20T00:00:15.599+0000] {logging_mixin.py:190} INFO -  Previous state of the Task instance: queued
[2025-04-20T00:00:15.600+0000] {logging_mixin.py:190} INFO - Current task name:init state:running start_date:2025-04-20 00:00:15.361386+00:00
[2025-04-20T00:00:15.601+0000] {logging_mixin.py:190} INFO - Dag name:etl_duckdb_dag_custom_class and current dag run status:running
[2025-04-20T00:00:15.601+0000] {taskinstance.py:732} INFO - ::endgroup::
[2025-04-20T00:00:15.639+0000] {logging_mixin.py:190} INFO - ✅ Struktur data warehouse berhasil diinisialisasi.
[2025-04-20T00:00:15.644+0000] {logging_mixin.py:190} INFO - 🔌 Koneksi DuckDB ditutup.
[2025-04-20T00:00:15.645+0000] {python.py:240} INFO - Done. Returned value was: None
[2025-04-20T00:00:15.659+0000] {taskinstance.py:341} INFO - ::group::Post task execution logs
[2025-04-20T00:00:15.660+0000] {taskinstance.py:353} INFO - Marking task as SUCCESS. dag_id=etl_duckdb_dag_custom_class, task_id=init, run_id=scheduled__2025-04-19T00:00:00+00:00, execution_date=20250419T000000, start_date=20250420T000015, end_date=20250420T000015
[2025-04-20T00:00:15.701+0000] {logging_mixin.py:190} INFO - Task instance in success state
[2025-04-20T00:00:15.702+0000] {logging_mixin.py:190} INFO -  Previous state of the Task instance: running
[2025-04-20T00:00:15.702+0000] {logging_mixin.py:190} INFO - Dag name:etl_duckdb_dag_custom_class queued_at:2025-04-20 00:00:00.290974+00:00
[2025-04-20T00:00:15.703+0000] {logging_mixin.py:190} INFO - Task hostname:697c9a4320f6 operator:_PythonDecoratedOperator
[2025-04-20T00:00:15.756+0000] {local_task_job_runner.py:266} INFO - Task exited with return code 0
[2025-04-20T00:00:15.774+0000] {local_task_job_runner.py:245} INFO - ::endgroup::
