[2025-04-19T00:00:16.668+0000] {local_task_job_runner.py:123} INFO - ::group::Pre task execution logs
[2025-04-19T00:00:17.016+0000] {taskinstance.py:2614} INFO - Dependencies all met for dep_context=non-requeueable deps ti=<TaskInstance: etl_duckdb_dag_custom_class.check_data scheduled__2025-04-18T00:00:00+00:00 [queued]>
[2025-04-19T00:00:17.038+0000] {taskinstance.py:2614} INFO - Dependencies all met for dep_context=requeueable deps ti=<TaskInstance: etl_duckdb_dag_custom_class.check_data scheduled__2025-04-18T00:00:00+00:00 [queued]>
[2025-04-19T00:00:17.039+0000] {taskinstance.py:2867} INFO - Starting attempt 1 of 2
[2025-04-19T00:00:17.066+0000] {taskinstance.py:2890} INFO - Executing <Task(_PythonDecoratedOperator): check_data> on 2025-04-18 00:00:00+00:00
[2025-04-19T00:00:17.191+0000] {warnings.py:112} WARNING - /home/***/.local/lib/python3.12/site-packages/***/task/task_runner/standard_task_runner.py:70: DeprecationWarning: This process (pid=21567) is multi-threaded, use of fork() may lead to deadlocks in the child.
  pid = os.fork()

[2025-04-19T00:00:17.252+0000] {standard_task_runner.py:104} INFO - Running: ['***', 'tasks', 'run', 'etl_duckdb_dag_custom_class', 'check_data', 'scheduled__2025-04-18T00:00:00+00:00', '--job-id', '207', '--raw', '--subdir', 'DAGS_FOLDER/etl_duckdb_dag.py', '--cfg-path', '/tmp/tmp5vr7qpqg']
[2025-04-19T00:00:17.260+0000] {standard_task_runner.py:105} INFO - Job 207: Subtask check_data
[2025-04-19T00:00:17.260+0000] {standard_task_runner.py:72} INFO - Started process 21582 to run task
[2025-04-19T00:00:17.705+0000] {task_command.py:467} INFO - Running <TaskInstance: etl_duckdb_dag_custom_class.check_data scheduled__2025-04-18T00:00:00+00:00 [running]> on host 697c9a4320f6
[2025-04-19T00:00:17.905+0000] {taskinstance.py:3134} INFO - Exporting env vars: AIRFLOW_CTX_DAG_EMAIL='laurenziusjulioanreaja@mail.ugm.ac.id,selvianisacahyamukti@mail.ugm.ac.id,yudypratamafanggidae@mail.ugm.ac.id' AIRFLOW_CTX_DAG_OWNER='julio' AIRFLOW_CTX_DAG_ID='etl_duckdb_dag_custom_class' AIRFLOW_CTX_TASK_ID='check_data' AIRFLOW_CTX_EXECUTION_DATE='2025-04-18T00:00:00+00:00' AIRFLOW_CTX_TRY_NUMBER='1' AIRFLOW_CTX_DAG_RUN_ID='scheduled__2025-04-18T00:00:00+00:00'
[2025-04-19T00:00:17.908+0000] {logging_mixin.py:190} INFO - Task instance is in running state
[2025-04-19T00:00:17.910+0000] {logging_mixin.py:190} INFO -  Previous state of the Task instance: queued
[2025-04-19T00:00:17.911+0000] {logging_mixin.py:190} INFO - Current task name:check_data state:running start_date:2025-04-19 00:00:17.017091+00:00
[2025-04-19T00:00:17.912+0000] {logging_mixin.py:190} INFO - Dag name:etl_duckdb_dag_custom_class and current dag run status:running
[2025-04-19T00:00:17.914+0000] {taskinstance.py:732} INFO - ::endgroup::
[2025-04-19T00:00:17.917+0000] {python.py:240} INFO - Done. Returned value was: True
[2025-04-19T00:00:17.977+0000] {taskinstance.py:341} INFO - ::group::Post task execution logs
[2025-04-19T00:00:17.978+0000] {taskinstance.py:353} INFO - Marking task as SUCCESS. dag_id=etl_duckdb_dag_custom_class, task_id=check_data, run_id=scheduled__2025-04-18T00:00:00+00:00, execution_date=20250418T000000, start_date=20250419T000017, end_date=20250419T000017
[2025-04-19T00:00:18.032+0000] {logging_mixin.py:190} INFO - Task instance in success state
[2025-04-19T00:00:18.033+0000] {logging_mixin.py:190} INFO -  Previous state of the Task instance: running
[2025-04-19T00:00:18.034+0000] {logging_mixin.py:190} INFO - Dag name:etl_duckdb_dag_custom_class queued_at:2025-04-19 00:00:00.359217+00:00
[2025-04-19T00:00:18.035+0000] {logging_mixin.py:190} INFO - Task hostname:697c9a4320f6 operator:_PythonDecoratedOperator
[2025-04-19T00:00:18.091+0000] {local_task_job_runner.py:266} INFO - Task exited with return code 0
[2025-04-19T00:00:18.172+0000] {taskinstance.py:3901} INFO - 1 downstream tasks scheduled from follow-on schedule check
[2025-04-19T00:00:18.176+0000] {local_task_job_runner.py:245} INFO - ::endgroup::
