[2025-04-20T02:44:41.048+0000] {local_task_job_runner.py:123} INFO - ::group::Pre task execution logs
[2025-04-20T02:44:41.258+0000] {taskinstance.py:2614} INFO - Dependencies all met for dep_context=non-requeueable deps ti=<TaskInstance: migrate_duckdb_to_sqlite.migrate_all_tables manual__2025-04-20T02:44:28.945134+00:00 [queued]>
[2025-04-20T02:44:41.268+0000] {taskinstance.py:2614} INFO - Dependencies all met for dep_context=requeueable deps ti=<TaskInstance: migrate_duckdb_to_sqlite.migrate_all_tables manual__2025-04-20T02:44:28.945134+00:00 [queued]>
[2025-04-20T02:44:41.268+0000] {taskinstance.py:2867} INFO - Starting attempt 1 of 1
[2025-04-20T02:44:41.290+0000] {taskinstance.py:2890} INFO - Executing <Task(PythonOperator): migrate_all_tables> on 2025-04-20 02:44:28.945134+00:00
[2025-04-20T02:44:41.301+0000] {warnings.py:112} WARNING - /home/***/.local/lib/python3.12/site-packages/***/task/task_runner/standard_task_runner.py:70: DeprecationWarning: This process (pid=596) is multi-threaded, use of fork() may lead to deadlocks in the child.
  pid = os.fork()

[2025-04-20T02:44:41.303+0000] {standard_task_runner.py:72} INFO - Started process 598 to run task
[2025-04-20T02:44:41.303+0000] {standard_task_runner.py:104} INFO - Running: ['***', 'tasks', 'run', 'migrate_duckdb_to_sqlite', 'migrate_all_tables', 'manual__2025-04-20T02:44:28.945134+00:00', '--job-id', '233', '--raw', '--subdir', 'DAGS_FOLDER/dag_migration_sqlite.py', '--cfg-path', '/tmp/tmp566custv']
[2025-04-20T02:44:41.305+0000] {standard_task_runner.py:105} INFO - Job 233: Subtask migrate_all_tables
[2025-04-20T02:44:41.362+0000] {task_command.py:467} INFO - Running <TaskInstance: migrate_duckdb_to_sqlite.migrate_all_tables manual__2025-04-20T02:44:28.945134+00:00 [running]> on host 967b14145433
[2025-04-20T02:44:41.463+0000] {taskinstance.py:3134} INFO - Exporting env vars: AIRFLOW_CTX_DAG_OWNER='***' AIRFLOW_CTX_DAG_ID='migrate_duckdb_to_sqlite' AIRFLOW_CTX_TASK_ID='migrate_all_tables' AIRFLOW_CTX_EXECUTION_DATE='2025-04-20T02:44:28.945134+00:00' AIRFLOW_CTX_TRY_NUMBER='1' AIRFLOW_CTX_DAG_RUN_ID='manual__2025-04-20T02:44:28.945134+00:00'
[2025-04-20T02:44:41.466+0000] {logging_mixin.py:190} INFO - Task instance is in running state
[2025-04-20T02:44:41.466+0000] {logging_mixin.py:190} INFO -  Previous state of the Task instance: queued
[2025-04-20T02:44:41.467+0000] {logging_mixin.py:190} INFO - Current task name:migrate_all_tables state:running start_date:2025-04-20 02:44:41.259338+00:00
[2025-04-20T02:44:41.468+0000] {logging_mixin.py:190} INFO - Dag name:migrate_duckdb_to_sqlite and current dag run status:running
[2025-04-20T02:44:41.468+0000] {taskinstance.py:732} INFO - ::endgroup::
[2025-04-20T02:44:42.039+0000] {logging_mixin.py:190} INFO - ✅ Migrasi selesai!
[2025-04-20T02:44:42.042+0000] {python.py:240} INFO - Done. Returned value was: None
[2025-04-20T02:44:42.057+0000] {taskinstance.py:341} INFO - ::group::Post task execution logs
[2025-04-20T02:44:42.058+0000] {taskinstance.py:353} INFO - Marking task as SUCCESS. dag_id=migrate_duckdb_to_sqlite, task_id=migrate_all_tables, run_id=manual__2025-04-20T02:44:28.945134+00:00, execution_date=20250420T024428, start_date=20250420T024441, end_date=20250420T024442
[2025-04-20T02:44:42.091+0000] {logging_mixin.py:190} INFO - Task instance in success state
[2025-04-20T02:44:42.091+0000] {logging_mixin.py:190} INFO -  Previous state of the Task instance: running
[2025-04-20T02:44:42.092+0000] {logging_mixin.py:190} INFO - Dag name:migrate_duckdb_to_sqlite queued_at:2025-04-20 02:44:29.002488+00:00
[2025-04-20T02:44:42.092+0000] {logging_mixin.py:190} INFO - Task hostname:967b14145433 operator:PythonOperator
[2025-04-20T02:44:42.123+0000] {local_task_job_runner.py:266} INFO - Task exited with return code 0
[2025-04-20T02:44:42.149+0000] {taskinstance.py:3901} INFO - 0 downstream tasks scheduled from follow-on schedule check
[2025-04-20T02:44:42.156+0000] {local_task_job_runner.py:245} INFO - ::endgroup::
