[2025-03-22T09:17:46.994+0000] {processor.py:186} INFO - Started process (PID=2564) to work on /opt/airflow/dags/example_dag.py
[2025-03-22T09:17:46.995+0000] {processor.py:914} INFO - Processing file /opt/airflow/dags/example_dag.py for tasks to queue
[2025-03-22T09:17:46.996+0000] {logging_mixin.py:190} INFO - [2025-03-22T09:17:46.996+0000] {dagbag.py:588} INFO - Filling up the DagBag from /opt/airflow/dags/example_dag.py
[2025-03-22T09:17:47.021+0000] {processor.py:925} INFO - DAG(s) 'contoh_dag_pertamaku' retrieved from /opt/airflow/dags/example_dag.py
[2025-03-22T09:17:47.128+0000] {logging_mixin.py:190} INFO - [2025-03-22T09:17:47.127+0000] {override.py:1912} INFO - Created Permission View: can edit on DAG:contoh_dag_pertamaku
[2025-03-22T09:17:47.139+0000] {logging_mixin.py:190} INFO - [2025-03-22T09:17:47.139+0000] {override.py:1912} INFO - Created Permission View: can delete on DAG:contoh_dag_pertamaku
[2025-03-22T09:17:47.146+0000] {logging_mixin.py:190} INFO - [2025-03-22T09:17:47.146+0000] {override.py:1912} INFO - Created Permission View: can read on DAG:contoh_dag_pertamaku
[2025-03-22T09:17:47.155+0000] {logging_mixin.py:190} INFO - [2025-03-22T09:17:47.155+0000] {override.py:1912} INFO - Created Permission View: can delete on DAG Run:contoh_dag_pertamaku
[2025-03-22T09:17:47.162+0000] {logging_mixin.py:190} INFO - [2025-03-22T09:17:47.161+0000] {override.py:1912} INFO - Created Permission View: menu access on DAG Run:contoh_dag_pertamaku
[2025-03-22T09:17:47.168+0000] {logging_mixin.py:190} INFO - [2025-03-22T09:17:47.168+0000] {override.py:1912} INFO - Created Permission View: can create on DAG Run:contoh_dag_pertamaku
[2025-03-22T09:17:47.175+0000] {logging_mixin.py:190} INFO - [2025-03-22T09:17:47.175+0000] {override.py:1912} INFO - Created Permission View: can read on DAG Run:contoh_dag_pertamaku
[2025-03-22T09:17:47.176+0000] {logging_mixin.py:190} INFO - [2025-03-22T09:17:47.175+0000] {dag.py:3239} INFO - Sync 1 DAGs
[2025-03-22T09:17:47.189+0000] {logging_mixin.py:190} INFO - [2025-03-22T09:17:47.189+0000] {dag.py:3262} INFO - Creating ORM DAG for contoh_dag_pertamaku
[2025-03-22T09:17:47.199+0000] {logging_mixin.py:190} INFO - [2025-03-22T09:17:47.199+0000] {dag.py:4180} INFO - Setting next_dagrun for contoh_dag_pertamaku to 2025-03-21 00:00:00+00:00, run_after=2025-03-22 00:00:00+00:00
[2025-03-22T09:17:47.216+0000] {processor.py:208} INFO - Processing /opt/airflow/dags/example_dag.py took 0.228 seconds
[2025-03-22T09:18:17.286+0000] {processor.py:186} INFO - Started process (PID=2618) to work on /opt/airflow/dags/example_dag.py
[2025-03-22T09:18:17.287+0000] {processor.py:914} INFO - Processing file /opt/airflow/dags/example_dag.py for tasks to queue
[2025-03-22T09:18:17.288+0000] {logging_mixin.py:190} INFO - [2025-03-22T09:18:17.288+0000] {dagbag.py:588} INFO - Filling up the DagBag from /opt/airflow/dags/example_dag.py
[2025-03-22T09:18:17.307+0000] {processor.py:925} INFO - DAG(s) 'contoh_dag_pertamaku' retrieved from /opt/airflow/dags/example_dag.py
[2025-03-22T09:18:17.326+0000] {logging_mixin.py:190} INFO - [2025-03-22T09:18:17.326+0000] {dag.py:3239} INFO - Sync 1 DAGs
[2025-03-22T09:18:17.353+0000] {logging_mixin.py:190} INFO - [2025-03-22T09:18:17.353+0000] {dag.py:4180} INFO - Setting next_dagrun for contoh_dag_pertamaku to 2025-03-21 00:00:00+00:00, run_after=2025-03-22 00:00:00+00:00
[2025-03-22T09:18:17.372+0000] {processor.py:208} INFO - Processing /opt/airflow/dags/example_dag.py took 0.092 seconds
[2025-03-22T09:18:37.063+0000] {processor.py:186} INFO - Started process (PID=2661) to work on /opt/airflow/dags/example_dag.py
[2025-03-22T09:18:37.064+0000] {processor.py:914} INFO - Processing file /opt/airflow/dags/example_dag.py for tasks to queue
[2025-03-22T09:18:37.065+0000] {logging_mixin.py:190} INFO - [2025-03-22T09:18:37.065+0000] {dagbag.py:588} INFO - Filling up the DagBag from /opt/airflow/dags/example_dag.py
[2025-03-22T09:18:37.092+0000] {processor.py:925} INFO - DAG(s) 'contoh_dag_pertamaku' retrieved from /opt/airflow/dags/example_dag.py
[2025-03-22T09:18:37.108+0000] {logging_mixin.py:190} INFO - [2025-03-22T09:18:37.107+0000] {dag.py:3239} INFO - Sync 1 DAGs
[2025-03-22T09:18:37.130+0000] {logging_mixin.py:190} INFO - [2025-03-22T09:18:37.130+0000] {dag.py:4180} INFO - Setting next_dagrun for contoh_dag_pertamaku to 2025-03-21 00:00:00+00:00, run_after=2025-03-22 00:00:00+00:00
[2025-03-22T09:18:37.152+0000] {processor.py:208} INFO - Processing /opt/airflow/dags/example_dag.py took 0.094 seconds
[2025-03-22T09:19:07.576+0000] {processor.py:186} INFO - Started process (PID=2726) to work on /opt/airflow/dags/example_dag.py
[2025-03-22T09:19:07.577+0000] {processor.py:914} INFO - Processing file /opt/airflow/dags/example_dag.py for tasks to queue
[2025-03-22T09:19:07.580+0000] {logging_mixin.py:190} INFO - [2025-03-22T09:19:07.580+0000] {dagbag.py:588} INFO - Filling up the DagBag from /opt/airflow/dags/example_dag.py
[2025-03-22T09:19:07.607+0000] {processor.py:925} INFO - DAG(s) 'contoh_dag_pertamaku' retrieved from /opt/airflow/dags/example_dag.py
[2025-03-22T09:19:07.636+0000] {logging_mixin.py:190} INFO - [2025-03-22T09:19:07.635+0000] {dag.py:3239} INFO - Sync 1 DAGs
[2025-03-22T09:19:07.672+0000] {logging_mixin.py:190} INFO - [2025-03-22T09:19:07.672+0000] {dag.py:4180} INFO - Setting next_dagrun for contoh_dag_pertamaku to 2025-03-21 00:00:00+00:00, run_after=2025-03-22 00:00:00+00:00
[2025-03-22T09:19:07.697+0000] {processor.py:208} INFO - Processing /opt/airflow/dags/example_dag.py took 0.130 seconds
[2025-03-22T09:19:37.799+0000] {processor.py:186} INFO - Started process (PID=2790) to work on /opt/airflow/dags/example_dag.py
[2025-03-22T09:19:37.800+0000] {processor.py:914} INFO - Processing file /opt/airflow/dags/example_dag.py for tasks to queue
[2025-03-22T09:19:37.802+0000] {logging_mixin.py:190} INFO - [2025-03-22T09:19:37.802+0000] {dagbag.py:588} INFO - Filling up the DagBag from /opt/airflow/dags/example_dag.py
[2025-03-22T09:19:37.824+0000] {processor.py:925} INFO - DAG(s) 'contoh_dag_pertamaku' retrieved from /opt/airflow/dags/example_dag.py
[2025-03-22T09:19:37.846+0000] {logging_mixin.py:190} INFO - [2025-03-22T09:19:37.845+0000] {dag.py:3239} INFO - Sync 1 DAGs
[2025-03-22T09:19:37.871+0000] {logging_mixin.py:190} INFO - [2025-03-22T09:19:37.871+0000] {dag.py:4180} INFO - Setting next_dagrun for contoh_dag_pertamaku to 2025-03-21 00:00:00+00:00, run_after=2025-03-22 00:00:00+00:00
[2025-03-22T09:19:37.894+0000] {processor.py:208} INFO - Processing /opt/airflow/dags/example_dag.py took 0.102 seconds
[2025-03-22T09:20:08.915+0000] {processor.py:186} INFO - Started process (PID=2854) to work on /opt/airflow/dags/example_dag.py
[2025-03-22T09:20:08.916+0000] {processor.py:914} INFO - Processing file /opt/airflow/dags/example_dag.py for tasks to queue
[2025-03-22T09:20:08.918+0000] {logging_mixin.py:190} INFO - [2025-03-22T09:20:08.917+0000] {dagbag.py:588} INFO - Filling up the DagBag from /opt/airflow/dags/example_dag.py
[2025-03-22T09:20:08.944+0000] {processor.py:925} INFO - DAG(s) 'contoh_dag_pertamaku' retrieved from /opt/airflow/dags/example_dag.py
[2025-03-22T09:20:08.969+0000] {logging_mixin.py:190} INFO - [2025-03-22T09:20:08.969+0000] {dag.py:3239} INFO - Sync 1 DAGs
[2025-03-22T09:20:09.012+0000] {logging_mixin.py:190} INFO - [2025-03-22T09:20:09.012+0000] {dag.py:4180} INFO - Setting next_dagrun for contoh_dag_pertamaku to 2025-03-21 00:00:00+00:00, run_after=2025-03-22 00:00:00+00:00
[2025-03-22T09:20:09.038+0000] {processor.py:208} INFO - Processing /opt/airflow/dags/example_dag.py took 0.131 seconds
[2025-03-22T09:20:39.145+0000] {processor.py:186} INFO - Started process (PID=2918) to work on /opt/airflow/dags/example_dag.py
[2025-03-22T09:20:39.145+0000] {processor.py:914} INFO - Processing file /opt/airflow/dags/example_dag.py for tasks to queue
[2025-03-22T09:20:39.147+0000] {logging_mixin.py:190} INFO - [2025-03-22T09:20:39.147+0000] {dagbag.py:588} INFO - Filling up the DagBag from /opt/airflow/dags/example_dag.py
[2025-03-22T09:20:39.163+0000] {processor.py:925} INFO - DAG(s) 'contoh_dag_pertamaku' retrieved from /opt/airflow/dags/example_dag.py
[2025-03-22T09:20:39.179+0000] {logging_mixin.py:190} INFO - [2025-03-22T09:20:39.179+0000] {dag.py:3239} INFO - Sync 1 DAGs
[2025-03-22T09:20:39.208+0000] {logging_mixin.py:190} INFO - [2025-03-22T09:20:39.208+0000] {dag.py:4180} INFO - Setting next_dagrun for contoh_dag_pertamaku to 2025-03-21 00:00:00+00:00, run_after=2025-03-22 00:00:00+00:00
[2025-03-22T09:20:39.226+0000] {processor.py:208} INFO - Processing /opt/airflow/dags/example_dag.py took 0.087 seconds
[2025-03-22T09:21:09.303+0000] {processor.py:186} INFO - Started process (PID=2982) to work on /opt/airflow/dags/example_dag.py
[2025-03-22T09:21:09.304+0000] {processor.py:914} INFO - Processing file /opt/airflow/dags/example_dag.py for tasks to queue
[2025-03-22T09:21:09.306+0000] {logging_mixin.py:190} INFO - [2025-03-22T09:21:09.305+0000] {dagbag.py:588} INFO - Filling up the DagBag from /opt/airflow/dags/example_dag.py
[2025-03-22T09:21:09.329+0000] {processor.py:925} INFO - DAG(s) 'contoh_dag_pertamaku' retrieved from /opt/airflow/dags/example_dag.py
[2025-03-22T09:21:09.352+0000] {logging_mixin.py:190} INFO - [2025-03-22T09:21:09.352+0000] {dag.py:3239} INFO - Sync 1 DAGs
[2025-03-22T09:21:09.383+0000] {logging_mixin.py:190} INFO - [2025-03-22T09:21:09.383+0000] {dag.py:4180} INFO - Setting next_dagrun for contoh_dag_pertamaku to 2025-03-21 00:00:00+00:00, run_after=2025-03-22 00:00:00+00:00
[2025-03-22T09:21:09.403+0000] {processor.py:208} INFO - Processing /opt/airflow/dags/example_dag.py took 0.108 seconds
[2025-03-22T09:21:39.486+0000] {processor.py:186} INFO - Started process (PID=3046) to work on /opt/airflow/dags/example_dag.py
[2025-03-22T09:21:39.487+0000] {processor.py:914} INFO - Processing file /opt/airflow/dags/example_dag.py for tasks to queue
[2025-03-22T09:21:39.488+0000] {logging_mixin.py:190} INFO - [2025-03-22T09:21:39.488+0000] {dagbag.py:588} INFO - Filling up the DagBag from /opt/airflow/dags/example_dag.py
[2025-03-22T09:21:39.504+0000] {processor.py:925} INFO - DAG(s) 'contoh_dag_pertamaku' retrieved from /opt/airflow/dags/example_dag.py
[2025-03-22T09:21:39.523+0000] {logging_mixin.py:190} INFO - [2025-03-22T09:21:39.523+0000] {dag.py:3239} INFO - Sync 1 DAGs
[2025-03-22T09:21:39.548+0000] {logging_mixin.py:190} INFO - [2025-03-22T09:21:39.547+0000] {dag.py:4180} INFO - Setting next_dagrun for contoh_dag_pertamaku to 2025-03-21 00:00:00+00:00, run_after=2025-03-22 00:00:00+00:00
[2025-03-22T09:21:39.565+0000] {processor.py:208} INFO - Processing /opt/airflow/dags/example_dag.py took 0.084 seconds
[2025-03-22T09:22:09.755+0000] {processor.py:186} INFO - Started process (PID=3110) to work on /opt/airflow/dags/example_dag.py
[2025-03-22T09:22:09.756+0000] {processor.py:914} INFO - Processing file /opt/airflow/dags/example_dag.py for tasks to queue
[2025-03-22T09:22:09.758+0000] {logging_mixin.py:190} INFO - [2025-03-22T09:22:09.758+0000] {dagbag.py:588} INFO - Filling up the DagBag from /opt/airflow/dags/example_dag.py
[2025-03-22T09:22:09.777+0000] {processor.py:925} INFO - DAG(s) 'contoh_dag_pertamaku' retrieved from /opt/airflow/dags/example_dag.py
[2025-03-22T09:22:09.796+0000] {logging_mixin.py:190} INFO - [2025-03-22T09:22:09.796+0000] {dag.py:3239} INFO - Sync 1 DAGs
[2025-03-22T09:22:09.824+0000] {logging_mixin.py:190} INFO - [2025-03-22T09:22:09.824+0000] {dag.py:4180} INFO - Setting next_dagrun for contoh_dag_pertamaku to 2025-03-21 00:00:00+00:00, run_after=2025-03-22 00:00:00+00:00
[2025-03-22T09:22:09.843+0000] {processor.py:208} INFO - Processing /opt/airflow/dags/example_dag.py took 0.094 seconds
