[2025-04-20T06:34:43.255+0000] {local_task_job_runner.py:123} INFO - ::group::Pre task execution logs
[2025-04-20T06:34:43.487+0000] {taskinstance.py:2614} INFO - Dependencies all met for dep_context=non-requeueable deps ti=<TaskInstance: dag_sqlite_data_mart.sqlite_dm_and_views manual__2025-04-20T06:34:39.426386+00:00 [queued]>
[2025-04-20T06:34:43.496+0000] {taskinstance.py:2614} INFO - Dependencies all met for dep_context=requeueable deps ti=<TaskInstance: dag_sqlite_data_mart.sqlite_dm_and_views manual__2025-04-20T06:34:39.426386+00:00 [queued]>
[2025-04-20T06:34:43.497+0000] {taskinstance.py:2867} INFO - Starting attempt 1 of 1
[2025-04-20T06:34:43.516+0000] {taskinstance.py:2890} INFO - Executing <Task(PythonOperator): sqlite_dm_and_views> on 2025-04-20 06:34:39.426386+00:00
[2025-04-20T06:34:43.527+0000] {warnings.py:112} WARNING - /home/***/.local/lib/python3.12/site-packages/***/task/task_runner/standard_task_runner.py:70: DeprecationWarning: This process (pid=3571) is multi-threaded, use of fork() may lead to deadlocks in the child.
  pid = os.fork()

[2025-04-20T06:34:43.530+0000] {standard_task_runner.py:72} INFO - Started process 3573 to run task
[2025-04-20T06:34:43.530+0000] {standard_task_runner.py:104} INFO - Running: ['***', 'tasks', 'run', 'dag_sqlite_data_mart', 'sqlite_dm_and_views', 'manual__2025-04-20T06:34:39.426386+00:00', '--job-id', '238', '--raw', '--subdir', 'DAGS_FOLDER/dag_sqlite_data_mart.py', '--cfg-path', '/tmp/tmpcox1xdz3']
[2025-04-20T06:34:43.531+0000] {standard_task_runner.py:105} INFO - Job 238: Subtask sqlite_dm_and_views
[2025-04-20T06:34:43.589+0000] {task_command.py:467} INFO - Running <TaskInstance: dag_sqlite_data_mart.sqlite_dm_and_views manual__2025-04-20T06:34:39.426386+00:00 [running]> on host 967b14145433
[2025-04-20T06:34:43.696+0000] {taskinstance.py:3134} INFO - Exporting env vars: AIRFLOW_CTX_DAG_OWNER='***' AIRFLOW_CTX_DAG_ID='dag_sqlite_data_mart' AIRFLOW_CTX_TASK_ID='sqlite_dm_and_views' AIRFLOW_CTX_EXECUTION_DATE='2025-04-20T06:34:39.426386+00:00' AIRFLOW_CTX_TRY_NUMBER='1' AIRFLOW_CTX_DAG_RUN_ID='manual__2025-04-20T06:34:39.426386+00:00'
[2025-04-20T06:34:43.698+0000] {logging_mixin.py:190} INFO - Task instance is in running state
[2025-04-20T06:34:43.698+0000] {logging_mixin.py:190} INFO -  Previous state of the Task instance: queued
[2025-04-20T06:34:43.699+0000] {logging_mixin.py:190} INFO - Current task name:sqlite_dm_and_views state:running start_date:2025-04-20 06:34:43.487827+00:00
[2025-04-20T06:34:43.699+0000] {logging_mixin.py:190} INFO - Dag name:dag_sqlite_data_mart and current dag run status:running
[2025-04-20T06:34:43.700+0000] {taskinstance.py:732} INFO - ::endgroup::
[2025-04-20T06:34:43.981+0000] {logging_mixin.py:190} INFO - ✅ Data mart dan view di SQLite berhasil dibuat tanpa kolom transaction_date.
[2025-04-20T06:34:43.983+0000] {python.py:240} INFO - Done. Returned value was: None
[2025-04-20T06:34:43.997+0000] {taskinstance.py:341} INFO - ::group::Post task execution logs
[2025-04-20T06:34:43.998+0000] {taskinstance.py:353} INFO - Marking task as SUCCESS. dag_id=dag_sqlite_data_mart, task_id=sqlite_dm_and_views, run_id=manual__2025-04-20T06:34:39.426386+00:00, execution_date=20250420T063439, start_date=20250420T063443, end_date=20250420T063443
[2025-04-20T06:34:44.031+0000] {logging_mixin.py:190} INFO - Task instance in success state
[2025-04-20T06:34:44.032+0000] {logging_mixin.py:190} INFO -  Previous state of the Task instance: running
[2025-04-20T06:34:44.033+0000] {logging_mixin.py:190} INFO - Dag name:dag_sqlite_data_mart queued_at:2025-04-20 06:34:39.461732+00:00
[2025-04-20T06:34:44.033+0000] {logging_mixin.py:190} INFO - Task hostname:967b14145433 operator:PythonOperator
[2025-04-20T06:34:44.066+0000] {local_task_job_runner.py:266} INFO - Task exited with return code 0
[2025-04-20T06:34:44.085+0000] {taskinstance.py:3901} INFO - 0 downstream tasks scheduled from follow-on schedule check
[2025-04-20T06:34:44.088+0000] {local_task_job_runner.py:245} INFO - ::endgroup::
