[2025-04-15T19:35:12.181+0000] {processor.py:186} INFO - Started process (PID=15759) to work on /opt/airflow/dags/etl_duckdb_dag.py
[2025-04-15T19:35:12.200+0000] {processor.py:914} INFO - Processing file /opt/airflow/dags/etl_duckdb_dag.py for tasks to queue
[2025-04-15T19:35:12.267+0000] {logging_mixin.py:190} INFO - [2025-04-15T19:35:12.258+0000] {dagbag.py:588} INFO - Filling up the DagBag from /opt/airflow/dags/etl_duckdb_dag.py
[2025-04-15T19:35:16.407+0000] {processor.py:925} INFO - DAG(s) 'etl_duckdb_dag_custom_class' retrieved from /opt/airflow/dags/etl_duckdb_dag.py
[2025-04-15T19:35:17.714+0000] {logging_mixin.py:190} INFO - [2025-04-15T19:35:17.713+0000] {dag.py:3239} INFO - Sync 1 DAGs
[2025-04-15T19:35:17.992+0000] {logging_mixin.py:190} INFO - [2025-04-15T19:35:17.991+0000] {dag.py:4180} INFO - Setting next_dagrun for etl_duckdb_dag_custom_class to 2025-04-15 00:00:00+00:00, run_after=2025-04-16 00:00:00+00:00
[2025-04-15T19:35:26.451+0000] {processor.py:208} INFO - Processing /opt/airflow/dags/etl_duckdb_dag.py took 14.373 seconds
[2025-04-15T19:35:57.436+0000] {processor.py:186} INFO - Started process (PID=15831) to work on /opt/airflow/dags/etl_duckdb_dag.py
[2025-04-15T19:35:57.437+0000] {processor.py:914} INFO - Processing file /opt/airflow/dags/etl_duckdb_dag.py for tasks to queue
[2025-04-15T19:35:57.440+0000] {logging_mixin.py:190} INFO - [2025-04-15T19:35:57.439+0000] {dagbag.py:588} INFO - Filling up the DagBag from /opt/airflow/dags/etl_duckdb_dag.py
[2025-04-15T19:35:57.541+0000] {processor.py:925} INFO - DAG(s) 'etl_duckdb_dag_custom_class' retrieved from /opt/airflow/dags/etl_duckdb_dag.py
[2025-04-15T19:35:57.576+0000] {logging_mixin.py:190} INFO - [2025-04-15T19:35:57.575+0000] {dag.py:3239} INFO - Sync 1 DAGs
[2025-04-15T19:35:57.625+0000] {logging_mixin.py:190} INFO - [2025-04-15T19:35:57.625+0000] {dag.py:4180} INFO - Setting next_dagrun for etl_duckdb_dag_custom_class to 2025-04-15 00:00:00+00:00, run_after=2025-04-16 00:00:00+00:00
[2025-04-15T19:35:57.673+0000] {processor.py:208} INFO - Processing /opt/airflow/dags/etl_duckdb_dag.py took 0.248 seconds
[2025-04-15T19:36:28.031+0000] {processor.py:186} INFO - Started process (PID=15898) to work on /opt/airflow/dags/etl_duckdb_dag.py
[2025-04-15T19:36:28.033+0000] {processor.py:914} INFO - Processing file /opt/airflow/dags/etl_duckdb_dag.py for tasks to queue
[2025-04-15T19:36:28.035+0000] {logging_mixin.py:190} INFO - [2025-04-15T19:36:28.034+0000] {dagbag.py:588} INFO - Filling up the DagBag from /opt/airflow/dags/etl_duckdb_dag.py
[2025-04-15T19:36:28.121+0000] {processor.py:925} INFO - DAG(s) 'etl_duckdb_dag_custom_class' retrieved from /opt/airflow/dags/etl_duckdb_dag.py
[2025-04-15T19:36:28.150+0000] {logging_mixin.py:190} INFO - [2025-04-15T19:36:28.150+0000] {dag.py:3239} INFO - Sync 1 DAGs
[2025-04-15T19:36:28.191+0000] {logging_mixin.py:190} INFO - [2025-04-15T19:36:28.191+0000] {dag.py:4180} INFO - Setting next_dagrun for etl_duckdb_dag_custom_class to 2025-04-15 00:00:00+00:00, run_after=2025-04-16 00:00:00+00:00
[2025-04-15T19:36:28.221+0000] {processor.py:208} INFO - Processing /opt/airflow/dags/etl_duckdb_dag.py took 0.200 seconds
[2025-04-15T19:36:58.682+0000] {processor.py:186} INFO - Started process (PID=15965) to work on /opt/airflow/dags/etl_duckdb_dag.py
[2025-04-15T19:36:58.684+0000] {processor.py:914} INFO - Processing file /opt/airflow/dags/etl_duckdb_dag.py for tasks to queue
[2025-04-15T19:36:58.687+0000] {logging_mixin.py:190} INFO - [2025-04-15T19:36:58.686+0000] {dagbag.py:588} INFO - Filling up the DagBag from /opt/airflow/dags/etl_duckdb_dag.py
[2025-04-15T19:36:58.796+0000] {processor.py:925} INFO - DAG(s) 'etl_duckdb_dag_custom_class' retrieved from /opt/airflow/dags/etl_duckdb_dag.py
[2025-04-15T19:36:58.840+0000] {logging_mixin.py:190} INFO - [2025-04-15T19:36:58.840+0000] {dag.py:3239} INFO - Sync 1 DAGs
[2025-04-15T19:36:58.879+0000] {logging_mixin.py:190} INFO - [2025-04-15T19:36:58.879+0000] {dag.py:4180} INFO - Setting next_dagrun for etl_duckdb_dag_custom_class to 2025-04-15 00:00:00+00:00, run_after=2025-04-16 00:00:00+00:00
[2025-04-15T19:36:58.923+0000] {processor.py:208} INFO - Processing /opt/airflow/dags/etl_duckdb_dag.py took 0.262 seconds
[2025-04-15T19:37:29.842+0000] {processor.py:186} INFO - Started process (PID=16032) to work on /opt/airflow/dags/etl_duckdb_dag.py
[2025-04-15T19:37:29.844+0000] {processor.py:914} INFO - Processing file /opt/airflow/dags/etl_duckdb_dag.py for tasks to queue
[2025-04-15T19:37:29.847+0000] {logging_mixin.py:190} INFO - [2025-04-15T19:37:29.846+0000] {dagbag.py:588} INFO - Filling up the DagBag from /opt/airflow/dags/etl_duckdb_dag.py
[2025-04-15T19:37:29.987+0000] {processor.py:925} INFO - DAG(s) 'etl_duckdb_dag_custom_class' retrieved from /opt/airflow/dags/etl_duckdb_dag.py
[2025-04-15T19:37:30.036+0000] {logging_mixin.py:190} INFO - [2025-04-15T19:37:30.036+0000] {dag.py:3239} INFO - Sync 1 DAGs
[2025-04-15T19:37:30.093+0000] {logging_mixin.py:190} INFO - [2025-04-15T19:37:30.092+0000] {dag.py:4180} INFO - Setting next_dagrun for etl_duckdb_dag_custom_class to 2025-04-15 00:00:00+00:00, run_after=2025-04-16 00:00:00+00:00
[2025-04-15T19:37:30.150+0000] {processor.py:208} INFO - Processing /opt/airflow/dags/etl_duckdb_dag.py took 0.321 seconds
[2025-04-15T19:38:00.307+0000] {processor.py:186} INFO - Started process (PID=16100) to work on /opt/airflow/dags/etl_duckdb_dag.py
[2025-04-15T19:38:00.308+0000] {processor.py:914} INFO - Processing file /opt/airflow/dags/etl_duckdb_dag.py for tasks to queue
[2025-04-15T19:38:00.310+0000] {logging_mixin.py:190} INFO - [2025-04-15T19:38:00.310+0000] {dagbag.py:588} INFO - Filling up the DagBag from /opt/airflow/dags/etl_duckdb_dag.py
[2025-04-15T19:38:00.479+0000] {processor.py:925} INFO - DAG(s) 'etl_duckdb_dag_custom_class' retrieved from /opt/airflow/dags/etl_duckdb_dag.py
[2025-04-15T19:38:00.601+0000] {logging_mixin.py:190} INFO - [2025-04-15T19:38:00.601+0000] {dag.py:3239} INFO - Sync 1 DAGs
[2025-04-15T19:38:00.743+0000] {logging_mixin.py:190} INFO - [2025-04-15T19:38:00.742+0000] {dag.py:4180} INFO - Setting next_dagrun for etl_duckdb_dag_custom_class to 2025-04-15 00:00:00+00:00, run_after=2025-04-16 00:00:00+00:00
[2025-04-15T19:38:00.783+0000] {processor.py:208} INFO - Processing /opt/airflow/dags/etl_duckdb_dag.py took 0.487 seconds
[2025-04-15T19:38:31.127+0000] {processor.py:186} INFO - Started process (PID=16166) to work on /opt/airflow/dags/etl_duckdb_dag.py
[2025-04-15T19:38:31.128+0000] {processor.py:914} INFO - Processing file /opt/airflow/dags/etl_duckdb_dag.py for tasks to queue
[2025-04-15T19:38:31.131+0000] {logging_mixin.py:190} INFO - [2025-04-15T19:38:31.130+0000] {dagbag.py:588} INFO - Filling up the DagBag from /opt/airflow/dags/etl_duckdb_dag.py
[2025-04-15T19:38:31.220+0000] {processor.py:925} INFO - DAG(s) 'etl_duckdb_dag_custom_class' retrieved from /opt/airflow/dags/etl_duckdb_dag.py
[2025-04-15T19:38:31.255+0000] {logging_mixin.py:190} INFO - [2025-04-15T19:38:31.255+0000] {dag.py:3239} INFO - Sync 1 DAGs
[2025-04-15T19:38:31.296+0000] {logging_mixin.py:190} INFO - [2025-04-15T19:38:31.295+0000] {dag.py:4180} INFO - Setting next_dagrun for etl_duckdb_dag_custom_class to 2025-04-15 00:00:00+00:00, run_after=2025-04-16 00:00:00+00:00
[2025-04-15T19:38:31.330+0000] {processor.py:208} INFO - Processing /opt/airflow/dags/etl_duckdb_dag.py took 0.212 seconds
[2025-04-15T19:39:01.797+0000] {processor.py:186} INFO - Started process (PID=16233) to work on /opt/airflow/dags/etl_duckdb_dag.py
[2025-04-15T19:39:01.799+0000] {processor.py:914} INFO - Processing file /opt/airflow/dags/etl_duckdb_dag.py for tasks to queue
[2025-04-15T19:39:01.800+0000] {logging_mixin.py:190} INFO - [2025-04-15T19:39:01.800+0000] {dagbag.py:588} INFO - Filling up the DagBag from /opt/airflow/dags/etl_duckdb_dag.py
[2025-04-15T19:39:01.868+0000] {processor.py:925} INFO - DAG(s) 'etl_duckdb_dag_custom_class' retrieved from /opt/airflow/dags/etl_duckdb_dag.py
[2025-04-15T19:39:01.892+0000] {logging_mixin.py:190} INFO - [2025-04-15T19:39:01.892+0000] {dag.py:3239} INFO - Sync 1 DAGs
[2025-04-15T19:39:01.927+0000] {logging_mixin.py:190} INFO - [2025-04-15T19:39:01.927+0000] {dag.py:4180} INFO - Setting next_dagrun for etl_duckdb_dag_custom_class to 2025-04-15 00:00:00+00:00, run_after=2025-04-16 00:00:00+00:00
[2025-04-15T19:39:01.965+0000] {processor.py:208} INFO - Processing /opt/airflow/dags/etl_duckdb_dag.py took 0.174 seconds
[2025-04-15T19:39:32.183+0000] {processor.py:186} INFO - Started process (PID=16300) to work on /opt/airflow/dags/etl_duckdb_dag.py
[2025-04-15T19:39:32.184+0000] {processor.py:914} INFO - Processing file /opt/airflow/dags/etl_duckdb_dag.py for tasks to queue
[2025-04-15T19:39:32.186+0000] {logging_mixin.py:190} INFO - [2025-04-15T19:39:32.186+0000] {dagbag.py:588} INFO - Filling up the DagBag from /opt/airflow/dags/etl_duckdb_dag.py
[2025-04-15T19:39:32.253+0000] {processor.py:925} INFO - DAG(s) 'etl_duckdb_dag_custom_class' retrieved from /opt/airflow/dags/etl_duckdb_dag.py
[2025-04-15T19:39:32.284+0000] {logging_mixin.py:190} INFO - [2025-04-15T19:39:32.283+0000] {dag.py:3239} INFO - Sync 1 DAGs
[2025-04-15T19:39:32.316+0000] {logging_mixin.py:190} INFO - [2025-04-15T19:39:32.316+0000] {dag.py:4180} INFO - Setting next_dagrun for etl_duckdb_dag_custom_class to 2025-04-15 00:00:00+00:00, run_after=2025-04-16 00:00:00+00:00
[2025-04-15T19:39:32.346+0000] {processor.py:208} INFO - Processing /opt/airflow/dags/etl_duckdb_dag.py took 0.170 seconds
[2025-04-15T19:40:02.521+0000] {processor.py:186} INFO - Started process (PID=16367) to work on /opt/airflow/dags/etl_duckdb_dag.py
[2025-04-15T19:40:02.523+0000] {processor.py:914} INFO - Processing file /opt/airflow/dags/etl_duckdb_dag.py for tasks to queue
[2025-04-15T19:40:02.526+0000] {logging_mixin.py:190} INFO - [2025-04-15T19:40:02.525+0000] {dagbag.py:588} INFO - Filling up the DagBag from /opt/airflow/dags/etl_duckdb_dag.py
[2025-04-15T19:40:02.624+0000] {processor.py:925} INFO - DAG(s) 'etl_duckdb_dag_custom_class' retrieved from /opt/airflow/dags/etl_duckdb_dag.py
[2025-04-15T19:40:02.661+0000] {logging_mixin.py:190} INFO - [2025-04-15T19:40:02.661+0000] {dag.py:3239} INFO - Sync 1 DAGs
[2025-04-15T19:40:02.708+0000] {logging_mixin.py:190} INFO - [2025-04-15T19:40:02.707+0000] {dag.py:4180} INFO - Setting next_dagrun for etl_duckdb_dag_custom_class to 2025-04-15 00:00:00+00:00, run_after=2025-04-16 00:00:00+00:00
[2025-04-15T19:40:02.746+0000] {processor.py:208} INFO - Processing /opt/airflow/dags/etl_duckdb_dag.py took 0.236 seconds
[2025-04-15T19:40:32.887+0000] {processor.py:186} INFO - Started process (PID=16434) to work on /opt/airflow/dags/etl_duckdb_dag.py
[2025-04-15T19:40:32.889+0000] {processor.py:914} INFO - Processing file /opt/airflow/dags/etl_duckdb_dag.py for tasks to queue
[2025-04-15T19:40:32.891+0000] {logging_mixin.py:190} INFO - [2025-04-15T19:40:32.890+0000] {dagbag.py:588} INFO - Filling up the DagBag from /opt/airflow/dags/etl_duckdb_dag.py
[2025-04-15T19:40:33.003+0000] {processor.py:925} INFO - DAG(s) 'etl_duckdb_dag_custom_class' retrieved from /opt/airflow/dags/etl_duckdb_dag.py
[2025-04-15T19:40:33.040+0000] {logging_mixin.py:190} INFO - [2025-04-15T19:40:33.040+0000] {dag.py:3239} INFO - Sync 1 DAGs
[2025-04-15T19:40:33.077+0000] {logging_mixin.py:190} INFO - [2025-04-15T19:40:33.077+0000] {dag.py:4180} INFO - Setting next_dagrun for etl_duckdb_dag_custom_class to 2025-04-15 00:00:00+00:00, run_after=2025-04-16 00:00:00+00:00
[2025-04-15T19:40:33.113+0000] {processor.py:208} INFO - Processing /opt/airflow/dags/etl_duckdb_dag.py took 0.234 seconds
[2025-04-15T19:41:03.293+0000] {processor.py:186} INFO - Started process (PID=16502) to work on /opt/airflow/dags/etl_duckdb_dag.py
[2025-04-15T19:41:03.295+0000] {processor.py:914} INFO - Processing file /opt/airflow/dags/etl_duckdb_dag.py for tasks to queue
[2025-04-15T19:41:03.297+0000] {logging_mixin.py:190} INFO - [2025-04-15T19:41:03.296+0000] {dagbag.py:588} INFO - Filling up the DagBag from /opt/airflow/dags/etl_duckdb_dag.py
[2025-04-15T19:41:03.363+0000] {processor.py:925} INFO - DAG(s) 'etl_duckdb_dag_custom_class' retrieved from /opt/airflow/dags/etl_duckdb_dag.py
[2025-04-15T19:41:03.384+0000] {logging_mixin.py:190} INFO - [2025-04-15T19:41:03.384+0000] {dag.py:3239} INFO - Sync 1 DAGs
[2025-04-15T19:41:03.409+0000] {logging_mixin.py:190} INFO - [2025-04-15T19:41:03.409+0000] {dag.py:4180} INFO - Setting next_dagrun for etl_duckdb_dag_custom_class to 2025-04-15 00:00:00+00:00, run_after=2025-04-16 00:00:00+00:00
[2025-04-15T19:41:03.434+0000] {processor.py:208} INFO - Processing /opt/airflow/dags/etl_duckdb_dag.py took 0.148 seconds
[2025-04-15T19:41:34.020+0000] {processor.py:186} INFO - Started process (PID=16569) to work on /opt/airflow/dags/etl_duckdb_dag.py
[2025-04-15T19:41:34.021+0000] {processor.py:914} INFO - Processing file /opt/airflow/dags/etl_duckdb_dag.py for tasks to queue
[2025-04-15T19:41:34.023+0000] {logging_mixin.py:190} INFO - [2025-04-15T19:41:34.023+0000] {dagbag.py:588} INFO - Filling up the DagBag from /opt/airflow/dags/etl_duckdb_dag.py
[2025-04-15T19:41:34.113+0000] {processor.py:925} INFO - DAG(s) 'etl_duckdb_dag_custom_class' retrieved from /opt/airflow/dags/etl_duckdb_dag.py
[2025-04-15T19:41:34.149+0000] {logging_mixin.py:190} INFO - [2025-04-15T19:41:34.148+0000] {dag.py:3239} INFO - Sync 1 DAGs
[2025-04-15T19:41:34.456+0000] {logging_mixin.py:190} INFO - [2025-04-15T19:41:34.456+0000] {dag.py:4180} INFO - Setting next_dagrun for etl_duckdb_dag_custom_class to 2025-04-15 00:00:00+00:00, run_after=2025-04-16 00:00:00+00:00
[2025-04-15T19:41:34.485+0000] {processor.py:208} INFO - Processing /opt/airflow/dags/etl_duckdb_dag.py took 0.479 seconds
[2025-04-15T19:42:04.947+0000] {processor.py:186} INFO - Started process (PID=16637) to work on /opt/airflow/dags/etl_duckdb_dag.py
[2025-04-15T19:42:04.949+0000] {processor.py:914} INFO - Processing file /opt/airflow/dags/etl_duckdb_dag.py for tasks to queue
[2025-04-15T19:42:04.951+0000] {logging_mixin.py:190} INFO - [2025-04-15T19:42:04.950+0000] {dagbag.py:588} INFO - Filling up the DagBag from /opt/airflow/dags/etl_duckdb_dag.py
[2025-04-15T19:42:05.052+0000] {processor.py:925} INFO - DAG(s) 'etl_duckdb_dag_custom_class' retrieved from /opt/airflow/dags/etl_duckdb_dag.py
[2025-04-15T19:42:05.088+0000] {logging_mixin.py:190} INFO - [2025-04-15T19:42:05.088+0000] {dag.py:3239} INFO - Sync 1 DAGs
[2025-04-15T19:42:05.335+0000] {logging_mixin.py:190} INFO - [2025-04-15T19:42:05.335+0000] {dag.py:4180} INFO - Setting next_dagrun for etl_duckdb_dag_custom_class to 2025-04-15 00:00:00+00:00, run_after=2025-04-16 00:00:00+00:00
[2025-04-15T19:42:05.365+0000] {processor.py:208} INFO - Processing /opt/airflow/dags/etl_duckdb_dag.py took 0.426 seconds
[2025-04-15T19:42:35.456+0000] {processor.py:186} INFO - Started process (PID=16705) to work on /opt/airflow/dags/etl_duckdb_dag.py
[2025-04-15T19:42:35.458+0000] {processor.py:914} INFO - Processing file /opt/airflow/dags/etl_duckdb_dag.py for tasks to queue
[2025-04-15T19:42:35.461+0000] {logging_mixin.py:190} INFO - [2025-04-15T19:42:35.460+0000] {dagbag.py:588} INFO - Filling up the DagBag from /opt/airflow/dags/etl_duckdb_dag.py
[2025-04-15T19:42:35.561+0000] {processor.py:925} INFO - DAG(s) 'etl_duckdb_dag_custom_class' retrieved from /opt/airflow/dags/etl_duckdb_dag.py
[2025-04-15T19:42:35.592+0000] {logging_mixin.py:190} INFO - [2025-04-15T19:42:35.592+0000] {dag.py:3239} INFO - Sync 1 DAGs
[2025-04-15T19:42:35.864+0000] {logging_mixin.py:190} INFO - [2025-04-15T19:42:35.863+0000] {dag.py:4180} INFO - Setting next_dagrun for etl_duckdb_dag_custom_class to 2025-04-15 00:00:00+00:00, run_after=2025-04-16 00:00:00+00:00
[2025-04-15T19:42:35.895+0000] {processor.py:208} INFO - Processing /opt/airflow/dags/etl_duckdb_dag.py took 0.450 seconds
[2025-04-15T19:43:06.695+0000] {processor.py:186} INFO - Started process (PID=16772) to work on /opt/airflow/dags/etl_duckdb_dag.py
[2025-04-15T19:43:06.697+0000] {processor.py:914} INFO - Processing file /opt/airflow/dags/etl_duckdb_dag.py for tasks to queue
[2025-04-15T19:43:06.699+0000] {logging_mixin.py:190} INFO - [2025-04-15T19:43:06.698+0000] {dagbag.py:588} INFO - Filling up the DagBag from /opt/airflow/dags/etl_duckdb_dag.py
[2025-04-15T19:43:06.780+0000] {processor.py:925} INFO - DAG(s) 'etl_duckdb_dag_custom_class' retrieved from /opt/airflow/dags/etl_duckdb_dag.py
[2025-04-15T19:43:06.812+0000] {logging_mixin.py:190} INFO - [2025-04-15T19:43:06.812+0000] {dag.py:3239} INFO - Sync 1 DAGs
[2025-04-15T19:43:06.850+0000] {logging_mixin.py:190} INFO - [2025-04-15T19:43:06.850+0000] {dag.py:4180} INFO - Setting next_dagrun for etl_duckdb_dag_custom_class to 2025-04-15 00:00:00+00:00, run_after=2025-04-16 00:00:00+00:00
[2025-04-15T19:43:06.884+0000] {processor.py:208} INFO - Processing /opt/airflow/dags/etl_duckdb_dag.py took 0.199 seconds
[2025-04-15T19:43:37.611+0000] {processor.py:186} INFO - Started process (PID=16839) to work on /opt/airflow/dags/etl_duckdb_dag.py
[2025-04-15T19:43:37.612+0000] {processor.py:914} INFO - Processing file /opt/airflow/dags/etl_duckdb_dag.py for tasks to queue
[2025-04-15T19:43:37.614+0000] {logging_mixin.py:190} INFO - [2025-04-15T19:43:37.614+0000] {dagbag.py:588} INFO - Filling up the DagBag from /opt/airflow/dags/etl_duckdb_dag.py
[2025-04-15T19:43:37.695+0000] {processor.py:925} INFO - DAG(s) 'etl_duckdb_dag_custom_class' retrieved from /opt/airflow/dags/etl_duckdb_dag.py
[2025-04-15T19:43:37.730+0000] {logging_mixin.py:190} INFO - [2025-04-15T19:43:37.729+0000] {dag.py:3239} INFO - Sync 1 DAGs
[2025-04-15T19:43:37.766+0000] {logging_mixin.py:190} INFO - [2025-04-15T19:43:37.766+0000] {dag.py:4180} INFO - Setting next_dagrun for etl_duckdb_dag_custom_class to 2025-04-15 00:00:00+00:00, run_after=2025-04-16 00:00:00+00:00
[2025-04-15T19:43:37.795+0000] {processor.py:208} INFO - Processing /opt/airflow/dags/etl_duckdb_dag.py took 0.191 seconds
[2025-04-15T19:44:08.366+0000] {processor.py:186} INFO - Started process (PID=16906) to work on /opt/airflow/dags/etl_duckdb_dag.py
[2025-04-15T19:44:08.367+0000] {processor.py:914} INFO - Processing file /opt/airflow/dags/etl_duckdb_dag.py for tasks to queue
[2025-04-15T19:44:08.369+0000] {logging_mixin.py:190} INFO - [2025-04-15T19:44:08.369+0000] {dagbag.py:588} INFO - Filling up the DagBag from /opt/airflow/dags/etl_duckdb_dag.py
[2025-04-15T19:44:08.467+0000] {processor.py:925} INFO - DAG(s) 'etl_duckdb_dag_custom_class' retrieved from /opt/airflow/dags/etl_duckdb_dag.py
[2025-04-15T19:44:08.500+0000] {logging_mixin.py:190} INFO - [2025-04-15T19:44:08.500+0000] {dag.py:3239} INFO - Sync 1 DAGs
[2025-04-15T19:44:08.537+0000] {logging_mixin.py:190} INFO - [2025-04-15T19:44:08.537+0000] {dag.py:4180} INFO - Setting next_dagrun for etl_duckdb_dag_custom_class to 2025-04-15 00:00:00+00:00, run_after=2025-04-16 00:00:00+00:00
[2025-04-15T19:44:08.571+0000] {processor.py:208} INFO - Processing /opt/airflow/dags/etl_duckdb_dag.py took 0.215 seconds
[2025-04-15T19:44:38.777+0000] {processor.py:186} INFO - Started process (PID=16973) to work on /opt/airflow/dags/etl_duckdb_dag.py
[2025-04-15T19:44:38.778+0000] {processor.py:914} INFO - Processing file /opt/airflow/dags/etl_duckdb_dag.py for tasks to queue
[2025-04-15T19:44:38.781+0000] {logging_mixin.py:190} INFO - [2025-04-15T19:44:38.780+0000] {dagbag.py:588} INFO - Filling up the DagBag from /opt/airflow/dags/etl_duckdb_dag.py
[2025-04-15T19:44:38.882+0000] {processor.py:925} INFO - DAG(s) 'etl_duckdb_dag_custom_class' retrieved from /opt/airflow/dags/etl_duckdb_dag.py
[2025-04-15T19:44:38.925+0000] {logging_mixin.py:190} INFO - [2025-04-15T19:44:38.925+0000] {dag.py:3239} INFO - Sync 1 DAGs
[2025-04-15T19:44:38.976+0000] {logging_mixin.py:190} INFO - [2025-04-15T19:44:38.975+0000] {dag.py:4180} INFO - Setting next_dagrun for etl_duckdb_dag_custom_class to 2025-04-15 00:00:00+00:00, run_after=2025-04-16 00:00:00+00:00
[2025-04-15T19:44:39.018+0000] {processor.py:208} INFO - Processing /opt/airflow/dags/etl_duckdb_dag.py took 0.252 seconds
[2025-04-15T19:45:09.235+0000] {processor.py:186} INFO - Started process (PID=17041) to work on /opt/airflow/dags/etl_duckdb_dag.py
[2025-04-15T19:45:09.237+0000] {processor.py:914} INFO - Processing file /opt/airflow/dags/etl_duckdb_dag.py for tasks to queue
[2025-04-15T19:45:09.239+0000] {logging_mixin.py:190} INFO - [2025-04-15T19:45:09.238+0000] {dagbag.py:588} INFO - Filling up the DagBag from /opt/airflow/dags/etl_duckdb_dag.py
[2025-04-15T19:45:09.325+0000] {processor.py:925} INFO - DAG(s) 'etl_duckdb_dag_custom_class' retrieved from /opt/airflow/dags/etl_duckdb_dag.py
[2025-04-15T19:45:09.359+0000] {logging_mixin.py:190} INFO - [2025-04-15T19:45:09.358+0000] {dag.py:3239} INFO - Sync 1 DAGs
[2025-04-15T19:45:09.397+0000] {logging_mixin.py:190} INFO - [2025-04-15T19:45:09.396+0000] {dag.py:4180} INFO - Setting next_dagrun for etl_duckdb_dag_custom_class to 2025-04-15 00:00:00+00:00, run_after=2025-04-16 00:00:00+00:00
[2025-04-15T19:45:09.429+0000] {processor.py:208} INFO - Processing /opt/airflow/dags/etl_duckdb_dag.py took 0.202 seconds
[2025-04-15T19:45:39.753+0000] {processor.py:186} INFO - Started process (PID=17107) to work on /opt/airflow/dags/etl_duckdb_dag.py
[2025-04-15T19:45:39.754+0000] {processor.py:914} INFO - Processing file /opt/airflow/dags/etl_duckdb_dag.py for tasks to queue
[2025-04-15T19:45:39.757+0000] {logging_mixin.py:190} INFO - [2025-04-15T19:45:39.756+0000] {dagbag.py:588} INFO - Filling up the DagBag from /opt/airflow/dags/etl_duckdb_dag.py
[2025-04-15T19:45:39.847+0000] {processor.py:925} INFO - DAG(s) 'etl_duckdb_dag_custom_class' retrieved from /opt/airflow/dags/etl_duckdb_dag.py
[2025-04-15T19:45:39.881+0000] {logging_mixin.py:190} INFO - [2025-04-15T19:45:39.880+0000] {dag.py:3239} INFO - Sync 1 DAGs
[2025-04-15T19:45:39.924+0000] {logging_mixin.py:190} INFO - [2025-04-15T19:45:39.924+0000] {dag.py:4180} INFO - Setting next_dagrun for etl_duckdb_dag_custom_class to 2025-04-15 00:00:00+00:00, run_after=2025-04-16 00:00:00+00:00
[2025-04-15T19:45:39.957+0000] {processor.py:208} INFO - Processing /opt/airflow/dags/etl_duckdb_dag.py took 0.214 seconds
[2025-04-15T19:46:10.071+0000] {processor.py:186} INFO - Started process (PID=17174) to work on /opt/airflow/dags/etl_duckdb_dag.py
[2025-04-15T19:46:10.073+0000] {processor.py:914} INFO - Processing file /opt/airflow/dags/etl_duckdb_dag.py for tasks to queue
[2025-04-15T19:46:10.075+0000] {logging_mixin.py:190} INFO - [2025-04-15T19:46:10.075+0000] {dagbag.py:588} INFO - Filling up the DagBag from /opt/airflow/dags/etl_duckdb_dag.py
[2025-04-15T19:46:10.163+0000] {processor.py:925} INFO - DAG(s) 'etl_duckdb_dag_custom_class' retrieved from /opt/airflow/dags/etl_duckdb_dag.py
[2025-04-15T19:46:10.195+0000] {logging_mixin.py:190} INFO - [2025-04-15T19:46:10.195+0000] {dag.py:3239} INFO - Sync 1 DAGs
[2025-04-15T19:46:10.239+0000] {logging_mixin.py:190} INFO - [2025-04-15T19:46:10.238+0000] {dag.py:4180} INFO - Setting next_dagrun for etl_duckdb_dag_custom_class to 2025-04-15 00:00:00+00:00, run_after=2025-04-16 00:00:00+00:00
[2025-04-15T19:46:10.271+0000] {processor.py:208} INFO - Processing /opt/airflow/dags/etl_duckdb_dag.py took 0.208 seconds
[2025-04-15T19:46:40.542+0000] {processor.py:186} INFO - Started process (PID=17240) to work on /opt/airflow/dags/etl_duckdb_dag.py
[2025-04-15T19:46:40.544+0000] {processor.py:914} INFO - Processing file /opt/airflow/dags/etl_duckdb_dag.py for tasks to queue
[2025-04-15T19:46:40.546+0000] {logging_mixin.py:190} INFO - [2025-04-15T19:46:40.545+0000] {dagbag.py:588} INFO - Filling up the DagBag from /opt/airflow/dags/etl_duckdb_dag.py
[2025-04-15T19:46:40.632+0000] {processor.py:925} INFO - DAG(s) 'etl_duckdb_dag_custom_class' retrieved from /opt/airflow/dags/etl_duckdb_dag.py
[2025-04-15T19:46:40.666+0000] {logging_mixin.py:190} INFO - [2025-04-15T19:46:40.666+0000] {dag.py:3239} INFO - Sync 1 DAGs
[2025-04-15T19:46:40.706+0000] {logging_mixin.py:190} INFO - [2025-04-15T19:46:40.706+0000] {dag.py:4180} INFO - Setting next_dagrun for etl_duckdb_dag_custom_class to 2025-04-15 00:00:00+00:00, run_after=2025-04-16 00:00:00+00:00
[2025-04-15T19:46:40.738+0000] {processor.py:208} INFO - Processing /opt/airflow/dags/etl_duckdb_dag.py took 0.204 seconds
[2025-04-15T19:47:11.526+0000] {processor.py:186} INFO - Started process (PID=17307) to work on /opt/airflow/dags/etl_duckdb_dag.py
[2025-04-15T19:47:11.528+0000] {processor.py:914} INFO - Processing file /opt/airflow/dags/etl_duckdb_dag.py for tasks to queue
[2025-04-15T19:47:11.533+0000] {logging_mixin.py:190} INFO - [2025-04-15T19:47:11.533+0000] {dagbag.py:588} INFO - Filling up the DagBag from /opt/airflow/dags/etl_duckdb_dag.py
[2025-04-15T19:47:11.617+0000] {processor.py:925} INFO - DAG(s) 'etl_duckdb_dag_custom_class' retrieved from /opt/airflow/dags/etl_duckdb_dag.py
[2025-04-15T19:47:11.642+0000] {logging_mixin.py:190} INFO - [2025-04-15T19:47:11.642+0000] {dag.py:3239} INFO - Sync 1 DAGs
[2025-04-15T19:47:11.671+0000] {logging_mixin.py:190} INFO - [2025-04-15T19:47:11.671+0000] {dag.py:4180} INFO - Setting next_dagrun for etl_duckdb_dag_custom_class to 2025-04-15 00:00:00+00:00, run_after=2025-04-16 00:00:00+00:00
[2025-04-15T19:47:11.697+0000] {processor.py:208} INFO - Processing /opt/airflow/dags/etl_duckdb_dag.py took 0.185 seconds
[2025-04-15T19:47:41.846+0000] {processor.py:186} INFO - Started process (PID=17375) to work on /opt/airflow/dags/etl_duckdb_dag.py
[2025-04-15T19:47:41.847+0000] {processor.py:914} INFO - Processing file /opt/airflow/dags/etl_duckdb_dag.py for tasks to queue
[2025-04-15T19:47:41.848+0000] {logging_mixin.py:190} INFO - [2025-04-15T19:47:41.848+0000] {dagbag.py:588} INFO - Filling up the DagBag from /opt/airflow/dags/etl_duckdb_dag.py
[2025-04-15T19:47:41.908+0000] {processor.py:925} INFO - DAG(s) 'etl_duckdb_dag_custom_class' retrieved from /opt/airflow/dags/etl_duckdb_dag.py
[2025-04-15T19:47:41.934+0000] {logging_mixin.py:190} INFO - [2025-04-15T19:47:41.933+0000] {dag.py:3239} INFO - Sync 1 DAGs
[2025-04-15T19:47:41.967+0000] {logging_mixin.py:190} INFO - [2025-04-15T19:47:41.966+0000] {dag.py:4180} INFO - Setting next_dagrun for etl_duckdb_dag_custom_class to 2025-04-15 00:00:00+00:00, run_after=2025-04-16 00:00:00+00:00
[2025-04-15T19:47:41.994+0000] {processor.py:208} INFO - Processing /opt/airflow/dags/etl_duckdb_dag.py took 0.154 seconds
[2025-04-15T19:48:12.890+0000] {processor.py:186} INFO - Started process (PID=17442) to work on /opt/airflow/dags/etl_duckdb_dag.py
[2025-04-15T19:48:12.892+0000] {processor.py:914} INFO - Processing file /opt/airflow/dags/etl_duckdb_dag.py for tasks to queue
[2025-04-15T19:48:12.894+0000] {logging_mixin.py:190} INFO - [2025-04-15T19:48:12.893+0000] {dagbag.py:588} INFO - Filling up the DagBag from /opt/airflow/dags/etl_duckdb_dag.py
[2025-04-15T19:48:12.984+0000] {processor.py:925} INFO - DAG(s) 'etl_duckdb_dag_custom_class' retrieved from /opt/airflow/dags/etl_duckdb_dag.py
[2025-04-15T19:48:13.017+0000] {logging_mixin.py:190} INFO - [2025-04-15T19:48:13.016+0000] {dag.py:3239} INFO - Sync 1 DAGs
[2025-04-15T19:48:13.060+0000] {logging_mixin.py:190} INFO - [2025-04-15T19:48:13.060+0000] {dag.py:4180} INFO - Setting next_dagrun for etl_duckdb_dag_custom_class to 2025-04-15 00:00:00+00:00, run_after=2025-04-16 00:00:00+00:00
[2025-04-15T19:48:13.091+0000] {processor.py:208} INFO - Processing /opt/airflow/dags/etl_duckdb_dag.py took 0.210 seconds
[2025-04-15T19:48:43.209+0000] {processor.py:186} INFO - Started process (PID=17509) to work on /opt/airflow/dags/etl_duckdb_dag.py
[2025-04-15T19:48:43.210+0000] {processor.py:914} INFO - Processing file /opt/airflow/dags/etl_duckdb_dag.py for tasks to queue
[2025-04-15T19:48:43.213+0000] {logging_mixin.py:190} INFO - [2025-04-15T19:48:43.212+0000] {dagbag.py:588} INFO - Filling up the DagBag from /opt/airflow/dags/etl_duckdb_dag.py
[2025-04-15T19:48:43.295+0000] {processor.py:925} INFO - DAG(s) 'etl_duckdb_dag_custom_class' retrieved from /opt/airflow/dags/etl_duckdb_dag.py
[2025-04-15T19:48:43.327+0000] {logging_mixin.py:190} INFO - [2025-04-15T19:48:43.327+0000] {dag.py:3239} INFO - Sync 1 DAGs
[2025-04-15T19:48:43.368+0000] {logging_mixin.py:190} INFO - [2025-04-15T19:48:43.368+0000] {dag.py:4180} INFO - Setting next_dagrun for etl_duckdb_dag_custom_class to 2025-04-15 00:00:00+00:00, run_after=2025-04-16 00:00:00+00:00
[2025-04-15T19:48:43.402+0000] {processor.py:208} INFO - Processing /opt/airflow/dags/etl_duckdb_dag.py took 0.201 seconds
[2025-04-15T19:49:13.873+0000] {processor.py:186} INFO - Started process (PID=17573) to work on /opt/airflow/dags/etl_duckdb_dag.py
[2025-04-15T19:49:13.874+0000] {processor.py:914} INFO - Processing file /opt/airflow/dags/etl_duckdb_dag.py for tasks to queue
[2025-04-15T19:49:13.876+0000] {logging_mixin.py:190} INFO - [2025-04-15T19:49:13.876+0000] {dagbag.py:588} INFO - Filling up the DagBag from /opt/airflow/dags/etl_duckdb_dag.py
[2025-04-15T19:49:13.969+0000] {processor.py:925} INFO - DAG(s) 'etl_duckdb_dag_custom_class' retrieved from /opt/airflow/dags/etl_duckdb_dag.py
[2025-04-15T19:49:14.000+0000] {logging_mixin.py:190} INFO - [2025-04-15T19:49:14.000+0000] {dag.py:3239} INFO - Sync 1 DAGs
[2025-04-15T19:49:14.038+0000] {logging_mixin.py:190} INFO - [2025-04-15T19:49:14.037+0000] {dag.py:4180} INFO - Setting next_dagrun for etl_duckdb_dag_custom_class to 2025-04-15 00:00:00+00:00, run_after=2025-04-16 00:00:00+00:00
[2025-04-15T19:49:14.071+0000] {processor.py:208} INFO - Processing /opt/airflow/dags/etl_duckdb_dag.py took 0.207 seconds
[2025-04-15T19:49:44.388+0000] {processor.py:186} INFO - Started process (PID=17634) to work on /opt/airflow/dags/etl_duckdb_dag.py
[2025-04-15T19:49:44.390+0000] {processor.py:914} INFO - Processing file /opt/airflow/dags/etl_duckdb_dag.py for tasks to queue
[2025-04-15T19:49:44.392+0000] {logging_mixin.py:190} INFO - [2025-04-15T19:49:44.391+0000] {dagbag.py:588} INFO - Filling up the DagBag from /opt/airflow/dags/etl_duckdb_dag.py
[2025-04-15T19:49:44.489+0000] {processor.py:925} INFO - DAG(s) 'etl_duckdb_dag_custom_class' retrieved from /opt/airflow/dags/etl_duckdb_dag.py
[2025-04-15T19:49:44.521+0000] {logging_mixin.py:190} INFO - [2025-04-15T19:49:44.520+0000] {dag.py:3239} INFO - Sync 1 DAGs
[2025-04-15T19:49:44.560+0000] {logging_mixin.py:190} INFO - [2025-04-15T19:49:44.560+0000] {dag.py:4180} INFO - Setting next_dagrun for etl_duckdb_dag_custom_class to 2025-04-15 00:00:00+00:00, run_after=2025-04-16 00:00:00+00:00
[2025-04-15T19:49:44.593+0000] {processor.py:208} INFO - Processing /opt/airflow/dags/etl_duckdb_dag.py took 0.213 seconds
[2025-04-15T19:50:14.673+0000] {processor.py:186} INFO - Started process (PID=17699) to work on /opt/airflow/dags/etl_duckdb_dag.py
[2025-04-15T19:50:14.674+0000] {processor.py:914} INFO - Processing file /opt/airflow/dags/etl_duckdb_dag.py for tasks to queue
[2025-04-15T19:50:14.676+0000] {logging_mixin.py:190} INFO - [2025-04-15T19:50:14.676+0000] {dagbag.py:588} INFO - Filling up the DagBag from /opt/airflow/dags/etl_duckdb_dag.py
[2025-04-15T19:50:14.759+0000] {processor.py:925} INFO - DAG(s) 'etl_duckdb_dag_custom_class' retrieved from /opt/airflow/dags/etl_duckdb_dag.py
[2025-04-15T19:50:14.795+0000] {logging_mixin.py:190} INFO - [2025-04-15T19:50:14.795+0000] {dag.py:3239} INFO - Sync 1 DAGs
[2025-04-15T19:50:14.843+0000] {logging_mixin.py:190} INFO - [2025-04-15T19:50:14.842+0000] {dag.py:4180} INFO - Setting next_dagrun for etl_duckdb_dag_custom_class to 2025-04-15 00:00:00+00:00, run_after=2025-04-16 00:00:00+00:00
[2025-04-15T19:50:14.875+0000] {processor.py:208} INFO - Processing /opt/airflow/dags/etl_duckdb_dag.py took 0.210 seconds
[2025-04-15T19:50:45.359+0000] {processor.py:186} INFO - Started process (PID=17766) to work on /opt/airflow/dags/etl_duckdb_dag.py
[2025-04-15T19:50:45.360+0000] {processor.py:914} INFO - Processing file /opt/airflow/dags/etl_duckdb_dag.py for tasks to queue
[2025-04-15T19:50:45.362+0000] {logging_mixin.py:190} INFO - [2025-04-15T19:50:45.361+0000] {dagbag.py:588} INFO - Filling up the DagBag from /opt/airflow/dags/etl_duckdb_dag.py
[2025-04-15T19:50:45.424+0000] {processor.py:925} INFO - DAG(s) 'etl_duckdb_dag_custom_class' retrieved from /opt/airflow/dags/etl_duckdb_dag.py
[2025-04-15T19:50:45.450+0000] {logging_mixin.py:190} INFO - [2025-04-15T19:50:45.450+0000] {dag.py:3239} INFO - Sync 1 DAGs
[2025-04-15T19:50:45.479+0000] {logging_mixin.py:190} INFO - [2025-04-15T19:50:45.479+0000] {dag.py:4180} INFO - Setting next_dagrun for etl_duckdb_dag_custom_class to 2025-04-15 00:00:00+00:00, run_after=2025-04-16 00:00:00+00:00
[2025-04-15T19:50:45.507+0000] {processor.py:208} INFO - Processing /opt/airflow/dags/etl_duckdb_dag.py took 0.155 seconds
[2025-04-15T19:51:15.596+0000] {processor.py:186} INFO - Started process (PID=17832) to work on /opt/airflow/dags/etl_duckdb_dag.py
[2025-04-15T19:51:15.598+0000] {processor.py:914} INFO - Processing file /opt/airflow/dags/etl_duckdb_dag.py for tasks to queue
[2025-04-15T19:51:15.600+0000] {logging_mixin.py:190} INFO - [2025-04-15T19:51:15.600+0000] {dagbag.py:588} INFO - Filling up the DagBag from /opt/airflow/dags/etl_duckdb_dag.py
[2025-04-15T19:51:15.695+0000] {processor.py:925} INFO - DAG(s) 'etl_duckdb_dag_custom_class' retrieved from /opt/airflow/dags/etl_duckdb_dag.py
[2025-04-15T19:51:15.727+0000] {logging_mixin.py:190} INFO - [2025-04-15T19:51:15.727+0000] {dag.py:3239} INFO - Sync 1 DAGs
[2025-04-15T19:51:15.766+0000] {logging_mixin.py:190} INFO - [2025-04-15T19:51:15.766+0000] {dag.py:4180} INFO - Setting next_dagrun for etl_duckdb_dag_custom_class to 2025-04-15 00:00:00+00:00, run_after=2025-04-16 00:00:00+00:00
[2025-04-15T19:51:15.798+0000] {processor.py:208} INFO - Processing /opt/airflow/dags/etl_duckdb_dag.py took 0.210 seconds
[2025-04-15T19:51:45.897+0000] {processor.py:186} INFO - Started process (PID=17898) to work on /opt/airflow/dags/etl_duckdb_dag.py
[2025-04-15T19:51:45.898+0000] {processor.py:914} INFO - Processing file /opt/airflow/dags/etl_duckdb_dag.py for tasks to queue
[2025-04-15T19:51:45.900+0000] {logging_mixin.py:190} INFO - [2025-04-15T19:51:45.900+0000] {dagbag.py:588} INFO - Filling up the DagBag from /opt/airflow/dags/etl_duckdb_dag.py
[2025-04-15T19:51:45.993+0000] {processor.py:925} INFO - DAG(s) 'etl_duckdb_dag_custom_class' retrieved from /opt/airflow/dags/etl_duckdb_dag.py
[2025-04-15T19:51:46.029+0000] {logging_mixin.py:190} INFO - [2025-04-15T19:51:46.028+0000] {dag.py:3239} INFO - Sync 1 DAGs
[2025-04-15T19:51:46.072+0000] {logging_mixin.py:190} INFO - [2025-04-15T19:51:46.071+0000] {dag.py:4180} INFO - Setting next_dagrun for etl_duckdb_dag_custom_class to 2025-04-15 00:00:00+00:00, run_after=2025-04-16 00:00:00+00:00
[2025-04-15T19:51:46.104+0000] {processor.py:208} INFO - Processing /opt/airflow/dags/etl_duckdb_dag.py took 0.215 seconds
[2025-04-15T19:52:16.749+0000] {processor.py:186} INFO - Started process (PID=17965) to work on /opt/airflow/dags/etl_duckdb_dag.py
[2025-04-15T19:52:16.749+0000] {processor.py:914} INFO - Processing file /opt/airflow/dags/etl_duckdb_dag.py for tasks to queue
[2025-04-15T19:52:16.751+0000] {logging_mixin.py:190} INFO - [2025-04-15T19:52:16.750+0000] {dagbag.py:588} INFO - Filling up the DagBag from /opt/airflow/dags/etl_duckdb_dag.py
[2025-04-15T19:52:16.816+0000] {processor.py:925} INFO - DAG(s) 'etl_duckdb_dag_custom_class' retrieved from /opt/airflow/dags/etl_duckdb_dag.py
[2025-04-15T19:52:16.839+0000] {logging_mixin.py:190} INFO - [2025-04-15T19:52:16.838+0000] {dag.py:3239} INFO - Sync 1 DAGs
[2025-04-15T19:52:16.863+0000] {logging_mixin.py:190} INFO - [2025-04-15T19:52:16.863+0000] {dag.py:4180} INFO - Setting next_dagrun for etl_duckdb_dag_custom_class to 2025-04-15 00:00:00+00:00, run_after=2025-04-16 00:00:00+00:00
[2025-04-15T19:52:16.886+0000] {processor.py:208} INFO - Processing /opt/airflow/dags/etl_duckdb_dag.py took 0.143 seconds
[2025-04-15T19:52:47.132+0000] {processor.py:186} INFO - Started process (PID=18032) to work on /opt/airflow/dags/etl_duckdb_dag.py
[2025-04-15T19:52:47.133+0000] {processor.py:914} INFO - Processing file /opt/airflow/dags/etl_duckdb_dag.py for tasks to queue
[2025-04-15T19:52:47.134+0000] {logging_mixin.py:190} INFO - [2025-04-15T19:52:47.134+0000] {dagbag.py:588} INFO - Filling up the DagBag from /opt/airflow/dags/etl_duckdb_dag.py
[2025-04-15T19:52:47.203+0000] {processor.py:925} INFO - DAG(s) 'etl_duckdb_dag_custom_class' retrieved from /opt/airflow/dags/etl_duckdb_dag.py
[2025-04-15T19:52:47.229+0000] {logging_mixin.py:190} INFO - [2025-04-15T19:52:47.228+0000] {dag.py:3239} INFO - Sync 1 DAGs
[2025-04-15T19:52:47.262+0000] {logging_mixin.py:190} INFO - [2025-04-15T19:52:47.262+0000] {dag.py:4180} INFO - Setting next_dagrun for etl_duckdb_dag_custom_class to 2025-04-15 00:00:00+00:00, run_after=2025-04-16 00:00:00+00:00
[2025-04-15T19:52:47.288+0000] {processor.py:208} INFO - Processing /opt/airflow/dags/etl_duckdb_dag.py took 0.162 seconds
[2025-04-15T19:53:17.698+0000] {processor.py:186} INFO - Started process (PID=18099) to work on /opt/airflow/dags/etl_duckdb_dag.py
[2025-04-15T19:53:17.700+0000] {processor.py:914} INFO - Processing file /opt/airflow/dags/etl_duckdb_dag.py for tasks to queue
[2025-04-15T19:53:17.710+0000] {logging_mixin.py:190} INFO - [2025-04-15T19:53:17.706+0000] {dagbag.py:588} INFO - Filling up the DagBag from /opt/airflow/dags/etl_duckdb_dag.py
[2025-04-15T19:53:18.032+0000] {processor.py:925} INFO - DAG(s) 'etl_duckdb_dag_custom_class' retrieved from /opt/airflow/dags/etl_duckdb_dag.py
[2025-04-15T19:53:18.069+0000] {logging_mixin.py:190} INFO - [2025-04-15T19:53:18.068+0000] {dag.py:3239} INFO - Sync 1 DAGs
[2025-04-15T19:53:18.121+0000] {logging_mixin.py:190} INFO - [2025-04-15T19:53:18.120+0000] {dag.py:4180} INFO - Setting next_dagrun for etl_duckdb_dag_custom_class to 2025-04-15 00:00:00+00:00, run_after=2025-04-16 00:00:00+00:00
[2025-04-15T19:53:18.160+0000] {processor.py:208} INFO - Processing /opt/airflow/dags/etl_duckdb_dag.py took 0.476 seconds
[2025-04-15T19:53:48.275+0000] {processor.py:186} INFO - Started process (PID=18166) to work on /opt/airflow/dags/etl_duckdb_dag.py
[2025-04-15T19:53:48.277+0000] {processor.py:914} INFO - Processing file /opt/airflow/dags/etl_duckdb_dag.py for tasks to queue
[2025-04-15T19:53:48.281+0000] {logging_mixin.py:190} INFO - [2025-04-15T19:53:48.280+0000] {dagbag.py:588} INFO - Filling up the DagBag from /opt/airflow/dags/etl_duckdb_dag.py
[2025-04-15T19:53:48.378+0000] {processor.py:925} INFO - DAG(s) 'etl_duckdb_dag_custom_class' retrieved from /opt/airflow/dags/etl_duckdb_dag.py
[2025-04-15T19:53:48.416+0000] {logging_mixin.py:190} INFO - [2025-04-15T19:53:48.416+0000] {dag.py:3239} INFO - Sync 1 DAGs
[2025-04-15T19:53:48.471+0000] {logging_mixin.py:190} INFO - [2025-04-15T19:53:48.471+0000] {dag.py:4180} INFO - Setting next_dagrun for etl_duckdb_dag_custom_class to 2025-04-15 00:00:00+00:00, run_after=2025-04-16 00:00:00+00:00
[2025-04-15T19:53:48.511+0000] {processor.py:208} INFO - Processing /opt/airflow/dags/etl_duckdb_dag.py took 0.247 seconds
[2025-04-15T19:54:18.691+0000] {processor.py:186} INFO - Started process (PID=18233) to work on /opt/airflow/dags/etl_duckdb_dag.py
[2025-04-15T19:54:18.692+0000] {processor.py:914} INFO - Processing file /opt/airflow/dags/etl_duckdb_dag.py for tasks to queue
[2025-04-15T19:54:18.694+0000] {logging_mixin.py:190} INFO - [2025-04-15T19:54:18.694+0000] {dagbag.py:588} INFO - Filling up the DagBag from /opt/airflow/dags/etl_duckdb_dag.py
[2025-04-15T19:54:18.794+0000] {processor.py:925} INFO - DAG(s) 'etl_duckdb_dag_custom_class' retrieved from /opt/airflow/dags/etl_duckdb_dag.py
[2025-04-15T19:54:18.825+0000] {logging_mixin.py:190} INFO - [2025-04-15T19:54:18.825+0000] {dag.py:3239} INFO - Sync 1 DAGs
[2025-04-15T19:54:18.862+0000] {logging_mixin.py:190} INFO - [2025-04-15T19:54:18.861+0000] {dag.py:4180} INFO - Setting next_dagrun for etl_duckdb_dag_custom_class to 2025-04-15 00:00:00+00:00, run_after=2025-04-16 00:00:00+00:00
[2025-04-15T19:54:18.902+0000] {processor.py:208} INFO - Processing /opt/airflow/dags/etl_duckdb_dag.py took 0.221 seconds
[2025-04-15T19:54:49.103+0000] {processor.py:186} INFO - Started process (PID=18300) to work on /opt/airflow/dags/etl_duckdb_dag.py
[2025-04-15T19:54:49.105+0000] {processor.py:914} INFO - Processing file /opt/airflow/dags/etl_duckdb_dag.py for tasks to queue
[2025-04-15T19:54:49.108+0000] {logging_mixin.py:190} INFO - [2025-04-15T19:54:49.107+0000] {dagbag.py:588} INFO - Filling up the DagBag from /opt/airflow/dags/etl_duckdb_dag.py
[2025-04-15T19:54:49.217+0000] {processor.py:925} INFO - DAG(s) 'etl_duckdb_dag_custom_class' retrieved from /opt/airflow/dags/etl_duckdb_dag.py
[2025-04-15T19:54:49.252+0000] {logging_mixin.py:190} INFO - [2025-04-15T19:54:49.252+0000] {dag.py:3239} INFO - Sync 1 DAGs
[2025-04-15T19:54:49.299+0000] {logging_mixin.py:190} INFO - [2025-04-15T19:54:49.299+0000] {dag.py:4180} INFO - Setting next_dagrun for etl_duckdb_dag_custom_class to 2025-04-15 00:00:00+00:00, run_after=2025-04-16 00:00:00+00:00
[2025-04-15T19:54:49.336+0000] {processor.py:208} INFO - Processing /opt/airflow/dags/etl_duckdb_dag.py took 0.248 seconds
[2025-04-15T19:55:19.906+0000] {processor.py:186} INFO - Started process (PID=18367) to work on /opt/airflow/dags/etl_duckdb_dag.py
[2025-04-15T19:55:19.907+0000] {processor.py:914} INFO - Processing file /opt/airflow/dags/etl_duckdb_dag.py for tasks to queue
[2025-04-15T19:55:19.909+0000] {logging_mixin.py:190} INFO - [2025-04-15T19:55:19.909+0000] {dagbag.py:588} INFO - Filling up the DagBag from /opt/airflow/dags/etl_duckdb_dag.py
[2025-04-15T19:55:19.999+0000] {processor.py:925} INFO - DAG(s) 'etl_duckdb_dag_custom_class' retrieved from /opt/airflow/dags/etl_duckdb_dag.py
[2025-04-15T19:55:20.034+0000] {logging_mixin.py:190} INFO - [2025-04-15T19:55:20.034+0000] {dag.py:3239} INFO - Sync 1 DAGs
[2025-04-15T19:55:20.071+0000] {logging_mixin.py:190} INFO - [2025-04-15T19:55:20.071+0000] {dag.py:4180} INFO - Setting next_dagrun for etl_duckdb_dag_custom_class to 2025-04-15 00:00:00+00:00, run_after=2025-04-16 00:00:00+00:00
[2025-04-15T19:55:20.102+0000] {processor.py:208} INFO - Processing /opt/airflow/dags/etl_duckdb_dag.py took 0.205 seconds
[2025-04-15T19:55:50.280+0000] {processor.py:186} INFO - Started process (PID=18434) to work on /opt/airflow/dags/etl_duckdb_dag.py
[2025-04-15T19:55:50.281+0000] {processor.py:914} INFO - Processing file /opt/airflow/dags/etl_duckdb_dag.py for tasks to queue
[2025-04-15T19:55:50.283+0000] {logging_mixin.py:190} INFO - [2025-04-15T19:55:50.283+0000] {dagbag.py:588} INFO - Filling up the DagBag from /opt/airflow/dags/etl_duckdb_dag.py
[2025-04-15T19:55:50.375+0000] {processor.py:925} INFO - DAG(s) 'etl_duckdb_dag_custom_class' retrieved from /opt/airflow/dags/etl_duckdb_dag.py
[2025-04-15T19:55:50.408+0000] {logging_mixin.py:190} INFO - [2025-04-15T19:55:50.407+0000] {dag.py:3239} INFO - Sync 1 DAGs
[2025-04-15T19:55:50.444+0000] {logging_mixin.py:190} INFO - [2025-04-15T19:55:50.444+0000] {dag.py:4180} INFO - Setting next_dagrun for etl_duckdb_dag_custom_class to 2025-04-15 00:00:00+00:00, run_after=2025-04-16 00:00:00+00:00
[2025-04-15T19:55:50.474+0000] {processor.py:208} INFO - Processing /opt/airflow/dags/etl_duckdb_dag.py took 0.203 seconds
[2025-04-15T19:56:20.603+0000] {processor.py:186} INFO - Started process (PID=18501) to work on /opt/airflow/dags/etl_duckdb_dag.py
[2025-04-15T19:56:20.605+0000] {processor.py:914} INFO - Processing file /opt/airflow/dags/etl_duckdb_dag.py for tasks to queue
[2025-04-15T19:56:20.607+0000] {logging_mixin.py:190} INFO - [2025-04-15T19:56:20.606+0000] {dagbag.py:588} INFO - Filling up the DagBag from /opt/airflow/dags/etl_duckdb_dag.py
[2025-04-15T19:56:20.703+0000] {processor.py:925} INFO - DAG(s) 'etl_duckdb_dag_custom_class' retrieved from /opt/airflow/dags/etl_duckdb_dag.py
[2025-04-15T19:56:20.737+0000] {logging_mixin.py:190} INFO - [2025-04-15T19:56:20.737+0000] {dag.py:3239} INFO - Sync 1 DAGs
[2025-04-15T19:56:20.776+0000] {logging_mixin.py:190} INFO - [2025-04-15T19:56:20.776+0000] {dag.py:4180} INFO - Setting next_dagrun for etl_duckdb_dag_custom_class to 2025-04-15 00:00:00+00:00, run_after=2025-04-16 00:00:00+00:00
[2025-04-15T19:56:20.807+0000] {processor.py:208} INFO - Processing /opt/airflow/dags/etl_duckdb_dag.py took 0.212 seconds
[2025-04-15T19:56:51.449+0000] {processor.py:186} INFO - Started process (PID=18568) to work on /opt/airflow/dags/etl_duckdb_dag.py
[2025-04-15T19:56:51.450+0000] {processor.py:914} INFO - Processing file /opt/airflow/dags/etl_duckdb_dag.py for tasks to queue
[2025-04-15T19:56:51.451+0000] {logging_mixin.py:190} INFO - [2025-04-15T19:56:51.451+0000] {dagbag.py:588} INFO - Filling up the DagBag from /opt/airflow/dags/etl_duckdb_dag.py
[2025-04-15T19:56:51.511+0000] {processor.py:925} INFO - DAG(s) 'etl_duckdb_dag_custom_class' retrieved from /opt/airflow/dags/etl_duckdb_dag.py
[2025-04-15T19:56:51.535+0000] {logging_mixin.py:190} INFO - [2025-04-15T19:56:51.535+0000] {dag.py:3239} INFO - Sync 1 DAGs
[2025-04-15T19:56:51.563+0000] {logging_mixin.py:190} INFO - [2025-04-15T19:56:51.563+0000] {dag.py:4180} INFO - Setting next_dagrun for etl_duckdb_dag_custom_class to 2025-04-15 00:00:00+00:00, run_after=2025-04-16 00:00:00+00:00
[2025-04-15T19:56:51.587+0000] {processor.py:208} INFO - Processing /opt/airflow/dags/etl_duckdb_dag.py took 0.144 seconds
[2025-04-15T19:57:21.808+0000] {processor.py:186} INFO - Started process (PID=18635) to work on /opt/airflow/dags/etl_duckdb_dag.py
[2025-04-15T19:57:21.809+0000] {processor.py:914} INFO - Processing file /opt/airflow/dags/etl_duckdb_dag.py for tasks to queue
[2025-04-15T19:57:21.811+0000] {logging_mixin.py:190} INFO - [2025-04-15T19:57:21.811+0000] {dagbag.py:588} INFO - Filling up the DagBag from /opt/airflow/dags/etl_duckdb_dag.py
[2025-04-15T19:57:21.913+0000] {processor.py:925} INFO - DAG(s) 'etl_duckdb_dag_custom_class' retrieved from /opt/airflow/dags/etl_duckdb_dag.py
[2025-04-15T19:57:21.951+0000] {logging_mixin.py:190} INFO - [2025-04-15T19:57:21.951+0000] {dag.py:3239} INFO - Sync 1 DAGs
[2025-04-15T19:57:21.994+0000] {logging_mixin.py:190} INFO - [2025-04-15T19:57:21.994+0000] {dag.py:4180} INFO - Setting next_dagrun for etl_duckdb_dag_custom_class to 2025-04-15 00:00:00+00:00, run_after=2025-04-16 00:00:00+00:00
[2025-04-15T19:57:22.029+0000] {processor.py:208} INFO - Processing /opt/airflow/dags/etl_duckdb_dag.py took 0.231 seconds
[2025-04-15T19:57:52.386+0000] {processor.py:186} INFO - Started process (PID=18702) to work on /opt/airflow/dags/etl_duckdb_dag.py
[2025-04-15T19:57:52.388+0000] {processor.py:914} INFO - Processing file /opt/airflow/dags/etl_duckdb_dag.py for tasks to queue
[2025-04-15T19:57:52.390+0000] {logging_mixin.py:190} INFO - [2025-04-15T19:57:52.389+0000] {dagbag.py:588} INFO - Filling up the DagBag from /opt/airflow/dags/etl_duckdb_dag.py
[2025-04-15T19:57:52.477+0000] {processor.py:925} INFO - DAG(s) 'etl_duckdb_dag_custom_class' retrieved from /opt/airflow/dags/etl_duckdb_dag.py
[2025-04-15T19:57:52.511+0000] {logging_mixin.py:190} INFO - [2025-04-15T19:57:52.511+0000] {dag.py:3239} INFO - Sync 1 DAGs
[2025-04-15T19:57:52.549+0000] {logging_mixin.py:190} INFO - [2025-04-15T19:57:52.548+0000] {dag.py:4180} INFO - Setting next_dagrun for etl_duckdb_dag_custom_class to 2025-04-15 00:00:00+00:00, run_after=2025-04-16 00:00:00+00:00
[2025-04-15T19:57:52.581+0000] {processor.py:208} INFO - Processing /opt/airflow/dags/etl_duckdb_dag.py took 0.203 seconds
[2025-04-15T19:58:23.049+0000] {processor.py:186} INFO - Started process (PID=18769) to work on /opt/airflow/dags/etl_duckdb_dag.py
[2025-04-15T19:58:23.050+0000] {processor.py:914} INFO - Processing file /opt/airflow/dags/etl_duckdb_dag.py for tasks to queue
[2025-04-15T19:58:23.053+0000] {logging_mixin.py:190} INFO - [2025-04-15T19:58:23.052+0000] {dagbag.py:588} INFO - Filling up the DagBag from /opt/airflow/dags/etl_duckdb_dag.py
[2025-04-15T19:58:23.142+0000] {processor.py:925} INFO - DAG(s) 'etl_duckdb_dag_custom_class' retrieved from /opt/airflow/dags/etl_duckdb_dag.py
[2025-04-15T19:58:23.176+0000] {logging_mixin.py:190} INFO - [2025-04-15T19:58:23.176+0000] {dag.py:3239} INFO - Sync 1 DAGs
[2025-04-15T19:58:23.213+0000] {logging_mixin.py:190} INFO - [2025-04-15T19:58:23.212+0000] {dag.py:4180} INFO - Setting next_dagrun for etl_duckdb_dag_custom_class to 2025-04-15 00:00:00+00:00, run_after=2025-04-16 00:00:00+00:00
[2025-04-15T19:58:23.246+0000] {processor.py:208} INFO - Processing /opt/airflow/dags/etl_duckdb_dag.py took 0.206 seconds
[2025-04-15T19:58:53.374+0000] {processor.py:186} INFO - Started process (PID=18836) to work on /opt/airflow/dags/etl_duckdb_dag.py
[2025-04-15T19:58:53.375+0000] {processor.py:914} INFO - Processing file /opt/airflow/dags/etl_duckdb_dag.py for tasks to queue
[2025-04-15T19:58:53.377+0000] {logging_mixin.py:190} INFO - [2025-04-15T19:58:53.377+0000] {dagbag.py:588} INFO - Filling up the DagBag from /opt/airflow/dags/etl_duckdb_dag.py
[2025-04-15T19:58:53.470+0000] {processor.py:925} INFO - DAG(s) 'etl_duckdb_dag_custom_class' retrieved from /opt/airflow/dags/etl_duckdb_dag.py
[2025-04-15T19:58:53.503+0000] {logging_mixin.py:190} INFO - [2025-04-15T19:58:53.502+0000] {dag.py:3239} INFO - Sync 1 DAGs
[2025-04-15T19:58:53.545+0000] {logging_mixin.py:190} INFO - [2025-04-15T19:58:53.544+0000] {dag.py:4180} INFO - Setting next_dagrun for etl_duckdb_dag_custom_class to 2025-04-15 00:00:00+00:00, run_after=2025-04-16 00:00:00+00:00
[2025-04-15T19:58:53.579+0000] {processor.py:208} INFO - Processing /opt/airflow/dags/etl_duckdb_dag.py took 0.216 seconds
[2025-04-15T19:59:23.760+0000] {processor.py:186} INFO - Started process (PID=18903) to work on /opt/airflow/dags/etl_duckdb_dag.py
[2025-04-15T19:59:23.761+0000] {processor.py:914} INFO - Processing file /opt/airflow/dags/etl_duckdb_dag.py for tasks to queue
[2025-04-15T19:59:23.763+0000] {logging_mixin.py:190} INFO - [2025-04-15T19:59:23.762+0000] {dagbag.py:588} INFO - Filling up the DagBag from /opt/airflow/dags/etl_duckdb_dag.py
[2025-04-15T19:59:23.828+0000] {processor.py:925} INFO - DAG(s) 'etl_duckdb_dag_custom_class' retrieved from /opt/airflow/dags/etl_duckdb_dag.py
[2025-04-15T19:59:23.854+0000] {logging_mixin.py:190} INFO - [2025-04-15T19:59:23.853+0000] {dag.py:3239} INFO - Sync 1 DAGs
[2025-04-15T19:59:23.885+0000] {logging_mixin.py:190} INFO - [2025-04-15T19:59:23.884+0000] {dag.py:4180} INFO - Setting next_dagrun for etl_duckdb_dag_custom_class to 2025-04-15 00:00:00+00:00, run_after=2025-04-16 00:00:00+00:00
[2025-04-15T19:59:23.911+0000] {processor.py:208} INFO - Processing /opt/airflow/dags/etl_duckdb_dag.py took 0.157 seconds
[2025-04-15T19:59:54.395+0000] {processor.py:186} INFO - Started process (PID=18970) to work on /opt/airflow/dags/etl_duckdb_dag.py
[2025-04-15T19:59:54.396+0000] {processor.py:914} INFO - Processing file /opt/airflow/dags/etl_duckdb_dag.py for tasks to queue
[2025-04-15T19:59:54.397+0000] {logging_mixin.py:190} INFO - [2025-04-15T19:59:54.397+0000] {dagbag.py:588} INFO - Filling up the DagBag from /opt/airflow/dags/etl_duckdb_dag.py
[2025-04-15T19:59:54.454+0000] {processor.py:925} INFO - DAG(s) 'etl_duckdb_dag_custom_class' retrieved from /opt/airflow/dags/etl_duckdb_dag.py
[2025-04-15T19:59:54.478+0000] {logging_mixin.py:190} INFO - [2025-04-15T19:59:54.478+0000] {dag.py:3239} INFO - Sync 1 DAGs
[2025-04-15T19:59:54.512+0000] {logging_mixin.py:190} INFO - [2025-04-15T19:59:54.512+0000] {dag.py:4180} INFO - Setting next_dagrun for etl_duckdb_dag_custom_class to 2025-04-15 00:00:00+00:00, run_after=2025-04-16 00:00:00+00:00
[2025-04-15T19:59:54.537+0000] {processor.py:208} INFO - Processing /opt/airflow/dags/etl_duckdb_dag.py took 0.149 seconds
[2025-04-15T20:00:24.784+0000] {processor.py:186} INFO - Started process (PID=19037) to work on /opt/airflow/dags/etl_duckdb_dag.py
[2025-04-15T20:00:24.786+0000] {processor.py:914} INFO - Processing file /opt/airflow/dags/etl_duckdb_dag.py for tasks to queue
[2025-04-15T20:00:24.788+0000] {logging_mixin.py:190} INFO - [2025-04-15T20:00:24.788+0000] {dagbag.py:588} INFO - Filling up the DagBag from /opt/airflow/dags/etl_duckdb_dag.py
[2025-04-15T20:00:24.897+0000] {processor.py:925} INFO - DAG(s) 'etl_duckdb_dag_custom_class' retrieved from /opt/airflow/dags/etl_duckdb_dag.py
[2025-04-15T20:00:24.935+0000] {logging_mixin.py:190} INFO - [2025-04-15T20:00:24.935+0000] {dag.py:3239} INFO - Sync 1 DAGs
[2025-04-15T20:00:24.980+0000] {logging_mixin.py:190} INFO - [2025-04-15T20:00:24.979+0000] {dag.py:4180} INFO - Setting next_dagrun for etl_duckdb_dag_custom_class to 2025-04-15 00:00:00+00:00, run_after=2025-04-16 00:00:00+00:00
[2025-04-15T20:00:25.015+0000] {processor.py:208} INFO - Processing /opt/airflow/dags/etl_duckdb_dag.py took 0.241 seconds
[2025-04-15T20:00:55.392+0000] {processor.py:186} INFO - Started process (PID=19104) to work on /opt/airflow/dags/etl_duckdb_dag.py
[2025-04-15T20:00:55.393+0000] {processor.py:914} INFO - Processing file /opt/airflow/dags/etl_duckdb_dag.py for tasks to queue
[2025-04-15T20:00:55.394+0000] {logging_mixin.py:190} INFO - [2025-04-15T20:00:55.394+0000] {dagbag.py:588} INFO - Filling up the DagBag from /opt/airflow/dags/etl_duckdb_dag.py
[2025-04-15T20:00:55.456+0000] {processor.py:925} INFO - DAG(s) 'etl_duckdb_dag_custom_class' retrieved from /opt/airflow/dags/etl_duckdb_dag.py
[2025-04-15T20:00:55.479+0000] {logging_mixin.py:190} INFO - [2025-04-15T20:00:55.479+0000] {dag.py:3239} INFO - Sync 1 DAGs
[2025-04-15T20:00:55.509+0000] {logging_mixin.py:190} INFO - [2025-04-15T20:00:55.509+0000] {dag.py:4180} INFO - Setting next_dagrun for etl_duckdb_dag_custom_class to 2025-04-15 00:00:00+00:00, run_after=2025-04-16 00:00:00+00:00
[2025-04-15T20:00:55.532+0000] {processor.py:208} INFO - Processing /opt/airflow/dags/etl_duckdb_dag.py took 0.146 seconds
[2025-04-15T20:01:26.162+0000] {processor.py:186} INFO - Started process (PID=19171) to work on /opt/airflow/dags/etl_duckdb_dag.py
[2025-04-15T20:01:26.164+0000] {processor.py:914} INFO - Processing file /opt/airflow/dags/etl_duckdb_dag.py for tasks to queue
[2025-04-15T20:01:26.166+0000] {logging_mixin.py:190} INFO - [2025-04-15T20:01:26.165+0000] {dagbag.py:588} INFO - Filling up the DagBag from /opt/airflow/dags/etl_duckdb_dag.py
[2025-04-15T20:01:26.269+0000] {processor.py:925} INFO - DAG(s) 'etl_duckdb_dag_custom_class' retrieved from /opt/airflow/dags/etl_duckdb_dag.py
[2025-04-15T20:01:26.302+0000] {logging_mixin.py:190} INFO - [2025-04-15T20:01:26.301+0000] {dag.py:3239} INFO - Sync 1 DAGs
[2025-04-15T20:01:26.340+0000] {logging_mixin.py:190} INFO - [2025-04-15T20:01:26.339+0000] {dag.py:4180} INFO - Setting next_dagrun for etl_duckdb_dag_custom_class to 2025-04-15 00:00:00+00:00, run_after=2025-04-16 00:00:00+00:00
[2025-04-15T20:01:26.366+0000] {processor.py:208} INFO - Processing /opt/airflow/dags/etl_duckdb_dag.py took 0.212 seconds
[2025-04-15T20:01:56.537+0000] {processor.py:186} INFO - Started process (PID=19244) to work on /opt/airflow/dags/etl_duckdb_dag.py
[2025-04-15T20:01:56.538+0000] {processor.py:914} INFO - Processing file /opt/airflow/dags/etl_duckdb_dag.py for tasks to queue
[2025-04-15T20:01:56.540+0000] {logging_mixin.py:190} INFO - [2025-04-15T20:01:56.540+0000] {dagbag.py:588} INFO - Filling up the DagBag from /opt/airflow/dags/etl_duckdb_dag.py
[2025-04-15T20:01:56.623+0000] {processor.py:925} INFO - DAG(s) 'etl_duckdb_dag_custom_class' retrieved from /opt/airflow/dags/etl_duckdb_dag.py
[2025-04-15T20:01:56.654+0000] {logging_mixin.py:190} INFO - [2025-04-15T20:01:56.654+0000] {dag.py:3239} INFO - Sync 1 DAGs
[2025-04-15T20:01:56.690+0000] {logging_mixin.py:190} INFO - [2025-04-15T20:01:56.690+0000] {dag.py:4180} INFO - Setting next_dagrun for etl_duckdb_dag_custom_class to 2025-04-15 00:00:00+00:00, run_after=2025-04-16 00:00:00+00:00
[2025-04-15T20:01:56.720+0000] {processor.py:208} INFO - Processing /opt/airflow/dags/etl_duckdb_dag.py took 0.191 seconds
[2025-04-15T20:02:27.146+0000] {processor.py:186} INFO - Started process (PID=19311) to work on /opt/airflow/dags/etl_duckdb_dag.py
[2025-04-15T20:02:27.148+0000] {processor.py:914} INFO - Processing file /opt/airflow/dags/etl_duckdb_dag.py for tasks to queue
[2025-04-15T20:02:27.154+0000] {logging_mixin.py:190} INFO - [2025-04-15T20:02:27.154+0000] {dagbag.py:588} INFO - Filling up the DagBag from /opt/airflow/dags/etl_duckdb_dag.py
[2025-04-15T20:02:27.247+0000] {processor.py:925} INFO - DAG(s) 'etl_duckdb_dag_custom_class' retrieved from /opt/airflow/dags/etl_duckdb_dag.py
[2025-04-15T20:02:27.286+0000] {logging_mixin.py:190} INFO - [2025-04-15T20:02:27.286+0000] {dag.py:3239} INFO - Sync 1 DAGs
[2025-04-15T20:02:27.330+0000] {logging_mixin.py:190} INFO - [2025-04-15T20:02:27.330+0000] {dag.py:4180} INFO - Setting next_dagrun for etl_duckdb_dag_custom_class to 2025-04-15 00:00:00+00:00, run_after=2025-04-16 00:00:00+00:00
[2025-04-15T20:02:27.368+0000] {processor.py:208} INFO - Processing /opt/airflow/dags/etl_duckdb_dag.py took 0.230 seconds
[2025-04-15T20:02:57.656+0000] {processor.py:186} INFO - Started process (PID=19379) to work on /opt/airflow/dags/etl_duckdb_dag.py
[2025-04-15T20:02:57.657+0000] {processor.py:914} INFO - Processing file /opt/airflow/dags/etl_duckdb_dag.py for tasks to queue
[2025-04-15T20:02:57.660+0000] {logging_mixin.py:190} INFO - [2025-04-15T20:02:57.660+0000] {dagbag.py:588} INFO - Filling up the DagBag from /opt/airflow/dags/etl_duckdb_dag.py
[2025-04-15T20:02:57.753+0000] {processor.py:925} INFO - DAG(s) 'etl_duckdb_dag_custom_class' retrieved from /opt/airflow/dags/etl_duckdb_dag.py
[2025-04-15T20:02:57.786+0000] {logging_mixin.py:190} INFO - [2025-04-15T20:02:57.785+0000] {dag.py:3239} INFO - Sync 1 DAGs
[2025-04-15T20:02:57.825+0000] {logging_mixin.py:190} INFO - [2025-04-15T20:02:57.825+0000] {dag.py:4180} INFO - Setting next_dagrun for etl_duckdb_dag_custom_class to 2025-04-15 00:00:00+00:00, run_after=2025-04-16 00:00:00+00:00
[2025-04-15T20:02:57.859+0000] {processor.py:208} INFO - Processing /opt/airflow/dags/etl_duckdb_dag.py took 0.211 seconds
[2025-04-15T20:03:28.262+0000] {processor.py:186} INFO - Started process (PID=19445) to work on /opt/airflow/dags/etl_duckdb_dag.py
[2025-04-15T20:03:28.265+0000] {processor.py:914} INFO - Processing file /opt/airflow/dags/etl_duckdb_dag.py for tasks to queue
[2025-04-15T20:03:28.268+0000] {logging_mixin.py:190} INFO - [2025-04-15T20:03:28.268+0000] {dagbag.py:588} INFO - Filling up the DagBag from /opt/airflow/dags/etl_duckdb_dag.py
[2025-04-15T20:03:28.356+0000] {processor.py:925} INFO - DAG(s) 'etl_duckdb_dag_custom_class' retrieved from /opt/airflow/dags/etl_duckdb_dag.py
[2025-04-15T20:03:28.388+0000] {logging_mixin.py:190} INFO - [2025-04-15T20:03:28.388+0000] {dag.py:3239} INFO - Sync 1 DAGs
[2025-04-15T20:03:28.429+0000] {logging_mixin.py:190} INFO - [2025-04-15T20:03:28.429+0000] {dag.py:4180} INFO - Setting next_dagrun for etl_duckdb_dag_custom_class to 2025-04-15 00:00:00+00:00, run_after=2025-04-16 00:00:00+00:00
[2025-04-15T20:03:28.467+0000] {processor.py:208} INFO - Processing /opt/airflow/dags/etl_duckdb_dag.py took 0.213 seconds
[2025-04-15T20:03:58.703+0000] {processor.py:186} INFO - Started process (PID=19512) to work on /opt/airflow/dags/etl_duckdb_dag.py
[2025-04-15T20:03:58.706+0000] {processor.py:914} INFO - Processing file /opt/airflow/dags/etl_duckdb_dag.py for tasks to queue
[2025-04-15T20:03:58.708+0000] {logging_mixin.py:190} INFO - [2025-04-15T20:03:58.708+0000] {dagbag.py:588} INFO - Filling up the DagBag from /opt/airflow/dags/etl_duckdb_dag.py
[2025-04-15T20:03:58.799+0000] {processor.py:925} INFO - DAG(s) 'etl_duckdb_dag_custom_class' retrieved from /opt/airflow/dags/etl_duckdb_dag.py
[2025-04-15T20:03:58.829+0000] {logging_mixin.py:190} INFO - [2025-04-15T20:03:58.829+0000] {dag.py:3239} INFO - Sync 1 DAGs
[2025-04-15T20:03:58.867+0000] {logging_mixin.py:190} INFO - [2025-04-15T20:03:58.867+0000] {dag.py:4180} INFO - Setting next_dagrun for etl_duckdb_dag_custom_class to 2025-04-15 00:00:00+00:00, run_after=2025-04-16 00:00:00+00:00
[2025-04-15T20:03:58.902+0000] {processor.py:208} INFO - Processing /opt/airflow/dags/etl_duckdb_dag.py took 0.209 seconds
[2025-04-15T23:04:26.821+0000] {processor.py:186} INFO - Started process (PID=19558) to work on /opt/airflow/dags/etl_duckdb_dag.py
[2025-04-15T23:04:26.822+0000] {processor.py:914} INFO - Processing file /opt/airflow/dags/etl_duckdb_dag.py for tasks to queue
[2025-04-15T23:04:26.824+0000] {logging_mixin.py:190} INFO - [2025-04-15T23:04:26.824+0000] {dagbag.py:588} INFO - Filling up the DagBag from /opt/airflow/dags/etl_duckdb_dag.py
[2025-04-15T23:04:26.902+0000] {processor.py:925} INFO - DAG(s) 'etl_duckdb_dag_custom_class' retrieved from /opt/airflow/dags/etl_duckdb_dag.py
[2025-04-15T23:04:26.928+0000] {logging_mixin.py:190} INFO - [2025-04-15T23:04:26.928+0000] {dag.py:3239} INFO - Sync 1 DAGs
[2025-04-15T23:04:26.959+0000] {logging_mixin.py:190} INFO - [2025-04-15T23:04:26.959+0000] {dag.py:4180} INFO - Setting next_dagrun for etl_duckdb_dag_custom_class to 2025-04-15 00:00:00+00:00, run_after=2025-04-16 00:00:00+00:00
[2025-04-15T23:04:26.985+0000] {processor.py:208} INFO - Processing /opt/airflow/dags/etl_duckdb_dag.py took 0.171 seconds
