[2025-04-15T19:35:26.621+0000] {processor.py:186} INFO - Started process (PID=15766) to work on /opt/airflow/dags/etl_duckdb.py
[2025-04-15T19:35:26.622+0000] {processor.py:914} INFO - Processing file /opt/airflow/dags/etl_duckdb.py for tasks to queue
[2025-04-15T19:35:26.625+0000] {logging_mixin.py:190} INFO - [2025-04-15T19:35:26.624+0000] {dagbag.py:588} INFO - Filling up the DagBag from /opt/airflow/dags/etl_duckdb.py
[2025-04-15T19:35:26.827+0000] {processor.py:925} INFO - DAG(s) 'etl_duckdb' retrieved from /opt/airflow/dags/etl_duckdb.py
[2025-04-15T19:35:26.892+0000] {logging_mixin.py:190} INFO - [2025-04-15T19:35:26.891+0000] {dag.py:3239} INFO - Sync 1 DAGs
[2025-04-15T19:35:26.961+0000] {logging_mixin.py:190} INFO - [2025-04-15T19:35:26.960+0000] {dag.py:4180} INFO - Setting next_dagrun for etl_duckdb to None, run_after=None
[2025-04-15T19:35:27.027+0000] {processor.py:208} INFO - Processing /opt/airflow/dags/etl_duckdb.py took 0.423 seconds
[2025-04-15T19:35:57.447+0000] {processor.py:186} INFO - Started process (PID=15832) to work on /opt/airflow/dags/etl_duckdb.py
[2025-04-15T19:35:57.449+0000] {processor.py:914} INFO - Processing file /opt/airflow/dags/etl_duckdb.py for tasks to queue
[2025-04-15T19:35:57.452+0000] {logging_mixin.py:190} INFO - [2025-04-15T19:35:57.451+0000] {dagbag.py:588} INFO - Filling up the DagBag from /opt/airflow/dags/etl_duckdb.py
[2025-04-15T19:35:57.531+0000] {processor.py:925} INFO - DAG(s) 'etl_duckdb' retrieved from /opt/airflow/dags/etl_duckdb.py
[2025-04-15T19:35:57.561+0000] {logging_mixin.py:190} INFO - [2025-04-15T19:35:57.560+0000] {dag.py:3239} INFO - Sync 1 DAGs
[2025-04-15T19:35:57.583+0000] {logging_mixin.py:190} INFO - [2025-04-15T19:35:57.582+0000] {dag.py:4180} INFO - Setting next_dagrun for etl_duckdb to None, run_after=None
[2025-04-15T19:35:57.625+0000] {processor.py:208} INFO - Processing /opt/airflow/dags/etl_duckdb.py took 0.187 seconds
[2025-04-15T19:36:28.038+0000] {processor.py:186} INFO - Started process (PID=15899) to work on /opt/airflow/dags/etl_duckdb.py
[2025-04-15T19:36:28.039+0000] {processor.py:914} INFO - Processing file /opt/airflow/dags/etl_duckdb.py for tasks to queue
[2025-04-15T19:36:28.041+0000] {logging_mixin.py:190} INFO - [2025-04-15T19:36:28.040+0000] {dagbag.py:588} INFO - Filling up the DagBag from /opt/airflow/dags/etl_duckdb.py
[2025-04-15T19:36:28.113+0000] {processor.py:925} INFO - DAG(s) 'etl_duckdb' retrieved from /opt/airflow/dags/etl_duckdb.py
[2025-04-15T19:36:28.143+0000] {logging_mixin.py:190} INFO - [2025-04-15T19:36:28.142+0000] {dag.py:3239} INFO - Sync 1 DAGs
[2025-04-15T19:36:28.165+0000] {logging_mixin.py:190} INFO - [2025-04-15T19:36:28.164+0000] {dag.py:4180} INFO - Setting next_dagrun for etl_duckdb to None, run_after=None
[2025-04-15T19:36:28.197+0000] {processor.py:208} INFO - Processing /opt/airflow/dags/etl_duckdb.py took 0.167 seconds
[2025-04-15T19:36:58.693+0000] {processor.py:186} INFO - Started process (PID=15966) to work on /opt/airflow/dags/etl_duckdb.py
[2025-04-15T19:36:58.695+0000] {processor.py:914} INFO - Processing file /opt/airflow/dags/etl_duckdb.py for tasks to queue
[2025-04-15T19:36:58.698+0000] {logging_mixin.py:190} INFO - [2025-04-15T19:36:58.697+0000] {dagbag.py:588} INFO - Filling up the DagBag from /opt/airflow/dags/etl_duckdb.py
[2025-04-15T19:36:58.776+0000] {processor.py:925} INFO - DAG(s) 'etl_duckdb' retrieved from /opt/airflow/dags/etl_duckdb.py
[2025-04-15T19:36:58.815+0000] {logging_mixin.py:190} INFO - [2025-04-15T19:36:58.813+0000] {dag.py:3239} INFO - Sync 1 DAGs
[2025-04-15T19:36:58.843+0000] {logging_mixin.py:190} INFO - [2025-04-15T19:36:58.842+0000] {dag.py:4180} INFO - Setting next_dagrun for etl_duckdb to None, run_after=None
[2025-04-15T19:36:58.880+0000] {processor.py:208} INFO - Processing /opt/airflow/dags/etl_duckdb.py took 0.204 seconds
[2025-04-15T19:37:29.870+0000] {processor.py:186} INFO - Started process (PID=16033) to work on /opt/airflow/dags/etl_duckdb.py
[2025-04-15T19:37:29.874+0000] {processor.py:914} INFO - Processing file /opt/airflow/dags/etl_duckdb.py for tasks to queue
[2025-04-15T19:37:29.877+0000] {logging_mixin.py:190} INFO - [2025-04-15T19:37:29.876+0000] {dagbag.py:588} INFO - Filling up the DagBag from /opt/airflow/dags/etl_duckdb.py
[2025-04-15T19:37:29.979+0000] {processor.py:925} INFO - DAG(s) 'etl_duckdb' retrieved from /opt/airflow/dags/etl_duckdb.py
[2025-04-15T19:37:30.027+0000] {logging_mixin.py:190} INFO - [2025-04-15T19:37:30.026+0000] {dag.py:3239} INFO - Sync 1 DAGs
[2025-04-15T19:37:30.056+0000] {logging_mixin.py:190} INFO - [2025-04-15T19:37:30.056+0000] {dag.py:4180} INFO - Setting next_dagrun for etl_duckdb to None, run_after=None
[2025-04-15T19:37:30.124+0000] {processor.py:208} INFO - Processing /opt/airflow/dags/etl_duckdb.py took 0.269 seconds
[2025-04-15T19:38:00.238+0000] {processor.py:186} INFO - Started process (PID=16099) to work on /opt/airflow/dags/etl_duckdb.py
[2025-04-15T19:38:00.239+0000] {processor.py:914} INFO - Processing file /opt/airflow/dags/etl_duckdb.py for tasks to queue
[2025-04-15T19:38:00.242+0000] {logging_mixin.py:190} INFO - [2025-04-15T19:38:00.241+0000] {dagbag.py:588} INFO - Filling up the DagBag from /opt/airflow/dags/etl_duckdb.py
[2025-04-15T19:38:00.333+0000] {processor.py:925} INFO - DAG(s) 'etl_duckdb' retrieved from /opt/airflow/dags/etl_duckdb.py
[2025-04-15T19:38:00.380+0000] {logging_mixin.py:190} INFO - [2025-04-15T19:38:00.380+0000] {dag.py:3239} INFO - Sync 1 DAGs
[2025-04-15T19:38:00.446+0000] {logging_mixin.py:190} INFO - [2025-04-15T19:38:00.442+0000] {dag.py:4180} INFO - Setting next_dagrun for etl_duckdb to None, run_after=None
[2025-04-15T19:38:00.690+0000] {processor.py:208} INFO - Processing /opt/airflow/dags/etl_duckdb.py took 0.462 seconds
[2025-04-15T19:38:31.142+0000] {processor.py:186} INFO - Started process (PID=16167) to work on /opt/airflow/dags/etl_duckdb.py
[2025-04-15T19:38:31.143+0000] {processor.py:914} INFO - Processing file /opt/airflow/dags/etl_duckdb.py for tasks to queue
[2025-04-15T19:38:31.145+0000] {logging_mixin.py:190} INFO - [2025-04-15T19:38:31.145+0000] {dagbag.py:588} INFO - Filling up the DagBag from /opt/airflow/dags/etl_duckdb.py
[2025-04-15T19:38:31.208+0000] {processor.py:925} INFO - DAG(s) 'etl_duckdb' retrieved from /opt/airflow/dags/etl_duckdb.py
[2025-04-15T19:38:31.237+0000] {logging_mixin.py:190} INFO - [2025-04-15T19:38:31.237+0000] {dag.py:3239} INFO - Sync 1 DAGs
[2025-04-15T19:38:31.259+0000] {logging_mixin.py:190} INFO - [2025-04-15T19:38:31.259+0000] {dag.py:4180} INFO - Setting next_dagrun for etl_duckdb to None, run_after=None
[2025-04-15T19:38:31.291+0000] {processor.py:208} INFO - Processing /opt/airflow/dags/etl_duckdb.py took 0.160 seconds
[2025-04-15T19:39:01.798+0000] {processor.py:186} INFO - Started process (PID=16234) to work on /opt/airflow/dags/etl_duckdb.py
[2025-04-15T19:39:01.799+0000] {processor.py:914} INFO - Processing file /opt/airflow/dags/etl_duckdb.py for tasks to queue
[2025-04-15T19:39:01.800+0000] {logging_mixin.py:190} INFO - [2025-04-15T19:39:01.800+0000] {dagbag.py:588} INFO - Filling up the DagBag from /opt/airflow/dags/etl_duckdb.py
[2025-04-15T19:39:01.854+0000] {processor.py:925} INFO - DAG(s) 'etl_duckdb' retrieved from /opt/airflow/dags/etl_duckdb.py
[2025-04-15T19:39:01.876+0000] {logging_mixin.py:190} INFO - [2025-04-15T19:39:01.876+0000] {dag.py:3239} INFO - Sync 1 DAGs
[2025-04-15T19:39:01.894+0000] {logging_mixin.py:190} INFO - [2025-04-15T19:39:01.894+0000] {dag.py:4180} INFO - Setting next_dagrun for etl_duckdb to None, run_after=None
[2025-04-15T19:39:01.924+0000] {processor.py:208} INFO - Processing /opt/airflow/dags/etl_duckdb.py took 0.133 seconds
[2025-04-15T19:39:32.198+0000] {processor.py:186} INFO - Started process (PID=16301) to work on /opt/airflow/dags/etl_duckdb.py
[2025-04-15T19:39:32.199+0000] {processor.py:914} INFO - Processing file /opt/airflow/dags/etl_duckdb.py for tasks to queue
[2025-04-15T19:39:32.201+0000] {logging_mixin.py:190} INFO - [2025-04-15T19:39:32.200+0000] {dagbag.py:588} INFO - Filling up the DagBag from /opt/airflow/dags/etl_duckdb.py
[2025-04-15T19:39:32.255+0000] {processor.py:925} INFO - DAG(s) 'etl_duckdb' retrieved from /opt/airflow/dags/etl_duckdb.py
[2025-04-15T19:39:32.280+0000] {logging_mixin.py:190} INFO - [2025-04-15T19:39:32.279+0000] {dag.py:3239} INFO - Sync 1 DAGs
[2025-04-15T19:39:32.297+0000] {logging_mixin.py:190} INFO - [2025-04-15T19:39:32.297+0000] {dag.py:4180} INFO - Setting next_dagrun for etl_duckdb to None, run_after=None
[2025-04-15T19:39:32.326+0000] {processor.py:208} INFO - Processing /opt/airflow/dags/etl_duckdb.py took 0.136 seconds
[2025-04-15T19:40:02.534+0000] {processor.py:186} INFO - Started process (PID=16368) to work on /opt/airflow/dags/etl_duckdb.py
[2025-04-15T19:40:02.536+0000] {processor.py:914} INFO - Processing file /opt/airflow/dags/etl_duckdb.py for tasks to queue
[2025-04-15T19:40:02.538+0000] {logging_mixin.py:190} INFO - [2025-04-15T19:40:02.537+0000] {dagbag.py:588} INFO - Filling up the DagBag from /opt/airflow/dags/etl_duckdb.py
[2025-04-15T19:40:02.614+0000] {processor.py:925} INFO - DAG(s) 'etl_duckdb' retrieved from /opt/airflow/dags/etl_duckdb.py
[2025-04-15T19:40:02.644+0000] {logging_mixin.py:190} INFO - [2025-04-15T19:40:02.644+0000] {dag.py:3239} INFO - Sync 1 DAGs
[2025-04-15T19:40:02.674+0000] {logging_mixin.py:190} INFO - [2025-04-15T19:40:02.673+0000] {dag.py:4180} INFO - Setting next_dagrun for etl_duckdb to None, run_after=None
[2025-04-15T19:40:02.719+0000] {processor.py:208} INFO - Processing /opt/airflow/dags/etl_duckdb.py took 0.193 seconds
[2025-04-15T19:40:32.900+0000] {processor.py:186} INFO - Started process (PID=16435) to work on /opt/airflow/dags/etl_duckdb.py
[2025-04-15T19:40:32.902+0000] {processor.py:914} INFO - Processing file /opt/airflow/dags/etl_duckdb.py for tasks to queue
[2025-04-15T19:40:32.905+0000] {logging_mixin.py:190} INFO - [2025-04-15T19:40:32.904+0000] {dagbag.py:588} INFO - Filling up the DagBag from /opt/airflow/dags/etl_duckdb.py
[2025-04-15T19:40:32.993+0000] {processor.py:925} INFO - DAG(s) 'etl_duckdb' retrieved from /opt/airflow/dags/etl_duckdb.py
[2025-04-15T19:40:33.040+0000] {logging_mixin.py:190} INFO - [2025-04-15T19:40:33.040+0000] {dag.py:3239} INFO - Sync 1 DAGs
[2025-04-15T19:40:33.062+0000] {logging_mixin.py:190} INFO - [2025-04-15T19:40:33.062+0000] {dag.py:4180} INFO - Setting next_dagrun for etl_duckdb to None, run_after=None
[2025-04-15T19:40:33.095+0000] {processor.py:208} INFO - Processing /opt/airflow/dags/etl_duckdb.py took 0.206 seconds
[2025-04-15T19:41:03.158+0000] {processor.py:186} INFO - Started process (PID=16501) to work on /opt/airflow/dags/etl_duckdb.py
[2025-04-15T19:41:03.159+0000] {processor.py:914} INFO - Processing file /opt/airflow/dags/etl_duckdb.py for tasks to queue
[2025-04-15T19:41:03.161+0000] {logging_mixin.py:190} INFO - [2025-04-15T19:41:03.160+0000] {dagbag.py:588} INFO - Filling up the DagBag from /opt/airflow/dags/etl_duckdb.py
[2025-04-15T19:41:03.221+0000] {processor.py:925} INFO - DAG(s) 'etl_duckdb' retrieved from /opt/airflow/dags/etl_duckdb.py
[2025-04-15T19:41:03.256+0000] {logging_mixin.py:190} INFO - [2025-04-15T19:41:03.255+0000] {dag.py:3239} INFO - Sync 1 DAGs
[2025-04-15T19:41:03.284+0000] {logging_mixin.py:190} INFO - [2025-04-15T19:41:03.283+0000] {dag.py:4180} INFO - Setting next_dagrun for etl_duckdb to None, run_after=None
[2025-04-15T19:41:03.314+0000] {processor.py:208} INFO - Processing /opt/airflow/dags/etl_duckdb.py took 0.163 seconds
[2025-04-15T19:41:33.499+0000] {processor.py:186} INFO - Started process (PID=16568) to work on /opt/airflow/dags/etl_duckdb.py
[2025-04-15T19:41:33.501+0000] {processor.py:914} INFO - Processing file /opt/airflow/dags/etl_duckdb.py for tasks to queue
[2025-04-15T19:41:33.502+0000] {logging_mixin.py:190} INFO - [2025-04-15T19:41:33.502+0000] {dagbag.py:588} INFO - Filling up the DagBag from /opt/airflow/dags/etl_duckdb.py
[2025-04-15T19:41:33.572+0000] {processor.py:925} INFO - DAG(s) 'etl_duckdb' retrieved from /opt/airflow/dags/etl_duckdb.py
[2025-04-15T19:41:33.600+0000] {logging_mixin.py:190} INFO - [2025-04-15T19:41:33.600+0000] {dag.py:3239} INFO - Sync 1 DAGs
[2025-04-15T19:41:33.870+0000] {logging_mixin.py:190} INFO - [2025-04-15T19:41:33.869+0000] {dag.py:4180} INFO - Setting next_dagrun for etl_duckdb to None, run_after=None
[2025-04-15T19:41:33.906+0000] {processor.py:208} INFO - Processing /opt/airflow/dags/etl_duckdb.py took 0.416 seconds
[2025-04-15T19:42:04.446+0000] {processor.py:186} INFO - Started process (PID=16635) to work on /opt/airflow/dags/etl_duckdb.py
[2025-04-15T19:42:04.448+0000] {processor.py:914} INFO - Processing file /opt/airflow/dags/etl_duckdb.py for tasks to queue
[2025-04-15T19:42:04.450+0000] {logging_mixin.py:190} INFO - [2025-04-15T19:42:04.449+0000] {dagbag.py:588} INFO - Filling up the DagBag from /opt/airflow/dags/etl_duckdb.py
[2025-04-15T19:42:04.521+0000] {processor.py:925} INFO - DAG(s) 'etl_duckdb' retrieved from /opt/airflow/dags/etl_duckdb.py
[2025-04-15T19:42:04.548+0000] {logging_mixin.py:190} INFO - [2025-04-15T19:42:04.548+0000] {dag.py:3239} INFO - Sync 1 DAGs
[2025-04-15T19:42:04.823+0000] {logging_mixin.py:190} INFO - [2025-04-15T19:42:04.823+0000] {dag.py:4180} INFO - Setting next_dagrun for etl_duckdb to None, run_after=None
[2025-04-15T19:42:04.854+0000] {processor.py:208} INFO - Processing /opt/airflow/dags/etl_duckdb.py took 0.417 seconds
[2025-04-15T19:42:34.955+0000] {processor.py:186} INFO - Started process (PID=16703) to work on /opt/airflow/dags/etl_duckdb.py
[2025-04-15T19:42:34.956+0000] {processor.py:914} INFO - Processing file /opt/airflow/dags/etl_duckdb.py for tasks to queue
[2025-04-15T19:42:34.959+0000] {logging_mixin.py:190} INFO - [2025-04-15T19:42:34.959+0000] {dagbag.py:588} INFO - Filling up the DagBag from /opt/airflow/dags/etl_duckdb.py
[2025-04-15T19:42:35.026+0000] {processor.py:925} INFO - DAG(s) 'etl_duckdb' retrieved from /opt/airflow/dags/etl_duckdb.py
[2025-04-15T19:42:35.058+0000] {logging_mixin.py:190} INFO - [2025-04-15T19:42:35.058+0000] {dag.py:3239} INFO - Sync 1 DAGs
[2025-04-15T19:42:35.089+0000] {logging_mixin.py:190} INFO - [2025-04-15T19:42:35.088+0000] {dag.py:4180} INFO - Setting next_dagrun for etl_duckdb to None, run_after=None
[2025-04-15T19:42:35.136+0000] {processor.py:208} INFO - Processing /opt/airflow/dags/etl_duckdb.py took 0.189 seconds
[2025-04-15T19:43:05.484+0000] {processor.py:186} INFO - Started process (PID=16770) to work on /opt/airflow/dags/etl_duckdb.py
[2025-04-15T19:43:05.485+0000] {processor.py:914} INFO - Processing file /opt/airflow/dags/etl_duckdb.py for tasks to queue
[2025-04-15T19:43:05.487+0000] {logging_mixin.py:190} INFO - [2025-04-15T19:43:05.486+0000] {dagbag.py:588} INFO - Filling up the DagBag from /opt/airflow/dags/etl_duckdb.py
[2025-04-15T19:43:05.551+0000] {processor.py:925} INFO - DAG(s) 'etl_duckdb' retrieved from /opt/airflow/dags/etl_duckdb.py
[2025-04-15T19:43:05.574+0000] {logging_mixin.py:190} INFO - [2025-04-15T19:43:05.574+0000] {dag.py:3239} INFO - Sync 1 DAGs
[2025-04-15T19:43:05.596+0000] {logging_mixin.py:190} INFO - [2025-04-15T19:43:05.596+0000] {dag.py:4180} INFO - Setting next_dagrun for etl_duckdb to None, run_after=None
[2025-04-15T19:43:05.627+0000] {processor.py:208} INFO - Processing /opt/airflow/dags/etl_duckdb.py took 0.151 seconds
[2025-04-15T19:43:36.379+0000] {processor.py:186} INFO - Started process (PID=16837) to work on /opt/airflow/dags/etl_duckdb.py
[2025-04-15T19:43:36.380+0000] {processor.py:914} INFO - Processing file /opt/airflow/dags/etl_duckdb.py for tasks to queue
[2025-04-15T19:43:36.382+0000] {logging_mixin.py:190} INFO - [2025-04-15T19:43:36.382+0000] {dagbag.py:588} INFO - Filling up the DagBag from /opt/airflow/dags/etl_duckdb.py
[2025-04-15T19:43:36.463+0000] {processor.py:925} INFO - DAG(s) 'etl_duckdb' retrieved from /opt/airflow/dags/etl_duckdb.py
[2025-04-15T19:43:36.491+0000] {logging_mixin.py:190} INFO - [2025-04-15T19:43:36.490+0000] {dag.py:3239} INFO - Sync 1 DAGs
[2025-04-15T19:43:36.515+0000] {logging_mixin.py:190} INFO - [2025-04-15T19:43:36.514+0000] {dag.py:4180} INFO - Setting next_dagrun for etl_duckdb to None, run_after=None
[2025-04-15T19:43:36.549+0000] {processor.py:208} INFO - Processing /opt/airflow/dags/etl_duckdb.py took 0.178 seconds
[2025-04-15T19:44:07.047+0000] {processor.py:186} INFO - Started process (PID=16904) to work on /opt/airflow/dags/etl_duckdb.py
[2025-04-15T19:44:07.049+0000] {processor.py:914} INFO - Processing file /opt/airflow/dags/etl_duckdb.py for tasks to queue
[2025-04-15T19:44:07.052+0000] {logging_mixin.py:190} INFO - [2025-04-15T19:44:07.051+0000] {dagbag.py:588} INFO - Filling up the DagBag from /opt/airflow/dags/etl_duckdb.py
[2025-04-15T19:44:07.153+0000] {processor.py:925} INFO - DAG(s) 'etl_duckdb' retrieved from /opt/airflow/dags/etl_duckdb.py
[2025-04-15T19:44:07.200+0000] {logging_mixin.py:190} INFO - [2025-04-15T19:44:07.200+0000] {dag.py:3239} INFO - Sync 1 DAGs
[2025-04-15T19:44:07.245+0000] {logging_mixin.py:190} INFO - [2025-04-15T19:44:07.244+0000] {dag.py:4180} INFO - Setting next_dagrun for etl_duckdb to None, run_after=None
[2025-04-15T19:44:07.297+0000] {processor.py:208} INFO - Processing /opt/airflow/dags/etl_duckdb.py took 0.261 seconds
[2025-04-15T19:44:37.451+0000] {processor.py:186} INFO - Started process (PID=16972) to work on /opt/airflow/dags/etl_duckdb.py
[2025-04-15T19:44:37.453+0000] {processor.py:914} INFO - Processing file /opt/airflow/dags/etl_duckdb.py for tasks to queue
[2025-04-15T19:44:37.456+0000] {logging_mixin.py:190} INFO - [2025-04-15T19:44:37.455+0000] {dagbag.py:588} INFO - Filling up the DagBag from /opt/airflow/dags/etl_duckdb.py
[2025-04-15T19:44:37.540+0000] {processor.py:925} INFO - DAG(s) 'etl_duckdb' retrieved from /opt/airflow/dags/etl_duckdb.py
[2025-04-15T19:44:37.570+0000] {logging_mixin.py:190} INFO - [2025-04-15T19:44:37.570+0000] {dag.py:3239} INFO - Sync 1 DAGs
[2025-04-15T19:44:37.596+0000] {logging_mixin.py:190} INFO - [2025-04-15T19:44:37.595+0000] {dag.py:4180} INFO - Setting next_dagrun for etl_duckdb to None, run_after=None
[2025-04-15T19:44:37.633+0000] {processor.py:208} INFO - Processing /opt/airflow/dags/etl_duckdb.py took 0.193 seconds
[2025-04-15T19:45:07.808+0000] {processor.py:186} INFO - Started process (PID=17039) to work on /opt/airflow/dags/etl_duckdb.py
[2025-04-15T19:45:07.810+0000] {processor.py:914} INFO - Processing file /opt/airflow/dags/etl_duckdb.py for tasks to queue
[2025-04-15T19:45:07.811+0000] {logging_mixin.py:190} INFO - [2025-04-15T19:45:07.811+0000] {dagbag.py:588} INFO - Filling up the DagBag from /opt/airflow/dags/etl_duckdb.py
[2025-04-15T19:45:07.878+0000] {processor.py:925} INFO - DAG(s) 'etl_duckdb' retrieved from /opt/airflow/dags/etl_duckdb.py
[2025-04-15T19:45:07.906+0000] {logging_mixin.py:190} INFO - [2025-04-15T19:45:07.906+0000] {dag.py:3239} INFO - Sync 1 DAGs
[2025-04-15T19:45:07.927+0000] {logging_mixin.py:190} INFO - [2025-04-15T19:45:07.927+0000] {dag.py:4180} INFO - Setting next_dagrun for etl_duckdb to None, run_after=None
[2025-04-15T19:45:07.960+0000] {processor.py:208} INFO - Processing /opt/airflow/dags/etl_duckdb.py took 0.160 seconds
[2025-04-15T19:45:38.647+0000] {processor.py:186} INFO - Started process (PID=17104) to work on /opt/airflow/dags/etl_duckdb.py
[2025-04-15T19:45:38.649+0000] {processor.py:914} INFO - Processing file /opt/airflow/dags/etl_duckdb.py for tasks to queue
[2025-04-15T19:45:38.651+0000] {logging_mixin.py:190} INFO - [2025-04-15T19:45:38.650+0000] {dagbag.py:588} INFO - Filling up the DagBag from /opt/airflow/dags/etl_duckdb.py
[2025-04-15T19:45:38.724+0000] {processor.py:925} INFO - DAG(s) 'etl_duckdb' retrieved from /opt/airflow/dags/etl_duckdb.py
[2025-04-15T19:45:38.753+0000] {logging_mixin.py:190} INFO - [2025-04-15T19:45:38.753+0000] {dag.py:3239} INFO - Sync 1 DAGs
[2025-04-15T19:45:38.778+0000] {logging_mixin.py:190} INFO - [2025-04-15T19:45:38.777+0000] {dag.py:4180} INFO - Setting next_dagrun for etl_duckdb to None, run_after=None
[2025-04-15T19:45:38.809+0000] {processor.py:208} INFO - Processing /opt/airflow/dags/etl_duckdb.py took 0.171 seconds
[2025-04-15T19:46:08.893+0000] {processor.py:186} INFO - Started process (PID=17171) to work on /opt/airflow/dags/etl_duckdb.py
[2025-04-15T19:46:08.894+0000] {processor.py:914} INFO - Processing file /opt/airflow/dags/etl_duckdb.py for tasks to queue
[2025-04-15T19:46:08.895+0000] {logging_mixin.py:190} INFO - [2025-04-15T19:46:08.895+0000] {dagbag.py:588} INFO - Filling up the DagBag from /opt/airflow/dags/etl_duckdb.py
[2025-04-15T19:46:08.943+0000] {processor.py:925} INFO - DAG(s) 'etl_duckdb' retrieved from /opt/airflow/dags/etl_duckdb.py
[2025-04-15T19:46:08.963+0000] {logging_mixin.py:190} INFO - [2025-04-15T19:46:08.963+0000] {dag.py:3239} INFO - Sync 1 DAGs
[2025-04-15T19:46:08.979+0000] {logging_mixin.py:190} INFO - [2025-04-15T19:46:08.979+0000] {dag.py:4180} INFO - Setting next_dagrun for etl_duckdb to None, run_after=None
[2025-04-15T19:46:09.001+0000] {processor.py:208} INFO - Processing /opt/airflow/dags/etl_duckdb.py took 0.114 seconds
[2025-04-15T19:46:39.468+0000] {processor.py:186} INFO - Started process (PID=17238) to work on /opt/airflow/dags/etl_duckdb.py
[2025-04-15T19:46:39.470+0000] {processor.py:914} INFO - Processing file /opt/airflow/dags/etl_duckdb.py for tasks to queue
[2025-04-15T19:46:39.478+0000] {logging_mixin.py:190} INFO - [2025-04-15T19:46:39.477+0000] {dagbag.py:588} INFO - Filling up the DagBag from /opt/airflow/dags/etl_duckdb.py
[2025-04-15T19:46:39.576+0000] {processor.py:925} INFO - DAG(s) 'etl_duckdb' retrieved from /opt/airflow/dags/etl_duckdb.py
[2025-04-15T19:46:39.605+0000] {logging_mixin.py:190} INFO - [2025-04-15T19:46:39.604+0000] {dag.py:3239} INFO - Sync 1 DAGs
[2025-04-15T19:46:39.629+0000] {logging_mixin.py:190} INFO - [2025-04-15T19:46:39.628+0000] {dag.py:4180} INFO - Setting next_dagrun for etl_duckdb to None, run_after=None
[2025-04-15T19:46:39.660+0000] {processor.py:208} INFO - Processing /opt/airflow/dags/etl_duckdb.py took 0.207 seconds
[2025-04-15T19:47:10.327+0000] {processor.py:186} INFO - Started process (PID=17305) to work on /opt/airflow/dags/etl_duckdb.py
[2025-04-15T19:47:10.329+0000] {processor.py:914} INFO - Processing file /opt/airflow/dags/etl_duckdb.py for tasks to queue
[2025-04-15T19:47:10.330+0000] {logging_mixin.py:190} INFO - [2025-04-15T19:47:10.330+0000] {dagbag.py:588} INFO - Filling up the DagBag from /opt/airflow/dags/etl_duckdb.py
[2025-04-15T19:47:10.393+0000] {processor.py:925} INFO - DAG(s) 'etl_duckdb' retrieved from /opt/airflow/dags/etl_duckdb.py
[2025-04-15T19:47:10.419+0000] {logging_mixin.py:190} INFO - [2025-04-15T19:47:10.419+0000] {dag.py:3239} INFO - Sync 1 DAGs
[2025-04-15T19:47:10.440+0000] {logging_mixin.py:190} INFO - [2025-04-15T19:47:10.439+0000] {dag.py:4180} INFO - Setting next_dagrun for etl_duckdb to None, run_after=None
[2025-04-15T19:47:10.466+0000] {processor.py:208} INFO - Processing /opt/airflow/dags/etl_duckdb.py took 0.146 seconds
[2025-04-15T19:47:40.693+0000] {processor.py:186} INFO - Started process (PID=17373) to work on /opt/airflow/dags/etl_duckdb.py
[2025-04-15T19:47:40.694+0000] {processor.py:914} INFO - Processing file /opt/airflow/dags/etl_duckdb.py for tasks to queue
[2025-04-15T19:47:40.695+0000] {logging_mixin.py:190} INFO - [2025-04-15T19:47:40.695+0000] {dagbag.py:588} INFO - Filling up the DagBag from /opt/airflow/dags/etl_duckdb.py
[2025-04-15T19:47:40.744+0000] {processor.py:925} INFO - DAG(s) 'etl_duckdb' retrieved from /opt/airflow/dags/etl_duckdb.py
[2025-04-15T19:47:40.763+0000] {logging_mixin.py:190} INFO - [2025-04-15T19:47:40.763+0000] {dag.py:3239} INFO - Sync 1 DAGs
[2025-04-15T19:47:40.779+0000] {logging_mixin.py:190} INFO - [2025-04-15T19:47:40.779+0000] {dag.py:4180} INFO - Setting next_dagrun for etl_duckdb to None, run_after=None
[2025-04-15T19:47:40.802+0000] {processor.py:208} INFO - Processing /opt/airflow/dags/etl_duckdb.py took 0.115 seconds
[2025-04-15T19:48:11.620+0000] {processor.py:186} INFO - Started process (PID=17439) to work on /opt/airflow/dags/etl_duckdb.py
[2025-04-15T19:48:11.623+0000] {processor.py:914} INFO - Processing file /opt/airflow/dags/etl_duckdb.py for tasks to queue
[2025-04-15T19:48:11.626+0000] {logging_mixin.py:190} INFO - [2025-04-15T19:48:11.625+0000] {dagbag.py:588} INFO - Filling up the DagBag from /opt/airflow/dags/etl_duckdb.py
[2025-04-15T19:48:11.702+0000] {processor.py:925} INFO - DAG(s) 'etl_duckdb' retrieved from /opt/airflow/dags/etl_duckdb.py
[2025-04-15T19:48:11.727+0000] {logging_mixin.py:190} INFO - [2025-04-15T19:48:11.727+0000] {dag.py:3239} INFO - Sync 1 DAGs
[2025-04-15T19:48:11.749+0000] {logging_mixin.py:190} INFO - [2025-04-15T19:48:11.748+0000] {dag.py:4180} INFO - Setting next_dagrun for etl_duckdb to None, run_after=None
[2025-04-15T19:48:11.778+0000] {processor.py:208} INFO - Processing /opt/airflow/dags/etl_duckdb.py took 0.168 seconds
[2025-04-15T19:48:42.777+0000] {processor.py:186} INFO - Started process (PID=17506) to work on /opt/airflow/dags/etl_duckdb.py
[2025-04-15T19:48:42.779+0000] {processor.py:914} INFO - Processing file /opt/airflow/dags/etl_duckdb.py for tasks to queue
[2025-04-15T19:48:42.781+0000] {logging_mixin.py:190} INFO - [2025-04-15T19:48:42.780+0000] {dagbag.py:588} INFO - Filling up the DagBag from /opt/airflow/dags/etl_duckdb.py
[2025-04-15T19:48:42.844+0000] {processor.py:925} INFO - DAG(s) 'etl_duckdb' retrieved from /opt/airflow/dags/etl_duckdb.py
[2025-04-15T19:48:42.875+0000] {logging_mixin.py:190} INFO - [2025-04-15T19:48:42.874+0000] {dag.py:3239} INFO - Sync 1 DAGs
[2025-04-15T19:48:42.903+0000] {logging_mixin.py:190} INFO - [2025-04-15T19:48:42.903+0000] {dag.py:4180} INFO - Setting next_dagrun for etl_duckdb to None, run_after=None
[2025-04-15T19:48:42.939+0000] {processor.py:208} INFO - Processing /opt/airflow/dags/etl_duckdb.py took 0.171 seconds
[2025-04-15T19:49:14.147+0000] {processor.py:186} INFO - Started process (PID=17574) to work on /opt/airflow/dags/etl_duckdb.py
[2025-04-15T19:49:14.148+0000] {processor.py:914} INFO - Processing file /opt/airflow/dags/etl_duckdb.py for tasks to queue
[2025-04-15T19:49:14.150+0000] {logging_mixin.py:190} INFO - [2025-04-15T19:49:14.149+0000] {dagbag.py:588} INFO - Filling up the DagBag from /opt/airflow/dags/etl_duckdb.py
[2025-04-15T19:49:14.218+0000] {processor.py:925} INFO - DAG(s) 'etl_duckdb' retrieved from /opt/airflow/dags/etl_duckdb.py
[2025-04-15T19:49:14.246+0000] {logging_mixin.py:190} INFO - [2025-04-15T19:49:14.246+0000] {dag.py:3239} INFO - Sync 1 DAGs
[2025-04-15T19:49:14.268+0000] {logging_mixin.py:190} INFO - [2025-04-15T19:49:14.268+0000] {dag.py:4180} INFO - Setting next_dagrun for etl_duckdb to None, run_after=None
[2025-04-15T19:49:14.301+0000] {processor.py:208} INFO - Processing /opt/airflow/dags/etl_duckdb.py took 0.163 seconds
[2025-04-15T19:49:44.662+0000] {processor.py:186} INFO - Started process (PID=17635) to work on /opt/airflow/dags/etl_duckdb.py
[2025-04-15T19:49:44.663+0000] {processor.py:914} INFO - Processing file /opt/airflow/dags/etl_duckdb.py for tasks to queue
[2025-04-15T19:49:44.666+0000] {logging_mixin.py:190} INFO - [2025-04-15T19:49:44.665+0000] {dagbag.py:588} INFO - Filling up the DagBag from /opt/airflow/dags/etl_duckdb.py
[2025-04-15T19:49:44.742+0000] {processor.py:925} INFO - DAG(s) 'etl_duckdb' retrieved from /opt/airflow/dags/etl_duckdb.py
[2025-04-15T19:49:44.773+0000] {logging_mixin.py:190} INFO - [2025-04-15T19:49:44.773+0000] {dag.py:3239} INFO - Sync 1 DAGs
[2025-04-15T19:49:44.800+0000] {logging_mixin.py:190} INFO - [2025-04-15T19:49:44.800+0000] {dag.py:4180} INFO - Setting next_dagrun for etl_duckdb to None, run_after=None
[2025-04-15T19:49:44.837+0000] {processor.py:208} INFO - Processing /opt/airflow/dags/etl_duckdb.py took 0.184 seconds
[2025-04-15T19:50:14.951+0000] {processor.py:186} INFO - Started process (PID=17701) to work on /opt/airflow/dags/etl_duckdb.py
[2025-04-15T19:50:14.953+0000] {processor.py:914} INFO - Processing file /opt/airflow/dags/etl_duckdb.py for tasks to queue
[2025-04-15T19:50:14.955+0000] {logging_mixin.py:190} INFO - [2025-04-15T19:50:14.954+0000] {dagbag.py:588} INFO - Filling up the DagBag from /opt/airflow/dags/etl_duckdb.py
[2025-04-15T19:50:15.019+0000] {processor.py:925} INFO - DAG(s) 'etl_duckdb' retrieved from /opt/airflow/dags/etl_duckdb.py
[2025-04-15T19:50:15.047+0000] {logging_mixin.py:190} INFO - [2025-04-15T19:50:15.047+0000] {dag.py:3239} INFO - Sync 1 DAGs
[2025-04-15T19:50:15.074+0000] {logging_mixin.py:190} INFO - [2025-04-15T19:50:15.074+0000] {dag.py:4180} INFO - Setting next_dagrun for etl_duckdb to None, run_after=None
[2025-04-15T19:50:15.110+0000] {processor.py:208} INFO - Processing /opt/airflow/dags/etl_duckdb.py took 0.169 seconds
[2025-04-15T19:50:45.372+0000] {processor.py:186} INFO - Started process (PID=17767) to work on /opt/airflow/dags/etl_duckdb.py
[2025-04-15T19:50:45.373+0000] {processor.py:914} INFO - Processing file /opt/airflow/dags/etl_duckdb.py for tasks to queue
[2025-04-15T19:50:45.374+0000] {logging_mixin.py:190} INFO - [2025-04-15T19:50:45.374+0000] {dagbag.py:588} INFO - Filling up the DagBag from /opt/airflow/dags/etl_duckdb.py
[2025-04-15T19:50:45.418+0000] {processor.py:925} INFO - DAG(s) 'etl_duckdb' retrieved from /opt/airflow/dags/etl_duckdb.py
[2025-04-15T19:50:45.441+0000] {logging_mixin.py:190} INFO - [2025-04-15T19:50:45.440+0000] {dag.py:3239} INFO - Sync 1 DAGs
[2025-04-15T19:50:45.458+0000] {logging_mixin.py:190} INFO - [2025-04-15T19:50:45.458+0000] {dag.py:4180} INFO - Setting next_dagrun for etl_duckdb to None, run_after=None
[2025-04-15T19:50:45.484+0000] {processor.py:208} INFO - Processing /opt/airflow/dags/etl_duckdb.py took 0.120 seconds
[2025-04-15T19:51:15.610+0000] {processor.py:186} INFO - Started process (PID=17833) to work on /opt/airflow/dags/etl_duckdb.py
[2025-04-15T19:51:15.612+0000] {processor.py:914} INFO - Processing file /opt/airflow/dags/etl_duckdb.py for tasks to queue
[2025-04-15T19:51:15.614+0000] {logging_mixin.py:190} INFO - [2025-04-15T19:51:15.614+0000] {dagbag.py:588} INFO - Filling up the DagBag from /opt/airflow/dags/etl_duckdb.py
[2025-04-15T19:51:15.687+0000] {processor.py:925} INFO - DAG(s) 'etl_duckdb' retrieved from /opt/airflow/dags/etl_duckdb.py
[2025-04-15T19:51:15.718+0000] {logging_mixin.py:190} INFO - [2025-04-15T19:51:15.717+0000] {dag.py:3239} INFO - Sync 1 DAGs
[2025-04-15T19:51:15.740+0000] {logging_mixin.py:190} INFO - [2025-04-15T19:51:15.740+0000] {dag.py:4180} INFO - Setting next_dagrun for etl_duckdb to None, run_after=None
[2025-04-15T19:51:15.773+0000] {processor.py:208} INFO - Processing /opt/airflow/dags/etl_duckdb.py took 0.172 seconds
[2025-04-15T19:51:45.913+0000] {processor.py:186} INFO - Started process (PID=17899) to work on /opt/airflow/dags/etl_duckdb.py
[2025-04-15T19:51:45.914+0000] {processor.py:914} INFO - Processing file /opt/airflow/dags/etl_duckdb.py for tasks to queue
[2025-04-15T19:51:45.916+0000] {logging_mixin.py:190} INFO - [2025-04-15T19:51:45.915+0000] {dagbag.py:588} INFO - Filling up the DagBag from /opt/airflow/dags/etl_duckdb.py
[2025-04-15T19:51:45.982+0000] {processor.py:925} INFO - DAG(s) 'etl_duckdb' retrieved from /opt/airflow/dags/etl_duckdb.py
[2025-04-15T19:51:46.015+0000] {logging_mixin.py:190} INFO - [2025-04-15T19:51:46.014+0000] {dag.py:3239} INFO - Sync 1 DAGs
[2025-04-15T19:51:46.040+0000] {logging_mixin.py:190} INFO - [2025-04-15T19:51:46.040+0000] {dag.py:4180} INFO - Setting next_dagrun for etl_duckdb to None, run_after=None
[2025-04-15T19:51:46.077+0000] {processor.py:208} INFO - Processing /opt/airflow/dags/etl_duckdb.py took 0.174 seconds
[2025-04-15T19:52:16.766+0000] {processor.py:186} INFO - Started process (PID=17966) to work on /opt/airflow/dags/etl_duckdb.py
[2025-04-15T19:52:16.767+0000] {processor.py:914} INFO - Processing file /opt/airflow/dags/etl_duckdb.py for tasks to queue
[2025-04-15T19:52:16.768+0000] {logging_mixin.py:190} INFO - [2025-04-15T19:52:16.768+0000] {dagbag.py:588} INFO - Filling up the DagBag from /opt/airflow/dags/etl_duckdb.py
[2025-04-15T19:52:16.816+0000] {processor.py:925} INFO - DAG(s) 'etl_duckdb' retrieved from /opt/airflow/dags/etl_duckdb.py
[2025-04-15T19:52:16.836+0000] {logging_mixin.py:190} INFO - [2025-04-15T19:52:16.836+0000] {dag.py:3239} INFO - Sync 1 DAGs
[2025-04-15T19:52:16.852+0000] {logging_mixin.py:190} INFO - [2025-04-15T19:52:16.852+0000] {dag.py:4180} INFO - Setting next_dagrun for etl_duckdb to None, run_after=None
[2025-04-15T19:52:16.875+0000] {processor.py:208} INFO - Processing /opt/airflow/dags/etl_duckdb.py took 0.117 seconds
[2025-04-15T19:52:47.144+0000] {processor.py:186} INFO - Started process (PID=18033) to work on /opt/airflow/dags/etl_duckdb.py
[2025-04-15T19:52:47.145+0000] {processor.py:914} INFO - Processing file /opt/airflow/dags/etl_duckdb.py for tasks to queue
[2025-04-15T19:52:47.146+0000] {logging_mixin.py:190} INFO - [2025-04-15T19:52:47.146+0000] {dagbag.py:588} INFO - Filling up the DagBag from /opt/airflow/dags/etl_duckdb.py
[2025-04-15T19:52:47.196+0000] {processor.py:925} INFO - DAG(s) 'etl_duckdb' retrieved from /opt/airflow/dags/etl_duckdb.py
[2025-04-15T19:52:47.217+0000] {logging_mixin.py:190} INFO - [2025-04-15T19:52:47.217+0000] {dag.py:3239} INFO - Sync 1 DAGs
[2025-04-15T19:52:47.236+0000] {logging_mixin.py:190} INFO - [2025-04-15T19:52:47.235+0000] {dag.py:4180} INFO - Setting next_dagrun for etl_duckdb to None, run_after=None
[2025-04-15T19:52:47.261+0000] {processor.py:208} INFO - Processing /opt/airflow/dags/etl_duckdb.py took 0.122 seconds
[2025-04-15T19:53:17.767+0000] {processor.py:186} INFO - Started process (PID=18100) to work on /opt/airflow/dags/etl_duckdb.py
[2025-04-15T19:53:17.780+0000] {processor.py:914} INFO - Processing file /opt/airflow/dags/etl_duckdb.py for tasks to queue
[2025-04-15T19:53:17.793+0000] {logging_mixin.py:190} INFO - [2025-04-15T19:53:17.789+0000] {dagbag.py:588} INFO - Filling up the DagBag from /opt/airflow/dags/etl_duckdb.py
[2025-04-15T19:53:18.028+0000] {processor.py:925} INFO - DAG(s) 'etl_duckdb' retrieved from /opt/airflow/dags/etl_duckdb.py
[2025-04-15T19:53:18.060+0000] {logging_mixin.py:190} INFO - [2025-04-15T19:53:18.060+0000] {dag.py:3239} INFO - Sync 1 DAGs
[2025-04-15T19:53:18.100+0000] {logging_mixin.py:190} INFO - [2025-04-15T19:53:18.099+0000] {dag.py:4180} INFO - Setting next_dagrun for etl_duckdb to None, run_after=None
[2025-04-15T19:53:18.132+0000] {processor.py:208} INFO - Processing /opt/airflow/dags/etl_duckdb.py took 0.433 seconds
[2025-04-15T19:53:48.285+0000] {processor.py:186} INFO - Started process (PID=18167) to work on /opt/airflow/dags/etl_duckdb.py
[2025-04-15T19:53:48.286+0000] {processor.py:914} INFO - Processing file /opt/airflow/dags/etl_duckdb.py for tasks to queue
[2025-04-15T19:53:48.288+0000] {logging_mixin.py:190} INFO - [2025-04-15T19:53:48.288+0000] {dagbag.py:588} INFO - Filling up the DagBag from /opt/airflow/dags/etl_duckdb.py
[2025-04-15T19:53:48.359+0000] {processor.py:925} INFO - DAG(s) 'etl_duckdb' retrieved from /opt/airflow/dags/etl_duckdb.py
[2025-04-15T19:53:48.390+0000] {logging_mixin.py:190} INFO - [2025-04-15T19:53:48.389+0000] {dag.py:3239} INFO - Sync 1 DAGs
[2025-04-15T19:53:48.418+0000] {logging_mixin.py:190} INFO - [2025-04-15T19:53:48.418+0000] {dag.py:4180} INFO - Setting next_dagrun for etl_duckdb to None, run_after=None
[2025-04-15T19:53:48.460+0000] {processor.py:208} INFO - Processing /opt/airflow/dags/etl_duckdb.py took 0.187 seconds
[2025-04-15T19:54:18.703+0000] {processor.py:186} INFO - Started process (PID=18234) to work on /opt/airflow/dags/etl_duckdb.py
[2025-04-15T19:54:18.704+0000] {processor.py:914} INFO - Processing file /opt/airflow/dags/etl_duckdb.py for tasks to queue
[2025-04-15T19:54:18.706+0000] {logging_mixin.py:190} INFO - [2025-04-15T19:54:18.706+0000] {dagbag.py:588} INFO - Filling up the DagBag from /opt/airflow/dags/etl_duckdb.py
[2025-04-15T19:54:18.784+0000] {processor.py:925} INFO - DAG(s) 'etl_duckdb' retrieved from /opt/airflow/dags/etl_duckdb.py
[2025-04-15T19:54:18.813+0000] {logging_mixin.py:190} INFO - [2025-04-15T19:54:18.813+0000] {dag.py:3239} INFO - Sync 1 DAGs
[2025-04-15T19:54:18.836+0000] {logging_mixin.py:190} INFO - [2025-04-15T19:54:18.836+0000] {dag.py:4180} INFO - Setting next_dagrun for etl_duckdb to None, run_after=None
[2025-04-15T19:54:18.869+0000] {processor.py:208} INFO - Processing /opt/airflow/dags/etl_duckdb.py took 0.175 seconds
[2025-04-15T19:54:49.128+0000] {processor.py:186} INFO - Started process (PID=18301) to work on /opt/airflow/dags/etl_duckdb.py
[2025-04-15T19:54:49.130+0000] {processor.py:914} INFO - Processing file /opt/airflow/dags/etl_duckdb.py for tasks to queue
[2025-04-15T19:54:49.132+0000] {logging_mixin.py:190} INFO - [2025-04-15T19:54:49.131+0000] {dagbag.py:588} INFO - Filling up the DagBag from /opt/airflow/dags/etl_duckdb.py
[2025-04-15T19:54:49.205+0000] {processor.py:925} INFO - DAG(s) 'etl_duckdb' retrieved from /opt/airflow/dags/etl_duckdb.py
[2025-04-15T19:54:49.239+0000] {logging_mixin.py:190} INFO - [2025-04-15T19:54:49.238+0000] {dag.py:3239} INFO - Sync 1 DAGs
[2025-04-15T19:54:49.263+0000] {logging_mixin.py:190} INFO - [2025-04-15T19:54:49.262+0000] {dag.py:4180} INFO - Setting next_dagrun for etl_duckdb to None, run_after=None
[2025-04-15T19:54:49.304+0000] {processor.py:208} INFO - Processing /opt/airflow/dags/etl_duckdb.py took 0.185 seconds
[2025-04-15T19:55:19.921+0000] {processor.py:186} INFO - Started process (PID=18368) to work on /opt/airflow/dags/etl_duckdb.py
[2025-04-15T19:55:19.922+0000] {processor.py:914} INFO - Processing file /opt/airflow/dags/etl_duckdb.py for tasks to queue
[2025-04-15T19:55:19.924+0000] {logging_mixin.py:190} INFO - [2025-04-15T19:55:19.923+0000] {dagbag.py:588} INFO - Filling up the DagBag from /opt/airflow/dags/etl_duckdb.py
[2025-04-15T19:55:19.992+0000] {processor.py:925} INFO - DAG(s) 'etl_duckdb' retrieved from /opt/airflow/dags/etl_duckdb.py
[2025-04-15T19:55:20.023+0000] {logging_mixin.py:190} INFO - [2025-04-15T19:55:20.022+0000] {dag.py:3239} INFO - Sync 1 DAGs
[2025-04-15T19:55:20.046+0000] {logging_mixin.py:190} INFO - [2025-04-15T19:55:20.046+0000] {dag.py:4180} INFO - Setting next_dagrun for etl_duckdb to None, run_after=None
[2025-04-15T19:55:20.077+0000] {processor.py:208} INFO - Processing /opt/airflow/dags/etl_duckdb.py took 0.165 seconds
[2025-04-15T19:55:50.297+0000] {processor.py:186} INFO - Started process (PID=18435) to work on /opt/airflow/dags/etl_duckdb.py
[2025-04-15T19:55:50.299+0000] {processor.py:914} INFO - Processing file /opt/airflow/dags/etl_duckdb.py for tasks to queue
[2025-04-15T19:55:50.301+0000] {logging_mixin.py:190} INFO - [2025-04-15T19:55:50.300+0000] {dagbag.py:588} INFO - Filling up the DagBag from /opt/airflow/dags/etl_duckdb.py
[2025-04-15T19:55:50.365+0000] {processor.py:925} INFO - DAG(s) 'etl_duckdb' retrieved from /opt/airflow/dags/etl_duckdb.py
[2025-04-15T19:55:50.396+0000] {logging_mixin.py:190} INFO - [2025-04-15T19:55:50.396+0000] {dag.py:3239} INFO - Sync 1 DAGs
[2025-04-15T19:55:50.419+0000] {logging_mixin.py:190} INFO - [2025-04-15T19:55:50.418+0000] {dag.py:4180} INFO - Setting next_dagrun for etl_duckdb to None, run_after=None
[2025-04-15T19:55:50.448+0000] {processor.py:208} INFO - Processing /opt/airflow/dags/etl_duckdb.py took 0.162 seconds
[2025-04-15T19:56:20.625+0000] {processor.py:186} INFO - Started process (PID=18502) to work on /opt/airflow/dags/etl_duckdb.py
[2025-04-15T19:56:20.627+0000] {processor.py:914} INFO - Processing file /opt/airflow/dags/etl_duckdb.py for tasks to queue
[2025-04-15T19:56:20.630+0000] {logging_mixin.py:190} INFO - [2025-04-15T19:56:20.629+0000] {dagbag.py:588} INFO - Filling up the DagBag from /opt/airflow/dags/etl_duckdb.py
[2025-04-15T19:56:20.703+0000] {processor.py:925} INFO - DAG(s) 'etl_duckdb' retrieved from /opt/airflow/dags/etl_duckdb.py
[2025-04-15T19:56:20.730+0000] {logging_mixin.py:190} INFO - [2025-04-15T19:56:20.730+0000] {dag.py:3239} INFO - Sync 1 DAGs
[2025-04-15T19:56:20.752+0000] {logging_mixin.py:190} INFO - [2025-04-15T19:56:20.751+0000] {dag.py:4180} INFO - Setting next_dagrun for etl_duckdb to None, run_after=None
[2025-04-15T19:56:20.787+0000] {processor.py:208} INFO - Processing /opt/airflow/dags/etl_duckdb.py took 0.170 seconds
[2025-04-15T19:56:51.459+0000] {processor.py:186} INFO - Started process (PID=18569) to work on /opt/airflow/dags/etl_duckdb.py
[2025-04-15T19:56:51.460+0000] {processor.py:914} INFO - Processing file /opt/airflow/dags/etl_duckdb.py for tasks to queue
[2025-04-15T19:56:51.462+0000] {logging_mixin.py:190} INFO - [2025-04-15T19:56:51.462+0000] {dagbag.py:588} INFO - Filling up the DagBag from /opt/airflow/dags/etl_duckdb.py
[2025-04-15T19:56:51.505+0000] {processor.py:925} INFO - DAG(s) 'etl_duckdb' retrieved from /opt/airflow/dags/etl_duckdb.py
[2025-04-15T19:56:51.525+0000] {logging_mixin.py:190} INFO - [2025-04-15T19:56:51.525+0000] {dag.py:3239} INFO - Sync 1 DAGs
[2025-04-15T19:56:51.541+0000] {logging_mixin.py:190} INFO - [2025-04-15T19:56:51.541+0000] {dag.py:4180} INFO - Setting next_dagrun for etl_duckdb to None, run_after=None
[2025-04-15T19:56:51.563+0000] {processor.py:208} INFO - Processing /opt/airflow/dags/etl_duckdb.py took 0.109 seconds
[2025-04-15T19:57:21.823+0000] {processor.py:186} INFO - Started process (PID=18636) to work on /opt/airflow/dags/etl_duckdb.py
[2025-04-15T19:57:21.825+0000] {processor.py:914} INFO - Processing file /opt/airflow/dags/etl_duckdb.py for tasks to queue
[2025-04-15T19:57:21.827+0000] {logging_mixin.py:190} INFO - [2025-04-15T19:57:21.826+0000] {dagbag.py:588} INFO - Filling up the DagBag from /opt/airflow/dags/etl_duckdb.py
[2025-04-15T19:57:21.897+0000] {processor.py:925} INFO - DAG(s) 'etl_duckdb' retrieved from /opt/airflow/dags/etl_duckdb.py
[2025-04-15T19:57:21.929+0000] {logging_mixin.py:190} INFO - [2025-04-15T19:57:21.929+0000] {dag.py:3239} INFO - Sync 1 DAGs
[2025-04-15T19:57:21.954+0000] {logging_mixin.py:190} INFO - [2025-04-15T19:57:21.954+0000] {dag.py:4180} INFO - Setting next_dagrun for etl_duckdb to None, run_after=None
[2025-04-15T19:57:21.991+0000] {processor.py:208} INFO - Processing /opt/airflow/dags/etl_duckdb.py took 0.178 seconds
[2025-04-15T19:57:52.399+0000] {processor.py:186} INFO - Started process (PID=18703) to work on /opt/airflow/dags/etl_duckdb.py
[2025-04-15T19:57:52.401+0000] {processor.py:914} INFO - Processing file /opt/airflow/dags/etl_duckdb.py for tasks to queue
[2025-04-15T19:57:52.403+0000] {logging_mixin.py:190} INFO - [2025-04-15T19:57:52.402+0000] {dagbag.py:588} INFO - Filling up the DagBag from /opt/airflow/dags/etl_duckdb.py
[2025-04-15T19:57:52.470+0000] {processor.py:925} INFO - DAG(s) 'etl_duckdb' retrieved from /opt/airflow/dags/etl_duckdb.py
[2025-04-15T19:57:52.499+0000] {logging_mixin.py:190} INFO - [2025-04-15T19:57:52.498+0000] {dag.py:3239} INFO - Sync 1 DAGs
[2025-04-15T19:57:52.522+0000] {logging_mixin.py:190} INFO - [2025-04-15T19:57:52.522+0000] {dag.py:4180} INFO - Setting next_dagrun for etl_duckdb to None, run_after=None
[2025-04-15T19:57:52.554+0000] {processor.py:208} INFO - Processing /opt/airflow/dags/etl_duckdb.py took 0.164 seconds
[2025-04-15T19:58:23.067+0000] {processor.py:186} INFO - Started process (PID=18770) to work on /opt/airflow/dags/etl_duckdb.py
[2025-04-15T19:58:23.068+0000] {processor.py:914} INFO - Processing file /opt/airflow/dags/etl_duckdb.py for tasks to queue
[2025-04-15T19:58:23.070+0000] {logging_mixin.py:190} INFO - [2025-04-15T19:58:23.070+0000] {dagbag.py:588} INFO - Filling up the DagBag from /opt/airflow/dags/etl_duckdb.py
[2025-04-15T19:58:23.135+0000] {processor.py:925} INFO - DAG(s) 'etl_duckdb' retrieved from /opt/airflow/dags/etl_duckdb.py
[2025-04-15T19:58:23.164+0000] {logging_mixin.py:190} INFO - [2025-04-15T19:58:23.164+0000] {dag.py:3239} INFO - Sync 1 DAGs
[2025-04-15T19:58:23.188+0000] {logging_mixin.py:190} INFO - [2025-04-15T19:58:23.187+0000] {dag.py:4180} INFO - Setting next_dagrun for etl_duckdb to None, run_after=None
[2025-04-15T19:58:23.219+0000] {processor.py:208} INFO - Processing /opt/airflow/dags/etl_duckdb.py took 0.163 seconds
[2025-04-15T19:58:53.387+0000] {processor.py:186} INFO - Started process (PID=18837) to work on /opt/airflow/dags/etl_duckdb.py
[2025-04-15T19:58:53.389+0000] {processor.py:914} INFO - Processing file /opt/airflow/dags/etl_duckdb.py for tasks to queue
[2025-04-15T19:58:53.391+0000] {logging_mixin.py:190} INFO - [2025-04-15T19:58:53.390+0000] {dagbag.py:588} INFO - Filling up the DagBag from /opt/airflow/dags/etl_duckdb.py
[2025-04-15T19:58:53.456+0000] {processor.py:925} INFO - DAG(s) 'etl_duckdb' retrieved from /opt/airflow/dags/etl_duckdb.py
[2025-04-15T19:58:53.486+0000] {logging_mixin.py:190} INFO - [2025-04-15T19:58:53.485+0000] {dag.py:3239} INFO - Sync 1 DAGs
[2025-04-15T19:58:53.510+0000] {logging_mixin.py:190} INFO - [2025-04-15T19:58:53.510+0000] {dag.py:4180} INFO - Setting next_dagrun for etl_duckdb to None, run_after=None
[2025-04-15T19:58:53.543+0000] {processor.py:208} INFO - Processing /opt/airflow/dags/etl_duckdb.py took 0.166 seconds
[2025-04-15T19:59:23.772+0000] {processor.py:186} INFO - Started process (PID=18904) to work on /opt/airflow/dags/etl_duckdb.py
[2025-04-15T19:59:23.773+0000] {processor.py:914} INFO - Processing file /opt/airflow/dags/etl_duckdb.py for tasks to queue
[2025-04-15T19:59:23.774+0000] {logging_mixin.py:190} INFO - [2025-04-15T19:59:23.774+0000] {dagbag.py:588} INFO - Filling up the DagBag from /opt/airflow/dags/etl_duckdb.py
[2025-04-15T19:59:23.828+0000] {processor.py:925} INFO - DAG(s) 'etl_duckdb' retrieved from /opt/airflow/dags/etl_duckdb.py
[2025-04-15T19:59:23.848+0000] {logging_mixin.py:190} INFO - [2025-04-15T19:59:23.848+0000] {dag.py:3239} INFO - Sync 1 DAGs
[2025-04-15T19:59:23.865+0000] {logging_mixin.py:190} INFO - [2025-04-15T19:59:23.864+0000] {dag.py:4180} INFO - Setting next_dagrun for etl_duckdb to None, run_after=None
[2025-04-15T19:59:23.888+0000] {processor.py:208} INFO - Processing /opt/airflow/dags/etl_duckdb.py took 0.122 seconds
[2025-04-15T19:59:54.405+0000] {processor.py:186} INFO - Started process (PID=18971) to work on /opt/airflow/dags/etl_duckdb.py
[2025-04-15T19:59:54.406+0000] {processor.py:914} INFO - Processing file /opt/airflow/dags/etl_duckdb.py for tasks to queue
[2025-04-15T19:59:54.407+0000] {logging_mixin.py:190} INFO - [2025-04-15T19:59:54.407+0000] {dagbag.py:588} INFO - Filling up the DagBag from /opt/airflow/dags/etl_duckdb.py
[2025-04-15T19:59:54.448+0000] {processor.py:925} INFO - DAG(s) 'etl_duckdb' retrieved from /opt/airflow/dags/etl_duckdb.py
[2025-04-15T19:59:54.470+0000] {logging_mixin.py:190} INFO - [2025-04-15T19:59:54.470+0000] {dag.py:3239} INFO - Sync 1 DAGs
[2025-04-15T19:59:54.489+0000] {logging_mixin.py:190} INFO - [2025-04-15T19:59:54.488+0000] {dag.py:4180} INFO - Setting next_dagrun for etl_duckdb to None, run_after=None
[2025-04-15T19:59:54.521+0000] {processor.py:208} INFO - Processing /opt/airflow/dags/etl_duckdb.py took 0.122 seconds
[2025-04-15T20:00:24.797+0000] {processor.py:186} INFO - Started process (PID=19038) to work on /opt/airflow/dags/etl_duckdb.py
[2025-04-15T20:00:24.799+0000] {processor.py:914} INFO - Processing file /opt/airflow/dags/etl_duckdb.py for tasks to queue
[2025-04-15T20:00:24.806+0000] {logging_mixin.py:190} INFO - [2025-04-15T20:00:24.805+0000] {dagbag.py:588} INFO - Filling up the DagBag from /opt/airflow/dags/etl_duckdb.py
[2025-04-15T20:00:24.886+0000] {processor.py:925} INFO - DAG(s) 'etl_duckdb' retrieved from /opt/airflow/dags/etl_duckdb.py
[2025-04-15T20:00:24.915+0000] {logging_mixin.py:190} INFO - [2025-04-15T20:00:24.915+0000] {dag.py:3239} INFO - Sync 1 DAGs
[2025-04-15T20:00:24.942+0000] {logging_mixin.py:190} INFO - [2025-04-15T20:00:24.942+0000] {dag.py:4180} INFO - Setting next_dagrun for etl_duckdb to None, run_after=None
[2025-04-15T20:00:24.978+0000] {processor.py:208} INFO - Processing /opt/airflow/dags/etl_duckdb.py took 0.191 seconds
[2025-04-15T20:00:55.404+0000] {processor.py:186} INFO - Started process (PID=19105) to work on /opt/airflow/dags/etl_duckdb.py
[2025-04-15T20:00:55.405+0000] {processor.py:914} INFO - Processing file /opt/airflow/dags/etl_duckdb.py for tasks to queue
[2025-04-15T20:00:55.407+0000] {logging_mixin.py:190} INFO - [2025-04-15T20:00:55.406+0000] {dagbag.py:588} INFO - Filling up the DagBag from /opt/airflow/dags/etl_duckdb.py
[2025-04-15T20:00:55.451+0000] {processor.py:925} INFO - DAG(s) 'etl_duckdb' retrieved from /opt/airflow/dags/etl_duckdb.py
[2025-04-15T20:00:55.472+0000] {logging_mixin.py:190} INFO - [2025-04-15T20:00:55.471+0000] {dag.py:3239} INFO - Sync 1 DAGs
[2025-04-15T20:00:55.490+0000] {logging_mixin.py:190} INFO - [2025-04-15T20:00:55.489+0000] {dag.py:4180} INFO - Setting next_dagrun for etl_duckdb to None, run_after=None
[2025-04-15T20:00:55.513+0000] {processor.py:208} INFO - Processing /opt/airflow/dags/etl_duckdb.py took 0.115 seconds
[2025-04-15T20:01:26.180+0000] {processor.py:186} INFO - Started process (PID=19172) to work on /opt/airflow/dags/etl_duckdb.py
[2025-04-15T20:01:26.182+0000] {processor.py:914} INFO - Processing file /opt/airflow/dags/etl_duckdb.py for tasks to queue
[2025-04-15T20:01:26.186+0000] {logging_mixin.py:190} INFO - [2025-04-15T20:01:26.186+0000] {dagbag.py:588} INFO - Filling up the DagBag from /opt/airflow/dags/etl_duckdb.py
[2025-04-15T20:01:26.266+0000] {processor.py:925} INFO - DAG(s) 'etl_duckdb' retrieved from /opt/airflow/dags/etl_duckdb.py
[2025-04-15T20:01:26.296+0000] {logging_mixin.py:190} INFO - [2025-04-15T20:01:26.296+0000] {dag.py:3239} INFO - Sync 1 DAGs
[2025-04-15T20:01:26.321+0000] {logging_mixin.py:190} INFO - [2025-04-15T20:01:26.321+0000] {dag.py:4180} INFO - Setting next_dagrun for etl_duckdb to None, run_after=None
[2025-04-15T20:01:26.350+0000] {processor.py:208} INFO - Processing /opt/airflow/dags/etl_duckdb.py took 0.179 seconds
[2025-04-15T20:01:56.553+0000] {processor.py:186} INFO - Started process (PID=19245) to work on /opt/airflow/dags/etl_duckdb.py
[2025-04-15T20:01:56.554+0000] {processor.py:914} INFO - Processing file /opt/airflow/dags/etl_duckdb.py for tasks to queue
[2025-04-15T20:01:56.556+0000] {logging_mixin.py:190} INFO - [2025-04-15T20:01:56.555+0000] {dagbag.py:588} INFO - Filling up the DagBag from /opt/airflow/dags/etl_duckdb.py
[2025-04-15T20:01:56.614+0000] {processor.py:925} INFO - DAG(s) 'etl_duckdb' retrieved from /opt/airflow/dags/etl_duckdb.py
[2025-04-15T20:01:56.641+0000] {logging_mixin.py:190} INFO - [2025-04-15T20:01:56.641+0000] {dag.py:3239} INFO - Sync 1 DAGs
[2025-04-15T20:01:56.665+0000] {logging_mixin.py:190} INFO - [2025-04-15T20:01:56.665+0000] {dag.py:4180} INFO - Setting next_dagrun for etl_duckdb to None, run_after=None
[2025-04-15T20:01:56.697+0000] {processor.py:208} INFO - Processing /opt/airflow/dags/etl_duckdb.py took 0.153 seconds
[2025-04-15T20:02:27.168+0000] {processor.py:186} INFO - Started process (PID=19312) to work on /opt/airflow/dags/etl_duckdb.py
[2025-04-15T20:02:27.169+0000] {processor.py:914} INFO - Processing file /opt/airflow/dags/etl_duckdb.py for tasks to queue
[2025-04-15T20:02:27.171+0000] {logging_mixin.py:190} INFO - [2025-04-15T20:02:27.171+0000] {dagbag.py:588} INFO - Filling up the DagBag from /opt/airflow/dags/etl_duckdb.py
[2025-04-15T20:02:27.238+0000] {processor.py:925} INFO - DAG(s) 'etl_duckdb' retrieved from /opt/airflow/dags/etl_duckdb.py
[2025-04-15T20:02:27.269+0000] {logging_mixin.py:190} INFO - [2025-04-15T20:02:27.269+0000] {dag.py:3239} INFO - Sync 1 DAGs
[2025-04-15T20:02:27.297+0000] {logging_mixin.py:190} INFO - [2025-04-15T20:02:27.297+0000] {dag.py:4180} INFO - Setting next_dagrun for etl_duckdb to None, run_after=None
[2025-04-15T20:02:27.329+0000] {processor.py:208} INFO - Processing /opt/airflow/dags/etl_duckdb.py took 0.171 seconds
[2025-04-15T20:02:57.419+0000] {processor.py:186} INFO - Started process (PID=19378) to work on /opt/airflow/dags/etl_duckdb.py
[2025-04-15T20:02:57.420+0000] {processor.py:914} INFO - Processing file /opt/airflow/dags/etl_duckdb.py for tasks to queue
[2025-04-15T20:02:57.422+0000] {logging_mixin.py:190} INFO - [2025-04-15T20:02:57.422+0000] {dagbag.py:588} INFO - Filling up the DagBag from /opt/airflow/dags/etl_duckdb.py
[2025-04-15T20:02:57.496+0000] {processor.py:925} INFO - DAG(s) 'etl_duckdb' retrieved from /opt/airflow/dags/etl_duckdb.py
[2025-04-15T20:02:57.526+0000] {logging_mixin.py:190} INFO - [2025-04-15T20:02:57.526+0000] {dag.py:3239} INFO - Sync 1 DAGs
[2025-04-15T20:02:57.549+0000] {logging_mixin.py:190} INFO - [2025-04-15T20:02:57.549+0000] {dag.py:4180} INFO - Setting next_dagrun for etl_duckdb to None, run_after=None
[2025-04-15T20:02:57.580+0000] {processor.py:208} INFO - Processing /opt/airflow/dags/etl_duckdb.py took 0.170 seconds
[2025-04-15T20:03:28.024+0000] {processor.py:186} INFO - Started process (PID=19444) to work on /opt/airflow/dags/etl_duckdb.py
[2025-04-15T20:03:28.025+0000] {processor.py:914} INFO - Processing file /opt/airflow/dags/etl_duckdb.py for tasks to queue
[2025-04-15T20:03:28.028+0000] {logging_mixin.py:190} INFO - [2025-04-15T20:03:28.027+0000] {dagbag.py:588} INFO - Filling up the DagBag from /opt/airflow/dags/etl_duckdb.py
[2025-04-15T20:03:28.101+0000] {processor.py:925} INFO - DAG(s) 'etl_duckdb' retrieved from /opt/airflow/dags/etl_duckdb.py
[2025-04-15T20:03:28.130+0000] {logging_mixin.py:190} INFO - [2025-04-15T20:03:28.129+0000] {dag.py:3239} INFO - Sync 1 DAGs
[2025-04-15T20:03:28.155+0000] {logging_mixin.py:190} INFO - [2025-04-15T20:03:28.155+0000] {dag.py:4180} INFO - Setting next_dagrun for etl_duckdb to None, run_after=None
[2025-04-15T20:03:28.186+0000] {processor.py:208} INFO - Processing /opt/airflow/dags/etl_duckdb.py took 0.172 seconds
[2025-04-15T20:03:58.458+0000] {processor.py:186} INFO - Started process (PID=19511) to work on /opt/airflow/dags/etl_duckdb.py
[2025-04-15T20:03:58.460+0000] {processor.py:914} INFO - Processing file /opt/airflow/dags/etl_duckdb.py for tasks to queue
[2025-04-15T20:03:58.462+0000] {logging_mixin.py:190} INFO - [2025-04-15T20:03:58.461+0000] {dagbag.py:588} INFO - Filling up the DagBag from /opt/airflow/dags/etl_duckdb.py
[2025-04-15T20:03:58.543+0000] {processor.py:925} INFO - DAG(s) 'etl_duckdb' retrieved from /opt/airflow/dags/etl_duckdb.py
[2025-04-15T20:03:58.577+0000] {logging_mixin.py:190} INFO - [2025-04-15T20:03:58.576+0000] {dag.py:3239} INFO - Sync 1 DAGs
[2025-04-15T20:03:58.605+0000] {logging_mixin.py:190} INFO - [2025-04-15T20:03:58.604+0000] {dag.py:4180} INFO - Setting next_dagrun for etl_duckdb to None, run_after=None
[2025-04-15T20:03:58.636+0000] {processor.py:208} INFO - Processing /opt/airflow/dags/etl_duckdb.py took 0.186 seconds
[2025-04-15T23:04:27.022+0000] {processor.py:186} INFO - Started process (PID=19559) to work on /opt/airflow/dags/etl_duckdb.py
[2025-04-15T23:04:27.023+0000] {processor.py:914} INFO - Processing file /opt/airflow/dags/etl_duckdb.py for tasks to queue
[2025-04-15T23:04:27.026+0000] {logging_mixin.py:190} INFO - [2025-04-15T23:04:27.026+0000] {dagbag.py:588} INFO - Filling up the DagBag from /opt/airflow/dags/etl_duckdb.py
[2025-04-15T23:04:27.080+0000] {processor.py:925} INFO - DAG(s) 'etl_duckdb' retrieved from /opt/airflow/dags/etl_duckdb.py
[2025-04-15T23:04:27.102+0000] {logging_mixin.py:190} INFO - [2025-04-15T23:04:27.101+0000] {dag.py:3239} INFO - Sync 1 DAGs
[2025-04-15T23:04:27.120+0000] {logging_mixin.py:190} INFO - [2025-04-15T23:04:27.120+0000] {dag.py:4180} INFO - Setting next_dagrun for etl_duckdb to None, run_after=None
[2025-04-15T23:04:27.146+0000] {processor.py:208} INFO - Processing /opt/airflow/dags/etl_duckdb.py took 0.129 seconds
