[2025-04-20T06:33:29.915+0000] {local_task_job_runner.py:123} INFO - ::group::Pre task execution logs
[2025-04-20T06:33:29.945+0000] {taskinstance.py:2614} INFO - Dependencies all met for dep_context=non-requeueable deps ti=<TaskInstance: migrate_duckdb_to_sqlite.migrate_all_tables manual__2025-04-20T06:33:24.201371+00:00 [queued]>
[2025-04-20T06:33:29.957+0000] {taskinstance.py:2614} INFO - Dependencies all met for dep_context=requeueable deps ti=<TaskInstance: migrate_duckdb_to_sqlite.migrate_all_tables manual__2025-04-20T06:33:24.201371+00:00 [queued]>
[2025-04-20T06:33:29.957+0000] {taskinstance.py:2867} INFO - Starting attempt 1 of 1
[2025-04-20T06:33:29.977+0000] {taskinstance.py:2890} INFO - Executing <Task(PythonOperator): migrate_all_tables> on 2025-04-20 06:33:24.201371+00:00
[2025-04-20T06:33:29.990+0000] {warnings.py:112} WARNING - /home/***/.local/lib/python3.12/site-packages/***/task/task_runner/standard_task_runner.py:70: DeprecationWarning: This process (pid=3538) is multi-threaded, use of fork() may lead to deadlocks in the child.
  pid = os.fork()

[2025-04-20T06:33:29.993+0000] {standard_task_runner.py:72} INFO - Started process 3540 to run task
[2025-04-20T06:33:29.992+0000] {standard_task_runner.py:104} INFO - Running: ['***', 'tasks', 'run', 'migrate_duckdb_to_sqlite', 'migrate_all_tables', 'manual__2025-04-20T06:33:24.201371+00:00', '--job-id', '237', '--raw', '--subdir', 'DAGS_FOLDER/dag_migration_sqlite.py', '--cfg-path', '/tmp/tmpg8pqh1h8']
[2025-04-20T06:33:29.994+0000] {standard_task_runner.py:105} INFO - Job 237: Subtask migrate_all_tables
[2025-04-20T06:33:30.049+0000] {task_command.py:467} INFO - Running <TaskInstance: migrate_duckdb_to_sqlite.migrate_all_tables manual__2025-04-20T06:33:24.201371+00:00 [running]> on host 967b14145433
[2025-04-20T06:33:30.163+0000] {taskinstance.py:3134} INFO - Exporting env vars: AIRFLOW_CTX_DAG_OWNER='***' AIRFLOW_CTX_DAG_ID='migrate_duckdb_to_sqlite' AIRFLOW_CTX_TASK_ID='migrate_all_tables' AIRFLOW_CTX_EXECUTION_DATE='2025-04-20T06:33:24.201371+00:00' AIRFLOW_CTX_TRY_NUMBER='1' AIRFLOW_CTX_DAG_RUN_ID='manual__2025-04-20T06:33:24.201371+00:00'
[2025-04-20T06:33:30.165+0000] {logging_mixin.py:190} INFO - Task instance is in running state
[2025-04-20T06:33:30.166+0000] {logging_mixin.py:190} INFO -  Previous state of the Task instance: queued
[2025-04-20T06:33:30.166+0000] {logging_mixin.py:190} INFO - Current task name:migrate_all_tables state:running start_date:2025-04-20 06:33:29.946670+00:00
[2025-04-20T06:33:30.167+0000] {logging_mixin.py:190} INFO - Dag name:migrate_duckdb_to_sqlite and current dag run status:running
[2025-04-20T06:33:30.168+0000] {taskinstance.py:732} INFO - ::endgroup::
[2025-04-20T06:33:30.480+0000] {logging_mixin.py:190} INFO - Memigrasikan tabel: dim_card
[2025-04-20T06:33:30.555+0000] {logging_mixin.py:190} INFO - Memigrasikan tabel: dim_customer
[2025-04-20T06:33:30.611+0000] {logging_mixin.py:190} INFO - Memigrasikan tabel: dim_demographics
[2025-04-20T06:33:30.661+0000] {logging_mixin.py:190} INFO - Memigrasikan tabel: dim_time
[2025-04-20T06:33:30.697+0000] {logging_mixin.py:190} INFO - Memigrasikan tabel: fact_transactions
[2025-04-20T06:33:30.810+0000] {logging_mixin.py:190} INFO - ✅ Migrasi selesai!
[2025-04-20T06:33:30.812+0000] {python.py:240} INFO - Done. Returned value was: None
[2025-04-20T06:33:30.829+0000] {taskinstance.py:341} INFO - ::group::Post task execution logs
[2025-04-20T06:33:30.830+0000] {taskinstance.py:353} INFO - Marking task as SUCCESS. dag_id=migrate_duckdb_to_sqlite, task_id=migrate_all_tables, run_id=manual__2025-04-20T06:33:24.201371+00:00, execution_date=20250420T063324, start_date=20250420T063329, end_date=20250420T063330
[2025-04-20T06:33:30.869+0000] {logging_mixin.py:190} INFO - Task instance in success state
[2025-04-20T06:33:30.870+0000] {logging_mixin.py:190} INFO -  Previous state of the Task instance: running
[2025-04-20T06:33:30.871+0000] {logging_mixin.py:190} INFO - Dag name:migrate_duckdb_to_sqlite queued_at:2025-04-20 06:33:24.268229+00:00
[2025-04-20T06:33:30.872+0000] {logging_mixin.py:190} INFO - Task hostname:967b14145433 operator:PythonOperator
[2025-04-20T06:33:30.932+0000] {local_task_job_runner.py:266} INFO - Task exited with return code 0
[2025-04-20T06:33:30.956+0000] {taskinstance.py:3901} INFO - 0 downstream tasks scheduled from follow-on schedule check
[2025-04-20T06:33:30.964+0000] {local_task_job_runner.py:245} INFO - ::endgroup::
