[2025-04-08T00:00:17.524+0000] {local_task_job_runner.py:123} INFO - ::group::Pre task execution logs
[2025-04-08T00:00:17.549+0000] {taskinstance.py:2614} INFO - Dependencies all met for dep_context=non-requeueable deps ti=<TaskInstance: dag_data_quality.notify_passed scheduled__2025-04-07T00:00:00+00:00 [queued]>
[2025-04-08T00:00:17.560+0000] {taskinstance.py:2614} INFO - Dependencies all met for dep_context=requeueable deps ti=<TaskInstance: dag_data_quality.notify_passed scheduled__2025-04-07T00:00:00+00:00 [queued]>
[2025-04-08T00:00:17.561+0000] {taskinstance.py:2867} INFO - Starting attempt 1 of 2
[2025-04-08T00:00:17.622+0000] {taskinstance.py:2890} INFO - Executing <Task(_PythonDecoratedOperator): notify_passed> on 2025-04-07 00:00:00+00:00
[2025-04-08T00:00:17.634+0000] {warnings.py:112} WARNING - /home/***/.local/lib/python3.12/site-packages/***/task/task_runner/standard_task_runner.py:70: DeprecationWarning: This process (pid=18207) is multi-threaded, use of fork() may lead to deadlocks in the child.
  pid = os.fork()

[2025-04-08T00:00:17.636+0000] {standard_task_runner.py:72} INFO - Started process 18209 to run task
[2025-04-08T00:00:17.636+0000] {standard_task_runner.py:104} INFO - Running: ['***', 'tasks', 'run', 'dag_data_quality', 'notify_passed', 'scheduled__2025-04-07T00:00:00+00:00', '--job-id', '91', '--raw', '--subdir', 'DAGS_FOLDER/dag_data_quality.py', '--cfg-path', '/tmp/tmpof5yidrz']
[2025-04-08T00:00:17.637+0000] {standard_task_runner.py:105} INFO - Job 91: Subtask notify_passed
[2025-04-08T00:00:17.730+0000] {task_command.py:467} INFO - Running <TaskInstance: dag_data_quality.notify_passed scheduled__2025-04-07T00:00:00+00:00 [running]> on host 2e277e0df613
[2025-04-08T00:00:17.846+0000] {taskinstance.py:3134} INFO - Exporting env vars: AIRFLOW_CTX_DAG_EMAIL='laurenziusjulioanreaja@mail.ugm.ac.id,selvianisacahyamukti@mail.ugm.ac.id,yudypratamafanggidae@mail.ugm.ac.id' AIRFLOW_CTX_DAG_OWNER='julio' AIRFLOW_CTX_DAG_ID='dag_data_quality' AIRFLOW_CTX_TASK_ID='notify_passed' AIRFLOW_CTX_EXECUTION_DATE='2025-04-07T00:00:00+00:00' AIRFLOW_CTX_TRY_NUMBER='1' AIRFLOW_CTX_DAG_RUN_ID='scheduled__2025-04-07T00:00:00+00:00'
[2025-04-08T00:00:17.847+0000] {logging_mixin.py:190} INFO - Task instance is in running state
[2025-04-08T00:00:17.848+0000] {logging_mixin.py:190} INFO -  Previous state of the Task instance: queued
[2025-04-08T00:00:17.848+0000] {logging_mixin.py:190} INFO - Current task name:notify_passed state:running start_date:2025-04-08 00:00:17.550648+00:00
[2025-04-08T00:00:17.849+0000] {logging_mixin.py:190} INFO - Dag name:dag_data_quality and current dag run status:running
[2025-04-08T00:00:17.849+0000] {taskinstance.py:732} INFO - ::endgroup::
[2025-04-08T00:00:17.859+0000] {warnings.py:112} WARNING - /home/***/.local/lib/python3.12/site-packages/***/utils/email.py:155: RemovedInAirflow3Warning: Fetching SMTP credentials from configuration variables will be deprecated in a future release. Please set credentials using a connection instead.
  send_mime_email(e_from=mail_from, e_to=recipients, mime_msg=msg, conn_id=conn_id, dryrun=dryrun)

[2025-04-08T00:00:17.860+0000] {email.py:272} INFO - Email alerting: attempt 1
[2025-04-08T00:00:19.454+0000] {email.py:283} INFO - Sent an alert email to ['laurenziusjulioanreaja@mail.ugm.ac.id', 'selvianisacahyamukti@mail.ugm.ac.id', 'yudypratamafanggidae@mail.ugm.ac.id']
[2025-04-08T00:00:22.184+0000] {python.py:240} INFO - Done. Returned value was: None
[2025-04-08T00:00:22.196+0000] {taskinstance.py:341} INFO - ::group::Post task execution logs
[2025-04-08T00:00:22.197+0000] {taskinstance.py:353} INFO - Marking task as SUCCESS. dag_id=dag_data_quality, task_id=notify_passed, run_id=scheduled__2025-04-07T00:00:00+00:00, execution_date=20250407T000000, start_date=20250408T000017, end_date=20250408T000022
[2025-04-08T00:00:22.234+0000] {logging_mixin.py:190} INFO - Task instance in success state
[2025-04-08T00:00:22.235+0000] {logging_mixin.py:190} INFO -  Previous state of the Task instance: running
[2025-04-08T00:00:22.235+0000] {logging_mixin.py:190} INFO - Dag name:dag_data_quality queued_at:2025-04-08 00:00:00.837996+00:00
[2025-04-08T00:00:22.236+0000] {logging_mixin.py:190} INFO - Task hostname:2e277e0df613 operator:_PythonDecoratedOperator
[2025-04-08T00:00:22.268+0000] {local_task_job_runner.py:266} INFO - Task exited with return code 0
[2025-04-08T00:00:22.287+0000] {taskinstance.py:3901} INFO - 0 downstream tasks scheduled from follow-on schedule check
[2025-04-08T00:00:22.289+0000] {local_task_job_runner.py:245} INFO - ::endgroup::
