[2025-04-06T00:47:09.408+0000] {local_task_job_runner.py:123} INFO - ::group::Pre task execution logs
[2025-04-06T00:47:09.432+0000] {taskinstance.py:2614} INFO - Dependencies all met for dep_context=non-requeueable deps ti=<TaskInstance: etl_duckdb.query_duckdb manual__2025-04-06T00:47:03.708769+00:00 [queued]>
[2025-04-06T00:47:09.447+0000] {taskinstance.py:2614} INFO - Dependencies all met for dep_context=requeueable deps ti=<TaskInstance: etl_duckdb.query_duckdb manual__2025-04-06T00:47:03.708769+00:00 [queued]>
[2025-04-06T00:47:09.448+0000] {taskinstance.py:2867} INFO - Starting attempt 1 of 1
[2025-04-06T00:47:09.470+0000] {taskinstance.py:2890} INFO - Executing <Task(PythonOperator): query_duckdb> on 2025-04-06 00:47:03.708769+00:00
[2025-04-06T00:47:09.485+0000] {warnings.py:112} WARNING - /home/***/.local/lib/python3.12/site-packages/***/task/task_runner/standard_task_runner.py:70: DeprecationWarning: This process (pid=89) is multi-threaded, use of fork() may lead to deadlocks in the child.
  pid = os.fork()

[2025-04-06T00:47:09.488+0000] {standard_task_runner.py:72} INFO - Started process 91 to run task
[2025-04-06T00:47:09.487+0000] {standard_task_runner.py:104} INFO - Running: ['***', 'tasks', 'run', 'etl_duckdb', 'query_duckdb', 'manual__2025-04-06T00:47:03.708769+00:00', '--job-id', '21', '--raw', '--subdir', 'DAGS_FOLDER/etl_duckdb.py', '--cfg-path', '/tmp/tmphq7y900d']
[2025-04-06T00:47:09.489+0000] {standard_task_runner.py:105} INFO - Job 21: Subtask query_duckdb
[2025-04-06T00:47:09.566+0000] {task_command.py:467} INFO - Running <TaskInstance: etl_duckdb.query_duckdb manual__2025-04-06T00:47:03.708769+00:00 [running]> on host 23f3f129b720
[2025-04-06T00:47:09.773+0000] {taskinstance.py:3134} INFO - Exporting env vars: AIRFLOW_CTX_DAG_OWNER='***' AIRFLOW_CTX_DAG_ID='etl_duckdb' AIRFLOW_CTX_TASK_ID='query_duckdb' AIRFLOW_CTX_EXECUTION_DATE='2025-04-06T00:47:03.708769+00:00' AIRFLOW_CTX_TRY_NUMBER='1' AIRFLOW_CTX_DAG_RUN_ID='manual__2025-04-06T00:47:03.708769+00:00'
[2025-04-06T00:47:09.775+0000] {logging_mixin.py:190} INFO - Task instance is in running state
[2025-04-06T00:47:09.775+0000] {logging_mixin.py:190} INFO -  Previous state of the Task instance: queued
[2025-04-06T00:47:09.776+0000] {logging_mixin.py:190} INFO - Current task name:query_duckdb state:running start_date:2025-04-06 00:47:09.433673+00:00
[2025-04-06T00:47:09.777+0000] {logging_mixin.py:190} INFO - Dag name:etl_duckdb and current dag run status:running
[2025-04-06T00:47:09.778+0000] {taskinstance.py:732} INFO - ::endgroup::
[2025-04-06T00:47:10.305+0000] {logging_mixin.py:190} INFO - Tabel tersedia: ['dim_card', 'dim_customer', 'dim_demographics', 'dim_time', 'fact_transactions']
[2025-04-06T00:47:10.331+0000] {logging_mixin.py:190} INFO - Data dari DuckDB (tabel `dim_time`):
[2025-04-06T00:47:10.332+0000] {logging_mixin.py:190} INFO - (1, 1, 3)
[2025-04-06T00:47:10.333+0000] {logging_mixin.py:190} INFO - (2, 1, 2)
[2025-04-06T00:47:10.334+0000] {logging_mixin.py:190} INFO - (3, 1, 0)
[2025-04-06T00:47:10.334+0000] {logging_mixin.py:190} INFO - (4, 4, 1)
[2025-04-06T00:47:10.335+0000] {logging_mixin.py:190} INFO - (5, 2, 2)
[2025-04-06T00:47:10.346+0000] {python.py:240} INFO - Done. Returned value was: None
[2025-04-06T00:47:10.363+0000] {taskinstance.py:341} INFO - ::group::Post task execution logs
[2025-04-06T00:47:10.364+0000] {taskinstance.py:353} INFO - Marking task as SUCCESS. dag_id=etl_duckdb, task_id=query_duckdb, run_id=manual__2025-04-06T00:47:03.708769+00:00, execution_date=20250406T004703, start_date=20250406T004709, end_date=20250406T004710
[2025-04-06T00:47:10.404+0000] {logging_mixin.py:190} INFO - Task instance in success state
[2025-04-06T00:47:10.405+0000] {logging_mixin.py:190} INFO -  Previous state of the Task instance: running
[2025-04-06T00:47:10.405+0000] {logging_mixin.py:190} INFO - Dag name:etl_duckdb queued_at:2025-04-06 00:47:03.739793+00:00
[2025-04-06T00:47:10.406+0000] {logging_mixin.py:190} INFO - Task hostname:23f3f129b720 operator:PythonOperator
[2025-04-06T00:47:10.427+0000] {local_task_job_runner.py:266} INFO - Task exited with return code 0
[2025-04-06T00:47:10.452+0000] {taskinstance.py:3901} INFO - 0 downstream tasks scheduled from follow-on schedule check
[2025-04-06T00:47:10.455+0000] {local_task_job_runner.py:245} INFO - ::endgroup::
