[2025-04-08T00:05:18.123+0000] {local_task_job_runner.py:123} INFO - ::group::Pre task execution logs
[2025-04-08T00:05:18.145+0000] {taskinstance.py:2614} INFO - Dependencies all met for dep_context=non-requeueable deps ti=<TaskInstance: etl_duckdb_dag_custom_class.init scheduled__2025-04-07T00:00:00+00:00 [queued]>
[2025-04-08T00:05:18.153+0000] {taskinstance.py:2614} INFO - Dependencies all met for dep_context=requeueable deps ti=<TaskInstance: etl_duckdb_dag_custom_class.init scheduled__2025-04-07T00:00:00+00:00 [queued]>
[2025-04-08T00:05:18.153+0000] {taskinstance.py:2867} INFO - Starting attempt 2 of 2
[2025-04-08T00:05:18.166+0000] {taskinstance.py:2890} INFO - Executing <Task(_PythonDecoratedOperator): init> on 2025-04-07 00:00:00+00:00
[2025-04-08T00:05:18.176+0000] {warnings.py:112} WARNING - /home/***/.local/lib/python3.12/site-packages/***/task/task_runner/standard_task_runner.py:70: DeprecationWarning: This process (pid=18275) is multi-threaded, use of fork() may lead to deadlocks in the child.
  pid = os.fork()

[2025-04-08T00:05:18.178+0000] {standard_task_runner.py:72} INFO - Started process 18277 to run task
[2025-04-08T00:05:18.178+0000] {standard_task_runner.py:104} INFO - Running: ['***', 'tasks', 'run', 'etl_duckdb_dag_custom_class', 'init', 'scheduled__2025-04-07T00:00:00+00:00', '--job-id', '92', '--raw', '--subdir', 'DAGS_FOLDER/etl_duckdb_dag.py', '--cfg-path', '/tmp/tmpa7rhrua6']
[2025-04-08T00:05:18.179+0000] {standard_task_runner.py:105} INFO - Job 92: Subtask init
[2025-04-08T00:05:18.224+0000] {task_command.py:467} INFO - Running <TaskInstance: etl_duckdb_dag_custom_class.init scheduled__2025-04-07T00:00:00+00:00 [running]> on host 2e277e0df613
[2025-04-08T00:05:18.323+0000] {taskinstance.py:3134} INFO - Exporting env vars: AIRFLOW_CTX_DAG_EMAIL='laurenziusjulioanreaja@mail.ugm.ac.id,selvianisacahyamukti@mail.ugm.ac.id,yudypratamafanggidae@mail.ugm.ac.id' AIRFLOW_CTX_DAG_OWNER='julio' AIRFLOW_CTX_DAG_ID='etl_duckdb_dag_custom_class' AIRFLOW_CTX_TASK_ID='init' AIRFLOW_CTX_EXECUTION_DATE='2025-04-07T00:00:00+00:00' AIRFLOW_CTX_TRY_NUMBER='2' AIRFLOW_CTX_DAG_RUN_ID='scheduled__2025-04-07T00:00:00+00:00'
[2025-04-08T00:05:18.324+0000] {logging_mixin.py:190} INFO - Task instance is in running state
[2025-04-08T00:05:18.325+0000] {logging_mixin.py:190} INFO -  Previous state of the Task instance: queued
[2025-04-08T00:05:18.325+0000] {logging_mixin.py:190} INFO - Current task name:init state:running start_date:2025-04-08 00:05:18.145651+00:00
[2025-04-08T00:05:18.325+0000] {logging_mixin.py:190} INFO - Dag name:etl_duckdb_dag_custom_class and current dag run status:running
[2025-04-08T00:05:18.326+0000] {taskinstance.py:732} INFO - ::endgroup::
[2025-04-08T00:05:18.358+0000] {logging_mixin.py:190} INFO - ✅ Struktur data warehouse berhasil diinisialisasi.
[2025-04-08T00:05:18.362+0000] {logging_mixin.py:190} INFO - 🔌 Koneksi DuckDB ditutup.
[2025-04-08T00:05:18.362+0000] {python.py:240} INFO - Done. Returned value was: None
[2025-04-08T00:05:18.372+0000] {taskinstance.py:341} INFO - ::group::Post task execution logs
[2025-04-08T00:05:18.373+0000] {taskinstance.py:353} INFO - Marking task as SUCCESS. dag_id=etl_duckdb_dag_custom_class, task_id=init, run_id=scheduled__2025-04-07T00:00:00+00:00, execution_date=20250407T000000, start_date=20250408T000518, end_date=20250408T000518
[2025-04-08T00:05:18.395+0000] {logging_mixin.py:190} INFO - Task instance in success state
[2025-04-08T00:05:18.396+0000] {logging_mixin.py:190} INFO -  Previous state of the Task instance: running
[2025-04-08T00:05:18.396+0000] {logging_mixin.py:190} INFO - Dag name:etl_duckdb_dag_custom_class queued_at:2025-04-08 00:00:00.783218+00:00
[2025-04-08T00:05:18.396+0000] {logging_mixin.py:190} INFO - Task hostname:2e277e0df613 operator:_PythonDecoratedOperator
[2025-04-08T00:05:18.433+0000] {local_task_job_runner.py:266} INFO - Task exited with return code 0
[2025-04-08T00:05:18.467+0000] {taskinstance.py:3901} INFO - 1 downstream tasks scheduled from follow-on schedule check
[2025-04-08T00:05:18.470+0000] {local_task_job_runner.py:245} INFO - ::endgroup::
