[2025-04-20T08:54:10.281+0000] {local_task_job_runner.py:123} INFO - ::group::Pre task execution logs
[2025-04-20T08:54:10.456+0000] {taskinstance.py:2614} INFO - Dependencies all met for dep_context=non-requeueable deps ti=<TaskInstance: migrate_duckdb_to_sqlite.migrate_all_tables manual__2025-04-20T08:54:01.447602+00:00 [queued]>
[2025-04-20T08:54:10.468+0000] {taskinstance.py:2614} INFO - Dependencies all met for dep_context=requeueable deps ti=<TaskInstance: migrate_duckdb_to_sqlite.migrate_all_tables manual__2025-04-20T08:54:01.447602+00:00 [queued]>
[2025-04-20T08:54:10.469+0000] {taskinstance.py:2867} INFO - Starting attempt 1 of 1
[2025-04-20T08:54:10.487+0000] {taskinstance.py:2890} INFO - Executing <Task(PythonOperator): migrate_all_tables> on 2025-04-20 08:54:01.447602+00:00
[2025-04-20T08:54:10.499+0000] {warnings.py:112} WARNING - /home/***/.local/lib/python3.12/site-packages/***/task/task_runner/standard_task_runner.py:70: DeprecationWarning: This process (pid=60) is multi-threaded, use of fork() may lead to deadlocks in the child.
  pid = os.fork()

[2025-04-20T08:54:10.501+0000] {standard_task_runner.py:72} INFO - Started process 62 to run task
[2025-04-20T08:54:10.501+0000] {standard_task_runner.py:104} INFO - Running: ['***', 'tasks', 'run', 'migrate_duckdb_to_sqlite', 'migrate_all_tables', 'manual__2025-04-20T08:54:01.447602+00:00', '--job-id', '3', '--raw', '--subdir', 'DAGS_FOLDER/dag_migration_sqlite.py', '--cfg-path', '/tmp/tmpuh6_z8fi']
[2025-04-20T08:54:10.502+0000] {standard_task_runner.py:105} INFO - Job 3: Subtask migrate_all_tables
[2025-04-20T08:54:10.551+0000] {task_command.py:467} INFO - Running <TaskInstance: migrate_duckdb_to_sqlite.migrate_all_tables manual__2025-04-20T08:54:01.447602+00:00 [running]> on host 1729986aabcb
[2025-04-20T08:54:10.665+0000] {taskinstance.py:3134} INFO - Exporting env vars: AIRFLOW_CTX_DAG_OWNER='***' AIRFLOW_CTX_DAG_ID='migrate_duckdb_to_sqlite' AIRFLOW_CTX_TASK_ID='migrate_all_tables' AIRFLOW_CTX_EXECUTION_DATE='2025-04-20T08:54:01.447602+00:00' AIRFLOW_CTX_TRY_NUMBER='1' AIRFLOW_CTX_DAG_RUN_ID='manual__2025-04-20T08:54:01.447602+00:00'
[2025-04-20T08:54:10.669+0000] {logging_mixin.py:190} INFO - Task instance is in running state
[2025-04-20T08:54:10.669+0000] {logging_mixin.py:190} INFO -  Previous state of the Task instance: queued
[2025-04-20T08:54:10.670+0000] {logging_mixin.py:190} INFO - Current task name:migrate_all_tables state:running start_date:2025-04-20 08:54:10.457648+00:00
[2025-04-20T08:54:10.670+0000] {logging_mixin.py:190} INFO - Dag name:migrate_duckdb_to_sqlite and current dag run status:running
[2025-04-20T08:54:10.671+0000] {taskinstance.py:732} INFO - ::endgroup::
[2025-04-20T08:54:10.905+0000] {logging_mixin.py:190} INFO - Memigrasikan tabel: dim_card
[2025-04-20T08:54:11.023+0000] {logging_mixin.py:190} INFO - Memigrasikan tabel: dim_customer
[2025-04-20T08:54:11.353+0000] {logging_mixin.py:190} INFO - Memigrasikan tabel: dim_demographics
[2025-04-20T08:54:11.440+0000] {logging_mixin.py:190} INFO - Memigrasikan tabel: dim_time
[2025-04-20T08:54:11.495+0000] {logging_mixin.py:190} INFO - Memigrasikan tabel: fact_transactions
[2025-04-20T08:54:11.635+0000] {logging_mixin.py:190} INFO - ✅ Migrasi selesai!
[2025-04-20T08:54:11.637+0000] {python.py:240} INFO - Done. Returned value was: None
[2025-04-20T08:54:11.650+0000] {taskinstance.py:341} INFO - ::group::Post task execution logs
[2025-04-20T08:54:11.651+0000] {taskinstance.py:353} INFO - Marking task as SUCCESS. dag_id=migrate_duckdb_to_sqlite, task_id=migrate_all_tables, run_id=manual__2025-04-20T08:54:01.447602+00:00, execution_date=20250420T085401, start_date=20250420T085410, end_date=20250420T085411
[2025-04-20T08:54:11.692+0000] {logging_mixin.py:190} INFO - Task instance in success state
[2025-04-20T08:54:11.693+0000] {logging_mixin.py:190} INFO -  Previous state of the Task instance: running
[2025-04-20T08:54:11.694+0000] {logging_mixin.py:190} INFO - Dag name:migrate_duckdb_to_sqlite queued_at:2025-04-20 08:54:01.514868+00:00
[2025-04-20T08:54:11.694+0000] {logging_mixin.py:190} INFO - Task hostname:1729986aabcb operator:PythonOperator
[2025-04-20T08:54:11.720+0000] {local_task_job_runner.py:266} INFO - Task exited with return code 0
[2025-04-20T08:54:11.743+0000] {taskinstance.py:3901} INFO - 0 downstream tasks scheduled from follow-on schedule check
[2025-04-20T08:54:11.748+0000] {local_task_job_runner.py:245} INFO - ::endgroup::
