[2025-03-22T08:57:56.741+0000] {processor.py:186} INFO - Started process (PID=126) to work on /home/airflow/.local/lib/python3.12/site-packages/airflow/example_dags/example_inlet_event_extra.py
[2025-03-22T08:57:56.742+0000] {processor.py:914} INFO - Processing file /home/airflow/.local/lib/python3.12/site-packages/airflow/example_dags/example_inlet_event_extra.py for tasks to queue
[2025-03-22T08:57:56.744+0000] {logging_mixin.py:190} INFO - [2025-03-22T08:57:56.744+0000] {dagbag.py:588} INFO - Filling up the DagBag from /home/airflow/.local/lib/python3.12/site-packages/airflow/example_dags/example_inlet_event_extra.py
[2025-03-22T08:57:57.526+0000] {processor.py:925} INFO - DAG(s) 'read_dataset_event', 'read_dataset_event_from_classic' retrieved from /home/airflow/.local/lib/python3.12/site-packages/airflow/example_dags/example_inlet_event_extra.py
[2025-03-22T08:57:57.659+0000] {logging_mixin.py:190} INFO - [2025-03-22T08:57:57.658+0000] {override.py:1912} INFO - Created Permission View: can edit on DAG:read_dataset_event
[2025-03-22T08:57:57.670+0000] {logging_mixin.py:190} INFO - [2025-03-22T08:57:57.669+0000] {override.py:1912} INFO - Created Permission View: can delete on DAG:read_dataset_event
[2025-03-22T08:57:57.678+0000] {logging_mixin.py:190} INFO - [2025-03-22T08:57:57.678+0000] {override.py:1912} INFO - Created Permission View: can read on DAG:read_dataset_event
[2025-03-22T08:57:57.688+0000] {logging_mixin.py:190} INFO - [2025-03-22T08:57:57.687+0000] {override.py:1912} INFO - Created Permission View: can delete on DAG Run:read_dataset_event
[2025-03-22T08:57:57.695+0000] {logging_mixin.py:190} INFO - [2025-03-22T08:57:57.695+0000] {override.py:1912} INFO - Created Permission View: menu access on DAG Run:read_dataset_event
[2025-03-22T08:57:57.702+0000] {logging_mixin.py:190} INFO - [2025-03-22T08:57:57.702+0000] {override.py:1912} INFO - Created Permission View: can create on DAG Run:read_dataset_event
[2025-03-22T08:57:57.709+0000] {logging_mixin.py:190} INFO - [2025-03-22T08:57:57.709+0000] {override.py:1912} INFO - Created Permission View: can read on DAG Run:read_dataset_event
[2025-03-22T08:57:57.722+0000] {logging_mixin.py:190} INFO - [2025-03-22T08:57:57.722+0000] {override.py:1912} INFO - Created Permission View: can edit on DAG:read_dataset_event_from_classic
[2025-03-22T08:57:57.732+0000] {logging_mixin.py:190} INFO - [2025-03-22T08:57:57.732+0000] {override.py:1912} INFO - Created Permission View: can delete on DAG:read_dataset_event_from_classic
[2025-03-22T08:57:57.740+0000] {logging_mixin.py:190} INFO - [2025-03-22T08:57:57.740+0000] {override.py:1912} INFO - Created Permission View: can read on DAG:read_dataset_event_from_classic
[2025-03-22T08:57:57.750+0000] {logging_mixin.py:190} INFO - [2025-03-22T08:57:57.749+0000] {override.py:1912} INFO - Created Permission View: can delete on DAG Run:read_dataset_event_from_classic
[2025-03-22T08:57:57.760+0000] {logging_mixin.py:190} INFO - [2025-03-22T08:57:57.760+0000] {override.py:1912} INFO - Created Permission View: menu access on DAG Run:read_dataset_event_from_classic
[2025-03-22T08:57:57.769+0000] {logging_mixin.py:190} INFO - [2025-03-22T08:57:57.768+0000] {override.py:1912} INFO - Created Permission View: can create on DAG Run:read_dataset_event_from_classic
[2025-03-22T08:57:57.777+0000] {logging_mixin.py:190} INFO - [2025-03-22T08:57:57.777+0000] {override.py:1912} INFO - Created Permission View: can read on DAG Run:read_dataset_event_from_classic
[2025-03-22T08:57:57.778+0000] {logging_mixin.py:190} INFO - [2025-03-22T08:57:57.778+0000] {dag.py:3239} INFO - Sync 2 DAGs
[2025-03-22T08:57:57.796+0000] {logging_mixin.py:190} INFO - [2025-03-22T08:57:57.795+0000] {dag.py:3262} INFO - Creating ORM DAG for read_dataset_event
[2025-03-22T08:57:57.798+0000] {logging_mixin.py:190} INFO - [2025-03-22T08:57:57.797+0000] {dag.py:3262} INFO - Creating ORM DAG for read_dataset_event_from_classic
[2025-03-22T08:57:57.812+0000] {logging_mixin.py:190} INFO - [2025-03-22T08:57:57.811+0000] {dag.py:4180} INFO - Setting next_dagrun for read_dataset_event to 2025-03-21 00:00:00+00:00, run_after=2025-03-22 00:00:00+00:00
[2025-03-22T08:57:57.814+0000] {logging_mixin.py:190} INFO - [2025-03-22T08:57:57.814+0000] {dag.py:4180} INFO - Setting next_dagrun for read_dataset_event_from_classic to 2025-03-21 00:00:00+00:00, run_after=2025-03-22 00:00:00+00:00
[2025-03-22T08:57:57.835+0000] {processor.py:208} INFO - Processing /home/airflow/.local/lib/python3.12/site-packages/airflow/example_dags/example_inlet_event_extra.py took 1.102 seconds
[2025-03-22T08:58:28.186+0000] {processor.py:186} INFO - Started process (PID=189) to work on /home/airflow/.local/lib/python3.12/site-packages/airflow/example_dags/example_inlet_event_extra.py
[2025-03-22T08:58:28.187+0000] {processor.py:914} INFO - Processing file /home/airflow/.local/lib/python3.12/site-packages/airflow/example_dags/example_inlet_event_extra.py for tasks to queue
[2025-03-22T08:58:28.189+0000] {logging_mixin.py:190} INFO - [2025-03-22T08:58:28.188+0000] {dagbag.py:588} INFO - Filling up the DagBag from /home/airflow/.local/lib/python3.12/site-packages/airflow/example_dags/example_inlet_event_extra.py
[2025-03-22T08:58:28.816+0000] {processor.py:925} INFO - DAG(s) 'read_dataset_event_from_classic', 'read_dataset_event' retrieved from /home/airflow/.local/lib/python3.12/site-packages/airflow/example_dags/example_inlet_event_extra.py
[2025-03-22T08:58:28.836+0000] {logging_mixin.py:190} INFO - [2025-03-22T08:58:28.835+0000] {dag.py:3239} INFO - Sync 2 DAGs
[2025-03-22T08:58:28.862+0000] {logging_mixin.py:190} INFO - [2025-03-22T08:58:28.862+0000] {dag.py:4180} INFO - Setting next_dagrun for read_dataset_event to 2025-03-21 00:00:00+00:00, run_after=2025-03-22 00:00:00+00:00
[2025-03-22T08:58:28.876+0000] {logging_mixin.py:190} INFO - [2025-03-22T08:58:28.876+0000] {dag.py:4180} INFO - Setting next_dagrun for read_dataset_event_from_classic to 2025-03-21 00:00:00+00:00, run_after=2025-03-22 00:00:00+00:00
[2025-03-22T08:58:28.907+0000] {processor.py:208} INFO - Processing /home/airflow/.local/lib/python3.12/site-packages/airflow/example_dags/example_inlet_event_extra.py took 0.726 seconds
[2025-03-22T08:58:59.593+0000] {processor.py:186} INFO - Started process (PID=252) to work on /home/airflow/.local/lib/python3.12/site-packages/airflow/example_dags/example_inlet_event_extra.py
[2025-03-22T08:58:59.595+0000] {processor.py:914} INFO - Processing file /home/airflow/.local/lib/python3.12/site-packages/airflow/example_dags/example_inlet_event_extra.py for tasks to queue
[2025-03-22T08:58:59.601+0000] {logging_mixin.py:190} INFO - [2025-03-22T08:58:59.600+0000] {dagbag.py:588} INFO - Filling up the DagBag from /home/airflow/.local/lib/python3.12/site-packages/airflow/example_dags/example_inlet_event_extra.py
[2025-03-22T08:59:00.270+0000] {processor.py:925} INFO - DAG(s) 'read_dataset_event', 'read_dataset_event_from_classic' retrieved from /home/airflow/.local/lib/python3.12/site-packages/airflow/example_dags/example_inlet_event_extra.py
[2025-03-22T08:59:00.288+0000] {logging_mixin.py:190} INFO - [2025-03-22T08:59:00.288+0000] {dag.py:3239} INFO - Sync 2 DAGs
[2025-03-22T08:59:00.313+0000] {logging_mixin.py:190} INFO - [2025-03-22T08:59:00.312+0000] {dag.py:4180} INFO - Setting next_dagrun for read_dataset_event to 2025-03-21 00:00:00+00:00, run_after=2025-03-22 00:00:00+00:00
[2025-03-22T08:59:00.317+0000] {logging_mixin.py:190} INFO - [2025-03-22T08:59:00.317+0000] {dag.py:4180} INFO - Setting next_dagrun for read_dataset_event_from_classic to 2025-03-21 00:00:00+00:00, run_after=2025-03-22 00:00:00+00:00
[2025-03-22T08:59:00.331+0000] {processor.py:208} INFO - Processing /home/airflow/.local/lib/python3.12/site-packages/airflow/example_dags/example_inlet_event_extra.py took 0.745 seconds
[2025-03-22T08:59:30.433+0000] {processor.py:186} INFO - Started process (PID=318) to work on /home/airflow/.local/lib/python3.12/site-packages/airflow/example_dags/example_inlet_event_extra.py
[2025-03-22T08:59:30.434+0000] {processor.py:914} INFO - Processing file /home/airflow/.local/lib/python3.12/site-packages/airflow/example_dags/example_inlet_event_extra.py for tasks to queue
[2025-03-22T08:59:30.436+0000] {logging_mixin.py:190} INFO - [2025-03-22T08:59:30.436+0000] {dagbag.py:588} INFO - Filling up the DagBag from /home/airflow/.local/lib/python3.12/site-packages/airflow/example_dags/example_inlet_event_extra.py
[2025-03-22T08:59:31.157+0000] {processor.py:925} INFO - DAG(s) 'read_dataset_event_from_classic', 'read_dataset_event' retrieved from /home/airflow/.local/lib/python3.12/site-packages/airflow/example_dags/example_inlet_event_extra.py
[2025-03-22T08:59:31.178+0000] {logging_mixin.py:190} INFO - [2025-03-22T08:59:31.177+0000] {dag.py:3239} INFO - Sync 2 DAGs
[2025-03-22T08:59:31.211+0000] {logging_mixin.py:190} INFO - [2025-03-22T08:59:31.211+0000] {dag.py:4180} INFO - Setting next_dagrun for read_dataset_event to 2025-03-21 00:00:00+00:00, run_after=2025-03-22 00:00:00+00:00
[2025-03-22T08:59:31.219+0000] {logging_mixin.py:190} INFO - [2025-03-22T08:59:31.218+0000] {dag.py:4180} INFO - Setting next_dagrun for read_dataset_event_from_classic to 2025-03-21 00:00:00+00:00, run_after=2025-03-22 00:00:00+00:00
[2025-03-22T08:59:31.243+0000] {processor.py:208} INFO - Processing /home/airflow/.local/lib/python3.12/site-packages/airflow/example_dags/example_inlet_event_extra.py took 0.815 seconds
[2025-03-22T09:00:01.570+0000] {processor.py:186} INFO - Started process (PID=381) to work on /home/airflow/.local/lib/python3.12/site-packages/airflow/example_dags/example_inlet_event_extra.py
[2025-03-22T09:00:01.571+0000] {processor.py:914} INFO - Processing file /home/airflow/.local/lib/python3.12/site-packages/airflow/example_dags/example_inlet_event_extra.py for tasks to queue
[2025-03-22T09:00:01.575+0000] {logging_mixin.py:190} INFO - [2025-03-22T09:00:01.574+0000] {dagbag.py:588} INFO - Filling up the DagBag from /home/airflow/.local/lib/python3.12/site-packages/airflow/example_dags/example_inlet_event_extra.py
[2025-03-22T09:00:02.695+0000] {processor.py:925} INFO - DAG(s) 'read_dataset_event_from_classic', 'read_dataset_event' retrieved from /home/airflow/.local/lib/python3.12/site-packages/airflow/example_dags/example_inlet_event_extra.py
[2025-03-22T09:00:02.736+0000] {logging_mixin.py:190} INFO - [2025-03-22T09:00:02.736+0000] {dag.py:3239} INFO - Sync 2 DAGs
[2025-03-22T09:00:02.770+0000] {logging_mixin.py:190} INFO - [2025-03-22T09:00:02.769+0000] {dag.py:4180} INFO - Setting next_dagrun for read_dataset_event to 2025-03-21 00:00:00+00:00, run_after=2025-03-22 00:00:00+00:00
[2025-03-22T09:00:02.779+0000] {logging_mixin.py:190} INFO - [2025-03-22T09:00:02.779+0000] {dag.py:4180} INFO - Setting next_dagrun for read_dataset_event_from_classic to 2025-03-21 00:00:00+00:00, run_after=2025-03-22 00:00:00+00:00
[2025-03-22T09:00:02.813+0000] {processor.py:208} INFO - Processing /home/airflow/.local/lib/python3.12/site-packages/airflow/example_dags/example_inlet_event_extra.py took 1.251 seconds
[2025-03-22T09:00:33.180+0000] {processor.py:186} INFO - Started process (PID=444) to work on /home/airflow/.local/lib/python3.12/site-packages/airflow/example_dags/example_inlet_event_extra.py
[2025-03-22T09:00:33.181+0000] {processor.py:914} INFO - Processing file /home/airflow/.local/lib/python3.12/site-packages/airflow/example_dags/example_inlet_event_extra.py for tasks to queue
[2025-03-22T09:00:33.186+0000] {logging_mixin.py:190} INFO - [2025-03-22T09:00:33.185+0000] {dagbag.py:588} INFO - Filling up the DagBag from /home/airflow/.local/lib/python3.12/site-packages/airflow/example_dags/example_inlet_event_extra.py
[2025-03-22T09:00:34.097+0000] {processor.py:925} INFO - DAG(s) 'read_dataset_event', 'read_dataset_event_from_classic' retrieved from /home/airflow/.local/lib/python3.12/site-packages/airflow/example_dags/example_inlet_event_extra.py
[2025-03-22T09:00:34.124+0000] {logging_mixin.py:190} INFO - [2025-03-22T09:00:34.124+0000] {dag.py:3239} INFO - Sync 2 DAGs
[2025-03-22T09:00:34.167+0000] {logging_mixin.py:190} INFO - [2025-03-22T09:00:34.167+0000] {dag.py:4180} INFO - Setting next_dagrun for read_dataset_event to 2025-03-21 00:00:00+00:00, run_after=2025-03-22 00:00:00+00:00
[2025-03-22T09:00:34.175+0000] {logging_mixin.py:190} INFO - [2025-03-22T09:00:34.175+0000] {dag.py:4180} INFO - Setting next_dagrun for read_dataset_event_from_classic to 2025-03-21 00:00:00+00:00, run_after=2025-03-22 00:00:00+00:00
[2025-03-22T09:00:34.199+0000] {processor.py:208} INFO - Processing /home/airflow/.local/lib/python3.12/site-packages/airflow/example_dags/example_inlet_event_extra.py took 1.027 seconds
[2025-03-22T09:01:04.755+0000] {processor.py:186} INFO - Started process (PID=508) to work on /home/airflow/.local/lib/python3.12/site-packages/airflow/example_dags/example_inlet_event_extra.py
[2025-03-22T09:01:04.756+0000] {processor.py:914} INFO - Processing file /home/airflow/.local/lib/python3.12/site-packages/airflow/example_dags/example_inlet_event_extra.py for tasks to queue
[2025-03-22T09:01:04.758+0000] {logging_mixin.py:190} INFO - [2025-03-22T09:01:04.758+0000] {dagbag.py:588} INFO - Filling up the DagBag from /home/airflow/.local/lib/python3.12/site-packages/airflow/example_dags/example_inlet_event_extra.py
[2025-03-22T09:01:05.471+0000] {processor.py:925} INFO - DAG(s) 'read_dataset_event', 'read_dataset_event_from_classic' retrieved from /home/airflow/.local/lib/python3.12/site-packages/airflow/example_dags/example_inlet_event_extra.py
[2025-03-22T09:01:05.493+0000] {logging_mixin.py:190} INFO - [2025-03-22T09:01:05.492+0000] {dag.py:3239} INFO - Sync 2 DAGs
[2025-03-22T09:01:05.520+0000] {logging_mixin.py:190} INFO - [2025-03-22T09:01:05.520+0000] {dag.py:4180} INFO - Setting next_dagrun for read_dataset_event to 2025-03-21 00:00:00+00:00, run_after=2025-03-22 00:00:00+00:00
[2025-03-22T09:01:05.525+0000] {logging_mixin.py:190} INFO - [2025-03-22T09:01:05.525+0000] {dag.py:4180} INFO - Setting next_dagrun for read_dataset_event_from_classic to 2025-03-21 00:00:00+00:00, run_after=2025-03-22 00:00:00+00:00
[2025-03-22T09:01:05.544+0000] {processor.py:208} INFO - Processing /home/airflow/.local/lib/python3.12/site-packages/airflow/example_dags/example_inlet_event_extra.py took 0.794 seconds
[2025-03-22T09:01:36.257+0000] {processor.py:186} INFO - Started process (PID=571) to work on /home/airflow/.local/lib/python3.12/site-packages/airflow/example_dags/example_inlet_event_extra.py
[2025-03-22T09:01:36.258+0000] {processor.py:914} INFO - Processing file /home/airflow/.local/lib/python3.12/site-packages/airflow/example_dags/example_inlet_event_extra.py for tasks to queue
[2025-03-22T09:01:36.262+0000] {logging_mixin.py:190} INFO - [2025-03-22T09:01:36.261+0000] {dagbag.py:588} INFO - Filling up the DagBag from /home/airflow/.local/lib/python3.12/site-packages/airflow/example_dags/example_inlet_event_extra.py
[2025-03-22T09:01:37.145+0000] {processor.py:925} INFO - DAG(s) 'read_dataset_event_from_classic', 'read_dataset_event' retrieved from /home/airflow/.local/lib/python3.12/site-packages/airflow/example_dags/example_inlet_event_extra.py
[2025-03-22T09:01:37.197+0000] {logging_mixin.py:190} INFO - [2025-03-22T09:01:37.196+0000] {dag.py:3239} INFO - Sync 2 DAGs
[2025-03-22T09:01:37.245+0000] {logging_mixin.py:190} INFO - [2025-03-22T09:01:37.245+0000] {dag.py:4180} INFO - Setting next_dagrun for read_dataset_event to 2025-03-21 00:00:00+00:00, run_after=2025-03-22 00:00:00+00:00
[2025-03-22T09:01:37.270+0000] {logging_mixin.py:190} INFO - [2025-03-22T09:01:37.270+0000] {dag.py:4180} INFO - Setting next_dagrun for read_dataset_event_from_classic to 2025-03-21 00:00:00+00:00, run_after=2025-03-22 00:00:00+00:00
[2025-03-22T09:01:37.326+0000] {processor.py:208} INFO - Processing /home/airflow/.local/lib/python3.12/site-packages/airflow/example_dags/example_inlet_event_extra.py took 1.079 seconds
[2025-03-22T09:02:07.617+0000] {processor.py:186} INFO - Started process (PID=634) to work on /home/airflow/.local/lib/python3.12/site-packages/airflow/example_dags/example_inlet_event_extra.py
[2025-03-22T09:02:07.618+0000] {processor.py:914} INFO - Processing file /home/airflow/.local/lib/python3.12/site-packages/airflow/example_dags/example_inlet_event_extra.py for tasks to queue
[2025-03-22T09:02:07.622+0000] {logging_mixin.py:190} INFO - [2025-03-22T09:02:07.621+0000] {dagbag.py:588} INFO - Filling up the DagBag from /home/airflow/.local/lib/python3.12/site-packages/airflow/example_dags/example_inlet_event_extra.py
[2025-03-22T09:02:08.569+0000] {processor.py:925} INFO - DAG(s) 'read_dataset_event', 'read_dataset_event_from_classic' retrieved from /home/airflow/.local/lib/python3.12/site-packages/airflow/example_dags/example_inlet_event_extra.py
[2025-03-22T09:02:08.598+0000] {logging_mixin.py:190} INFO - [2025-03-22T09:02:08.598+0000] {dag.py:3239} INFO - Sync 2 DAGs
[2025-03-22T09:02:08.635+0000] {logging_mixin.py:190} INFO - [2025-03-22T09:02:08.635+0000] {dag.py:4180} INFO - Setting next_dagrun for read_dataset_event to 2025-03-21 00:00:00+00:00, run_after=2025-03-22 00:00:00+00:00
[2025-03-22T09:02:08.645+0000] {logging_mixin.py:190} INFO - [2025-03-22T09:02:08.644+0000] {dag.py:4180} INFO - Setting next_dagrun for read_dataset_event_from_classic to 2025-03-21 00:00:00+00:00, run_after=2025-03-22 00:00:00+00:00
[2025-03-22T09:02:08.672+0000] {processor.py:208} INFO - Processing /home/airflow/.local/lib/python3.12/site-packages/airflow/example_dags/example_inlet_event_extra.py took 1.064 seconds
[2025-03-22T09:02:39.155+0000] {processor.py:186} INFO - Started process (PID=697) to work on /home/airflow/.local/lib/python3.12/site-packages/airflow/example_dags/example_inlet_event_extra.py
[2025-03-22T09:02:39.156+0000] {processor.py:914} INFO - Processing file /home/airflow/.local/lib/python3.12/site-packages/airflow/example_dags/example_inlet_event_extra.py for tasks to queue
[2025-03-22T09:02:39.160+0000] {logging_mixin.py:190} INFO - [2025-03-22T09:02:39.159+0000] {dagbag.py:588} INFO - Filling up the DagBag from /home/airflow/.local/lib/python3.12/site-packages/airflow/example_dags/example_inlet_event_extra.py
[2025-03-22T09:02:39.942+0000] {processor.py:925} INFO - DAG(s) 'read_dataset_event', 'read_dataset_event_from_classic' retrieved from /home/airflow/.local/lib/python3.12/site-packages/airflow/example_dags/example_inlet_event_extra.py
[2025-03-22T09:02:39.965+0000] {logging_mixin.py:190} INFO - [2025-03-22T09:02:39.965+0000] {dag.py:3239} INFO - Sync 2 DAGs
[2025-03-22T09:02:39.995+0000] {logging_mixin.py:190} INFO - [2025-03-22T09:02:39.994+0000] {dag.py:4180} INFO - Setting next_dagrun for read_dataset_event to 2025-03-21 00:00:00+00:00, run_after=2025-03-22 00:00:00+00:00
[2025-03-22T09:02:40.001+0000] {logging_mixin.py:190} INFO - [2025-03-22T09:02:40.001+0000] {dag.py:4180} INFO - Setting next_dagrun for read_dataset_event_from_classic to 2025-03-21 00:00:00+00:00, run_after=2025-03-22 00:00:00+00:00
[2025-03-22T09:02:40.019+0000] {processor.py:208} INFO - Processing /home/airflow/.local/lib/python3.12/site-packages/airflow/example_dags/example_inlet_event_extra.py took 0.872 seconds
[2025-03-22T09:03:10.164+0000] {processor.py:186} INFO - Started process (PID=760) to work on /home/airflow/.local/lib/python3.12/site-packages/airflow/example_dags/example_inlet_event_extra.py
[2025-03-22T09:03:10.165+0000] {processor.py:914} INFO - Processing file /home/airflow/.local/lib/python3.12/site-packages/airflow/example_dags/example_inlet_event_extra.py for tasks to queue
[2025-03-22T09:03:10.167+0000] {logging_mixin.py:190} INFO - [2025-03-22T09:03:10.166+0000] {dagbag.py:588} INFO - Filling up the DagBag from /home/airflow/.local/lib/python3.12/site-packages/airflow/example_dags/example_inlet_event_extra.py
[2025-03-22T09:03:10.957+0000] {processor.py:925} INFO - DAG(s) 'read_dataset_event', 'read_dataset_event_from_classic' retrieved from /home/airflow/.local/lib/python3.12/site-packages/airflow/example_dags/example_inlet_event_extra.py
[2025-03-22T09:03:10.979+0000] {logging_mixin.py:190} INFO - [2025-03-22T09:03:10.979+0000] {dag.py:3239} INFO - Sync 2 DAGs
[2025-03-22T09:03:11.006+0000] {logging_mixin.py:190} INFO - [2025-03-22T09:03:11.006+0000] {dag.py:4180} INFO - Setting next_dagrun for read_dataset_event to 2025-03-21 00:00:00+00:00, run_after=2025-03-22 00:00:00+00:00
[2025-03-22T09:03:11.012+0000] {logging_mixin.py:190} INFO - [2025-03-22T09:03:11.011+0000] {dag.py:4180} INFO - Setting next_dagrun for read_dataset_event_from_classic to 2025-03-21 00:00:00+00:00, run_after=2025-03-22 00:00:00+00:00
[2025-03-22T09:03:11.030+0000] {processor.py:208} INFO - Processing /home/airflow/.local/lib/python3.12/site-packages/airflow/example_dags/example_inlet_event_extra.py took 0.871 seconds
[2025-03-22T09:03:41.601+0000] {processor.py:186} INFO - Started process (PID=823) to work on /home/airflow/.local/lib/python3.12/site-packages/airflow/example_dags/example_inlet_event_extra.py
[2025-03-22T09:03:41.604+0000] {processor.py:914} INFO - Processing file /home/airflow/.local/lib/python3.12/site-packages/airflow/example_dags/example_inlet_event_extra.py for tasks to queue
[2025-03-22T09:03:41.611+0000] {logging_mixin.py:190} INFO - [2025-03-22T09:03:41.610+0000] {dagbag.py:588} INFO - Filling up the DagBag from /home/airflow/.local/lib/python3.12/site-packages/airflow/example_dags/example_inlet_event_extra.py
[2025-03-22T09:03:42.534+0000] {processor.py:925} INFO - DAG(s) 'read_dataset_event', 'read_dataset_event_from_classic' retrieved from /home/airflow/.local/lib/python3.12/site-packages/airflow/example_dags/example_inlet_event_extra.py
[2025-03-22T09:03:42.565+0000] {logging_mixin.py:190} INFO - [2025-03-22T09:03:42.564+0000] {dag.py:3239} INFO - Sync 2 DAGs
[2025-03-22T09:03:42.601+0000] {logging_mixin.py:190} INFO - [2025-03-22T09:03:42.601+0000] {dag.py:4180} INFO - Setting next_dagrun for read_dataset_event to 2025-03-21 00:00:00+00:00, run_after=2025-03-22 00:00:00+00:00
[2025-03-22T09:03:42.610+0000] {logging_mixin.py:190} INFO - [2025-03-22T09:03:42.609+0000] {dag.py:4180} INFO - Setting next_dagrun for read_dataset_event_from_classic to 2025-03-21 00:00:00+00:00, run_after=2025-03-22 00:00:00+00:00
[2025-03-22T09:03:42.637+0000] {processor.py:208} INFO - Processing /home/airflow/.local/lib/python3.12/site-packages/airflow/example_dags/example_inlet_event_extra.py took 1.045 seconds
[2025-03-22T09:04:13.180+0000] {processor.py:186} INFO - Started process (PID=886) to work on /home/airflow/.local/lib/python3.12/site-packages/airflow/example_dags/example_inlet_event_extra.py
[2025-03-22T09:04:13.181+0000] {processor.py:914} INFO - Processing file /home/airflow/.local/lib/python3.12/site-packages/airflow/example_dags/example_inlet_event_extra.py for tasks to queue
[2025-03-22T09:04:13.184+0000] {logging_mixin.py:190} INFO - [2025-03-22T09:04:13.183+0000] {dagbag.py:588} INFO - Filling up the DagBag from /home/airflow/.local/lib/python3.12/site-packages/airflow/example_dags/example_inlet_event_extra.py
[2025-03-22T09:04:13.921+0000] {processor.py:925} INFO - DAG(s) 'read_dataset_event', 'read_dataset_event_from_classic' retrieved from /home/airflow/.local/lib/python3.12/site-packages/airflow/example_dags/example_inlet_event_extra.py
[2025-03-22T09:04:13.942+0000] {logging_mixin.py:190} INFO - [2025-03-22T09:04:13.942+0000] {dag.py:3239} INFO - Sync 2 DAGs
[2025-03-22T09:04:13.969+0000] {logging_mixin.py:190} INFO - [2025-03-22T09:04:13.969+0000] {dag.py:4180} INFO - Setting next_dagrun for read_dataset_event to 2025-03-21 00:00:00+00:00, run_after=2025-03-22 00:00:00+00:00
[2025-03-22T09:04:13.975+0000] {logging_mixin.py:190} INFO - [2025-03-22T09:04:13.975+0000] {dag.py:4180} INFO - Setting next_dagrun for read_dataset_event_from_classic to 2025-03-21 00:00:00+00:00, run_after=2025-03-22 00:00:00+00:00
[2025-03-22T09:04:13.990+0000] {processor.py:208} INFO - Processing /home/airflow/.local/lib/python3.12/site-packages/airflow/example_dags/example_inlet_event_extra.py took 0.819 seconds
[2025-03-22T09:04:44.061+0000] {processor.py:186} INFO - Started process (PID=948) to work on /home/airflow/.local/lib/python3.12/site-packages/airflow/example_dags/example_inlet_event_extra.py
[2025-03-22T09:04:44.062+0000] {processor.py:914} INFO - Processing file /home/airflow/.local/lib/python3.12/site-packages/airflow/example_dags/example_inlet_event_extra.py for tasks to queue
[2025-03-22T09:04:44.064+0000] {logging_mixin.py:190} INFO - [2025-03-22T09:04:44.064+0000] {dagbag.py:588} INFO - Filling up the DagBag from /home/airflow/.local/lib/python3.12/site-packages/airflow/example_dags/example_inlet_event_extra.py
[2025-03-22T09:04:44.709+0000] {processor.py:925} INFO - DAG(s) 'read_dataset_event_from_classic', 'read_dataset_event' retrieved from /home/airflow/.local/lib/python3.12/site-packages/airflow/example_dags/example_inlet_event_extra.py
[2025-03-22T09:04:44.746+0000] {logging_mixin.py:190} INFO - [2025-03-22T09:04:44.745+0000] {dag.py:3239} INFO - Sync 2 DAGs
[2025-03-22T09:04:44.783+0000] {logging_mixin.py:190} INFO - [2025-03-22T09:04:44.783+0000] {dag.py:4180} INFO - Setting next_dagrun for read_dataset_event to 2025-03-21 00:00:00+00:00, run_after=2025-03-22 00:00:00+00:00
[2025-03-22T09:04:44.790+0000] {logging_mixin.py:190} INFO - [2025-03-22T09:04:44.790+0000] {dag.py:4180} INFO - Setting next_dagrun for read_dataset_event_from_classic to 2025-03-21 00:00:00+00:00, run_after=2025-03-22 00:00:00+00:00
[2025-03-22T09:04:44.811+0000] {processor.py:208} INFO - Processing /home/airflow/.local/lib/python3.12/site-packages/airflow/example_dags/example_inlet_event_extra.py took 0.758 seconds
[2025-03-22T09:05:15.131+0000] {processor.py:186} INFO - Started process (PID=1011) to work on /home/airflow/.local/lib/python3.12/site-packages/airflow/example_dags/example_inlet_event_extra.py
[2025-03-22T09:05:15.132+0000] {processor.py:914} INFO - Processing file /home/airflow/.local/lib/python3.12/site-packages/airflow/example_dags/example_inlet_event_extra.py for tasks to queue
[2025-03-22T09:05:15.134+0000] {logging_mixin.py:190} INFO - [2025-03-22T09:05:15.134+0000] {dagbag.py:588} INFO - Filling up the DagBag from /home/airflow/.local/lib/python3.12/site-packages/airflow/example_dags/example_inlet_event_extra.py
[2025-03-22T09:05:15.891+0000] {processor.py:925} INFO - DAG(s) 'read_dataset_event_from_classic', 'read_dataset_event' retrieved from /home/airflow/.local/lib/python3.12/site-packages/airflow/example_dags/example_inlet_event_extra.py
[2025-03-22T09:05:15.915+0000] {logging_mixin.py:190} INFO - [2025-03-22T09:05:15.915+0000] {dag.py:3239} INFO - Sync 2 DAGs
[2025-03-22T09:05:15.942+0000] {logging_mixin.py:190} INFO - [2025-03-22T09:05:15.941+0000] {dag.py:4180} INFO - Setting next_dagrun for read_dataset_event to 2025-03-21 00:00:00+00:00, run_after=2025-03-22 00:00:00+00:00
[2025-03-22T09:05:15.948+0000] {logging_mixin.py:190} INFO - [2025-03-22T09:05:15.947+0000] {dag.py:4180} INFO - Setting next_dagrun for read_dataset_event_from_classic to 2025-03-21 00:00:00+00:00, run_after=2025-03-22 00:00:00+00:00
[2025-03-22T09:05:15.969+0000] {processor.py:208} INFO - Processing /home/airflow/.local/lib/python3.12/site-packages/airflow/example_dags/example_inlet_event_extra.py took 0.845 seconds
[2025-03-22T09:05:46.071+0000] {processor.py:186} INFO - Started process (PID=1079) to work on /home/airflow/.local/lib/python3.12/site-packages/airflow/example_dags/example_inlet_event_extra.py
[2025-03-22T09:05:46.072+0000] {processor.py:914} INFO - Processing file /home/airflow/.local/lib/python3.12/site-packages/airflow/example_dags/example_inlet_event_extra.py for tasks to queue
[2025-03-22T09:05:46.074+0000] {logging_mixin.py:190} INFO - [2025-03-22T09:05:46.074+0000] {dagbag.py:588} INFO - Filling up the DagBag from /home/airflow/.local/lib/python3.12/site-packages/airflow/example_dags/example_inlet_event_extra.py
[2025-03-22T09:05:46.658+0000] {processor.py:925} INFO - DAG(s) 'read_dataset_event_from_classic', 'read_dataset_event' retrieved from /home/airflow/.local/lib/python3.12/site-packages/airflow/example_dags/example_inlet_event_extra.py
[2025-03-22T09:05:46.680+0000] {logging_mixin.py:190} INFO - [2025-03-22T09:05:46.680+0000] {dag.py:3239} INFO - Sync 2 DAGs
[2025-03-22T09:05:46.708+0000] {logging_mixin.py:190} INFO - [2025-03-22T09:05:46.708+0000] {dag.py:4180} INFO - Setting next_dagrun for read_dataset_event to 2025-03-21 00:00:00+00:00, run_after=2025-03-22 00:00:00+00:00
[2025-03-22T09:05:46.714+0000] {logging_mixin.py:190} INFO - [2025-03-22T09:05:46.714+0000] {dag.py:4180} INFO - Setting next_dagrun for read_dataset_event_from_classic to 2025-03-21 00:00:00+00:00, run_after=2025-03-22 00:00:00+00:00
[2025-03-22T09:05:46.732+0000] {processor.py:208} INFO - Processing /home/airflow/.local/lib/python3.12/site-packages/airflow/example_dags/example_inlet_event_extra.py took 0.666 seconds
[2025-03-22T09:06:17.397+0000] {processor.py:186} INFO - Started process (PID=1142) to work on /home/airflow/.local/lib/python3.12/site-packages/airflow/example_dags/example_inlet_event_extra.py
[2025-03-22T09:06:17.399+0000] {processor.py:914} INFO - Processing file /home/airflow/.local/lib/python3.12/site-packages/airflow/example_dags/example_inlet_event_extra.py for tasks to queue
[2025-03-22T09:06:17.401+0000] {logging_mixin.py:190} INFO - [2025-03-22T09:06:17.401+0000] {dagbag.py:588} INFO - Filling up the DagBag from /home/airflow/.local/lib/python3.12/site-packages/airflow/example_dags/example_inlet_event_extra.py
[2025-03-22T09:06:18.078+0000] {processor.py:925} INFO - DAG(s) 'read_dataset_event_from_classic', 'read_dataset_event' retrieved from /home/airflow/.local/lib/python3.12/site-packages/airflow/example_dags/example_inlet_event_extra.py
[2025-03-22T09:06:18.104+0000] {logging_mixin.py:190} INFO - [2025-03-22T09:06:18.104+0000] {dag.py:3239} INFO - Sync 2 DAGs
[2025-03-22T09:06:18.146+0000] {logging_mixin.py:190} INFO - [2025-03-22T09:06:18.146+0000] {dag.py:4180} INFO - Setting next_dagrun for read_dataset_event to 2025-03-21 00:00:00+00:00, run_after=2025-03-22 00:00:00+00:00
[2025-03-22T09:06:18.158+0000] {logging_mixin.py:190} INFO - [2025-03-22T09:06:18.158+0000] {dag.py:4180} INFO - Setting next_dagrun for read_dataset_event_from_classic to 2025-03-21 00:00:00+00:00, run_after=2025-03-22 00:00:00+00:00
[2025-03-22T09:06:18.187+0000] {processor.py:208} INFO - Processing /home/airflow/.local/lib/python3.12/site-packages/airflow/example_dags/example_inlet_event_extra.py took 0.797 seconds
[2025-03-22T09:06:49.134+0000] {processor.py:186} INFO - Started process (PID=1211) to work on /home/airflow/.local/lib/python3.12/site-packages/airflow/example_dags/example_inlet_event_extra.py
[2025-03-22T09:06:49.136+0000] {processor.py:914} INFO - Processing file /home/airflow/.local/lib/python3.12/site-packages/airflow/example_dags/example_inlet_event_extra.py for tasks to queue
[2025-03-22T09:06:49.138+0000] {logging_mixin.py:190} INFO - [2025-03-22T09:06:49.138+0000] {dagbag.py:588} INFO - Filling up the DagBag from /home/airflow/.local/lib/python3.12/site-packages/airflow/example_dags/example_inlet_event_extra.py
[2025-03-22T09:06:49.801+0000] {processor.py:925} INFO - DAG(s) 'read_dataset_event_from_classic', 'read_dataset_event' retrieved from /home/airflow/.local/lib/python3.12/site-packages/airflow/example_dags/example_inlet_event_extra.py
[2025-03-22T09:06:49.820+0000] {logging_mixin.py:190} INFO - [2025-03-22T09:06:49.820+0000] {dag.py:3239} INFO - Sync 2 DAGs
[2025-03-22T09:06:49.850+0000] {logging_mixin.py:190} INFO - [2025-03-22T09:06:49.850+0000] {dag.py:4180} INFO - Setting next_dagrun for read_dataset_event to 2025-03-21 00:00:00+00:00, run_after=2025-03-22 00:00:00+00:00
[2025-03-22T09:06:49.855+0000] {logging_mixin.py:190} INFO - [2025-03-22T09:06:49.855+0000] {dag.py:4180} INFO - Setting next_dagrun for read_dataset_event_from_classic to 2025-03-21 00:00:00+00:00, run_after=2025-03-22 00:00:00+00:00
[2025-03-22T09:06:49.871+0000] {processor.py:208} INFO - Processing /home/airflow/.local/lib/python3.12/site-packages/airflow/example_dags/example_inlet_event_extra.py took 0.752 seconds
[2025-03-22T09:07:20.375+0000] {processor.py:186} INFO - Started process (PID=1275) to work on /home/airflow/.local/lib/python3.12/site-packages/airflow/example_dags/example_inlet_event_extra.py
[2025-03-22T09:07:20.375+0000] {processor.py:914} INFO - Processing file /home/airflow/.local/lib/python3.12/site-packages/airflow/example_dags/example_inlet_event_extra.py for tasks to queue
[2025-03-22T09:07:20.378+0000] {logging_mixin.py:190} INFO - [2025-03-22T09:07:20.378+0000] {dagbag.py:588} INFO - Filling up the DagBag from /home/airflow/.local/lib/python3.12/site-packages/airflow/example_dags/example_inlet_event_extra.py
[2025-03-22T09:07:21.124+0000] {processor.py:925} INFO - DAG(s) 'read_dataset_event', 'read_dataset_event_from_classic' retrieved from /home/airflow/.local/lib/python3.12/site-packages/airflow/example_dags/example_inlet_event_extra.py
[2025-03-22T09:07:21.156+0000] {logging_mixin.py:190} INFO - [2025-03-22T09:07:21.156+0000] {dag.py:3239} INFO - Sync 2 DAGs
[2025-03-22T09:07:21.202+0000] {logging_mixin.py:190} INFO - [2025-03-22T09:07:21.202+0000] {dag.py:4180} INFO - Setting next_dagrun for read_dataset_event to 2025-03-21 00:00:00+00:00, run_after=2025-03-22 00:00:00+00:00
[2025-03-22T09:07:21.210+0000] {logging_mixin.py:190} INFO - [2025-03-22T09:07:21.210+0000] {dag.py:4180} INFO - Setting next_dagrun for read_dataset_event_from_classic to 2025-03-21 00:00:00+00:00, run_after=2025-03-22 00:00:00+00:00
[2025-03-22T09:07:21.233+0000] {processor.py:208} INFO - Processing /home/airflow/.local/lib/python3.12/site-packages/airflow/example_dags/example_inlet_event_extra.py took 0.865 seconds
[2025-03-22T09:07:51.979+0000] {processor.py:186} INFO - Started process (PID=1338) to work on /home/airflow/.local/lib/python3.12/site-packages/airflow/example_dags/example_inlet_event_extra.py
[2025-03-22T09:07:51.980+0000] {processor.py:914} INFO - Processing file /home/airflow/.local/lib/python3.12/site-packages/airflow/example_dags/example_inlet_event_extra.py for tasks to queue
[2025-03-22T09:07:51.982+0000] {logging_mixin.py:190} INFO - [2025-03-22T09:07:51.981+0000] {dagbag.py:588} INFO - Filling up the DagBag from /home/airflow/.local/lib/python3.12/site-packages/airflow/example_dags/example_inlet_event_extra.py
[2025-03-22T09:07:52.803+0000] {processor.py:925} INFO - DAG(s) 'read_dataset_event', 'read_dataset_event_from_classic' retrieved from /home/airflow/.local/lib/python3.12/site-packages/airflow/example_dags/example_inlet_event_extra.py
[2025-03-22T09:07:52.845+0000] {logging_mixin.py:190} INFO - [2025-03-22T09:07:52.845+0000] {dag.py:3239} INFO - Sync 2 DAGs
[2025-03-22T09:07:52.891+0000] {logging_mixin.py:190} INFO - [2025-03-22T09:07:52.891+0000] {dag.py:4180} INFO - Setting next_dagrun for read_dataset_event to 2025-03-21 00:00:00+00:00, run_after=2025-03-22 00:00:00+00:00
[2025-03-22T09:07:52.899+0000] {logging_mixin.py:190} INFO - [2025-03-22T09:07:52.899+0000] {dag.py:4180} INFO - Setting next_dagrun for read_dataset_event_from_classic to 2025-03-21 00:00:00+00:00, run_after=2025-03-22 00:00:00+00:00
[2025-03-22T09:07:52.921+0000] {processor.py:208} INFO - Processing /home/airflow/.local/lib/python3.12/site-packages/airflow/example_dags/example_inlet_event_extra.py took 0.947 seconds
[2025-03-22T09:08:23.412+0000] {processor.py:186} INFO - Started process (PID=1401) to work on /home/airflow/.local/lib/python3.12/site-packages/airflow/example_dags/example_inlet_event_extra.py
[2025-03-22T09:08:23.413+0000] {processor.py:914} INFO - Processing file /home/airflow/.local/lib/python3.12/site-packages/airflow/example_dags/example_inlet_event_extra.py for tasks to queue
[2025-03-22T09:08:23.418+0000] {logging_mixin.py:190} INFO - [2025-03-22T09:08:23.417+0000] {dagbag.py:588} INFO - Filling up the DagBag from /home/airflow/.local/lib/python3.12/site-packages/airflow/example_dags/example_inlet_event_extra.py
[2025-03-22T09:08:24.313+0000] {processor.py:925} INFO - DAG(s) 'read_dataset_event', 'read_dataset_event_from_classic' retrieved from /home/airflow/.local/lib/python3.12/site-packages/airflow/example_dags/example_inlet_event_extra.py
[2025-03-22T09:08:24.339+0000] {logging_mixin.py:190} INFO - [2025-03-22T09:08:24.338+0000] {dag.py:3239} INFO - Sync 2 DAGs
[2025-03-22T09:08:24.379+0000] {logging_mixin.py:190} INFO - [2025-03-22T09:08:24.378+0000] {dag.py:4180} INFO - Setting next_dagrun for read_dataset_event to 2025-03-21 00:00:00+00:00, run_after=2025-03-22 00:00:00+00:00
[2025-03-22T09:08:24.386+0000] {logging_mixin.py:190} INFO - [2025-03-22T09:08:24.386+0000] {dag.py:4180} INFO - Setting next_dagrun for read_dataset_event_from_classic to 2025-03-21 00:00:00+00:00, run_after=2025-03-22 00:00:00+00:00
[2025-03-22T09:08:24.412+0000] {processor.py:208} INFO - Processing /home/airflow/.local/lib/python3.12/site-packages/airflow/example_dags/example_inlet_event_extra.py took 1.008 seconds
[2025-03-22T09:08:54.725+0000] {processor.py:186} INFO - Started process (PID=1464) to work on /home/airflow/.local/lib/python3.12/site-packages/airflow/example_dags/example_inlet_event_extra.py
[2025-03-22T09:08:54.726+0000] {processor.py:914} INFO - Processing file /home/airflow/.local/lib/python3.12/site-packages/airflow/example_dags/example_inlet_event_extra.py for tasks to queue
[2025-03-22T09:08:54.727+0000] {logging_mixin.py:190} INFO - [2025-03-22T09:08:54.727+0000] {dagbag.py:588} INFO - Filling up the DagBag from /home/airflow/.local/lib/python3.12/site-packages/airflow/example_dags/example_inlet_event_extra.py
[2025-03-22T09:08:55.361+0000] {processor.py:925} INFO - DAG(s) 'read_dataset_event', 'read_dataset_event_from_classic' retrieved from /home/airflow/.local/lib/python3.12/site-packages/airflow/example_dags/example_inlet_event_extra.py
[2025-03-22T09:08:55.386+0000] {logging_mixin.py:190} INFO - [2025-03-22T09:08:55.386+0000] {dag.py:3239} INFO - Sync 2 DAGs
[2025-03-22T09:08:55.415+0000] {logging_mixin.py:190} INFO - [2025-03-22T09:08:55.415+0000] {dag.py:4180} INFO - Setting next_dagrun for read_dataset_event to 2025-03-21 00:00:00+00:00, run_after=2025-03-22 00:00:00+00:00
[2025-03-22T09:08:55.420+0000] {logging_mixin.py:190} INFO - [2025-03-22T09:08:55.420+0000] {dag.py:4180} INFO - Setting next_dagrun for read_dataset_event_from_classic to 2025-03-21 00:00:00+00:00, run_after=2025-03-22 00:00:00+00:00
[2025-03-22T09:08:55.437+0000] {processor.py:208} INFO - Processing /home/airflow/.local/lib/python3.12/site-packages/airflow/example_dags/example_inlet_event_extra.py took 0.718 seconds
[2025-03-22T09:09:25.715+0000] {processor.py:186} INFO - Started process (PID=1527) to work on /home/airflow/.local/lib/python3.12/site-packages/airflow/example_dags/example_inlet_event_extra.py
[2025-03-22T09:09:25.716+0000] {processor.py:914} INFO - Processing file /home/airflow/.local/lib/python3.12/site-packages/airflow/example_dags/example_inlet_event_extra.py for tasks to queue
[2025-03-22T09:09:25.718+0000] {logging_mixin.py:190} INFO - [2025-03-22T09:09:25.718+0000] {dagbag.py:588} INFO - Filling up the DagBag from /home/airflow/.local/lib/python3.12/site-packages/airflow/example_dags/example_inlet_event_extra.py
[2025-03-22T09:09:26.425+0000] {processor.py:925} INFO - DAG(s) 'read_dataset_event', 'read_dataset_event_from_classic' retrieved from /home/airflow/.local/lib/python3.12/site-packages/airflow/example_dags/example_inlet_event_extra.py
[2025-03-22T09:09:26.448+0000] {logging_mixin.py:190} INFO - [2025-03-22T09:09:26.448+0000] {dag.py:3239} INFO - Sync 2 DAGs
[2025-03-22T09:09:26.480+0000] {logging_mixin.py:190} INFO - [2025-03-22T09:09:26.479+0000] {dag.py:4180} INFO - Setting next_dagrun for read_dataset_event to 2025-03-21 00:00:00+00:00, run_after=2025-03-22 00:00:00+00:00
[2025-03-22T09:09:26.486+0000] {logging_mixin.py:190} INFO - [2025-03-22T09:09:26.485+0000] {dag.py:4180} INFO - Setting next_dagrun for read_dataset_event_from_classic to 2025-03-21 00:00:00+00:00, run_after=2025-03-22 00:00:00+00:00
[2025-03-22T09:09:26.504+0000] {processor.py:208} INFO - Processing /home/airflow/.local/lib/python3.12/site-packages/airflow/example_dags/example_inlet_event_extra.py took 0.794 seconds
[2025-03-22T09:09:56.810+0000] {processor.py:186} INFO - Started process (PID=1590) to work on /home/airflow/.local/lib/python3.12/site-packages/airflow/example_dags/example_inlet_event_extra.py
[2025-03-22T09:09:56.811+0000] {processor.py:914} INFO - Processing file /home/airflow/.local/lib/python3.12/site-packages/airflow/example_dags/example_inlet_event_extra.py for tasks to queue
[2025-03-22T09:09:56.812+0000] {logging_mixin.py:190} INFO - [2025-03-22T09:09:56.812+0000] {dagbag.py:588} INFO - Filling up the DagBag from /home/airflow/.local/lib/python3.12/site-packages/airflow/example_dags/example_inlet_event_extra.py
[2025-03-22T09:09:57.389+0000] {processor.py:925} INFO - DAG(s) 'read_dataset_event', 'read_dataset_event_from_classic' retrieved from /home/airflow/.local/lib/python3.12/site-packages/airflow/example_dags/example_inlet_event_extra.py
[2025-03-22T09:09:57.414+0000] {logging_mixin.py:190} INFO - [2025-03-22T09:09:57.414+0000] {dag.py:3239} INFO - Sync 2 DAGs
[2025-03-22T09:09:57.445+0000] {logging_mixin.py:190} INFO - [2025-03-22T09:09:57.445+0000] {dag.py:4180} INFO - Setting next_dagrun for read_dataset_event to 2025-03-21 00:00:00+00:00, run_after=2025-03-22 00:00:00+00:00
[2025-03-22T09:09:57.451+0000] {logging_mixin.py:190} INFO - [2025-03-22T09:09:57.450+0000] {dag.py:4180} INFO - Setting next_dagrun for read_dataset_event_from_classic to 2025-03-21 00:00:00+00:00, run_after=2025-03-22 00:00:00+00:00
[2025-03-22T09:09:57.467+0000] {processor.py:208} INFO - Processing /home/airflow/.local/lib/python3.12/site-packages/airflow/example_dags/example_inlet_event_extra.py took 0.662 seconds
[2025-03-22T09:10:28.052+0000] {processor.py:186} INFO - Started process (PID=1653) to work on /home/airflow/.local/lib/python3.12/site-packages/airflow/example_dags/example_inlet_event_extra.py
[2025-03-22T09:10:28.052+0000] {processor.py:914} INFO - Processing file /home/airflow/.local/lib/python3.12/site-packages/airflow/example_dags/example_inlet_event_extra.py for tasks to queue
[2025-03-22T09:10:28.054+0000] {logging_mixin.py:190} INFO - [2025-03-22T09:10:28.054+0000] {dagbag.py:588} INFO - Filling up the DagBag from /home/airflow/.local/lib/python3.12/site-packages/airflow/example_dags/example_inlet_event_extra.py
[2025-03-22T09:10:28.701+0000] {processor.py:925} INFO - DAG(s) 'read_dataset_event_from_classic', 'read_dataset_event' retrieved from /home/airflow/.local/lib/python3.12/site-packages/airflow/example_dags/example_inlet_event_extra.py
[2025-03-22T09:10:28.725+0000] {logging_mixin.py:190} INFO - [2025-03-22T09:10:28.725+0000] {dag.py:3239} INFO - Sync 2 DAGs
[2025-03-22T09:10:28.751+0000] {logging_mixin.py:190} INFO - [2025-03-22T09:10:28.751+0000] {dag.py:4180} INFO - Setting next_dagrun for read_dataset_event to 2025-03-21 00:00:00+00:00, run_after=2025-03-22 00:00:00+00:00
[2025-03-22T09:10:28.757+0000] {logging_mixin.py:190} INFO - [2025-03-22T09:10:28.757+0000] {dag.py:4180} INFO - Setting next_dagrun for read_dataset_event_from_classic to 2025-03-21 00:00:00+00:00, run_after=2025-03-22 00:00:00+00:00
[2025-03-22T09:10:28.776+0000] {processor.py:208} INFO - Processing /home/airflow/.local/lib/python3.12/site-packages/airflow/example_dags/example_inlet_event_extra.py took 0.730 seconds
[2025-03-22T09:10:58.994+0000] {processor.py:186} INFO - Started process (PID=1716) to work on /home/airflow/.local/lib/python3.12/site-packages/airflow/example_dags/example_inlet_event_extra.py
[2025-03-22T09:10:58.995+0000] {processor.py:914} INFO - Processing file /home/airflow/.local/lib/python3.12/site-packages/airflow/example_dags/example_inlet_event_extra.py for tasks to queue
[2025-03-22T09:10:58.997+0000] {logging_mixin.py:190} INFO - [2025-03-22T09:10:58.997+0000] {dagbag.py:588} INFO - Filling up the DagBag from /home/airflow/.local/lib/python3.12/site-packages/airflow/example_dags/example_inlet_event_extra.py
[2025-03-22T09:10:59.716+0000] {processor.py:925} INFO - DAG(s) 'read_dataset_event', 'read_dataset_event_from_classic' retrieved from /home/airflow/.local/lib/python3.12/site-packages/airflow/example_dags/example_inlet_event_extra.py
[2025-03-22T09:10:59.766+0000] {logging_mixin.py:190} INFO - [2025-03-22T09:10:59.766+0000] {dag.py:3239} INFO - Sync 2 DAGs
[2025-03-22T09:10:59.790+0000] {logging_mixin.py:190} INFO - [2025-03-22T09:10:59.790+0000] {dag.py:4180} INFO - Setting next_dagrun for read_dataset_event to 2025-03-21 00:00:00+00:00, run_after=2025-03-22 00:00:00+00:00
[2025-03-22T09:10:59.796+0000] {logging_mixin.py:190} INFO - [2025-03-22T09:10:59.795+0000] {dag.py:4180} INFO - Setting next_dagrun for read_dataset_event_from_classic to 2025-03-21 00:00:00+00:00, run_after=2025-03-22 00:00:00+00:00
[2025-03-22T09:10:59.813+0000] {processor.py:208} INFO - Processing /home/airflow/.local/lib/python3.12/site-packages/airflow/example_dags/example_inlet_event_extra.py took 0.825 seconds
[2025-03-22T09:11:30.093+0000] {processor.py:186} INFO - Started process (PID=1779) to work on /home/airflow/.local/lib/python3.12/site-packages/airflow/example_dags/example_inlet_event_extra.py
[2025-03-22T09:11:30.095+0000] {processor.py:914} INFO - Processing file /home/airflow/.local/lib/python3.12/site-packages/airflow/example_dags/example_inlet_event_extra.py for tasks to queue
[2025-03-22T09:11:30.097+0000] {logging_mixin.py:190} INFO - [2025-03-22T09:11:30.097+0000] {dagbag.py:588} INFO - Filling up the DagBag from /home/airflow/.local/lib/python3.12/site-packages/airflow/example_dags/example_inlet_event_extra.py
[2025-03-22T09:11:30.873+0000] {processor.py:925} INFO - DAG(s) 'read_dataset_event', 'read_dataset_event_from_classic' retrieved from /home/airflow/.local/lib/python3.12/site-packages/airflow/example_dags/example_inlet_event_extra.py
[2025-03-22T09:11:30.898+0000] {logging_mixin.py:190} INFO - [2025-03-22T09:11:30.898+0000] {dag.py:3239} INFO - Sync 2 DAGs
[2025-03-22T09:11:30.930+0000] {logging_mixin.py:190} INFO - [2025-03-22T09:11:30.930+0000] {dag.py:4180} INFO - Setting next_dagrun for read_dataset_event to 2025-03-21 00:00:00+00:00, run_after=2025-03-22 00:00:00+00:00
[2025-03-22T09:11:30.937+0000] {logging_mixin.py:190} INFO - [2025-03-22T09:11:30.936+0000] {dag.py:4180} INFO - Setting next_dagrun for read_dataset_event_from_classic to 2025-03-21 00:00:00+00:00, run_after=2025-03-22 00:00:00+00:00
[2025-03-22T09:11:30.955+0000] {processor.py:208} INFO - Processing /home/airflow/.local/lib/python3.12/site-packages/airflow/example_dags/example_inlet_event_extra.py took 0.869 seconds
[2025-03-22T09:12:01.535+0000] {processor.py:186} INFO - Started process (PID=1845) to work on /home/airflow/.local/lib/python3.12/site-packages/airflow/example_dags/example_inlet_event_extra.py
[2025-03-22T09:12:01.536+0000] {processor.py:914} INFO - Processing file /home/airflow/.local/lib/python3.12/site-packages/airflow/example_dags/example_inlet_event_extra.py for tasks to queue
[2025-03-22T09:12:01.538+0000] {logging_mixin.py:190} INFO - [2025-03-22T09:12:01.537+0000] {dagbag.py:588} INFO - Filling up the DagBag from /home/airflow/.local/lib/python3.12/site-packages/airflow/example_dags/example_inlet_event_extra.py
[2025-03-22T09:12:02.159+0000] {processor.py:925} INFO - DAG(s) 'read_dataset_event_from_classic', 'read_dataset_event' retrieved from /home/airflow/.local/lib/python3.12/site-packages/airflow/example_dags/example_inlet_event_extra.py
[2025-03-22T09:12:02.187+0000] {logging_mixin.py:190} INFO - [2025-03-22T09:12:02.187+0000] {dag.py:3239} INFO - Sync 2 DAGs
[2025-03-22T09:12:02.220+0000] {logging_mixin.py:190} INFO - [2025-03-22T09:12:02.219+0000] {dag.py:4180} INFO - Setting next_dagrun for read_dataset_event to 2025-03-21 00:00:00+00:00, run_after=2025-03-22 00:00:00+00:00
[2025-03-22T09:12:02.226+0000] {logging_mixin.py:190} INFO - [2025-03-22T09:12:02.225+0000] {dag.py:4180} INFO - Setting next_dagrun for read_dataset_event_from_classic to 2025-03-21 00:00:00+00:00, run_after=2025-03-22 00:00:00+00:00
[2025-03-22T09:12:02.243+0000] {processor.py:208} INFO - Processing /home/airflow/.local/lib/python3.12/site-packages/airflow/example_dags/example_inlet_event_extra.py took 0.713 seconds
[2025-03-22T09:12:32.355+0000] {processor.py:186} INFO - Started process (PID=1907) to work on /home/airflow/.local/lib/python3.12/site-packages/airflow/example_dags/example_inlet_event_extra.py
[2025-03-22T09:12:32.356+0000] {processor.py:914} INFO - Processing file /home/airflow/.local/lib/python3.12/site-packages/airflow/example_dags/example_inlet_event_extra.py for tasks to queue
[2025-03-22T09:12:32.358+0000] {logging_mixin.py:190} INFO - [2025-03-22T09:12:32.358+0000] {dagbag.py:588} INFO - Filling up the DagBag from /home/airflow/.local/lib/python3.12/site-packages/airflow/example_dags/example_inlet_event_extra.py
[2025-03-22T09:12:33.053+0000] {processor.py:925} INFO - DAG(s) 'read_dataset_event_from_classic', 'read_dataset_event' retrieved from /home/airflow/.local/lib/python3.12/site-packages/airflow/example_dags/example_inlet_event_extra.py
[2025-03-22T09:12:33.075+0000] {logging_mixin.py:190} INFO - [2025-03-22T09:12:33.075+0000] {dag.py:3239} INFO - Sync 2 DAGs
[2025-03-22T09:12:33.101+0000] {logging_mixin.py:190} INFO - [2025-03-22T09:12:33.101+0000] {dag.py:4180} INFO - Setting next_dagrun for read_dataset_event to 2025-03-21 00:00:00+00:00, run_after=2025-03-22 00:00:00+00:00
[2025-03-22T09:12:33.107+0000] {logging_mixin.py:190} INFO - [2025-03-22T09:12:33.107+0000] {dag.py:4180} INFO - Setting next_dagrun for read_dataset_event_from_classic to 2025-03-21 00:00:00+00:00, run_after=2025-03-22 00:00:00+00:00
[2025-03-22T09:12:33.125+0000] {processor.py:208} INFO - Processing /home/airflow/.local/lib/python3.12/site-packages/airflow/example_dags/example_inlet_event_extra.py took 0.776 seconds
[2025-03-22T09:13:03.694+0000] {processor.py:186} INFO - Started process (PID=1973) to work on /home/airflow/.local/lib/python3.12/site-packages/airflow/example_dags/example_inlet_event_extra.py
[2025-03-22T09:13:03.695+0000] {processor.py:914} INFO - Processing file /home/airflow/.local/lib/python3.12/site-packages/airflow/example_dags/example_inlet_event_extra.py for tasks to queue
[2025-03-22T09:13:03.698+0000] {logging_mixin.py:190} INFO - [2025-03-22T09:13:03.697+0000] {dagbag.py:588} INFO - Filling up the DagBag from /home/airflow/.local/lib/python3.12/site-packages/airflow/example_dags/example_inlet_event_extra.py
[2025-03-22T09:13:04.298+0000] {processor.py:925} INFO - DAG(s) 'read_dataset_event', 'read_dataset_event_from_classic' retrieved from /home/airflow/.local/lib/python3.12/site-packages/airflow/example_dags/example_inlet_event_extra.py
[2025-03-22T09:13:04.319+0000] {logging_mixin.py:190} INFO - [2025-03-22T09:13:04.319+0000] {dag.py:3239} INFO - Sync 2 DAGs
[2025-03-22T09:13:04.339+0000] {logging_mixin.py:190} INFO - [2025-03-22T09:13:04.339+0000] {dag.py:4180} INFO - Setting next_dagrun for read_dataset_event to 2025-03-21 00:00:00+00:00, run_after=2025-03-22 00:00:00+00:00
[2025-03-22T09:13:04.344+0000] {logging_mixin.py:190} INFO - [2025-03-22T09:13:04.344+0000] {dag.py:4180} INFO - Setting next_dagrun for read_dataset_event_from_classic to 2025-03-21 00:00:00+00:00, run_after=2025-03-22 00:00:00+00:00
[2025-03-22T09:13:04.357+0000] {processor.py:208} INFO - Processing /home/airflow/.local/lib/python3.12/site-packages/airflow/example_dags/example_inlet_event_extra.py took 0.668 seconds
[2025-03-22T09:13:35.285+0000] {processor.py:186} INFO - Started process (PID=2039) to work on /home/airflow/.local/lib/python3.12/site-packages/airflow/example_dags/example_inlet_event_extra.py
[2025-03-22T09:13:35.286+0000] {processor.py:914} INFO - Processing file /home/airflow/.local/lib/python3.12/site-packages/airflow/example_dags/example_inlet_event_extra.py for tasks to queue
[2025-03-22T09:13:35.289+0000] {logging_mixin.py:190} INFO - [2025-03-22T09:13:35.288+0000] {dagbag.py:588} INFO - Filling up the DagBag from /home/airflow/.local/lib/python3.12/site-packages/airflow/example_dags/example_inlet_event_extra.py
[2025-03-22T09:13:35.945+0000] {processor.py:925} INFO - DAG(s) 'read_dataset_event', 'read_dataset_event_from_classic' retrieved from /home/airflow/.local/lib/python3.12/site-packages/airflow/example_dags/example_inlet_event_extra.py
[2025-03-22T09:13:35.968+0000] {logging_mixin.py:190} INFO - [2025-03-22T09:13:35.967+0000] {dag.py:3239} INFO - Sync 2 DAGs
[2025-03-22T09:13:36.003+0000] {logging_mixin.py:190} INFO - [2025-03-22T09:13:36.003+0000] {dag.py:4180} INFO - Setting next_dagrun for read_dataset_event to 2025-03-21 00:00:00+00:00, run_after=2025-03-22 00:00:00+00:00
[2025-03-22T09:13:36.011+0000] {logging_mixin.py:190} INFO - [2025-03-22T09:13:36.011+0000] {dag.py:4180} INFO - Setting next_dagrun for read_dataset_event_from_classic to 2025-03-21 00:00:00+00:00, run_after=2025-03-22 00:00:00+00:00
[2025-03-22T09:13:36.036+0000] {processor.py:208} INFO - Processing /home/airflow/.local/lib/python3.12/site-packages/airflow/example_dags/example_inlet_event_extra.py took 0.756 seconds
[2025-03-22T09:14:06.709+0000] {processor.py:186} INFO - Started process (PID=2104) to work on /home/airflow/.local/lib/python3.12/site-packages/airflow/example_dags/example_inlet_event_extra.py
[2025-03-22T09:14:06.709+0000] {processor.py:914} INFO - Processing file /home/airflow/.local/lib/python3.12/site-packages/airflow/example_dags/example_inlet_event_extra.py for tasks to queue
[2025-03-22T09:14:06.711+0000] {logging_mixin.py:190} INFO - [2025-03-22T09:14:06.711+0000] {dagbag.py:588} INFO - Filling up the DagBag from /home/airflow/.local/lib/python3.12/site-packages/airflow/example_dags/example_inlet_event_extra.py
[2025-03-22T09:14:07.285+0000] {processor.py:925} INFO - DAG(s) 'read_dataset_event_from_classic', 'read_dataset_event' retrieved from /home/airflow/.local/lib/python3.12/site-packages/airflow/example_dags/example_inlet_event_extra.py
[2025-03-22T09:14:07.306+0000] {logging_mixin.py:190} INFO - [2025-03-22T09:14:07.306+0000] {dag.py:3239} INFO - Sync 2 DAGs
[2025-03-22T09:14:07.333+0000] {logging_mixin.py:190} INFO - [2025-03-22T09:14:07.333+0000] {dag.py:4180} INFO - Setting next_dagrun for read_dataset_event to 2025-03-21 00:00:00+00:00, run_after=2025-03-22 00:00:00+00:00
[2025-03-22T09:14:07.338+0000] {logging_mixin.py:190} INFO - [2025-03-22T09:14:07.338+0000] {dag.py:4180} INFO - Setting next_dagrun for read_dataset_event_from_classic to 2025-03-21 00:00:00+00:00, run_after=2025-03-22 00:00:00+00:00
[2025-03-22T09:14:07.355+0000] {processor.py:208} INFO - Processing /home/airflow/.local/lib/python3.12/site-packages/airflow/example_dags/example_inlet_event_extra.py took 0.651 seconds
[2025-03-22T09:14:38.244+0000] {processor.py:186} INFO - Started process (PID=2168) to work on /home/airflow/.local/lib/python3.12/site-packages/airflow/example_dags/example_inlet_event_extra.py
[2025-03-22T09:14:38.245+0000] {processor.py:914} INFO - Processing file /home/airflow/.local/lib/python3.12/site-packages/airflow/example_dags/example_inlet_event_extra.py for tasks to queue
[2025-03-22T09:14:38.247+0000] {logging_mixin.py:190} INFO - [2025-03-22T09:14:38.246+0000] {dagbag.py:588} INFO - Filling up the DagBag from /home/airflow/.local/lib/python3.12/site-packages/airflow/example_dags/example_inlet_event_extra.py
[2025-03-22T09:14:38.948+0000] {processor.py:925} INFO - DAG(s) 'read_dataset_event', 'read_dataset_event_from_classic' retrieved from /home/airflow/.local/lib/python3.12/site-packages/airflow/example_dags/example_inlet_event_extra.py
[2025-03-22T09:14:38.972+0000] {logging_mixin.py:190} INFO - [2025-03-22T09:14:38.971+0000] {dag.py:3239} INFO - Sync 2 DAGs
[2025-03-22T09:14:39.000+0000] {logging_mixin.py:190} INFO - [2025-03-22T09:14:39.000+0000] {dag.py:4180} INFO - Setting next_dagrun for read_dataset_event to 2025-03-21 00:00:00+00:00, run_after=2025-03-22 00:00:00+00:00
[2025-03-22T09:14:39.015+0000] {logging_mixin.py:190} INFO - [2025-03-22T09:14:39.014+0000] {dag.py:4180} INFO - Setting next_dagrun for read_dataset_event_from_classic to 2025-03-21 00:00:00+00:00, run_after=2025-03-22 00:00:00+00:00
[2025-03-22T09:14:39.049+0000] {processor.py:208} INFO - Processing /home/airflow/.local/lib/python3.12/site-packages/airflow/example_dags/example_inlet_event_extra.py took 0.811 seconds
[2025-03-22T09:15:10.169+0000] {processor.py:186} INFO - Started process (PID=2234) to work on /home/airflow/.local/lib/python3.12/site-packages/airflow/example_dags/example_inlet_event_extra.py
[2025-03-22T09:15:10.170+0000] {processor.py:914} INFO - Processing file /home/airflow/.local/lib/python3.12/site-packages/airflow/example_dags/example_inlet_event_extra.py for tasks to queue
[2025-03-22T09:15:10.173+0000] {logging_mixin.py:190} INFO - [2025-03-22T09:15:10.173+0000] {dagbag.py:588} INFO - Filling up the DagBag from /home/airflow/.local/lib/python3.12/site-packages/airflow/example_dags/example_inlet_event_extra.py
[2025-03-22T09:15:11.018+0000] {processor.py:925} INFO - DAG(s) 'read_dataset_event', 'read_dataset_event_from_classic' retrieved from /home/airflow/.local/lib/python3.12/site-packages/airflow/example_dags/example_inlet_event_extra.py
[2025-03-22T09:15:11.047+0000] {logging_mixin.py:190} INFO - [2025-03-22T09:15:11.046+0000] {dag.py:3239} INFO - Sync 2 DAGs
[2025-03-22T09:15:11.079+0000] {logging_mixin.py:190} INFO - [2025-03-22T09:15:11.079+0000] {dag.py:4180} INFO - Setting next_dagrun for read_dataset_event to 2025-03-21 00:00:00+00:00, run_after=2025-03-22 00:00:00+00:00
[2025-03-22T09:15:11.087+0000] {logging_mixin.py:190} INFO - [2025-03-22T09:15:11.086+0000] {dag.py:4180} INFO - Setting next_dagrun for read_dataset_event_from_classic to 2025-03-21 00:00:00+00:00, run_after=2025-03-22 00:00:00+00:00
[2025-03-22T09:15:11.108+0000] {processor.py:208} INFO - Processing /home/airflow/.local/lib/python3.12/site-packages/airflow/example_dags/example_inlet_event_extra.py took 0.944 seconds
[2025-03-22T09:15:41.374+0000] {processor.py:186} INFO - Started process (PID=2297) to work on /home/airflow/.local/lib/python3.12/site-packages/airflow/example_dags/example_inlet_event_extra.py
[2025-03-22T09:15:41.375+0000] {processor.py:914} INFO - Processing file /home/airflow/.local/lib/python3.12/site-packages/airflow/example_dags/example_inlet_event_extra.py for tasks to queue
[2025-03-22T09:15:41.381+0000] {logging_mixin.py:190} INFO - [2025-03-22T09:15:41.379+0000] {dagbag.py:588} INFO - Filling up the DagBag from /home/airflow/.local/lib/python3.12/site-packages/airflow/example_dags/example_inlet_event_extra.py
[2025-03-22T09:15:42.120+0000] {processor.py:925} INFO - DAG(s) 'read_dataset_event', 'read_dataset_event_from_classic' retrieved from /home/airflow/.local/lib/python3.12/site-packages/airflow/example_dags/example_inlet_event_extra.py
[2025-03-22T09:15:42.144+0000] {logging_mixin.py:190} INFO - [2025-03-22T09:15:42.143+0000] {dag.py:3239} INFO - Sync 2 DAGs
[2025-03-22T09:15:42.174+0000] {logging_mixin.py:190} INFO - [2025-03-22T09:15:42.173+0000] {dag.py:4180} INFO - Setting next_dagrun for read_dataset_event to 2025-03-21 00:00:00+00:00, run_after=2025-03-22 00:00:00+00:00
[2025-03-22T09:15:42.179+0000] {logging_mixin.py:190} INFO - [2025-03-22T09:15:42.178+0000] {dag.py:4180} INFO - Setting next_dagrun for read_dataset_event_from_classic to 2025-03-21 00:00:00+00:00, run_after=2025-03-22 00:00:00+00:00
[2025-03-22T09:15:42.198+0000] {processor.py:208} INFO - Processing /home/airflow/.local/lib/python3.12/site-packages/airflow/example_dags/example_inlet_event_extra.py took 0.833 seconds
[2025-03-22T09:16:13.498+0000] {processor.py:186} INFO - Started process (PID=2362) to work on /home/airflow/.local/lib/python3.12/site-packages/airflow/example_dags/example_inlet_event_extra.py
[2025-03-22T09:16:13.499+0000] {processor.py:914} INFO - Processing file /home/airflow/.local/lib/python3.12/site-packages/airflow/example_dags/example_inlet_event_extra.py for tasks to queue
[2025-03-22T09:16:13.502+0000] {logging_mixin.py:190} INFO - [2025-03-22T09:16:13.501+0000] {dagbag.py:588} INFO - Filling up the DagBag from /home/airflow/.local/lib/python3.12/site-packages/airflow/example_dags/example_inlet_event_extra.py
[2025-03-22T09:16:14.186+0000] {processor.py:925} INFO - DAG(s) 'read_dataset_event', 'read_dataset_event_from_classic' retrieved from /home/airflow/.local/lib/python3.12/site-packages/airflow/example_dags/example_inlet_event_extra.py
[2025-03-22T09:16:14.204+0000] {logging_mixin.py:190} INFO - [2025-03-22T09:16:14.204+0000] {dag.py:3239} INFO - Sync 2 DAGs
[2025-03-22T09:16:14.228+0000] {logging_mixin.py:190} INFO - [2025-03-22T09:16:14.228+0000] {dag.py:4180} INFO - Setting next_dagrun for read_dataset_event to 2025-03-21 00:00:00+00:00, run_after=2025-03-22 00:00:00+00:00
[2025-03-22T09:16:14.233+0000] {logging_mixin.py:190} INFO - [2025-03-22T09:16:14.233+0000] {dag.py:4180} INFO - Setting next_dagrun for read_dataset_event_from_classic to 2025-03-21 00:00:00+00:00, run_after=2025-03-22 00:00:00+00:00
[2025-03-22T09:16:14.248+0000] {processor.py:208} INFO - Processing /home/airflow/.local/lib/python3.12/site-packages/airflow/example_dags/example_inlet_event_extra.py took 0.760 seconds
[2025-03-22T09:16:45.815+0000] {processor.py:186} INFO - Started process (PID=2436) to work on /home/airflow/.local/lib/python3.12/site-packages/airflow/example_dags/example_inlet_event_extra.py
[2025-03-22T09:16:45.816+0000] {processor.py:914} INFO - Processing file /home/airflow/.local/lib/python3.12/site-packages/airflow/example_dags/example_inlet_event_extra.py for tasks to queue
[2025-03-22T09:16:45.819+0000] {logging_mixin.py:190} INFO - [2025-03-22T09:16:45.818+0000] {dagbag.py:588} INFO - Filling up the DagBag from /home/airflow/.local/lib/python3.12/site-packages/airflow/example_dags/example_inlet_event_extra.py
[2025-03-22T09:16:46.513+0000] {processor.py:925} INFO - DAG(s) 'read_dataset_event_from_classic', 'read_dataset_event' retrieved from /home/airflow/.local/lib/python3.12/site-packages/airflow/example_dags/example_inlet_event_extra.py
[2025-03-22T09:16:46.536+0000] {logging_mixin.py:190} INFO - [2025-03-22T09:16:46.536+0000] {dag.py:3239} INFO - Sync 2 DAGs
[2025-03-22T09:16:46.569+0000] {logging_mixin.py:190} INFO - [2025-03-22T09:16:46.568+0000] {dag.py:4180} INFO - Setting next_dagrun for read_dataset_event to 2025-03-21 00:00:00+00:00, run_after=2025-03-22 00:00:00+00:00
[2025-03-22T09:16:46.575+0000] {logging_mixin.py:190} INFO - [2025-03-22T09:16:46.574+0000] {dag.py:4180} INFO - Setting next_dagrun for read_dataset_event_from_classic to 2025-03-21 00:00:00+00:00, run_after=2025-03-22 00:00:00+00:00
[2025-03-22T09:16:46.593+0000] {processor.py:208} INFO - Processing /home/airflow/.local/lib/python3.12/site-packages/airflow/example_dags/example_inlet_event_extra.py took 0.785 seconds
[2025-03-22T09:17:16.940+0000] {processor.py:186} INFO - Started process (PID=2506) to work on /home/airflow/.local/lib/python3.12/site-packages/airflow/example_dags/example_inlet_event_extra.py
[2025-03-22T09:17:16.941+0000] {processor.py:914} INFO - Processing file /home/airflow/.local/lib/python3.12/site-packages/airflow/example_dags/example_inlet_event_extra.py for tasks to queue
[2025-03-22T09:17:16.943+0000] {logging_mixin.py:190} INFO - [2025-03-22T09:17:16.943+0000] {dagbag.py:588} INFO - Filling up the DagBag from /home/airflow/.local/lib/python3.12/site-packages/airflow/example_dags/example_inlet_event_extra.py
[2025-03-22T09:17:17.593+0000] {processor.py:925} INFO - DAG(s) 'read_dataset_event', 'read_dataset_event_from_classic' retrieved from /home/airflow/.local/lib/python3.12/site-packages/airflow/example_dags/example_inlet_event_extra.py
[2025-03-22T09:17:17.616+0000] {logging_mixin.py:190} INFO - [2025-03-22T09:17:17.616+0000] {dag.py:3239} INFO - Sync 2 DAGs
[2025-03-22T09:17:17.647+0000] {logging_mixin.py:190} INFO - [2025-03-22T09:17:17.647+0000] {dag.py:4180} INFO - Setting next_dagrun for read_dataset_event to 2025-03-21 00:00:00+00:00, run_after=2025-03-22 00:00:00+00:00
[2025-03-22T09:17:17.653+0000] {logging_mixin.py:190} INFO - [2025-03-22T09:17:17.653+0000] {dag.py:4180} INFO - Setting next_dagrun for read_dataset_event_from_classic to 2025-03-21 00:00:00+00:00, run_after=2025-03-22 00:00:00+00:00
[2025-03-22T09:17:17.671+0000] {processor.py:208} INFO - Processing /home/airflow/.local/lib/python3.12/site-packages/airflow/example_dags/example_inlet_event_extra.py took 0.736 seconds
[2025-03-22T09:17:47.718+0000] {processor.py:186} INFO - Started process (PID=2570) to work on /home/airflow/.local/lib/python3.12/site-packages/airflow/example_dags/example_inlet_event_extra.py
[2025-03-22T09:17:47.719+0000] {processor.py:914} INFO - Processing file /home/airflow/.local/lib/python3.12/site-packages/airflow/example_dags/example_inlet_event_extra.py for tasks to queue
[2025-03-22T09:17:47.720+0000] {logging_mixin.py:190} INFO - [2025-03-22T09:17:47.720+0000] {dagbag.py:588} INFO - Filling up the DagBag from /home/airflow/.local/lib/python3.12/site-packages/airflow/example_dags/example_inlet_event_extra.py
[2025-03-22T09:17:48.287+0000] {processor.py:925} INFO - DAG(s) 'read_dataset_event_from_classic', 'read_dataset_event' retrieved from /home/airflow/.local/lib/python3.12/site-packages/airflow/example_dags/example_inlet_event_extra.py
[2025-03-22T09:17:48.311+0000] {logging_mixin.py:190} INFO - [2025-03-22T09:17:48.311+0000] {dag.py:3239} INFO - Sync 2 DAGs
[2025-03-22T09:17:48.339+0000] {logging_mixin.py:190} INFO - [2025-03-22T09:17:48.338+0000] {dag.py:4180} INFO - Setting next_dagrun for read_dataset_event to 2025-03-21 00:00:00+00:00, run_after=2025-03-22 00:00:00+00:00
[2025-03-22T09:17:48.344+0000] {logging_mixin.py:190} INFO - [2025-03-22T09:17:48.344+0000] {dag.py:4180} INFO - Setting next_dagrun for read_dataset_event_from_classic to 2025-03-21 00:00:00+00:00, run_after=2025-03-22 00:00:00+00:00
[2025-03-22T09:17:48.357+0000] {processor.py:208} INFO - Processing /home/airflow/.local/lib/python3.12/site-packages/airflow/example_dags/example_inlet_event_extra.py took 0.644 seconds
[2025-03-22T09:18:18.461+0000] {processor.py:186} INFO - Started process (PID=2635) to work on /home/airflow/.local/lib/python3.12/site-packages/airflow/example_dags/example_inlet_event_extra.py
[2025-03-22T09:18:18.463+0000] {processor.py:914} INFO - Processing file /home/airflow/.local/lib/python3.12/site-packages/airflow/example_dags/example_inlet_event_extra.py for tasks to queue
[2025-03-22T09:18:18.464+0000] {logging_mixin.py:190} INFO - [2025-03-22T09:18:18.464+0000] {dagbag.py:588} INFO - Filling up the DagBag from /home/airflow/.local/lib/python3.12/site-packages/airflow/example_dags/example_inlet_event_extra.py
[2025-03-22T09:18:19.114+0000] {processor.py:925} INFO - DAG(s) 'read_dataset_event_from_classic', 'read_dataset_event' retrieved from /home/airflow/.local/lib/python3.12/site-packages/airflow/example_dags/example_inlet_event_extra.py
[2025-03-22T09:18:19.136+0000] {logging_mixin.py:190} INFO - [2025-03-22T09:18:19.136+0000] {dag.py:3239} INFO - Sync 2 DAGs
[2025-03-22T09:18:19.161+0000] {logging_mixin.py:190} INFO - [2025-03-22T09:18:19.161+0000] {dag.py:4180} INFO - Setting next_dagrun for read_dataset_event to 2025-03-21 00:00:00+00:00, run_after=2025-03-22 00:00:00+00:00
[2025-03-22T09:18:19.166+0000] {logging_mixin.py:190} INFO - [2025-03-22T09:18:19.166+0000] {dag.py:4180} INFO - Setting next_dagrun for read_dataset_event_from_classic to 2025-03-21 00:00:00+00:00, run_after=2025-03-22 00:00:00+00:00
[2025-03-22T09:18:19.183+0000] {processor.py:208} INFO - Processing /home/airflow/.local/lib/python3.12/site-packages/airflow/example_dags/example_inlet_event_extra.py took 0.728 seconds
[2025-03-22T09:18:50.882+0000] {processor.py:186} INFO - Started process (PID=2716) to work on /home/airflow/.local/lib/python3.12/site-packages/airflow/example_dags/example_inlet_event_extra.py
[2025-03-22T09:18:50.882+0000] {processor.py:914} INFO - Processing file /home/airflow/.local/lib/python3.12/site-packages/airflow/example_dags/example_inlet_event_extra.py for tasks to queue
[2025-03-22T09:18:50.884+0000] {logging_mixin.py:190} INFO - [2025-03-22T09:18:50.883+0000] {dagbag.py:588} INFO - Filling up the DagBag from /home/airflow/.local/lib/python3.12/site-packages/airflow/example_dags/example_inlet_event_extra.py
[2025-03-22T09:18:51.594+0000] {processor.py:925} INFO - DAG(s) 'read_dataset_event', 'read_dataset_event_from_classic' retrieved from /home/airflow/.local/lib/python3.12/site-packages/airflow/example_dags/example_inlet_event_extra.py
[2025-03-22T09:18:51.617+0000] {logging_mixin.py:190} INFO - [2025-03-22T09:18:51.617+0000] {dag.py:3239} INFO - Sync 2 DAGs
[2025-03-22T09:18:51.646+0000] {logging_mixin.py:190} INFO - [2025-03-22T09:18:51.645+0000] {dag.py:4180} INFO - Setting next_dagrun for read_dataset_event to 2025-03-21 00:00:00+00:00, run_after=2025-03-22 00:00:00+00:00
[2025-03-22T09:18:51.652+0000] {logging_mixin.py:190} INFO - [2025-03-22T09:18:51.652+0000] {dag.py:4180} INFO - Setting next_dagrun for read_dataset_event_from_classic to 2025-03-21 00:00:00+00:00, run_after=2025-03-22 00:00:00+00:00
[2025-03-22T09:18:51.671+0000] {processor.py:208} INFO - Processing /home/airflow/.local/lib/python3.12/site-packages/airflow/example_dags/example_inlet_event_extra.py took 0.795 seconds
[2025-03-22T09:19:21.776+0000] {processor.py:186} INFO - Started process (PID=2783) to work on /home/airflow/.local/lib/python3.12/site-packages/airflow/example_dags/example_inlet_event_extra.py
[2025-03-22T09:19:21.778+0000] {processor.py:914} INFO - Processing file /home/airflow/.local/lib/python3.12/site-packages/airflow/example_dags/example_inlet_event_extra.py for tasks to queue
[2025-03-22T09:19:21.779+0000] {logging_mixin.py:190} INFO - [2025-03-22T09:19:21.779+0000] {dagbag.py:588} INFO - Filling up the DagBag from /home/airflow/.local/lib/python3.12/site-packages/airflow/example_dags/example_inlet_event_extra.py
[2025-03-22T09:19:22.553+0000] {processor.py:925} INFO - DAG(s) 'read_dataset_event_from_classic', 'read_dataset_event' retrieved from /home/airflow/.local/lib/python3.12/site-packages/airflow/example_dags/example_inlet_event_extra.py
[2025-03-22T09:19:22.604+0000] {logging_mixin.py:190} INFO - [2025-03-22T09:19:22.603+0000] {dag.py:3239} INFO - Sync 2 DAGs
[2025-03-22T09:19:22.637+0000] {logging_mixin.py:190} INFO - [2025-03-22T09:19:22.637+0000] {dag.py:4180} INFO - Setting next_dagrun for read_dataset_event to 2025-03-21 00:00:00+00:00, run_after=2025-03-22 00:00:00+00:00
[2025-03-22T09:19:22.645+0000] {logging_mixin.py:190} INFO - [2025-03-22T09:19:22.645+0000] {dag.py:4180} INFO - Setting next_dagrun for read_dataset_event_from_classic to 2025-03-21 00:00:00+00:00, run_after=2025-03-22 00:00:00+00:00
[2025-03-22T09:19:22.671+0000] {processor.py:208} INFO - Processing /home/airflow/.local/lib/python3.12/site-packages/airflow/example_dags/example_inlet_event_extra.py took 0.901 seconds
[2025-03-22T09:19:52.840+0000] {processor.py:186} INFO - Started process (PID=2847) to work on /home/airflow/.local/lib/python3.12/site-packages/airflow/example_dags/example_inlet_event_extra.py
[2025-03-22T09:19:52.841+0000] {processor.py:914} INFO - Processing file /home/airflow/.local/lib/python3.12/site-packages/airflow/example_dags/example_inlet_event_extra.py for tasks to queue
[2025-03-22T09:19:52.843+0000] {logging_mixin.py:190} INFO - [2025-03-22T09:19:52.842+0000] {dagbag.py:588} INFO - Filling up the DagBag from /home/airflow/.local/lib/python3.12/site-packages/airflow/example_dags/example_inlet_event_extra.py
[2025-03-22T09:19:53.488+0000] {processor.py:925} INFO - DAG(s) 'read_dataset_event_from_classic', 'read_dataset_event' retrieved from /home/airflow/.local/lib/python3.12/site-packages/airflow/example_dags/example_inlet_event_extra.py
[2025-03-22T09:19:53.513+0000] {logging_mixin.py:190} INFO - [2025-03-22T09:19:53.512+0000] {dag.py:3239} INFO - Sync 2 DAGs
[2025-03-22T09:19:53.539+0000] {logging_mixin.py:190} INFO - [2025-03-22T09:19:53.539+0000] {dag.py:4180} INFO - Setting next_dagrun for read_dataset_event to 2025-03-21 00:00:00+00:00, run_after=2025-03-22 00:00:00+00:00
[2025-03-22T09:19:53.545+0000] {logging_mixin.py:190} INFO - [2025-03-22T09:19:53.545+0000] {dag.py:4180} INFO - Setting next_dagrun for read_dataset_event_from_classic to 2025-03-21 00:00:00+00:00, run_after=2025-03-22 00:00:00+00:00
[2025-03-22T09:19:53.563+0000] {processor.py:208} INFO - Processing /home/airflow/.local/lib/python3.12/site-packages/airflow/example_dags/example_inlet_event_extra.py took 0.728 seconds
[2025-03-22T09:20:24.005+0000] {processor.py:186} INFO - Started process (PID=2911) to work on /home/airflow/.local/lib/python3.12/site-packages/airflow/example_dags/example_inlet_event_extra.py
[2025-03-22T09:20:24.006+0000] {processor.py:914} INFO - Processing file /home/airflow/.local/lib/python3.12/site-packages/airflow/example_dags/example_inlet_event_extra.py for tasks to queue
[2025-03-22T09:20:24.008+0000] {logging_mixin.py:190} INFO - [2025-03-22T09:20:24.007+0000] {dagbag.py:588} INFO - Filling up the DagBag from /home/airflow/.local/lib/python3.12/site-packages/airflow/example_dags/example_inlet_event_extra.py
[2025-03-22T09:20:24.679+0000] {processor.py:925} INFO - DAG(s) 'read_dataset_event_from_classic', 'read_dataset_event' retrieved from /home/airflow/.local/lib/python3.12/site-packages/airflow/example_dags/example_inlet_event_extra.py
[2025-03-22T09:20:24.702+0000] {logging_mixin.py:190} INFO - [2025-03-22T09:20:24.701+0000] {dag.py:3239} INFO - Sync 2 DAGs
[2025-03-22T09:20:24.726+0000] {logging_mixin.py:190} INFO - [2025-03-22T09:20:24.726+0000] {dag.py:4180} INFO - Setting next_dagrun for read_dataset_event to 2025-03-21 00:00:00+00:00, run_after=2025-03-22 00:00:00+00:00
[2025-03-22T09:20:24.733+0000] {logging_mixin.py:190} INFO - [2025-03-22T09:20:24.732+0000] {dag.py:4180} INFO - Setting next_dagrun for read_dataset_event_from_classic to 2025-03-21 00:00:00+00:00, run_after=2025-03-22 00:00:00+00:00
[2025-03-22T09:20:24.748+0000] {processor.py:208} INFO - Processing /home/airflow/.local/lib/python3.12/site-packages/airflow/example_dags/example_inlet_event_extra.py took 0.750 seconds
[2025-03-22T09:20:55.218+0000] {processor.py:186} INFO - Started process (PID=2975) to work on /home/airflow/.local/lib/python3.12/site-packages/airflow/example_dags/example_inlet_event_extra.py
[2025-03-22T09:20:55.219+0000] {processor.py:914} INFO - Processing file /home/airflow/.local/lib/python3.12/site-packages/airflow/example_dags/example_inlet_event_extra.py for tasks to queue
[2025-03-22T09:20:55.220+0000] {logging_mixin.py:190} INFO - [2025-03-22T09:20:55.220+0000] {dagbag.py:588} INFO - Filling up the DagBag from /home/airflow/.local/lib/python3.12/site-packages/airflow/example_dags/example_inlet_event_extra.py
[2025-03-22T09:20:55.891+0000] {processor.py:925} INFO - DAG(s) 'read_dataset_event', 'read_dataset_event_from_classic' retrieved from /home/airflow/.local/lib/python3.12/site-packages/airflow/example_dags/example_inlet_event_extra.py
[2025-03-22T09:20:55.921+0000] {logging_mixin.py:190} INFO - [2025-03-22T09:20:55.921+0000] {dag.py:3239} INFO - Sync 2 DAGs
[2025-03-22T09:20:55.959+0000] {logging_mixin.py:190} INFO - [2025-03-22T09:20:55.959+0000] {dag.py:4180} INFO - Setting next_dagrun for read_dataset_event to 2025-03-21 00:00:00+00:00, run_after=2025-03-22 00:00:00+00:00
[2025-03-22T09:20:55.968+0000] {logging_mixin.py:190} INFO - [2025-03-22T09:20:55.968+0000] {dag.py:4180} INFO - Setting next_dagrun for read_dataset_event_from_classic to 2025-03-21 00:00:00+00:00, run_after=2025-03-22 00:00:00+00:00
[2025-03-22T09:20:55.994+0000] {processor.py:208} INFO - Processing /home/airflow/.local/lib/python3.12/site-packages/airflow/example_dags/example_inlet_event_extra.py took 0.781 seconds
[2025-03-22T09:21:26.752+0000] {processor.py:186} INFO - Started process (PID=3039) to work on /home/airflow/.local/lib/python3.12/site-packages/airflow/example_dags/example_inlet_event_extra.py
[2025-03-22T09:21:26.753+0000] {processor.py:914} INFO - Processing file /home/airflow/.local/lib/python3.12/site-packages/airflow/example_dags/example_inlet_event_extra.py for tasks to queue
[2025-03-22T09:21:26.754+0000] {logging_mixin.py:190} INFO - [2025-03-22T09:21:26.753+0000] {dagbag.py:588} INFO - Filling up the DagBag from /home/airflow/.local/lib/python3.12/site-packages/airflow/example_dags/example_inlet_event_extra.py
[2025-03-22T09:21:27.423+0000] {processor.py:925} INFO - DAG(s) 'read_dataset_event_from_classic', 'read_dataset_event' retrieved from /home/airflow/.local/lib/python3.12/site-packages/airflow/example_dags/example_inlet_event_extra.py
[2025-03-22T09:21:27.449+0000] {logging_mixin.py:190} INFO - [2025-03-22T09:21:27.448+0000] {dag.py:3239} INFO - Sync 2 DAGs
[2025-03-22T09:21:27.481+0000] {logging_mixin.py:190} INFO - [2025-03-22T09:21:27.480+0000] {dag.py:4180} INFO - Setting next_dagrun for read_dataset_event to 2025-03-21 00:00:00+00:00, run_after=2025-03-22 00:00:00+00:00
[2025-03-22T09:21:27.488+0000] {logging_mixin.py:190} INFO - [2025-03-22T09:21:27.488+0000] {dag.py:4180} INFO - Setting next_dagrun for read_dataset_event_from_classic to 2025-03-21 00:00:00+00:00, run_after=2025-03-22 00:00:00+00:00
[2025-03-22T09:21:27.509+0000] {processor.py:208} INFO - Processing /home/airflow/.local/lib/python3.12/site-packages/airflow/example_dags/example_inlet_event_extra.py took 0.762 seconds
[2025-03-22T09:21:57.600+0000] {processor.py:186} INFO - Started process (PID=3102) to work on /home/airflow/.local/lib/python3.12/site-packages/airflow/example_dags/example_inlet_event_extra.py
[2025-03-22T09:21:57.601+0000] {processor.py:914} INFO - Processing file /home/airflow/.local/lib/python3.12/site-packages/airflow/example_dags/example_inlet_event_extra.py for tasks to queue
[2025-03-22T09:21:57.603+0000] {logging_mixin.py:190} INFO - [2025-03-22T09:21:57.602+0000] {dagbag.py:588} INFO - Filling up the DagBag from /home/airflow/.local/lib/python3.12/site-packages/airflow/example_dags/example_inlet_event_extra.py
[2025-03-22T09:21:58.335+0000] {processor.py:925} INFO - DAG(s) 'read_dataset_event_from_classic', 'read_dataset_event' retrieved from /home/airflow/.local/lib/python3.12/site-packages/airflow/example_dags/example_inlet_event_extra.py
[2025-03-22T09:21:58.357+0000] {logging_mixin.py:190} INFO - [2025-03-22T09:21:58.357+0000] {dag.py:3239} INFO - Sync 2 DAGs
[2025-03-22T09:21:58.385+0000] {logging_mixin.py:190} INFO - [2025-03-22T09:21:58.385+0000] {dag.py:4180} INFO - Setting next_dagrun for read_dataset_event to 2025-03-21 00:00:00+00:00, run_after=2025-03-22 00:00:00+00:00
[2025-03-22T09:21:58.390+0000] {logging_mixin.py:190} INFO - [2025-03-22T09:21:58.390+0000] {dag.py:4180} INFO - Setting next_dagrun for read_dataset_event_from_classic to 2025-03-21 00:00:00+00:00, run_after=2025-03-22 00:00:00+00:00
[2025-03-22T09:21:58.408+0000] {processor.py:208} INFO - Processing /home/airflow/.local/lib/python3.12/site-packages/airflow/example_dags/example_inlet_event_extra.py took 0.816 seconds
[2025-03-22T09:22:29.357+0000] {processor.py:186} INFO - Started process (PID=3167) to work on /home/airflow/.local/lib/python3.12/site-packages/airflow/example_dags/example_inlet_event_extra.py
[2025-03-22T09:22:29.358+0000] {processor.py:914} INFO - Processing file /home/airflow/.local/lib/python3.12/site-packages/airflow/example_dags/example_inlet_event_extra.py for tasks to queue
[2025-03-22T09:22:29.360+0000] {logging_mixin.py:190} INFO - [2025-03-22T09:22:29.359+0000] {dagbag.py:588} INFO - Filling up the DagBag from /home/airflow/.local/lib/python3.12/site-packages/airflow/example_dags/example_inlet_event_extra.py
[2025-03-22T09:22:30.090+0000] {processor.py:925} INFO - DAG(s) 'read_dataset_event_from_classic', 'read_dataset_event' retrieved from /home/airflow/.local/lib/python3.12/site-packages/airflow/example_dags/example_inlet_event_extra.py
[2025-03-22T09:22:30.116+0000] {logging_mixin.py:190} INFO - [2025-03-22T09:22:30.116+0000] {dag.py:3239} INFO - Sync 2 DAGs
[2025-03-22T09:22:30.147+0000] {logging_mixin.py:190} INFO - [2025-03-22T09:22:30.147+0000] {dag.py:4180} INFO - Setting next_dagrun for read_dataset_event to 2025-03-21 00:00:00+00:00, run_after=2025-03-22 00:00:00+00:00
[2025-03-22T09:22:30.154+0000] {logging_mixin.py:190} INFO - [2025-03-22T09:22:30.154+0000] {dag.py:4180} INFO - Setting next_dagrun for read_dataset_event_from_classic to 2025-03-21 00:00:00+00:00, run_after=2025-03-22 00:00:00+00:00
[2025-03-22T09:22:30.177+0000] {processor.py:208} INFO - Processing /home/airflow/.local/lib/python3.12/site-packages/airflow/example_dags/example_inlet_event_extra.py took 0.829 seconds
[2025-03-22T09:23:00.570+0000] {processor.py:186} INFO - Started process (PID=3232) to work on /home/airflow/.local/lib/python3.12/site-packages/airflow/example_dags/example_inlet_event_extra.py
[2025-03-22T09:23:00.571+0000] {processor.py:914} INFO - Processing file /home/airflow/.local/lib/python3.12/site-packages/airflow/example_dags/example_inlet_event_extra.py for tasks to queue
[2025-03-22T09:23:00.573+0000] {logging_mixin.py:190} INFO - [2025-03-22T09:23:00.572+0000] {dagbag.py:588} INFO - Filling up the DagBag from /home/airflow/.local/lib/python3.12/site-packages/airflow/example_dags/example_inlet_event_extra.py
[2025-03-22T09:23:01.228+0000] {processor.py:925} INFO - DAG(s) 'read_dataset_event_from_classic', 'read_dataset_event' retrieved from /home/airflow/.local/lib/python3.12/site-packages/airflow/example_dags/example_inlet_event_extra.py
[2025-03-22T09:23:01.249+0000] {logging_mixin.py:190} INFO - [2025-03-22T09:23:01.249+0000] {dag.py:3239} INFO - Sync 2 DAGs
[2025-03-22T09:23:01.273+0000] {logging_mixin.py:190} INFO - [2025-03-22T09:23:01.273+0000] {dag.py:4180} INFO - Setting next_dagrun for read_dataset_event to 2025-03-21 00:00:00+00:00, run_after=2025-03-22 00:00:00+00:00
[2025-03-22T09:23:01.278+0000] {logging_mixin.py:190} INFO - [2025-03-22T09:23:01.278+0000] {dag.py:4180} INFO - Setting next_dagrun for read_dataset_event_from_classic to 2025-03-21 00:00:00+00:00, run_after=2025-03-22 00:00:00+00:00
[2025-03-22T09:23:01.295+0000] {processor.py:208} INFO - Processing /home/airflow/.local/lib/python3.12/site-packages/airflow/example_dags/example_inlet_event_extra.py took 0.732 seconds
[2025-03-22T09:23:31.711+0000] {processor.py:186} INFO - Started process (PID=3296) to work on /home/airflow/.local/lib/python3.12/site-packages/airflow/example_dags/example_inlet_event_extra.py
[2025-03-22T09:23:31.724+0000] {processor.py:914} INFO - Processing file /home/airflow/.local/lib/python3.12/site-packages/airflow/example_dags/example_inlet_event_extra.py for tasks to queue
[2025-03-22T09:23:31.727+0000] {logging_mixin.py:190} INFO - [2025-03-22T09:23:31.726+0000] {dagbag.py:588} INFO - Filling up the DagBag from /home/airflow/.local/lib/python3.12/site-packages/airflow/example_dags/example_inlet_event_extra.py
[2025-03-22T09:23:32.518+0000] {processor.py:925} INFO - DAG(s) 'read_dataset_event_from_classic', 'read_dataset_event' retrieved from /home/airflow/.local/lib/python3.12/site-packages/airflow/example_dags/example_inlet_event_extra.py
[2025-03-22T09:23:32.544+0000] {logging_mixin.py:190} INFO - [2025-03-22T09:23:32.543+0000] {dag.py:3239} INFO - Sync 2 DAGs
[2025-03-22T09:23:32.578+0000] {logging_mixin.py:190} INFO - [2025-03-22T09:23:32.578+0000] {dag.py:4180} INFO - Setting next_dagrun for read_dataset_event to 2025-03-21 00:00:00+00:00, run_after=2025-03-22 00:00:00+00:00
[2025-03-22T09:23:32.584+0000] {logging_mixin.py:190} INFO - [2025-03-22T09:23:32.584+0000] {dag.py:4180} INFO - Setting next_dagrun for read_dataset_event_from_classic to 2025-03-21 00:00:00+00:00, run_after=2025-03-22 00:00:00+00:00
[2025-03-22T09:23:32.604+0000] {processor.py:208} INFO - Processing /home/airflow/.local/lib/python3.12/site-packages/airflow/example_dags/example_inlet_event_extra.py took 0.911 seconds
[2025-03-22T09:24:02.770+0000] {processor.py:186} INFO - Started process (PID=3359) to work on /home/airflow/.local/lib/python3.12/site-packages/airflow/example_dags/example_inlet_event_extra.py
[2025-03-22T09:24:02.771+0000] {processor.py:914} INFO - Processing file /home/airflow/.local/lib/python3.12/site-packages/airflow/example_dags/example_inlet_event_extra.py for tasks to queue
[2025-03-22T09:24:02.773+0000] {logging_mixin.py:190} INFO - [2025-03-22T09:24:02.773+0000] {dagbag.py:588} INFO - Filling up the DagBag from /home/airflow/.local/lib/python3.12/site-packages/airflow/example_dags/example_inlet_event_extra.py
[2025-03-22T09:24:03.492+0000] {processor.py:925} INFO - DAG(s) 'read_dataset_event_from_classic', 'read_dataset_event' retrieved from /home/airflow/.local/lib/python3.12/site-packages/airflow/example_dags/example_inlet_event_extra.py
[2025-03-22T09:24:03.512+0000] {logging_mixin.py:190} INFO - [2025-03-22T09:24:03.512+0000] {dag.py:3239} INFO - Sync 2 DAGs
[2025-03-22T09:24:03.540+0000] {logging_mixin.py:190} INFO - [2025-03-22T09:24:03.540+0000] {dag.py:4180} INFO - Setting next_dagrun for read_dataset_event to 2025-03-21 00:00:00+00:00, run_after=2025-03-22 00:00:00+00:00
[2025-03-22T09:24:03.545+0000] {logging_mixin.py:190} INFO - [2025-03-22T09:24:03.545+0000] {dag.py:4180} INFO - Setting next_dagrun for read_dataset_event_from_classic to 2025-03-21 00:00:00+00:00, run_after=2025-03-22 00:00:00+00:00
[2025-03-22T09:24:03.561+0000] {processor.py:208} INFO - Processing /home/airflow/.local/lib/python3.12/site-packages/airflow/example_dags/example_inlet_event_extra.py took 0.804 seconds
[2025-03-22T09:24:33.727+0000] {processor.py:186} INFO - Started process (PID=3423) to work on /home/airflow/.local/lib/python3.12/site-packages/airflow/example_dags/example_inlet_event_extra.py
[2025-03-22T09:24:33.728+0000] {processor.py:914} INFO - Processing file /home/airflow/.local/lib/python3.12/site-packages/airflow/example_dags/example_inlet_event_extra.py for tasks to queue
[2025-03-22T09:24:33.730+0000] {logging_mixin.py:190} INFO - [2025-03-22T09:24:33.730+0000] {dagbag.py:588} INFO - Filling up the DagBag from /home/airflow/.local/lib/python3.12/site-packages/airflow/example_dags/example_inlet_event_extra.py
[2025-03-22T09:24:34.499+0000] {processor.py:925} INFO - DAG(s) 'read_dataset_event_from_classic', 'read_dataset_event' retrieved from /home/airflow/.local/lib/python3.12/site-packages/airflow/example_dags/example_inlet_event_extra.py
[2025-03-22T09:24:34.536+0000] {logging_mixin.py:190} INFO - [2025-03-22T09:24:34.536+0000] {dag.py:3239} INFO - Sync 2 DAGs
[2025-03-22T09:24:34.588+0000] {logging_mixin.py:190} INFO - [2025-03-22T09:24:34.588+0000] {dag.py:4180} INFO - Setting next_dagrun for read_dataset_event to 2025-03-21 00:00:00+00:00, run_after=2025-03-22 00:00:00+00:00
[2025-03-22T09:24:34.597+0000] {logging_mixin.py:190} INFO - [2025-03-22T09:24:34.596+0000] {dag.py:4180} INFO - Setting next_dagrun for read_dataset_event_from_classic to 2025-03-21 00:00:00+00:00, run_after=2025-03-22 00:00:00+00:00
[2025-03-22T09:24:34.615+0000] {processor.py:208} INFO - Processing /home/airflow/.local/lib/python3.12/site-packages/airflow/example_dags/example_inlet_event_extra.py took 0.896 seconds
[2025-03-22T09:25:05.169+0000] {processor.py:186} INFO - Started process (PID=3490) to work on /home/airflow/.local/lib/python3.12/site-packages/airflow/example_dags/example_inlet_event_extra.py
[2025-03-22T09:25:05.170+0000] {processor.py:914} INFO - Processing file /home/airflow/.local/lib/python3.12/site-packages/airflow/example_dags/example_inlet_event_extra.py for tasks to queue
[2025-03-22T09:25:05.171+0000] {logging_mixin.py:190} INFO - [2025-03-22T09:25:05.171+0000] {dagbag.py:588} INFO - Filling up the DagBag from /home/airflow/.local/lib/python3.12/site-packages/airflow/example_dags/example_inlet_event_extra.py
[2025-03-22T09:25:05.798+0000] {processor.py:925} INFO - DAG(s) 'read_dataset_event_from_classic', 'read_dataset_event' retrieved from /home/airflow/.local/lib/python3.12/site-packages/airflow/example_dags/example_inlet_event_extra.py
[2025-03-22T09:25:05.819+0000] {logging_mixin.py:190} INFO - [2025-03-22T09:25:05.819+0000] {dag.py:3239} INFO - Sync 2 DAGs
[2025-03-22T09:25:05.849+0000] {logging_mixin.py:190} INFO - [2025-03-22T09:25:05.849+0000] {dag.py:4180} INFO - Setting next_dagrun for read_dataset_event to 2025-03-21 00:00:00+00:00, run_after=2025-03-22 00:00:00+00:00
[2025-03-22T09:25:05.856+0000] {logging_mixin.py:190} INFO - [2025-03-22T09:25:05.856+0000] {dag.py:4180} INFO - Setting next_dagrun for read_dataset_event_from_classic to 2025-03-21 00:00:00+00:00, run_after=2025-03-22 00:00:00+00:00
[2025-03-22T09:25:05.877+0000] {processor.py:208} INFO - Processing /home/airflow/.local/lib/python3.12/site-packages/airflow/example_dags/example_inlet_event_extra.py took 0.713 seconds
[2025-03-22T09:25:36.053+0000] {processor.py:186} INFO - Started process (PID=3554) to work on /home/airflow/.local/lib/python3.12/site-packages/airflow/example_dags/example_inlet_event_extra.py
[2025-03-22T09:25:36.055+0000] {processor.py:914} INFO - Processing file /home/airflow/.local/lib/python3.12/site-packages/airflow/example_dags/example_inlet_event_extra.py for tasks to queue
[2025-03-22T09:25:36.056+0000] {logging_mixin.py:190} INFO - [2025-03-22T09:25:36.056+0000] {dagbag.py:588} INFO - Filling up the DagBag from /home/airflow/.local/lib/python3.12/site-packages/airflow/example_dags/example_inlet_event_extra.py
[2025-03-22T09:25:36.679+0000] {processor.py:925} INFO - DAG(s) 'read_dataset_event_from_classic', 'read_dataset_event' retrieved from /home/airflow/.local/lib/python3.12/site-packages/airflow/example_dags/example_inlet_event_extra.py
[2025-03-22T09:25:36.697+0000] {logging_mixin.py:190} INFO - [2025-03-22T09:25:36.697+0000] {dag.py:3239} INFO - Sync 2 DAGs
[2025-03-22T09:25:36.734+0000] {logging_mixin.py:190} INFO - [2025-03-22T09:25:36.733+0000] {dag.py:4180} INFO - Setting next_dagrun for read_dataset_event to 2025-03-21 00:00:00+00:00, run_after=2025-03-22 00:00:00+00:00
[2025-03-22T09:25:36.741+0000] {logging_mixin.py:190} INFO - [2025-03-22T09:25:36.741+0000] {dag.py:4180} INFO - Setting next_dagrun for read_dataset_event_from_classic to 2025-03-21 00:00:00+00:00, run_after=2025-03-22 00:00:00+00:00
[2025-03-22T09:25:36.764+0000] {processor.py:208} INFO - Processing /home/airflow/.local/lib/python3.12/site-packages/airflow/example_dags/example_inlet_event_extra.py took 0.717 seconds
[2025-03-22T09:26:07.256+0000] {processor.py:186} INFO - Started process (PID=3618) to work on /home/airflow/.local/lib/python3.12/site-packages/airflow/example_dags/example_inlet_event_extra.py
[2025-03-22T09:26:07.257+0000] {processor.py:914} INFO - Processing file /home/airflow/.local/lib/python3.12/site-packages/airflow/example_dags/example_inlet_event_extra.py for tasks to queue
[2025-03-22T09:26:07.258+0000] {logging_mixin.py:190} INFO - [2025-03-22T09:26:07.258+0000] {dagbag.py:588} INFO - Filling up the DagBag from /home/airflow/.local/lib/python3.12/site-packages/airflow/example_dags/example_inlet_event_extra.py
[2025-03-22T09:26:07.826+0000] {processor.py:925} INFO - DAG(s) 'read_dataset_event_from_classic', 'read_dataset_event' retrieved from /home/airflow/.local/lib/python3.12/site-packages/airflow/example_dags/example_inlet_event_extra.py
[2025-03-22T09:26:07.851+0000] {logging_mixin.py:190} INFO - [2025-03-22T09:26:07.851+0000] {dag.py:3239} INFO - Sync 2 DAGs
[2025-03-22T09:26:07.875+0000] {logging_mixin.py:190} INFO - [2025-03-22T09:26:07.875+0000] {dag.py:4180} INFO - Setting next_dagrun for read_dataset_event to 2025-03-21 00:00:00+00:00, run_after=2025-03-22 00:00:00+00:00
[2025-03-22T09:26:07.880+0000] {logging_mixin.py:190} INFO - [2025-03-22T09:26:07.880+0000] {dag.py:4180} INFO - Setting next_dagrun for read_dataset_event_from_classic to 2025-03-21 00:00:00+00:00, run_after=2025-03-22 00:00:00+00:00
[2025-03-22T09:26:07.898+0000] {processor.py:208} INFO - Processing /home/airflow/.local/lib/python3.12/site-packages/airflow/example_dags/example_inlet_event_extra.py took 0.648 seconds
[2025-03-22T09:26:38.223+0000] {processor.py:186} INFO - Started process (PID=3682) to work on /home/airflow/.local/lib/python3.12/site-packages/airflow/example_dags/example_inlet_event_extra.py
[2025-03-22T09:26:38.224+0000] {processor.py:914} INFO - Processing file /home/airflow/.local/lib/python3.12/site-packages/airflow/example_dags/example_inlet_event_extra.py for tasks to queue
[2025-03-22T09:26:38.226+0000] {logging_mixin.py:190} INFO - [2025-03-22T09:26:38.225+0000] {dagbag.py:588} INFO - Filling up the DagBag from /home/airflow/.local/lib/python3.12/site-packages/airflow/example_dags/example_inlet_event_extra.py
[2025-03-22T09:26:38.913+0000] {processor.py:925} INFO - DAG(s) 'read_dataset_event', 'read_dataset_event_from_classic' retrieved from /home/airflow/.local/lib/python3.12/site-packages/airflow/example_dags/example_inlet_event_extra.py
[2025-03-22T09:26:38.931+0000] {logging_mixin.py:190} INFO - [2025-03-22T09:26:38.931+0000] {dag.py:3239} INFO - Sync 2 DAGs
[2025-03-22T09:26:38.957+0000] {logging_mixin.py:190} INFO - [2025-03-22T09:26:38.957+0000] {dag.py:4180} INFO - Setting next_dagrun for read_dataset_event to 2025-03-21 00:00:00+00:00, run_after=2025-03-22 00:00:00+00:00
[2025-03-22T09:26:38.962+0000] {logging_mixin.py:190} INFO - [2025-03-22T09:26:38.962+0000] {dag.py:4180} INFO - Setting next_dagrun for read_dataset_event_from_classic to 2025-03-21 00:00:00+00:00, run_after=2025-03-22 00:00:00+00:00
[2025-03-22T09:26:38.976+0000] {processor.py:208} INFO - Processing /home/airflow/.local/lib/python3.12/site-packages/airflow/example_dags/example_inlet_event_extra.py took 0.759 seconds
[2025-03-22T09:27:09.742+0000] {processor.py:186} INFO - Started process (PID=3746) to work on /home/airflow/.local/lib/python3.12/site-packages/airflow/example_dags/example_inlet_event_extra.py
[2025-03-22T09:27:09.743+0000] {processor.py:914} INFO - Processing file /home/airflow/.local/lib/python3.12/site-packages/airflow/example_dags/example_inlet_event_extra.py for tasks to queue
[2025-03-22T09:27:09.745+0000] {logging_mixin.py:190} INFO - [2025-03-22T09:27:09.744+0000] {dagbag.py:588} INFO - Filling up the DagBag from /home/airflow/.local/lib/python3.12/site-packages/airflow/example_dags/example_inlet_event_extra.py
[2025-03-22T09:27:10.914+0000] {processor.py:925} INFO - DAG(s) 'read_dataset_event_from_classic', 'read_dataset_event' retrieved from /home/airflow/.local/lib/python3.12/site-packages/airflow/example_dags/example_inlet_event_extra.py
[2025-03-22T09:27:10.991+0000] {logging_mixin.py:190} INFO - [2025-03-22T09:27:10.990+0000] {dag.py:3239} INFO - Sync 2 DAGs
[2025-03-22T09:27:11.055+0000] {logging_mixin.py:190} INFO - [2025-03-22T09:27:11.054+0000] {dag.py:4180} INFO - Setting next_dagrun for read_dataset_event to 2025-03-21 00:00:00+00:00, run_after=2025-03-22 00:00:00+00:00
[2025-03-22T09:27:11.067+0000] {logging_mixin.py:190} INFO - [2025-03-22T09:27:11.066+0000] {dag.py:4180} INFO - Setting next_dagrun for read_dataset_event_from_classic to 2025-03-21 00:00:00+00:00, run_after=2025-03-22 00:00:00+00:00
[2025-03-22T09:27:11.095+0000] {processor.py:208} INFO - Processing /home/airflow/.local/lib/python3.12/site-packages/airflow/example_dags/example_inlet_event_extra.py took 1.360 seconds
[2025-03-22T09:27:41.516+0000] {processor.py:186} INFO - Started process (PID=3810) to work on /home/airflow/.local/lib/python3.12/site-packages/airflow/example_dags/example_inlet_event_extra.py
[2025-03-22T09:27:41.518+0000] {processor.py:914} INFO - Processing file /home/airflow/.local/lib/python3.12/site-packages/airflow/example_dags/example_inlet_event_extra.py for tasks to queue
[2025-03-22T09:27:41.520+0000] {logging_mixin.py:190} INFO - [2025-03-22T09:27:41.519+0000] {dagbag.py:588} INFO - Filling up the DagBag from /home/airflow/.local/lib/python3.12/site-packages/airflow/example_dags/example_inlet_event_extra.py
[2025-03-22T09:27:42.612+0000] {processor.py:925} INFO - DAG(s) 'read_dataset_event_from_classic', 'read_dataset_event' retrieved from /home/airflow/.local/lib/python3.12/site-packages/airflow/example_dags/example_inlet_event_extra.py
[2025-03-22T09:27:42.646+0000] {logging_mixin.py:190} INFO - [2025-03-22T09:27:42.645+0000] {dag.py:3239} INFO - Sync 2 DAGs
[2025-03-22T09:27:42.687+0000] {logging_mixin.py:190} INFO - [2025-03-22T09:27:42.687+0000] {dag.py:4180} INFO - Setting next_dagrun for read_dataset_event to 2025-03-21 00:00:00+00:00, run_after=2025-03-22 00:00:00+00:00
[2025-03-22T09:27:42.697+0000] {logging_mixin.py:190} INFO - [2025-03-22T09:27:42.697+0000] {dag.py:4180} INFO - Setting next_dagrun for read_dataset_event_from_classic to 2025-03-21 00:00:00+00:00, run_after=2025-03-22 00:00:00+00:00
[2025-03-22T09:27:42.723+0000] {processor.py:208} INFO - Processing /home/airflow/.local/lib/python3.12/site-packages/airflow/example_dags/example_inlet_event_extra.py took 1.215 seconds
[2025-03-22T09:28:13.773+0000] {processor.py:186} INFO - Started process (PID=3874) to work on /home/airflow/.local/lib/python3.12/site-packages/airflow/example_dags/example_inlet_event_extra.py
[2025-03-22T09:28:13.775+0000] {processor.py:914} INFO - Processing file /home/airflow/.local/lib/python3.12/site-packages/airflow/example_dags/example_inlet_event_extra.py for tasks to queue
[2025-03-22T09:28:13.777+0000] {logging_mixin.py:190} INFO - [2025-03-22T09:28:13.776+0000] {dagbag.py:588} INFO - Filling up the DagBag from /home/airflow/.local/lib/python3.12/site-packages/airflow/example_dags/example_inlet_event_extra.py
[2025-03-22T09:28:14.706+0000] {processor.py:925} INFO - DAG(s) 'read_dataset_event', 'read_dataset_event_from_classic' retrieved from /home/airflow/.local/lib/python3.12/site-packages/airflow/example_dags/example_inlet_event_extra.py
[2025-03-22T09:28:14.733+0000] {logging_mixin.py:190} INFO - [2025-03-22T09:28:14.733+0000] {dag.py:3239} INFO - Sync 2 DAGs
[2025-03-22T09:28:14.767+0000] {logging_mixin.py:190} INFO - [2025-03-22T09:28:14.766+0000] {dag.py:4180} INFO - Setting next_dagrun for read_dataset_event to 2025-03-21 00:00:00+00:00, run_after=2025-03-22 00:00:00+00:00
[2025-03-22T09:28:14.774+0000] {logging_mixin.py:190} INFO - [2025-03-22T09:28:14.774+0000] {dag.py:4180} INFO - Setting next_dagrun for read_dataset_event_from_classic to 2025-03-21 00:00:00+00:00, run_after=2025-03-22 00:00:00+00:00
[2025-03-22T09:28:14.798+0000] {processor.py:208} INFO - Processing /home/airflow/.local/lib/python3.12/site-packages/airflow/example_dags/example_inlet_event_extra.py took 1.034 seconds
