[2025-03-22T08:57:50.682+0000] {processor.py:186} INFO - Started process (PID=94) to work on /home/airflow/.local/lib/python3.12/site-packages/airflow/example_dags/example_bash_operator.py
[2025-03-22T08:57:50.683+0000] {processor.py:914} INFO - Processing file /home/airflow/.local/lib/python3.12/site-packages/airflow/example_dags/example_bash_operator.py for tasks to queue
[2025-03-22T08:57:50.685+0000] {logging_mixin.py:190} INFO - [2025-03-22T08:57:50.685+0000] {dagbag.py:588} INFO - Filling up the DagBag from /home/airflow/.local/lib/python3.12/site-packages/airflow/example_dags/example_bash_operator.py
[2025-03-22T08:57:50.701+0000] {processor.py:925} INFO - DAG(s) 'example_bash_operator' retrieved from /home/airflow/.local/lib/python3.12/site-packages/airflow/example_dags/example_bash_operator.py
[2025-03-22T08:57:50.847+0000] {logging_mixin.py:190} INFO - [2025-03-22T08:57:50.846+0000] {override.py:1912} INFO - Created Permission View: can edit on DAG:example_bash_operator
[2025-03-22T08:57:50.856+0000] {logging_mixin.py:190} INFO - [2025-03-22T08:57:50.856+0000] {override.py:1912} INFO - Created Permission View: can delete on DAG:example_bash_operator
[2025-03-22T08:57:50.864+0000] {logging_mixin.py:190} INFO - [2025-03-22T08:57:50.864+0000] {override.py:1912} INFO - Created Permission View: can read on DAG:example_bash_operator
[2025-03-22T08:57:50.874+0000] {logging_mixin.py:190} INFO - [2025-03-22T08:57:50.874+0000] {override.py:1912} INFO - Created Permission View: can delete on DAG Run:example_bash_operator
[2025-03-22T08:57:50.882+0000] {logging_mixin.py:190} INFO - [2025-03-22T08:57:50.882+0000] {override.py:1912} INFO - Created Permission View: menu access on DAG Run:example_bash_operator
[2025-03-22T08:57:50.889+0000] {logging_mixin.py:190} INFO - [2025-03-22T08:57:50.889+0000] {override.py:1912} INFO - Created Permission View: can create on DAG Run:example_bash_operator
[2025-03-22T08:57:50.897+0000] {logging_mixin.py:190} INFO - [2025-03-22T08:57:50.897+0000] {override.py:1912} INFO - Created Permission View: can read on DAG Run:example_bash_operator
[2025-03-22T08:57:50.898+0000] {logging_mixin.py:190} INFO - [2025-03-22T08:57:50.898+0000] {dag.py:3239} INFO - Sync 1 DAGs
[2025-03-22T08:57:50.912+0000] {logging_mixin.py:190} INFO - [2025-03-22T08:57:50.912+0000] {dag.py:3262} INFO - Creating ORM DAG for example_bash_operator
[2025-03-22T08:57:50.926+0000] {logging_mixin.py:190} INFO - [2025-03-22T08:57:50.926+0000] {dag.py:4180} INFO - Setting next_dagrun for example_bash_operator to 2025-03-21 00:00:00+00:00, run_after=2025-03-22 00:00:00+00:00
[2025-03-22T08:57:50.943+0000] {processor.py:208} INFO - Processing /home/airflow/.local/lib/python3.12/site-packages/airflow/example_dags/example_bash_operator.py took 0.271 seconds
[2025-03-22T08:58:21.531+0000] {processor.py:186} INFO - Started process (PID=157) to work on /home/airflow/.local/lib/python3.12/site-packages/airflow/example_dags/example_bash_operator.py
[2025-03-22T08:58:21.532+0000] {processor.py:914} INFO - Processing file /home/airflow/.local/lib/python3.12/site-packages/airflow/example_dags/example_bash_operator.py for tasks to queue
[2025-03-22T08:58:21.535+0000] {logging_mixin.py:190} INFO - [2025-03-22T08:58:21.535+0000] {dagbag.py:588} INFO - Filling up the DagBag from /home/airflow/.local/lib/python3.12/site-packages/airflow/example_dags/example_bash_operator.py
[2025-03-22T08:58:21.553+0000] {processor.py:925} INFO - DAG(s) 'example_bash_operator' retrieved from /home/airflow/.local/lib/python3.12/site-packages/airflow/example_dags/example_bash_operator.py
[2025-03-22T08:58:21.590+0000] {logging_mixin.py:190} INFO - [2025-03-22T08:58:21.590+0000] {dag.py:3239} INFO - Sync 1 DAGs
[2025-03-22T08:58:21.619+0000] {logging_mixin.py:190} INFO - [2025-03-22T08:58:21.618+0000] {dag.py:4180} INFO - Setting next_dagrun for example_bash_operator to 2025-03-21 00:00:00+00:00, run_after=2025-03-22 00:00:00+00:00
[2025-03-22T08:58:21.638+0000] {processor.py:208} INFO - Processing /home/airflow/.local/lib/python3.12/site-packages/airflow/example_dags/example_bash_operator.py took 0.115 seconds
[2025-03-22T08:58:52.007+0000] {processor.py:186} INFO - Started process (PID=220) to work on /home/airflow/.local/lib/python3.12/site-packages/airflow/example_dags/example_bash_operator.py
[2025-03-22T08:58:52.008+0000] {processor.py:914} INFO - Processing file /home/airflow/.local/lib/python3.12/site-packages/airflow/example_dags/example_bash_operator.py for tasks to queue
[2025-03-22T08:58:52.010+0000] {logging_mixin.py:190} INFO - [2025-03-22T08:58:52.010+0000] {dagbag.py:588} INFO - Filling up the DagBag from /home/airflow/.local/lib/python3.12/site-packages/airflow/example_dags/example_bash_operator.py
[2025-03-22T08:58:52.027+0000] {processor.py:925} INFO - DAG(s) 'example_bash_operator' retrieved from /home/airflow/.local/lib/python3.12/site-packages/airflow/example_dags/example_bash_operator.py
[2025-03-22T08:58:52.060+0000] {logging_mixin.py:190} INFO - [2025-03-22T08:58:52.060+0000] {dag.py:3239} INFO - Sync 1 DAGs
[2025-03-22T08:58:52.088+0000] {logging_mixin.py:190} INFO - [2025-03-22T08:58:52.088+0000] {dag.py:4180} INFO - Setting next_dagrun for example_bash_operator to 2025-03-21 00:00:00+00:00, run_after=2025-03-22 00:00:00+00:00
[2025-03-22T08:58:52.107+0000] {processor.py:208} INFO - Processing /home/airflow/.local/lib/python3.12/site-packages/airflow/example_dags/example_bash_operator.py took 0.107 seconds
[2025-03-22T08:59:22.360+0000] {processor.py:186} INFO - Started process (PID=282) to work on /home/airflow/.local/lib/python3.12/site-packages/airflow/example_dags/example_bash_operator.py
[2025-03-22T08:59:22.361+0000] {processor.py:914} INFO - Processing file /home/airflow/.local/lib/python3.12/site-packages/airflow/example_dags/example_bash_operator.py for tasks to queue
[2025-03-22T08:59:22.364+0000] {logging_mixin.py:190} INFO - [2025-03-22T08:59:22.363+0000] {dagbag.py:588} INFO - Filling up the DagBag from /home/airflow/.local/lib/python3.12/site-packages/airflow/example_dags/example_bash_operator.py
[2025-03-22T08:59:22.380+0000] {processor.py:925} INFO - DAG(s) 'example_bash_operator' retrieved from /home/airflow/.local/lib/python3.12/site-packages/airflow/example_dags/example_bash_operator.py
[2025-03-22T08:59:22.420+0000] {logging_mixin.py:190} INFO - [2025-03-22T08:59:22.420+0000] {dag.py:3239} INFO - Sync 1 DAGs
[2025-03-22T08:59:22.449+0000] {logging_mixin.py:190} INFO - [2025-03-22T08:59:22.449+0000] {dag.py:4180} INFO - Setting next_dagrun for example_bash_operator to 2025-03-21 00:00:00+00:00, run_after=2025-03-22 00:00:00+00:00
[2025-03-22T08:59:22.471+0000] {processor.py:208} INFO - Processing /home/airflow/.local/lib/python3.12/site-packages/airflow/example_dags/example_bash_operator.py took 0.116 seconds
[2025-03-22T08:59:52.768+0000] {processor.py:186} INFO - Started process (PID=345) to work on /home/airflow/.local/lib/python3.12/site-packages/airflow/example_dags/example_bash_operator.py
[2025-03-22T08:59:52.769+0000] {processor.py:914} INFO - Processing file /home/airflow/.local/lib/python3.12/site-packages/airflow/example_dags/example_bash_operator.py for tasks to queue
[2025-03-22T08:59:52.772+0000] {logging_mixin.py:190} INFO - [2025-03-22T08:59:52.771+0000] {dagbag.py:588} INFO - Filling up the DagBag from /home/airflow/.local/lib/python3.12/site-packages/airflow/example_dags/example_bash_operator.py
[2025-03-22T08:59:52.788+0000] {processor.py:925} INFO - DAG(s) 'example_bash_operator' retrieved from /home/airflow/.local/lib/python3.12/site-packages/airflow/example_dags/example_bash_operator.py
[2025-03-22T08:59:52.823+0000] {logging_mixin.py:190} INFO - [2025-03-22T08:59:52.823+0000] {dag.py:3239} INFO - Sync 1 DAGs
[2025-03-22T08:59:52.855+0000] {logging_mixin.py:190} INFO - [2025-03-22T08:59:52.855+0000] {dag.py:4180} INFO - Setting next_dagrun for example_bash_operator to 2025-03-21 00:00:00+00:00, run_after=2025-03-22 00:00:00+00:00
[2025-03-22T08:59:52.880+0000] {processor.py:208} INFO - Processing /home/airflow/.local/lib/python3.12/site-packages/airflow/example_dags/example_bash_operator.py took 0.121 seconds
[2025-03-22T09:00:23.422+0000] {processor.py:186} INFO - Started process (PID=408) to work on /home/airflow/.local/lib/python3.12/site-packages/airflow/example_dags/example_bash_operator.py
[2025-03-22T09:00:23.423+0000] {processor.py:914} INFO - Processing file /home/airflow/.local/lib/python3.12/site-packages/airflow/example_dags/example_bash_operator.py for tasks to queue
[2025-03-22T09:00:23.426+0000] {logging_mixin.py:190} INFO - [2025-03-22T09:00:23.425+0000] {dagbag.py:588} INFO - Filling up the DagBag from /home/airflow/.local/lib/python3.12/site-packages/airflow/example_dags/example_bash_operator.py
[2025-03-22T09:00:23.441+0000] {processor.py:925} INFO - DAG(s) 'example_bash_operator' retrieved from /home/airflow/.local/lib/python3.12/site-packages/airflow/example_dags/example_bash_operator.py
[2025-03-22T09:00:23.473+0000] {logging_mixin.py:190} INFO - [2025-03-22T09:00:23.473+0000] {dag.py:3239} INFO - Sync 1 DAGs
[2025-03-22T09:00:23.498+0000] {logging_mixin.py:190} INFO - [2025-03-22T09:00:23.498+0000] {dag.py:4180} INFO - Setting next_dagrun for example_bash_operator to 2025-03-21 00:00:00+00:00, run_after=2025-03-22 00:00:00+00:00
[2025-03-22T09:00:23.520+0000] {processor.py:208} INFO - Processing /home/airflow/.local/lib/python3.12/site-packages/airflow/example_dags/example_bash_operator.py took 0.104 seconds
[2025-03-22T09:00:53.866+0000] {processor.py:186} INFO - Started process (PID=472) to work on /home/airflow/.local/lib/python3.12/site-packages/airflow/example_dags/example_bash_operator.py
[2025-03-22T09:00:53.867+0000] {processor.py:914} INFO - Processing file /home/airflow/.local/lib/python3.12/site-packages/airflow/example_dags/example_bash_operator.py for tasks to queue
[2025-03-22T09:00:53.869+0000] {logging_mixin.py:190} INFO - [2025-03-22T09:00:53.869+0000] {dagbag.py:588} INFO - Filling up the DagBag from /home/airflow/.local/lib/python3.12/site-packages/airflow/example_dags/example_bash_operator.py
[2025-03-22T09:00:53.881+0000] {processor.py:925} INFO - DAG(s) 'example_bash_operator' retrieved from /home/airflow/.local/lib/python3.12/site-packages/airflow/example_dags/example_bash_operator.py
[2025-03-22T09:00:53.908+0000] {logging_mixin.py:190} INFO - [2025-03-22T09:00:53.908+0000] {dag.py:3239} INFO - Sync 1 DAGs
[2025-03-22T09:00:53.936+0000] {logging_mixin.py:190} INFO - [2025-03-22T09:00:53.936+0000] {dag.py:4180} INFO - Setting next_dagrun for example_bash_operator to 2025-03-21 00:00:00+00:00, run_after=2025-03-22 00:00:00+00:00
[2025-03-22T09:00:53.955+0000] {processor.py:208} INFO - Processing /home/airflow/.local/lib/python3.12/site-packages/airflow/example_dags/example_bash_operator.py took 0.096 seconds
[2025-03-22T09:01:24.029+0000] {processor.py:186} INFO - Started process (PID=535) to work on /home/airflow/.local/lib/python3.12/site-packages/airflow/example_dags/example_bash_operator.py
[2025-03-22T09:01:24.029+0000] {processor.py:914} INFO - Processing file /home/airflow/.local/lib/python3.12/site-packages/airflow/example_dags/example_bash_operator.py for tasks to queue
[2025-03-22T09:01:24.031+0000] {logging_mixin.py:190} INFO - [2025-03-22T09:01:24.031+0000] {dagbag.py:588} INFO - Filling up the DagBag from /home/airflow/.local/lib/python3.12/site-packages/airflow/example_dags/example_bash_operator.py
[2025-03-22T09:01:24.045+0000] {processor.py:925} INFO - DAG(s) 'example_bash_operator' retrieved from /home/airflow/.local/lib/python3.12/site-packages/airflow/example_dags/example_bash_operator.py
[2025-03-22T09:01:24.072+0000] {logging_mixin.py:190} INFO - [2025-03-22T09:01:24.071+0000] {dag.py:3239} INFO - Sync 1 DAGs
[2025-03-22T09:01:24.095+0000] {logging_mixin.py:190} INFO - [2025-03-22T09:01:24.095+0000] {dag.py:4180} INFO - Setting next_dagrun for example_bash_operator to 2025-03-21 00:00:00+00:00, run_after=2025-03-22 00:00:00+00:00
[2025-03-22T09:01:24.114+0000] {processor.py:208} INFO - Processing /home/airflow/.local/lib/python3.12/site-packages/airflow/example_dags/example_bash_operator.py took 0.090 seconds
[2025-03-22T09:01:54.946+0000] {processor.py:186} INFO - Started process (PID=598) to work on /home/airflow/.local/lib/python3.12/site-packages/airflow/example_dags/example_bash_operator.py
[2025-03-22T09:01:54.947+0000] {processor.py:914} INFO - Processing file /home/airflow/.local/lib/python3.12/site-packages/airflow/example_dags/example_bash_operator.py for tasks to queue
[2025-03-22T09:01:54.949+0000] {logging_mixin.py:190} INFO - [2025-03-22T09:01:54.948+0000] {dagbag.py:588} INFO - Filling up the DagBag from /home/airflow/.local/lib/python3.12/site-packages/airflow/example_dags/example_bash_operator.py
[2025-03-22T09:01:54.960+0000] {processor.py:925} INFO - DAG(s) 'example_bash_operator' retrieved from /home/airflow/.local/lib/python3.12/site-packages/airflow/example_dags/example_bash_operator.py
[2025-03-22T09:01:54.987+0000] {logging_mixin.py:190} INFO - [2025-03-22T09:01:54.987+0000] {dag.py:3239} INFO - Sync 1 DAGs
[2025-03-22T09:01:55.011+0000] {logging_mixin.py:190} INFO - [2025-03-22T09:01:55.011+0000] {dag.py:4180} INFO - Setting next_dagrun for example_bash_operator to 2025-03-21 00:00:00+00:00, run_after=2025-03-22 00:00:00+00:00
[2025-03-22T09:01:55.027+0000] {processor.py:208} INFO - Processing /home/airflow/.local/lib/python3.12/site-packages/airflow/example_dags/example_bash_operator.py took 0.087 seconds
[2025-03-22T09:02:25.513+0000] {processor.py:186} INFO - Started process (PID=661) to work on /home/airflow/.local/lib/python3.12/site-packages/airflow/example_dags/example_bash_operator.py
[2025-03-22T09:02:25.514+0000] {processor.py:914} INFO - Processing file /home/airflow/.local/lib/python3.12/site-packages/airflow/example_dags/example_bash_operator.py for tasks to queue
[2025-03-22T09:02:25.517+0000] {logging_mixin.py:190} INFO - [2025-03-22T09:02:25.516+0000] {dagbag.py:588} INFO - Filling up the DagBag from /home/airflow/.local/lib/python3.12/site-packages/airflow/example_dags/example_bash_operator.py
[2025-03-22T09:02:25.533+0000] {processor.py:925} INFO - DAG(s) 'example_bash_operator' retrieved from /home/airflow/.local/lib/python3.12/site-packages/airflow/example_dags/example_bash_operator.py
[2025-03-22T09:02:25.569+0000] {logging_mixin.py:190} INFO - [2025-03-22T09:02:25.569+0000] {dag.py:3239} INFO - Sync 1 DAGs
[2025-03-22T09:02:25.598+0000] {logging_mixin.py:190} INFO - [2025-03-22T09:02:25.598+0000] {dag.py:4180} INFO - Setting next_dagrun for example_bash_operator to 2025-03-21 00:00:00+00:00, run_after=2025-03-22 00:00:00+00:00
[2025-03-22T09:02:25.617+0000] {processor.py:208} INFO - Processing /home/airflow/.local/lib/python3.12/site-packages/airflow/example_dags/example_bash_operator.py took 0.111 seconds
[2025-03-22T09:02:55.722+0000] {processor.py:186} INFO - Started process (PID=724) to work on /home/airflow/.local/lib/python3.12/site-packages/airflow/example_dags/example_bash_operator.py
[2025-03-22T09:02:55.723+0000] {processor.py:914} INFO - Processing file /home/airflow/.local/lib/python3.12/site-packages/airflow/example_dags/example_bash_operator.py for tasks to queue
[2025-03-22T09:02:55.726+0000] {logging_mixin.py:190} INFO - [2025-03-22T09:02:55.726+0000] {dagbag.py:588} INFO - Filling up the DagBag from /home/airflow/.local/lib/python3.12/site-packages/airflow/example_dags/example_bash_operator.py
[2025-03-22T09:02:55.748+0000] {processor.py:925} INFO - DAG(s) 'example_bash_operator' retrieved from /home/airflow/.local/lib/python3.12/site-packages/airflow/example_dags/example_bash_operator.py
[2025-03-22T09:02:55.783+0000] {logging_mixin.py:190} INFO - [2025-03-22T09:02:55.783+0000] {dag.py:3239} INFO - Sync 1 DAGs
[2025-03-22T09:02:55.808+0000] {logging_mixin.py:190} INFO - [2025-03-22T09:02:55.808+0000] {dag.py:4180} INFO - Setting next_dagrun for example_bash_operator to 2025-03-21 00:00:00+00:00, run_after=2025-03-22 00:00:00+00:00
[2025-03-22T09:02:55.828+0000] {processor.py:208} INFO - Processing /home/airflow/.local/lib/python3.12/site-packages/airflow/example_dags/example_bash_operator.py took 0.116 seconds
[2025-03-22T09:03:26.134+0000] {processor.py:186} INFO - Started process (PID=787) to work on /home/airflow/.local/lib/python3.12/site-packages/airflow/example_dags/example_bash_operator.py
[2025-03-22T09:03:26.136+0000] {processor.py:914} INFO - Processing file /home/airflow/.local/lib/python3.12/site-packages/airflow/example_dags/example_bash_operator.py for tasks to queue
[2025-03-22T09:03:26.138+0000] {logging_mixin.py:190} INFO - [2025-03-22T09:03:26.138+0000] {dagbag.py:588} INFO - Filling up the DagBag from /home/airflow/.local/lib/python3.12/site-packages/airflow/example_dags/example_bash_operator.py
[2025-03-22T09:03:26.154+0000] {processor.py:925} INFO - DAG(s) 'example_bash_operator' retrieved from /home/airflow/.local/lib/python3.12/site-packages/airflow/example_dags/example_bash_operator.py
[2025-03-22T09:03:26.191+0000] {logging_mixin.py:190} INFO - [2025-03-22T09:03:26.191+0000] {dag.py:3239} INFO - Sync 1 DAGs
[2025-03-22T09:03:26.226+0000] {logging_mixin.py:190} INFO - [2025-03-22T09:03:26.225+0000] {dag.py:4180} INFO - Setting next_dagrun for example_bash_operator to 2025-03-21 00:00:00+00:00, run_after=2025-03-22 00:00:00+00:00
[2025-03-22T09:03:26.250+0000] {processor.py:208} INFO - Processing /home/airflow/.local/lib/python3.12/site-packages/airflow/example_dags/example_bash_operator.py took 0.123 seconds
[2025-03-22T09:03:56.979+0000] {processor.py:186} INFO - Started process (PID=850) to work on /home/airflow/.local/lib/python3.12/site-packages/airflow/example_dags/example_bash_operator.py
[2025-03-22T09:03:56.980+0000] {processor.py:914} INFO - Processing file /home/airflow/.local/lib/python3.12/site-packages/airflow/example_dags/example_bash_operator.py for tasks to queue
[2025-03-22T09:03:56.982+0000] {logging_mixin.py:190} INFO - [2025-03-22T09:03:56.982+0000] {dagbag.py:588} INFO - Filling up the DagBag from /home/airflow/.local/lib/python3.12/site-packages/airflow/example_dags/example_bash_operator.py
[2025-03-22T09:03:56.998+0000] {processor.py:925} INFO - DAG(s) 'example_bash_operator' retrieved from /home/airflow/.local/lib/python3.12/site-packages/airflow/example_dags/example_bash_operator.py
[2025-03-22T09:03:57.033+0000] {logging_mixin.py:190} INFO - [2025-03-22T09:03:57.032+0000] {dag.py:3239} INFO - Sync 1 DAGs
[2025-03-22T09:03:57.064+0000] {logging_mixin.py:190} INFO - [2025-03-22T09:03:57.064+0000] {dag.py:4180} INFO - Setting next_dagrun for example_bash_operator to 2025-03-21 00:00:00+00:00, run_after=2025-03-22 00:00:00+00:00
[2025-03-22T09:03:57.090+0000] {processor.py:208} INFO - Processing /home/airflow/.local/lib/python3.12/site-packages/airflow/example_dags/example_bash_operator.py took 0.118 seconds
[2025-03-22T09:04:27.329+0000] {processor.py:186} INFO - Started process (PID=913) to work on /home/airflow/.local/lib/python3.12/site-packages/airflow/example_dags/example_bash_operator.py
[2025-03-22T09:04:27.330+0000] {processor.py:914} INFO - Processing file /home/airflow/.local/lib/python3.12/site-packages/airflow/example_dags/example_bash_operator.py for tasks to queue
[2025-03-22T09:04:27.333+0000] {logging_mixin.py:190} INFO - [2025-03-22T09:04:27.333+0000] {dagbag.py:588} INFO - Filling up the DagBag from /home/airflow/.local/lib/python3.12/site-packages/airflow/example_dags/example_bash_operator.py
[2025-03-22T09:04:27.353+0000] {processor.py:925} INFO - DAG(s) 'example_bash_operator' retrieved from /home/airflow/.local/lib/python3.12/site-packages/airflow/example_dags/example_bash_operator.py
[2025-03-22T09:04:27.387+0000] {logging_mixin.py:190} INFO - [2025-03-22T09:04:27.387+0000] {dag.py:3239} INFO - Sync 1 DAGs
[2025-03-22T09:04:27.412+0000] {logging_mixin.py:190} INFO - [2025-03-22T09:04:27.412+0000] {dag.py:4180} INFO - Setting next_dagrun for example_bash_operator to 2025-03-21 00:00:00+00:00, run_after=2025-03-22 00:00:00+00:00
[2025-03-22T09:04:27.432+0000] {processor.py:208} INFO - Processing /home/airflow/.local/lib/python3.12/site-packages/airflow/example_dags/example_bash_operator.py took 0.111 seconds
[2025-03-22T09:04:58.128+0000] {processor.py:186} INFO - Started process (PID=976) to work on /home/airflow/.local/lib/python3.12/site-packages/airflow/example_dags/example_bash_operator.py
[2025-03-22T09:04:58.130+0000] {processor.py:914} INFO - Processing file /home/airflow/.local/lib/python3.12/site-packages/airflow/example_dags/example_bash_operator.py for tasks to queue
[2025-03-22T09:04:58.132+0000] {logging_mixin.py:190} INFO - [2025-03-22T09:04:58.132+0000] {dagbag.py:588} INFO - Filling up the DagBag from /home/airflow/.local/lib/python3.12/site-packages/airflow/example_dags/example_bash_operator.py
[2025-03-22T09:04:58.148+0000] {processor.py:925} INFO - DAG(s) 'example_bash_operator' retrieved from /home/airflow/.local/lib/python3.12/site-packages/airflow/example_dags/example_bash_operator.py
[2025-03-22T09:04:58.200+0000] {logging_mixin.py:190} INFO - [2025-03-22T09:04:58.199+0000] {dag.py:3239} INFO - Sync 1 DAGs
[2025-03-22T09:04:58.242+0000] {logging_mixin.py:190} INFO - [2025-03-22T09:04:58.241+0000] {dag.py:4180} INFO - Setting next_dagrun for example_bash_operator to 2025-03-21 00:00:00+00:00, run_after=2025-03-22 00:00:00+00:00
[2025-03-22T09:04:58.271+0000] {processor.py:208} INFO - Processing /home/airflow/.local/lib/python3.12/site-packages/airflow/example_dags/example_bash_operator.py took 0.150 seconds
[2025-03-22T09:05:28.712+0000] {processor.py:186} INFO - Started process (PID=1039) to work on /home/airflow/.local/lib/python3.12/site-packages/airflow/example_dags/example_bash_operator.py
[2025-03-22T09:05:28.714+0000] {processor.py:914} INFO - Processing file /home/airflow/.local/lib/python3.12/site-packages/airflow/example_dags/example_bash_operator.py for tasks to queue
[2025-03-22T09:05:28.716+0000] {logging_mixin.py:190} INFO - [2025-03-22T09:05:28.716+0000] {dagbag.py:588} INFO - Filling up the DagBag from /home/airflow/.local/lib/python3.12/site-packages/airflow/example_dags/example_bash_operator.py
[2025-03-22T09:05:28.734+0000] {processor.py:925} INFO - DAG(s) 'example_bash_operator' retrieved from /home/airflow/.local/lib/python3.12/site-packages/airflow/example_dags/example_bash_operator.py
[2025-03-22T09:05:28.778+0000] {logging_mixin.py:190} INFO - [2025-03-22T09:05:28.778+0000] {dag.py:3239} INFO - Sync 1 DAGs
[2025-03-22T09:05:28.812+0000] {logging_mixin.py:190} INFO - [2025-03-22T09:05:28.812+0000] {dag.py:4180} INFO - Setting next_dagrun for example_bash_operator to 2025-03-21 00:00:00+00:00, run_after=2025-03-22 00:00:00+00:00
[2025-03-22T09:05:28.837+0000] {processor.py:208} INFO - Processing /home/airflow/.local/lib/python3.12/site-packages/airflow/example_dags/example_bash_operator.py took 0.134 seconds
[2025-03-22T09:05:58.962+0000] {processor.py:186} INFO - Started process (PID=1102) to work on /home/airflow/.local/lib/python3.12/site-packages/airflow/example_dags/example_bash_operator.py
[2025-03-22T09:05:58.963+0000] {processor.py:914} INFO - Processing file /home/airflow/.local/lib/python3.12/site-packages/airflow/example_dags/example_bash_operator.py for tasks to queue
[2025-03-22T09:05:58.966+0000] {logging_mixin.py:190} INFO - [2025-03-22T09:05:58.965+0000] {dagbag.py:588} INFO - Filling up the DagBag from /home/airflow/.local/lib/python3.12/site-packages/airflow/example_dags/example_bash_operator.py
[2025-03-22T09:05:58.983+0000] {processor.py:925} INFO - DAG(s) 'example_bash_operator' retrieved from /home/airflow/.local/lib/python3.12/site-packages/airflow/example_dags/example_bash_operator.py
[2025-03-22T09:05:59.019+0000] {logging_mixin.py:190} INFO - [2025-03-22T09:05:59.019+0000] {dag.py:3239} INFO - Sync 1 DAGs
[2025-03-22T09:05:59.048+0000] {logging_mixin.py:190} INFO - [2025-03-22T09:05:59.048+0000] {dag.py:4180} INFO - Setting next_dagrun for example_bash_operator to 2025-03-21 00:00:00+00:00, run_after=2025-03-22 00:00:00+00:00
[2025-03-22T09:05:59.071+0000] {processor.py:208} INFO - Processing /home/airflow/.local/lib/python3.12/site-packages/airflow/example_dags/example_bash_operator.py took 0.115 seconds
[2025-03-22T09:06:29.775+0000] {processor.py:186} INFO - Started process (PID=1165) to work on /home/airflow/.local/lib/python3.12/site-packages/airflow/example_dags/example_bash_operator.py
[2025-03-22T09:06:29.776+0000] {processor.py:914} INFO - Processing file /home/airflow/.local/lib/python3.12/site-packages/airflow/example_dags/example_bash_operator.py for tasks to queue
[2025-03-22T09:06:29.779+0000] {logging_mixin.py:190} INFO - [2025-03-22T09:06:29.778+0000] {dagbag.py:588} INFO - Filling up the DagBag from /home/airflow/.local/lib/python3.12/site-packages/airflow/example_dags/example_bash_operator.py
[2025-03-22T09:06:29.793+0000] {processor.py:925} INFO - DAG(s) 'example_bash_operator' retrieved from /home/airflow/.local/lib/python3.12/site-packages/airflow/example_dags/example_bash_operator.py
[2025-03-22T09:06:29.827+0000] {logging_mixin.py:190} INFO - [2025-03-22T09:06:29.827+0000] {dag.py:3239} INFO - Sync 1 DAGs
[2025-03-22T09:06:29.858+0000] {logging_mixin.py:190} INFO - [2025-03-22T09:06:29.858+0000] {dag.py:4180} INFO - Setting next_dagrun for example_bash_operator to 2025-03-21 00:00:00+00:00, run_after=2025-03-22 00:00:00+00:00
[2025-03-22T09:06:29.885+0000] {processor.py:208} INFO - Processing /home/airflow/.local/lib/python3.12/site-packages/airflow/example_dags/example_bash_operator.py took 0.116 seconds
[2025-03-22T09:07:00.827+0000] {processor.py:186} INFO - Started process (PID=1228) to work on /home/airflow/.local/lib/python3.12/site-packages/airflow/example_dags/example_bash_operator.py
[2025-03-22T09:07:00.828+0000] {processor.py:914} INFO - Processing file /home/airflow/.local/lib/python3.12/site-packages/airflow/example_dags/example_bash_operator.py for tasks to queue
[2025-03-22T09:07:00.830+0000] {logging_mixin.py:190} INFO - [2025-03-22T09:07:00.830+0000] {dagbag.py:588} INFO - Filling up the DagBag from /home/airflow/.local/lib/python3.12/site-packages/airflow/example_dags/example_bash_operator.py
[2025-03-22T09:07:00.856+0000] {processor.py:925} INFO - DAG(s) 'example_bash_operator' retrieved from /home/airflow/.local/lib/python3.12/site-packages/airflow/example_dags/example_bash_operator.py
[2025-03-22T09:07:00.906+0000] {logging_mixin.py:190} INFO - [2025-03-22T09:07:00.905+0000] {dag.py:3239} INFO - Sync 1 DAGs
[2025-03-22T09:07:00.955+0000] {logging_mixin.py:190} INFO - [2025-03-22T09:07:00.955+0000] {dag.py:4180} INFO - Setting next_dagrun for example_bash_operator to 2025-03-21 00:00:00+00:00, run_after=2025-03-22 00:00:00+00:00
[2025-03-22T09:07:00.991+0000] {processor.py:208} INFO - Processing /home/airflow/.local/lib/python3.12/site-packages/airflow/example_dags/example_bash_operator.py took 0.169 seconds
[2025-03-22T09:07:31.530+0000] {processor.py:186} INFO - Started process (PID=1291) to work on /home/airflow/.local/lib/python3.12/site-packages/airflow/example_dags/example_bash_operator.py
[2025-03-22T09:07:31.531+0000] {processor.py:914} INFO - Processing file /home/airflow/.local/lib/python3.12/site-packages/airflow/example_dags/example_bash_operator.py for tasks to queue
[2025-03-22T09:07:31.534+0000] {logging_mixin.py:190} INFO - [2025-03-22T09:07:31.533+0000] {dagbag.py:588} INFO - Filling up the DagBag from /home/airflow/.local/lib/python3.12/site-packages/airflow/example_dags/example_bash_operator.py
[2025-03-22T09:07:31.551+0000] {processor.py:925} INFO - DAG(s) 'example_bash_operator' retrieved from /home/airflow/.local/lib/python3.12/site-packages/airflow/example_dags/example_bash_operator.py
[2025-03-22T09:07:31.592+0000] {logging_mixin.py:190} INFO - [2025-03-22T09:07:31.592+0000] {dag.py:3239} INFO - Sync 1 DAGs
[2025-03-22T09:07:31.634+0000] {logging_mixin.py:190} INFO - [2025-03-22T09:07:31.633+0000] {dag.py:4180} INFO - Setting next_dagrun for example_bash_operator to 2025-03-21 00:00:00+00:00, run_after=2025-03-22 00:00:00+00:00
[2025-03-22T09:07:31.667+0000] {processor.py:208} INFO - Processing /home/airflow/.local/lib/python3.12/site-packages/airflow/example_dags/example_bash_operator.py took 0.143 seconds
[2025-03-22T09:08:01.817+0000] {processor.py:186} INFO - Started process (PID=1354) to work on /home/airflow/.local/lib/python3.12/site-packages/airflow/example_dags/example_bash_operator.py
[2025-03-22T09:08:01.819+0000] {processor.py:914} INFO - Processing file /home/airflow/.local/lib/python3.12/site-packages/airflow/example_dags/example_bash_operator.py for tasks to queue
[2025-03-22T09:08:01.822+0000] {logging_mixin.py:190} INFO - [2025-03-22T09:08:01.821+0000] {dagbag.py:588} INFO - Filling up the DagBag from /home/airflow/.local/lib/python3.12/site-packages/airflow/example_dags/example_bash_operator.py
[2025-03-22T09:08:01.845+0000] {processor.py:925} INFO - DAG(s) 'example_bash_operator' retrieved from /home/airflow/.local/lib/python3.12/site-packages/airflow/example_dags/example_bash_operator.py
[2025-03-22T09:08:01.892+0000] {logging_mixin.py:190} INFO - [2025-03-22T09:08:01.892+0000] {dag.py:3239} INFO - Sync 1 DAGs
[2025-03-22T09:08:01.946+0000] {logging_mixin.py:190} INFO - [2025-03-22T09:08:01.945+0000] {dag.py:4180} INFO - Setting next_dagrun for example_bash_operator to 2025-03-21 00:00:00+00:00, run_after=2025-03-22 00:00:00+00:00
[2025-03-22T09:08:01.980+0000] {processor.py:208} INFO - Processing /home/airflow/.local/lib/python3.12/site-packages/airflow/example_dags/example_bash_operator.py took 0.172 seconds
[2025-03-22T09:08:32.429+0000] {processor.py:186} INFO - Started process (PID=1417) to work on /home/airflow/.local/lib/python3.12/site-packages/airflow/example_dags/example_bash_operator.py
[2025-03-22T09:08:32.430+0000] {processor.py:914} INFO - Processing file /home/airflow/.local/lib/python3.12/site-packages/airflow/example_dags/example_bash_operator.py for tasks to queue
[2025-03-22T09:08:32.432+0000] {logging_mixin.py:190} INFO - [2025-03-22T09:08:32.432+0000] {dagbag.py:588} INFO - Filling up the DagBag from /home/airflow/.local/lib/python3.12/site-packages/airflow/example_dags/example_bash_operator.py
[2025-03-22T09:08:32.448+0000] {processor.py:925} INFO - DAG(s) 'example_bash_operator' retrieved from /home/airflow/.local/lib/python3.12/site-packages/airflow/example_dags/example_bash_operator.py
[2025-03-22T09:08:32.481+0000] {logging_mixin.py:190} INFO - [2025-03-22T09:08:32.481+0000] {dag.py:3239} INFO - Sync 1 DAGs
[2025-03-22T09:08:32.508+0000] {logging_mixin.py:190} INFO - [2025-03-22T09:08:32.508+0000] {dag.py:4180} INFO - Setting next_dagrun for example_bash_operator to 2025-03-21 00:00:00+00:00, run_after=2025-03-22 00:00:00+00:00
[2025-03-22T09:08:32.530+0000] {processor.py:208} INFO - Processing /home/airflow/.local/lib/python3.12/site-packages/airflow/example_dags/example_bash_operator.py took 0.107 seconds
[2025-03-22T09:09:03.189+0000] {processor.py:186} INFO - Started process (PID=1480) to work on /home/airflow/.local/lib/python3.12/site-packages/airflow/example_dags/example_bash_operator.py
[2025-03-22T09:09:03.191+0000] {processor.py:914} INFO - Processing file /home/airflow/.local/lib/python3.12/site-packages/airflow/example_dags/example_bash_operator.py for tasks to queue
[2025-03-22T09:09:03.194+0000] {logging_mixin.py:190} INFO - [2025-03-22T09:09:03.193+0000] {dagbag.py:588} INFO - Filling up the DagBag from /home/airflow/.local/lib/python3.12/site-packages/airflow/example_dags/example_bash_operator.py
[2025-03-22T09:09:03.211+0000] {processor.py:925} INFO - DAG(s) 'example_bash_operator' retrieved from /home/airflow/.local/lib/python3.12/site-packages/airflow/example_dags/example_bash_operator.py
[2025-03-22T09:09:03.255+0000] {logging_mixin.py:190} INFO - [2025-03-22T09:09:03.255+0000] {dag.py:3239} INFO - Sync 1 DAGs
[2025-03-22T09:09:03.283+0000] {logging_mixin.py:190} INFO - [2025-03-22T09:09:03.283+0000] {dag.py:4180} INFO - Setting next_dagrun for example_bash_operator to 2025-03-21 00:00:00+00:00, run_after=2025-03-22 00:00:00+00:00
[2025-03-22T09:09:03.305+0000] {processor.py:208} INFO - Processing /home/airflow/.local/lib/python3.12/site-packages/airflow/example_dags/example_bash_operator.py took 0.123 seconds
[2025-03-22T09:09:33.532+0000] {processor.py:186} INFO - Started process (PID=1543) to work on /home/airflow/.local/lib/python3.12/site-packages/airflow/example_dags/example_bash_operator.py
[2025-03-22T09:09:33.533+0000] {processor.py:914} INFO - Processing file /home/airflow/.local/lib/python3.12/site-packages/airflow/example_dags/example_bash_operator.py for tasks to queue
[2025-03-22T09:09:33.535+0000] {logging_mixin.py:190} INFO - [2025-03-22T09:09:33.535+0000] {dagbag.py:588} INFO - Filling up the DagBag from /home/airflow/.local/lib/python3.12/site-packages/airflow/example_dags/example_bash_operator.py
[2025-03-22T09:09:33.551+0000] {processor.py:925} INFO - DAG(s) 'example_bash_operator' retrieved from /home/airflow/.local/lib/python3.12/site-packages/airflow/example_dags/example_bash_operator.py
[2025-03-22T09:09:33.582+0000] {logging_mixin.py:190} INFO - [2025-03-22T09:09:33.582+0000] {dag.py:3239} INFO - Sync 1 DAGs
[2025-03-22T09:09:33.610+0000] {logging_mixin.py:190} INFO - [2025-03-22T09:09:33.610+0000] {dag.py:4180} INFO - Setting next_dagrun for example_bash_operator to 2025-03-21 00:00:00+00:00, run_after=2025-03-22 00:00:00+00:00
[2025-03-22T09:09:33.633+0000] {processor.py:208} INFO - Processing /home/airflow/.local/lib/python3.12/site-packages/airflow/example_dags/example_bash_operator.py took 0.108 seconds
[2025-03-22T09:10:03.712+0000] {processor.py:186} INFO - Started process (PID=1606) to work on /home/airflow/.local/lib/python3.12/site-packages/airflow/example_dags/example_bash_operator.py
[2025-03-22T09:10:03.713+0000] {processor.py:914} INFO - Processing file /home/airflow/.local/lib/python3.12/site-packages/airflow/example_dags/example_bash_operator.py for tasks to queue
[2025-03-22T09:10:03.716+0000] {logging_mixin.py:190} INFO - [2025-03-22T09:10:03.715+0000] {dagbag.py:588} INFO - Filling up the DagBag from /home/airflow/.local/lib/python3.12/site-packages/airflow/example_dags/example_bash_operator.py
[2025-03-22T09:10:03.739+0000] {processor.py:925} INFO - DAG(s) 'example_bash_operator' retrieved from /home/airflow/.local/lib/python3.12/site-packages/airflow/example_dags/example_bash_operator.py
[2025-03-22T09:10:03.782+0000] {logging_mixin.py:190} INFO - [2025-03-22T09:10:03.781+0000] {dag.py:3239} INFO - Sync 1 DAGs
[2025-03-22T09:10:03.821+0000] {logging_mixin.py:190} INFO - [2025-03-22T09:10:03.821+0000] {dag.py:4180} INFO - Setting next_dagrun for example_bash_operator to 2025-03-21 00:00:00+00:00, run_after=2025-03-22 00:00:00+00:00
[2025-03-22T09:10:03.842+0000] {processor.py:208} INFO - Processing /home/airflow/.local/lib/python3.12/site-packages/airflow/example_dags/example_bash_operator.py took 0.138 seconds
[2025-03-22T09:10:33.899+0000] {processor.py:186} INFO - Started process (PID=1668) to work on /home/airflow/.local/lib/python3.12/site-packages/airflow/example_dags/example_bash_operator.py
[2025-03-22T09:10:33.900+0000] {processor.py:914} INFO - Processing file /home/airflow/.local/lib/python3.12/site-packages/airflow/example_dags/example_bash_operator.py for tasks to queue
[2025-03-22T09:10:33.902+0000] {logging_mixin.py:190} INFO - [2025-03-22T09:10:33.902+0000] {dagbag.py:588} INFO - Filling up the DagBag from /home/airflow/.local/lib/python3.12/site-packages/airflow/example_dags/example_bash_operator.py
[2025-03-22T09:10:33.917+0000] {processor.py:925} INFO - DAG(s) 'example_bash_operator' retrieved from /home/airflow/.local/lib/python3.12/site-packages/airflow/example_dags/example_bash_operator.py
[2025-03-22T09:10:33.947+0000] {logging_mixin.py:190} INFO - [2025-03-22T09:10:33.947+0000] {dag.py:3239} INFO - Sync 1 DAGs
[2025-03-22T09:10:33.973+0000] {logging_mixin.py:190} INFO - [2025-03-22T09:10:33.973+0000] {dag.py:4180} INFO - Setting next_dagrun for example_bash_operator to 2025-03-21 00:00:00+00:00, run_after=2025-03-22 00:00:00+00:00
[2025-03-22T09:10:33.991+0000] {processor.py:208} INFO - Processing /home/airflow/.local/lib/python3.12/site-packages/airflow/example_dags/example_bash_operator.py took 0.100 seconds
[2025-03-22T09:11:04.477+0000] {processor.py:186} INFO - Started process (PID=1731) to work on /home/airflow/.local/lib/python3.12/site-packages/airflow/example_dags/example_bash_operator.py
[2025-03-22T09:11:04.478+0000] {processor.py:914} INFO - Processing file /home/airflow/.local/lib/python3.12/site-packages/airflow/example_dags/example_bash_operator.py for tasks to queue
[2025-03-22T09:11:04.480+0000] {logging_mixin.py:190} INFO - [2025-03-22T09:11:04.480+0000] {dagbag.py:588} INFO - Filling up the DagBag from /home/airflow/.local/lib/python3.12/site-packages/airflow/example_dags/example_bash_operator.py
[2025-03-22T09:11:04.495+0000] {processor.py:925} INFO - DAG(s) 'example_bash_operator' retrieved from /home/airflow/.local/lib/python3.12/site-packages/airflow/example_dags/example_bash_operator.py
[2025-03-22T09:11:04.532+0000] {logging_mixin.py:190} INFO - [2025-03-22T09:11:04.531+0000] {dag.py:3239} INFO - Sync 1 DAGs
[2025-03-22T09:11:04.562+0000] {logging_mixin.py:190} INFO - [2025-03-22T09:11:04.561+0000] {dag.py:4180} INFO - Setting next_dagrun for example_bash_operator to 2025-03-21 00:00:00+00:00, run_after=2025-03-22 00:00:00+00:00
[2025-03-22T09:11:04.585+0000] {processor.py:208} INFO - Processing /home/airflow/.local/lib/python3.12/site-packages/airflow/example_dags/example_bash_operator.py took 0.115 seconds
[2025-03-22T09:11:35.111+0000] {processor.py:186} INFO - Started process (PID=1794) to work on /home/airflow/.local/lib/python3.12/site-packages/airflow/example_dags/example_bash_operator.py
[2025-03-22T09:11:35.112+0000] {processor.py:914} INFO - Processing file /home/airflow/.local/lib/python3.12/site-packages/airflow/example_dags/example_bash_operator.py for tasks to queue
[2025-03-22T09:11:35.115+0000] {logging_mixin.py:190} INFO - [2025-03-22T09:11:35.115+0000] {dagbag.py:588} INFO - Filling up the DagBag from /home/airflow/.local/lib/python3.12/site-packages/airflow/example_dags/example_bash_operator.py
[2025-03-22T09:11:35.130+0000] {processor.py:925} INFO - DAG(s) 'example_bash_operator' retrieved from /home/airflow/.local/lib/python3.12/site-packages/airflow/example_dags/example_bash_operator.py
[2025-03-22T09:11:35.161+0000] {logging_mixin.py:190} INFO - [2025-03-22T09:11:35.160+0000] {dag.py:3239} INFO - Sync 1 DAGs
[2025-03-22T09:11:35.191+0000] {logging_mixin.py:190} INFO - [2025-03-22T09:11:35.191+0000] {dag.py:4180} INFO - Setting next_dagrun for example_bash_operator to 2025-03-21 00:00:00+00:00, run_after=2025-03-22 00:00:00+00:00
[2025-03-22T09:11:35.214+0000] {processor.py:208} INFO - Processing /home/airflow/.local/lib/python3.12/site-packages/airflow/example_dags/example_bash_operator.py took 0.109 seconds
[2025-03-22T09:12:05.770+0000] {processor.py:186} INFO - Started process (PID=1857) to work on /home/airflow/.local/lib/python3.12/site-packages/airflow/example_dags/example_bash_operator.py
[2025-03-22T09:12:05.771+0000] {processor.py:914} INFO - Processing file /home/airflow/.local/lib/python3.12/site-packages/airflow/example_dags/example_bash_operator.py for tasks to queue
[2025-03-22T09:12:05.773+0000] {logging_mixin.py:190} INFO - [2025-03-22T09:12:05.773+0000] {dagbag.py:588} INFO - Filling up the DagBag from /home/airflow/.local/lib/python3.12/site-packages/airflow/example_dags/example_bash_operator.py
[2025-03-22T09:12:05.784+0000] {processor.py:925} INFO - DAG(s) 'example_bash_operator' retrieved from /home/airflow/.local/lib/python3.12/site-packages/airflow/example_dags/example_bash_operator.py
[2025-03-22T09:12:05.808+0000] {logging_mixin.py:190} INFO - [2025-03-22T09:12:05.808+0000] {dag.py:3239} INFO - Sync 1 DAGs
[2025-03-22T09:12:05.830+0000] {logging_mixin.py:190} INFO - [2025-03-22T09:12:05.830+0000] {dag.py:4180} INFO - Setting next_dagrun for example_bash_operator to 2025-03-21 00:00:00+00:00, run_after=2025-03-22 00:00:00+00:00
[2025-03-22T09:12:05.846+0000] {processor.py:208} INFO - Processing /home/airflow/.local/lib/python3.12/site-packages/airflow/example_dags/example_bash_operator.py took 0.081 seconds
[2025-03-22T09:12:36.875+0000] {processor.py:186} INFO - Started process (PID=1921) to work on /home/airflow/.local/lib/python3.12/site-packages/airflow/example_dags/example_bash_operator.py
[2025-03-22T09:12:36.876+0000] {processor.py:914} INFO - Processing file /home/airflow/.local/lib/python3.12/site-packages/airflow/example_dags/example_bash_operator.py for tasks to queue
[2025-03-22T09:12:36.879+0000] {logging_mixin.py:190} INFO - [2025-03-22T09:12:36.879+0000] {dagbag.py:588} INFO - Filling up the DagBag from /home/airflow/.local/lib/python3.12/site-packages/airflow/example_dags/example_bash_operator.py
[2025-03-22T09:12:36.893+0000] {processor.py:925} INFO - DAG(s) 'example_bash_operator' retrieved from /home/airflow/.local/lib/python3.12/site-packages/airflow/example_dags/example_bash_operator.py
[2025-03-22T09:12:36.927+0000] {logging_mixin.py:190} INFO - [2025-03-22T09:12:36.927+0000] {dag.py:3239} INFO - Sync 1 DAGs
[2025-03-22T09:12:36.965+0000] {logging_mixin.py:190} INFO - [2025-03-22T09:12:36.964+0000] {dag.py:4180} INFO - Setting next_dagrun for example_bash_operator to 2025-03-21 00:00:00+00:00, run_after=2025-03-22 00:00:00+00:00
[2025-03-22T09:12:36.990+0000] {processor.py:208} INFO - Processing /home/airflow/.local/lib/python3.12/site-packages/airflow/example_dags/example_bash_operator.py took 0.122 seconds
[2025-03-22T09:13:07.680+0000] {processor.py:186} INFO - Started process (PID=1984) to work on /home/airflow/.local/lib/python3.12/site-packages/airflow/example_dags/example_bash_operator.py
[2025-03-22T09:13:07.681+0000] {processor.py:914} INFO - Processing file /home/airflow/.local/lib/python3.12/site-packages/airflow/example_dags/example_bash_operator.py for tasks to queue
[2025-03-22T09:13:07.683+0000] {logging_mixin.py:190} INFO - [2025-03-22T09:13:07.683+0000] {dagbag.py:588} INFO - Filling up the DagBag from /home/airflow/.local/lib/python3.12/site-packages/airflow/example_dags/example_bash_operator.py
[2025-03-22T09:13:07.698+0000] {processor.py:925} INFO - DAG(s) 'example_bash_operator' retrieved from /home/airflow/.local/lib/python3.12/site-packages/airflow/example_dags/example_bash_operator.py
[2025-03-22T09:13:07.735+0000] {logging_mixin.py:190} INFO - [2025-03-22T09:13:07.735+0000] {dag.py:3239} INFO - Sync 1 DAGs
[2025-03-22T09:13:07.758+0000] {logging_mixin.py:190} INFO - [2025-03-22T09:13:07.758+0000] {dag.py:4180} INFO - Setting next_dagrun for example_bash_operator to 2025-03-21 00:00:00+00:00, run_after=2025-03-22 00:00:00+00:00
[2025-03-22T09:13:07.779+0000] {processor.py:208} INFO - Processing /home/airflow/.local/lib/python3.12/site-packages/airflow/example_dags/example_bash_operator.py took 0.106 seconds
[2025-03-22T09:13:38.254+0000] {processor.py:186} INFO - Started process (PID=2047) to work on /home/airflow/.local/lib/python3.12/site-packages/airflow/example_dags/example_bash_operator.py
[2025-03-22T09:13:38.255+0000] {processor.py:914} INFO - Processing file /home/airflow/.local/lib/python3.12/site-packages/airflow/example_dags/example_bash_operator.py for tasks to queue
[2025-03-22T09:13:38.257+0000] {logging_mixin.py:190} INFO - [2025-03-22T09:13:38.256+0000] {dagbag.py:588} INFO - Filling up the DagBag from /home/airflow/.local/lib/python3.12/site-packages/airflow/example_dags/example_bash_operator.py
[2025-03-22T09:13:38.268+0000] {processor.py:925} INFO - DAG(s) 'example_bash_operator' retrieved from /home/airflow/.local/lib/python3.12/site-packages/airflow/example_dags/example_bash_operator.py
[2025-03-22T09:13:38.298+0000] {logging_mixin.py:190} INFO - [2025-03-22T09:13:38.298+0000] {dag.py:3239} INFO - Sync 1 DAGs
[2025-03-22T09:13:38.330+0000] {logging_mixin.py:190} INFO - [2025-03-22T09:13:38.330+0000] {dag.py:4180} INFO - Setting next_dagrun for example_bash_operator to 2025-03-21 00:00:00+00:00, run_after=2025-03-22 00:00:00+00:00
[2025-03-22T09:13:38.354+0000] {processor.py:208} INFO - Processing /home/airflow/.local/lib/python3.12/site-packages/airflow/example_dags/example_bash_operator.py took 0.105 seconds
[2025-03-22T09:14:08.712+0000] {processor.py:186} INFO - Started process (PID=2110) to work on /home/airflow/.local/lib/python3.12/site-packages/airflow/example_dags/example_bash_operator.py
[2025-03-22T09:14:08.713+0000] {processor.py:914} INFO - Processing file /home/airflow/.local/lib/python3.12/site-packages/airflow/example_dags/example_bash_operator.py for tasks to queue
[2025-03-22T09:14:08.715+0000] {logging_mixin.py:190} INFO - [2025-03-22T09:14:08.715+0000] {dagbag.py:588} INFO - Filling up the DagBag from /home/airflow/.local/lib/python3.12/site-packages/airflow/example_dags/example_bash_operator.py
[2025-03-22T09:14:08.728+0000] {processor.py:925} INFO - DAG(s) 'example_bash_operator' retrieved from /home/airflow/.local/lib/python3.12/site-packages/airflow/example_dags/example_bash_operator.py
[2025-03-22T09:14:08.755+0000] {logging_mixin.py:190} INFO - [2025-03-22T09:14:08.755+0000] {dag.py:3239} INFO - Sync 1 DAGs
[2025-03-22T09:14:08.780+0000] {logging_mixin.py:190} INFO - [2025-03-22T09:14:08.780+0000] {dag.py:4180} INFO - Setting next_dagrun for example_bash_operator to 2025-03-21 00:00:00+00:00, run_after=2025-03-22 00:00:00+00:00
[2025-03-22T09:14:08.800+0000] {processor.py:208} INFO - Processing /home/airflow/.local/lib/python3.12/site-packages/airflow/example_dags/example_bash_operator.py took 0.093 seconds
[2025-03-22T09:14:39.732+0000] {processor.py:186} INFO - Started process (PID=2173) to work on /home/airflow/.local/lib/python3.12/site-packages/airflow/example_dags/example_bash_operator.py
[2025-03-22T09:14:39.733+0000] {processor.py:914} INFO - Processing file /home/airflow/.local/lib/python3.12/site-packages/airflow/example_dags/example_bash_operator.py for tasks to queue
[2025-03-22T09:14:39.735+0000] {logging_mixin.py:190} INFO - [2025-03-22T09:14:39.735+0000] {dagbag.py:588} INFO - Filling up the DagBag from /home/airflow/.local/lib/python3.12/site-packages/airflow/example_dags/example_bash_operator.py
[2025-03-22T09:14:39.751+0000] {processor.py:925} INFO - DAG(s) 'example_bash_operator' retrieved from /home/airflow/.local/lib/python3.12/site-packages/airflow/example_dags/example_bash_operator.py
[2025-03-22T09:14:39.785+0000] {logging_mixin.py:190} INFO - [2025-03-22T09:14:39.785+0000] {dag.py:3239} INFO - Sync 1 DAGs
[2025-03-22T09:14:39.816+0000] {logging_mixin.py:190} INFO - [2025-03-22T09:14:39.815+0000] {dag.py:4180} INFO - Setting next_dagrun for example_bash_operator to 2025-03-21 00:00:00+00:00, run_after=2025-03-22 00:00:00+00:00
[2025-03-22T09:14:39.842+0000] {processor.py:208} INFO - Processing /home/airflow/.local/lib/python3.12/site-packages/airflow/example_dags/example_bash_operator.py took 0.115 seconds
[2025-03-22T09:15:11.131+0000] {processor.py:186} INFO - Started process (PID=2235) to work on /home/airflow/.local/lib/python3.12/site-packages/airflow/example_dags/example_bash_operator.py
[2025-03-22T09:15:11.132+0000] {processor.py:914} INFO - Processing file /home/airflow/.local/lib/python3.12/site-packages/airflow/example_dags/example_bash_operator.py for tasks to queue
[2025-03-22T09:15:11.134+0000] {logging_mixin.py:190} INFO - [2025-03-22T09:15:11.134+0000] {dagbag.py:588} INFO - Filling up the DagBag from /home/airflow/.local/lib/python3.12/site-packages/airflow/example_dags/example_bash_operator.py
[2025-03-22T09:15:11.149+0000] {processor.py:925} INFO - DAG(s) 'example_bash_operator' retrieved from /home/airflow/.local/lib/python3.12/site-packages/airflow/example_dags/example_bash_operator.py
[2025-03-22T09:15:11.182+0000] {logging_mixin.py:190} INFO - [2025-03-22T09:15:11.182+0000] {dag.py:3239} INFO - Sync 1 DAGs
[2025-03-22T09:15:11.214+0000] {logging_mixin.py:190} INFO - [2025-03-22T09:15:11.214+0000] {dag.py:4180} INFO - Setting next_dagrun for example_bash_operator to 2025-03-21 00:00:00+00:00, run_after=2025-03-22 00:00:00+00:00
[2025-03-22T09:15:11.245+0000] {processor.py:208} INFO - Processing /home/airflow/.local/lib/python3.12/site-packages/airflow/example_dags/example_bash_operator.py took 0.121 seconds
[2025-03-22T09:15:42.243+0000] {processor.py:186} INFO - Started process (PID=2298) to work on /home/airflow/.local/lib/python3.12/site-packages/airflow/example_dags/example_bash_operator.py
[2025-03-22T09:15:42.244+0000] {processor.py:914} INFO - Processing file /home/airflow/.local/lib/python3.12/site-packages/airflow/example_dags/example_bash_operator.py for tasks to queue
[2025-03-22T09:15:42.248+0000] {logging_mixin.py:190} INFO - [2025-03-22T09:15:42.247+0000] {dagbag.py:588} INFO - Filling up the DagBag from /home/airflow/.local/lib/python3.12/site-packages/airflow/example_dags/example_bash_operator.py
[2025-03-22T09:15:42.264+0000] {processor.py:925} INFO - DAG(s) 'example_bash_operator' retrieved from /home/airflow/.local/lib/python3.12/site-packages/airflow/example_dags/example_bash_operator.py
[2025-03-22T09:15:42.297+0000] {logging_mixin.py:190} INFO - [2025-03-22T09:15:42.297+0000] {dag.py:3239} INFO - Sync 1 DAGs
[2025-03-22T09:15:42.327+0000] {logging_mixin.py:190} INFO - [2025-03-22T09:15:42.327+0000] {dag.py:4180} INFO - Setting next_dagrun for example_bash_operator to 2025-03-21 00:00:00+00:00, run_after=2025-03-22 00:00:00+00:00
[2025-03-22T09:15:42.352+0000] {processor.py:208} INFO - Processing /home/airflow/.local/lib/python3.12/site-packages/airflow/example_dags/example_bash_operator.py took 0.116 seconds
[2025-03-22T09:16:12.483+0000] {processor.py:186} INFO - Started process (PID=2359) to work on /home/airflow/.local/lib/python3.12/site-packages/airflow/example_dags/example_bash_operator.py
[2025-03-22T09:16:12.485+0000] {processor.py:914} INFO - Processing file /home/airflow/.local/lib/python3.12/site-packages/airflow/example_dags/example_bash_operator.py for tasks to queue
[2025-03-22T09:16:12.488+0000] {logging_mixin.py:190} INFO - [2025-03-22T09:16:12.487+0000] {dagbag.py:588} INFO - Filling up the DagBag from /home/airflow/.local/lib/python3.12/site-packages/airflow/example_dags/example_bash_operator.py
[2025-03-22T09:16:12.503+0000] {processor.py:925} INFO - DAG(s) 'example_bash_operator' retrieved from /home/airflow/.local/lib/python3.12/site-packages/airflow/example_dags/example_bash_operator.py
[2025-03-22T09:16:12.547+0000] {logging_mixin.py:190} INFO - [2025-03-22T09:16:12.547+0000] {dag.py:3239} INFO - Sync 1 DAGs
[2025-03-22T09:16:12.584+0000] {logging_mixin.py:190} INFO - [2025-03-22T09:16:12.583+0000] {dag.py:4180} INFO - Setting next_dagrun for example_bash_operator to 2025-03-21 00:00:00+00:00, run_after=2025-03-22 00:00:00+00:00
[2025-03-22T09:16:12.607+0000] {processor.py:208} INFO - Processing /home/airflow/.local/lib/python3.12/site-packages/airflow/example_dags/example_bash_operator.py took 0.132 seconds
[2025-03-22T09:16:42.868+0000] {processor.py:186} INFO - Started process (PID=2422) to work on /home/airflow/.local/lib/python3.12/site-packages/airflow/example_dags/example_bash_operator.py
[2025-03-22T09:16:42.869+0000] {processor.py:914} INFO - Processing file /home/airflow/.local/lib/python3.12/site-packages/airflow/example_dags/example_bash_operator.py for tasks to queue
[2025-03-22T09:16:42.872+0000] {logging_mixin.py:190} INFO - [2025-03-22T09:16:42.872+0000] {dagbag.py:588} INFO - Filling up the DagBag from /home/airflow/.local/lib/python3.12/site-packages/airflow/example_dags/example_bash_operator.py
[2025-03-22T09:16:42.893+0000] {processor.py:925} INFO - DAG(s) 'example_bash_operator' retrieved from /home/airflow/.local/lib/python3.12/site-packages/airflow/example_dags/example_bash_operator.py
[2025-03-22T09:16:42.931+0000] {logging_mixin.py:190} INFO - [2025-03-22T09:16:42.931+0000] {dag.py:3239} INFO - Sync 1 DAGs
[2025-03-22T09:16:42.968+0000] {logging_mixin.py:190} INFO - [2025-03-22T09:16:42.967+0000] {dag.py:4180} INFO - Setting next_dagrun for example_bash_operator to 2025-03-21 00:00:00+00:00, run_after=2025-03-22 00:00:00+00:00
[2025-03-22T09:16:42.992+0000] {processor.py:208} INFO - Processing /home/airflow/.local/lib/python3.12/site-packages/airflow/example_dags/example_bash_operator.py took 0.133 seconds
[2025-03-22T09:17:13.164+0000] {processor.py:186} INFO - Started process (PID=2486) to work on /home/airflow/.local/lib/python3.12/site-packages/airflow/example_dags/example_bash_operator.py
[2025-03-22T09:17:13.165+0000] {processor.py:914} INFO - Processing file /home/airflow/.local/lib/python3.12/site-packages/airflow/example_dags/example_bash_operator.py for tasks to queue
[2025-03-22T09:17:13.167+0000] {logging_mixin.py:190} INFO - [2025-03-22T09:17:13.167+0000] {dagbag.py:588} INFO - Filling up the DagBag from /home/airflow/.local/lib/python3.12/site-packages/airflow/example_dags/example_bash_operator.py
[2025-03-22T09:17:13.182+0000] {processor.py:925} INFO - DAG(s) 'example_bash_operator' retrieved from /home/airflow/.local/lib/python3.12/site-packages/airflow/example_dags/example_bash_operator.py
[2025-03-22T09:17:13.213+0000] {logging_mixin.py:190} INFO - [2025-03-22T09:17:13.213+0000] {dag.py:3239} INFO - Sync 1 DAGs
[2025-03-22T09:17:13.239+0000] {logging_mixin.py:190} INFO - [2025-03-22T09:17:13.239+0000] {dag.py:4180} INFO - Setting next_dagrun for example_bash_operator to 2025-03-21 00:00:00+00:00, run_after=2025-03-22 00:00:00+00:00
[2025-03-22T09:17:13.257+0000] {processor.py:208} INFO - Processing /home/airflow/.local/lib/python3.12/site-packages/airflow/example_dags/example_bash_operator.py took 0.100 seconds
[2025-03-22T09:17:43.700+0000] {processor.py:186} INFO - Started process (PID=2548) to work on /home/airflow/.local/lib/python3.12/site-packages/airflow/example_dags/example_bash_operator.py
[2025-03-22T09:17:43.701+0000] {processor.py:914} INFO - Processing file /home/airflow/.local/lib/python3.12/site-packages/airflow/example_dags/example_bash_operator.py for tasks to queue
[2025-03-22T09:17:43.704+0000] {logging_mixin.py:190} INFO - [2025-03-22T09:17:43.703+0000] {dagbag.py:588} INFO - Filling up the DagBag from /home/airflow/.local/lib/python3.12/site-packages/airflow/example_dags/example_bash_operator.py
[2025-03-22T09:17:43.718+0000] {processor.py:925} INFO - DAG(s) 'example_bash_operator' retrieved from /home/airflow/.local/lib/python3.12/site-packages/airflow/example_dags/example_bash_operator.py
[2025-03-22T09:17:43.750+0000] {logging_mixin.py:190} INFO - [2025-03-22T09:17:43.750+0000] {dag.py:3239} INFO - Sync 1 DAGs
[2025-03-22T09:17:43.778+0000] {logging_mixin.py:190} INFO - [2025-03-22T09:17:43.778+0000] {dag.py:4180} INFO - Setting next_dagrun for example_bash_operator to 2025-03-21 00:00:00+00:00, run_after=2025-03-22 00:00:00+00:00
[2025-03-22T09:17:43.802+0000] {processor.py:208} INFO - Processing /home/airflow/.local/lib/python3.12/site-packages/airflow/example_dags/example_bash_operator.py took 0.106 seconds
[2025-03-22T09:18:13.875+0000] {processor.py:186} INFO - Started process (PID=2612) to work on /home/airflow/.local/lib/python3.12/site-packages/airflow/example_dags/example_bash_operator.py
[2025-03-22T09:18:13.876+0000] {processor.py:914} INFO - Processing file /home/airflow/.local/lib/python3.12/site-packages/airflow/example_dags/example_bash_operator.py for tasks to queue
[2025-03-22T09:18:13.877+0000] {logging_mixin.py:190} INFO - [2025-03-22T09:18:13.877+0000] {dagbag.py:588} INFO - Filling up the DagBag from /home/airflow/.local/lib/python3.12/site-packages/airflow/example_dags/example_bash_operator.py
[2025-03-22T09:18:13.887+0000] {processor.py:925} INFO - DAG(s) 'example_bash_operator' retrieved from /home/airflow/.local/lib/python3.12/site-packages/airflow/example_dags/example_bash_operator.py
[2025-03-22T09:18:13.913+0000] {logging_mixin.py:190} INFO - [2025-03-22T09:18:13.913+0000] {dag.py:3239} INFO - Sync 1 DAGs
[2025-03-22T09:18:13.939+0000] {logging_mixin.py:190} INFO - [2025-03-22T09:18:13.938+0000] {dag.py:4180} INFO - Setting next_dagrun for example_bash_operator to 2025-03-21 00:00:00+00:00, run_after=2025-03-22 00:00:00+00:00
[2025-03-22T09:18:13.955+0000] {processor.py:208} INFO - Processing /home/airflow/.local/lib/python3.12/site-packages/airflow/example_dags/example_bash_operator.py took 0.086 seconds
[2025-03-22T09:18:44.435+0000] {processor.py:186} INFO - Started process (PID=2678) to work on /home/airflow/.local/lib/python3.12/site-packages/airflow/example_dags/example_bash_operator.py
[2025-03-22T09:18:44.435+0000] {processor.py:914} INFO - Processing file /home/airflow/.local/lib/python3.12/site-packages/airflow/example_dags/example_bash_operator.py for tasks to queue
[2025-03-22T09:18:44.436+0000] {logging_mixin.py:190} INFO - [2025-03-22T09:18:44.436+0000] {dagbag.py:588} INFO - Filling up the DagBag from /home/airflow/.local/lib/python3.12/site-packages/airflow/example_dags/example_bash_operator.py
[2025-03-22T09:18:44.447+0000] {processor.py:925} INFO - DAG(s) 'example_bash_operator' retrieved from /home/airflow/.local/lib/python3.12/site-packages/airflow/example_dags/example_bash_operator.py
[2025-03-22T09:18:44.475+0000] {logging_mixin.py:190} INFO - [2025-03-22T09:18:44.475+0000] {dag.py:3239} INFO - Sync 1 DAGs
[2025-03-22T09:18:44.502+0000] {logging_mixin.py:190} INFO - [2025-03-22T09:18:44.502+0000] {dag.py:4180} INFO - Setting next_dagrun for example_bash_operator to 2025-03-21 00:00:00+00:00, run_after=2025-03-22 00:00:00+00:00
[2025-03-22T09:18:44.519+0000] {processor.py:208} INFO - Processing /home/airflow/.local/lib/python3.12/site-packages/airflow/example_dags/example_bash_operator.py took 0.089 seconds
[2025-03-22T09:19:14.650+0000] {processor.py:186} INFO - Started process (PID=2742) to work on /home/airflow/.local/lib/python3.12/site-packages/airflow/example_dags/example_bash_operator.py
[2025-03-22T09:19:14.651+0000] {processor.py:914} INFO - Processing file /home/airflow/.local/lib/python3.12/site-packages/airflow/example_dags/example_bash_operator.py for tasks to queue
[2025-03-22T09:19:14.652+0000] {logging_mixin.py:190} INFO - [2025-03-22T09:19:14.652+0000] {dagbag.py:588} INFO - Filling up the DagBag from /home/airflow/.local/lib/python3.12/site-packages/airflow/example_dags/example_bash_operator.py
[2025-03-22T09:19:14.663+0000] {processor.py:925} INFO - DAG(s) 'example_bash_operator' retrieved from /home/airflow/.local/lib/python3.12/site-packages/airflow/example_dags/example_bash_operator.py
[2025-03-22T09:19:14.687+0000] {logging_mixin.py:190} INFO - [2025-03-22T09:19:14.687+0000] {dag.py:3239} INFO - Sync 1 DAGs
[2025-03-22T09:19:14.708+0000] {logging_mixin.py:190} INFO - [2025-03-22T09:19:14.708+0000] {dag.py:4180} INFO - Setting next_dagrun for example_bash_operator to 2025-03-21 00:00:00+00:00, run_after=2025-03-22 00:00:00+00:00
[2025-03-22T09:19:14.724+0000] {processor.py:208} INFO - Processing /home/airflow/.local/lib/python3.12/site-packages/airflow/example_dags/example_bash_operator.py took 0.079 seconds
[2025-03-22T09:19:44.766+0000] {processor.py:186} INFO - Started process (PID=2806) to work on /home/airflow/.local/lib/python3.12/site-packages/airflow/example_dags/example_bash_operator.py
[2025-03-22T09:19:44.767+0000] {processor.py:914} INFO - Processing file /home/airflow/.local/lib/python3.12/site-packages/airflow/example_dags/example_bash_operator.py for tasks to queue
[2025-03-22T09:19:44.768+0000] {logging_mixin.py:190} INFO - [2025-03-22T09:19:44.768+0000] {dagbag.py:588} INFO - Filling up the DagBag from /home/airflow/.local/lib/python3.12/site-packages/airflow/example_dags/example_bash_operator.py
[2025-03-22T09:19:44.779+0000] {processor.py:925} INFO - DAG(s) 'example_bash_operator' retrieved from /home/airflow/.local/lib/python3.12/site-packages/airflow/example_dags/example_bash_operator.py
[2025-03-22T09:19:44.803+0000] {logging_mixin.py:190} INFO - [2025-03-22T09:19:44.803+0000] {dag.py:3239} INFO - Sync 1 DAGs
[2025-03-22T09:19:44.823+0000] {logging_mixin.py:190} INFO - [2025-03-22T09:19:44.823+0000] {dag.py:4180} INFO - Setting next_dagrun for example_bash_operator to 2025-03-21 00:00:00+00:00, run_after=2025-03-22 00:00:00+00:00
[2025-03-22T09:19:44.840+0000] {processor.py:208} INFO - Processing /home/airflow/.local/lib/python3.12/site-packages/airflow/example_dags/example_bash_operator.py took 0.079 seconds
[2025-03-22T09:20:15.346+0000] {processor.py:186} INFO - Started process (PID=2870) to work on /home/airflow/.local/lib/python3.12/site-packages/airflow/example_dags/example_bash_operator.py
[2025-03-22T09:20:15.347+0000] {processor.py:914} INFO - Processing file /home/airflow/.local/lib/python3.12/site-packages/airflow/example_dags/example_bash_operator.py for tasks to queue
[2025-03-22T09:20:15.348+0000] {logging_mixin.py:190} INFO - [2025-03-22T09:20:15.348+0000] {dagbag.py:588} INFO - Filling up the DagBag from /home/airflow/.local/lib/python3.12/site-packages/airflow/example_dags/example_bash_operator.py
[2025-03-22T09:20:15.360+0000] {processor.py:925} INFO - DAG(s) 'example_bash_operator' retrieved from /home/airflow/.local/lib/python3.12/site-packages/airflow/example_dags/example_bash_operator.py
[2025-03-22T09:20:15.384+0000] {logging_mixin.py:190} INFO - [2025-03-22T09:20:15.384+0000] {dag.py:3239} INFO - Sync 1 DAGs
[2025-03-22T09:20:15.406+0000] {logging_mixin.py:190} INFO - [2025-03-22T09:20:15.406+0000] {dag.py:4180} INFO - Setting next_dagrun for example_bash_operator to 2025-03-21 00:00:00+00:00, run_after=2025-03-22 00:00:00+00:00
[2025-03-22T09:20:15.423+0000] {processor.py:208} INFO - Processing /home/airflow/.local/lib/python3.12/site-packages/airflow/example_dags/example_bash_operator.py took 0.082 seconds
[2025-03-22T09:20:45.467+0000] {processor.py:186} INFO - Started process (PID=2934) to work on /home/airflow/.local/lib/python3.12/site-packages/airflow/example_dags/example_bash_operator.py
[2025-03-22T09:20:45.468+0000] {processor.py:914} INFO - Processing file /home/airflow/.local/lib/python3.12/site-packages/airflow/example_dags/example_bash_operator.py for tasks to queue
[2025-03-22T09:20:45.469+0000] {logging_mixin.py:190} INFO - [2025-03-22T09:20:45.469+0000] {dagbag.py:588} INFO - Filling up the DagBag from /home/airflow/.local/lib/python3.12/site-packages/airflow/example_dags/example_bash_operator.py
[2025-03-22T09:20:45.481+0000] {processor.py:925} INFO - DAG(s) 'example_bash_operator' retrieved from /home/airflow/.local/lib/python3.12/site-packages/airflow/example_dags/example_bash_operator.py
[2025-03-22T09:20:45.505+0000] {logging_mixin.py:190} INFO - [2025-03-22T09:20:45.505+0000] {dag.py:3239} INFO - Sync 1 DAGs
[2025-03-22T09:20:45.526+0000] {logging_mixin.py:190} INFO - [2025-03-22T09:20:45.526+0000] {dag.py:4180} INFO - Setting next_dagrun for example_bash_operator to 2025-03-21 00:00:00+00:00, run_after=2025-03-22 00:00:00+00:00
[2025-03-22T09:20:45.542+0000] {processor.py:208} INFO - Processing /home/airflow/.local/lib/python3.12/site-packages/airflow/example_dags/example_bash_operator.py took 0.081 seconds
[2025-03-22T09:21:16.458+0000] {processor.py:186} INFO - Started process (PID=2997) to work on /home/airflow/.local/lib/python3.12/site-packages/airflow/example_dags/example_bash_operator.py
[2025-03-22T09:21:16.459+0000] {processor.py:914} INFO - Processing file /home/airflow/.local/lib/python3.12/site-packages/airflow/example_dags/example_bash_operator.py for tasks to queue
[2025-03-22T09:21:16.461+0000] {logging_mixin.py:190} INFO - [2025-03-22T09:21:16.461+0000] {dagbag.py:588} INFO - Filling up the DagBag from /home/airflow/.local/lib/python3.12/site-packages/airflow/example_dags/example_bash_operator.py
[2025-03-22T09:21:16.480+0000] {processor.py:925} INFO - DAG(s) 'example_bash_operator' retrieved from /home/airflow/.local/lib/python3.12/site-packages/airflow/example_dags/example_bash_operator.py
[2025-03-22T09:21:16.515+0000] {logging_mixin.py:190} INFO - [2025-03-22T09:21:16.515+0000] {dag.py:3239} INFO - Sync 1 DAGs
[2025-03-22T09:21:16.550+0000] {logging_mixin.py:190} INFO - [2025-03-22T09:21:16.549+0000] {dag.py:4180} INFO - Setting next_dagrun for example_bash_operator to 2025-03-21 00:00:00+00:00, run_after=2025-03-22 00:00:00+00:00
[2025-03-22T09:21:16.604+0000] {processor.py:208} INFO - Processing /home/airflow/.local/lib/python3.12/site-packages/airflow/example_dags/example_bash_operator.py took 0.155 seconds
[2025-03-22T09:21:46.678+0000] {processor.py:186} INFO - Started process (PID=3061) to work on /home/airflow/.local/lib/python3.12/site-packages/airflow/example_dags/example_bash_operator.py
[2025-03-22T09:21:46.679+0000] {processor.py:914} INFO - Processing file /home/airflow/.local/lib/python3.12/site-packages/airflow/example_dags/example_bash_operator.py for tasks to queue
[2025-03-22T09:21:46.680+0000] {logging_mixin.py:190} INFO - [2025-03-22T09:21:46.679+0000] {dagbag.py:588} INFO - Filling up the DagBag from /home/airflow/.local/lib/python3.12/site-packages/airflow/example_dags/example_bash_operator.py
[2025-03-22T09:21:46.695+0000] {processor.py:925} INFO - DAG(s) 'example_bash_operator' retrieved from /home/airflow/.local/lib/python3.12/site-packages/airflow/example_dags/example_bash_operator.py
[2025-03-22T09:21:46.724+0000] {logging_mixin.py:190} INFO - [2025-03-22T09:21:46.724+0000] {dag.py:3239} INFO - Sync 1 DAGs
[2025-03-22T09:21:46.752+0000] {logging_mixin.py:190} INFO - [2025-03-22T09:21:46.752+0000] {dag.py:4180} INFO - Setting next_dagrun for example_bash_operator to 2025-03-21 00:00:00+00:00, run_after=2025-03-22 00:00:00+00:00
[2025-03-22T09:21:46.774+0000] {processor.py:208} INFO - Processing /home/airflow/.local/lib/python3.12/site-packages/airflow/example_dags/example_bash_operator.py took 0.100 seconds
[2025-03-22T09:22:16.918+0000] {processor.py:186} INFO - Started process (PID=3124) to work on /home/airflow/.local/lib/python3.12/site-packages/airflow/example_dags/example_bash_operator.py
[2025-03-22T09:22:16.919+0000] {processor.py:914} INFO - Processing file /home/airflow/.local/lib/python3.12/site-packages/airflow/example_dags/example_bash_operator.py for tasks to queue
[2025-03-22T09:22:16.921+0000] {logging_mixin.py:190} INFO - [2025-03-22T09:22:16.921+0000] {dagbag.py:588} INFO - Filling up the DagBag from /home/airflow/.local/lib/python3.12/site-packages/airflow/example_dags/example_bash_operator.py
[2025-03-22T09:22:16.941+0000] {processor.py:925} INFO - DAG(s) 'example_bash_operator' retrieved from /home/airflow/.local/lib/python3.12/site-packages/airflow/example_dags/example_bash_operator.py
[2025-03-22T09:22:16.983+0000] {logging_mixin.py:190} INFO - [2025-03-22T09:22:16.983+0000] {dag.py:3239} INFO - Sync 1 DAGs
[2025-03-22T09:22:17.024+0000] {logging_mixin.py:190} INFO - [2025-03-22T09:22:17.024+0000] {dag.py:4180} INFO - Setting next_dagrun for example_bash_operator to 2025-03-21 00:00:00+00:00, run_after=2025-03-22 00:00:00+00:00
[2025-03-22T09:22:17.062+0000] {processor.py:208} INFO - Processing /home/airflow/.local/lib/python3.12/site-packages/airflow/example_dags/example_bash_operator.py took 0.153 seconds
[2025-03-22T09:22:47.915+0000] {processor.py:186} INFO - Started process (PID=3189) to work on /home/airflow/.local/lib/python3.12/site-packages/airflow/example_dags/example_bash_operator.py
[2025-03-22T09:22:47.916+0000] {processor.py:914} INFO - Processing file /home/airflow/.local/lib/python3.12/site-packages/airflow/example_dags/example_bash_operator.py for tasks to queue
[2025-03-22T09:22:47.918+0000] {logging_mixin.py:190} INFO - [2025-03-22T09:22:47.917+0000] {dagbag.py:588} INFO - Filling up the DagBag from /home/airflow/.local/lib/python3.12/site-packages/airflow/example_dags/example_bash_operator.py
[2025-03-22T09:22:47.940+0000] {processor.py:925} INFO - DAG(s) 'example_bash_operator' retrieved from /home/airflow/.local/lib/python3.12/site-packages/airflow/example_dags/example_bash_operator.py
[2025-03-22T09:22:47.975+0000] {logging_mixin.py:190} INFO - [2025-03-22T09:22:47.975+0000] {dag.py:3239} INFO - Sync 1 DAGs
[2025-03-22T09:22:48.001+0000] {logging_mixin.py:190} INFO - [2025-03-22T09:22:48.001+0000] {dag.py:4180} INFO - Setting next_dagrun for example_bash_operator to 2025-03-21 00:00:00+00:00, run_after=2025-03-22 00:00:00+00:00
[2025-03-22T09:22:48.019+0000] {processor.py:208} INFO - Processing /home/airflow/.local/lib/python3.12/site-packages/airflow/example_dags/example_bash_operator.py took 0.113 seconds
[2025-03-22T09:23:18.083+0000] {processor.py:186} INFO - Started process (PID=3252) to work on /home/airflow/.local/lib/python3.12/site-packages/airflow/example_dags/example_bash_operator.py
[2025-03-22T09:23:18.084+0000] {processor.py:914} INFO - Processing file /home/airflow/.local/lib/python3.12/site-packages/airflow/example_dags/example_bash_operator.py for tasks to queue
[2025-03-22T09:23:18.085+0000] {logging_mixin.py:190} INFO - [2025-03-22T09:23:18.085+0000] {dagbag.py:588} INFO - Filling up the DagBag from /home/airflow/.local/lib/python3.12/site-packages/airflow/example_dags/example_bash_operator.py
[2025-03-22T09:23:18.100+0000] {processor.py:925} INFO - DAG(s) 'example_bash_operator' retrieved from /home/airflow/.local/lib/python3.12/site-packages/airflow/example_dags/example_bash_operator.py
[2025-03-22T09:23:18.130+0000] {logging_mixin.py:190} INFO - [2025-03-22T09:23:18.130+0000] {dag.py:3239} INFO - Sync 1 DAGs
[2025-03-22T09:23:18.154+0000] {logging_mixin.py:190} INFO - [2025-03-22T09:23:18.154+0000] {dag.py:4180} INFO - Setting next_dagrun for example_bash_operator to 2025-03-21 00:00:00+00:00, run_after=2025-03-22 00:00:00+00:00
[2025-03-22T09:23:18.172+0000] {processor.py:208} INFO - Processing /home/airflow/.local/lib/python3.12/site-packages/airflow/example_dags/example_bash_operator.py took 0.095 seconds
[2025-03-22T09:23:48.439+0000] {processor.py:186} INFO - Started process (PID=3317) to work on /home/airflow/.local/lib/python3.12/site-packages/airflow/example_dags/example_bash_operator.py
[2025-03-22T09:23:48.440+0000] {processor.py:914} INFO - Processing file /home/airflow/.local/lib/python3.12/site-packages/airflow/example_dags/example_bash_operator.py for tasks to queue
[2025-03-22T09:23:48.442+0000] {logging_mixin.py:190} INFO - [2025-03-22T09:23:48.441+0000] {dagbag.py:588} INFO - Filling up the DagBag from /home/airflow/.local/lib/python3.12/site-packages/airflow/example_dags/example_bash_operator.py
[2025-03-22T09:23:48.453+0000] {processor.py:925} INFO - DAG(s) 'example_bash_operator' retrieved from /home/airflow/.local/lib/python3.12/site-packages/airflow/example_dags/example_bash_operator.py
[2025-03-22T09:23:48.478+0000] {logging_mixin.py:190} INFO - [2025-03-22T09:23:48.478+0000] {dag.py:3239} INFO - Sync 1 DAGs
[2025-03-22T09:23:48.503+0000] {logging_mixin.py:190} INFO - [2025-03-22T09:23:48.503+0000] {dag.py:4180} INFO - Setting next_dagrun for example_bash_operator to 2025-03-21 00:00:00+00:00, run_after=2025-03-22 00:00:00+00:00
[2025-03-22T09:23:48.520+0000] {processor.py:208} INFO - Processing /home/airflow/.local/lib/python3.12/site-packages/airflow/example_dags/example_bash_operator.py took 0.087 seconds
[2025-03-22T09:24:18.810+0000] {processor.py:186} INFO - Started process (PID=3381) to work on /home/airflow/.local/lib/python3.12/site-packages/airflow/example_dags/example_bash_operator.py
[2025-03-22T09:24:18.811+0000] {processor.py:914} INFO - Processing file /home/airflow/.local/lib/python3.12/site-packages/airflow/example_dags/example_bash_operator.py for tasks to queue
[2025-03-22T09:24:18.812+0000] {logging_mixin.py:190} INFO - [2025-03-22T09:24:18.811+0000] {dagbag.py:588} INFO - Filling up the DagBag from /home/airflow/.local/lib/python3.12/site-packages/airflow/example_dags/example_bash_operator.py
[2025-03-22T09:24:18.823+0000] {processor.py:925} INFO - DAG(s) 'example_bash_operator' retrieved from /home/airflow/.local/lib/python3.12/site-packages/airflow/example_dags/example_bash_operator.py
[2025-03-22T09:24:18.845+0000] {logging_mixin.py:190} INFO - [2025-03-22T09:24:18.845+0000] {dag.py:3239} INFO - Sync 1 DAGs
[2025-03-22T09:24:18.871+0000] {logging_mixin.py:190} INFO - [2025-03-22T09:24:18.870+0000] {dag.py:4180} INFO - Setting next_dagrun for example_bash_operator to 2025-03-21 00:00:00+00:00, run_after=2025-03-22 00:00:00+00:00
[2025-03-22T09:24:18.886+0000] {processor.py:208} INFO - Processing /home/airflow/.local/lib/python3.12/site-packages/airflow/example_dags/example_bash_operator.py took 0.081 seconds
[2025-03-22T09:24:49.558+0000] {processor.py:186} INFO - Started process (PID=3445) to work on /home/airflow/.local/lib/python3.12/site-packages/airflow/example_dags/example_bash_operator.py
[2025-03-22T09:24:49.559+0000] {processor.py:914} INFO - Processing file /home/airflow/.local/lib/python3.12/site-packages/airflow/example_dags/example_bash_operator.py for tasks to queue
[2025-03-22T09:24:49.560+0000] {logging_mixin.py:190} INFO - [2025-03-22T09:24:49.560+0000] {dagbag.py:588} INFO - Filling up the DagBag from /home/airflow/.local/lib/python3.12/site-packages/airflow/example_dags/example_bash_operator.py
[2025-03-22T09:24:49.572+0000] {processor.py:925} INFO - DAG(s) 'example_bash_operator' retrieved from /home/airflow/.local/lib/python3.12/site-packages/airflow/example_dags/example_bash_operator.py
[2025-03-22T09:24:49.598+0000] {logging_mixin.py:190} INFO - [2025-03-22T09:24:49.598+0000] {dag.py:3239} INFO - Sync 1 DAGs
[2025-03-22T09:24:49.620+0000] {logging_mixin.py:190} INFO - [2025-03-22T09:24:49.620+0000] {dag.py:4180} INFO - Setting next_dagrun for example_bash_operator to 2025-03-21 00:00:00+00:00, run_after=2025-03-22 00:00:00+00:00
[2025-03-22T09:24:49.655+0000] {processor.py:208} INFO - Processing /home/airflow/.local/lib/python3.12/site-packages/airflow/example_dags/example_bash_operator.py took 0.102 seconds
[2025-03-22T09:25:19.806+0000] {processor.py:186} INFO - Started process (PID=3509) to work on /home/airflow/.local/lib/python3.12/site-packages/airflow/example_dags/example_bash_operator.py
[2025-03-22T09:25:19.807+0000] {processor.py:914} INFO - Processing file /home/airflow/.local/lib/python3.12/site-packages/airflow/example_dags/example_bash_operator.py for tasks to queue
[2025-03-22T09:25:19.809+0000] {logging_mixin.py:190} INFO - [2025-03-22T09:25:19.808+0000] {dagbag.py:588} INFO - Filling up the DagBag from /home/airflow/.local/lib/python3.12/site-packages/airflow/example_dags/example_bash_operator.py
[2025-03-22T09:25:19.820+0000] {processor.py:925} INFO - DAG(s) 'example_bash_operator' retrieved from /home/airflow/.local/lib/python3.12/site-packages/airflow/example_dags/example_bash_operator.py
[2025-03-22T09:25:19.844+0000] {logging_mixin.py:190} INFO - [2025-03-22T09:25:19.844+0000] {dag.py:3239} INFO - Sync 1 DAGs
[2025-03-22T09:25:19.872+0000] {logging_mixin.py:190} INFO - [2025-03-22T09:25:19.872+0000] {dag.py:4180} INFO - Setting next_dagrun for example_bash_operator to 2025-03-21 00:00:00+00:00, run_after=2025-03-22 00:00:00+00:00
[2025-03-22T09:25:19.889+0000] {processor.py:208} INFO - Processing /home/airflow/.local/lib/python3.12/site-packages/airflow/example_dags/example_bash_operator.py took 0.089 seconds
[2025-03-22T09:25:50.096+0000] {processor.py:186} INFO - Started process (PID=3573) to work on /home/airflow/.local/lib/python3.12/site-packages/airflow/example_dags/example_bash_operator.py
[2025-03-22T09:25:50.097+0000] {processor.py:914} INFO - Processing file /home/airflow/.local/lib/python3.12/site-packages/airflow/example_dags/example_bash_operator.py for tasks to queue
[2025-03-22T09:25:50.098+0000] {logging_mixin.py:190} INFO - [2025-03-22T09:25:50.098+0000] {dagbag.py:588} INFO - Filling up the DagBag from /home/airflow/.local/lib/python3.12/site-packages/airflow/example_dags/example_bash_operator.py
[2025-03-22T09:25:50.111+0000] {processor.py:925} INFO - DAG(s) 'example_bash_operator' retrieved from /home/airflow/.local/lib/python3.12/site-packages/airflow/example_dags/example_bash_operator.py
[2025-03-22T09:25:50.141+0000] {logging_mixin.py:190} INFO - [2025-03-22T09:25:50.140+0000] {dag.py:3239} INFO - Sync 1 DAGs
[2025-03-22T09:25:50.163+0000] {logging_mixin.py:190} INFO - [2025-03-22T09:25:50.163+0000] {dag.py:4180} INFO - Setting next_dagrun for example_bash_operator to 2025-03-21 00:00:00+00:00, run_after=2025-03-22 00:00:00+00:00
[2025-03-22T09:25:50.186+0000] {processor.py:208} INFO - Processing /home/airflow/.local/lib/python3.12/site-packages/airflow/example_dags/example_bash_operator.py took 0.097 seconds
[2025-03-22T09:26:20.571+0000] {processor.py:186} INFO - Started process (PID=3637) to work on /home/airflow/.local/lib/python3.12/site-packages/airflow/example_dags/example_bash_operator.py
[2025-03-22T09:26:20.571+0000] {processor.py:914} INFO - Processing file /home/airflow/.local/lib/python3.12/site-packages/airflow/example_dags/example_bash_operator.py for tasks to queue
[2025-03-22T09:26:20.573+0000] {logging_mixin.py:190} INFO - [2025-03-22T09:26:20.572+0000] {dagbag.py:588} INFO - Filling up the DagBag from /home/airflow/.local/lib/python3.12/site-packages/airflow/example_dags/example_bash_operator.py
[2025-03-22T09:26:20.586+0000] {processor.py:925} INFO - DAG(s) 'example_bash_operator' retrieved from /home/airflow/.local/lib/python3.12/site-packages/airflow/example_dags/example_bash_operator.py
[2025-03-22T09:26:20.617+0000] {logging_mixin.py:190} INFO - [2025-03-22T09:26:20.617+0000] {dag.py:3239} INFO - Sync 1 DAGs
[2025-03-22T09:26:20.650+0000] {logging_mixin.py:190} INFO - [2025-03-22T09:26:20.649+0000] {dag.py:4180} INFO - Setting next_dagrun for example_bash_operator to 2025-03-21 00:00:00+00:00, run_after=2025-03-22 00:00:00+00:00
[2025-03-22T09:26:20.671+0000] {processor.py:208} INFO - Processing /home/airflow/.local/lib/python3.12/site-packages/airflow/example_dags/example_bash_operator.py took 0.106 seconds
[2025-03-22T09:26:50.830+0000] {processor.py:186} INFO - Started process (PID=3701) to work on /home/airflow/.local/lib/python3.12/site-packages/airflow/example_dags/example_bash_operator.py
[2025-03-22T09:26:50.831+0000] {processor.py:914} INFO - Processing file /home/airflow/.local/lib/python3.12/site-packages/airflow/example_dags/example_bash_operator.py for tasks to queue
[2025-03-22T09:26:50.833+0000] {logging_mixin.py:190} INFO - [2025-03-22T09:26:50.832+0000] {dagbag.py:588} INFO - Filling up the DagBag from /home/airflow/.local/lib/python3.12/site-packages/airflow/example_dags/example_bash_operator.py
[2025-03-22T09:26:50.850+0000] {processor.py:925} INFO - DAG(s) 'example_bash_operator' retrieved from /home/airflow/.local/lib/python3.12/site-packages/airflow/example_dags/example_bash_operator.py
[2025-03-22T09:26:50.888+0000] {logging_mixin.py:190} INFO - [2025-03-22T09:26:50.888+0000] {dag.py:3239} INFO - Sync 1 DAGs
[2025-03-22T09:26:50.925+0000] {logging_mixin.py:190} INFO - [2025-03-22T09:26:50.925+0000] {dag.py:4180} INFO - Setting next_dagrun for example_bash_operator to 2025-03-21 00:00:00+00:00, run_after=2025-03-22 00:00:00+00:00
[2025-03-22T09:26:50.950+0000] {processor.py:208} INFO - Processing /home/airflow/.local/lib/python3.12/site-packages/airflow/example_dags/example_bash_operator.py took 0.127 seconds
[2025-03-22T09:27:21.627+0000] {processor.py:186} INFO - Started process (PID=3771) to work on /home/airflow/.local/lib/python3.12/site-packages/airflow/example_dags/example_bash_operator.py
[2025-03-22T09:27:21.629+0000] {processor.py:914} INFO - Processing file /home/airflow/.local/lib/python3.12/site-packages/airflow/example_dags/example_bash_operator.py for tasks to queue
[2025-03-22T09:27:21.632+0000] {logging_mixin.py:190} INFO - [2025-03-22T09:27:21.631+0000] {dagbag.py:588} INFO - Filling up the DagBag from /home/airflow/.local/lib/python3.12/site-packages/airflow/example_dags/example_bash_operator.py
[2025-03-22T09:27:21.666+0000] {processor.py:925} INFO - DAG(s) 'example_bash_operator' retrieved from /home/airflow/.local/lib/python3.12/site-packages/airflow/example_dags/example_bash_operator.py
[2025-03-22T09:27:21.716+0000] {logging_mixin.py:190} INFO - [2025-03-22T09:27:21.715+0000] {dag.py:3239} INFO - Sync 1 DAGs
[2025-03-22T09:27:21.762+0000] {logging_mixin.py:190} INFO - [2025-03-22T09:27:21.761+0000] {dag.py:4180} INFO - Setting next_dagrun for example_bash_operator to 2025-03-21 00:00:00+00:00, run_after=2025-03-22 00:00:00+00:00
[2025-03-22T09:27:21.794+0000] {processor.py:208} INFO - Processing /home/airflow/.local/lib/python3.12/site-packages/airflow/example_dags/example_bash_operator.py took 0.186 seconds
[2025-03-22T09:27:52.415+0000] {processor.py:186} INFO - Started process (PID=3835) to work on /home/airflow/.local/lib/python3.12/site-packages/airflow/example_dags/example_bash_operator.py
[2025-03-22T09:27:52.416+0000] {processor.py:914} INFO - Processing file /home/airflow/.local/lib/python3.12/site-packages/airflow/example_dags/example_bash_operator.py for tasks to queue
[2025-03-22T09:27:52.419+0000] {logging_mixin.py:190} INFO - [2025-03-22T09:27:52.418+0000] {dagbag.py:588} INFO - Filling up the DagBag from /home/airflow/.local/lib/python3.12/site-packages/airflow/example_dags/example_bash_operator.py
[2025-03-22T09:27:52.446+0000] {processor.py:925} INFO - DAG(s) 'example_bash_operator' retrieved from /home/airflow/.local/lib/python3.12/site-packages/airflow/example_dags/example_bash_operator.py
[2025-03-22T09:27:52.490+0000] {logging_mixin.py:190} INFO - [2025-03-22T09:27:52.490+0000] {dag.py:3239} INFO - Sync 1 DAGs
[2025-03-22T09:27:52.530+0000] {logging_mixin.py:190} INFO - [2025-03-22T09:27:52.530+0000] {dag.py:4180} INFO - Setting next_dagrun for example_bash_operator to 2025-03-21 00:00:00+00:00, run_after=2025-03-22 00:00:00+00:00
[2025-03-22T09:27:52.561+0000] {processor.py:208} INFO - Processing /home/airflow/.local/lib/python3.12/site-packages/airflow/example_dags/example_bash_operator.py took 0.157 seconds
[2025-03-22T09:28:23.039+0000] {processor.py:186} INFO - Started process (PID=3899) to work on /home/airflow/.local/lib/python3.12/site-packages/airflow/example_dags/example_bash_operator.py
[2025-03-22T09:28:23.041+0000] {processor.py:914} INFO - Processing file /home/airflow/.local/lib/python3.12/site-packages/airflow/example_dags/example_bash_operator.py for tasks to queue
[2025-03-22T09:28:23.043+0000] {logging_mixin.py:190} INFO - [2025-03-22T09:28:23.043+0000] {dagbag.py:588} INFO - Filling up the DagBag from /home/airflow/.local/lib/python3.12/site-packages/airflow/example_dags/example_bash_operator.py
[2025-03-22T09:28:23.067+0000] {processor.py:925} INFO - DAG(s) 'example_bash_operator' retrieved from /home/airflow/.local/lib/python3.12/site-packages/airflow/example_dags/example_bash_operator.py
[2025-03-22T09:28:23.123+0000] {logging_mixin.py:190} INFO - [2025-03-22T09:28:23.123+0000] {dag.py:3239} INFO - Sync 1 DAGs
[2025-03-22T09:28:23.383+0000] {logging_mixin.py:190} INFO - [2025-03-22T09:28:23.382+0000] {dag.py:4180} INFO - Setting next_dagrun for example_bash_operator to 2025-03-21 00:00:00+00:00, run_after=2025-03-22 00:00:00+00:00
[2025-03-22T09:28:23.410+0000] {processor.py:208} INFO - Processing /home/airflow/.local/lib/python3.12/site-packages/airflow/example_dags/example_bash_operator.py took 0.380 seconds
