[2025-03-22T08:57:46.977+0000] {processor.py:186} INFO - Started process (PID=76) to work on /home/airflow/.local/lib/python3.12/site-packages/airflow/example_dags/example_python_operator.py
[2025-03-22T08:57:46.979+0000] {processor.py:914} INFO - Processing file /home/airflow/.local/lib/python3.12/site-packages/airflow/example_dags/example_python_operator.py for tasks to queue
[2025-03-22T08:57:46.982+0000] {logging_mixin.py:190} INFO - [2025-03-22T08:57:46.981+0000] {dagbag.py:588} INFO - Filling up the DagBag from /home/airflow/.local/lib/python3.12/site-packages/airflow/example_dags/example_python_operator.py
[2025-03-22T08:57:46.998+0000] {processor.py:925} INFO - DAG(s) 'example_python_operator' retrieved from /home/airflow/.local/lib/python3.12/site-packages/airflow/example_dags/example_python_operator.py
[2025-03-22T08:57:47.271+0000] {logging_mixin.py:190} INFO - [2025-03-22T08:57:47.269+0000] {override.py:1912} INFO - Created Permission View: can edit on DAG:example_python_operator
[2025-03-22T08:57:47.285+0000] {logging_mixin.py:190} INFO - [2025-03-22T08:57:47.285+0000] {override.py:1912} INFO - Created Permission View: can delete on DAG:example_python_operator
[2025-03-22T08:57:47.324+0000] {logging_mixin.py:190} INFO - [2025-03-22T08:57:47.301+0000] {override.py:1912} INFO - Created Permission View: can read on DAG:example_python_operator
[2025-03-22T08:57:47.353+0000] {logging_mixin.py:190} INFO - [2025-03-22T08:57:47.352+0000] {override.py:1912} INFO - Created Permission View: can delete on DAG Run:example_python_operator
[2025-03-22T08:57:47.368+0000] {logging_mixin.py:190} INFO - [2025-03-22T08:57:47.368+0000] {override.py:1912} INFO - Created Permission View: menu access on DAG Run:example_python_operator
[2025-03-22T08:57:47.390+0000] {logging_mixin.py:190} INFO - [2025-03-22T08:57:47.389+0000] {override.py:1912} INFO - Created Permission View: can create on DAG Run:example_python_operator
[2025-03-22T08:57:47.408+0000] {logging_mixin.py:190} INFO - [2025-03-22T08:57:47.407+0000] {override.py:1912} INFO - Created Permission View: can read on DAG Run:example_python_operator
[2025-03-22T08:57:47.409+0000] {logging_mixin.py:190} INFO - [2025-03-22T08:57:47.409+0000] {dag.py:3239} INFO - Sync 1 DAGs
[2025-03-22T08:57:47.443+0000] {logging_mixin.py:190} INFO - [2025-03-22T08:57:47.443+0000] {dag.py:3262} INFO - Creating ORM DAG for example_python_operator
[2025-03-22T08:57:47.446+0000] {logging_mixin.py:190} INFO - [2025-03-22T08:57:47.445+0000] {dag.py:4180} INFO - Setting next_dagrun for example_python_operator to None, run_after=None
[2025-03-22T08:57:47.480+0000] {processor.py:208} INFO - Processing /home/airflow/.local/lib/python3.12/site-packages/airflow/example_dags/example_python_operator.py took 0.510 seconds
[2025-03-22T08:58:18.169+0000] {processor.py:186} INFO - Started process (PID=145) to work on /home/airflow/.local/lib/python3.12/site-packages/airflow/example_dags/example_python_operator.py
[2025-03-22T08:58:18.170+0000] {processor.py:914} INFO - Processing file /home/airflow/.local/lib/python3.12/site-packages/airflow/example_dags/example_python_operator.py for tasks to queue
[2025-03-22T08:58:18.173+0000] {logging_mixin.py:190} INFO - [2025-03-22T08:58:18.172+0000] {dagbag.py:588} INFO - Filling up the DagBag from /home/airflow/.local/lib/python3.12/site-packages/airflow/example_dags/example_python_operator.py
[2025-03-22T08:58:18.188+0000] {processor.py:925} INFO - DAG(s) 'example_python_operator' retrieved from /home/airflow/.local/lib/python3.12/site-packages/airflow/example_dags/example_python_operator.py
[2025-03-22T08:58:18.223+0000] {logging_mixin.py:190} INFO - [2025-03-22T08:58:18.223+0000] {dag.py:3239} INFO - Sync 1 DAGs
[2025-03-22T08:58:18.248+0000] {logging_mixin.py:190} INFO - [2025-03-22T08:58:18.248+0000] {dag.py:4180} INFO - Setting next_dagrun for example_python_operator to None, run_after=None
[2025-03-22T08:58:18.269+0000] {processor.py:208} INFO - Processing /home/airflow/.local/lib/python3.12/site-packages/airflow/example_dags/example_python_operator.py took 0.107 seconds
[2025-03-22T08:58:49.016+0000] {processor.py:186} INFO - Started process (PID=208) to work on /home/airflow/.local/lib/python3.12/site-packages/airflow/example_dags/example_python_operator.py
[2025-03-22T08:58:49.017+0000] {processor.py:914} INFO - Processing file /home/airflow/.local/lib/python3.12/site-packages/airflow/example_dags/example_python_operator.py for tasks to queue
[2025-03-22T08:58:49.019+0000] {logging_mixin.py:190} INFO - [2025-03-22T08:58:49.019+0000] {dagbag.py:588} INFO - Filling up the DagBag from /home/airflow/.local/lib/python3.12/site-packages/airflow/example_dags/example_python_operator.py
[2025-03-22T08:58:49.029+0000] {processor.py:925} INFO - DAG(s) 'example_python_operator' retrieved from /home/airflow/.local/lib/python3.12/site-packages/airflow/example_dags/example_python_operator.py
[2025-03-22T08:58:49.050+0000] {logging_mixin.py:190} INFO - [2025-03-22T08:58:49.050+0000] {dag.py:3239} INFO - Sync 1 DAGs
[2025-03-22T08:58:49.063+0000] {logging_mixin.py:190} INFO - [2025-03-22T08:58:49.063+0000] {dag.py:4180} INFO - Setting next_dagrun for example_python_operator to None, run_after=None
[2025-03-22T08:58:49.083+0000] {processor.py:208} INFO - Processing /home/airflow/.local/lib/python3.12/site-packages/airflow/example_dags/example_python_operator.py took 0.072 seconds
[2025-03-22T08:59:19.347+0000] {processor.py:186} INFO - Started process (PID=271) to work on /home/airflow/.local/lib/python3.12/site-packages/airflow/example_dags/example_python_operator.py
[2025-03-22T08:59:19.347+0000] {processor.py:914} INFO - Processing file /home/airflow/.local/lib/python3.12/site-packages/airflow/example_dags/example_python_operator.py for tasks to queue
[2025-03-22T08:59:19.349+0000] {logging_mixin.py:190} INFO - [2025-03-22T08:59:19.349+0000] {dagbag.py:588} INFO - Filling up the DagBag from /home/airflow/.local/lib/python3.12/site-packages/airflow/example_dags/example_python_operator.py
[2025-03-22T08:59:19.360+0000] {processor.py:925} INFO - DAG(s) 'example_python_operator' retrieved from /home/airflow/.local/lib/python3.12/site-packages/airflow/example_dags/example_python_operator.py
[2025-03-22T08:59:19.380+0000] {logging_mixin.py:190} INFO - [2025-03-22T08:59:19.380+0000] {dag.py:3239} INFO - Sync 1 DAGs
[2025-03-22T08:59:19.394+0000] {logging_mixin.py:190} INFO - [2025-03-22T08:59:19.394+0000] {dag.py:4180} INFO - Setting next_dagrun for example_python_operator to None, run_after=None
[2025-03-22T08:59:19.410+0000] {processor.py:208} INFO - Processing /home/airflow/.local/lib/python3.12/site-packages/airflow/example_dags/example_python_operator.py took 0.069 seconds
[2025-03-22T08:59:49.780+0000] {processor.py:186} INFO - Started process (PID=334) to work on /home/airflow/.local/lib/python3.12/site-packages/airflow/example_dags/example_python_operator.py
[2025-03-22T08:59:49.781+0000] {processor.py:914} INFO - Processing file /home/airflow/.local/lib/python3.12/site-packages/airflow/example_dags/example_python_operator.py for tasks to queue
[2025-03-22T08:59:49.783+0000] {logging_mixin.py:190} INFO - [2025-03-22T08:59:49.783+0000] {dagbag.py:588} INFO - Filling up the DagBag from /home/airflow/.local/lib/python3.12/site-packages/airflow/example_dags/example_python_operator.py
[2025-03-22T08:59:49.794+0000] {processor.py:925} INFO - DAG(s) 'example_python_operator' retrieved from /home/airflow/.local/lib/python3.12/site-packages/airflow/example_dags/example_python_operator.py
[2025-03-22T08:59:49.814+0000] {logging_mixin.py:190} INFO - [2025-03-22T08:59:49.814+0000] {dag.py:3239} INFO - Sync 1 DAGs
[2025-03-22T08:59:49.828+0000] {logging_mixin.py:190} INFO - [2025-03-22T08:59:49.828+0000] {dag.py:4180} INFO - Setting next_dagrun for example_python_operator to None, run_after=None
[2025-03-22T08:59:49.845+0000] {processor.py:208} INFO - Processing /home/airflow/.local/lib/python3.12/site-packages/airflow/example_dags/example_python_operator.py took 0.070 seconds
[2025-03-22T09:00:20.524+0000] {processor.py:186} INFO - Started process (PID=397) to work on /home/airflow/.local/lib/python3.12/site-packages/airflow/example_dags/example_python_operator.py
[2025-03-22T09:00:20.525+0000] {processor.py:914} INFO - Processing file /home/airflow/.local/lib/python3.12/site-packages/airflow/example_dags/example_python_operator.py for tasks to queue
[2025-03-22T09:00:20.527+0000] {logging_mixin.py:190} INFO - [2025-03-22T09:00:20.527+0000] {dagbag.py:588} INFO - Filling up the DagBag from /home/airflow/.local/lib/python3.12/site-packages/airflow/example_dags/example_python_operator.py
[2025-03-22T09:00:20.538+0000] {processor.py:925} INFO - DAG(s) 'example_python_operator' retrieved from /home/airflow/.local/lib/python3.12/site-packages/airflow/example_dags/example_python_operator.py
[2025-03-22T09:00:20.559+0000] {logging_mixin.py:190} INFO - [2025-03-22T09:00:20.559+0000] {dag.py:3239} INFO - Sync 1 DAGs
[2025-03-22T09:00:20.573+0000] {logging_mixin.py:190} INFO - [2025-03-22T09:00:20.573+0000] {dag.py:4180} INFO - Setting next_dagrun for example_python_operator to None, run_after=None
[2025-03-22T09:00:20.592+0000] {processor.py:208} INFO - Processing /home/airflow/.local/lib/python3.12/site-packages/airflow/example_dags/example_python_operator.py took 0.074 seconds
[2025-03-22T09:00:50.860+0000] {processor.py:186} INFO - Started process (PID=461) to work on /home/airflow/.local/lib/python3.12/site-packages/airflow/example_dags/example_python_operator.py
[2025-03-22T09:00:50.861+0000] {processor.py:914} INFO - Processing file /home/airflow/.local/lib/python3.12/site-packages/airflow/example_dags/example_python_operator.py for tasks to queue
[2025-03-22T09:00:50.863+0000] {logging_mixin.py:190} INFO - [2025-03-22T09:00:50.862+0000] {dagbag.py:588} INFO - Filling up the DagBag from /home/airflow/.local/lib/python3.12/site-packages/airflow/example_dags/example_python_operator.py
[2025-03-22T09:00:50.877+0000] {processor.py:925} INFO - DAG(s) 'example_python_operator' retrieved from /home/airflow/.local/lib/python3.12/site-packages/airflow/example_dags/example_python_operator.py
[2025-03-22T09:00:50.905+0000] {logging_mixin.py:190} INFO - [2025-03-22T09:00:50.905+0000] {dag.py:3239} INFO - Sync 1 DAGs
[2025-03-22T09:00:50.925+0000] {logging_mixin.py:190} INFO - [2025-03-22T09:00:50.925+0000] {dag.py:4180} INFO - Setting next_dagrun for example_python_operator to None, run_after=None
[2025-03-22T09:00:50.954+0000] {processor.py:208} INFO - Processing /home/airflow/.local/lib/python3.12/site-packages/airflow/example_dags/example_python_operator.py took 0.101 seconds
[2025-03-22T09:01:21.190+0000] {processor.py:186} INFO - Started process (PID=524) to work on /home/airflow/.local/lib/python3.12/site-packages/airflow/example_dags/example_python_operator.py
[2025-03-22T09:01:21.191+0000] {processor.py:914} INFO - Processing file /home/airflow/.local/lib/python3.12/site-packages/airflow/example_dags/example_python_operator.py for tasks to queue
[2025-03-22T09:01:21.194+0000] {logging_mixin.py:190} INFO - [2025-03-22T09:01:21.194+0000] {dagbag.py:588} INFO - Filling up the DagBag from /home/airflow/.local/lib/python3.12/site-packages/airflow/example_dags/example_python_operator.py
[2025-03-22T09:01:21.211+0000] {processor.py:925} INFO - DAG(s) 'example_python_operator' retrieved from /home/airflow/.local/lib/python3.12/site-packages/airflow/example_dags/example_python_operator.py
[2025-03-22T09:01:21.241+0000] {logging_mixin.py:190} INFO - [2025-03-22T09:01:21.240+0000] {dag.py:3239} INFO - Sync 1 DAGs
[2025-03-22T09:01:21.259+0000] {logging_mixin.py:190} INFO - [2025-03-22T09:01:21.258+0000] {dag.py:4180} INFO - Setting next_dagrun for example_python_operator to None, run_after=None
[2025-03-22T09:01:21.279+0000] {processor.py:208} INFO - Processing /home/airflow/.local/lib/python3.12/site-packages/airflow/example_dags/example_python_operator.py took 0.097 seconds
[2025-03-22T09:01:52.084+0000] {processor.py:186} INFO - Started process (PID=587) to work on /home/airflow/.local/lib/python3.12/site-packages/airflow/example_dags/example_python_operator.py
[2025-03-22T09:01:52.085+0000] {processor.py:914} INFO - Processing file /home/airflow/.local/lib/python3.12/site-packages/airflow/example_dags/example_python_operator.py for tasks to queue
[2025-03-22T09:01:52.088+0000] {logging_mixin.py:190} INFO - [2025-03-22T09:01:52.087+0000] {dagbag.py:588} INFO - Filling up the DagBag from /home/airflow/.local/lib/python3.12/site-packages/airflow/example_dags/example_python_operator.py
[2025-03-22T09:01:52.102+0000] {processor.py:925} INFO - DAG(s) 'example_python_operator' retrieved from /home/airflow/.local/lib/python3.12/site-packages/airflow/example_dags/example_python_operator.py
[2025-03-22T09:01:52.128+0000] {logging_mixin.py:190} INFO - [2025-03-22T09:01:52.127+0000] {dag.py:3239} INFO - Sync 1 DAGs
[2025-03-22T09:01:52.145+0000] {logging_mixin.py:190} INFO - [2025-03-22T09:01:52.144+0000] {dag.py:4180} INFO - Setting next_dagrun for example_python_operator to None, run_after=None
[2025-03-22T09:01:52.164+0000] {processor.py:208} INFO - Processing /home/airflow/.local/lib/python3.12/site-packages/airflow/example_dags/example_python_operator.py took 0.087 seconds
[2025-03-22T09:02:22.517+0000] {processor.py:186} INFO - Started process (PID=650) to work on /home/airflow/.local/lib/python3.12/site-packages/airflow/example_dags/example_python_operator.py
[2025-03-22T09:02:22.518+0000] {processor.py:914} INFO - Processing file /home/airflow/.local/lib/python3.12/site-packages/airflow/example_dags/example_python_operator.py for tasks to queue
[2025-03-22T09:02:22.521+0000] {logging_mixin.py:190} INFO - [2025-03-22T09:02:22.521+0000] {dagbag.py:588} INFO - Filling up the DagBag from /home/airflow/.local/lib/python3.12/site-packages/airflow/example_dags/example_python_operator.py
[2025-03-22T09:02:22.539+0000] {processor.py:925} INFO - DAG(s) 'example_python_operator' retrieved from /home/airflow/.local/lib/python3.12/site-packages/airflow/example_dags/example_python_operator.py
[2025-03-22T09:02:22.567+0000] {logging_mixin.py:190} INFO - [2025-03-22T09:02:22.567+0000] {dag.py:3239} INFO - Sync 1 DAGs
[2025-03-22T09:02:22.586+0000] {logging_mixin.py:190} INFO - [2025-03-22T09:02:22.586+0000] {dag.py:4180} INFO - Setting next_dagrun for example_python_operator to None, run_after=None
[2025-03-22T09:02:22.611+0000] {processor.py:208} INFO - Processing /home/airflow/.local/lib/python3.12/site-packages/airflow/example_dags/example_python_operator.py took 0.102 seconds
[2025-03-22T09:02:52.726+0000] {processor.py:186} INFO - Started process (PID=713) to work on /home/airflow/.local/lib/python3.12/site-packages/airflow/example_dags/example_python_operator.py
[2025-03-22T09:02:52.727+0000] {processor.py:914} INFO - Processing file /home/airflow/.local/lib/python3.12/site-packages/airflow/example_dags/example_python_operator.py for tasks to queue
[2025-03-22T09:02:52.730+0000] {logging_mixin.py:190} INFO - [2025-03-22T09:02:52.729+0000] {dagbag.py:588} INFO - Filling up the DagBag from /home/airflow/.local/lib/python3.12/site-packages/airflow/example_dags/example_python_operator.py
[2025-03-22T09:02:52.741+0000] {processor.py:925} INFO - DAG(s) 'example_python_operator' retrieved from /home/airflow/.local/lib/python3.12/site-packages/airflow/example_dags/example_python_operator.py
[2025-03-22T09:02:52.764+0000] {logging_mixin.py:190} INFO - [2025-03-22T09:02:52.764+0000] {dag.py:3239} INFO - Sync 1 DAGs
[2025-03-22T09:02:52.783+0000] {logging_mixin.py:190} INFO - [2025-03-22T09:02:52.782+0000] {dag.py:4180} INFO - Setting next_dagrun for example_python_operator to None, run_after=None
[2025-03-22T09:02:52.805+0000] {processor.py:208} INFO - Processing /home/airflow/.local/lib/python3.12/site-packages/airflow/example_dags/example_python_operator.py took 0.084 seconds
[2025-03-22T09:03:23.369+0000] {processor.py:186} INFO - Started process (PID=776) to work on /home/airflow/.local/lib/python3.12/site-packages/airflow/example_dags/example_python_operator.py
[2025-03-22T09:03:23.371+0000] {processor.py:914} INFO - Processing file /home/airflow/.local/lib/python3.12/site-packages/airflow/example_dags/example_python_operator.py for tasks to queue
[2025-03-22T09:03:23.373+0000] {logging_mixin.py:190} INFO - [2025-03-22T09:03:23.372+0000] {dagbag.py:588} INFO - Filling up the DagBag from /home/airflow/.local/lib/python3.12/site-packages/airflow/example_dags/example_python_operator.py
[2025-03-22T09:03:23.396+0000] {processor.py:925} INFO - DAG(s) 'example_python_operator' retrieved from /home/airflow/.local/lib/python3.12/site-packages/airflow/example_dags/example_python_operator.py
[2025-03-22T09:03:23.427+0000] {logging_mixin.py:190} INFO - [2025-03-22T09:03:23.427+0000] {dag.py:3239} INFO - Sync 1 DAGs
[2025-03-22T09:03:23.447+0000] {logging_mixin.py:190} INFO - [2025-03-22T09:03:23.447+0000] {dag.py:4180} INFO - Setting next_dagrun for example_python_operator to None, run_after=None
[2025-03-22T09:03:23.481+0000] {processor.py:208} INFO - Processing /home/airflow/.local/lib/python3.12/site-packages/airflow/example_dags/example_python_operator.py took 0.118 seconds
[2025-03-22T09:03:54.075+0000] {processor.py:186} INFO - Started process (PID=839) to work on /home/airflow/.local/lib/python3.12/site-packages/airflow/example_dags/example_python_operator.py
[2025-03-22T09:03:54.076+0000] {processor.py:914} INFO - Processing file /home/airflow/.local/lib/python3.12/site-packages/airflow/example_dags/example_python_operator.py for tasks to queue
[2025-03-22T09:03:54.083+0000] {logging_mixin.py:190} INFO - [2025-03-22T09:03:54.082+0000] {dagbag.py:588} INFO - Filling up the DagBag from /home/airflow/.local/lib/python3.12/site-packages/airflow/example_dags/example_python_operator.py
[2025-03-22T09:03:54.105+0000] {processor.py:925} INFO - DAG(s) 'example_python_operator' retrieved from /home/airflow/.local/lib/python3.12/site-packages/airflow/example_dags/example_python_operator.py
[2025-03-22T09:03:54.139+0000] {logging_mixin.py:190} INFO - [2025-03-22T09:03:54.139+0000] {dag.py:3239} INFO - Sync 1 DAGs
[2025-03-22T09:03:54.168+0000] {logging_mixin.py:190} INFO - [2025-03-22T09:03:54.167+0000] {dag.py:4180} INFO - Setting next_dagrun for example_python_operator to None, run_after=None
[2025-03-22T09:03:54.200+0000] {processor.py:208} INFO - Processing /home/airflow/.local/lib/python3.12/site-packages/airflow/example_dags/example_python_operator.py took 0.133 seconds
[2025-03-22T09:04:24.451+0000] {processor.py:186} INFO - Started process (PID=902) to work on /home/airflow/.local/lib/python3.12/site-packages/airflow/example_dags/example_python_operator.py
[2025-03-22T09:04:24.452+0000] {processor.py:914} INFO - Processing file /home/airflow/.local/lib/python3.12/site-packages/airflow/example_dags/example_python_operator.py for tasks to queue
[2025-03-22T09:04:24.455+0000] {logging_mixin.py:190} INFO - [2025-03-22T09:04:24.454+0000] {dagbag.py:588} INFO - Filling up the DagBag from /home/airflow/.local/lib/python3.12/site-packages/airflow/example_dags/example_python_operator.py
[2025-03-22T09:04:24.470+0000] {processor.py:925} INFO - DAG(s) 'example_python_operator' retrieved from /home/airflow/.local/lib/python3.12/site-packages/airflow/example_dags/example_python_operator.py
[2025-03-22T09:04:24.494+0000] {logging_mixin.py:190} INFO - [2025-03-22T09:04:24.494+0000] {dag.py:3239} INFO - Sync 1 DAGs
[2025-03-22T09:04:24.510+0000] {logging_mixin.py:190} INFO - [2025-03-22T09:04:24.510+0000] {dag.py:4180} INFO - Setting next_dagrun for example_python_operator to None, run_after=None
[2025-03-22T09:04:24.528+0000] {processor.py:208} INFO - Processing /home/airflow/.local/lib/python3.12/site-packages/airflow/example_dags/example_python_operator.py took 0.083 seconds
[2025-03-22T09:04:55.102+0000] {processor.py:186} INFO - Started process (PID=965) to work on /home/airflow/.local/lib/python3.12/site-packages/airflow/example_dags/example_python_operator.py
[2025-03-22T09:04:55.103+0000] {processor.py:914} INFO - Processing file /home/airflow/.local/lib/python3.12/site-packages/airflow/example_dags/example_python_operator.py for tasks to queue
[2025-03-22T09:04:55.106+0000] {logging_mixin.py:190} INFO - [2025-03-22T09:04:55.105+0000] {dagbag.py:588} INFO - Filling up the DagBag from /home/airflow/.local/lib/python3.12/site-packages/airflow/example_dags/example_python_operator.py
[2025-03-22T09:04:55.126+0000] {processor.py:925} INFO - DAG(s) 'example_python_operator' retrieved from /home/airflow/.local/lib/python3.12/site-packages/airflow/example_dags/example_python_operator.py
[2025-03-22T09:04:55.162+0000] {logging_mixin.py:190} INFO - [2025-03-22T09:04:55.162+0000] {dag.py:3239} INFO - Sync 1 DAGs
[2025-03-22T09:04:55.191+0000] {logging_mixin.py:190} INFO - [2025-03-22T09:04:55.191+0000] {dag.py:4180} INFO - Setting next_dagrun for example_python_operator to None, run_after=None
[2025-03-22T09:04:55.222+0000] {processor.py:208} INFO - Processing /home/airflow/.local/lib/python3.12/site-packages/airflow/example_dags/example_python_operator.py took 0.128 seconds
[2025-03-22T09:05:25.799+0000] {processor.py:186} INFO - Started process (PID=1028) to work on /home/airflow/.local/lib/python3.12/site-packages/airflow/example_dags/example_python_operator.py
[2025-03-22T09:05:25.800+0000] {processor.py:914} INFO - Processing file /home/airflow/.local/lib/python3.12/site-packages/airflow/example_dags/example_python_operator.py for tasks to queue
[2025-03-22T09:05:25.803+0000] {logging_mixin.py:190} INFO - [2025-03-22T09:05:25.802+0000] {dagbag.py:588} INFO - Filling up the DagBag from /home/airflow/.local/lib/python3.12/site-packages/airflow/example_dags/example_python_operator.py
[2025-03-22T09:05:25.813+0000] {processor.py:925} INFO - DAG(s) 'example_python_operator' retrieved from /home/airflow/.local/lib/python3.12/site-packages/airflow/example_dags/example_python_operator.py
[2025-03-22T09:05:25.834+0000] {logging_mixin.py:190} INFO - [2025-03-22T09:05:25.834+0000] {dag.py:3239} INFO - Sync 1 DAGs
[2025-03-22T09:05:25.849+0000] {logging_mixin.py:190} INFO - [2025-03-22T09:05:25.849+0000] {dag.py:4180} INFO - Setting next_dagrun for example_python_operator to None, run_after=None
[2025-03-22T09:05:25.868+0000] {processor.py:208} INFO - Processing /home/airflow/.local/lib/python3.12/site-packages/airflow/example_dags/example_python_operator.py took 0.075 seconds
[2025-03-22T09:05:55.923+0000] {processor.py:186} INFO - Started process (PID=1091) to work on /home/airflow/.local/lib/python3.12/site-packages/airflow/example_dags/example_python_operator.py
[2025-03-22T09:05:55.924+0000] {processor.py:914} INFO - Processing file /home/airflow/.local/lib/python3.12/site-packages/airflow/example_dags/example_python_operator.py for tasks to queue
[2025-03-22T09:05:55.928+0000] {logging_mixin.py:190} INFO - [2025-03-22T09:05:55.928+0000] {dagbag.py:588} INFO - Filling up the DagBag from /home/airflow/.local/lib/python3.12/site-packages/airflow/example_dags/example_python_operator.py
[2025-03-22T09:05:55.944+0000] {processor.py:925} INFO - DAG(s) 'example_python_operator' retrieved from /home/airflow/.local/lib/python3.12/site-packages/airflow/example_dags/example_python_operator.py
[2025-03-22T09:05:55.965+0000] {logging_mixin.py:190} INFO - [2025-03-22T09:05:55.965+0000] {dag.py:3239} INFO - Sync 1 DAGs
[2025-03-22T09:05:55.984+0000] {logging_mixin.py:190} INFO - [2025-03-22T09:05:55.983+0000] {dag.py:4180} INFO - Setting next_dagrun for example_python_operator to None, run_after=None
[2025-03-22T09:05:56.006+0000] {processor.py:208} INFO - Processing /home/airflow/.local/lib/python3.12/site-packages/airflow/example_dags/example_python_operator.py took 0.090 seconds
[2025-03-22T09:06:26.769+0000] {processor.py:186} INFO - Started process (PID=1154) to work on /home/airflow/.local/lib/python3.12/site-packages/airflow/example_dags/example_python_operator.py
[2025-03-22T09:06:26.770+0000] {processor.py:914} INFO - Processing file /home/airflow/.local/lib/python3.12/site-packages/airflow/example_dags/example_python_operator.py for tasks to queue
[2025-03-22T09:06:26.773+0000] {logging_mixin.py:190} INFO - [2025-03-22T09:06:26.772+0000] {dagbag.py:588} INFO - Filling up the DagBag from /home/airflow/.local/lib/python3.12/site-packages/airflow/example_dags/example_python_operator.py
[2025-03-22T09:06:26.786+0000] {processor.py:925} INFO - DAG(s) 'example_python_operator' retrieved from /home/airflow/.local/lib/python3.12/site-packages/airflow/example_dags/example_python_operator.py
[2025-03-22T09:06:26.809+0000] {logging_mixin.py:190} INFO - [2025-03-22T09:06:26.809+0000] {dag.py:3239} INFO - Sync 1 DAGs
[2025-03-22T09:06:26.825+0000] {logging_mixin.py:190} INFO - [2025-03-22T09:06:26.825+0000] {dag.py:4180} INFO - Setting next_dagrun for example_python_operator to None, run_after=None
[2025-03-22T09:06:26.843+0000] {processor.py:208} INFO - Processing /home/airflow/.local/lib/python3.12/site-packages/airflow/example_dags/example_python_operator.py took 0.080 seconds
[2025-03-22T09:06:56.999+0000] {processor.py:186} INFO - Started process (PID=1217) to work on /home/airflow/.local/lib/python3.12/site-packages/airflow/example_dags/example_python_operator.py
[2025-03-22T09:06:57.001+0000] {processor.py:914} INFO - Processing file /home/airflow/.local/lib/python3.12/site-packages/airflow/example_dags/example_python_operator.py for tasks to queue
[2025-03-22T09:06:57.004+0000] {logging_mixin.py:190} INFO - [2025-03-22T09:06:57.004+0000] {dagbag.py:588} INFO - Filling up the DagBag from /home/airflow/.local/lib/python3.12/site-packages/airflow/example_dags/example_python_operator.py
[2025-03-22T09:06:57.023+0000] {processor.py:925} INFO - DAG(s) 'example_python_operator' retrieved from /home/airflow/.local/lib/python3.12/site-packages/airflow/example_dags/example_python_operator.py
[2025-03-22T09:06:57.068+0000] {logging_mixin.py:190} INFO - [2025-03-22T09:06:57.068+0000] {dag.py:3239} INFO - Sync 1 DAGs
[2025-03-22T09:06:57.099+0000] {logging_mixin.py:190} INFO - [2025-03-22T09:06:57.099+0000] {dag.py:4180} INFO - Setting next_dagrun for example_python_operator to None, run_after=None
[2025-03-22T09:06:57.125+0000] {processor.py:208} INFO - Processing /home/airflow/.local/lib/python3.12/site-packages/airflow/example_dags/example_python_operator.py took 0.136 seconds
[2025-03-22T09:07:27.433+0000] {processor.py:186} INFO - Started process (PID=1280) to work on /home/airflow/.local/lib/python3.12/site-packages/airflow/example_dags/example_python_operator.py
[2025-03-22T09:07:27.434+0000] {processor.py:914} INFO - Processing file /home/airflow/.local/lib/python3.12/site-packages/airflow/example_dags/example_python_operator.py for tasks to queue
[2025-03-22T09:07:27.438+0000] {logging_mixin.py:190} INFO - [2025-03-22T09:07:27.438+0000] {dagbag.py:588} INFO - Filling up the DagBag from /home/airflow/.local/lib/python3.12/site-packages/airflow/example_dags/example_python_operator.py
[2025-03-22T09:07:27.456+0000] {processor.py:925} INFO - DAG(s) 'example_python_operator' retrieved from /home/airflow/.local/lib/python3.12/site-packages/airflow/example_dags/example_python_operator.py
[2025-03-22T09:07:27.483+0000] {logging_mixin.py:190} INFO - [2025-03-22T09:07:27.482+0000] {dag.py:3239} INFO - Sync 1 DAGs
[2025-03-22T09:07:27.499+0000] {logging_mixin.py:190} INFO - [2025-03-22T09:07:27.498+0000] {dag.py:4180} INFO - Setting next_dagrun for example_python_operator to None, run_after=None
[2025-03-22T09:07:27.520+0000] {processor.py:208} INFO - Processing /home/airflow/.local/lib/python3.12/site-packages/airflow/example_dags/example_python_operator.py took 0.095 seconds
[2025-03-22T09:07:58.149+0000] {processor.py:186} INFO - Started process (PID=1343) to work on /home/airflow/.local/lib/python3.12/site-packages/airflow/example_dags/example_python_operator.py
[2025-03-22T09:07:58.150+0000] {processor.py:914} INFO - Processing file /home/airflow/.local/lib/python3.12/site-packages/airflow/example_dags/example_python_operator.py for tasks to queue
[2025-03-22T09:07:58.152+0000] {logging_mixin.py:190} INFO - [2025-03-22T09:07:58.152+0000] {dagbag.py:588} INFO - Filling up the DagBag from /home/airflow/.local/lib/python3.12/site-packages/airflow/example_dags/example_python_operator.py
[2025-03-22T09:07:58.166+0000] {processor.py:925} INFO - DAG(s) 'example_python_operator' retrieved from /home/airflow/.local/lib/python3.12/site-packages/airflow/example_dags/example_python_operator.py
[2025-03-22T09:07:58.189+0000] {logging_mixin.py:190} INFO - [2025-03-22T09:07:58.189+0000] {dag.py:3239} INFO - Sync 1 DAGs
[2025-03-22T09:07:58.203+0000] {logging_mixin.py:190} INFO - [2025-03-22T09:07:58.203+0000] {dag.py:4180} INFO - Setting next_dagrun for example_python_operator to None, run_after=None
[2025-03-22T09:07:58.221+0000] {processor.py:208} INFO - Processing /home/airflow/.local/lib/python3.12/site-packages/airflow/example_dags/example_python_operator.py took 0.080 seconds
[2025-03-22T09:08:28.601+0000] {processor.py:186} INFO - Started process (PID=1406) to work on /home/airflow/.local/lib/python3.12/site-packages/airflow/example_dags/example_python_operator.py
[2025-03-22T09:08:28.602+0000] {processor.py:914} INFO - Processing file /home/airflow/.local/lib/python3.12/site-packages/airflow/example_dags/example_python_operator.py for tasks to queue
[2025-03-22T09:08:28.605+0000] {logging_mixin.py:190} INFO - [2025-03-22T09:08:28.604+0000] {dagbag.py:588} INFO - Filling up the DagBag from /home/airflow/.local/lib/python3.12/site-packages/airflow/example_dags/example_python_operator.py
[2025-03-22T09:08:28.620+0000] {processor.py:925} INFO - DAG(s) 'example_python_operator' retrieved from /home/airflow/.local/lib/python3.12/site-packages/airflow/example_dags/example_python_operator.py
[2025-03-22T09:08:28.648+0000] {logging_mixin.py:190} INFO - [2025-03-22T09:08:28.648+0000] {dag.py:3239} INFO - Sync 1 DAGs
[2025-03-22T09:08:28.668+0000] {logging_mixin.py:190} INFO - [2025-03-22T09:08:28.668+0000] {dag.py:4180} INFO - Setting next_dagrun for example_python_operator to None, run_after=None
[2025-03-22T09:08:28.691+0000] {processor.py:208} INFO - Processing /home/airflow/.local/lib/python3.12/site-packages/airflow/example_dags/example_python_operator.py took 0.098 seconds
[2025-03-22T09:08:59.378+0000] {processor.py:186} INFO - Started process (PID=1469) to work on /home/airflow/.local/lib/python3.12/site-packages/airflow/example_dags/example_python_operator.py
[2025-03-22T09:08:59.379+0000] {processor.py:914} INFO - Processing file /home/airflow/.local/lib/python3.12/site-packages/airflow/example_dags/example_python_operator.py for tasks to queue
[2025-03-22T09:08:59.382+0000] {logging_mixin.py:190} INFO - [2025-03-22T09:08:59.381+0000] {dagbag.py:588} INFO - Filling up the DagBag from /home/airflow/.local/lib/python3.12/site-packages/airflow/example_dags/example_python_operator.py
[2025-03-22T09:08:59.393+0000] {processor.py:925} INFO - DAG(s) 'example_python_operator' retrieved from /home/airflow/.local/lib/python3.12/site-packages/airflow/example_dags/example_python_operator.py
[2025-03-22T09:08:59.419+0000] {logging_mixin.py:190} INFO - [2025-03-22T09:08:59.419+0000] {dag.py:3239} INFO - Sync 1 DAGs
[2025-03-22T09:08:59.434+0000] {logging_mixin.py:190} INFO - [2025-03-22T09:08:59.433+0000] {dag.py:4180} INFO - Setting next_dagrun for example_python_operator to None, run_after=None
[2025-03-22T09:08:59.456+0000] {processor.py:208} INFO - Processing /home/airflow/.local/lib/python3.12/site-packages/airflow/example_dags/example_python_operator.py took 0.083 seconds
[2025-03-22T09:09:29.614+0000] {processor.py:186} INFO - Started process (PID=1532) to work on /home/airflow/.local/lib/python3.12/site-packages/airflow/example_dags/example_python_operator.py
[2025-03-22T09:09:29.615+0000] {processor.py:914} INFO - Processing file /home/airflow/.local/lib/python3.12/site-packages/airflow/example_dags/example_python_operator.py for tasks to queue
[2025-03-22T09:09:29.617+0000] {logging_mixin.py:190} INFO - [2025-03-22T09:09:29.617+0000] {dagbag.py:588} INFO - Filling up the DagBag from /home/airflow/.local/lib/python3.12/site-packages/airflow/example_dags/example_python_operator.py
[2025-03-22T09:09:29.628+0000] {processor.py:925} INFO - DAG(s) 'example_python_operator' retrieved from /home/airflow/.local/lib/python3.12/site-packages/airflow/example_dags/example_python_operator.py
[2025-03-22T09:09:29.648+0000] {logging_mixin.py:190} INFO - [2025-03-22T09:09:29.648+0000] {dag.py:3239} INFO - Sync 1 DAGs
[2025-03-22T09:09:29.661+0000] {logging_mixin.py:190} INFO - [2025-03-22T09:09:29.661+0000] {dag.py:4180} INFO - Setting next_dagrun for example_python_operator to None, run_after=None
[2025-03-22T09:09:29.678+0000] {processor.py:208} INFO - Processing /home/airflow/.local/lib/python3.12/site-packages/airflow/example_dags/example_python_operator.py took 0.070 seconds
[2025-03-22T09:09:59.873+0000] {processor.py:186} INFO - Started process (PID=1596) to work on /home/airflow/.local/lib/python3.12/site-packages/airflow/example_dags/example_python_operator.py
[2025-03-22T09:09:59.874+0000] {processor.py:914} INFO - Processing file /home/airflow/.local/lib/python3.12/site-packages/airflow/example_dags/example_python_operator.py for tasks to queue
[2025-03-22T09:09:59.877+0000] {logging_mixin.py:190} INFO - [2025-03-22T09:09:59.877+0000] {dagbag.py:588} INFO - Filling up the DagBag from /home/airflow/.local/lib/python3.12/site-packages/airflow/example_dags/example_python_operator.py
[2025-03-22T09:09:59.891+0000] {processor.py:925} INFO - DAG(s) 'example_python_operator' retrieved from /home/airflow/.local/lib/python3.12/site-packages/airflow/example_dags/example_python_operator.py
[2025-03-22T09:09:59.918+0000] {logging_mixin.py:190} INFO - [2025-03-22T09:09:59.918+0000] {dag.py:3239} INFO - Sync 1 DAGs
[2025-03-22T09:09:59.934+0000] {logging_mixin.py:190} INFO - [2025-03-22T09:09:59.934+0000] {dag.py:4180} INFO - Setting next_dagrun for example_python_operator to None, run_after=None
[2025-03-22T09:09:59.955+0000] {processor.py:208} INFO - Processing /home/airflow/.local/lib/python3.12/site-packages/airflow/example_dags/example_python_operator.py took 0.089 seconds
[2025-03-22T09:10:30.133+0000] {processor.py:186} INFO - Started process (PID=1659) to work on /home/airflow/.local/lib/python3.12/site-packages/airflow/example_dags/example_python_operator.py
[2025-03-22T09:10:30.133+0000] {processor.py:914} INFO - Processing file /home/airflow/.local/lib/python3.12/site-packages/airflow/example_dags/example_python_operator.py for tasks to queue
[2025-03-22T09:10:30.135+0000] {logging_mixin.py:190} INFO - [2025-03-22T09:10:30.135+0000] {dagbag.py:588} INFO - Filling up the DagBag from /home/airflow/.local/lib/python3.12/site-packages/airflow/example_dags/example_python_operator.py
[2025-03-22T09:10:30.146+0000] {processor.py:925} INFO - DAG(s) 'example_python_operator' retrieved from /home/airflow/.local/lib/python3.12/site-packages/airflow/example_dags/example_python_operator.py
[2025-03-22T09:10:30.167+0000] {logging_mixin.py:190} INFO - [2025-03-22T09:10:30.167+0000] {dag.py:3239} INFO - Sync 1 DAGs
[2025-03-22T09:10:30.181+0000] {logging_mixin.py:190} INFO - [2025-03-22T09:10:30.181+0000] {dag.py:4180} INFO - Setting next_dagrun for example_python_operator to None, run_after=None
[2025-03-22T09:10:30.201+0000] {processor.py:208} INFO - Processing /home/airflow/.local/lib/python3.12/site-packages/airflow/example_dags/example_python_operator.py took 0.073 seconds
[2025-03-22T09:11:00.755+0000] {processor.py:186} INFO - Started process (PID=1721) to work on /home/airflow/.local/lib/python3.12/site-packages/airflow/example_dags/example_python_operator.py
[2025-03-22T09:11:00.756+0000] {processor.py:914} INFO - Processing file /home/airflow/.local/lib/python3.12/site-packages/airflow/example_dags/example_python_operator.py for tasks to queue
[2025-03-22T09:11:00.758+0000] {logging_mixin.py:190} INFO - [2025-03-22T09:11:00.758+0000] {dagbag.py:588} INFO - Filling up the DagBag from /home/airflow/.local/lib/python3.12/site-packages/airflow/example_dags/example_python_operator.py
[2025-03-22T09:11:00.768+0000] {processor.py:925} INFO - DAG(s) 'example_python_operator' retrieved from /home/airflow/.local/lib/python3.12/site-packages/airflow/example_dags/example_python_operator.py
[2025-03-22T09:11:00.789+0000] {logging_mixin.py:190} INFO - [2025-03-22T09:11:00.789+0000] {dag.py:3239} INFO - Sync 1 DAGs
[2025-03-22T09:11:00.801+0000] {logging_mixin.py:190} INFO - [2025-03-22T09:11:00.801+0000] {dag.py:4180} INFO - Setting next_dagrun for example_python_operator to None, run_after=None
[2025-03-22T09:11:00.818+0000] {processor.py:208} INFO - Processing /home/airflow/.local/lib/python3.12/site-packages/airflow/example_dags/example_python_operator.py took 0.068 seconds
[2025-03-22T09:11:31.291+0000] {processor.py:186} INFO - Started process (PID=1783) to work on /home/airflow/.local/lib/python3.12/site-packages/airflow/example_dags/example_python_operator.py
[2025-03-22T09:11:31.292+0000] {processor.py:914} INFO - Processing file /home/airflow/.local/lib/python3.12/site-packages/airflow/example_dags/example_python_operator.py for tasks to queue
[2025-03-22T09:11:31.294+0000] {logging_mixin.py:190} INFO - [2025-03-22T09:11:31.294+0000] {dagbag.py:588} INFO - Filling up the DagBag from /home/airflow/.local/lib/python3.12/site-packages/airflow/example_dags/example_python_operator.py
[2025-03-22T09:11:31.306+0000] {processor.py:925} INFO - DAG(s) 'example_python_operator' retrieved from /home/airflow/.local/lib/python3.12/site-packages/airflow/example_dags/example_python_operator.py
[2025-03-22T09:11:31.329+0000] {logging_mixin.py:190} INFO - [2025-03-22T09:11:31.329+0000] {dag.py:3239} INFO - Sync 1 DAGs
[2025-03-22T09:11:31.345+0000] {logging_mixin.py:190} INFO - [2025-03-22T09:11:31.345+0000] {dag.py:4180} INFO - Setting next_dagrun for example_python_operator to None, run_after=None
[2025-03-22T09:11:31.363+0000] {processor.py:208} INFO - Processing /home/airflow/.local/lib/python3.12/site-packages/airflow/example_dags/example_python_operator.py took 0.080 seconds
[2025-03-22T09:12:02.291+0000] {processor.py:186} INFO - Started process (PID=1846) to work on /home/airflow/.local/lib/python3.12/site-packages/airflow/example_dags/example_python_operator.py
[2025-03-22T09:12:02.292+0000] {processor.py:914} INFO - Processing file /home/airflow/.local/lib/python3.12/site-packages/airflow/example_dags/example_python_operator.py for tasks to queue
[2025-03-22T09:12:02.294+0000] {logging_mixin.py:190} INFO - [2025-03-22T09:12:02.294+0000] {dagbag.py:588} INFO - Filling up the DagBag from /home/airflow/.local/lib/python3.12/site-packages/airflow/example_dags/example_python_operator.py
[2025-03-22T09:12:02.308+0000] {processor.py:925} INFO - DAG(s) 'example_python_operator' retrieved from /home/airflow/.local/lib/python3.12/site-packages/airflow/example_dags/example_python_operator.py
[2025-03-22T09:12:02.332+0000] {logging_mixin.py:190} INFO - [2025-03-22T09:12:02.332+0000] {dag.py:3239} INFO - Sync 1 DAGs
[2025-03-22T09:12:02.351+0000] {logging_mixin.py:190} INFO - [2025-03-22T09:12:02.351+0000] {dag.py:4180} INFO - Setting next_dagrun for example_python_operator to None, run_after=None
[2025-03-22T09:12:02.373+0000] {processor.py:208} INFO - Processing /home/airflow/.local/lib/python3.12/site-packages/airflow/example_dags/example_python_operator.py took 0.089 seconds
[2025-03-22T09:12:33.181+0000] {processor.py:186} INFO - Started process (PID=1908) to work on /home/airflow/.local/lib/python3.12/site-packages/airflow/example_dags/example_python_operator.py
[2025-03-22T09:12:33.182+0000] {processor.py:914} INFO - Processing file /home/airflow/.local/lib/python3.12/site-packages/airflow/example_dags/example_python_operator.py for tasks to queue
[2025-03-22T09:12:33.184+0000] {logging_mixin.py:190} INFO - [2025-03-22T09:12:33.183+0000] {dagbag.py:588} INFO - Filling up the DagBag from /home/airflow/.local/lib/python3.12/site-packages/airflow/example_dags/example_python_operator.py
[2025-03-22T09:12:33.196+0000] {processor.py:925} INFO - DAG(s) 'example_python_operator' retrieved from /home/airflow/.local/lib/python3.12/site-packages/airflow/example_dags/example_python_operator.py
[2025-03-22T09:12:33.225+0000] {logging_mixin.py:190} INFO - [2025-03-22T09:12:33.224+0000] {dag.py:3239} INFO - Sync 1 DAGs
[2025-03-22T09:12:33.274+0000] {logging_mixin.py:190} INFO - [2025-03-22T09:12:33.274+0000] {dag.py:4180} INFO - Setting next_dagrun for example_python_operator to None, run_after=None
[2025-03-22T09:12:33.302+0000] {processor.py:208} INFO - Processing /home/airflow/.local/lib/python3.12/site-packages/airflow/example_dags/example_python_operator.py took 0.127 seconds
[2025-03-22T09:13:03.491+0000] {processor.py:186} INFO - Started process (PID=1970) to work on /home/airflow/.local/lib/python3.12/site-packages/airflow/example_dags/example_python_operator.py
[2025-03-22T09:13:03.492+0000] {processor.py:914} INFO - Processing file /home/airflow/.local/lib/python3.12/site-packages/airflow/example_dags/example_python_operator.py for tasks to queue
[2025-03-22T09:13:03.494+0000] {logging_mixin.py:190} INFO - [2025-03-22T09:13:03.494+0000] {dagbag.py:588} INFO - Filling up the DagBag from /home/airflow/.local/lib/python3.12/site-packages/airflow/example_dags/example_python_operator.py
[2025-03-22T09:13:03.506+0000] {processor.py:925} INFO - DAG(s) 'example_python_operator' retrieved from /home/airflow/.local/lib/python3.12/site-packages/airflow/example_dags/example_python_operator.py
[2025-03-22T09:13:03.527+0000] {logging_mixin.py:190} INFO - [2025-03-22T09:13:03.527+0000] {dag.py:3239} INFO - Sync 1 DAGs
[2025-03-22T09:13:03.542+0000] {logging_mixin.py:190} INFO - [2025-03-22T09:13:03.542+0000] {dag.py:4180} INFO - Setting next_dagrun for example_python_operator to None, run_after=None
[2025-03-22T09:13:03.563+0000] {processor.py:208} INFO - Processing /home/airflow/.local/lib/python3.12/site-packages/airflow/example_dags/example_python_operator.py took 0.077 seconds
[2025-03-22T09:13:34.000+0000] {processor.py:186} INFO - Started process (PID=2033) to work on /home/airflow/.local/lib/python3.12/site-packages/airflow/example_dags/example_python_operator.py
[2025-03-22T09:13:34.001+0000] {processor.py:914} INFO - Processing file /home/airflow/.local/lib/python3.12/site-packages/airflow/example_dags/example_python_operator.py for tasks to queue
[2025-03-22T09:13:34.002+0000] {logging_mixin.py:190} INFO - [2025-03-22T09:13:34.002+0000] {dagbag.py:588} INFO - Filling up the DagBag from /home/airflow/.local/lib/python3.12/site-packages/airflow/example_dags/example_python_operator.py
[2025-03-22T09:13:34.015+0000] {processor.py:925} INFO - DAG(s) 'example_python_operator' retrieved from /home/airflow/.local/lib/python3.12/site-packages/airflow/example_dags/example_python_operator.py
[2025-03-22T09:13:34.040+0000] {logging_mixin.py:190} INFO - [2025-03-22T09:13:34.040+0000] {dag.py:3239} INFO - Sync 1 DAGs
[2025-03-22T09:13:34.061+0000] {logging_mixin.py:190} INFO - [2025-03-22T09:13:34.060+0000] {dag.py:4180} INFO - Setting next_dagrun for example_python_operator to None, run_after=None
[2025-03-22T09:13:34.085+0000] {processor.py:208} INFO - Processing /home/airflow/.local/lib/python3.12/site-packages/airflow/example_dags/example_python_operator.py took 0.090 seconds
[2025-03-22T09:14:04.253+0000] {processor.py:186} INFO - Started process (PID=2096) to work on /home/airflow/.local/lib/python3.12/site-packages/airflow/example_dags/example_python_operator.py
[2025-03-22T09:14:04.254+0000] {processor.py:914} INFO - Processing file /home/airflow/.local/lib/python3.12/site-packages/airflow/example_dags/example_python_operator.py for tasks to queue
[2025-03-22T09:14:04.256+0000] {logging_mixin.py:190} INFO - [2025-03-22T09:14:04.256+0000] {dagbag.py:588} INFO - Filling up the DagBag from /home/airflow/.local/lib/python3.12/site-packages/airflow/example_dags/example_python_operator.py
[2025-03-22T09:14:04.269+0000] {processor.py:925} INFO - DAG(s) 'example_python_operator' retrieved from /home/airflow/.local/lib/python3.12/site-packages/airflow/example_dags/example_python_operator.py
[2025-03-22T09:14:04.295+0000] {logging_mixin.py:190} INFO - [2025-03-22T09:14:04.295+0000] {dag.py:3239} INFO - Sync 1 DAGs
[2025-03-22T09:14:04.312+0000] {logging_mixin.py:190} INFO - [2025-03-22T09:14:04.311+0000] {dag.py:4180} INFO - Setting next_dagrun for example_python_operator to None, run_after=None
[2025-03-22T09:14:04.330+0000] {processor.py:208} INFO - Processing /home/airflow/.local/lib/python3.12/site-packages/airflow/example_dags/example_python_operator.py took 0.083 seconds
[2025-03-22T09:14:34.784+0000] {processor.py:186} INFO - Started process (PID=2159) to work on /home/airflow/.local/lib/python3.12/site-packages/airflow/example_dags/example_python_operator.py
[2025-03-22T09:14:34.785+0000] {processor.py:914} INFO - Processing file /home/airflow/.local/lib/python3.12/site-packages/airflow/example_dags/example_python_operator.py for tasks to queue
[2025-03-22T09:14:34.787+0000] {logging_mixin.py:190} INFO - [2025-03-22T09:14:34.787+0000] {dagbag.py:588} INFO - Filling up the DagBag from /home/airflow/.local/lib/python3.12/site-packages/airflow/example_dags/example_python_operator.py
[2025-03-22T09:14:34.797+0000] {processor.py:925} INFO - DAG(s) 'example_python_operator' retrieved from /home/airflow/.local/lib/python3.12/site-packages/airflow/example_dags/example_python_operator.py
[2025-03-22T09:14:34.817+0000] {logging_mixin.py:190} INFO - [2025-03-22T09:14:34.817+0000] {dag.py:3239} INFO - Sync 1 DAGs
[2025-03-22T09:14:34.830+0000] {logging_mixin.py:190} INFO - [2025-03-22T09:14:34.830+0000] {dag.py:4180} INFO - Setting next_dagrun for example_python_operator to None, run_after=None
[2025-03-22T09:14:34.846+0000] {processor.py:208} INFO - Processing /home/airflow/.local/lib/python3.12/site-packages/airflow/example_dags/example_python_operator.py took 0.067 seconds
[2025-03-22T09:15:05.346+0000] {processor.py:186} INFO - Started process (PID=2222) to work on /home/airflow/.local/lib/python3.12/site-packages/airflow/example_dags/example_python_operator.py
[2025-03-22T09:15:05.347+0000] {processor.py:914} INFO - Processing file /home/airflow/.local/lib/python3.12/site-packages/airflow/example_dags/example_python_operator.py for tasks to queue
[2025-03-22T09:15:05.349+0000] {logging_mixin.py:190} INFO - [2025-03-22T09:15:05.348+0000] {dagbag.py:588} INFO - Filling up the DagBag from /home/airflow/.local/lib/python3.12/site-packages/airflow/example_dags/example_python_operator.py
[2025-03-22T09:15:05.362+0000] {processor.py:925} INFO - DAG(s) 'example_python_operator' retrieved from /home/airflow/.local/lib/python3.12/site-packages/airflow/example_dags/example_python_operator.py
[2025-03-22T09:15:05.390+0000] {logging_mixin.py:190} INFO - [2025-03-22T09:15:05.389+0000] {dag.py:3239} INFO - Sync 1 DAGs
[2025-03-22T09:15:05.409+0000] {logging_mixin.py:190} INFO - [2025-03-22T09:15:05.409+0000] {dag.py:4180} INFO - Setting next_dagrun for example_python_operator to None, run_after=None
[2025-03-22T09:15:05.431+0000] {processor.py:208} INFO - Processing /home/airflow/.local/lib/python3.12/site-packages/airflow/example_dags/example_python_operator.py took 0.091 seconds
[2025-03-22T09:15:35.567+0000] {processor.py:186} INFO - Started process (PID=2286) to work on /home/airflow/.local/lib/python3.12/site-packages/airflow/example_dags/example_python_operator.py
[2025-03-22T09:15:35.568+0000] {processor.py:914} INFO - Processing file /home/airflow/.local/lib/python3.12/site-packages/airflow/example_dags/example_python_operator.py for tasks to queue
[2025-03-22T09:15:35.570+0000] {logging_mixin.py:190} INFO - [2025-03-22T09:15:35.569+0000] {dagbag.py:588} INFO - Filling up the DagBag from /home/airflow/.local/lib/python3.12/site-packages/airflow/example_dags/example_python_operator.py
[2025-03-22T09:15:35.581+0000] {processor.py:925} INFO - DAG(s) 'example_python_operator' retrieved from /home/airflow/.local/lib/python3.12/site-packages/airflow/example_dags/example_python_operator.py
[2025-03-22T09:15:35.608+0000] {logging_mixin.py:190} INFO - [2025-03-22T09:15:35.607+0000] {dag.py:3239} INFO - Sync 1 DAGs
[2025-03-22T09:15:35.626+0000] {logging_mixin.py:190} INFO - [2025-03-22T09:15:35.626+0000] {dag.py:4180} INFO - Setting next_dagrun for example_python_operator to None, run_after=None
[2025-03-22T09:15:35.651+0000] {processor.py:208} INFO - Processing /home/airflow/.local/lib/python3.12/site-packages/airflow/example_dags/example_python_operator.py took 0.090 seconds
[2025-03-22T09:16:05.758+0000] {processor.py:186} INFO - Started process (PID=2349) to work on /home/airflow/.local/lib/python3.12/site-packages/airflow/example_dags/example_python_operator.py
[2025-03-22T09:16:05.760+0000] {processor.py:914} INFO - Processing file /home/airflow/.local/lib/python3.12/site-packages/airflow/example_dags/example_python_operator.py for tasks to queue
[2025-03-22T09:16:05.762+0000] {logging_mixin.py:190} INFO - [2025-03-22T09:16:05.761+0000] {dagbag.py:588} INFO - Filling up the DagBag from /home/airflow/.local/lib/python3.12/site-packages/airflow/example_dags/example_python_operator.py
[2025-03-22T09:16:05.774+0000] {processor.py:925} INFO - DAG(s) 'example_python_operator' retrieved from /home/airflow/.local/lib/python3.12/site-packages/airflow/example_dags/example_python_operator.py
[2025-03-22T09:16:05.801+0000] {logging_mixin.py:190} INFO - [2025-03-22T09:16:05.801+0000] {dag.py:3239} INFO - Sync 1 DAGs
[2025-03-22T09:16:05.816+0000] {logging_mixin.py:190} INFO - [2025-03-22T09:16:05.816+0000] {dag.py:4180} INFO - Setting next_dagrun for example_python_operator to None, run_after=None
[2025-03-22T09:16:05.834+0000] {processor.py:208} INFO - Processing /home/airflow/.local/lib/python3.12/site-packages/airflow/example_dags/example_python_operator.py took 0.082 seconds
[2025-03-22T09:16:35.993+0000] {processor.py:186} INFO - Started process (PID=2410) to work on /home/airflow/.local/lib/python3.12/site-packages/airflow/example_dags/example_python_operator.py
[2025-03-22T09:16:35.994+0000] {processor.py:914} INFO - Processing file /home/airflow/.local/lib/python3.12/site-packages/airflow/example_dags/example_python_operator.py for tasks to queue
[2025-03-22T09:16:36.008+0000] {logging_mixin.py:190} INFO - [2025-03-22T09:16:36.007+0000] {dagbag.py:588} INFO - Filling up the DagBag from /home/airflow/.local/lib/python3.12/site-packages/airflow/example_dags/example_python_operator.py
[2025-03-22T09:16:36.036+0000] {processor.py:925} INFO - DAG(s) 'example_python_operator' retrieved from /home/airflow/.local/lib/python3.12/site-packages/airflow/example_dags/example_python_operator.py
[2025-03-22T09:16:36.097+0000] {logging_mixin.py:190} INFO - [2025-03-22T09:16:36.096+0000] {dag.py:3239} INFO - Sync 1 DAGs
[2025-03-22T09:16:36.148+0000] {logging_mixin.py:190} INFO - [2025-03-22T09:16:36.147+0000] {dag.py:4180} INFO - Setting next_dagrun for example_python_operator to None, run_after=None
[2025-03-22T09:16:36.184+0000] {processor.py:208} INFO - Processing /home/airflow/.local/lib/python3.12/site-packages/airflow/example_dags/example_python_operator.py took 0.209 seconds
[2025-03-22T09:17:06.410+0000] {processor.py:186} INFO - Started process (PID=2473) to work on /home/airflow/.local/lib/python3.12/site-packages/airflow/example_dags/example_python_operator.py
[2025-03-22T09:17:06.411+0000] {processor.py:914} INFO - Processing file /home/airflow/.local/lib/python3.12/site-packages/airflow/example_dags/example_python_operator.py for tasks to queue
[2025-03-22T09:17:06.414+0000] {logging_mixin.py:190} INFO - [2025-03-22T09:17:06.413+0000] {dagbag.py:588} INFO - Filling up the DagBag from /home/airflow/.local/lib/python3.12/site-packages/airflow/example_dags/example_python_operator.py
[2025-03-22T09:17:06.425+0000] {processor.py:925} INFO - DAG(s) 'example_python_operator' retrieved from /home/airflow/.local/lib/python3.12/site-packages/airflow/example_dags/example_python_operator.py
[2025-03-22T09:17:06.448+0000] {logging_mixin.py:190} INFO - [2025-03-22T09:17:06.447+0000] {dag.py:3239} INFO - Sync 1 DAGs
[2025-03-22T09:17:06.465+0000] {logging_mixin.py:190} INFO - [2025-03-22T09:17:06.464+0000] {dag.py:4180} INFO - Setting next_dagrun for example_python_operator to None, run_after=None
[2025-03-22T09:17:06.486+0000] {processor.py:208} INFO - Processing /home/airflow/.local/lib/python3.12/site-packages/airflow/example_dags/example_python_operator.py took 0.083 seconds
[2025-03-22T09:17:36.584+0000] {processor.py:186} INFO - Started process (PID=2535) to work on /home/airflow/.local/lib/python3.12/site-packages/airflow/example_dags/example_python_operator.py
[2025-03-22T09:17:36.585+0000] {processor.py:914} INFO - Processing file /home/airflow/.local/lib/python3.12/site-packages/airflow/example_dags/example_python_operator.py for tasks to queue
[2025-03-22T09:17:36.590+0000] {logging_mixin.py:190} INFO - [2025-03-22T09:17:36.589+0000] {dagbag.py:588} INFO - Filling up the DagBag from /home/airflow/.local/lib/python3.12/site-packages/airflow/example_dags/example_python_operator.py
[2025-03-22T09:17:36.608+0000] {processor.py:925} INFO - DAG(s) 'example_python_operator' retrieved from /home/airflow/.local/lib/python3.12/site-packages/airflow/example_dags/example_python_operator.py
[2025-03-22T09:17:36.636+0000] {logging_mixin.py:190} INFO - [2025-03-22T09:17:36.635+0000] {dag.py:3239} INFO - Sync 1 DAGs
[2025-03-22T09:17:36.651+0000] {logging_mixin.py:190} INFO - [2025-03-22T09:17:36.651+0000] {dag.py:4180} INFO - Setting next_dagrun for example_python_operator to None, run_after=None
[2025-03-22T09:17:36.673+0000] {processor.py:208} INFO - Processing /home/airflow/.local/lib/python3.12/site-packages/airflow/example_dags/example_python_operator.py took 0.098 seconds
[2025-03-22T09:18:07.531+0000] {processor.py:186} INFO - Started process (PID=2600) to work on /home/airflow/.local/lib/python3.12/site-packages/airflow/example_dags/example_python_operator.py
[2025-03-22T09:18:07.532+0000] {processor.py:914} INFO - Processing file /home/airflow/.local/lib/python3.12/site-packages/airflow/example_dags/example_python_operator.py for tasks to queue
[2025-03-22T09:18:07.533+0000] {logging_mixin.py:190} INFO - [2025-03-22T09:18:07.532+0000] {dagbag.py:588} INFO - Filling up the DagBag from /home/airflow/.local/lib/python3.12/site-packages/airflow/example_dags/example_python_operator.py
[2025-03-22T09:18:07.545+0000] {processor.py:925} INFO - DAG(s) 'example_python_operator' retrieved from /home/airflow/.local/lib/python3.12/site-packages/airflow/example_dags/example_python_operator.py
[2025-03-22T09:18:07.571+0000] {logging_mixin.py:190} INFO - [2025-03-22T09:18:07.571+0000] {dag.py:3239} INFO - Sync 1 DAGs
[2025-03-22T09:18:07.587+0000] {logging_mixin.py:190} INFO - [2025-03-22T09:18:07.586+0000] {dag.py:4180} INFO - Setting next_dagrun for example_python_operator to None, run_after=None
[2025-03-22T09:18:07.604+0000] {processor.py:208} INFO - Processing /home/airflow/.local/lib/python3.12/site-packages/airflow/example_dags/example_python_operator.py took 0.077 seconds
[2025-03-22T09:18:38.207+0000] {processor.py:186} INFO - Started process (PID=2665) to work on /home/airflow/.local/lib/python3.12/site-packages/airflow/example_dags/example_python_operator.py
[2025-03-22T09:18:38.208+0000] {processor.py:914} INFO - Processing file /home/airflow/.local/lib/python3.12/site-packages/airflow/example_dags/example_python_operator.py for tasks to queue
[2025-03-22T09:18:38.209+0000] {logging_mixin.py:190} INFO - [2025-03-22T09:18:38.209+0000] {dagbag.py:588} INFO - Filling up the DagBag from /home/airflow/.local/lib/python3.12/site-packages/airflow/example_dags/example_python_operator.py
[2025-03-22T09:18:38.221+0000] {processor.py:925} INFO - DAG(s) 'example_python_operator' retrieved from /home/airflow/.local/lib/python3.12/site-packages/airflow/example_dags/example_python_operator.py
[2025-03-22T09:18:38.246+0000] {logging_mixin.py:190} INFO - [2025-03-22T09:18:38.246+0000] {dag.py:3239} INFO - Sync 1 DAGs
[2025-03-22T09:18:38.263+0000] {logging_mixin.py:190} INFO - [2025-03-22T09:18:38.263+0000] {dag.py:4180} INFO - Setting next_dagrun for example_python_operator to None, run_after=None
[2025-03-22T09:18:38.287+0000] {processor.py:208} INFO - Processing /home/airflow/.local/lib/python3.12/site-packages/airflow/example_dags/example_python_operator.py took 0.085 seconds
[2025-03-22T09:19:08.761+0000] {processor.py:186} INFO - Started process (PID=2730) to work on /home/airflow/.local/lib/python3.12/site-packages/airflow/example_dags/example_python_operator.py
[2025-03-22T09:19:08.762+0000] {processor.py:914} INFO - Processing file /home/airflow/.local/lib/python3.12/site-packages/airflow/example_dags/example_python_operator.py for tasks to queue
[2025-03-22T09:19:08.763+0000] {logging_mixin.py:190} INFO - [2025-03-22T09:19:08.763+0000] {dagbag.py:588} INFO - Filling up the DagBag from /home/airflow/.local/lib/python3.12/site-packages/airflow/example_dags/example_python_operator.py
[2025-03-22T09:19:08.778+0000] {processor.py:925} INFO - DAG(s) 'example_python_operator' retrieved from /home/airflow/.local/lib/python3.12/site-packages/airflow/example_dags/example_python_operator.py
[2025-03-22T09:19:08.808+0000] {logging_mixin.py:190} INFO - [2025-03-22T09:19:08.808+0000] {dag.py:3239} INFO - Sync 1 DAGs
[2025-03-22T09:19:08.827+0000] {logging_mixin.py:190} INFO - [2025-03-22T09:19:08.826+0000] {dag.py:4180} INFO - Setting next_dagrun for example_python_operator to None, run_after=None
[2025-03-22T09:19:08.856+0000] {processor.py:208} INFO - Processing /home/airflow/.local/lib/python3.12/site-packages/airflow/example_dags/example_python_operator.py took 0.101 seconds
[2025-03-22T09:19:38.948+0000] {processor.py:186} INFO - Started process (PID=2794) to work on /home/airflow/.local/lib/python3.12/site-packages/airflow/example_dags/example_python_operator.py
[2025-03-22T09:19:38.949+0000] {processor.py:914} INFO - Processing file /home/airflow/.local/lib/python3.12/site-packages/airflow/example_dags/example_python_operator.py for tasks to queue
[2025-03-22T09:19:38.950+0000] {logging_mixin.py:190} INFO - [2025-03-22T09:19:38.950+0000] {dagbag.py:588} INFO - Filling up the DagBag from /home/airflow/.local/lib/python3.12/site-packages/airflow/example_dags/example_python_operator.py
[2025-03-22T09:19:38.963+0000] {processor.py:925} INFO - DAG(s) 'example_python_operator' retrieved from /home/airflow/.local/lib/python3.12/site-packages/airflow/example_dags/example_python_operator.py
[2025-03-22T09:19:38.989+0000] {logging_mixin.py:190} INFO - [2025-03-22T09:19:38.988+0000] {dag.py:3239} INFO - Sync 1 DAGs
[2025-03-22T09:19:39.005+0000] {logging_mixin.py:190} INFO - [2025-03-22T09:19:39.005+0000] {dag.py:4180} INFO - Setting next_dagrun for example_python_operator to None, run_after=None
[2025-03-22T09:19:39.028+0000] {processor.py:208} INFO - Processing /home/airflow/.local/lib/python3.12/site-packages/airflow/example_dags/example_python_operator.py took 0.086 seconds
[2025-03-22T09:20:09.220+0000] {processor.py:186} INFO - Started process (PID=2858) to work on /home/airflow/.local/lib/python3.12/site-packages/airflow/example_dags/example_python_operator.py
[2025-03-22T09:20:09.221+0000] {processor.py:914} INFO - Processing file /home/airflow/.local/lib/python3.12/site-packages/airflow/example_dags/example_python_operator.py for tasks to queue
[2025-03-22T09:20:09.223+0000] {logging_mixin.py:190} INFO - [2025-03-22T09:20:09.222+0000] {dagbag.py:588} INFO - Filling up the DagBag from /home/airflow/.local/lib/python3.12/site-packages/airflow/example_dags/example_python_operator.py
[2025-03-22T09:20:09.242+0000] {processor.py:925} INFO - DAG(s) 'example_python_operator' retrieved from /home/airflow/.local/lib/python3.12/site-packages/airflow/example_dags/example_python_operator.py
[2025-03-22T09:20:09.274+0000] {logging_mixin.py:190} INFO - [2025-03-22T09:20:09.273+0000] {dag.py:3239} INFO - Sync 1 DAGs
[2025-03-22T09:20:09.298+0000] {logging_mixin.py:190} INFO - [2025-03-22T09:20:09.297+0000] {dag.py:4180} INFO - Setting next_dagrun for example_python_operator to None, run_after=None
[2025-03-22T09:20:09.325+0000] {processor.py:208} INFO - Processing /home/airflow/.local/lib/python3.12/site-packages/airflow/example_dags/example_python_operator.py took 0.115 seconds
[2025-03-22T09:20:39.464+0000] {processor.py:186} INFO - Started process (PID=2922) to work on /home/airflow/.local/lib/python3.12/site-packages/airflow/example_dags/example_python_operator.py
[2025-03-22T09:20:39.465+0000] {processor.py:914} INFO - Processing file /home/airflow/.local/lib/python3.12/site-packages/airflow/example_dags/example_python_operator.py for tasks to queue
[2025-03-22T09:20:39.466+0000] {logging_mixin.py:190} INFO - [2025-03-22T09:20:39.466+0000] {dagbag.py:588} INFO - Filling up the DagBag from /home/airflow/.local/lib/python3.12/site-packages/airflow/example_dags/example_python_operator.py
[2025-03-22T09:20:39.477+0000] {processor.py:925} INFO - DAG(s) 'example_python_operator' retrieved from /home/airflow/.local/lib/python3.12/site-packages/airflow/example_dags/example_python_operator.py
[2025-03-22T09:20:39.496+0000] {logging_mixin.py:190} INFO - [2025-03-22T09:20:39.496+0000] {dag.py:3239} INFO - Sync 1 DAGs
[2025-03-22T09:20:39.510+0000] {logging_mixin.py:190} INFO - [2025-03-22T09:20:39.509+0000] {dag.py:4180} INFO - Setting next_dagrun for example_python_operator to None, run_after=None
[2025-03-22T09:20:39.526+0000] {processor.py:208} INFO - Processing /home/airflow/.local/lib/python3.12/site-packages/airflow/example_dags/example_python_operator.py took 0.067 seconds
[2025-03-22T09:21:09.662+0000] {processor.py:186} INFO - Started process (PID=2986) to work on /home/airflow/.local/lib/python3.12/site-packages/airflow/example_dags/example_python_operator.py
[2025-03-22T09:21:09.662+0000] {processor.py:914} INFO - Processing file /home/airflow/.local/lib/python3.12/site-packages/airflow/example_dags/example_python_operator.py for tasks to queue
[2025-03-22T09:21:09.663+0000] {logging_mixin.py:190} INFO - [2025-03-22T09:21:09.663+0000] {dagbag.py:588} INFO - Filling up the DagBag from /home/airflow/.local/lib/python3.12/site-packages/airflow/example_dags/example_python_operator.py
[2025-03-22T09:21:09.673+0000] {processor.py:925} INFO - DAG(s) 'example_python_operator' retrieved from /home/airflow/.local/lib/python3.12/site-packages/airflow/example_dags/example_python_operator.py
[2025-03-22T09:21:09.693+0000] {logging_mixin.py:190} INFO - [2025-03-22T09:21:09.693+0000] {dag.py:3239} INFO - Sync 1 DAGs
[2025-03-22T09:21:09.706+0000] {logging_mixin.py:190} INFO - [2025-03-22T09:21:09.706+0000] {dag.py:4180} INFO - Setting next_dagrun for example_python_operator to None, run_after=None
[2025-03-22T09:21:09.723+0000] {processor.py:208} INFO - Processing /home/airflow/.local/lib/python3.12/site-packages/airflow/example_dags/example_python_operator.py took 0.067 seconds
[2025-03-22T09:21:39.803+0000] {processor.py:186} INFO - Started process (PID=3050) to work on /home/airflow/.local/lib/python3.12/site-packages/airflow/example_dags/example_python_operator.py
[2025-03-22T09:21:39.804+0000] {processor.py:914} INFO - Processing file /home/airflow/.local/lib/python3.12/site-packages/airflow/example_dags/example_python_operator.py for tasks to queue
[2025-03-22T09:21:39.805+0000] {logging_mixin.py:190} INFO - [2025-03-22T09:21:39.805+0000] {dagbag.py:588} INFO - Filling up the DagBag from /home/airflow/.local/lib/python3.12/site-packages/airflow/example_dags/example_python_operator.py
[2025-03-22T09:21:39.815+0000] {processor.py:925} INFO - DAG(s) 'example_python_operator' retrieved from /home/airflow/.local/lib/python3.12/site-packages/airflow/example_dags/example_python_operator.py
[2025-03-22T09:21:39.834+0000] {logging_mixin.py:190} INFO - [2025-03-22T09:21:39.834+0000] {dag.py:3239} INFO - Sync 1 DAGs
[2025-03-22T09:21:39.847+0000] {logging_mixin.py:190} INFO - [2025-03-22T09:21:39.847+0000] {dag.py:4180} INFO - Setting next_dagrun for example_python_operator to None, run_after=None
[2025-03-22T09:21:39.864+0000] {processor.py:208} INFO - Processing /home/airflow/.local/lib/python3.12/site-packages/airflow/example_dags/example_python_operator.py took 0.065 seconds
[2025-03-22T09:22:09.986+0000] {processor.py:186} INFO - Started process (PID=3114) to work on /home/airflow/.local/lib/python3.12/site-packages/airflow/example_dags/example_python_operator.py
[2025-03-22T09:22:09.987+0000] {processor.py:914} INFO - Processing file /home/airflow/.local/lib/python3.12/site-packages/airflow/example_dags/example_python_operator.py for tasks to queue
[2025-03-22T09:22:09.989+0000] {logging_mixin.py:190} INFO - [2025-03-22T09:22:09.988+0000] {dagbag.py:588} INFO - Filling up the DagBag from /home/airflow/.local/lib/python3.12/site-packages/airflow/example_dags/example_python_operator.py
[2025-03-22T09:22:10.000+0000] {processor.py:925} INFO - DAG(s) 'example_python_operator' retrieved from /home/airflow/.local/lib/python3.12/site-packages/airflow/example_dags/example_python_operator.py
[2025-03-22T09:22:10.021+0000] {logging_mixin.py:190} INFO - [2025-03-22T09:22:10.021+0000] {dag.py:3239} INFO - Sync 1 DAGs
[2025-03-22T09:22:10.036+0000] {logging_mixin.py:190} INFO - [2025-03-22T09:22:10.036+0000] {dag.py:4180} INFO - Setting next_dagrun for example_python_operator to None, run_after=None
[2025-03-22T09:22:10.052+0000] {processor.py:208} INFO - Processing /home/airflow/.local/lib/python3.12/site-packages/airflow/example_dags/example_python_operator.py took 0.072 seconds
[2025-03-22T09:22:40.296+0000] {processor.py:186} INFO - Started process (PID=3178) to work on /home/airflow/.local/lib/python3.12/site-packages/airflow/example_dags/example_python_operator.py
[2025-03-22T09:22:40.297+0000] {processor.py:914} INFO - Processing file /home/airflow/.local/lib/python3.12/site-packages/airflow/example_dags/example_python_operator.py for tasks to queue
[2025-03-22T09:22:40.298+0000] {logging_mixin.py:190} INFO - [2025-03-22T09:22:40.298+0000] {dagbag.py:588} INFO - Filling up the DagBag from /home/airflow/.local/lib/python3.12/site-packages/airflow/example_dags/example_python_operator.py
[2025-03-22T09:22:40.310+0000] {processor.py:925} INFO - DAG(s) 'example_python_operator' retrieved from /home/airflow/.local/lib/python3.12/site-packages/airflow/example_dags/example_python_operator.py
[2025-03-22T09:22:40.332+0000] {logging_mixin.py:190} INFO - [2025-03-22T09:22:40.331+0000] {dag.py:3239} INFO - Sync 1 DAGs
[2025-03-22T09:22:40.347+0000] {logging_mixin.py:190} INFO - [2025-03-22T09:22:40.346+0000] {dag.py:4180} INFO - Setting next_dagrun for example_python_operator to None, run_after=None
[2025-03-22T09:22:40.366+0000] {processor.py:208} INFO - Processing /home/airflow/.local/lib/python3.12/site-packages/airflow/example_dags/example_python_operator.py took 0.075 seconds
[2025-03-22T09:23:10.577+0000] {processor.py:186} INFO - Started process (PID=3242) to work on /home/airflow/.local/lib/python3.12/site-packages/airflow/example_dags/example_python_operator.py
[2025-03-22T09:23:10.578+0000] {processor.py:914} INFO - Processing file /home/airflow/.local/lib/python3.12/site-packages/airflow/example_dags/example_python_operator.py for tasks to queue
[2025-03-22T09:23:10.579+0000] {logging_mixin.py:190} INFO - [2025-03-22T09:23:10.579+0000] {dagbag.py:588} INFO - Filling up the DagBag from /home/airflow/.local/lib/python3.12/site-packages/airflow/example_dags/example_python_operator.py
[2025-03-22T09:23:10.596+0000] {processor.py:925} INFO - DAG(s) 'example_python_operator' retrieved from /home/airflow/.local/lib/python3.12/site-packages/airflow/example_dags/example_python_operator.py
[2025-03-22T09:23:10.621+0000] {logging_mixin.py:190} INFO - [2025-03-22T09:23:10.621+0000] {dag.py:3239} INFO - Sync 1 DAGs
[2025-03-22T09:23:10.636+0000] {logging_mixin.py:190} INFO - [2025-03-22T09:23:10.635+0000] {dag.py:4180} INFO - Setting next_dagrun for example_python_operator to None, run_after=None
[2025-03-22T09:23:10.653+0000] {processor.py:208} INFO - Processing /home/airflow/.local/lib/python3.12/site-packages/airflow/example_dags/example_python_operator.py took 0.091 seconds
[2025-03-22T09:23:40.992+0000] {processor.py:186} INFO - Started process (PID=3306) to work on /home/airflow/.local/lib/python3.12/site-packages/airflow/example_dags/example_python_operator.py
[2025-03-22T09:23:40.993+0000] {processor.py:914} INFO - Processing file /home/airflow/.local/lib/python3.12/site-packages/airflow/example_dags/example_python_operator.py for tasks to queue
[2025-03-22T09:23:40.994+0000] {logging_mixin.py:190} INFO - [2025-03-22T09:23:40.994+0000] {dagbag.py:588} INFO - Filling up the DagBag from /home/airflow/.local/lib/python3.12/site-packages/airflow/example_dags/example_python_operator.py
[2025-03-22T09:23:41.006+0000] {processor.py:925} INFO - DAG(s) 'example_python_operator' retrieved from /home/airflow/.local/lib/python3.12/site-packages/airflow/example_dags/example_python_operator.py
[2025-03-22T09:23:41.030+0000] {logging_mixin.py:190} INFO - [2025-03-22T09:23:41.029+0000] {dag.py:3239} INFO - Sync 1 DAGs
[2025-03-22T09:23:41.044+0000] {logging_mixin.py:190} INFO - [2025-03-22T09:23:41.044+0000] {dag.py:4180} INFO - Setting next_dagrun for example_python_operator to None, run_after=None
[2025-03-22T09:23:41.064+0000] {processor.py:208} INFO - Processing /home/airflow/.local/lib/python3.12/site-packages/airflow/example_dags/example_python_operator.py took 0.077 seconds
[2025-03-22T09:24:11.267+0000] {processor.py:186} INFO - Started process (PID=3370) to work on /home/airflow/.local/lib/python3.12/site-packages/airflow/example_dags/example_python_operator.py
[2025-03-22T09:24:11.268+0000] {processor.py:914} INFO - Processing file /home/airflow/.local/lib/python3.12/site-packages/airflow/example_dags/example_python_operator.py for tasks to queue
[2025-03-22T09:24:11.270+0000] {logging_mixin.py:190} INFO - [2025-03-22T09:24:11.269+0000] {dagbag.py:588} INFO - Filling up the DagBag from /home/airflow/.local/lib/python3.12/site-packages/airflow/example_dags/example_python_operator.py
[2025-03-22T09:24:11.287+0000] {processor.py:925} INFO - DAG(s) 'example_python_operator' retrieved from /home/airflow/.local/lib/python3.12/site-packages/airflow/example_dags/example_python_operator.py
[2025-03-22T09:24:11.310+0000] {logging_mixin.py:190} INFO - [2025-03-22T09:24:11.310+0000] {dag.py:3239} INFO - Sync 1 DAGs
[2025-03-22T09:24:11.327+0000] {logging_mixin.py:190} INFO - [2025-03-22T09:24:11.327+0000] {dag.py:4180} INFO - Setting next_dagrun for example_python_operator to None, run_after=None
[2025-03-22T09:24:11.346+0000] {processor.py:208} INFO - Processing /home/airflow/.local/lib/python3.12/site-packages/airflow/example_dags/example_python_operator.py took 0.087 seconds
[2025-03-22T09:24:41.983+0000] {processor.py:186} INFO - Started process (PID=3434) to work on /home/airflow/.local/lib/python3.12/site-packages/airflow/example_dags/example_python_operator.py
[2025-03-22T09:24:41.984+0000] {processor.py:914} INFO - Processing file /home/airflow/.local/lib/python3.12/site-packages/airflow/example_dags/example_python_operator.py for tasks to queue
[2025-03-22T09:24:41.985+0000] {logging_mixin.py:190} INFO - [2025-03-22T09:24:41.985+0000] {dagbag.py:588} INFO - Filling up the DagBag from /home/airflow/.local/lib/python3.12/site-packages/airflow/example_dags/example_python_operator.py
[2025-03-22T09:24:41.997+0000] {processor.py:925} INFO - DAG(s) 'example_python_operator' retrieved from /home/airflow/.local/lib/python3.12/site-packages/airflow/example_dags/example_python_operator.py
[2025-03-22T09:24:42.024+0000] {logging_mixin.py:190} INFO - [2025-03-22T09:24:42.023+0000] {dag.py:3239} INFO - Sync 1 DAGs
[2025-03-22T09:24:42.041+0000] {logging_mixin.py:190} INFO - [2025-03-22T09:24:42.040+0000] {dag.py:4180} INFO - Setting next_dagrun for example_python_operator to None, run_after=None
[2025-03-22T09:24:42.061+0000] {processor.py:208} INFO - Processing /home/airflow/.local/lib/python3.12/site-packages/airflow/example_dags/example_python_operator.py took 0.085 seconds
[2025-03-22T09:25:12.267+0000] {processor.py:186} INFO - Started process (PID=3498) to work on /home/airflow/.local/lib/python3.12/site-packages/airflow/example_dags/example_python_operator.py
[2025-03-22T09:25:12.268+0000] {processor.py:914} INFO - Processing file /home/airflow/.local/lib/python3.12/site-packages/airflow/example_dags/example_python_operator.py for tasks to queue
[2025-03-22T09:25:12.269+0000] {logging_mixin.py:190} INFO - [2025-03-22T09:25:12.268+0000] {dagbag.py:588} INFO - Filling up the DagBag from /home/airflow/.local/lib/python3.12/site-packages/airflow/example_dags/example_python_operator.py
[2025-03-22T09:25:12.282+0000] {processor.py:925} INFO - DAG(s) 'example_python_operator' retrieved from /home/airflow/.local/lib/python3.12/site-packages/airflow/example_dags/example_python_operator.py
[2025-03-22T09:25:12.304+0000] {logging_mixin.py:190} INFO - [2025-03-22T09:25:12.304+0000] {dag.py:3239} INFO - Sync 1 DAGs
[2025-03-22T09:25:12.319+0000] {logging_mixin.py:190} INFO - [2025-03-22T09:25:12.319+0000] {dag.py:4180} INFO - Setting next_dagrun for example_python_operator to None, run_after=None
[2025-03-22T09:25:12.337+0000] {processor.py:208} INFO - Processing /home/airflow/.local/lib/python3.12/site-packages/airflow/example_dags/example_python_operator.py took 0.076 seconds
[2025-03-22T09:25:42.381+0000] {processor.py:186} INFO - Started process (PID=3562) to work on /home/airflow/.local/lib/python3.12/site-packages/airflow/example_dags/example_python_operator.py
[2025-03-22T09:25:42.382+0000] {processor.py:914} INFO - Processing file /home/airflow/.local/lib/python3.12/site-packages/airflow/example_dags/example_python_operator.py for tasks to queue
[2025-03-22T09:25:42.383+0000] {logging_mixin.py:190} INFO - [2025-03-22T09:25:42.383+0000] {dagbag.py:588} INFO - Filling up the DagBag from /home/airflow/.local/lib/python3.12/site-packages/airflow/example_dags/example_python_operator.py
[2025-03-22T09:25:42.396+0000] {processor.py:925} INFO - DAG(s) 'example_python_operator' retrieved from /home/airflow/.local/lib/python3.12/site-packages/airflow/example_dags/example_python_operator.py
[2025-03-22T09:25:42.420+0000] {logging_mixin.py:190} INFO - [2025-03-22T09:25:42.419+0000] {dag.py:3239} INFO - Sync 1 DAGs
[2025-03-22T09:25:42.434+0000] {logging_mixin.py:190} INFO - [2025-03-22T09:25:42.433+0000] {dag.py:4180} INFO - Setting next_dagrun for example_python_operator to None, run_after=None
[2025-03-22T09:25:42.450+0000] {processor.py:208} INFO - Processing /home/airflow/.local/lib/python3.12/site-packages/airflow/example_dags/example_python_operator.py took 0.074 seconds
[2025-03-22T09:26:13.021+0000] {processor.py:186} INFO - Started process (PID=3626) to work on /home/airflow/.local/lib/python3.12/site-packages/airflow/example_dags/example_python_operator.py
[2025-03-22T09:26:13.022+0000] {processor.py:914} INFO - Processing file /home/airflow/.local/lib/python3.12/site-packages/airflow/example_dags/example_python_operator.py for tasks to queue
[2025-03-22T09:26:13.023+0000] {logging_mixin.py:190} INFO - [2025-03-22T09:26:13.023+0000] {dagbag.py:588} INFO - Filling up the DagBag from /home/airflow/.local/lib/python3.12/site-packages/airflow/example_dags/example_python_operator.py
[2025-03-22T09:26:13.034+0000] {processor.py:925} INFO - DAG(s) 'example_python_operator' retrieved from /home/airflow/.local/lib/python3.12/site-packages/airflow/example_dags/example_python_operator.py
[2025-03-22T09:26:13.057+0000] {logging_mixin.py:190} INFO - [2025-03-22T09:26:13.057+0000] {dag.py:3239} INFO - Sync 1 DAGs
[2025-03-22T09:26:13.074+0000] {logging_mixin.py:190} INFO - [2025-03-22T09:26:13.074+0000] {dag.py:4180} INFO - Setting next_dagrun for example_python_operator to None, run_after=None
[2025-03-22T09:26:13.093+0000] {processor.py:208} INFO - Processing /home/airflow/.local/lib/python3.12/site-packages/airflow/example_dags/example_python_operator.py took 0.077 seconds
[2025-03-22T09:26:43.248+0000] {processor.py:186} INFO - Started process (PID=3690) to work on /home/airflow/.local/lib/python3.12/site-packages/airflow/example_dags/example_python_operator.py
[2025-03-22T09:26:43.249+0000] {processor.py:914} INFO - Processing file /home/airflow/.local/lib/python3.12/site-packages/airflow/example_dags/example_python_operator.py for tasks to queue
[2025-03-22T09:26:43.250+0000] {logging_mixin.py:190} INFO - [2025-03-22T09:26:43.250+0000] {dagbag.py:588} INFO - Filling up the DagBag from /home/airflow/.local/lib/python3.12/site-packages/airflow/example_dags/example_python_operator.py
[2025-03-22T09:26:43.264+0000] {processor.py:925} INFO - DAG(s) 'example_python_operator' retrieved from /home/airflow/.local/lib/python3.12/site-packages/airflow/example_dags/example_python_operator.py
[2025-03-22T09:26:43.289+0000] {logging_mixin.py:190} INFO - [2025-03-22T09:26:43.288+0000] {dag.py:3239} INFO - Sync 1 DAGs
[2025-03-22T09:26:43.302+0000] {logging_mixin.py:190} INFO - [2025-03-22T09:26:43.302+0000] {dag.py:4180} INFO - Setting next_dagrun for example_python_operator to None, run_after=None
[2025-03-22T09:26:43.319+0000] {processor.py:208} INFO - Processing /home/airflow/.local/lib/python3.12/site-packages/airflow/example_dags/example_python_operator.py took 0.078 seconds
[2025-03-22T09:27:13.738+0000] {processor.py:186} INFO - Started process (PID=3754) to work on /home/airflow/.local/lib/python3.12/site-packages/airflow/example_dags/example_python_operator.py
[2025-03-22T09:27:13.739+0000] {processor.py:914} INFO - Processing file /home/airflow/.local/lib/python3.12/site-packages/airflow/example_dags/example_python_operator.py for tasks to queue
[2025-03-22T09:27:13.742+0000] {logging_mixin.py:190} INFO - [2025-03-22T09:27:13.741+0000] {dagbag.py:588} INFO - Filling up the DagBag from /home/airflow/.local/lib/python3.12/site-packages/airflow/example_dags/example_python_operator.py
[2025-03-22T09:27:13.762+0000] {processor.py:925} INFO - DAG(s) 'example_python_operator' retrieved from /home/airflow/.local/lib/python3.12/site-packages/airflow/example_dags/example_python_operator.py
[2025-03-22T09:27:13.801+0000] {logging_mixin.py:190} INFO - [2025-03-22T09:27:13.800+0000] {dag.py:3239} INFO - Sync 1 DAGs
[2025-03-22T09:27:13.823+0000] {logging_mixin.py:190} INFO - [2025-03-22T09:27:13.823+0000] {dag.py:4180} INFO - Setting next_dagrun for example_python_operator to None, run_after=None
[2025-03-22T09:27:13.849+0000] {processor.py:208} INFO - Processing /home/airflow/.local/lib/python3.12/site-packages/airflow/example_dags/example_python_operator.py took 0.120 seconds
[2025-03-22T09:27:44.457+0000] {processor.py:186} INFO - Started process (PID=3818) to work on /home/airflow/.local/lib/python3.12/site-packages/airflow/example_dags/example_python_operator.py
[2025-03-22T09:27:44.459+0000] {processor.py:914} INFO - Processing file /home/airflow/.local/lib/python3.12/site-packages/airflow/example_dags/example_python_operator.py for tasks to queue
[2025-03-22T09:27:44.461+0000] {logging_mixin.py:190} INFO - [2025-03-22T09:27:44.461+0000] {dagbag.py:588} INFO - Filling up the DagBag from /home/airflow/.local/lib/python3.12/site-packages/airflow/example_dags/example_python_operator.py
[2025-03-22T09:27:44.489+0000] {processor.py:925} INFO - DAG(s) 'example_python_operator' retrieved from /home/airflow/.local/lib/python3.12/site-packages/airflow/example_dags/example_python_operator.py
[2025-03-22T09:27:44.520+0000] {logging_mixin.py:190} INFO - [2025-03-22T09:27:44.519+0000] {dag.py:3239} INFO - Sync 1 DAGs
[2025-03-22T09:27:44.735+0000] {logging_mixin.py:190} INFO - [2025-03-22T09:27:44.735+0000] {dag.py:4180} INFO - Setting next_dagrun for example_python_operator to None, run_after=None
[2025-03-22T09:27:44.761+0000] {processor.py:208} INFO - Processing /home/airflow/.local/lib/python3.12/site-packages/airflow/example_dags/example_python_operator.py took 0.317 seconds
[2025-03-22T09:28:15.951+0000] {processor.py:186} INFO - Started process (PID=3881) to work on /home/airflow/.local/lib/python3.12/site-packages/airflow/example_dags/example_python_operator.py
[2025-03-22T09:28:15.952+0000] {processor.py:914} INFO - Processing file /home/airflow/.local/lib/python3.12/site-packages/airflow/example_dags/example_python_operator.py for tasks to queue
[2025-03-22T09:28:15.954+0000] {logging_mixin.py:190} INFO - [2025-03-22T09:28:15.954+0000] {dagbag.py:588} INFO - Filling up the DagBag from /home/airflow/.local/lib/python3.12/site-packages/airflow/example_dags/example_python_operator.py
[2025-03-22T09:28:15.971+0000] {processor.py:925} INFO - DAG(s) 'example_python_operator' retrieved from /home/airflow/.local/lib/python3.12/site-packages/airflow/example_dags/example_python_operator.py
[2025-03-22T09:28:16.009+0000] {logging_mixin.py:190} INFO - [2025-03-22T09:28:16.009+0000] {dag.py:3239} INFO - Sync 1 DAGs
[2025-03-22T09:28:16.304+0000] {logging_mixin.py:190} INFO - [2025-03-22T09:28:16.304+0000] {dag.py:4180} INFO - Setting next_dagrun for example_python_operator to None, run_after=None
[2025-03-22T09:28:16.328+0000] {processor.py:208} INFO - Processing /home/airflow/.local/lib/python3.12/site-packages/airflow/example_dags/example_python_operator.py took 0.385 seconds
