[2025-03-22T08:57:54.058+0000] {processor.py:186} INFO - Started process (PID=113) to work on /home/airflow/.local/lib/python3.12/site-packages/airflow/example_dags/example_branch_operator.py
[2025-03-22T08:57:54.059+0000] {processor.py:914} INFO - Processing file /home/airflow/.local/lib/python3.12/site-packages/airflow/example_dags/example_branch_operator.py for tasks to queue
[2025-03-22T08:57:54.061+0000] {logging_mixin.py:190} INFO - [2025-03-22T08:57:54.061+0000] {dagbag.py:588} INFO - Filling up the DagBag from /home/airflow/.local/lib/python3.12/site-packages/airflow/example_dags/example_branch_operator.py
[2025-03-22T08:57:54.081+0000] {processor.py:925} INFO - DAG(s) 'example_branch_operator' retrieved from /home/airflow/.local/lib/python3.12/site-packages/airflow/example_dags/example_branch_operator.py
[2025-03-22T08:57:54.191+0000] {logging_mixin.py:190} INFO - [2025-03-22T08:57:54.191+0000] {override.py:1912} INFO - Created Permission View: can edit on DAG:example_branch_operator
[2025-03-22T08:57:54.203+0000] {logging_mixin.py:190} INFO - [2025-03-22T08:57:54.203+0000] {override.py:1912} INFO - Created Permission View: can delete on DAG:example_branch_operator
[2025-03-22T08:57:54.210+0000] {logging_mixin.py:190} INFO - [2025-03-22T08:57:54.209+0000] {override.py:1912} INFO - Created Permission View: can read on DAG:example_branch_operator
[2025-03-22T08:57:54.217+0000] {logging_mixin.py:190} INFO - [2025-03-22T08:57:54.217+0000] {override.py:1912} INFO - Created Permission View: can delete on DAG Run:example_branch_operator
[2025-03-22T08:57:54.225+0000] {logging_mixin.py:190} INFO - [2025-03-22T08:57:54.225+0000] {override.py:1912} INFO - Created Permission View: menu access on DAG Run:example_branch_operator
[2025-03-22T08:57:54.232+0000] {logging_mixin.py:190} INFO - [2025-03-22T08:57:54.231+0000] {override.py:1912} INFO - Created Permission View: can create on DAG Run:example_branch_operator
[2025-03-22T08:57:54.238+0000] {logging_mixin.py:190} INFO - [2025-03-22T08:57:54.238+0000] {override.py:1912} INFO - Created Permission View: can read on DAG Run:example_branch_operator
[2025-03-22T08:57:54.239+0000] {logging_mixin.py:190} INFO - [2025-03-22T08:57:54.239+0000] {dag.py:3239} INFO - Sync 1 DAGs
[2025-03-22T08:57:54.251+0000] {logging_mixin.py:190} INFO - [2025-03-22T08:57:54.251+0000] {dag.py:3262} INFO - Creating ORM DAG for example_branch_operator
[2025-03-22T08:57:54.261+0000] {logging_mixin.py:190} INFO - [2025-03-22T08:57:54.261+0000] {dag.py:4180} INFO - Setting next_dagrun for example_branch_operator to 2025-03-21 00:00:00+00:00, run_after=2025-03-22 00:00:00+00:00
[2025-03-22T08:57:54.281+0000] {processor.py:208} INFO - Processing /home/airflow/.local/lib/python3.12/site-packages/airflow/example_dags/example_branch_operator.py took 0.229 seconds
[2025-03-22T08:58:24.809+0000] {processor.py:186} INFO - Started process (PID=176) to work on /home/airflow/.local/lib/python3.12/site-packages/airflow/example_dags/example_branch_operator.py
[2025-03-22T08:58:24.810+0000] {processor.py:914} INFO - Processing file /home/airflow/.local/lib/python3.12/site-packages/airflow/example_dags/example_branch_operator.py for tasks to queue
[2025-03-22T08:58:24.812+0000] {logging_mixin.py:190} INFO - [2025-03-22T08:58:24.812+0000] {dagbag.py:588} INFO - Filling up the DagBag from /home/airflow/.local/lib/python3.12/site-packages/airflow/example_dags/example_branch_operator.py
[2025-03-22T08:58:24.829+0000] {processor.py:925} INFO - DAG(s) 'example_branch_operator' retrieved from /home/airflow/.local/lib/python3.12/site-packages/airflow/example_dags/example_branch_operator.py
[2025-03-22T08:58:24.862+0000] {logging_mixin.py:190} INFO - [2025-03-22T08:58:24.862+0000] {dag.py:3239} INFO - Sync 1 DAGs
[2025-03-22T08:58:24.892+0000] {logging_mixin.py:190} INFO - [2025-03-22T08:58:24.892+0000] {dag.py:4180} INFO - Setting next_dagrun for example_branch_operator to 2025-03-21 00:00:00+00:00, run_after=2025-03-22 00:00:00+00:00
[2025-03-22T08:58:24.912+0000] {processor.py:208} INFO - Processing /home/airflow/.local/lib/python3.12/site-packages/airflow/example_dags/example_branch_operator.py took 0.108 seconds
[2025-03-22T08:58:55.858+0000] {processor.py:186} INFO - Started process (PID=239) to work on /home/airflow/.local/lib/python3.12/site-packages/airflow/example_dags/example_branch_operator.py
[2025-03-22T08:58:55.859+0000] {processor.py:914} INFO - Processing file /home/airflow/.local/lib/python3.12/site-packages/airflow/example_dags/example_branch_operator.py for tasks to queue
[2025-03-22T08:58:55.861+0000] {logging_mixin.py:190} INFO - [2025-03-22T08:58:55.861+0000] {dagbag.py:588} INFO - Filling up the DagBag from /home/airflow/.local/lib/python3.12/site-packages/airflow/example_dags/example_branch_operator.py
[2025-03-22T08:58:55.878+0000] {processor.py:925} INFO - DAG(s) 'example_branch_operator' retrieved from /home/airflow/.local/lib/python3.12/site-packages/airflow/example_dags/example_branch_operator.py
[2025-03-22T08:58:55.906+0000] {logging_mixin.py:190} INFO - [2025-03-22T08:58:55.906+0000] {dag.py:3239} INFO - Sync 1 DAGs
[2025-03-22T08:58:55.930+0000] {logging_mixin.py:190} INFO - [2025-03-22T08:58:55.929+0000] {dag.py:4180} INFO - Setting next_dagrun for example_branch_operator to 2025-03-21 00:00:00+00:00, run_after=2025-03-22 00:00:00+00:00
[2025-03-22T08:58:55.947+0000] {processor.py:208} INFO - Processing /home/airflow/.local/lib/python3.12/site-packages/airflow/example_dags/example_branch_operator.py took 0.095 seconds
[2025-03-22T08:59:26.145+0000] {processor.py:186} INFO - Started process (PID=302) to work on /home/airflow/.local/lib/python3.12/site-packages/airflow/example_dags/example_branch_operator.py
[2025-03-22T08:59:26.147+0000] {processor.py:914} INFO - Processing file /home/airflow/.local/lib/python3.12/site-packages/airflow/example_dags/example_branch_operator.py for tasks to queue
[2025-03-22T08:59:26.150+0000] {logging_mixin.py:190} INFO - [2025-03-22T08:59:26.150+0000] {dagbag.py:588} INFO - Filling up the DagBag from /home/airflow/.local/lib/python3.12/site-packages/airflow/example_dags/example_branch_operator.py
[2025-03-22T08:59:26.172+0000] {processor.py:925} INFO - DAG(s) 'example_branch_operator' retrieved from /home/airflow/.local/lib/python3.12/site-packages/airflow/example_dags/example_branch_operator.py
[2025-03-22T08:59:26.220+0000] {logging_mixin.py:190} INFO - [2025-03-22T08:59:26.220+0000] {dag.py:3239} INFO - Sync 1 DAGs
[2025-03-22T08:59:26.251+0000] {logging_mixin.py:190} INFO - [2025-03-22T08:59:26.251+0000] {dag.py:4180} INFO - Setting next_dagrun for example_branch_operator to 2025-03-21 00:00:00+00:00, run_after=2025-03-22 00:00:00+00:00
[2025-03-22T08:59:26.279+0000] {processor.py:208} INFO - Processing /home/airflow/.local/lib/python3.12/site-packages/airflow/example_dags/example_branch_operator.py took 0.141 seconds
[2025-03-22T08:59:56.624+0000] {processor.py:186} INFO - Started process (PID=365) to work on /home/airflow/.local/lib/python3.12/site-packages/airflow/example_dags/example_branch_operator.py
[2025-03-22T08:59:56.625+0000] {processor.py:914} INFO - Processing file /home/airflow/.local/lib/python3.12/site-packages/airflow/example_dags/example_branch_operator.py for tasks to queue
[2025-03-22T08:59:56.629+0000] {logging_mixin.py:190} INFO - [2025-03-22T08:59:56.628+0000] {dagbag.py:588} INFO - Filling up the DagBag from /home/airflow/.local/lib/python3.12/site-packages/airflow/example_dags/example_branch_operator.py
[2025-03-22T08:59:56.659+0000] {processor.py:925} INFO - DAG(s) 'example_branch_operator' retrieved from /home/airflow/.local/lib/python3.12/site-packages/airflow/example_dags/example_branch_operator.py
[2025-03-22T08:59:56.706+0000] {logging_mixin.py:190} INFO - [2025-03-22T08:59:56.706+0000] {dag.py:3239} INFO - Sync 1 DAGs
[2025-03-22T08:59:56.748+0000] {logging_mixin.py:190} INFO - [2025-03-22T08:59:56.748+0000] {dag.py:4180} INFO - Setting next_dagrun for example_branch_operator to 2025-03-21 00:00:00+00:00, run_after=2025-03-22 00:00:00+00:00
[2025-03-22T08:59:56.775+0000] {processor.py:208} INFO - Processing /home/airflow/.local/lib/python3.12/site-packages/airflow/example_dags/example_branch_operator.py took 0.159 seconds
[2025-03-22T09:00:26.881+0000] {processor.py:186} INFO - Started process (PID=428) to work on /home/airflow/.local/lib/python3.12/site-packages/airflow/example_dags/example_branch_operator.py
[2025-03-22T09:00:26.882+0000] {processor.py:914} INFO - Processing file /home/airflow/.local/lib/python3.12/site-packages/airflow/example_dags/example_branch_operator.py for tasks to queue
[2025-03-22T09:00:26.885+0000] {logging_mixin.py:190} INFO - [2025-03-22T09:00:26.884+0000] {dagbag.py:588} INFO - Filling up the DagBag from /home/airflow/.local/lib/python3.12/site-packages/airflow/example_dags/example_branch_operator.py
[2025-03-22T09:00:26.902+0000] {processor.py:925} INFO - DAG(s) 'example_branch_operator' retrieved from /home/airflow/.local/lib/python3.12/site-packages/airflow/example_dags/example_branch_operator.py
[2025-03-22T09:00:26.936+0000] {logging_mixin.py:190} INFO - [2025-03-22T09:00:26.936+0000] {dag.py:3239} INFO - Sync 1 DAGs
[2025-03-22T09:00:26.966+0000] {logging_mixin.py:190} INFO - [2025-03-22T09:00:26.966+0000] {dag.py:4180} INFO - Setting next_dagrun for example_branch_operator to 2025-03-21 00:00:00+00:00, run_after=2025-03-22 00:00:00+00:00
[2025-03-22T09:00:26.986+0000] {processor.py:208} INFO - Processing /home/airflow/.local/lib/python3.12/site-packages/airflow/example_dags/example_branch_operator.py took 0.111 seconds
[2025-03-22T09:00:57.338+0000] {processor.py:186} INFO - Started process (PID=491) to work on /home/airflow/.local/lib/python3.12/site-packages/airflow/example_dags/example_branch_operator.py
[2025-03-22T09:00:57.339+0000] {processor.py:914} INFO - Processing file /home/airflow/.local/lib/python3.12/site-packages/airflow/example_dags/example_branch_operator.py for tasks to queue
[2025-03-22T09:00:57.341+0000] {logging_mixin.py:190} INFO - [2025-03-22T09:00:57.341+0000] {dagbag.py:588} INFO - Filling up the DagBag from /home/airflow/.local/lib/python3.12/site-packages/airflow/example_dags/example_branch_operator.py
[2025-03-22T09:00:57.360+0000] {processor.py:925} INFO - DAG(s) 'example_branch_operator' retrieved from /home/airflow/.local/lib/python3.12/site-packages/airflow/example_dags/example_branch_operator.py
[2025-03-22T09:00:57.391+0000] {logging_mixin.py:190} INFO - [2025-03-22T09:00:57.390+0000] {dag.py:3239} INFO - Sync 1 DAGs
[2025-03-22T09:00:57.420+0000] {logging_mixin.py:190} INFO - [2025-03-22T09:00:57.420+0000] {dag.py:4180} INFO - Setting next_dagrun for example_branch_operator to 2025-03-21 00:00:00+00:00, run_after=2025-03-22 00:00:00+00:00
[2025-03-22T09:00:57.442+0000] {processor.py:208} INFO - Processing /home/airflow/.local/lib/python3.12/site-packages/airflow/example_dags/example_branch_operator.py took 0.109 seconds
[2025-03-22T09:01:27.918+0000] {processor.py:186} INFO - Started process (PID=554) to work on /home/airflow/.local/lib/python3.12/site-packages/airflow/example_dags/example_branch_operator.py
[2025-03-22T09:01:27.919+0000] {processor.py:914} INFO - Processing file /home/airflow/.local/lib/python3.12/site-packages/airflow/example_dags/example_branch_operator.py for tasks to queue
[2025-03-22T09:01:27.921+0000] {logging_mixin.py:190} INFO - [2025-03-22T09:01:27.921+0000] {dagbag.py:588} INFO - Filling up the DagBag from /home/airflow/.local/lib/python3.12/site-packages/airflow/example_dags/example_branch_operator.py
[2025-03-22T09:01:27.949+0000] {processor.py:925} INFO - DAG(s) 'example_branch_operator' retrieved from /home/airflow/.local/lib/python3.12/site-packages/airflow/example_dags/example_branch_operator.py
[2025-03-22T09:01:27.986+0000] {logging_mixin.py:190} INFO - [2025-03-22T09:01:27.986+0000] {dag.py:3239} INFO - Sync 1 DAGs
[2025-03-22T09:01:28.030+0000] {logging_mixin.py:190} INFO - [2025-03-22T09:01:28.030+0000] {dag.py:4180} INFO - Setting next_dagrun for example_branch_operator to 2025-03-21 00:00:00+00:00, run_after=2025-03-22 00:00:00+00:00
[2025-03-22T09:01:28.058+0000] {processor.py:208} INFO - Processing /home/airflow/.local/lib/python3.12/site-packages/airflow/example_dags/example_branch_operator.py took 0.145 seconds
[2025-03-22T09:01:58.128+0000] {processor.py:186} INFO - Started process (PID=617) to work on /home/airflow/.local/lib/python3.12/site-packages/airflow/example_dags/example_branch_operator.py
[2025-03-22T09:01:58.128+0000] {processor.py:914} INFO - Processing file /home/airflow/.local/lib/python3.12/site-packages/airflow/example_dags/example_branch_operator.py for tasks to queue
[2025-03-22T09:01:58.130+0000] {logging_mixin.py:190} INFO - [2025-03-22T09:01:58.130+0000] {dagbag.py:588} INFO - Filling up the DagBag from /home/airflow/.local/lib/python3.12/site-packages/airflow/example_dags/example_branch_operator.py
[2025-03-22T09:01:58.148+0000] {processor.py:925} INFO - DAG(s) 'example_branch_operator' retrieved from /home/airflow/.local/lib/python3.12/site-packages/airflow/example_dags/example_branch_operator.py
[2025-03-22T09:01:58.188+0000] {logging_mixin.py:190} INFO - [2025-03-22T09:01:58.187+0000] {dag.py:3239} INFO - Sync 1 DAGs
[2025-03-22T09:01:58.214+0000] {logging_mixin.py:190} INFO - [2025-03-22T09:01:58.214+0000] {dag.py:4180} INFO - Setting next_dagrun for example_branch_operator to 2025-03-21 00:00:00+00:00, run_after=2025-03-22 00:00:00+00:00
[2025-03-22T09:01:58.239+0000] {processor.py:208} INFO - Processing /home/airflow/.local/lib/python3.12/site-packages/airflow/example_dags/example_branch_operator.py took 0.116 seconds
[2025-03-22T09:02:28.835+0000] {processor.py:186} INFO - Started process (PID=679) to work on /home/airflow/.local/lib/python3.12/site-packages/airflow/example_dags/example_branch_operator.py
[2025-03-22T09:02:28.836+0000] {processor.py:914} INFO - Processing file /home/airflow/.local/lib/python3.12/site-packages/airflow/example_dags/example_branch_operator.py for tasks to queue
[2025-03-22T09:02:28.838+0000] {logging_mixin.py:190} INFO - [2025-03-22T09:02:28.838+0000] {dagbag.py:588} INFO - Filling up the DagBag from /home/airflow/.local/lib/python3.12/site-packages/airflow/example_dags/example_branch_operator.py
[2025-03-22T09:02:28.855+0000] {processor.py:925} INFO - DAG(s) 'example_branch_operator' retrieved from /home/airflow/.local/lib/python3.12/site-packages/airflow/example_dags/example_branch_operator.py
[2025-03-22T09:02:28.882+0000] {logging_mixin.py:190} INFO - [2025-03-22T09:02:28.882+0000] {dag.py:3239} INFO - Sync 1 DAGs
[2025-03-22T09:02:28.904+0000] {logging_mixin.py:190} INFO - [2025-03-22T09:02:28.904+0000] {dag.py:4180} INFO - Setting next_dagrun for example_branch_operator to 2025-03-21 00:00:00+00:00, run_after=2025-03-22 00:00:00+00:00
[2025-03-22T09:02:28.920+0000] {processor.py:208} INFO - Processing /home/airflow/.local/lib/python3.12/site-packages/airflow/example_dags/example_branch_operator.py took 0.091 seconds
[2025-03-22T09:02:59.291+0000] {processor.py:186} INFO - Started process (PID=742) to work on /home/airflow/.local/lib/python3.12/site-packages/airflow/example_dags/example_branch_operator.py
[2025-03-22T09:02:59.292+0000] {processor.py:914} INFO - Processing file /home/airflow/.local/lib/python3.12/site-packages/airflow/example_dags/example_branch_operator.py for tasks to queue
[2025-03-22T09:02:59.294+0000] {logging_mixin.py:190} INFO - [2025-03-22T09:02:59.294+0000] {dagbag.py:588} INFO - Filling up the DagBag from /home/airflow/.local/lib/python3.12/site-packages/airflow/example_dags/example_branch_operator.py
[2025-03-22T09:02:59.312+0000] {processor.py:925} INFO - DAG(s) 'example_branch_operator' retrieved from /home/airflow/.local/lib/python3.12/site-packages/airflow/example_dags/example_branch_operator.py
[2025-03-22T09:02:59.354+0000] {logging_mixin.py:190} INFO - [2025-03-22T09:02:59.353+0000] {dag.py:3239} INFO - Sync 1 DAGs
[2025-03-22T09:02:59.386+0000] {logging_mixin.py:190} INFO - [2025-03-22T09:02:59.386+0000] {dag.py:4180} INFO - Setting next_dagrun for example_branch_operator to 2025-03-21 00:00:00+00:00, run_after=2025-03-22 00:00:00+00:00
[2025-03-22T09:02:59.411+0000] {processor.py:208} INFO - Processing /home/airflow/.local/lib/python3.12/site-packages/airflow/example_dags/example_branch_operator.py took 0.126 seconds
[2025-03-22T09:03:29.760+0000] {processor.py:186} INFO - Started process (PID=805) to work on /home/airflow/.local/lib/python3.12/site-packages/airflow/example_dags/example_branch_operator.py
[2025-03-22T09:03:29.761+0000] {processor.py:914} INFO - Processing file /home/airflow/.local/lib/python3.12/site-packages/airflow/example_dags/example_branch_operator.py for tasks to queue
[2025-03-22T09:03:29.763+0000] {logging_mixin.py:190} INFO - [2025-03-22T09:03:29.763+0000] {dagbag.py:588} INFO - Filling up the DagBag from /home/airflow/.local/lib/python3.12/site-packages/airflow/example_dags/example_branch_operator.py
[2025-03-22T09:03:29.783+0000] {processor.py:925} INFO - DAG(s) 'example_branch_operator' retrieved from /home/airflow/.local/lib/python3.12/site-packages/airflow/example_dags/example_branch_operator.py
[2025-03-22T09:03:29.816+0000] {logging_mixin.py:190} INFO - [2025-03-22T09:03:29.815+0000] {dag.py:3239} INFO - Sync 1 DAGs
[2025-03-22T09:03:29.844+0000] {logging_mixin.py:190} INFO - [2025-03-22T09:03:29.844+0000] {dag.py:4180} INFO - Setting next_dagrun for example_branch_operator to 2025-03-21 00:00:00+00:00, run_after=2025-03-22 00:00:00+00:00
[2025-03-22T09:03:29.863+0000] {processor.py:208} INFO - Processing /home/airflow/.local/lib/python3.12/site-packages/airflow/example_dags/example_branch_operator.py took 0.108 seconds
[2025-03-22T09:04:00.252+0000] {processor.py:186} INFO - Started process (PID=869) to work on /home/airflow/.local/lib/python3.12/site-packages/airflow/example_dags/example_branch_operator.py
[2025-03-22T09:04:00.253+0000] {processor.py:914} INFO - Processing file /home/airflow/.local/lib/python3.12/site-packages/airflow/example_dags/example_branch_operator.py for tasks to queue
[2025-03-22T09:04:00.255+0000] {logging_mixin.py:190} INFO - [2025-03-22T09:04:00.255+0000] {dagbag.py:588} INFO - Filling up the DagBag from /home/airflow/.local/lib/python3.12/site-packages/airflow/example_dags/example_branch_operator.py
[2025-03-22T09:04:00.279+0000] {processor.py:925} INFO - DAG(s) 'example_branch_operator' retrieved from /home/airflow/.local/lib/python3.12/site-packages/airflow/example_dags/example_branch_operator.py
[2025-03-22T09:04:00.317+0000] {logging_mixin.py:190} INFO - [2025-03-22T09:04:00.317+0000] {dag.py:3239} INFO - Sync 1 DAGs
[2025-03-22T09:04:00.344+0000] {logging_mixin.py:190} INFO - [2025-03-22T09:04:00.344+0000] {dag.py:4180} INFO - Setting next_dagrun for example_branch_operator to 2025-03-21 00:00:00+00:00, run_after=2025-03-22 00:00:00+00:00
[2025-03-22T09:04:00.363+0000] {processor.py:208} INFO - Processing /home/airflow/.local/lib/python3.12/site-packages/airflow/example_dags/example_branch_operator.py took 0.117 seconds
[2025-03-22T09:04:30.810+0000] {processor.py:186} INFO - Started process (PID=931) to work on /home/airflow/.local/lib/python3.12/site-packages/airflow/example_dags/example_branch_operator.py
[2025-03-22T09:04:30.811+0000] {processor.py:914} INFO - Processing file /home/airflow/.local/lib/python3.12/site-packages/airflow/example_dags/example_branch_operator.py for tasks to queue
[2025-03-22T09:04:30.815+0000] {logging_mixin.py:190} INFO - [2025-03-22T09:04:30.814+0000] {dagbag.py:588} INFO - Filling up the DagBag from /home/airflow/.local/lib/python3.12/site-packages/airflow/example_dags/example_branch_operator.py
[2025-03-22T09:04:30.842+0000] {processor.py:925} INFO - DAG(s) 'example_branch_operator' retrieved from /home/airflow/.local/lib/python3.12/site-packages/airflow/example_dags/example_branch_operator.py
[2025-03-22T09:04:30.907+0000] {logging_mixin.py:190} INFO - [2025-03-22T09:04:30.907+0000] {dag.py:3239} INFO - Sync 1 DAGs
[2025-03-22T09:04:30.955+0000] {logging_mixin.py:190} INFO - [2025-03-22T09:04:30.955+0000] {dag.py:4180} INFO - Setting next_dagrun for example_branch_operator to 2025-03-21 00:00:00+00:00, run_after=2025-03-22 00:00:00+00:00
[2025-03-22T09:04:30.979+0000] {processor.py:208} INFO - Processing /home/airflow/.local/lib/python3.12/site-packages/airflow/example_dags/example_branch_operator.py took 0.178 seconds
[2025-03-22T09:05:01.368+0000] {processor.py:186} INFO - Started process (PID=994) to work on /home/airflow/.local/lib/python3.12/site-packages/airflow/example_dags/example_branch_operator.py
[2025-03-22T09:05:01.370+0000] {processor.py:914} INFO - Processing file /home/airflow/.local/lib/python3.12/site-packages/airflow/example_dags/example_branch_operator.py for tasks to queue
[2025-03-22T09:05:01.374+0000] {logging_mixin.py:190} INFO - [2025-03-22T09:05:01.373+0000] {dagbag.py:588} INFO - Filling up the DagBag from /home/airflow/.local/lib/python3.12/site-packages/airflow/example_dags/example_branch_operator.py
[2025-03-22T09:05:01.396+0000] {processor.py:925} INFO - DAG(s) 'example_branch_operator' retrieved from /home/airflow/.local/lib/python3.12/site-packages/airflow/example_dags/example_branch_operator.py
[2025-03-22T09:05:01.435+0000] {logging_mixin.py:190} INFO - [2025-03-22T09:05:01.434+0000] {dag.py:3239} INFO - Sync 1 DAGs
[2025-03-22T09:05:01.464+0000] {logging_mixin.py:190} INFO - [2025-03-22T09:05:01.464+0000] {dag.py:4180} INFO - Setting next_dagrun for example_branch_operator to 2025-03-21 00:00:00+00:00, run_after=2025-03-22 00:00:00+00:00
[2025-03-22T09:05:01.489+0000] {processor.py:208} INFO - Processing /home/airflow/.local/lib/python3.12/site-packages/airflow/example_dags/example_branch_operator.py took 0.129 seconds
[2025-03-22T09:05:32.148+0000] {processor.py:186} INFO - Started process (PID=1057) to work on /home/airflow/.local/lib/python3.12/site-packages/airflow/example_dags/example_branch_operator.py
[2025-03-22T09:05:32.149+0000] {processor.py:914} INFO - Processing file /home/airflow/.local/lib/python3.12/site-packages/airflow/example_dags/example_branch_operator.py for tasks to queue
[2025-03-22T09:05:32.151+0000] {logging_mixin.py:190} INFO - [2025-03-22T09:05:32.151+0000] {dagbag.py:588} INFO - Filling up the DagBag from /home/airflow/.local/lib/python3.12/site-packages/airflow/example_dags/example_branch_operator.py
[2025-03-22T09:05:32.177+0000] {processor.py:925} INFO - DAG(s) 'example_branch_operator' retrieved from /home/airflow/.local/lib/python3.12/site-packages/airflow/example_dags/example_branch_operator.py
[2025-03-22T09:05:32.229+0000] {logging_mixin.py:190} INFO - [2025-03-22T09:05:32.229+0000] {dag.py:3239} INFO - Sync 1 DAGs
[2025-03-22T09:05:32.263+0000] {logging_mixin.py:190} INFO - [2025-03-22T09:05:32.263+0000] {dag.py:4180} INFO - Setting next_dagrun for example_branch_operator to 2025-03-21 00:00:00+00:00, run_after=2025-03-22 00:00:00+00:00
[2025-03-22T09:05:32.305+0000] {processor.py:208} INFO - Processing /home/airflow/.local/lib/python3.12/site-packages/airflow/example_dags/example_branch_operator.py took 0.166 seconds
[2025-03-22T09:06:02.426+0000] {processor.py:186} INFO - Started process (PID=1120) to work on /home/airflow/.local/lib/python3.12/site-packages/airflow/example_dags/example_branch_operator.py
[2025-03-22T09:06:02.427+0000] {processor.py:914} INFO - Processing file /home/airflow/.local/lib/python3.12/site-packages/airflow/example_dags/example_branch_operator.py for tasks to queue
[2025-03-22T09:06:02.429+0000] {logging_mixin.py:190} INFO - [2025-03-22T09:06:02.429+0000] {dagbag.py:588} INFO - Filling up the DagBag from /home/airflow/.local/lib/python3.12/site-packages/airflow/example_dags/example_branch_operator.py
[2025-03-22T09:06:02.447+0000] {processor.py:925} INFO - DAG(s) 'example_branch_operator' retrieved from /home/airflow/.local/lib/python3.12/site-packages/airflow/example_dags/example_branch_operator.py
[2025-03-22T09:06:02.479+0000] {logging_mixin.py:190} INFO - [2025-03-22T09:06:02.479+0000] {dag.py:3239} INFO - Sync 1 DAGs
[2025-03-22T09:06:02.505+0000] {logging_mixin.py:190} INFO - [2025-03-22T09:06:02.504+0000] {dag.py:4180} INFO - Setting next_dagrun for example_branch_operator to 2025-03-21 00:00:00+00:00, run_after=2025-03-22 00:00:00+00:00
[2025-03-22T09:06:02.525+0000] {processor.py:208} INFO - Processing /home/airflow/.local/lib/python3.12/site-packages/airflow/example_dags/example_branch_operator.py took 0.104 seconds
[2025-03-22T09:06:32.920+0000] {processor.py:186} INFO - Started process (PID=1183) to work on /home/airflow/.local/lib/python3.12/site-packages/airflow/example_dags/example_branch_operator.py
[2025-03-22T09:06:32.921+0000] {processor.py:914} INFO - Processing file /home/airflow/.local/lib/python3.12/site-packages/airflow/example_dags/example_branch_operator.py for tasks to queue
[2025-03-22T09:06:32.923+0000] {logging_mixin.py:190} INFO - [2025-03-22T09:06:32.923+0000] {dagbag.py:588} INFO - Filling up the DagBag from /home/airflow/.local/lib/python3.12/site-packages/airflow/example_dags/example_branch_operator.py
[2025-03-22T09:06:32.944+0000] {processor.py:925} INFO - DAG(s) 'example_branch_operator' retrieved from /home/airflow/.local/lib/python3.12/site-packages/airflow/example_dags/example_branch_operator.py
[2025-03-22T09:06:32.988+0000] {logging_mixin.py:190} INFO - [2025-03-22T09:06:32.987+0000] {dag.py:3239} INFO - Sync 1 DAGs
[2025-03-22T09:06:33.017+0000] {logging_mixin.py:190} INFO - [2025-03-22T09:06:33.017+0000] {dag.py:4180} INFO - Setting next_dagrun for example_branch_operator to 2025-03-21 00:00:00+00:00, run_after=2025-03-22 00:00:00+00:00
[2025-03-22T09:06:33.045+0000] {processor.py:208} INFO - Processing /home/airflow/.local/lib/python3.12/site-packages/airflow/example_dags/example_branch_operator.py took 0.130 seconds
[2025-03-22T09:07:03.423+0000] {processor.py:186} INFO - Started process (PID=1246) to work on /home/airflow/.local/lib/python3.12/site-packages/airflow/example_dags/example_branch_operator.py
[2025-03-22T09:07:03.424+0000] {processor.py:914} INFO - Processing file /home/airflow/.local/lib/python3.12/site-packages/airflow/example_dags/example_branch_operator.py for tasks to queue
[2025-03-22T09:07:03.427+0000] {logging_mixin.py:190} INFO - [2025-03-22T09:07:03.426+0000] {dagbag.py:588} INFO - Filling up the DagBag from /home/airflow/.local/lib/python3.12/site-packages/airflow/example_dags/example_branch_operator.py
[2025-03-22T09:07:03.447+0000] {processor.py:925} INFO - DAG(s) 'example_branch_operator' retrieved from /home/airflow/.local/lib/python3.12/site-packages/airflow/example_dags/example_branch_operator.py
[2025-03-22T09:07:03.482+0000] {logging_mixin.py:190} INFO - [2025-03-22T09:07:03.481+0000] {dag.py:3239} INFO - Sync 1 DAGs
[2025-03-22T09:07:03.516+0000] {logging_mixin.py:190} INFO - [2025-03-22T09:07:03.516+0000] {dag.py:4180} INFO - Setting next_dagrun for example_branch_operator to 2025-03-21 00:00:00+00:00, run_after=2025-03-22 00:00:00+00:00
[2025-03-22T09:07:03.546+0000] {processor.py:208} INFO - Processing /home/airflow/.local/lib/python3.12/site-packages/airflow/example_dags/example_branch_operator.py took 0.131 seconds
[2025-03-22T09:07:33.898+0000] {processor.py:186} INFO - Started process (PID=1309) to work on /home/airflow/.local/lib/python3.12/site-packages/airflow/example_dags/example_branch_operator.py
[2025-03-22T09:07:33.898+0000] {processor.py:914} INFO - Processing file /home/airflow/.local/lib/python3.12/site-packages/airflow/example_dags/example_branch_operator.py for tasks to queue
[2025-03-22T09:07:33.900+0000] {logging_mixin.py:190} INFO - [2025-03-22T09:07:33.900+0000] {dagbag.py:588} INFO - Filling up the DagBag from /home/airflow/.local/lib/python3.12/site-packages/airflow/example_dags/example_branch_operator.py
[2025-03-22T09:07:33.917+0000] {processor.py:925} INFO - DAG(s) 'example_branch_operator' retrieved from /home/airflow/.local/lib/python3.12/site-packages/airflow/example_dags/example_branch_operator.py
[2025-03-22T09:07:33.946+0000] {logging_mixin.py:190} INFO - [2025-03-22T09:07:33.945+0000] {dag.py:3239} INFO - Sync 1 DAGs
[2025-03-22T09:07:33.969+0000] {logging_mixin.py:190} INFO - [2025-03-22T09:07:33.969+0000] {dag.py:4180} INFO - Setting next_dagrun for example_branch_operator to 2025-03-21 00:00:00+00:00, run_after=2025-03-22 00:00:00+00:00
[2025-03-22T09:07:33.988+0000] {processor.py:208} INFO - Processing /home/airflow/.local/lib/python3.12/site-packages/airflow/example_dags/example_branch_operator.py took 0.096 seconds
[2025-03-22T09:08:04.174+0000] {processor.py:186} INFO - Started process (PID=1372) to work on /home/airflow/.local/lib/python3.12/site-packages/airflow/example_dags/example_branch_operator.py
[2025-03-22T09:08:04.175+0000] {processor.py:914} INFO - Processing file /home/airflow/.local/lib/python3.12/site-packages/airflow/example_dags/example_branch_operator.py for tasks to queue
[2025-03-22T09:08:04.178+0000] {logging_mixin.py:190} INFO - [2025-03-22T09:08:04.177+0000] {dagbag.py:588} INFO - Filling up the DagBag from /home/airflow/.local/lib/python3.12/site-packages/airflow/example_dags/example_branch_operator.py
[2025-03-22T09:08:04.196+0000] {processor.py:925} INFO - DAG(s) 'example_branch_operator' retrieved from /home/airflow/.local/lib/python3.12/site-packages/airflow/example_dags/example_branch_operator.py
[2025-03-22T09:08:04.226+0000] {logging_mixin.py:190} INFO - [2025-03-22T09:08:04.225+0000] {dag.py:3239} INFO - Sync 1 DAGs
[2025-03-22T09:08:04.250+0000] {logging_mixin.py:190} INFO - [2025-03-22T09:08:04.250+0000] {dag.py:4180} INFO - Setting next_dagrun for example_branch_operator to 2025-03-21 00:00:00+00:00, run_after=2025-03-22 00:00:00+00:00
[2025-03-22T09:08:04.271+0000] {processor.py:208} INFO - Processing /home/airflow/.local/lib/python3.12/site-packages/airflow/example_dags/example_branch_operator.py took 0.103 seconds
[2025-03-22T09:08:34.570+0000] {processor.py:186} INFO - Started process (PID=1435) to work on /home/airflow/.local/lib/python3.12/site-packages/airflow/example_dags/example_branch_operator.py
[2025-03-22T09:08:34.571+0000] {processor.py:914} INFO - Processing file /home/airflow/.local/lib/python3.12/site-packages/airflow/example_dags/example_branch_operator.py for tasks to queue
[2025-03-22T09:08:34.573+0000] {logging_mixin.py:190} INFO - [2025-03-22T09:08:34.572+0000] {dagbag.py:588} INFO - Filling up the DagBag from /home/airflow/.local/lib/python3.12/site-packages/airflow/example_dags/example_branch_operator.py
[2025-03-22T09:08:34.594+0000] {processor.py:925} INFO - DAG(s) 'example_branch_operator' retrieved from /home/airflow/.local/lib/python3.12/site-packages/airflow/example_dags/example_branch_operator.py
[2025-03-22T09:08:34.625+0000] {logging_mixin.py:190} INFO - [2025-03-22T09:08:34.624+0000] {dag.py:3239} INFO - Sync 1 DAGs
[2025-03-22T09:08:34.651+0000] {logging_mixin.py:190} INFO - [2025-03-22T09:08:34.651+0000] {dag.py:4180} INFO - Setting next_dagrun for example_branch_operator to 2025-03-21 00:00:00+00:00, run_after=2025-03-22 00:00:00+00:00
[2025-03-22T09:08:34.668+0000] {processor.py:208} INFO - Processing /home/airflow/.local/lib/python3.12/site-packages/airflow/example_dags/example_branch_operator.py took 0.104 seconds
[2025-03-22T09:09:05.513+0000] {processor.py:186} INFO - Started process (PID=1498) to work on /home/airflow/.local/lib/python3.12/site-packages/airflow/example_dags/example_branch_operator.py
[2025-03-22T09:09:05.514+0000] {processor.py:914} INFO - Processing file /home/airflow/.local/lib/python3.12/site-packages/airflow/example_dags/example_branch_operator.py for tasks to queue
[2025-03-22T09:09:05.516+0000] {logging_mixin.py:190} INFO - [2025-03-22T09:09:05.516+0000] {dagbag.py:588} INFO - Filling up the DagBag from /home/airflow/.local/lib/python3.12/site-packages/airflow/example_dags/example_branch_operator.py
[2025-03-22T09:09:05.535+0000] {processor.py:925} INFO - DAG(s) 'example_branch_operator' retrieved from /home/airflow/.local/lib/python3.12/site-packages/airflow/example_dags/example_branch_operator.py
[2025-03-22T09:09:05.568+0000] {logging_mixin.py:190} INFO - [2025-03-22T09:09:05.568+0000] {dag.py:3239} INFO - Sync 1 DAGs
[2025-03-22T09:09:05.595+0000] {logging_mixin.py:190} INFO - [2025-03-22T09:09:05.595+0000] {dag.py:4180} INFO - Setting next_dagrun for example_branch_operator to 2025-03-21 00:00:00+00:00, run_after=2025-03-22 00:00:00+00:00
[2025-03-22T09:09:05.613+0000] {processor.py:208} INFO - Processing /home/airflow/.local/lib/python3.12/site-packages/airflow/example_dags/example_branch_operator.py took 0.106 seconds
[2025-03-22T09:09:35.760+0000] {processor.py:186} INFO - Started process (PID=1561) to work on /home/airflow/.local/lib/python3.12/site-packages/airflow/example_dags/example_branch_operator.py
[2025-03-22T09:09:35.761+0000] {processor.py:914} INFO - Processing file /home/airflow/.local/lib/python3.12/site-packages/airflow/example_dags/example_branch_operator.py for tasks to queue
[2025-03-22T09:09:35.763+0000] {logging_mixin.py:190} INFO - [2025-03-22T09:09:35.763+0000] {dagbag.py:588} INFO - Filling up the DagBag from /home/airflow/.local/lib/python3.12/site-packages/airflow/example_dags/example_branch_operator.py
[2025-03-22T09:09:35.784+0000] {processor.py:925} INFO - DAG(s) 'example_branch_operator' retrieved from /home/airflow/.local/lib/python3.12/site-packages/airflow/example_dags/example_branch_operator.py
[2025-03-22T09:09:35.816+0000] {logging_mixin.py:190} INFO - [2025-03-22T09:09:35.816+0000] {dag.py:3239} INFO - Sync 1 DAGs
[2025-03-22T09:09:35.843+0000] {logging_mixin.py:190} INFO - [2025-03-22T09:09:35.843+0000] {dag.py:4180} INFO - Setting next_dagrun for example_branch_operator to 2025-03-21 00:00:00+00:00, run_after=2025-03-22 00:00:00+00:00
[2025-03-22T09:09:35.864+0000] {processor.py:208} INFO - Processing /home/airflow/.local/lib/python3.12/site-packages/airflow/example_dags/example_branch_operator.py took 0.111 seconds
[2025-03-22T09:10:06.026+0000] {processor.py:186} INFO - Started process (PID=1624) to work on /home/airflow/.local/lib/python3.12/site-packages/airflow/example_dags/example_branch_operator.py
[2025-03-22T09:10:06.028+0000] {processor.py:914} INFO - Processing file /home/airflow/.local/lib/python3.12/site-packages/airflow/example_dags/example_branch_operator.py for tasks to queue
[2025-03-22T09:10:06.030+0000] {logging_mixin.py:190} INFO - [2025-03-22T09:10:06.030+0000] {dagbag.py:588} INFO - Filling up the DagBag from /home/airflow/.local/lib/python3.12/site-packages/airflow/example_dags/example_branch_operator.py
[2025-03-22T09:10:06.051+0000] {processor.py:925} INFO - DAG(s) 'example_branch_operator' retrieved from /home/airflow/.local/lib/python3.12/site-packages/airflow/example_dags/example_branch_operator.py
[2025-03-22T09:10:06.091+0000] {logging_mixin.py:190} INFO - [2025-03-22T09:10:06.091+0000] {dag.py:3239} INFO - Sync 1 DAGs
[2025-03-22T09:10:06.122+0000] {logging_mixin.py:190} INFO - [2025-03-22T09:10:06.121+0000] {dag.py:4180} INFO - Setting next_dagrun for example_branch_operator to 2025-03-21 00:00:00+00:00, run_after=2025-03-22 00:00:00+00:00
[2025-03-22T09:10:06.140+0000] {processor.py:208} INFO - Processing /home/airflow/.local/lib/python3.12/site-packages/airflow/example_dags/example_branch_operator.py took 0.120 seconds
[2025-03-22T09:10:36.880+0000] {processor.py:186} INFO - Started process (PID=1687) to work on /home/airflow/.local/lib/python3.12/site-packages/airflow/example_dags/example_branch_operator.py
[2025-03-22T09:10:36.881+0000] {processor.py:914} INFO - Processing file /home/airflow/.local/lib/python3.12/site-packages/airflow/example_dags/example_branch_operator.py for tasks to queue
[2025-03-22T09:10:36.884+0000] {logging_mixin.py:190} INFO - [2025-03-22T09:10:36.883+0000] {dagbag.py:588} INFO - Filling up the DagBag from /home/airflow/.local/lib/python3.12/site-packages/airflow/example_dags/example_branch_operator.py
[2025-03-22T09:10:36.914+0000] {processor.py:925} INFO - DAG(s) 'example_branch_operator' retrieved from /home/airflow/.local/lib/python3.12/site-packages/airflow/example_dags/example_branch_operator.py
[2025-03-22T09:10:36.965+0000] {logging_mixin.py:190} INFO - [2025-03-22T09:10:36.965+0000] {dag.py:3239} INFO - Sync 1 DAGs
[2025-03-22T09:10:37.004+0000] {logging_mixin.py:190} INFO - [2025-03-22T09:10:37.004+0000] {dag.py:4180} INFO - Setting next_dagrun for example_branch_operator to 2025-03-21 00:00:00+00:00, run_after=2025-03-22 00:00:00+00:00
[2025-03-22T09:10:37.031+0000] {processor.py:208} INFO - Processing /home/airflow/.local/lib/python3.12/site-packages/airflow/example_dags/example_branch_operator.py took 0.157 seconds
[2025-03-22T09:11:07.167+0000] {processor.py:186} INFO - Started process (PID=1750) to work on /home/airflow/.local/lib/python3.12/site-packages/airflow/example_dags/example_branch_operator.py
[2025-03-22T09:11:07.168+0000] {processor.py:914} INFO - Processing file /home/airflow/.local/lib/python3.12/site-packages/airflow/example_dags/example_branch_operator.py for tasks to queue
[2025-03-22T09:11:07.171+0000] {logging_mixin.py:190} INFO - [2025-03-22T09:11:07.170+0000] {dagbag.py:588} INFO - Filling up the DagBag from /home/airflow/.local/lib/python3.12/site-packages/airflow/example_dags/example_branch_operator.py
[2025-03-22T09:11:07.190+0000] {processor.py:925} INFO - DAG(s) 'example_branch_operator' retrieved from /home/airflow/.local/lib/python3.12/site-packages/airflow/example_dags/example_branch_operator.py
[2025-03-22T09:11:07.222+0000] {logging_mixin.py:190} INFO - [2025-03-22T09:11:07.222+0000] {dag.py:3239} INFO - Sync 1 DAGs
[2025-03-22T09:11:07.247+0000] {logging_mixin.py:190} INFO - [2025-03-22T09:11:07.247+0000] {dag.py:4180} INFO - Setting next_dagrun for example_branch_operator to 2025-03-21 00:00:00+00:00, run_after=2025-03-22 00:00:00+00:00
[2025-03-22T09:11:07.269+0000] {processor.py:208} INFO - Processing /home/airflow/.local/lib/python3.12/site-packages/airflow/example_dags/example_branch_operator.py took 0.108 seconds
[2025-03-22T09:11:37.710+0000] {processor.py:186} INFO - Started process (PID=1813) to work on /home/airflow/.local/lib/python3.12/site-packages/airflow/example_dags/example_branch_operator.py
[2025-03-22T09:11:37.711+0000] {processor.py:914} INFO - Processing file /home/airflow/.local/lib/python3.12/site-packages/airflow/example_dags/example_branch_operator.py for tasks to queue
[2025-03-22T09:11:37.715+0000] {logging_mixin.py:190} INFO - [2025-03-22T09:11:37.714+0000] {dagbag.py:588} INFO - Filling up the DagBag from /home/airflow/.local/lib/python3.12/site-packages/airflow/example_dags/example_branch_operator.py
[2025-03-22T09:11:37.757+0000] {processor.py:925} INFO - DAG(s) 'example_branch_operator' retrieved from /home/airflow/.local/lib/python3.12/site-packages/airflow/example_dags/example_branch_operator.py
[2025-03-22T09:11:37.805+0000] {logging_mixin.py:190} INFO - [2025-03-22T09:11:37.804+0000] {dag.py:3239} INFO - Sync 1 DAGs
[2025-03-22T09:11:37.839+0000] {logging_mixin.py:190} INFO - [2025-03-22T09:11:37.839+0000] {dag.py:4180} INFO - Setting next_dagrun for example_branch_operator to 2025-03-21 00:00:00+00:00, run_after=2025-03-22 00:00:00+00:00
[2025-03-22T09:11:37.859+0000] {processor.py:208} INFO - Processing /home/airflow/.local/lib/python3.12/site-packages/airflow/example_dags/example_branch_operator.py took 0.157 seconds
[2025-03-22T09:12:08.007+0000] {processor.py:186} INFO - Started process (PID=1876) to work on /home/airflow/.local/lib/python3.12/site-packages/airflow/example_dags/example_branch_operator.py
[2025-03-22T09:12:08.008+0000] {processor.py:914} INFO - Processing file /home/airflow/.local/lib/python3.12/site-packages/airflow/example_dags/example_branch_operator.py for tasks to queue
[2025-03-22T09:12:08.010+0000] {logging_mixin.py:190} INFO - [2025-03-22T09:12:08.009+0000] {dagbag.py:588} INFO - Filling up the DagBag from /home/airflow/.local/lib/python3.12/site-packages/airflow/example_dags/example_branch_operator.py
[2025-03-22T09:12:08.026+0000] {processor.py:925} INFO - DAG(s) 'example_branch_operator' retrieved from /home/airflow/.local/lib/python3.12/site-packages/airflow/example_dags/example_branch_operator.py
[2025-03-22T09:12:08.054+0000] {logging_mixin.py:190} INFO - [2025-03-22T09:12:08.053+0000] {dag.py:3239} INFO - Sync 1 DAGs
[2025-03-22T09:12:08.075+0000] {logging_mixin.py:190} INFO - [2025-03-22T09:12:08.075+0000] {dag.py:4180} INFO - Setting next_dagrun for example_branch_operator to 2025-03-21 00:00:00+00:00, run_after=2025-03-22 00:00:00+00:00
[2025-03-22T09:12:08.092+0000] {processor.py:208} INFO - Processing /home/airflow/.local/lib/python3.12/site-packages/airflow/example_dags/example_branch_operator.py took 0.090 seconds
[2025-03-22T09:12:39.035+0000] {processor.py:186} INFO - Started process (PID=1939) to work on /home/airflow/.local/lib/python3.12/site-packages/airflow/example_dags/example_branch_operator.py
[2025-03-22T09:12:39.037+0000] {processor.py:914} INFO - Processing file /home/airflow/.local/lib/python3.12/site-packages/airflow/example_dags/example_branch_operator.py for tasks to queue
[2025-03-22T09:12:39.039+0000] {logging_mixin.py:190} INFO - [2025-03-22T09:12:39.039+0000] {dagbag.py:588} INFO - Filling up the DagBag from /home/airflow/.local/lib/python3.12/site-packages/airflow/example_dags/example_branch_operator.py
[2025-03-22T09:12:39.063+0000] {processor.py:925} INFO - DAG(s) 'example_branch_operator' retrieved from /home/airflow/.local/lib/python3.12/site-packages/airflow/example_dags/example_branch_operator.py
[2025-03-22T09:12:39.100+0000] {logging_mixin.py:190} INFO - [2025-03-22T09:12:39.099+0000] {dag.py:3239} INFO - Sync 1 DAGs
[2025-03-22T09:12:39.132+0000] {logging_mixin.py:190} INFO - [2025-03-22T09:12:39.132+0000] {dag.py:4180} INFO - Setting next_dagrun for example_branch_operator to 2025-03-21 00:00:00+00:00, run_after=2025-03-22 00:00:00+00:00
[2025-03-22T09:12:39.157+0000] {processor.py:208} INFO - Processing /home/airflow/.local/lib/python3.12/site-packages/airflow/example_dags/example_branch_operator.py took 0.130 seconds
[2025-03-22T09:13:09.702+0000] {processor.py:186} INFO - Started process (PID=2002) to work on /home/airflow/.local/lib/python3.12/site-packages/airflow/example_dags/example_branch_operator.py
[2025-03-22T09:13:09.703+0000] {processor.py:914} INFO - Processing file /home/airflow/.local/lib/python3.12/site-packages/airflow/example_dags/example_branch_operator.py for tasks to queue
[2025-03-22T09:13:09.705+0000] {logging_mixin.py:190} INFO - [2025-03-22T09:13:09.704+0000] {dagbag.py:588} INFO - Filling up the DagBag from /home/airflow/.local/lib/python3.12/site-packages/airflow/example_dags/example_branch_operator.py
[2025-03-22T09:13:09.720+0000] {processor.py:925} INFO - DAG(s) 'example_branch_operator' retrieved from /home/airflow/.local/lib/python3.12/site-packages/airflow/example_dags/example_branch_operator.py
[2025-03-22T09:13:09.749+0000] {logging_mixin.py:190} INFO - [2025-03-22T09:13:09.749+0000] {dag.py:3239} INFO - Sync 1 DAGs
[2025-03-22T09:13:09.771+0000] {logging_mixin.py:190} INFO - [2025-03-22T09:13:09.771+0000] {dag.py:4180} INFO - Setting next_dagrun for example_branch_operator to 2025-03-21 00:00:00+00:00, run_after=2025-03-22 00:00:00+00:00
[2025-03-22T09:13:09.790+0000] {processor.py:208} INFO - Processing /home/airflow/.local/lib/python3.12/site-packages/airflow/example_dags/example_branch_operator.py took 0.092 seconds
[2025-03-22T09:13:40.365+0000] {processor.py:186} INFO - Started process (PID=2065) to work on /home/airflow/.local/lib/python3.12/site-packages/airflow/example_dags/example_branch_operator.py
[2025-03-22T09:13:40.366+0000] {processor.py:914} INFO - Processing file /home/airflow/.local/lib/python3.12/site-packages/airflow/example_dags/example_branch_operator.py for tasks to queue
[2025-03-22T09:13:40.368+0000] {logging_mixin.py:190} INFO - [2025-03-22T09:13:40.367+0000] {dagbag.py:588} INFO - Filling up the DagBag from /home/airflow/.local/lib/python3.12/site-packages/airflow/example_dags/example_branch_operator.py
[2025-03-22T09:13:40.385+0000] {processor.py:925} INFO - DAG(s) 'example_branch_operator' retrieved from /home/airflow/.local/lib/python3.12/site-packages/airflow/example_dags/example_branch_operator.py
[2025-03-22T09:13:40.412+0000] {logging_mixin.py:190} INFO - [2025-03-22T09:13:40.412+0000] {dag.py:3239} INFO - Sync 1 DAGs
[2025-03-22T09:13:40.437+0000] {logging_mixin.py:190} INFO - [2025-03-22T09:13:40.437+0000] {dag.py:4180} INFO - Setting next_dagrun for example_branch_operator to 2025-03-21 00:00:00+00:00, run_after=2025-03-22 00:00:00+00:00
[2025-03-22T09:13:40.457+0000] {processor.py:208} INFO - Processing /home/airflow/.local/lib/python3.12/site-packages/airflow/example_dags/example_branch_operator.py took 0.098 seconds
[2025-03-22T09:14:10.764+0000] {processor.py:186} INFO - Started process (PID=2128) to work on /home/airflow/.local/lib/python3.12/site-packages/airflow/example_dags/example_branch_operator.py
[2025-03-22T09:14:10.765+0000] {processor.py:914} INFO - Processing file /home/airflow/.local/lib/python3.12/site-packages/airflow/example_dags/example_branch_operator.py for tasks to queue
[2025-03-22T09:14:10.767+0000] {logging_mixin.py:190} INFO - [2025-03-22T09:14:10.767+0000] {dagbag.py:588} INFO - Filling up the DagBag from /home/airflow/.local/lib/python3.12/site-packages/airflow/example_dags/example_branch_operator.py
[2025-03-22T09:14:10.784+0000] {processor.py:925} INFO - DAG(s) 'example_branch_operator' retrieved from /home/airflow/.local/lib/python3.12/site-packages/airflow/example_dags/example_branch_operator.py
[2025-03-22T09:14:10.815+0000] {logging_mixin.py:190} INFO - [2025-03-22T09:14:10.815+0000] {dag.py:3239} INFO - Sync 1 DAGs
[2025-03-22T09:14:10.839+0000] {logging_mixin.py:190} INFO - [2025-03-22T09:14:10.838+0000] {dag.py:4180} INFO - Setting next_dagrun for example_branch_operator to 2025-03-21 00:00:00+00:00, run_after=2025-03-22 00:00:00+00:00
[2025-03-22T09:14:10.859+0000] {processor.py:208} INFO - Processing /home/airflow/.local/lib/python3.12/site-packages/airflow/example_dags/example_branch_operator.py took 0.101 seconds
[2025-03-22T09:14:41.066+0000] {processor.py:186} INFO - Started process (PID=2191) to work on /home/airflow/.local/lib/python3.12/site-packages/airflow/example_dags/example_branch_operator.py
[2025-03-22T09:14:41.067+0000] {processor.py:914} INFO - Processing file /home/airflow/.local/lib/python3.12/site-packages/airflow/example_dags/example_branch_operator.py for tasks to queue
[2025-03-22T09:14:41.069+0000] {logging_mixin.py:190} INFO - [2025-03-22T09:14:41.069+0000] {dagbag.py:588} INFO - Filling up the DagBag from /home/airflow/.local/lib/python3.12/site-packages/airflow/example_dags/example_branch_operator.py
[2025-03-22T09:14:41.091+0000] {processor.py:925} INFO - DAG(s) 'example_branch_operator' retrieved from /home/airflow/.local/lib/python3.12/site-packages/airflow/example_dags/example_branch_operator.py
[2025-03-22T09:14:41.136+0000] {logging_mixin.py:190} INFO - [2025-03-22T09:14:41.135+0000] {dag.py:3239} INFO - Sync 1 DAGs
[2025-03-22T09:14:41.181+0000] {logging_mixin.py:190} INFO - [2025-03-22T09:14:41.181+0000] {dag.py:4180} INFO - Setting next_dagrun for example_branch_operator to 2025-03-21 00:00:00+00:00, run_after=2025-03-22 00:00:00+00:00
[2025-03-22T09:14:41.208+0000] {processor.py:208} INFO - Processing /home/airflow/.local/lib/python3.12/site-packages/airflow/example_dags/example_branch_operator.py took 0.149 seconds
[2025-03-22T09:15:13.450+0000] {processor.py:186} INFO - Started process (PID=2254) to work on /home/airflow/.local/lib/python3.12/site-packages/airflow/example_dags/example_branch_operator.py
[2025-03-22T09:15:13.451+0000] {processor.py:914} INFO - Processing file /home/airflow/.local/lib/python3.12/site-packages/airflow/example_dags/example_branch_operator.py for tasks to queue
[2025-03-22T09:15:13.453+0000] {logging_mixin.py:190} INFO - [2025-03-22T09:15:13.453+0000] {dagbag.py:588} INFO - Filling up the DagBag from /home/airflow/.local/lib/python3.12/site-packages/airflow/example_dags/example_branch_operator.py
[2025-03-22T09:15:13.475+0000] {processor.py:925} INFO - DAG(s) 'example_branch_operator' retrieved from /home/airflow/.local/lib/python3.12/site-packages/airflow/example_dags/example_branch_operator.py
[2025-03-22T09:15:13.510+0000] {logging_mixin.py:190} INFO - [2025-03-22T09:15:13.510+0000] {dag.py:3239} INFO - Sync 1 DAGs
[2025-03-22T09:15:13.548+0000] {logging_mixin.py:190} INFO - [2025-03-22T09:15:13.547+0000] {dag.py:4180} INFO - Setting next_dagrun for example_branch_operator to 2025-03-21 00:00:00+00:00, run_after=2025-03-22 00:00:00+00:00
[2025-03-22T09:15:13.576+0000] {processor.py:208} INFO - Processing /home/airflow/.local/lib/python3.12/site-packages/airflow/example_dags/example_branch_operator.py took 0.132 seconds
[2025-03-22T09:15:44.338+0000] {processor.py:186} INFO - Started process (PID=2316) to work on /home/airflow/.local/lib/python3.12/site-packages/airflow/example_dags/example_branch_operator.py
[2025-03-22T09:15:44.338+0000] {processor.py:914} INFO - Processing file /home/airflow/.local/lib/python3.12/site-packages/airflow/example_dags/example_branch_operator.py for tasks to queue
[2025-03-22T09:15:44.340+0000] {logging_mixin.py:190} INFO - [2025-03-22T09:15:44.340+0000] {dagbag.py:588} INFO - Filling up the DagBag from /home/airflow/.local/lib/python3.12/site-packages/airflow/example_dags/example_branch_operator.py
[2025-03-22T09:15:44.356+0000] {processor.py:925} INFO - DAG(s) 'example_branch_operator' retrieved from /home/airflow/.local/lib/python3.12/site-packages/airflow/example_dags/example_branch_operator.py
[2025-03-22T09:15:44.385+0000] {logging_mixin.py:190} INFO - [2025-03-22T09:15:44.385+0000] {dag.py:3239} INFO - Sync 1 DAGs
[2025-03-22T09:15:44.434+0000] {logging_mixin.py:190} INFO - [2025-03-22T09:15:44.434+0000] {dag.py:4180} INFO - Setting next_dagrun for example_branch_operator to 2025-03-21 00:00:00+00:00, run_after=2025-03-22 00:00:00+00:00
[2025-03-22T09:15:44.463+0000] {processor.py:208} INFO - Processing /home/airflow/.local/lib/python3.12/site-packages/airflow/example_dags/example_branch_operator.py took 0.130 seconds
[2025-03-22T09:16:15.277+0000] {processor.py:186} INFO - Started process (PID=2379) to work on /home/airflow/.local/lib/python3.12/site-packages/airflow/example_dags/example_branch_operator.py
[2025-03-22T09:16:15.278+0000] {processor.py:914} INFO - Processing file /home/airflow/.local/lib/python3.12/site-packages/airflow/example_dags/example_branch_operator.py for tasks to queue
[2025-03-22T09:16:15.280+0000] {logging_mixin.py:190} INFO - [2025-03-22T09:16:15.280+0000] {dagbag.py:588} INFO - Filling up the DagBag from /home/airflow/.local/lib/python3.12/site-packages/airflow/example_dags/example_branch_operator.py
[2025-03-22T09:16:15.297+0000] {processor.py:925} INFO - DAG(s) 'example_branch_operator' retrieved from /home/airflow/.local/lib/python3.12/site-packages/airflow/example_dags/example_branch_operator.py
[2025-03-22T09:16:15.328+0000] {logging_mixin.py:190} INFO - [2025-03-22T09:16:15.328+0000] {dag.py:3239} INFO - Sync 1 DAGs
[2025-03-22T09:16:15.363+0000] {logging_mixin.py:190} INFO - [2025-03-22T09:16:15.363+0000] {dag.py:4180} INFO - Setting next_dagrun for example_branch_operator to 2025-03-21 00:00:00+00:00, run_after=2025-03-22 00:00:00+00:00
[2025-03-22T09:16:15.394+0000] {processor.py:208} INFO - Processing /home/airflow/.local/lib/python3.12/site-packages/airflow/example_dags/example_branch_operator.py took 0.122 seconds
[2025-03-22T09:16:46.496+0000] {processor.py:186} INFO - Started process (PID=2442) to work on /home/airflow/.local/lib/python3.12/site-packages/airflow/example_dags/example_branch_operator.py
[2025-03-22T09:16:46.497+0000] {processor.py:914} INFO - Processing file /home/airflow/.local/lib/python3.12/site-packages/airflow/example_dags/example_branch_operator.py for tasks to queue
[2025-03-22T09:16:46.500+0000] {logging_mixin.py:190} INFO - [2025-03-22T09:16:46.499+0000] {dagbag.py:588} INFO - Filling up the DagBag from /home/airflow/.local/lib/python3.12/site-packages/airflow/example_dags/example_branch_operator.py
[2025-03-22T09:16:46.519+0000] {processor.py:925} INFO - DAG(s) 'example_branch_operator' retrieved from /home/airflow/.local/lib/python3.12/site-packages/airflow/example_dags/example_branch_operator.py
[2025-03-22T09:16:46.556+0000] {logging_mixin.py:190} INFO - [2025-03-22T09:16:46.556+0000] {dag.py:3239} INFO - Sync 1 DAGs
[2025-03-22T09:16:46.583+0000] {logging_mixin.py:190} INFO - [2025-03-22T09:16:46.583+0000] {dag.py:4180} INFO - Setting next_dagrun for example_branch_operator to 2025-03-21 00:00:00+00:00, run_after=2025-03-22 00:00:00+00:00
[2025-03-22T09:16:46.602+0000] {processor.py:208} INFO - Processing /home/airflow/.local/lib/python3.12/site-packages/airflow/example_dags/example_branch_operator.py took 0.114 seconds
[2025-03-22T09:17:16.801+0000] {processor.py:186} INFO - Started process (PID=2504) to work on /home/airflow/.local/lib/python3.12/site-packages/airflow/example_dags/example_branch_operator.py
[2025-03-22T09:17:16.801+0000] {processor.py:914} INFO - Processing file /home/airflow/.local/lib/python3.12/site-packages/airflow/example_dags/example_branch_operator.py for tasks to queue
[2025-03-22T09:17:16.804+0000] {logging_mixin.py:190} INFO - [2025-03-22T09:17:16.803+0000] {dagbag.py:588} INFO - Filling up the DagBag from /home/airflow/.local/lib/python3.12/site-packages/airflow/example_dags/example_branch_operator.py
[2025-03-22T09:17:16.823+0000] {processor.py:925} INFO - DAG(s) 'example_branch_operator' retrieved from /home/airflow/.local/lib/python3.12/site-packages/airflow/example_dags/example_branch_operator.py
[2025-03-22T09:17:16.853+0000] {logging_mixin.py:190} INFO - [2025-03-22T09:17:16.853+0000] {dag.py:3239} INFO - Sync 1 DAGs
[2025-03-22T09:17:16.877+0000] {logging_mixin.py:190} INFO - [2025-03-22T09:17:16.877+0000] {dag.py:4180} INFO - Setting next_dagrun for example_branch_operator to 2025-03-21 00:00:00+00:00, run_after=2025-03-22 00:00:00+00:00
[2025-03-22T09:17:16.897+0000] {processor.py:208} INFO - Processing /home/airflow/.local/lib/python3.12/site-packages/airflow/example_dags/example_branch_operator.py took 0.102 seconds
[2025-03-22T09:17:47.582+0000] {processor.py:186} INFO - Started process (PID=2568) to work on /home/airflow/.local/lib/python3.12/site-packages/airflow/example_dags/example_branch_operator.py
[2025-03-22T09:17:47.583+0000] {processor.py:914} INFO - Processing file /home/airflow/.local/lib/python3.12/site-packages/airflow/example_dags/example_branch_operator.py for tasks to queue
[2025-03-22T09:17:47.585+0000] {logging_mixin.py:190} INFO - [2025-03-22T09:17:47.584+0000] {dagbag.py:588} INFO - Filling up the DagBag from /home/airflow/.local/lib/python3.12/site-packages/airflow/example_dags/example_branch_operator.py
[2025-03-22T09:17:47.604+0000] {processor.py:925} INFO - DAG(s) 'example_branch_operator' retrieved from /home/airflow/.local/lib/python3.12/site-packages/airflow/example_dags/example_branch_operator.py
[2025-03-22T09:17:47.636+0000] {logging_mixin.py:190} INFO - [2025-03-22T09:17:47.636+0000] {dag.py:3239} INFO - Sync 1 DAGs
[2025-03-22T09:17:47.661+0000] {logging_mixin.py:190} INFO - [2025-03-22T09:17:47.661+0000] {dag.py:4180} INFO - Setting next_dagrun for example_branch_operator to 2025-03-21 00:00:00+00:00, run_after=2025-03-22 00:00:00+00:00
[2025-03-22T09:17:47.681+0000] {processor.py:208} INFO - Processing /home/airflow/.local/lib/python3.12/site-packages/airflow/example_dags/example_branch_operator.py took 0.105 seconds
[2025-03-22T09:18:18.295+0000] {processor.py:186} INFO - Started process (PID=2632) to work on /home/airflow/.local/lib/python3.12/site-packages/airflow/example_dags/example_branch_operator.py
[2025-03-22T09:18:18.297+0000] {processor.py:914} INFO - Processing file /home/airflow/.local/lib/python3.12/site-packages/airflow/example_dags/example_branch_operator.py for tasks to queue
[2025-03-22T09:18:18.298+0000] {logging_mixin.py:190} INFO - [2025-03-22T09:18:18.298+0000] {dagbag.py:588} INFO - Filling up the DagBag from /home/airflow/.local/lib/python3.12/site-packages/airflow/example_dags/example_branch_operator.py
[2025-03-22T09:18:18.320+0000] {processor.py:925} INFO - DAG(s) 'example_branch_operator' retrieved from /home/airflow/.local/lib/python3.12/site-packages/airflow/example_dags/example_branch_operator.py
[2025-03-22T09:18:18.354+0000] {logging_mixin.py:190} INFO - [2025-03-22T09:18:18.354+0000] {dag.py:3239} INFO - Sync 1 DAGs
[2025-03-22T09:18:18.393+0000] {logging_mixin.py:190} INFO - [2025-03-22T09:18:18.392+0000] {dag.py:4180} INFO - Setting next_dagrun for example_branch_operator to 2025-03-21 00:00:00+00:00, run_after=2025-03-22 00:00:00+00:00
[2025-03-22T09:18:18.416+0000] {processor.py:208} INFO - Processing /home/airflow/.local/lib/python3.12/site-packages/airflow/example_dags/example_branch_operator.py took 0.129 seconds
[2025-03-22T09:18:48.725+0000] {processor.py:186} INFO - Started process (PID=2696) to work on /home/airflow/.local/lib/python3.12/site-packages/airflow/example_dags/example_branch_operator.py
[2025-03-22T09:18:48.727+0000] {processor.py:914} INFO - Processing file /home/airflow/.local/lib/python3.12/site-packages/airflow/example_dags/example_branch_operator.py for tasks to queue
[2025-03-22T09:18:48.728+0000] {logging_mixin.py:190} INFO - [2025-03-22T09:18:48.728+0000] {dagbag.py:588} INFO - Filling up the DagBag from /home/airflow/.local/lib/python3.12/site-packages/airflow/example_dags/example_branch_operator.py
[2025-03-22T09:18:48.749+0000] {processor.py:925} INFO - DAG(s) 'example_branch_operator' retrieved from /home/airflow/.local/lib/python3.12/site-packages/airflow/example_dags/example_branch_operator.py
[2025-03-22T09:18:48.781+0000] {logging_mixin.py:190} INFO - [2025-03-22T09:18:48.781+0000] {dag.py:3239} INFO - Sync 1 DAGs
[2025-03-22T09:18:48.812+0000] {logging_mixin.py:190} INFO - [2025-03-22T09:18:48.811+0000] {dag.py:4180} INFO - Setting next_dagrun for example_branch_operator to 2025-03-21 00:00:00+00:00, run_after=2025-03-22 00:00:00+00:00
[2025-03-22T09:18:48.832+0000] {processor.py:208} INFO - Processing /home/airflow/.local/lib/python3.12/site-packages/airflow/example_dags/example_branch_operator.py took 0.112 seconds
[2025-03-22T09:19:19.021+0000] {processor.py:186} INFO - Started process (PID=2761) to work on /home/airflow/.local/lib/python3.12/site-packages/airflow/example_dags/example_branch_operator.py
[2025-03-22T09:19:19.022+0000] {processor.py:914} INFO - Processing file /home/airflow/.local/lib/python3.12/site-packages/airflow/example_dags/example_branch_operator.py for tasks to queue
[2025-03-22T09:19:19.024+0000] {logging_mixin.py:190} INFO - [2025-03-22T09:19:19.023+0000] {dagbag.py:588} INFO - Filling up the DagBag from /home/airflow/.local/lib/python3.12/site-packages/airflow/example_dags/example_branch_operator.py
[2025-03-22T09:19:19.043+0000] {processor.py:925} INFO - DAG(s) 'example_branch_operator' retrieved from /home/airflow/.local/lib/python3.12/site-packages/airflow/example_dags/example_branch_operator.py
[2025-03-22T09:19:19.080+0000] {logging_mixin.py:190} INFO - [2025-03-22T09:19:19.080+0000] {dag.py:3239} INFO - Sync 1 DAGs
[2025-03-22T09:19:19.110+0000] {logging_mixin.py:190} INFO - [2025-03-22T09:19:19.109+0000] {dag.py:4180} INFO - Setting next_dagrun for example_branch_operator to 2025-03-21 00:00:00+00:00, run_after=2025-03-22 00:00:00+00:00
[2025-03-22T09:19:19.136+0000] {processor.py:208} INFO - Processing /home/airflow/.local/lib/python3.12/site-packages/airflow/example_dags/example_branch_operator.py took 0.121 seconds
[2025-03-22T09:19:49.317+0000] {processor.py:186} INFO - Started process (PID=2825) to work on /home/airflow/.local/lib/python3.12/site-packages/airflow/example_dags/example_branch_operator.py
[2025-03-22T09:19:49.318+0000] {processor.py:914} INFO - Processing file /home/airflow/.local/lib/python3.12/site-packages/airflow/example_dags/example_branch_operator.py for tasks to queue
[2025-03-22T09:19:49.320+0000] {logging_mixin.py:190} INFO - [2025-03-22T09:19:49.320+0000] {dagbag.py:588} INFO - Filling up the DagBag from /home/airflow/.local/lib/python3.12/site-packages/airflow/example_dags/example_branch_operator.py
[2025-03-22T09:19:49.346+0000] {processor.py:925} INFO - DAG(s) 'example_branch_operator' retrieved from /home/airflow/.local/lib/python3.12/site-packages/airflow/example_dags/example_branch_operator.py
[2025-03-22T09:19:49.386+0000] {logging_mixin.py:190} INFO - [2025-03-22T09:19:49.385+0000] {dag.py:3239} INFO - Sync 1 DAGs
[2025-03-22T09:19:49.420+0000] {logging_mixin.py:190} INFO - [2025-03-22T09:19:49.420+0000] {dag.py:4180} INFO - Setting next_dagrun for example_branch_operator to 2025-03-21 00:00:00+00:00, run_after=2025-03-22 00:00:00+00:00
[2025-03-22T09:19:49.444+0000] {processor.py:208} INFO - Processing /home/airflow/.local/lib/python3.12/site-packages/airflow/example_dags/example_branch_operator.py took 0.133 seconds
[2025-03-22T09:20:19.707+0000] {processor.py:186} INFO - Started process (PID=2889) to work on /home/airflow/.local/lib/python3.12/site-packages/airflow/example_dags/example_branch_operator.py
[2025-03-22T09:20:19.709+0000] {processor.py:914} INFO - Processing file /home/airflow/.local/lib/python3.12/site-packages/airflow/example_dags/example_branch_operator.py for tasks to queue
[2025-03-22T09:20:19.711+0000] {logging_mixin.py:190} INFO - [2025-03-22T09:20:19.710+0000] {dagbag.py:588} INFO - Filling up the DagBag from /home/airflow/.local/lib/python3.12/site-packages/airflow/example_dags/example_branch_operator.py
[2025-03-22T09:20:19.735+0000] {processor.py:925} INFO - DAG(s) 'example_branch_operator' retrieved from /home/airflow/.local/lib/python3.12/site-packages/airflow/example_dags/example_branch_operator.py
[2025-03-22T09:20:19.780+0000] {logging_mixin.py:190} INFO - [2025-03-22T09:20:19.780+0000] {dag.py:3239} INFO - Sync 1 DAGs
[2025-03-22T09:20:19.817+0000] {logging_mixin.py:190} INFO - [2025-03-22T09:20:19.817+0000] {dag.py:4180} INFO - Setting next_dagrun for example_branch_operator to 2025-03-21 00:00:00+00:00, run_after=2025-03-22 00:00:00+00:00
[2025-03-22T09:20:19.846+0000] {processor.py:208} INFO - Processing /home/airflow/.local/lib/python3.12/site-packages/airflow/example_dags/example_branch_operator.py took 0.146 seconds
[2025-03-22T09:20:50.007+0000] {processor.py:186} INFO - Started process (PID=2953) to work on /home/airflow/.local/lib/python3.12/site-packages/airflow/example_dags/example_branch_operator.py
[2025-03-22T09:20:50.008+0000] {processor.py:914} INFO - Processing file /home/airflow/.local/lib/python3.12/site-packages/airflow/example_dags/example_branch_operator.py for tasks to queue
[2025-03-22T09:20:50.009+0000] {logging_mixin.py:190} INFO - [2025-03-22T09:20:50.009+0000] {dagbag.py:588} INFO - Filling up the DagBag from /home/airflow/.local/lib/python3.12/site-packages/airflow/example_dags/example_branch_operator.py
[2025-03-22T09:20:50.026+0000] {processor.py:925} INFO - DAG(s) 'example_branch_operator' retrieved from /home/airflow/.local/lib/python3.12/site-packages/airflow/example_dags/example_branch_operator.py
[2025-03-22T09:20:50.054+0000] {logging_mixin.py:190} INFO - [2025-03-22T09:20:50.054+0000] {dag.py:3239} INFO - Sync 1 DAGs
[2025-03-22T09:20:50.080+0000] {logging_mixin.py:190} INFO - [2025-03-22T09:20:50.080+0000] {dag.py:4180} INFO - Setting next_dagrun for example_branch_operator to 2025-03-21 00:00:00+00:00, run_after=2025-03-22 00:00:00+00:00
[2025-03-22T09:20:50.098+0000] {processor.py:208} INFO - Processing /home/airflow/.local/lib/python3.12/site-packages/airflow/example_dags/example_branch_operator.py took 0.095 seconds
[2025-03-22T09:21:20.602+0000] {processor.py:186} INFO - Started process (PID=3017) to work on /home/airflow/.local/lib/python3.12/site-packages/airflow/example_dags/example_branch_operator.py
[2025-03-22T09:21:20.603+0000] {processor.py:914} INFO - Processing file /home/airflow/.local/lib/python3.12/site-packages/airflow/example_dags/example_branch_operator.py for tasks to queue
[2025-03-22T09:21:20.605+0000] {logging_mixin.py:190} INFO - [2025-03-22T09:21:20.605+0000] {dagbag.py:588} INFO - Filling up the DagBag from /home/airflow/.local/lib/python3.12/site-packages/airflow/example_dags/example_branch_operator.py
[2025-03-22T09:21:20.627+0000] {processor.py:925} INFO - DAG(s) 'example_branch_operator' retrieved from /home/airflow/.local/lib/python3.12/site-packages/airflow/example_dags/example_branch_operator.py
[2025-03-22T09:21:20.669+0000] {logging_mixin.py:190} INFO - [2025-03-22T09:21:20.669+0000] {dag.py:3239} INFO - Sync 1 DAGs
[2025-03-22T09:21:20.707+0000] {logging_mixin.py:190} INFO - [2025-03-22T09:21:20.707+0000] {dag.py:4180} INFO - Setting next_dagrun for example_branch_operator to 2025-03-21 00:00:00+00:00, run_after=2025-03-22 00:00:00+00:00
[2025-03-22T09:21:20.741+0000] {processor.py:208} INFO - Processing /home/airflow/.local/lib/python3.12/site-packages/airflow/example_dags/example_branch_operator.py took 0.151 seconds
[2025-03-22T09:21:51.117+0000] {processor.py:186} INFO - Started process (PID=3087) to work on /home/airflow/.local/lib/python3.12/site-packages/airflow/example_dags/example_branch_operator.py
[2025-03-22T09:21:51.118+0000] {processor.py:914} INFO - Processing file /home/airflow/.local/lib/python3.12/site-packages/airflow/example_dags/example_branch_operator.py for tasks to queue
[2025-03-22T09:21:51.119+0000] {logging_mixin.py:190} INFO - [2025-03-22T09:21:51.119+0000] {dagbag.py:588} INFO - Filling up the DagBag from /home/airflow/.local/lib/python3.12/site-packages/airflow/example_dags/example_branch_operator.py
[2025-03-22T09:21:51.139+0000] {processor.py:925} INFO - DAG(s) 'example_branch_operator' retrieved from /home/airflow/.local/lib/python3.12/site-packages/airflow/example_dags/example_branch_operator.py
[2025-03-22T09:21:51.177+0000] {logging_mixin.py:190} INFO - [2025-03-22T09:21:51.177+0000] {dag.py:3239} INFO - Sync 1 DAGs
[2025-03-22T09:21:51.205+0000] {logging_mixin.py:190} INFO - [2025-03-22T09:21:51.205+0000] {dag.py:4180} INFO - Setting next_dagrun for example_branch_operator to 2025-03-21 00:00:00+00:00, run_after=2025-03-22 00:00:00+00:00
[2025-03-22T09:21:51.230+0000] {processor.py:208} INFO - Processing /home/airflow/.local/lib/python3.12/site-packages/airflow/example_dags/example_branch_operator.py took 0.119 seconds
[2025-03-22T09:22:22.205+0000] {processor.py:186} INFO - Started process (PID=3152) to work on /home/airflow/.local/lib/python3.12/site-packages/airflow/example_dags/example_branch_operator.py
[2025-03-22T09:22:22.207+0000] {processor.py:914} INFO - Processing file /home/airflow/.local/lib/python3.12/site-packages/airflow/example_dags/example_branch_operator.py for tasks to queue
[2025-03-22T09:22:22.208+0000] {logging_mixin.py:190} INFO - [2025-03-22T09:22:22.208+0000] {dagbag.py:588} INFO - Filling up the DagBag from /home/airflow/.local/lib/python3.12/site-packages/airflow/example_dags/example_branch_operator.py
[2025-03-22T09:22:22.232+0000] {processor.py:925} INFO - DAG(s) 'example_branch_operator' retrieved from /home/airflow/.local/lib/python3.12/site-packages/airflow/example_dags/example_branch_operator.py
[2025-03-22T09:22:22.270+0000] {logging_mixin.py:190} INFO - [2025-03-22T09:22:22.270+0000] {dag.py:3239} INFO - Sync 1 DAGs
[2025-03-22T09:22:22.305+0000] {logging_mixin.py:190} INFO - [2025-03-22T09:22:22.304+0000] {dag.py:4180} INFO - Setting next_dagrun for example_branch_operator to 2025-03-21 00:00:00+00:00, run_after=2025-03-22 00:00:00+00:00
[2025-03-22T09:22:22.326+0000] {processor.py:208} INFO - Processing /home/airflow/.local/lib/python3.12/site-packages/airflow/example_dags/example_branch_operator.py took 0.129 seconds
[2025-03-22T09:22:52.574+0000] {processor.py:186} INFO - Started process (PID=3216) to work on /home/airflow/.local/lib/python3.12/site-packages/airflow/example_dags/example_branch_operator.py
[2025-03-22T09:22:52.575+0000] {processor.py:914} INFO - Processing file /home/airflow/.local/lib/python3.12/site-packages/airflow/example_dags/example_branch_operator.py for tasks to queue
[2025-03-22T09:22:52.577+0000] {logging_mixin.py:190} INFO - [2025-03-22T09:22:52.577+0000] {dagbag.py:588} INFO - Filling up the DagBag from /home/airflow/.local/lib/python3.12/site-packages/airflow/example_dags/example_branch_operator.py
[2025-03-22T09:22:52.597+0000] {processor.py:925} INFO - DAG(s) 'example_branch_operator' retrieved from /home/airflow/.local/lib/python3.12/site-packages/airflow/example_dags/example_branch_operator.py
[2025-03-22T09:22:52.627+0000] {logging_mixin.py:190} INFO - [2025-03-22T09:22:52.626+0000] {dag.py:3239} INFO - Sync 1 DAGs
[2025-03-22T09:22:52.654+0000] {logging_mixin.py:190} INFO - [2025-03-22T09:22:52.654+0000] {dag.py:4180} INFO - Setting next_dagrun for example_branch_operator to 2025-03-21 00:00:00+00:00, run_after=2025-03-22 00:00:00+00:00
[2025-03-22T09:22:52.674+0000] {processor.py:208} INFO - Processing /home/airflow/.local/lib/python3.12/site-packages/airflow/example_dags/example_branch_operator.py took 0.106 seconds
[2025-03-22T09:23:23.554+0000] {processor.py:186} INFO - Started process (PID=3280) to work on /home/airflow/.local/lib/python3.12/site-packages/airflow/example_dags/example_branch_operator.py
[2025-03-22T09:23:23.555+0000] {processor.py:914} INFO - Processing file /home/airflow/.local/lib/python3.12/site-packages/airflow/example_dags/example_branch_operator.py for tasks to queue
[2025-03-22T09:23:23.557+0000] {logging_mixin.py:190} INFO - [2025-03-22T09:23:23.557+0000] {dagbag.py:588} INFO - Filling up the DagBag from /home/airflow/.local/lib/python3.12/site-packages/airflow/example_dags/example_branch_operator.py
[2025-03-22T09:23:23.585+0000] {processor.py:925} INFO - DAG(s) 'example_branch_operator' retrieved from /home/airflow/.local/lib/python3.12/site-packages/airflow/example_dags/example_branch_operator.py
[2025-03-22T09:23:23.628+0000] {logging_mixin.py:190} INFO - [2025-03-22T09:23:23.627+0000] {dag.py:3239} INFO - Sync 1 DAGs
[2025-03-22T09:23:23.668+0000] {logging_mixin.py:190} INFO - [2025-03-22T09:23:23.668+0000] {dag.py:4180} INFO - Setting next_dagrun for example_branch_operator to 2025-03-21 00:00:00+00:00, run_after=2025-03-22 00:00:00+00:00
[2025-03-22T09:23:23.694+0000] {processor.py:208} INFO - Processing /home/airflow/.local/lib/python3.12/site-packages/airflow/example_dags/example_branch_operator.py took 0.147 seconds
[2025-03-22T09:23:54.687+0000] {processor.py:186} INFO - Started process (PID=3344) to work on /home/airflow/.local/lib/python3.12/site-packages/airflow/example_dags/example_branch_operator.py
[2025-03-22T09:23:54.688+0000] {processor.py:914} INFO - Processing file /home/airflow/.local/lib/python3.12/site-packages/airflow/example_dags/example_branch_operator.py for tasks to queue
[2025-03-22T09:23:54.689+0000] {logging_mixin.py:190} INFO - [2025-03-22T09:23:54.689+0000] {dagbag.py:588} INFO - Filling up the DagBag from /home/airflow/.local/lib/python3.12/site-packages/airflow/example_dags/example_branch_operator.py
[2025-03-22T09:23:54.706+0000] {processor.py:925} INFO - DAG(s) 'example_branch_operator' retrieved from /home/airflow/.local/lib/python3.12/site-packages/airflow/example_dags/example_branch_operator.py
[2025-03-22T09:23:54.740+0000] {logging_mixin.py:190} INFO - [2025-03-22T09:23:54.740+0000] {dag.py:3239} INFO - Sync 1 DAGs
[2025-03-22T09:23:54.766+0000] {logging_mixin.py:190} INFO - [2025-03-22T09:23:54.765+0000] {dag.py:4180} INFO - Setting next_dagrun for example_branch_operator to 2025-03-21 00:00:00+00:00, run_after=2025-03-22 00:00:00+00:00
[2025-03-22T09:23:54.783+0000] {processor.py:208} INFO - Processing /home/airflow/.local/lib/python3.12/site-packages/airflow/example_dags/example_branch_operator.py took 0.100 seconds
[2025-03-22T09:24:25.464+0000] {processor.py:186} INFO - Started process (PID=3408) to work on /home/airflow/.local/lib/python3.12/site-packages/airflow/example_dags/example_branch_operator.py
[2025-03-22T09:24:25.465+0000] {processor.py:914} INFO - Processing file /home/airflow/.local/lib/python3.12/site-packages/airflow/example_dags/example_branch_operator.py for tasks to queue
[2025-03-22T09:24:25.466+0000] {logging_mixin.py:190} INFO - [2025-03-22T09:24:25.466+0000] {dagbag.py:588} INFO - Filling up the DagBag from /home/airflow/.local/lib/python3.12/site-packages/airflow/example_dags/example_branch_operator.py
[2025-03-22T09:24:25.486+0000] {processor.py:925} INFO - DAG(s) 'example_branch_operator' retrieved from /home/airflow/.local/lib/python3.12/site-packages/airflow/example_dags/example_branch_operator.py
[2025-03-22T09:24:25.518+0000] {logging_mixin.py:190} INFO - [2025-03-22T09:24:25.517+0000] {dag.py:3239} INFO - Sync 1 DAGs
[2025-03-22T09:24:25.543+0000] {logging_mixin.py:190} INFO - [2025-03-22T09:24:25.543+0000] {dag.py:4180} INFO - Setting next_dagrun for example_branch_operator to 2025-03-21 00:00:00+00:00, run_after=2025-03-22 00:00:00+00:00
[2025-03-22T09:24:25.564+0000] {processor.py:208} INFO - Processing /home/airflow/.local/lib/python3.12/site-packages/airflow/example_dags/example_branch_operator.py took 0.106 seconds
[2025-03-22T09:24:56.036+0000] {processor.py:186} INFO - Started process (PID=3472) to work on /home/airflow/.local/lib/python3.12/site-packages/airflow/example_dags/example_branch_operator.py
[2025-03-22T09:24:56.036+0000] {processor.py:914} INFO - Processing file /home/airflow/.local/lib/python3.12/site-packages/airflow/example_dags/example_branch_operator.py for tasks to queue
[2025-03-22T09:24:56.038+0000] {logging_mixin.py:190} INFO - [2025-03-22T09:24:56.037+0000] {dagbag.py:588} INFO - Filling up the DagBag from /home/airflow/.local/lib/python3.12/site-packages/airflow/example_dags/example_branch_operator.py
[2025-03-22T09:24:56.054+0000] {processor.py:925} INFO - DAG(s) 'example_branch_operator' retrieved from /home/airflow/.local/lib/python3.12/site-packages/airflow/example_dags/example_branch_operator.py
[2025-03-22T09:24:56.083+0000] {logging_mixin.py:190} INFO - [2025-03-22T09:24:56.083+0000] {dag.py:3239} INFO - Sync 1 DAGs
[2025-03-22T09:24:56.107+0000] {logging_mixin.py:190} INFO - [2025-03-22T09:24:56.107+0000] {dag.py:4180} INFO - Setting next_dagrun for example_branch_operator to 2025-03-21 00:00:00+00:00, run_after=2025-03-22 00:00:00+00:00
[2025-03-22T09:24:56.123+0000] {processor.py:208} INFO - Processing /home/airflow/.local/lib/python3.12/site-packages/airflow/example_dags/example_branch_operator.py took 0.094 seconds
[2025-03-22T09:25:26.893+0000] {processor.py:186} INFO - Started process (PID=3536) to work on /home/airflow/.local/lib/python3.12/site-packages/airflow/example_dags/example_branch_operator.py
[2025-03-22T09:25:26.894+0000] {processor.py:914} INFO - Processing file /home/airflow/.local/lib/python3.12/site-packages/airflow/example_dags/example_branch_operator.py for tasks to queue
[2025-03-22T09:25:26.896+0000] {logging_mixin.py:190} INFO - [2025-03-22T09:25:26.895+0000] {dagbag.py:588} INFO - Filling up the DagBag from /home/airflow/.local/lib/python3.12/site-packages/airflow/example_dags/example_branch_operator.py
[2025-03-22T09:25:26.919+0000] {processor.py:925} INFO - DAG(s) 'example_branch_operator' retrieved from /home/airflow/.local/lib/python3.12/site-packages/airflow/example_dags/example_branch_operator.py
[2025-03-22T09:25:26.952+0000] {logging_mixin.py:190} INFO - [2025-03-22T09:25:26.952+0000] {dag.py:3239} INFO - Sync 1 DAGs
[2025-03-22T09:25:26.980+0000] {logging_mixin.py:190} INFO - [2025-03-22T09:25:26.980+0000] {dag.py:4180} INFO - Setting next_dagrun for example_branch_operator to 2025-03-21 00:00:00+00:00, run_after=2025-03-22 00:00:00+00:00
[2025-03-22T09:25:27.000+0000] {processor.py:208} INFO - Processing /home/airflow/.local/lib/python3.12/site-packages/airflow/example_dags/example_branch_operator.py took 0.114 seconds
[2025-03-22T09:25:58.010+0000] {processor.py:186} INFO - Started process (PID=3600) to work on /home/airflow/.local/lib/python3.12/site-packages/airflow/example_dags/example_branch_operator.py
[2025-03-22T09:25:58.010+0000] {processor.py:914} INFO - Processing file /home/airflow/.local/lib/python3.12/site-packages/airflow/example_dags/example_branch_operator.py for tasks to queue
[2025-03-22T09:25:58.012+0000] {logging_mixin.py:190} INFO - [2025-03-22T09:25:58.011+0000] {dagbag.py:588} INFO - Filling up the DagBag from /home/airflow/.local/lib/python3.12/site-packages/airflow/example_dags/example_branch_operator.py
[2025-03-22T09:25:58.028+0000] {processor.py:925} INFO - DAG(s) 'example_branch_operator' retrieved from /home/airflow/.local/lib/python3.12/site-packages/airflow/example_dags/example_branch_operator.py
[2025-03-22T09:25:58.055+0000] {logging_mixin.py:190} INFO - [2025-03-22T09:25:58.054+0000] {dag.py:3239} INFO - Sync 1 DAGs
[2025-03-22T09:25:58.076+0000] {logging_mixin.py:190} INFO - [2025-03-22T09:25:58.076+0000] {dag.py:4180} INFO - Setting next_dagrun for example_branch_operator to 2025-03-21 00:00:00+00:00, run_after=2025-03-22 00:00:00+00:00
[2025-03-22T09:25:58.092+0000] {processor.py:208} INFO - Processing /home/airflow/.local/lib/python3.12/site-packages/airflow/example_dags/example_branch_operator.py took 0.088 seconds
[2025-03-22T09:26:29.143+0000] {processor.py:186} INFO - Started process (PID=3664) to work on /home/airflow/.local/lib/python3.12/site-packages/airflow/example_dags/example_branch_operator.py
[2025-03-22T09:26:29.144+0000] {processor.py:914} INFO - Processing file /home/airflow/.local/lib/python3.12/site-packages/airflow/example_dags/example_branch_operator.py for tasks to queue
[2025-03-22T09:26:29.145+0000] {logging_mixin.py:190} INFO - [2025-03-22T09:26:29.145+0000] {dagbag.py:588} INFO - Filling up the DagBag from /home/airflow/.local/lib/python3.12/site-packages/airflow/example_dags/example_branch_operator.py
[2025-03-22T09:26:29.168+0000] {processor.py:925} INFO - DAG(s) 'example_branch_operator' retrieved from /home/airflow/.local/lib/python3.12/site-packages/airflow/example_dags/example_branch_operator.py
[2025-03-22T09:26:29.206+0000] {logging_mixin.py:190} INFO - [2025-03-22T09:26:29.205+0000] {dag.py:3239} INFO - Sync 1 DAGs
[2025-03-22T09:26:29.238+0000] {logging_mixin.py:190} INFO - [2025-03-22T09:26:29.238+0000] {dag.py:4180} INFO - Setting next_dagrun for example_branch_operator to 2025-03-21 00:00:00+00:00, run_after=2025-03-22 00:00:00+00:00
[2025-03-22T09:26:29.262+0000] {processor.py:208} INFO - Processing /home/airflow/.local/lib/python3.12/site-packages/airflow/example_dags/example_branch_operator.py took 0.125 seconds
[2025-03-22T09:27:00.700+0000] {processor.py:186} INFO - Started process (PID=3728) to work on /home/airflow/.local/lib/python3.12/site-packages/airflow/example_dags/example_branch_operator.py
[2025-03-22T09:27:00.702+0000] {processor.py:914} INFO - Processing file /home/airflow/.local/lib/python3.12/site-packages/airflow/example_dags/example_branch_operator.py for tasks to queue
[2025-03-22T09:27:00.703+0000] {logging_mixin.py:190} INFO - [2025-03-22T09:27:00.703+0000] {dagbag.py:588} INFO - Filling up the DagBag from /home/airflow/.local/lib/python3.12/site-packages/airflow/example_dags/example_branch_operator.py
[2025-03-22T09:27:00.719+0000] {processor.py:925} INFO - DAG(s) 'example_branch_operator' retrieved from /home/airflow/.local/lib/python3.12/site-packages/airflow/example_dags/example_branch_operator.py
[2025-03-22T09:27:00.747+0000] {logging_mixin.py:190} INFO - [2025-03-22T09:27:00.747+0000] {dag.py:3239} INFO - Sync 1 DAGs
[2025-03-22T09:27:00.771+0000] {logging_mixin.py:190} INFO - [2025-03-22T09:27:00.771+0000] {dag.py:4180} INFO - Setting next_dagrun for example_branch_operator to 2025-03-21 00:00:00+00:00, run_after=2025-03-22 00:00:00+00:00
[2025-03-22T09:27:00.794+0000] {processor.py:208} INFO - Processing /home/airflow/.local/lib/python3.12/site-packages/airflow/example_dags/example_branch_operator.py took 0.099 seconds
[2025-03-22T09:27:30.981+0000] {processor.py:186} INFO - Started process (PID=3792) to work on /home/airflow/.local/lib/python3.12/site-packages/airflow/example_dags/example_branch_operator.py
[2025-03-22T09:27:30.982+0000] {processor.py:914} INFO - Processing file /home/airflow/.local/lib/python3.12/site-packages/airflow/example_dags/example_branch_operator.py for tasks to queue
[2025-03-22T09:27:30.983+0000] {logging_mixin.py:190} INFO - [2025-03-22T09:27:30.983+0000] {dagbag.py:588} INFO - Filling up the DagBag from /home/airflow/.local/lib/python3.12/site-packages/airflow/example_dags/example_branch_operator.py
[2025-03-22T09:27:30.999+0000] {processor.py:925} INFO - DAG(s) 'example_branch_operator' retrieved from /home/airflow/.local/lib/python3.12/site-packages/airflow/example_dags/example_branch_operator.py
[2025-03-22T09:27:31.029+0000] {logging_mixin.py:190} INFO - [2025-03-22T09:27:31.029+0000] {dag.py:3239} INFO - Sync 1 DAGs
[2025-03-22T09:27:31.053+0000] {logging_mixin.py:190} INFO - [2025-03-22T09:27:31.053+0000] {dag.py:4180} INFO - Setting next_dagrun for example_branch_operator to 2025-03-21 00:00:00+00:00, run_after=2025-03-22 00:00:00+00:00
[2025-03-22T09:27:31.074+0000] {processor.py:208} INFO - Processing /home/airflow/.local/lib/python3.12/site-packages/airflow/example_dags/example_branch_operator.py took 0.098 seconds
[2025-03-22T09:28:02.034+0000] {processor.py:186} INFO - Started process (PID=3856) to work on /home/airflow/.local/lib/python3.12/site-packages/airflow/example_dags/example_branch_operator.py
[2025-03-22T09:28:02.036+0000] {processor.py:914} INFO - Processing file /home/airflow/.local/lib/python3.12/site-packages/airflow/example_dags/example_branch_operator.py for tasks to queue
[2025-03-22T09:28:02.038+0000] {logging_mixin.py:190} INFO - [2025-03-22T09:28:02.037+0000] {dagbag.py:588} INFO - Filling up the DagBag from /home/airflow/.local/lib/python3.12/site-packages/airflow/example_dags/example_branch_operator.py
[2025-03-22T09:28:02.064+0000] {processor.py:925} INFO - DAG(s) 'example_branch_operator' retrieved from /home/airflow/.local/lib/python3.12/site-packages/airflow/example_dags/example_branch_operator.py
[2025-03-22T09:28:02.104+0000] {logging_mixin.py:190} INFO - [2025-03-22T09:28:02.104+0000] {dag.py:3239} INFO - Sync 1 DAGs
[2025-03-22T09:28:02.140+0000] {logging_mixin.py:190} INFO - [2025-03-22T09:28:02.140+0000] {dag.py:4180} INFO - Setting next_dagrun for example_branch_operator to 2025-03-21 00:00:00+00:00, run_after=2025-03-22 00:00:00+00:00
[2025-03-22T09:28:02.165+0000] {processor.py:208} INFO - Processing /home/airflow/.local/lib/python3.12/site-packages/airflow/example_dags/example_branch_operator.py took 0.139 seconds
