[2025-03-22T08:57:54.328+0000] {processor.py:186} INFO - Started process (PID=115) to work on /home/airflow/.local/lib/python3.12/site-packages/airflow/example_dags/example_params_ui_tutorial.py
[2025-03-22T08:57:54.330+0000] {processor.py:914} INFO - Processing file /home/airflow/.local/lib/python3.12/site-packages/airflow/example_dags/example_params_ui_tutorial.py for tasks to queue
[2025-03-22T08:57:54.332+0000] {logging_mixin.py:190} INFO - [2025-03-22T08:57:54.331+0000] {dagbag.py:588} INFO - Filling up the DagBag from /home/airflow/.local/lib/python3.12/site-packages/airflow/example_dags/example_params_ui_tutorial.py
[2025-03-22T08:57:54.342+0000] {processor.py:925} INFO - DAG(s) 'example_params_ui_tutorial' retrieved from /home/airflow/.local/lib/python3.12/site-packages/airflow/example_dags/example_params_ui_tutorial.py
[2025-03-22T08:57:54.516+0000] {logging_mixin.py:190} INFO - [2025-03-22T08:57:54.515+0000] {override.py:1912} INFO - Created Permission View: can edit on DAG:example_params_ui_tutorial
[2025-03-22T08:57:54.526+0000] {logging_mixin.py:190} INFO - [2025-03-22T08:57:54.525+0000] {override.py:1912} INFO - Created Permission View: can delete on DAG:example_params_ui_tutorial
[2025-03-22T08:57:54.535+0000] {logging_mixin.py:190} INFO - [2025-03-22T08:57:54.535+0000] {override.py:1912} INFO - Created Permission View: can read on DAG:example_params_ui_tutorial
[2025-03-22T08:57:54.543+0000] {logging_mixin.py:190} INFO - [2025-03-22T08:57:54.543+0000] {override.py:1912} INFO - Created Permission View: can delete on DAG Run:example_params_ui_tutorial
[2025-03-22T08:57:54.550+0000] {logging_mixin.py:190} INFO - [2025-03-22T08:57:54.550+0000] {override.py:1912} INFO - Created Permission View: menu access on DAG Run:example_params_ui_tutorial
[2025-03-22T08:57:54.556+0000] {logging_mixin.py:190} INFO - [2025-03-22T08:57:54.556+0000] {override.py:1912} INFO - Created Permission View: can create on DAG Run:example_params_ui_tutorial
[2025-03-22T08:57:54.562+0000] {logging_mixin.py:190} INFO - [2025-03-22T08:57:54.562+0000] {override.py:1912} INFO - Created Permission View: can read on DAG Run:example_params_ui_tutorial
[2025-03-22T08:57:54.562+0000] {logging_mixin.py:190} INFO - [2025-03-22T08:57:54.562+0000] {dag.py:3239} INFO - Sync 1 DAGs
[2025-03-22T08:57:54.574+0000] {logging_mixin.py:190} INFO - [2025-03-22T08:57:54.574+0000] {dag.py:3262} INFO - Creating ORM DAG for example_params_ui_tutorial
[2025-03-22T08:57:54.575+0000] {logging_mixin.py:190} INFO - [2025-03-22T08:57:54.575+0000] {dag.py:4180} INFO - Setting next_dagrun for example_params_ui_tutorial to None, run_after=None
[2025-03-22T08:57:54.592+0000] {processor.py:208} INFO - Processing /home/airflow/.local/lib/python3.12/site-packages/airflow/example_dags/example_params_ui_tutorial.py took 0.269 seconds
[2025-03-22T08:58:24.936+0000] {processor.py:186} INFO - Started process (PID=178) to work on /home/airflow/.local/lib/python3.12/site-packages/airflow/example_dags/example_params_ui_tutorial.py
[2025-03-22T08:58:24.937+0000] {processor.py:914} INFO - Processing file /home/airflow/.local/lib/python3.12/site-packages/airflow/example_dags/example_params_ui_tutorial.py for tasks to queue
[2025-03-22T08:58:24.939+0000] {logging_mixin.py:190} INFO - [2025-03-22T08:58:24.939+0000] {dagbag.py:588} INFO - Filling up the DagBag from /home/airflow/.local/lib/python3.12/site-packages/airflow/example_dags/example_params_ui_tutorial.py
[2025-03-22T08:58:24.947+0000] {processor.py:925} INFO - DAG(s) 'example_params_ui_tutorial' retrieved from /home/airflow/.local/lib/python3.12/site-packages/airflow/example_dags/example_params_ui_tutorial.py
[2025-03-22T08:58:24.991+0000] {logging_mixin.py:190} INFO - [2025-03-22T08:58:24.991+0000] {dag.py:3239} INFO - Sync 1 DAGs
[2025-03-22T08:58:25.005+0000] {logging_mixin.py:190} INFO - [2025-03-22T08:58:25.005+0000] {dag.py:4180} INFO - Setting next_dagrun for example_params_ui_tutorial to None, run_after=None
[2025-03-22T08:58:25.021+0000] {processor.py:208} INFO - Processing /home/airflow/.local/lib/python3.12/site-packages/airflow/example_dags/example_params_ui_tutorial.py took 0.090 seconds
[2025-03-22T08:58:55.979+0000] {processor.py:186} INFO - Started process (PID=241) to work on /home/airflow/.local/lib/python3.12/site-packages/airflow/example_dags/example_params_ui_tutorial.py
[2025-03-22T08:58:55.979+0000] {processor.py:914} INFO - Processing file /home/airflow/.local/lib/python3.12/site-packages/airflow/example_dags/example_params_ui_tutorial.py for tasks to queue
[2025-03-22T08:58:55.981+0000] {logging_mixin.py:190} INFO - [2025-03-22T08:58:55.981+0000] {dagbag.py:588} INFO - Filling up the DagBag from /home/airflow/.local/lib/python3.12/site-packages/airflow/example_dags/example_params_ui_tutorial.py
[2025-03-22T08:58:55.990+0000] {processor.py:925} INFO - DAG(s) 'example_params_ui_tutorial' retrieved from /home/airflow/.local/lib/python3.12/site-packages/airflow/example_dags/example_params_ui_tutorial.py
[2025-03-22T08:58:56.035+0000] {logging_mixin.py:190} INFO - [2025-03-22T08:58:56.035+0000] {dag.py:3239} INFO - Sync 1 DAGs
[2025-03-22T08:58:56.062+0000] {logging_mixin.py:190} INFO - [2025-03-22T08:58:56.062+0000] {dag.py:4180} INFO - Setting next_dagrun for example_params_ui_tutorial to None, run_after=None
[2025-03-22T08:58:56.088+0000] {processor.py:208} INFO - Processing /home/airflow/.local/lib/python3.12/site-packages/airflow/example_dags/example_params_ui_tutorial.py took 0.115 seconds
[2025-03-22T08:59:26.329+0000] {processor.py:186} INFO - Started process (PID=304) to work on /home/airflow/.local/lib/python3.12/site-packages/airflow/example_dags/example_params_ui_tutorial.py
[2025-03-22T08:59:26.331+0000] {processor.py:914} INFO - Processing file /home/airflow/.local/lib/python3.12/site-packages/airflow/example_dags/example_params_ui_tutorial.py for tasks to queue
[2025-03-22T08:59:26.335+0000] {logging_mixin.py:190} INFO - [2025-03-22T08:59:26.334+0000] {dagbag.py:588} INFO - Filling up the DagBag from /home/airflow/.local/lib/python3.12/site-packages/airflow/example_dags/example_params_ui_tutorial.py
[2025-03-22T08:59:26.352+0000] {processor.py:925} INFO - DAG(s) 'example_params_ui_tutorial' retrieved from /home/airflow/.local/lib/python3.12/site-packages/airflow/example_dags/example_params_ui_tutorial.py
[2025-03-22T08:59:26.434+0000] {logging_mixin.py:190} INFO - [2025-03-22T08:59:26.434+0000] {dag.py:3239} INFO - Sync 1 DAGs
[2025-03-22T08:59:26.455+0000] {logging_mixin.py:190} INFO - [2025-03-22T08:59:26.455+0000] {dag.py:4180} INFO - Setting next_dagrun for example_params_ui_tutorial to None, run_after=None
[2025-03-22T08:59:26.477+0000] {processor.py:208} INFO - Processing /home/airflow/.local/lib/python3.12/site-packages/airflow/example_dags/example_params_ui_tutorial.py took 0.156 seconds
[2025-03-22T08:59:56.795+0000] {processor.py:186} INFO - Started process (PID=367) to work on /home/airflow/.local/lib/python3.12/site-packages/airflow/example_dags/example_params_ui_tutorial.py
[2025-03-22T08:59:56.796+0000] {processor.py:914} INFO - Processing file /home/airflow/.local/lib/python3.12/site-packages/airflow/example_dags/example_params_ui_tutorial.py for tasks to queue
[2025-03-22T08:59:56.798+0000] {logging_mixin.py:190} INFO - [2025-03-22T08:59:56.798+0000] {dagbag.py:588} INFO - Filling up the DagBag from /home/airflow/.local/lib/python3.12/site-packages/airflow/example_dags/example_params_ui_tutorial.py
[2025-03-22T08:59:56.807+0000] {processor.py:925} INFO - DAG(s) 'example_params_ui_tutorial' retrieved from /home/airflow/.local/lib/python3.12/site-packages/airflow/example_dags/example_params_ui_tutorial.py
[2025-03-22T08:59:56.855+0000] {logging_mixin.py:190} INFO - [2025-03-22T08:59:56.855+0000] {dag.py:3239} INFO - Sync 1 DAGs
[2025-03-22T08:59:56.869+0000] {logging_mixin.py:190} INFO - [2025-03-22T08:59:56.868+0000] {dag.py:4180} INFO - Setting next_dagrun for example_params_ui_tutorial to None, run_after=None
[2025-03-22T08:59:56.886+0000] {processor.py:208} INFO - Processing /home/airflow/.local/lib/python3.12/site-packages/airflow/example_dags/example_params_ui_tutorial.py took 0.097 seconds
[2025-03-22T09:00:27.128+0000] {processor.py:186} INFO - Started process (PID=430) to work on /home/airflow/.local/lib/python3.12/site-packages/airflow/example_dags/example_params_ui_tutorial.py
[2025-03-22T09:00:27.129+0000] {processor.py:914} INFO - Processing file /home/airflow/.local/lib/python3.12/site-packages/airflow/example_dags/example_params_ui_tutorial.py for tasks to queue
[2025-03-22T09:00:27.132+0000] {logging_mixin.py:190} INFO - [2025-03-22T09:00:27.131+0000] {dagbag.py:588} INFO - Filling up the DagBag from /home/airflow/.local/lib/python3.12/site-packages/airflow/example_dags/example_params_ui_tutorial.py
[2025-03-22T09:00:27.141+0000] {processor.py:925} INFO - DAG(s) 'example_params_ui_tutorial' retrieved from /home/airflow/.local/lib/python3.12/site-packages/airflow/example_dags/example_params_ui_tutorial.py
[2025-03-22T09:00:27.200+0000] {logging_mixin.py:190} INFO - [2025-03-22T09:00:27.199+0000] {dag.py:3239} INFO - Sync 1 DAGs
[2025-03-22T09:00:27.217+0000] {logging_mixin.py:190} INFO - [2025-03-22T09:00:27.217+0000] {dag.py:4180} INFO - Setting next_dagrun for example_params_ui_tutorial to None, run_after=None
[2025-03-22T09:00:27.242+0000] {processor.py:208} INFO - Processing /home/airflow/.local/lib/python3.12/site-packages/airflow/example_dags/example_params_ui_tutorial.py took 0.119 seconds
[2025-03-22T09:00:57.481+0000] {processor.py:186} INFO - Started process (PID=493) to work on /home/airflow/.local/lib/python3.12/site-packages/airflow/example_dags/example_params_ui_tutorial.py
[2025-03-22T09:00:57.482+0000] {processor.py:914} INFO - Processing file /home/airflow/.local/lib/python3.12/site-packages/airflow/example_dags/example_params_ui_tutorial.py for tasks to queue
[2025-03-22T09:00:57.484+0000] {logging_mixin.py:190} INFO - [2025-03-22T09:00:57.484+0000] {dagbag.py:588} INFO - Filling up the DagBag from /home/airflow/.local/lib/python3.12/site-packages/airflow/example_dags/example_params_ui_tutorial.py
[2025-03-22T09:00:57.495+0000] {processor.py:925} INFO - DAG(s) 'example_params_ui_tutorial' retrieved from /home/airflow/.local/lib/python3.12/site-packages/airflow/example_dags/example_params_ui_tutorial.py
[2025-03-22T09:00:57.554+0000] {logging_mixin.py:190} INFO - [2025-03-22T09:00:57.553+0000] {dag.py:3239} INFO - Sync 1 DAGs
[2025-03-22T09:00:57.572+0000] {logging_mixin.py:190} INFO - [2025-03-22T09:00:57.572+0000] {dag.py:4180} INFO - Setting next_dagrun for example_params_ui_tutorial to None, run_after=None
[2025-03-22T09:00:57.593+0000] {processor.py:208} INFO - Processing /home/airflow/.local/lib/python3.12/site-packages/airflow/example_dags/example_params_ui_tutorial.py took 0.118 seconds
[2025-03-22T09:01:28.109+0000] {processor.py:186} INFO - Started process (PID=556) to work on /home/airflow/.local/lib/python3.12/site-packages/airflow/example_dags/example_params_ui_tutorial.py
[2025-03-22T09:01:28.110+0000] {processor.py:914} INFO - Processing file /home/airflow/.local/lib/python3.12/site-packages/airflow/example_dags/example_params_ui_tutorial.py for tasks to queue
[2025-03-22T09:01:28.113+0000] {logging_mixin.py:190} INFO - [2025-03-22T09:01:28.112+0000] {dagbag.py:588} INFO - Filling up the DagBag from /home/airflow/.local/lib/python3.12/site-packages/airflow/example_dags/example_params_ui_tutorial.py
[2025-03-22T09:01:28.128+0000] {processor.py:925} INFO - DAG(s) 'example_params_ui_tutorial' retrieved from /home/airflow/.local/lib/python3.12/site-packages/airflow/example_dags/example_params_ui_tutorial.py
[2025-03-22T09:01:28.187+0000] {logging_mixin.py:190} INFO - [2025-03-22T09:01:28.187+0000] {dag.py:3239} INFO - Sync 1 DAGs
[2025-03-22T09:01:28.203+0000] {logging_mixin.py:190} INFO - [2025-03-22T09:01:28.203+0000] {dag.py:4180} INFO - Setting next_dagrun for example_params_ui_tutorial to None, run_after=None
[2025-03-22T09:01:28.222+0000] {processor.py:208} INFO - Processing /home/airflow/.local/lib/python3.12/site-packages/airflow/example_dags/example_params_ui_tutorial.py took 0.121 seconds
[2025-03-22T09:01:58.376+0000] {processor.py:186} INFO - Started process (PID=619) to work on /home/airflow/.local/lib/python3.12/site-packages/airflow/example_dags/example_params_ui_tutorial.py
[2025-03-22T09:01:58.377+0000] {processor.py:914} INFO - Processing file /home/airflow/.local/lib/python3.12/site-packages/airflow/example_dags/example_params_ui_tutorial.py for tasks to queue
[2025-03-22T09:01:58.380+0000] {logging_mixin.py:190} INFO - [2025-03-22T09:01:58.379+0000] {dagbag.py:588} INFO - Filling up the DagBag from /home/airflow/.local/lib/python3.12/site-packages/airflow/example_dags/example_params_ui_tutorial.py
[2025-03-22T09:01:58.389+0000] {processor.py:925} INFO - DAG(s) 'example_params_ui_tutorial' retrieved from /home/airflow/.local/lib/python3.12/site-packages/airflow/example_dags/example_params_ui_tutorial.py
[2025-03-22T09:01:58.450+0000] {logging_mixin.py:190} INFO - [2025-03-22T09:01:58.450+0000] {dag.py:3239} INFO - Sync 1 DAGs
[2025-03-22T09:01:58.469+0000] {logging_mixin.py:190} INFO - [2025-03-22T09:01:58.469+0000] {dag.py:4180} INFO - Setting next_dagrun for example_params_ui_tutorial to None, run_after=None
[2025-03-22T09:01:58.493+0000] {processor.py:208} INFO - Processing /home/airflow/.local/lib/python3.12/site-packages/airflow/example_dags/example_params_ui_tutorial.py took 0.124 seconds
[2025-03-22T09:02:28.956+0000] {processor.py:186} INFO - Started process (PID=681) to work on /home/airflow/.local/lib/python3.12/site-packages/airflow/example_dags/example_params_ui_tutorial.py
[2025-03-22T09:02:28.957+0000] {processor.py:914} INFO - Processing file /home/airflow/.local/lib/python3.12/site-packages/airflow/example_dags/example_params_ui_tutorial.py for tasks to queue
[2025-03-22T09:02:28.959+0000] {logging_mixin.py:190} INFO - [2025-03-22T09:02:28.959+0000] {dagbag.py:588} INFO - Filling up the DagBag from /home/airflow/.local/lib/python3.12/site-packages/airflow/example_dags/example_params_ui_tutorial.py
[2025-03-22T09:02:28.968+0000] {processor.py:925} INFO - DAG(s) 'example_params_ui_tutorial' retrieved from /home/airflow/.local/lib/python3.12/site-packages/airflow/example_dags/example_params_ui_tutorial.py
[2025-03-22T09:02:29.016+0000] {logging_mixin.py:190} INFO - [2025-03-22T09:02:29.016+0000] {dag.py:3239} INFO - Sync 1 DAGs
[2025-03-22T09:02:29.033+0000] {logging_mixin.py:190} INFO - [2025-03-22T09:02:29.033+0000] {dag.py:4180} INFO - Setting next_dagrun for example_params_ui_tutorial to None, run_after=None
[2025-03-22T09:02:29.059+0000] {processor.py:208} INFO - Processing /home/airflow/.local/lib/python3.12/site-packages/airflow/example_dags/example_params_ui_tutorial.py took 0.111 seconds
[2025-03-22T09:02:59.463+0000] {processor.py:186} INFO - Started process (PID=744) to work on /home/airflow/.local/lib/python3.12/site-packages/airflow/example_dags/example_params_ui_tutorial.py
[2025-03-22T09:02:59.465+0000] {processor.py:914} INFO - Processing file /home/airflow/.local/lib/python3.12/site-packages/airflow/example_dags/example_params_ui_tutorial.py for tasks to queue
[2025-03-22T09:02:59.469+0000] {logging_mixin.py:190} INFO - [2025-03-22T09:02:59.468+0000] {dagbag.py:588} INFO - Filling up the DagBag from /home/airflow/.local/lib/python3.12/site-packages/airflow/example_dags/example_params_ui_tutorial.py
[2025-03-22T09:02:59.490+0000] {processor.py:925} INFO - DAG(s) 'example_params_ui_tutorial' retrieved from /home/airflow/.local/lib/python3.12/site-packages/airflow/example_dags/example_params_ui_tutorial.py
[2025-03-22T09:02:59.569+0000] {logging_mixin.py:190} INFO - [2025-03-22T09:02:59.569+0000] {dag.py:3239} INFO - Sync 1 DAGs
[2025-03-22T09:02:59.593+0000] {logging_mixin.py:190} INFO - [2025-03-22T09:02:59.593+0000] {dag.py:4180} INFO - Setting next_dagrun for example_params_ui_tutorial to None, run_after=None
[2025-03-22T09:02:59.626+0000] {processor.py:208} INFO - Processing /home/airflow/.local/lib/python3.12/site-packages/airflow/example_dags/example_params_ui_tutorial.py took 0.172 seconds
[2025-03-22T09:03:29.868+0000] {processor.py:186} INFO - Started process (PID=807) to work on /home/airflow/.local/lib/python3.12/site-packages/airflow/example_dags/example_params_ui_tutorial.py
[2025-03-22T09:03:29.868+0000] {processor.py:914} INFO - Processing file /home/airflow/.local/lib/python3.12/site-packages/airflow/example_dags/example_params_ui_tutorial.py for tasks to queue
[2025-03-22T09:03:29.870+0000] {logging_mixin.py:190} INFO - [2025-03-22T09:03:29.870+0000] {dagbag.py:588} INFO - Filling up the DagBag from /home/airflow/.local/lib/python3.12/site-packages/airflow/example_dags/example_params_ui_tutorial.py
[2025-03-22T09:03:29.879+0000] {processor.py:925} INFO - DAG(s) 'example_params_ui_tutorial' retrieved from /home/airflow/.local/lib/python3.12/site-packages/airflow/example_dags/example_params_ui_tutorial.py
[2025-03-22T09:03:29.926+0000] {logging_mixin.py:190} INFO - [2025-03-22T09:03:29.926+0000] {dag.py:3239} INFO - Sync 1 DAGs
[2025-03-22T09:03:29.940+0000] {logging_mixin.py:190} INFO - [2025-03-22T09:03:29.940+0000] {dag.py:4180} INFO - Setting next_dagrun for example_params_ui_tutorial to None, run_after=None
[2025-03-22T09:03:29.958+0000] {processor.py:208} INFO - Processing /home/airflow/.local/lib/python3.12/site-packages/airflow/example_dags/example_params_ui_tutorial.py took 0.096 seconds
[2025-03-22T09:04:00.254+0000] {processor.py:186} INFO - Started process (PID=870) to work on /home/airflow/.local/lib/python3.12/site-packages/airflow/example_dags/example_params_ui_tutorial.py
[2025-03-22T09:04:00.255+0000] {processor.py:914} INFO - Processing file /home/airflow/.local/lib/python3.12/site-packages/airflow/example_dags/example_params_ui_tutorial.py for tasks to queue
[2025-03-22T09:04:00.257+0000] {logging_mixin.py:190} INFO - [2025-03-22T09:04:00.257+0000] {dagbag.py:588} INFO - Filling up the DagBag from /home/airflow/.local/lib/python3.12/site-packages/airflow/example_dags/example_params_ui_tutorial.py
[2025-03-22T09:04:00.267+0000] {processor.py:925} INFO - DAG(s) 'example_params_ui_tutorial' retrieved from /home/airflow/.local/lib/python3.12/site-packages/airflow/example_dags/example_params_ui_tutorial.py
[2025-03-22T09:04:00.322+0000] {logging_mixin.py:190} INFO - [2025-03-22T09:04:00.322+0000] {dag.py:3239} INFO - Sync 1 DAGs
[2025-03-22T09:04:00.341+0000] {logging_mixin.py:190} INFO - [2025-03-22T09:04:00.341+0000] {dag.py:4180} INFO - Setting next_dagrun for example_params_ui_tutorial to None, run_after=None
[2025-03-22T09:04:00.362+0000] {processor.py:208} INFO - Processing /home/airflow/.local/lib/python3.12/site-packages/airflow/example_dags/example_params_ui_tutorial.py took 0.114 seconds
[2025-03-22T09:04:31.035+0000] {processor.py:186} INFO - Started process (PID=933) to work on /home/airflow/.local/lib/python3.12/site-packages/airflow/example_dags/example_params_ui_tutorial.py
[2025-03-22T09:04:31.036+0000] {processor.py:914} INFO - Processing file /home/airflow/.local/lib/python3.12/site-packages/airflow/example_dags/example_params_ui_tutorial.py for tasks to queue
[2025-03-22T09:04:31.039+0000] {logging_mixin.py:190} INFO - [2025-03-22T09:04:31.038+0000] {dagbag.py:588} INFO - Filling up the DagBag from /home/airflow/.local/lib/python3.12/site-packages/airflow/example_dags/example_params_ui_tutorial.py
[2025-03-22T09:04:31.049+0000] {processor.py:925} INFO - DAG(s) 'example_params_ui_tutorial' retrieved from /home/airflow/.local/lib/python3.12/site-packages/airflow/example_dags/example_params_ui_tutorial.py
[2025-03-22T09:04:31.135+0000] {logging_mixin.py:190} INFO - [2025-03-22T09:04:31.135+0000] {dag.py:3239} INFO - Sync 1 DAGs
[2025-03-22T09:04:31.172+0000] {logging_mixin.py:190} INFO - [2025-03-22T09:04:31.172+0000] {dag.py:4180} INFO - Setting next_dagrun for example_params_ui_tutorial to None, run_after=None
[2025-03-22T09:04:31.212+0000] {processor.py:208} INFO - Processing /home/airflow/.local/lib/python3.12/site-packages/airflow/example_dags/example_params_ui_tutorial.py took 0.186 seconds
[2025-03-22T09:05:01.542+0000] {processor.py:186} INFO - Started process (PID=996) to work on /home/airflow/.local/lib/python3.12/site-packages/airflow/example_dags/example_params_ui_tutorial.py
[2025-03-22T09:05:01.543+0000] {processor.py:914} INFO - Processing file /home/airflow/.local/lib/python3.12/site-packages/airflow/example_dags/example_params_ui_tutorial.py for tasks to queue
[2025-03-22T09:05:01.546+0000] {logging_mixin.py:190} INFO - [2025-03-22T09:05:01.545+0000] {dagbag.py:588} INFO - Filling up the DagBag from /home/airflow/.local/lib/python3.12/site-packages/airflow/example_dags/example_params_ui_tutorial.py
[2025-03-22T09:05:01.556+0000] {processor.py:925} INFO - DAG(s) 'example_params_ui_tutorial' retrieved from /home/airflow/.local/lib/python3.12/site-packages/airflow/example_dags/example_params_ui_tutorial.py
[2025-03-22T09:05:01.610+0000] {logging_mixin.py:190} INFO - [2025-03-22T09:05:01.610+0000] {dag.py:3239} INFO - Sync 1 DAGs
[2025-03-22T09:05:01.627+0000] {logging_mixin.py:190} INFO - [2025-03-22T09:05:01.626+0000] {dag.py:4180} INFO - Setting next_dagrun for example_params_ui_tutorial to None, run_after=None
[2025-03-22T09:05:01.648+0000] {processor.py:208} INFO - Processing /home/airflow/.local/lib/python3.12/site-packages/airflow/example_dags/example_params_ui_tutorial.py took 0.112 seconds
[2025-03-22T09:05:32.340+0000] {processor.py:186} INFO - Started process (PID=1059) to work on /home/airflow/.local/lib/python3.12/site-packages/airflow/example_dags/example_params_ui_tutorial.py
[2025-03-22T09:05:32.351+0000] {processor.py:914} INFO - Processing file /home/airflow/.local/lib/python3.12/site-packages/airflow/example_dags/example_params_ui_tutorial.py for tasks to queue
[2025-03-22T09:05:32.359+0000] {logging_mixin.py:190} INFO - [2025-03-22T09:05:32.358+0000] {dagbag.py:588} INFO - Filling up the DagBag from /home/airflow/.local/lib/python3.12/site-packages/airflow/example_dags/example_params_ui_tutorial.py
[2025-03-22T09:05:32.388+0000] {processor.py:925} INFO - DAG(s) 'example_params_ui_tutorial' retrieved from /home/airflow/.local/lib/python3.12/site-packages/airflow/example_dags/example_params_ui_tutorial.py
[2025-03-22T09:05:32.478+0000] {logging_mixin.py:190} INFO - [2025-03-22T09:05:32.478+0000] {dag.py:3239} INFO - Sync 1 DAGs
[2025-03-22T09:05:32.506+0000] {logging_mixin.py:190} INFO - [2025-03-22T09:05:32.505+0000] {dag.py:4180} INFO - Setting next_dagrun for example_params_ui_tutorial to None, run_after=None
[2025-03-22T09:05:32.543+0000] {processor.py:208} INFO - Processing /home/airflow/.local/lib/python3.12/site-packages/airflow/example_dags/example_params_ui_tutorial.py took 0.219 seconds
[2025-03-22T09:06:02.673+0000] {processor.py:186} INFO - Started process (PID=1122) to work on /home/airflow/.local/lib/python3.12/site-packages/airflow/example_dags/example_params_ui_tutorial.py
[2025-03-22T09:06:02.674+0000] {processor.py:914} INFO - Processing file /home/airflow/.local/lib/python3.12/site-packages/airflow/example_dags/example_params_ui_tutorial.py for tasks to queue
[2025-03-22T09:06:02.677+0000] {logging_mixin.py:190} INFO - [2025-03-22T09:06:02.677+0000] {dagbag.py:588} INFO - Filling up the DagBag from /home/airflow/.local/lib/python3.12/site-packages/airflow/example_dags/example_params_ui_tutorial.py
[2025-03-22T09:06:02.689+0000] {processor.py:925} INFO - DAG(s) 'example_params_ui_tutorial' retrieved from /home/airflow/.local/lib/python3.12/site-packages/airflow/example_dags/example_params_ui_tutorial.py
[2025-03-22T09:06:02.779+0000] {logging_mixin.py:190} INFO - [2025-03-22T09:06:02.778+0000] {dag.py:3239} INFO - Sync 1 DAGs
[2025-03-22T09:06:02.804+0000] {logging_mixin.py:190} INFO - [2025-03-22T09:06:02.803+0000] {dag.py:4180} INFO - Setting next_dagrun for example_params_ui_tutorial to None, run_after=None
[2025-03-22T09:06:02.838+0000] {processor.py:208} INFO - Processing /home/airflow/.local/lib/python3.12/site-packages/airflow/example_dags/example_params_ui_tutorial.py took 0.172 seconds
[2025-03-22T09:06:33.091+0000] {processor.py:186} INFO - Started process (PID=1185) to work on /home/airflow/.local/lib/python3.12/site-packages/airflow/example_dags/example_params_ui_tutorial.py
[2025-03-22T09:06:33.092+0000] {processor.py:914} INFO - Processing file /home/airflow/.local/lib/python3.12/site-packages/airflow/example_dags/example_params_ui_tutorial.py for tasks to queue
[2025-03-22T09:06:33.095+0000] {logging_mixin.py:190} INFO - [2025-03-22T09:06:33.095+0000] {dagbag.py:588} INFO - Filling up the DagBag from /home/airflow/.local/lib/python3.12/site-packages/airflow/example_dags/example_params_ui_tutorial.py
[2025-03-22T09:06:33.108+0000] {processor.py:925} INFO - DAG(s) 'example_params_ui_tutorial' retrieved from /home/airflow/.local/lib/python3.12/site-packages/airflow/example_dags/example_params_ui_tutorial.py
[2025-03-22T09:06:33.181+0000] {logging_mixin.py:190} INFO - [2025-03-22T09:06:33.181+0000] {dag.py:3239} INFO - Sync 1 DAGs
[2025-03-22T09:06:33.199+0000] {logging_mixin.py:190} INFO - [2025-03-22T09:06:33.198+0000] {dag.py:4180} INFO - Setting next_dagrun for example_params_ui_tutorial to None, run_after=None
[2025-03-22T09:06:33.220+0000] {processor.py:208} INFO - Processing /home/airflow/.local/lib/python3.12/site-packages/airflow/example_dags/example_params_ui_tutorial.py took 0.138 seconds
[2025-03-22T09:07:03.595+0000] {processor.py:186} INFO - Started process (PID=1248) to work on /home/airflow/.local/lib/python3.12/site-packages/airflow/example_dags/example_params_ui_tutorial.py
[2025-03-22T09:07:03.596+0000] {processor.py:914} INFO - Processing file /home/airflow/.local/lib/python3.12/site-packages/airflow/example_dags/example_params_ui_tutorial.py for tasks to queue
[2025-03-22T09:07:03.599+0000] {logging_mixin.py:190} INFO - [2025-03-22T09:07:03.599+0000] {dagbag.py:588} INFO - Filling up the DagBag from /home/airflow/.local/lib/python3.12/site-packages/airflow/example_dags/example_params_ui_tutorial.py
[2025-03-22T09:07:03.613+0000] {processor.py:925} INFO - DAG(s) 'example_params_ui_tutorial' retrieved from /home/airflow/.local/lib/python3.12/site-packages/airflow/example_dags/example_params_ui_tutorial.py
[2025-03-22T09:07:03.674+0000] {logging_mixin.py:190} INFO - [2025-03-22T09:07:03.673+0000] {dag.py:3239} INFO - Sync 1 DAGs
[2025-03-22T09:07:03.692+0000] {logging_mixin.py:190} INFO - [2025-03-22T09:07:03.692+0000] {dag.py:4180} INFO - Setting next_dagrun for example_params_ui_tutorial to None, run_after=None
[2025-03-22T09:07:03.715+0000] {processor.py:208} INFO - Processing /home/airflow/.local/lib/python3.12/site-packages/airflow/example_dags/example_params_ui_tutorial.py took 0.129 seconds
[2025-03-22T09:07:34.025+0000] {processor.py:186} INFO - Started process (PID=1311) to work on /home/airflow/.local/lib/python3.12/site-packages/airflow/example_dags/example_params_ui_tutorial.py
[2025-03-22T09:07:34.026+0000] {processor.py:914} INFO - Processing file /home/airflow/.local/lib/python3.12/site-packages/airflow/example_dags/example_params_ui_tutorial.py for tasks to queue
[2025-03-22T09:07:34.028+0000] {logging_mixin.py:190} INFO - [2025-03-22T09:07:34.028+0000] {dagbag.py:588} INFO - Filling up the DagBag from /home/airflow/.local/lib/python3.12/site-packages/airflow/example_dags/example_params_ui_tutorial.py
[2025-03-22T09:07:34.037+0000] {processor.py:925} INFO - DAG(s) 'example_params_ui_tutorial' retrieved from /home/airflow/.local/lib/python3.12/site-packages/airflow/example_dags/example_params_ui_tutorial.py
[2025-03-22T09:07:34.086+0000] {logging_mixin.py:190} INFO - [2025-03-22T09:07:34.085+0000] {dag.py:3239} INFO - Sync 1 DAGs
[2025-03-22T09:07:34.101+0000] {logging_mixin.py:190} INFO - [2025-03-22T09:07:34.101+0000] {dag.py:4180} INFO - Setting next_dagrun for example_params_ui_tutorial to None, run_after=None
[2025-03-22T09:07:34.120+0000] {processor.py:208} INFO - Processing /home/airflow/.local/lib/python3.12/site-packages/airflow/example_dags/example_params_ui_tutorial.py took 0.100 seconds
[2025-03-22T09:08:04.317+0000] {processor.py:186} INFO - Started process (PID=1374) to work on /home/airflow/.local/lib/python3.12/site-packages/airflow/example_dags/example_params_ui_tutorial.py
[2025-03-22T09:08:04.319+0000] {processor.py:914} INFO - Processing file /home/airflow/.local/lib/python3.12/site-packages/airflow/example_dags/example_params_ui_tutorial.py for tasks to queue
[2025-03-22T09:08:04.321+0000] {logging_mixin.py:190} INFO - [2025-03-22T09:08:04.321+0000] {dagbag.py:588} INFO - Filling up the DagBag from /home/airflow/.local/lib/python3.12/site-packages/airflow/example_dags/example_params_ui_tutorial.py
[2025-03-22T09:08:04.332+0000] {processor.py:925} INFO - DAG(s) 'example_params_ui_tutorial' retrieved from /home/airflow/.local/lib/python3.12/site-packages/airflow/example_dags/example_params_ui_tutorial.py
[2025-03-22T09:08:04.386+0000] {logging_mixin.py:190} INFO - [2025-03-22T09:08:04.386+0000] {dag.py:3239} INFO - Sync 1 DAGs
[2025-03-22T09:08:04.406+0000] {logging_mixin.py:190} INFO - [2025-03-22T09:08:04.405+0000] {dag.py:4180} INFO - Setting next_dagrun for example_params_ui_tutorial to None, run_after=None
[2025-03-22T09:08:04.428+0000] {processor.py:208} INFO - Processing /home/airflow/.local/lib/python3.12/site-packages/airflow/example_dags/example_params_ui_tutorial.py took 0.117 seconds
[2025-03-22T09:08:34.701+0000] {processor.py:186} INFO - Started process (PID=1437) to work on /home/airflow/.local/lib/python3.12/site-packages/airflow/example_dags/example_params_ui_tutorial.py
[2025-03-22T09:08:34.702+0000] {processor.py:914} INFO - Processing file /home/airflow/.local/lib/python3.12/site-packages/airflow/example_dags/example_params_ui_tutorial.py for tasks to queue
[2025-03-22T09:08:34.705+0000] {logging_mixin.py:190} INFO - [2025-03-22T09:08:34.704+0000] {dagbag.py:588} INFO - Filling up the DagBag from /home/airflow/.local/lib/python3.12/site-packages/airflow/example_dags/example_params_ui_tutorial.py
[2025-03-22T09:08:34.714+0000] {processor.py:925} INFO - DAG(s) 'example_params_ui_tutorial' retrieved from /home/airflow/.local/lib/python3.12/site-packages/airflow/example_dags/example_params_ui_tutorial.py
[2025-03-22T09:08:34.763+0000] {logging_mixin.py:190} INFO - [2025-03-22T09:08:34.763+0000] {dag.py:3239} INFO - Sync 1 DAGs
[2025-03-22T09:08:34.777+0000] {logging_mixin.py:190} INFO - [2025-03-22T09:08:34.777+0000] {dag.py:4180} INFO - Setting next_dagrun for example_params_ui_tutorial to None, run_after=None
[2025-03-22T09:08:34.795+0000] {processor.py:208} INFO - Processing /home/airflow/.local/lib/python3.12/site-packages/airflow/example_dags/example_params_ui_tutorial.py took 0.101 seconds
[2025-03-22T09:09:05.647+0000] {processor.py:186} INFO - Started process (PID=1500) to work on /home/airflow/.local/lib/python3.12/site-packages/airflow/example_dags/example_params_ui_tutorial.py
[2025-03-22T09:09:05.648+0000] {processor.py:914} INFO - Processing file /home/airflow/.local/lib/python3.12/site-packages/airflow/example_dags/example_params_ui_tutorial.py for tasks to queue
[2025-03-22T09:09:05.650+0000] {logging_mixin.py:190} INFO - [2025-03-22T09:09:05.650+0000] {dagbag.py:588} INFO - Filling up the DagBag from /home/airflow/.local/lib/python3.12/site-packages/airflow/example_dags/example_params_ui_tutorial.py
[2025-03-22T09:09:05.659+0000] {processor.py:925} INFO - DAG(s) 'example_params_ui_tutorial' retrieved from /home/airflow/.local/lib/python3.12/site-packages/airflow/example_dags/example_params_ui_tutorial.py
[2025-03-22T09:09:05.706+0000] {logging_mixin.py:190} INFO - [2025-03-22T09:09:05.706+0000] {dag.py:3239} INFO - Sync 1 DAGs
[2025-03-22T09:09:05.721+0000] {logging_mixin.py:190} INFO - [2025-03-22T09:09:05.721+0000] {dag.py:4180} INFO - Setting next_dagrun for example_params_ui_tutorial to None, run_after=None
[2025-03-22T09:09:05.741+0000] {processor.py:208} INFO - Processing /home/airflow/.local/lib/python3.12/site-packages/airflow/example_dags/example_params_ui_tutorial.py took 0.099 seconds
[2025-03-22T09:09:36.009+0000] {processor.py:186} INFO - Started process (PID=1563) to work on /home/airflow/.local/lib/python3.12/site-packages/airflow/example_dags/example_params_ui_tutorial.py
[2025-03-22T09:09:36.010+0000] {processor.py:914} INFO - Processing file /home/airflow/.local/lib/python3.12/site-packages/airflow/example_dags/example_params_ui_tutorial.py for tasks to queue
[2025-03-22T09:09:36.013+0000] {logging_mixin.py:190} INFO - [2025-03-22T09:09:36.012+0000] {dagbag.py:588} INFO - Filling up the DagBag from /home/airflow/.local/lib/python3.12/site-packages/airflow/example_dags/example_params_ui_tutorial.py
[2025-03-22T09:09:36.022+0000] {processor.py:925} INFO - DAG(s) 'example_params_ui_tutorial' retrieved from /home/airflow/.local/lib/python3.12/site-packages/airflow/example_dags/example_params_ui_tutorial.py
[2025-03-22T09:09:36.081+0000] {logging_mixin.py:190} INFO - [2025-03-22T09:09:36.081+0000] {dag.py:3239} INFO - Sync 1 DAGs
[2025-03-22T09:09:36.097+0000] {logging_mixin.py:190} INFO - [2025-03-22T09:09:36.097+0000] {dag.py:4180} INFO - Setting next_dagrun for example_params_ui_tutorial to None, run_after=None
[2025-03-22T09:09:36.117+0000] {processor.py:208} INFO - Processing /home/airflow/.local/lib/python3.12/site-packages/airflow/example_dags/example_params_ui_tutorial.py took 0.114 seconds
[2025-03-22T09:10:06.179+0000] {processor.py:186} INFO - Started process (PID=1626) to work on /home/airflow/.local/lib/python3.12/site-packages/airflow/example_dags/example_params_ui_tutorial.py
[2025-03-22T09:10:06.180+0000] {processor.py:914} INFO - Processing file /home/airflow/.local/lib/python3.12/site-packages/airflow/example_dags/example_params_ui_tutorial.py for tasks to queue
[2025-03-22T09:10:06.182+0000] {logging_mixin.py:190} INFO - [2025-03-22T09:10:06.181+0000] {dagbag.py:588} INFO - Filling up the DagBag from /home/airflow/.local/lib/python3.12/site-packages/airflow/example_dags/example_params_ui_tutorial.py
[2025-03-22T09:10:06.193+0000] {processor.py:925} INFO - DAG(s) 'example_params_ui_tutorial' retrieved from /home/airflow/.local/lib/python3.12/site-packages/airflow/example_dags/example_params_ui_tutorial.py
[2025-03-22T09:10:06.249+0000] {logging_mixin.py:190} INFO - [2025-03-22T09:10:06.248+0000] {dag.py:3239} INFO - Sync 1 DAGs
[2025-03-22T09:10:06.265+0000] {logging_mixin.py:190} INFO - [2025-03-22T09:10:06.265+0000] {dag.py:4180} INFO - Setting next_dagrun for example_params_ui_tutorial to None, run_after=None
[2025-03-22T09:10:06.286+0000] {processor.py:208} INFO - Processing /home/airflow/.local/lib/python3.12/site-packages/airflow/example_dags/example_params_ui_tutorial.py took 0.114 seconds
[2025-03-22T09:10:37.024+0000] {processor.py:186} INFO - Started process (PID=1689) to work on /home/airflow/.local/lib/python3.12/site-packages/airflow/example_dags/example_params_ui_tutorial.py
[2025-03-22T09:10:37.025+0000] {processor.py:914} INFO - Processing file /home/airflow/.local/lib/python3.12/site-packages/airflow/example_dags/example_params_ui_tutorial.py for tasks to queue
[2025-03-22T09:10:37.027+0000] {logging_mixin.py:190} INFO - [2025-03-22T09:10:37.027+0000] {dagbag.py:588} INFO - Filling up the DagBag from /home/airflow/.local/lib/python3.12/site-packages/airflow/example_dags/example_params_ui_tutorial.py
[2025-03-22T09:10:37.039+0000] {processor.py:925} INFO - DAG(s) 'example_params_ui_tutorial' retrieved from /home/airflow/.local/lib/python3.12/site-packages/airflow/example_dags/example_params_ui_tutorial.py
[2025-03-22T09:10:37.092+0000] {logging_mixin.py:190} INFO - [2025-03-22T09:10:37.091+0000] {dag.py:3239} INFO - Sync 1 DAGs
[2025-03-22T09:10:37.109+0000] {logging_mixin.py:190} INFO - [2025-03-22T09:10:37.109+0000] {dag.py:4180} INFO - Setting next_dagrun for example_params_ui_tutorial to None, run_after=None
[2025-03-22T09:10:37.127+0000] {processor.py:208} INFO - Processing /home/airflow/.local/lib/python3.12/site-packages/airflow/example_dags/example_params_ui_tutorial.py took 0.111 seconds
[2025-03-22T09:11:07.438+0000] {processor.py:186} INFO - Started process (PID=1752) to work on /home/airflow/.local/lib/python3.12/site-packages/airflow/example_dags/example_params_ui_tutorial.py
[2025-03-22T09:11:07.439+0000] {processor.py:914} INFO - Processing file /home/airflow/.local/lib/python3.12/site-packages/airflow/example_dags/example_params_ui_tutorial.py for tasks to queue
[2025-03-22T09:11:07.441+0000] {logging_mixin.py:190} INFO - [2025-03-22T09:11:07.441+0000] {dagbag.py:588} INFO - Filling up the DagBag from /home/airflow/.local/lib/python3.12/site-packages/airflow/example_dags/example_params_ui_tutorial.py
[2025-03-22T09:11:07.449+0000] {processor.py:925} INFO - DAG(s) 'example_params_ui_tutorial' retrieved from /home/airflow/.local/lib/python3.12/site-packages/airflow/example_dags/example_params_ui_tutorial.py
[2025-03-22T09:11:07.497+0000] {logging_mixin.py:190} INFO - [2025-03-22T09:11:07.497+0000] {dag.py:3239} INFO - Sync 1 DAGs
[2025-03-22T09:11:07.511+0000] {logging_mixin.py:190} INFO - [2025-03-22T09:11:07.511+0000] {dag.py:4180} INFO - Setting next_dagrun for example_params_ui_tutorial to None, run_after=None
[2025-03-22T09:11:07.531+0000] {processor.py:208} INFO - Processing /home/airflow/.local/lib/python3.12/site-packages/airflow/example_dags/example_params_ui_tutorial.py took 0.099 seconds
[2025-03-22T09:11:37.896+0000] {processor.py:186} INFO - Started process (PID=1815) to work on /home/airflow/.local/lib/python3.12/site-packages/airflow/example_dags/example_params_ui_tutorial.py
[2025-03-22T09:11:37.897+0000] {processor.py:914} INFO - Processing file /home/airflow/.local/lib/python3.12/site-packages/airflow/example_dags/example_params_ui_tutorial.py for tasks to queue
[2025-03-22T09:11:37.899+0000] {logging_mixin.py:190} INFO - [2025-03-22T09:11:37.899+0000] {dagbag.py:588} INFO - Filling up the DagBag from /home/airflow/.local/lib/python3.12/site-packages/airflow/example_dags/example_params_ui_tutorial.py
[2025-03-22T09:11:37.908+0000] {processor.py:925} INFO - DAG(s) 'example_params_ui_tutorial' retrieved from /home/airflow/.local/lib/python3.12/site-packages/airflow/example_dags/example_params_ui_tutorial.py
[2025-03-22T09:11:37.957+0000] {logging_mixin.py:190} INFO - [2025-03-22T09:11:37.956+0000] {dag.py:3239} INFO - Sync 1 DAGs
[2025-03-22T09:11:37.974+0000] {logging_mixin.py:190} INFO - [2025-03-22T09:11:37.973+0000] {dag.py:4180} INFO - Setting next_dagrun for example_params_ui_tutorial to None, run_after=None
[2025-03-22T09:11:37.997+0000] {processor.py:208} INFO - Processing /home/airflow/.local/lib/python3.12/site-packages/airflow/example_dags/example_params_ui_tutorial.py took 0.107 seconds
[2025-03-22T09:12:08.224+0000] {processor.py:186} INFO - Started process (PID=1878) to work on /home/airflow/.local/lib/python3.12/site-packages/airflow/example_dags/example_params_ui_tutorial.py
[2025-03-22T09:12:08.225+0000] {processor.py:914} INFO - Processing file /home/airflow/.local/lib/python3.12/site-packages/airflow/example_dags/example_params_ui_tutorial.py for tasks to queue
[2025-03-22T09:12:08.227+0000] {logging_mixin.py:190} INFO - [2025-03-22T09:12:08.227+0000] {dagbag.py:588} INFO - Filling up the DagBag from /home/airflow/.local/lib/python3.12/site-packages/airflow/example_dags/example_params_ui_tutorial.py
[2025-03-22T09:12:08.235+0000] {processor.py:925} INFO - DAG(s) 'example_params_ui_tutorial' retrieved from /home/airflow/.local/lib/python3.12/site-packages/airflow/example_dags/example_params_ui_tutorial.py
[2025-03-22T09:12:08.283+0000] {logging_mixin.py:190} INFO - [2025-03-22T09:12:08.282+0000] {dag.py:3239} INFO - Sync 1 DAGs
[2025-03-22T09:12:08.298+0000] {logging_mixin.py:190} INFO - [2025-03-22T09:12:08.298+0000] {dag.py:4180} INFO - Setting next_dagrun for example_params_ui_tutorial to None, run_after=None
[2025-03-22T09:12:08.321+0000] {processor.py:208} INFO - Processing /home/airflow/.local/lib/python3.12/site-packages/airflow/example_dags/example_params_ui_tutorial.py took 0.102 seconds
[2025-03-22T09:12:39.190+0000] {processor.py:186} INFO - Started process (PID=1941) to work on /home/airflow/.local/lib/python3.12/site-packages/airflow/example_dags/example_params_ui_tutorial.py
[2025-03-22T09:12:39.191+0000] {processor.py:914} INFO - Processing file /home/airflow/.local/lib/python3.12/site-packages/airflow/example_dags/example_params_ui_tutorial.py for tasks to queue
[2025-03-22T09:12:39.194+0000] {logging_mixin.py:190} INFO - [2025-03-22T09:12:39.194+0000] {dagbag.py:588} INFO - Filling up the DagBag from /home/airflow/.local/lib/python3.12/site-packages/airflow/example_dags/example_params_ui_tutorial.py
[2025-03-22T09:12:39.205+0000] {processor.py:925} INFO - DAG(s) 'example_params_ui_tutorial' retrieved from /home/airflow/.local/lib/python3.12/site-packages/airflow/example_dags/example_params_ui_tutorial.py
[2025-03-22T09:12:39.257+0000] {logging_mixin.py:190} INFO - [2025-03-22T09:12:39.257+0000] {dag.py:3239} INFO - Sync 1 DAGs
[2025-03-22T09:12:39.271+0000] {logging_mixin.py:190} INFO - [2025-03-22T09:12:39.271+0000] {dag.py:4180} INFO - Setting next_dagrun for example_params_ui_tutorial to None, run_after=None
[2025-03-22T09:12:39.289+0000] {processor.py:208} INFO - Processing /home/airflow/.local/lib/python3.12/site-packages/airflow/example_dags/example_params_ui_tutorial.py took 0.106 seconds
[2025-03-22T09:13:09.823+0000] {processor.py:186} INFO - Started process (PID=2004) to work on /home/airflow/.local/lib/python3.12/site-packages/airflow/example_dags/example_params_ui_tutorial.py
[2025-03-22T09:13:09.824+0000] {processor.py:914} INFO - Processing file /home/airflow/.local/lib/python3.12/site-packages/airflow/example_dags/example_params_ui_tutorial.py for tasks to queue
[2025-03-22T09:13:09.826+0000] {logging_mixin.py:190} INFO - [2025-03-22T09:13:09.825+0000] {dagbag.py:588} INFO - Filling up the DagBag from /home/airflow/.local/lib/python3.12/site-packages/airflow/example_dags/example_params_ui_tutorial.py
[2025-03-22T09:13:09.834+0000] {processor.py:925} INFO - DAG(s) 'example_params_ui_tutorial' retrieved from /home/airflow/.local/lib/python3.12/site-packages/airflow/example_dags/example_params_ui_tutorial.py
[2025-03-22T09:13:09.898+0000] {logging_mixin.py:190} INFO - [2025-03-22T09:13:09.898+0000] {dag.py:3239} INFO - Sync 1 DAGs
[2025-03-22T09:13:09.920+0000] {logging_mixin.py:190} INFO - [2025-03-22T09:13:09.919+0000] {dag.py:4180} INFO - Setting next_dagrun for example_params_ui_tutorial to None, run_after=None
[2025-03-22T09:13:09.942+0000] {processor.py:208} INFO - Processing /home/airflow/.local/lib/python3.12/site-packages/airflow/example_dags/example_params_ui_tutorial.py took 0.125 seconds
[2025-03-22T09:13:40.475+0000] {processor.py:186} INFO - Started process (PID=2067) to work on /home/airflow/.local/lib/python3.12/site-packages/airflow/example_dags/example_params_ui_tutorial.py
[2025-03-22T09:13:40.475+0000] {processor.py:914} INFO - Processing file /home/airflow/.local/lib/python3.12/site-packages/airflow/example_dags/example_params_ui_tutorial.py for tasks to queue
[2025-03-22T09:13:40.477+0000] {logging_mixin.py:190} INFO - [2025-03-22T09:13:40.477+0000] {dagbag.py:588} INFO - Filling up the DagBag from /home/airflow/.local/lib/python3.12/site-packages/airflow/example_dags/example_params_ui_tutorial.py
[2025-03-22T09:13:40.486+0000] {processor.py:925} INFO - DAG(s) 'example_params_ui_tutorial' retrieved from /home/airflow/.local/lib/python3.12/site-packages/airflow/example_dags/example_params_ui_tutorial.py
[2025-03-22T09:13:40.530+0000] {logging_mixin.py:190} INFO - [2025-03-22T09:13:40.530+0000] {dag.py:3239} INFO - Sync 1 DAGs
[2025-03-22T09:13:40.546+0000] {logging_mixin.py:190} INFO - [2025-03-22T09:13:40.545+0000] {dag.py:4180} INFO - Setting next_dagrun for example_params_ui_tutorial to None, run_after=None
[2025-03-22T09:13:40.565+0000] {processor.py:208} INFO - Processing /home/airflow/.local/lib/python3.12/site-packages/airflow/example_dags/example_params_ui_tutorial.py took 0.095 seconds
[2025-03-22T09:14:10.895+0000] {processor.py:186} INFO - Started process (PID=2130) to work on /home/airflow/.local/lib/python3.12/site-packages/airflow/example_dags/example_params_ui_tutorial.py
[2025-03-22T09:14:10.896+0000] {processor.py:914} INFO - Processing file /home/airflow/.local/lib/python3.12/site-packages/airflow/example_dags/example_params_ui_tutorial.py for tasks to queue
[2025-03-22T09:14:10.898+0000] {logging_mixin.py:190} INFO - [2025-03-22T09:14:10.898+0000] {dagbag.py:588} INFO - Filling up the DagBag from /home/airflow/.local/lib/python3.12/site-packages/airflow/example_dags/example_params_ui_tutorial.py
[2025-03-22T09:14:10.908+0000] {processor.py:925} INFO - DAG(s) 'example_params_ui_tutorial' retrieved from /home/airflow/.local/lib/python3.12/site-packages/airflow/example_dags/example_params_ui_tutorial.py
[2025-03-22T09:14:10.955+0000] {logging_mixin.py:190} INFO - [2025-03-22T09:14:10.955+0000] {dag.py:3239} INFO - Sync 1 DAGs
[2025-03-22T09:14:10.970+0000] {logging_mixin.py:190} INFO - [2025-03-22T09:14:10.969+0000] {dag.py:4180} INFO - Setting next_dagrun for example_params_ui_tutorial to None, run_after=None
[2025-03-22T09:14:10.992+0000] {processor.py:208} INFO - Processing /home/airflow/.local/lib/python3.12/site-packages/airflow/example_dags/example_params_ui_tutorial.py took 0.103 seconds
[2025-03-22T09:14:41.258+0000] {processor.py:186} INFO - Started process (PID=2193) to work on /home/airflow/.local/lib/python3.12/site-packages/airflow/example_dags/example_params_ui_tutorial.py
[2025-03-22T09:14:41.260+0000] {processor.py:914} INFO - Processing file /home/airflow/.local/lib/python3.12/site-packages/airflow/example_dags/example_params_ui_tutorial.py for tasks to queue
[2025-03-22T09:14:41.264+0000] {logging_mixin.py:190} INFO - [2025-03-22T09:14:41.263+0000] {dagbag.py:588} INFO - Filling up the DagBag from /home/airflow/.local/lib/python3.12/site-packages/airflow/example_dags/example_params_ui_tutorial.py
[2025-03-22T09:14:41.279+0000] {processor.py:925} INFO - DAG(s) 'example_params_ui_tutorial' retrieved from /home/airflow/.local/lib/python3.12/site-packages/airflow/example_dags/example_params_ui_tutorial.py
[2025-03-22T09:14:41.350+0000] {logging_mixin.py:190} INFO - [2025-03-22T09:14:41.349+0000] {dag.py:3239} INFO - Sync 1 DAGs
[2025-03-22T09:14:41.365+0000] {logging_mixin.py:190} INFO - [2025-03-22T09:14:41.365+0000] {dag.py:4180} INFO - Setting next_dagrun for example_params_ui_tutorial to None, run_after=None
[2025-03-22T09:14:41.384+0000] {processor.py:208} INFO - Processing /home/airflow/.local/lib/python3.12/site-packages/airflow/example_dags/example_params_ui_tutorial.py took 0.134 seconds
[2025-03-22T09:15:13.619+0000] {processor.py:186} INFO - Started process (PID=2256) to work on /home/airflow/.local/lib/python3.12/site-packages/airflow/example_dags/example_params_ui_tutorial.py
[2025-03-22T09:15:13.620+0000] {processor.py:914} INFO - Processing file /home/airflow/.local/lib/python3.12/site-packages/airflow/example_dags/example_params_ui_tutorial.py for tasks to queue
[2025-03-22T09:15:13.623+0000] {logging_mixin.py:190} INFO - [2025-03-22T09:15:13.622+0000] {dagbag.py:588} INFO - Filling up the DagBag from /home/airflow/.local/lib/python3.12/site-packages/airflow/example_dags/example_params_ui_tutorial.py
[2025-03-22T09:15:13.634+0000] {processor.py:925} INFO - DAG(s) 'example_params_ui_tutorial' retrieved from /home/airflow/.local/lib/python3.12/site-packages/airflow/example_dags/example_params_ui_tutorial.py
[2025-03-22T09:15:13.694+0000] {logging_mixin.py:190} INFO - [2025-03-22T09:15:13.694+0000] {dag.py:3239} INFO - Sync 1 DAGs
[2025-03-22T09:15:13.709+0000] {logging_mixin.py:190} INFO - [2025-03-22T09:15:13.709+0000] {dag.py:4180} INFO - Setting next_dagrun for example_params_ui_tutorial to None, run_after=None
[2025-03-22T09:15:13.726+0000] {processor.py:208} INFO - Processing /home/airflow/.local/lib/python3.12/site-packages/airflow/example_dags/example_params_ui_tutorial.py took 0.113 seconds
[2025-03-22T09:15:44.526+0000] {processor.py:186} INFO - Started process (PID=2318) to work on /home/airflow/.local/lib/python3.12/site-packages/airflow/example_dags/example_params_ui_tutorial.py
[2025-03-22T09:15:44.528+0000] {processor.py:914} INFO - Processing file /home/airflow/.local/lib/python3.12/site-packages/airflow/example_dags/example_params_ui_tutorial.py for tasks to queue
[2025-03-22T09:15:44.532+0000] {logging_mixin.py:190} INFO - [2025-03-22T09:15:44.532+0000] {dagbag.py:588} INFO - Filling up the DagBag from /home/airflow/.local/lib/python3.12/site-packages/airflow/example_dags/example_params_ui_tutorial.py
[2025-03-22T09:15:44.549+0000] {processor.py:925} INFO - DAG(s) 'example_params_ui_tutorial' retrieved from /home/airflow/.local/lib/python3.12/site-packages/airflow/example_dags/example_params_ui_tutorial.py
[2025-03-22T09:15:44.605+0000] {logging_mixin.py:190} INFO - [2025-03-22T09:15:44.604+0000] {dag.py:3239} INFO - Sync 1 DAGs
[2025-03-22T09:15:44.621+0000] {logging_mixin.py:190} INFO - [2025-03-22T09:15:44.621+0000] {dag.py:4180} INFO - Setting next_dagrun for example_params_ui_tutorial to None, run_after=None
[2025-03-22T09:15:44.653+0000] {processor.py:208} INFO - Processing /home/airflow/.local/lib/python3.12/site-packages/airflow/example_dags/example_params_ui_tutorial.py took 0.136 seconds
[2025-03-22T09:16:15.446+0000] {processor.py:186} INFO - Started process (PID=2381) to work on /home/airflow/.local/lib/python3.12/site-packages/airflow/example_dags/example_params_ui_tutorial.py
[2025-03-22T09:16:15.447+0000] {processor.py:914} INFO - Processing file /home/airflow/.local/lib/python3.12/site-packages/airflow/example_dags/example_params_ui_tutorial.py for tasks to queue
[2025-03-22T09:16:15.449+0000] {logging_mixin.py:190} INFO - [2025-03-22T09:16:15.449+0000] {dagbag.py:588} INFO - Filling up the DagBag from /home/airflow/.local/lib/python3.12/site-packages/airflow/example_dags/example_params_ui_tutorial.py
[2025-03-22T09:16:15.465+0000] {processor.py:925} INFO - DAG(s) 'example_params_ui_tutorial' retrieved from /home/airflow/.local/lib/python3.12/site-packages/airflow/example_dags/example_params_ui_tutorial.py
[2025-03-22T09:16:15.515+0000] {logging_mixin.py:190} INFO - [2025-03-22T09:16:15.515+0000] {dag.py:3239} INFO - Sync 1 DAGs
[2025-03-22T09:16:15.530+0000] {logging_mixin.py:190} INFO - [2025-03-22T09:16:15.530+0000] {dag.py:4180} INFO - Setting next_dagrun for example_params_ui_tutorial to None, run_after=None
[2025-03-22T09:16:15.552+0000] {processor.py:208} INFO - Processing /home/airflow/.local/lib/python3.12/site-packages/airflow/example_dags/example_params_ui_tutorial.py took 0.114 seconds
[2025-03-22T09:16:46.769+0000] {processor.py:186} INFO - Started process (PID=2444) to work on /home/airflow/.local/lib/python3.12/site-packages/airflow/example_dags/example_params_ui_tutorial.py
[2025-03-22T09:16:46.771+0000] {processor.py:914} INFO - Processing file /home/airflow/.local/lib/python3.12/site-packages/airflow/example_dags/example_params_ui_tutorial.py for tasks to queue
[2025-03-22T09:16:46.773+0000] {logging_mixin.py:190} INFO - [2025-03-22T09:16:46.773+0000] {dagbag.py:588} INFO - Filling up the DagBag from /home/airflow/.local/lib/python3.12/site-packages/airflow/example_dags/example_params_ui_tutorial.py
[2025-03-22T09:16:46.785+0000] {processor.py:925} INFO - DAG(s) 'example_params_ui_tutorial' retrieved from /home/airflow/.local/lib/python3.12/site-packages/airflow/example_dags/example_params_ui_tutorial.py
[2025-03-22T09:16:46.841+0000] {logging_mixin.py:190} INFO - [2025-03-22T09:16:46.841+0000] {dag.py:3239} INFO - Sync 1 DAGs
[2025-03-22T09:16:46.858+0000] {logging_mixin.py:190} INFO - [2025-03-22T09:16:46.858+0000] {dag.py:4180} INFO - Setting next_dagrun for example_params_ui_tutorial to None, run_after=None
[2025-03-22T09:16:46.882+0000] {processor.py:208} INFO - Processing /home/airflow/.local/lib/python3.12/site-packages/airflow/example_dags/example_params_ui_tutorial.py took 0.119 seconds
[2025-03-22T09:17:17.729+0000] {processor.py:186} INFO - Started process (PID=2507) to work on /home/airflow/.local/lib/python3.12/site-packages/airflow/example_dags/example_params_ui_tutorial.py
[2025-03-22T09:17:17.730+0000] {processor.py:914} INFO - Processing file /home/airflow/.local/lib/python3.12/site-packages/airflow/example_dags/example_params_ui_tutorial.py for tasks to queue
[2025-03-22T09:17:17.734+0000] {logging_mixin.py:190} INFO - [2025-03-22T09:17:17.733+0000] {dagbag.py:588} INFO - Filling up the DagBag from /home/airflow/.local/lib/python3.12/site-packages/airflow/example_dags/example_params_ui_tutorial.py
[2025-03-22T09:17:17.747+0000] {processor.py:925} INFO - DAG(s) 'example_params_ui_tutorial' retrieved from /home/airflow/.local/lib/python3.12/site-packages/airflow/example_dags/example_params_ui_tutorial.py
[2025-03-22T09:17:17.807+0000] {logging_mixin.py:190} INFO - [2025-03-22T09:17:17.807+0000] {dag.py:3239} INFO - Sync 1 DAGs
[2025-03-22T09:17:17.823+0000] {logging_mixin.py:190} INFO - [2025-03-22T09:17:17.823+0000] {dag.py:4180} INFO - Setting next_dagrun for example_params_ui_tutorial to None, run_after=None
[2025-03-22T09:17:17.844+0000] {processor.py:208} INFO - Processing /home/airflow/.local/lib/python3.12/site-packages/airflow/example_dags/example_params_ui_tutorial.py took 0.124 seconds
[2025-03-22T09:17:48.404+0000] {processor.py:186} INFO - Started process (PID=2571) to work on /home/airflow/.local/lib/python3.12/site-packages/airflow/example_dags/example_params_ui_tutorial.py
[2025-03-22T09:17:48.406+0000] {processor.py:914} INFO - Processing file /home/airflow/.local/lib/python3.12/site-packages/airflow/example_dags/example_params_ui_tutorial.py for tasks to queue
[2025-03-22T09:17:48.407+0000] {logging_mixin.py:190} INFO - [2025-03-22T09:17:48.407+0000] {dagbag.py:588} INFO - Filling up the DagBag from /home/airflow/.local/lib/python3.12/site-packages/airflow/example_dags/example_params_ui_tutorial.py
[2025-03-22T09:17:48.418+0000] {processor.py:925} INFO - DAG(s) 'example_params_ui_tutorial' retrieved from /home/airflow/.local/lib/python3.12/site-packages/airflow/example_dags/example_params_ui_tutorial.py
[2025-03-22T09:17:48.463+0000] {logging_mixin.py:190} INFO - [2025-03-22T09:17:48.463+0000] {dag.py:3239} INFO - Sync 1 DAGs
[2025-03-22T09:17:48.478+0000] {logging_mixin.py:190} INFO - [2025-03-22T09:17:48.478+0000] {dag.py:4180} INFO - Setting next_dagrun for example_params_ui_tutorial to None, run_after=None
[2025-03-22T09:17:48.496+0000] {processor.py:208} INFO - Processing /home/airflow/.local/lib/python3.12/site-packages/airflow/example_dags/example_params_ui_tutorial.py took 0.097 seconds
[2025-03-22T09:18:19.197+0000] {processor.py:186} INFO - Started process (PID=2636) to work on /home/airflow/.local/lib/python3.12/site-packages/airflow/example_dags/example_params_ui_tutorial.py
[2025-03-22T09:18:19.198+0000] {processor.py:914} INFO - Processing file /home/airflow/.local/lib/python3.12/site-packages/airflow/example_dags/example_params_ui_tutorial.py for tasks to queue
[2025-03-22T09:18:19.199+0000] {logging_mixin.py:190} INFO - [2025-03-22T09:18:19.199+0000] {dagbag.py:588} INFO - Filling up the DagBag from /home/airflow/.local/lib/python3.12/site-packages/airflow/example_dags/example_params_ui_tutorial.py
[2025-03-22T09:18:19.208+0000] {processor.py:925} INFO - DAG(s) 'example_params_ui_tutorial' retrieved from /home/airflow/.local/lib/python3.12/site-packages/airflow/example_dags/example_params_ui_tutorial.py
[2025-03-22T09:18:19.252+0000] {logging_mixin.py:190} INFO - [2025-03-22T09:18:19.251+0000] {dag.py:3239} INFO - Sync 1 DAGs
[2025-03-22T09:18:19.268+0000] {logging_mixin.py:190} INFO - [2025-03-22T09:18:19.268+0000] {dag.py:4180} INFO - Setting next_dagrun for example_params_ui_tutorial to None, run_after=None
[2025-03-22T09:18:19.287+0000] {processor.py:208} INFO - Processing /home/airflow/.local/lib/python3.12/site-packages/airflow/example_dags/example_params_ui_tutorial.py took 0.095 seconds
[2025-03-22T09:18:49.886+0000] {processor.py:186} INFO - Started process (PID=2698) to work on /home/airflow/.local/lib/python3.12/site-packages/airflow/example_dags/example_params_ui_tutorial.py
[2025-03-22T09:18:49.887+0000] {processor.py:914} INFO - Processing file /home/airflow/.local/lib/python3.12/site-packages/airflow/example_dags/example_params_ui_tutorial.py for tasks to queue
[2025-03-22T09:18:49.888+0000] {logging_mixin.py:190} INFO - [2025-03-22T09:18:49.888+0000] {dagbag.py:588} INFO - Filling up the DagBag from /home/airflow/.local/lib/python3.12/site-packages/airflow/example_dags/example_params_ui_tutorial.py
[2025-03-22T09:18:49.896+0000] {processor.py:925} INFO - DAG(s) 'example_params_ui_tutorial' retrieved from /home/airflow/.local/lib/python3.12/site-packages/airflow/example_dags/example_params_ui_tutorial.py
[2025-03-22T09:18:49.939+0000] {logging_mixin.py:190} INFO - [2025-03-22T09:18:49.938+0000] {dag.py:3239} INFO - Sync 1 DAGs
[2025-03-22T09:18:49.956+0000] {logging_mixin.py:190} INFO - [2025-03-22T09:18:49.955+0000] {dag.py:4180} INFO - Setting next_dagrun for example_params_ui_tutorial to None, run_after=None
[2025-03-22T09:18:49.975+0000] {processor.py:208} INFO - Processing /home/airflow/.local/lib/python3.12/site-packages/airflow/example_dags/example_params_ui_tutorial.py took 0.094 seconds
[2025-03-22T09:19:20.206+0000] {processor.py:186} INFO - Started process (PID=2763) to work on /home/airflow/.local/lib/python3.12/site-packages/airflow/example_dags/example_params_ui_tutorial.py
[2025-03-22T09:19:20.208+0000] {processor.py:914} INFO - Processing file /home/airflow/.local/lib/python3.12/site-packages/airflow/example_dags/example_params_ui_tutorial.py for tasks to queue
[2025-03-22T09:19:20.209+0000] {logging_mixin.py:190} INFO - [2025-03-22T09:19:20.209+0000] {dagbag.py:588} INFO - Filling up the DagBag from /home/airflow/.local/lib/python3.12/site-packages/airflow/example_dags/example_params_ui_tutorial.py
[2025-03-22T09:19:20.220+0000] {processor.py:925} INFO - DAG(s) 'example_params_ui_tutorial' retrieved from /home/airflow/.local/lib/python3.12/site-packages/airflow/example_dags/example_params_ui_tutorial.py
[2025-03-22T09:19:20.390+0000] {logging_mixin.py:190} INFO - [2025-03-22T09:19:20.389+0000] {dag.py:3239} INFO - Sync 1 DAGs
[2025-03-22T09:19:20.422+0000] {logging_mixin.py:190} INFO - [2025-03-22T09:19:20.422+0000] {dag.py:4180} INFO - Setting next_dagrun for example_params_ui_tutorial to None, run_after=None
[2025-03-22T09:19:20.458+0000] {processor.py:208} INFO - Processing /home/airflow/.local/lib/python3.12/site-packages/airflow/example_dags/example_params_ui_tutorial.py took 0.258 seconds
[2025-03-22T09:19:51.477+0000] {processor.py:186} INFO - Started process (PID=2833) to work on /home/airflow/.local/lib/python3.12/site-packages/airflow/example_dags/example_params_ui_tutorial.py
[2025-03-22T09:19:51.478+0000] {processor.py:914} INFO - Processing file /home/airflow/.local/lib/python3.12/site-packages/airflow/example_dags/example_params_ui_tutorial.py for tasks to queue
[2025-03-22T09:19:51.489+0000] {logging_mixin.py:190} INFO - [2025-03-22T09:19:51.488+0000] {dagbag.py:588} INFO - Filling up the DagBag from /home/airflow/.local/lib/python3.12/site-packages/airflow/example_dags/example_params_ui_tutorial.py
[2025-03-22T09:19:51.511+0000] {processor.py:925} INFO - DAG(s) 'example_params_ui_tutorial' retrieved from /home/airflow/.local/lib/python3.12/site-packages/airflow/example_dags/example_params_ui_tutorial.py
[2025-03-22T09:19:51.629+0000] {logging_mixin.py:190} INFO - [2025-03-22T09:19:51.628+0000] {dag.py:3239} INFO - Sync 1 DAGs
[2025-03-22T09:19:51.658+0000] {logging_mixin.py:190} INFO - [2025-03-22T09:19:51.658+0000] {dag.py:4180} INFO - Setting next_dagrun for example_params_ui_tutorial to None, run_after=None
[2025-03-22T09:19:51.686+0000] {processor.py:208} INFO - Processing /home/airflow/.local/lib/python3.12/site-packages/airflow/example_dags/example_params_ui_tutorial.py took 0.216 seconds
[2025-03-22T09:20:21.919+0000] {processor.py:186} INFO - Started process (PID=2897) to work on /home/airflow/.local/lib/python3.12/site-packages/airflow/example_dags/example_params_ui_tutorial.py
[2025-03-22T09:20:21.920+0000] {processor.py:914} INFO - Processing file /home/airflow/.local/lib/python3.12/site-packages/airflow/example_dags/example_params_ui_tutorial.py for tasks to queue
[2025-03-22T09:20:21.922+0000] {logging_mixin.py:190} INFO - [2025-03-22T09:20:21.921+0000] {dagbag.py:588} INFO - Filling up the DagBag from /home/airflow/.local/lib/python3.12/site-packages/airflow/example_dags/example_params_ui_tutorial.py
[2025-03-22T09:20:21.932+0000] {processor.py:925} INFO - DAG(s) 'example_params_ui_tutorial' retrieved from /home/airflow/.local/lib/python3.12/site-packages/airflow/example_dags/example_params_ui_tutorial.py
[2025-03-22T09:20:21.992+0000] {logging_mixin.py:190} INFO - [2025-03-22T09:20:21.992+0000] {dag.py:3239} INFO - Sync 1 DAGs
[2025-03-22T09:20:22.008+0000] {logging_mixin.py:190} INFO - [2025-03-22T09:20:22.008+0000] {dag.py:4180} INFO - Setting next_dagrun for example_params_ui_tutorial to None, run_after=None
[2025-03-22T09:20:22.032+0000] {processor.py:208} INFO - Processing /home/airflow/.local/lib/python3.12/site-packages/airflow/example_dags/example_params_ui_tutorial.py took 0.120 seconds
[2025-03-22T09:20:52.126+0000] {processor.py:186} INFO - Started process (PID=2961) to work on /home/airflow/.local/lib/python3.12/site-packages/airflow/example_dags/example_params_ui_tutorial.py
[2025-03-22T09:20:52.127+0000] {processor.py:914} INFO - Processing file /home/airflow/.local/lib/python3.12/site-packages/airflow/example_dags/example_params_ui_tutorial.py for tasks to queue
[2025-03-22T09:20:52.128+0000] {logging_mixin.py:190} INFO - [2025-03-22T09:20:52.128+0000] {dagbag.py:588} INFO - Filling up the DagBag from /home/airflow/.local/lib/python3.12/site-packages/airflow/example_dags/example_params_ui_tutorial.py
[2025-03-22T09:20:52.138+0000] {processor.py:925} INFO - DAG(s) 'example_params_ui_tutorial' retrieved from /home/airflow/.local/lib/python3.12/site-packages/airflow/example_dags/example_params_ui_tutorial.py
[2025-03-22T09:20:52.192+0000] {logging_mixin.py:190} INFO - [2025-03-22T09:20:52.191+0000] {dag.py:3239} INFO - Sync 1 DAGs
[2025-03-22T09:20:52.208+0000] {logging_mixin.py:190} INFO - [2025-03-22T09:20:52.208+0000] {dag.py:4180} INFO - Setting next_dagrun for example_params_ui_tutorial to None, run_after=None
[2025-03-22T09:20:52.225+0000] {processor.py:208} INFO - Processing /home/airflow/.local/lib/python3.12/site-packages/airflow/example_dags/example_params_ui_tutorial.py took 0.106 seconds
[2025-03-22T09:21:22.845+0000] {processor.py:186} INFO - Started process (PID=3025) to work on /home/airflow/.local/lib/python3.12/site-packages/airflow/example_dags/example_params_ui_tutorial.py
[2025-03-22T09:21:22.846+0000] {processor.py:914} INFO - Processing file /home/airflow/.local/lib/python3.12/site-packages/airflow/example_dags/example_params_ui_tutorial.py for tasks to queue
[2025-03-22T09:21:22.847+0000] {logging_mixin.py:190} INFO - [2025-03-22T09:21:22.847+0000] {dagbag.py:588} INFO - Filling up the DagBag from /home/airflow/.local/lib/python3.12/site-packages/airflow/example_dags/example_params_ui_tutorial.py
[2025-03-22T09:21:22.859+0000] {processor.py:925} INFO - DAG(s) 'example_params_ui_tutorial' retrieved from /home/airflow/.local/lib/python3.12/site-packages/airflow/example_dags/example_params_ui_tutorial.py
[2025-03-22T09:21:22.919+0000] {logging_mixin.py:190} INFO - [2025-03-22T09:21:22.919+0000] {dag.py:3239} INFO - Sync 1 DAGs
[2025-03-22T09:21:22.946+0000] {logging_mixin.py:190} INFO - [2025-03-22T09:21:22.946+0000] {dag.py:4180} INFO - Setting next_dagrun for example_params_ui_tutorial to None, run_after=None
[2025-03-22T09:21:22.976+0000] {processor.py:208} INFO - Processing /home/airflow/.local/lib/python3.12/site-packages/airflow/example_dags/example_params_ui_tutorial.py took 0.137 seconds
[2025-03-22T09:21:53.310+0000] {processor.py:186} INFO - Started process (PID=3089) to work on /home/airflow/.local/lib/python3.12/site-packages/airflow/example_dags/example_params_ui_tutorial.py
[2025-03-22T09:21:53.312+0000] {processor.py:914} INFO - Processing file /home/airflow/.local/lib/python3.12/site-packages/airflow/example_dags/example_params_ui_tutorial.py for tasks to queue
[2025-03-22T09:21:53.314+0000] {logging_mixin.py:190} INFO - [2025-03-22T09:21:53.313+0000] {dagbag.py:588} INFO - Filling up the DagBag from /home/airflow/.local/lib/python3.12/site-packages/airflow/example_dags/example_params_ui_tutorial.py
[2025-03-22T09:21:53.329+0000] {processor.py:925} INFO - DAG(s) 'example_params_ui_tutorial' retrieved from /home/airflow/.local/lib/python3.12/site-packages/airflow/example_dags/example_params_ui_tutorial.py
[2025-03-22T09:21:53.408+0000] {logging_mixin.py:190} INFO - [2025-03-22T09:21:53.408+0000] {dag.py:3239} INFO - Sync 1 DAGs
[2025-03-22T09:21:53.428+0000] {logging_mixin.py:190} INFO - [2025-03-22T09:21:53.428+0000] {dag.py:4180} INFO - Setting next_dagrun for example_params_ui_tutorial to None, run_after=None
[2025-03-22T09:21:53.451+0000] {processor.py:208} INFO - Processing /home/airflow/.local/lib/python3.12/site-packages/airflow/example_dags/example_params_ui_tutorial.py took 0.149 seconds
[2025-03-22T09:22:24.394+0000] {processor.py:186} INFO - Started process (PID=3154) to work on /home/airflow/.local/lib/python3.12/site-packages/airflow/example_dags/example_params_ui_tutorial.py
[2025-03-22T09:22:24.396+0000] {processor.py:914} INFO - Processing file /home/airflow/.local/lib/python3.12/site-packages/airflow/example_dags/example_params_ui_tutorial.py for tasks to queue
[2025-03-22T09:22:24.399+0000] {logging_mixin.py:190} INFO - [2025-03-22T09:22:24.398+0000] {dagbag.py:588} INFO - Filling up the DagBag from /home/airflow/.local/lib/python3.12/site-packages/airflow/example_dags/example_params_ui_tutorial.py
[2025-03-22T09:22:24.415+0000] {processor.py:925} INFO - DAG(s) 'example_params_ui_tutorial' retrieved from /home/airflow/.local/lib/python3.12/site-packages/airflow/example_dags/example_params_ui_tutorial.py
[2025-03-22T09:22:24.488+0000] {logging_mixin.py:190} INFO - [2025-03-22T09:22:24.487+0000] {dag.py:3239} INFO - Sync 1 DAGs
[2025-03-22T09:22:24.509+0000] {logging_mixin.py:190} INFO - [2025-03-22T09:22:24.509+0000] {dag.py:4180} INFO - Setting next_dagrun for example_params_ui_tutorial to None, run_after=None
[2025-03-22T09:22:24.537+0000] {processor.py:208} INFO - Processing /home/airflow/.local/lib/python3.12/site-packages/airflow/example_dags/example_params_ui_tutorial.py took 0.152 seconds
[2025-03-22T09:22:54.742+0000] {processor.py:186} INFO - Started process (PID=3218) to work on /home/airflow/.local/lib/python3.12/site-packages/airflow/example_dags/example_params_ui_tutorial.py
[2025-03-22T09:22:54.743+0000] {processor.py:914} INFO - Processing file /home/airflow/.local/lib/python3.12/site-packages/airflow/example_dags/example_params_ui_tutorial.py for tasks to queue
[2025-03-22T09:22:54.744+0000] {logging_mixin.py:190} INFO - [2025-03-22T09:22:54.744+0000] {dagbag.py:588} INFO - Filling up the DagBag from /home/airflow/.local/lib/python3.12/site-packages/airflow/example_dags/example_params_ui_tutorial.py
[2025-03-22T09:22:54.755+0000] {processor.py:925} INFO - DAG(s) 'example_params_ui_tutorial' retrieved from /home/airflow/.local/lib/python3.12/site-packages/airflow/example_dags/example_params_ui_tutorial.py
[2025-03-22T09:22:54.806+0000] {logging_mixin.py:190} INFO - [2025-03-22T09:22:54.806+0000] {dag.py:3239} INFO - Sync 1 DAGs
[2025-03-22T09:22:54.823+0000] {logging_mixin.py:190} INFO - [2025-03-22T09:22:54.823+0000] {dag.py:4180} INFO - Setting next_dagrun for example_params_ui_tutorial to None, run_after=None
[2025-03-22T09:22:54.844+0000] {processor.py:208} INFO - Processing /home/airflow/.local/lib/python3.12/site-packages/airflow/example_dags/example_params_ui_tutorial.py took 0.107 seconds
[2025-03-22T09:23:25.761+0000] {processor.py:186} INFO - Started process (PID=3282) to work on /home/airflow/.local/lib/python3.12/site-packages/airflow/example_dags/example_params_ui_tutorial.py
[2025-03-22T09:23:25.762+0000] {processor.py:914} INFO - Processing file /home/airflow/.local/lib/python3.12/site-packages/airflow/example_dags/example_params_ui_tutorial.py for tasks to queue
[2025-03-22T09:23:25.763+0000] {logging_mixin.py:190} INFO - [2025-03-22T09:23:25.763+0000] {dagbag.py:588} INFO - Filling up the DagBag from /home/airflow/.local/lib/python3.12/site-packages/airflow/example_dags/example_params_ui_tutorial.py
[2025-03-22T09:23:25.771+0000] {processor.py:925} INFO - DAG(s) 'example_params_ui_tutorial' retrieved from /home/airflow/.local/lib/python3.12/site-packages/airflow/example_dags/example_params_ui_tutorial.py
[2025-03-22T09:23:25.818+0000] {logging_mixin.py:190} INFO - [2025-03-22T09:23:25.818+0000] {dag.py:3239} INFO - Sync 1 DAGs
[2025-03-22T09:23:25.833+0000] {logging_mixin.py:190} INFO - [2025-03-22T09:23:25.833+0000] {dag.py:4180} INFO - Setting next_dagrun for example_params_ui_tutorial to None, run_after=None
[2025-03-22T09:23:25.851+0000] {processor.py:208} INFO - Processing /home/airflow/.local/lib/python3.12/site-packages/airflow/example_dags/example_params_ui_tutorial.py took 0.096 seconds
[2025-03-22T09:23:56.822+0000] {processor.py:186} INFO - Started process (PID=3346) to work on /home/airflow/.local/lib/python3.12/site-packages/airflow/example_dags/example_params_ui_tutorial.py
[2025-03-22T09:23:56.823+0000] {processor.py:914} INFO - Processing file /home/airflow/.local/lib/python3.12/site-packages/airflow/example_dags/example_params_ui_tutorial.py for tasks to queue
[2025-03-22T09:23:56.824+0000] {logging_mixin.py:190} INFO - [2025-03-22T09:23:56.824+0000] {dagbag.py:588} INFO - Filling up the DagBag from /home/airflow/.local/lib/python3.12/site-packages/airflow/example_dags/example_params_ui_tutorial.py
[2025-03-22T09:23:56.833+0000] {processor.py:925} INFO - DAG(s) 'example_params_ui_tutorial' retrieved from /home/airflow/.local/lib/python3.12/site-packages/airflow/example_dags/example_params_ui_tutorial.py
[2025-03-22T09:23:56.880+0000] {logging_mixin.py:190} INFO - [2025-03-22T09:23:56.880+0000] {dag.py:3239} INFO - Sync 1 DAGs
[2025-03-22T09:23:56.898+0000] {logging_mixin.py:190} INFO - [2025-03-22T09:23:56.898+0000] {dag.py:4180} INFO - Setting next_dagrun for example_params_ui_tutorial to None, run_after=None
[2025-03-22T09:23:56.916+0000] {processor.py:208} INFO - Processing /home/airflow/.local/lib/python3.12/site-packages/airflow/example_dags/example_params_ui_tutorial.py took 0.099 seconds
[2025-03-22T09:24:27.629+0000] {processor.py:186} INFO - Started process (PID=3410) to work on /home/airflow/.local/lib/python3.12/site-packages/airflow/example_dags/example_params_ui_tutorial.py
[2025-03-22T09:24:27.630+0000] {processor.py:914} INFO - Processing file /home/airflow/.local/lib/python3.12/site-packages/airflow/example_dags/example_params_ui_tutorial.py for tasks to queue
[2025-03-22T09:24:27.631+0000] {logging_mixin.py:190} INFO - [2025-03-22T09:24:27.631+0000] {dagbag.py:588} INFO - Filling up the DagBag from /home/airflow/.local/lib/python3.12/site-packages/airflow/example_dags/example_params_ui_tutorial.py
[2025-03-22T09:24:27.639+0000] {processor.py:925} INFO - DAG(s) 'example_params_ui_tutorial' retrieved from /home/airflow/.local/lib/python3.12/site-packages/airflow/example_dags/example_params_ui_tutorial.py
[2025-03-22T09:24:27.682+0000] {logging_mixin.py:190} INFO - [2025-03-22T09:24:27.681+0000] {dag.py:3239} INFO - Sync 1 DAGs
[2025-03-22T09:24:27.695+0000] {logging_mixin.py:190} INFO - [2025-03-22T09:24:27.695+0000] {dag.py:4180} INFO - Setting next_dagrun for example_params_ui_tutorial to None, run_after=None
[2025-03-22T09:24:27.712+0000] {processor.py:208} INFO - Processing /home/airflow/.local/lib/python3.12/site-packages/airflow/example_dags/example_params_ui_tutorial.py took 0.088 seconds
[2025-03-22T09:24:58.101+0000] {processor.py:186} INFO - Started process (PID=3474) to work on /home/airflow/.local/lib/python3.12/site-packages/airflow/example_dags/example_params_ui_tutorial.py
[2025-03-22T09:24:58.102+0000] {processor.py:914} INFO - Processing file /home/airflow/.local/lib/python3.12/site-packages/airflow/example_dags/example_params_ui_tutorial.py for tasks to queue
[2025-03-22T09:24:58.103+0000] {logging_mixin.py:190} INFO - [2025-03-22T09:24:58.103+0000] {dagbag.py:588} INFO - Filling up the DagBag from /home/airflow/.local/lib/python3.12/site-packages/airflow/example_dags/example_params_ui_tutorial.py
[2025-03-22T09:24:58.111+0000] {processor.py:925} INFO - DAG(s) 'example_params_ui_tutorial' retrieved from /home/airflow/.local/lib/python3.12/site-packages/airflow/example_dags/example_params_ui_tutorial.py
[2025-03-22T09:24:58.164+0000] {logging_mixin.py:190} INFO - [2025-03-22T09:24:58.164+0000] {dag.py:3239} INFO - Sync 1 DAGs
[2025-03-22T09:24:58.179+0000] {logging_mixin.py:190} INFO - [2025-03-22T09:24:58.178+0000] {dag.py:4180} INFO - Setting next_dagrun for example_params_ui_tutorial to None, run_after=None
[2025-03-22T09:24:58.197+0000] {processor.py:208} INFO - Processing /home/airflow/.local/lib/python3.12/site-packages/airflow/example_dags/example_params_ui_tutorial.py took 0.101 seconds
[2025-03-22T09:25:28.957+0000] {processor.py:186} INFO - Started process (PID=3538) to work on /home/airflow/.local/lib/python3.12/site-packages/airflow/example_dags/example_params_ui_tutorial.py
[2025-03-22T09:25:28.958+0000] {processor.py:914} INFO - Processing file /home/airflow/.local/lib/python3.12/site-packages/airflow/example_dags/example_params_ui_tutorial.py for tasks to queue
[2025-03-22T09:25:28.960+0000] {logging_mixin.py:190} INFO - [2025-03-22T09:25:28.960+0000] {dagbag.py:588} INFO - Filling up the DagBag from /home/airflow/.local/lib/python3.12/site-packages/airflow/example_dags/example_params_ui_tutorial.py
[2025-03-22T09:25:28.969+0000] {processor.py:925} INFO - DAG(s) 'example_params_ui_tutorial' retrieved from /home/airflow/.local/lib/python3.12/site-packages/airflow/example_dags/example_params_ui_tutorial.py
[2025-03-22T09:25:29.024+0000] {logging_mixin.py:190} INFO - [2025-03-22T09:25:29.023+0000] {dag.py:3239} INFO - Sync 1 DAGs
[2025-03-22T09:25:29.042+0000] {logging_mixin.py:190} INFO - [2025-03-22T09:25:29.042+0000] {dag.py:4180} INFO - Setting next_dagrun for example_params_ui_tutorial to None, run_after=None
[2025-03-22T09:25:29.064+0000] {processor.py:208} INFO - Processing /home/airflow/.local/lib/python3.12/site-packages/airflow/example_dags/example_params_ui_tutorial.py took 0.113 seconds
[2025-03-22T09:25:59.167+0000] {processor.py:186} INFO - Started process (PID=3602) to work on /home/airflow/.local/lib/python3.12/site-packages/airflow/example_dags/example_params_ui_tutorial.py
[2025-03-22T09:25:59.170+0000] {processor.py:914} INFO - Processing file /home/airflow/.local/lib/python3.12/site-packages/airflow/example_dags/example_params_ui_tutorial.py for tasks to queue
[2025-03-22T09:25:59.173+0000] {logging_mixin.py:190} INFO - [2025-03-22T09:25:59.172+0000] {dagbag.py:588} INFO - Filling up the DagBag from /home/airflow/.local/lib/python3.12/site-packages/airflow/example_dags/example_params_ui_tutorial.py
[2025-03-22T09:25:59.185+0000] {processor.py:925} INFO - DAG(s) 'example_params_ui_tutorial' retrieved from /home/airflow/.local/lib/python3.12/site-packages/airflow/example_dags/example_params_ui_tutorial.py
[2025-03-22T09:25:59.254+0000] {logging_mixin.py:190} INFO - [2025-03-22T09:25:59.254+0000] {dag.py:3239} INFO - Sync 1 DAGs
[2025-03-22T09:25:59.281+0000] {logging_mixin.py:190} INFO - [2025-03-22T09:25:59.280+0000] {dag.py:4180} INFO - Setting next_dagrun for example_params_ui_tutorial to None, run_after=None
[2025-03-22T09:25:59.305+0000] {processor.py:208} INFO - Processing /home/airflow/.local/lib/python3.12/site-packages/airflow/example_dags/example_params_ui_tutorial.py took 0.145 seconds
[2025-03-22T09:26:30.275+0000] {processor.py:186} INFO - Started process (PID=3666) to work on /home/airflow/.local/lib/python3.12/site-packages/airflow/example_dags/example_params_ui_tutorial.py
[2025-03-22T09:26:30.276+0000] {processor.py:914} INFO - Processing file /home/airflow/.local/lib/python3.12/site-packages/airflow/example_dags/example_params_ui_tutorial.py for tasks to queue
[2025-03-22T09:26:30.277+0000] {logging_mixin.py:190} INFO - [2025-03-22T09:26:30.277+0000] {dagbag.py:588} INFO - Filling up the DagBag from /home/airflow/.local/lib/python3.12/site-packages/airflow/example_dags/example_params_ui_tutorial.py
[2025-03-22T09:26:30.286+0000] {processor.py:925} INFO - DAG(s) 'example_params_ui_tutorial' retrieved from /home/airflow/.local/lib/python3.12/site-packages/airflow/example_dags/example_params_ui_tutorial.py
[2025-03-22T09:26:30.341+0000] {logging_mixin.py:190} INFO - [2025-03-22T09:26:30.340+0000] {dag.py:3239} INFO - Sync 1 DAGs
[2025-03-22T09:26:30.360+0000] {logging_mixin.py:190} INFO - [2025-03-22T09:26:30.359+0000] {dag.py:4180} INFO - Setting next_dagrun for example_params_ui_tutorial to None, run_after=None
[2025-03-22T09:26:30.380+0000] {processor.py:208} INFO - Processing /home/airflow/.local/lib/python3.12/site-packages/airflow/example_dags/example_params_ui_tutorial.py took 0.110 seconds
[2025-03-22T09:27:00.836+0000] {processor.py:186} INFO - Started process (PID=3730) to work on /home/airflow/.local/lib/python3.12/site-packages/airflow/example_dags/example_params_ui_tutorial.py
[2025-03-22T09:27:00.837+0000] {processor.py:914} INFO - Processing file /home/airflow/.local/lib/python3.12/site-packages/airflow/example_dags/example_params_ui_tutorial.py for tasks to queue
[2025-03-22T09:27:00.838+0000] {logging_mixin.py:190} INFO - [2025-03-22T09:27:00.838+0000] {dagbag.py:588} INFO - Filling up the DagBag from /home/airflow/.local/lib/python3.12/site-packages/airflow/example_dags/example_params_ui_tutorial.py
[2025-03-22T09:27:00.851+0000] {processor.py:925} INFO - DAG(s) 'example_params_ui_tutorial' retrieved from /home/airflow/.local/lib/python3.12/site-packages/airflow/example_dags/example_params_ui_tutorial.py
[2025-03-22T09:27:00.899+0000] {logging_mixin.py:190} INFO - [2025-03-22T09:27:00.899+0000] {dag.py:3239} INFO - Sync 1 DAGs
[2025-03-22T09:27:00.916+0000] {logging_mixin.py:190} INFO - [2025-03-22T09:27:00.916+0000] {dag.py:4180} INFO - Setting next_dagrun for example_params_ui_tutorial to None, run_after=None
[2025-03-22T09:27:00.933+0000] {processor.py:208} INFO - Processing /home/airflow/.local/lib/python3.12/site-packages/airflow/example_dags/example_params_ui_tutorial.py took 0.103 seconds
[2025-03-22T09:27:31.217+0000] {processor.py:186} INFO - Started process (PID=3794) to work on /home/airflow/.local/lib/python3.12/site-packages/airflow/example_dags/example_params_ui_tutorial.py
[2025-03-22T09:27:31.218+0000] {processor.py:914} INFO - Processing file /home/airflow/.local/lib/python3.12/site-packages/airflow/example_dags/example_params_ui_tutorial.py for tasks to queue
[2025-03-22T09:27:31.219+0000] {logging_mixin.py:190} INFO - [2025-03-22T09:27:31.219+0000] {dagbag.py:588} INFO - Filling up the DagBag from /home/airflow/.local/lib/python3.12/site-packages/airflow/example_dags/example_params_ui_tutorial.py
[2025-03-22T09:27:31.230+0000] {processor.py:925} INFO - DAG(s) 'example_params_ui_tutorial' retrieved from /home/airflow/.local/lib/python3.12/site-packages/airflow/example_dags/example_params_ui_tutorial.py
[2025-03-22T09:27:31.281+0000] {logging_mixin.py:190} INFO - [2025-03-22T09:27:31.281+0000] {dag.py:3239} INFO - Sync 1 DAGs
[2025-03-22T09:27:31.297+0000] {logging_mixin.py:190} INFO - [2025-03-22T09:27:31.297+0000] {dag.py:4180} INFO - Setting next_dagrun for example_params_ui_tutorial to None, run_after=None
[2025-03-22T09:27:31.318+0000] {processor.py:208} INFO - Processing /home/airflow/.local/lib/python3.12/site-packages/airflow/example_dags/example_params_ui_tutorial.py took 0.107 seconds
[2025-03-22T09:28:02.349+0000] {processor.py:186} INFO - Started process (PID=3858) to work on /home/airflow/.local/lib/python3.12/site-packages/airflow/example_dags/example_params_ui_tutorial.py
[2025-03-22T09:28:02.350+0000] {processor.py:914} INFO - Processing file /home/airflow/.local/lib/python3.12/site-packages/airflow/example_dags/example_params_ui_tutorial.py for tasks to queue
[2025-03-22T09:28:02.352+0000] {logging_mixin.py:190} INFO - [2025-03-22T09:28:02.351+0000] {dagbag.py:588} INFO - Filling up the DagBag from /home/airflow/.local/lib/python3.12/site-packages/airflow/example_dags/example_params_ui_tutorial.py
[2025-03-22T09:28:02.364+0000] {processor.py:925} INFO - DAG(s) 'example_params_ui_tutorial' retrieved from /home/airflow/.local/lib/python3.12/site-packages/airflow/example_dags/example_params_ui_tutorial.py
[2025-03-22T09:28:02.434+0000] {logging_mixin.py:190} INFO - [2025-03-22T09:28:02.434+0000] {dag.py:3239} INFO - Sync 1 DAGs
[2025-03-22T09:28:02.459+0000] {logging_mixin.py:190} INFO - [2025-03-22T09:28:02.459+0000] {dag.py:4180} INFO - Setting next_dagrun for example_params_ui_tutorial to None, run_after=None
[2025-03-22T09:28:02.487+0000] {processor.py:208} INFO - Processing /home/airflow/.local/lib/python3.12/site-packages/airflow/example_dags/example_params_ui_tutorial.py took 0.145 seconds
