[2025-03-22T08:57:51.558+0000] {processor.py:186} INFO - Started process (PID=98) to work on /home/airflow/.local/lib/python3.12/site-packages/airflow/example_dags/tutorial.py
[2025-03-22T08:57:51.558+0000] {processor.py:914} INFO - Processing file /home/airflow/.local/lib/python3.12/site-packages/airflow/example_dags/tutorial.py for tasks to queue
[2025-03-22T08:57:51.562+0000] {logging_mixin.py:190} INFO - [2025-03-22T08:57:51.561+0000] {dagbag.py:588} INFO - Filling up the DagBag from /home/airflow/.local/lib/python3.12/site-packages/airflow/example_dags/tutorial.py
[2025-03-22T08:57:51.570+0000] {processor.py:925} INFO - DAG(s) 'tutorial' retrieved from /home/airflow/.local/lib/python3.12/site-packages/airflow/example_dags/tutorial.py
[2025-03-22T08:57:51.749+0000] {logging_mixin.py:190} INFO - [2025-03-22T08:57:51.748+0000] {override.py:1912} INFO - Created Permission View: can edit on DAG:tutorial
[2025-03-22T08:57:51.762+0000] {logging_mixin.py:190} INFO - [2025-03-22T08:57:51.761+0000] {override.py:1912} INFO - Created Permission View: can delete on DAG:tutorial
[2025-03-22T08:57:51.770+0000] {logging_mixin.py:190} INFO - [2025-03-22T08:57:51.769+0000] {override.py:1912} INFO - Created Permission View: can read on DAG:tutorial
[2025-03-22T08:57:51.779+0000] {logging_mixin.py:190} INFO - [2025-03-22T08:57:51.779+0000] {override.py:1912} INFO - Created Permission View: can delete on DAG Run:tutorial
[2025-03-22T08:57:51.788+0000] {logging_mixin.py:190} INFO - [2025-03-22T08:57:51.787+0000] {override.py:1912} INFO - Created Permission View: menu access on DAG Run:tutorial
[2025-03-22T08:57:51.798+0000] {logging_mixin.py:190} INFO - [2025-03-22T08:57:51.798+0000] {override.py:1912} INFO - Created Permission View: can create on DAG Run:tutorial
[2025-03-22T08:57:51.806+0000] {logging_mixin.py:190} INFO - [2025-03-22T08:57:51.806+0000] {override.py:1912} INFO - Created Permission View: can read on DAG Run:tutorial
[2025-03-22T08:57:51.808+0000] {logging_mixin.py:190} INFO - [2025-03-22T08:57:51.807+0000] {dag.py:3239} INFO - Sync 1 DAGs
[2025-03-22T08:57:51.822+0000] {logging_mixin.py:190} INFO - [2025-03-22T08:57:51.822+0000] {dag.py:3262} INFO - Creating ORM DAG for tutorial
[2025-03-22T08:57:51.834+0000] {logging_mixin.py:190} INFO - [2025-03-22T08:57:51.834+0000] {dag.py:4180} INFO - Setting next_dagrun for tutorial to 2025-03-21 00:00:00+00:00, run_after=2025-03-22 00:00:00+00:00
[2025-03-22T08:57:51.850+0000] {processor.py:208} INFO - Processing /home/airflow/.local/lib/python3.12/site-packages/airflow/example_dags/tutorial.py took 0.298 seconds
[2025-03-22T08:58:21.942+0000] {processor.py:186} INFO - Started process (PID=160) to work on /home/airflow/.local/lib/python3.12/site-packages/airflow/example_dags/tutorial.py
[2025-03-22T08:58:21.943+0000] {processor.py:914} INFO - Processing file /home/airflow/.local/lib/python3.12/site-packages/airflow/example_dags/tutorial.py for tasks to queue
[2025-03-22T08:58:21.946+0000] {logging_mixin.py:190} INFO - [2025-03-22T08:58:21.945+0000] {dagbag.py:588} INFO - Filling up the DagBag from /home/airflow/.local/lib/python3.12/site-packages/airflow/example_dags/tutorial.py
[2025-03-22T08:58:21.954+0000] {processor.py:925} INFO - DAG(s) 'tutorial' retrieved from /home/airflow/.local/lib/python3.12/site-packages/airflow/example_dags/tutorial.py
[2025-03-22T08:58:21.976+0000] {logging_mixin.py:190} INFO - [2025-03-22T08:58:21.976+0000] {dag.py:3239} INFO - Sync 1 DAGs
[2025-03-22T08:58:22.002+0000] {logging_mixin.py:190} INFO - [2025-03-22T08:58:22.001+0000] {dag.py:4180} INFO - Setting next_dagrun for tutorial to 2025-03-21 00:00:00+00:00, run_after=2025-03-22 00:00:00+00:00
[2025-03-22T08:58:22.025+0000] {processor.py:208} INFO - Processing /home/airflow/.local/lib/python3.12/site-packages/airflow/example_dags/tutorial.py took 0.090 seconds
[2025-03-22T08:58:52.397+0000] {processor.py:186} INFO - Started process (PID=223) to work on /home/airflow/.local/lib/python3.12/site-packages/airflow/example_dags/tutorial.py
[2025-03-22T08:58:52.398+0000] {processor.py:914} INFO - Processing file /home/airflow/.local/lib/python3.12/site-packages/airflow/example_dags/tutorial.py for tasks to queue
[2025-03-22T08:58:52.401+0000] {logging_mixin.py:190} INFO - [2025-03-22T08:58:52.401+0000] {dagbag.py:588} INFO - Filling up the DagBag from /home/airflow/.local/lib/python3.12/site-packages/airflow/example_dags/tutorial.py
[2025-03-22T08:58:52.409+0000] {processor.py:925} INFO - DAG(s) 'tutorial' retrieved from /home/airflow/.local/lib/python3.12/site-packages/airflow/example_dags/tutorial.py
[2025-03-22T08:58:52.435+0000] {logging_mixin.py:190} INFO - [2025-03-22T08:58:52.435+0000] {dag.py:3239} INFO - Sync 1 DAGs
[2025-03-22T08:58:52.468+0000] {logging_mixin.py:190} INFO - [2025-03-22T08:58:52.467+0000] {dag.py:4180} INFO - Setting next_dagrun for tutorial to 2025-03-21 00:00:00+00:00, run_after=2025-03-22 00:00:00+00:00
[2025-03-22T08:58:52.491+0000] {processor.py:208} INFO - Processing /home/airflow/.local/lib/python3.12/site-packages/airflow/example_dags/tutorial.py took 0.101 seconds
[2025-03-22T08:59:22.610+0000] {processor.py:186} INFO - Started process (PID=285) to work on /home/airflow/.local/lib/python3.12/site-packages/airflow/example_dags/tutorial.py
[2025-03-22T08:59:22.611+0000] {processor.py:914} INFO - Processing file /home/airflow/.local/lib/python3.12/site-packages/airflow/example_dags/tutorial.py for tasks to queue
[2025-03-22T08:59:22.613+0000] {logging_mixin.py:190} INFO - [2025-03-22T08:59:22.613+0000] {dagbag.py:588} INFO - Filling up the DagBag from /home/airflow/.local/lib/python3.12/site-packages/airflow/example_dags/tutorial.py
[2025-03-22T08:59:22.623+0000] {processor.py:925} INFO - DAG(s) 'tutorial' retrieved from /home/airflow/.local/lib/python3.12/site-packages/airflow/example_dags/tutorial.py
[2025-03-22T08:59:22.643+0000] {logging_mixin.py:190} INFO - [2025-03-22T08:59:22.643+0000] {dag.py:3239} INFO - Sync 1 DAGs
[2025-03-22T08:59:22.667+0000] {logging_mixin.py:190} INFO - [2025-03-22T08:59:22.667+0000] {dag.py:4180} INFO - Setting next_dagrun for tutorial to 2025-03-21 00:00:00+00:00, run_after=2025-03-22 00:00:00+00:00
[2025-03-22T08:59:22.697+0000] {processor.py:208} INFO - Processing /home/airflow/.local/lib/python3.12/site-packages/airflow/example_dags/tutorial.py took 0.093 seconds
[2025-03-22T08:59:53.016+0000] {processor.py:186} INFO - Started process (PID=348) to work on /home/airflow/.local/lib/python3.12/site-packages/airflow/example_dags/tutorial.py
[2025-03-22T08:59:53.017+0000] {processor.py:914} INFO - Processing file /home/airflow/.local/lib/python3.12/site-packages/airflow/example_dags/tutorial.py for tasks to queue
[2025-03-22T08:59:53.019+0000] {logging_mixin.py:190} INFO - [2025-03-22T08:59:53.019+0000] {dagbag.py:588} INFO - Filling up the DagBag from /home/airflow/.local/lib/python3.12/site-packages/airflow/example_dags/tutorial.py
[2025-03-22T08:59:53.029+0000] {processor.py:925} INFO - DAG(s) 'tutorial' retrieved from /home/airflow/.local/lib/python3.12/site-packages/airflow/example_dags/tutorial.py
[2025-03-22T08:59:53.048+0000] {logging_mixin.py:190} INFO - [2025-03-22T08:59:53.048+0000] {dag.py:3239} INFO - Sync 1 DAGs
[2025-03-22T08:59:53.073+0000] {logging_mixin.py:190} INFO - [2025-03-22T08:59:53.073+0000] {dag.py:4180} INFO - Setting next_dagrun for tutorial to 2025-03-21 00:00:00+00:00, run_after=2025-03-22 00:00:00+00:00
[2025-03-22T08:59:53.090+0000] {processor.py:208} INFO - Processing /home/airflow/.local/lib/python3.12/site-packages/airflow/example_dags/tutorial.py took 0.081 seconds
[2025-03-22T09:00:23.585+0000] {processor.py:186} INFO - Started process (PID=411) to work on /home/airflow/.local/lib/python3.12/site-packages/airflow/example_dags/tutorial.py
[2025-03-22T09:00:23.587+0000] {processor.py:914} INFO - Processing file /home/airflow/.local/lib/python3.12/site-packages/airflow/example_dags/tutorial.py for tasks to queue
[2025-03-22T09:00:23.590+0000] {logging_mixin.py:190} INFO - [2025-03-22T09:00:23.589+0000] {dagbag.py:588} INFO - Filling up the DagBag from /home/airflow/.local/lib/python3.12/site-packages/airflow/example_dags/tutorial.py
[2025-03-22T09:00:23.599+0000] {processor.py:925} INFO - DAG(s) 'tutorial' retrieved from /home/airflow/.local/lib/python3.12/site-packages/airflow/example_dags/tutorial.py
[2025-03-22T09:00:23.623+0000] {logging_mixin.py:190} INFO - [2025-03-22T09:00:23.623+0000] {dag.py:3239} INFO - Sync 1 DAGs
[2025-03-22T09:00:23.655+0000] {logging_mixin.py:190} INFO - [2025-03-22T09:00:23.655+0000] {dag.py:4180} INFO - Setting next_dagrun for tutorial to 2025-03-21 00:00:00+00:00, run_after=2025-03-22 00:00:00+00:00
[2025-03-22T09:00:23.677+0000] {processor.py:208} INFO - Processing /home/airflow/.local/lib/python3.12/site-packages/airflow/example_dags/tutorial.py took 0.098 seconds
[2025-03-22T09:00:54.080+0000] {processor.py:186} INFO - Started process (PID=475) to work on /home/airflow/.local/lib/python3.12/site-packages/airflow/example_dags/tutorial.py
[2025-03-22T09:00:54.080+0000] {processor.py:914} INFO - Processing file /home/airflow/.local/lib/python3.12/site-packages/airflow/example_dags/tutorial.py for tasks to queue
[2025-03-22T09:00:54.082+0000] {logging_mixin.py:190} INFO - [2025-03-22T09:00:54.082+0000] {dagbag.py:588} INFO - Filling up the DagBag from /home/airflow/.local/lib/python3.12/site-packages/airflow/example_dags/tutorial.py
[2025-03-22T09:00:54.089+0000] {processor.py:925} INFO - DAG(s) 'tutorial' retrieved from /home/airflow/.local/lib/python3.12/site-packages/airflow/example_dags/tutorial.py
[2025-03-22T09:00:54.106+0000] {logging_mixin.py:190} INFO - [2025-03-22T09:00:54.105+0000] {dag.py:3239} INFO - Sync 1 DAGs
[2025-03-22T09:00:54.125+0000] {logging_mixin.py:190} INFO - [2025-03-22T09:00:54.125+0000] {dag.py:4180} INFO - Setting next_dagrun for tutorial to 2025-03-21 00:00:00+00:00, run_after=2025-03-22 00:00:00+00:00
[2025-03-22T09:00:54.142+0000] {processor.py:208} INFO - Processing /home/airflow/.local/lib/python3.12/site-packages/airflow/example_dags/tutorial.py took 0.067 seconds
[2025-03-22T09:01:24.250+0000] {processor.py:186} INFO - Started process (PID=538) to work on /home/airflow/.local/lib/python3.12/site-packages/airflow/example_dags/tutorial.py
[2025-03-22T09:01:24.251+0000] {processor.py:914} INFO - Processing file /home/airflow/.local/lib/python3.12/site-packages/airflow/example_dags/tutorial.py for tasks to queue
[2025-03-22T09:01:24.253+0000] {logging_mixin.py:190} INFO - [2025-03-22T09:01:24.253+0000] {dagbag.py:588} INFO - Filling up the DagBag from /home/airflow/.local/lib/python3.12/site-packages/airflow/example_dags/tutorial.py
[2025-03-22T09:01:24.260+0000] {processor.py:925} INFO - DAG(s) 'tutorial' retrieved from /home/airflow/.local/lib/python3.12/site-packages/airflow/example_dags/tutorial.py
[2025-03-22T09:01:24.277+0000] {logging_mixin.py:190} INFO - [2025-03-22T09:01:24.276+0000] {dag.py:3239} INFO - Sync 1 DAGs
[2025-03-22T09:01:24.299+0000] {logging_mixin.py:190} INFO - [2025-03-22T09:01:24.299+0000] {dag.py:4180} INFO - Setting next_dagrun for tutorial to 2025-03-21 00:00:00+00:00, run_after=2025-03-22 00:00:00+00:00
[2025-03-22T09:01:24.319+0000] {processor.py:208} INFO - Processing /home/airflow/.local/lib/python3.12/site-packages/airflow/example_dags/tutorial.py took 0.074 seconds
[2025-03-22T09:01:55.161+0000] {processor.py:186} INFO - Started process (PID=601) to work on /home/airflow/.local/lib/python3.12/site-packages/airflow/example_dags/tutorial.py
[2025-03-22T09:01:55.161+0000] {processor.py:914} INFO - Processing file /home/airflow/.local/lib/python3.12/site-packages/airflow/example_dags/tutorial.py for tasks to queue
[2025-03-22T09:01:55.164+0000] {logging_mixin.py:190} INFO - [2025-03-22T09:01:55.163+0000] {dagbag.py:588} INFO - Filling up the DagBag from /home/airflow/.local/lib/python3.12/site-packages/airflow/example_dags/tutorial.py
[2025-03-22T09:01:55.170+0000] {processor.py:925} INFO - DAG(s) 'tutorial' retrieved from /home/airflow/.local/lib/python3.12/site-packages/airflow/example_dags/tutorial.py
[2025-03-22T09:01:55.188+0000] {logging_mixin.py:190} INFO - [2025-03-22T09:01:55.188+0000] {dag.py:3239} INFO - Sync 1 DAGs
[2025-03-22T09:01:55.208+0000] {logging_mixin.py:190} INFO - [2025-03-22T09:01:55.208+0000] {dag.py:4180} INFO - Setting next_dagrun for tutorial to 2025-03-21 00:00:00+00:00, run_after=2025-03-22 00:00:00+00:00
[2025-03-22T09:01:55.224+0000] {processor.py:208} INFO - Processing /home/airflow/.local/lib/python3.12/site-packages/airflow/example_dags/tutorial.py took 0.069 seconds
[2025-03-22T09:02:25.811+0000] {processor.py:186} INFO - Started process (PID=664) to work on /home/airflow/.local/lib/python3.12/site-packages/airflow/example_dags/tutorial.py
[2025-03-22T09:02:25.812+0000] {processor.py:914} INFO - Processing file /home/airflow/.local/lib/python3.12/site-packages/airflow/example_dags/tutorial.py for tasks to queue
[2025-03-22T09:02:25.814+0000] {logging_mixin.py:190} INFO - [2025-03-22T09:02:25.814+0000] {dagbag.py:588} INFO - Filling up the DagBag from /home/airflow/.local/lib/python3.12/site-packages/airflow/example_dags/tutorial.py
[2025-03-22T09:02:25.823+0000] {processor.py:925} INFO - DAG(s) 'tutorial' retrieved from /home/airflow/.local/lib/python3.12/site-packages/airflow/example_dags/tutorial.py
[2025-03-22T09:02:25.843+0000] {logging_mixin.py:190} INFO - [2025-03-22T09:02:25.843+0000] {dag.py:3239} INFO - Sync 1 DAGs
[2025-03-22T09:02:25.865+0000] {logging_mixin.py:190} INFO - [2025-03-22T09:02:25.865+0000] {dag.py:4180} INFO - Setting next_dagrun for tutorial to 2025-03-21 00:00:00+00:00, run_after=2025-03-22 00:00:00+00:00
[2025-03-22T09:02:25.884+0000] {processor.py:208} INFO - Processing /home/airflow/.local/lib/python3.12/site-packages/airflow/example_dags/tutorial.py took 0.078 seconds
[2025-03-22T09:02:56.008+0000] {processor.py:186} INFO - Started process (PID=727) to work on /home/airflow/.local/lib/python3.12/site-packages/airflow/example_dags/tutorial.py
[2025-03-22T09:02:56.009+0000] {processor.py:914} INFO - Processing file /home/airflow/.local/lib/python3.12/site-packages/airflow/example_dags/tutorial.py for tasks to queue
[2025-03-22T09:02:56.012+0000] {logging_mixin.py:190} INFO - [2025-03-22T09:02:56.011+0000] {dagbag.py:588} INFO - Filling up the DagBag from /home/airflow/.local/lib/python3.12/site-packages/airflow/example_dags/tutorial.py
[2025-03-22T09:02:56.022+0000] {processor.py:925} INFO - DAG(s) 'tutorial' retrieved from /home/airflow/.local/lib/python3.12/site-packages/airflow/example_dags/tutorial.py
[2025-03-22T09:02:56.045+0000] {logging_mixin.py:190} INFO - [2025-03-22T09:02:56.045+0000] {dag.py:3239} INFO - Sync 1 DAGs
[2025-03-22T09:02:56.072+0000] {logging_mixin.py:190} INFO - [2025-03-22T09:02:56.071+0000] {dag.py:4180} INFO - Setting next_dagrun for tutorial to 2025-03-21 00:00:00+00:00, run_after=2025-03-22 00:00:00+00:00
[2025-03-22T09:02:56.089+0000] {processor.py:208} INFO - Processing /home/airflow/.local/lib/python3.12/site-packages/airflow/example_dags/tutorial.py took 0.087 seconds
[2025-03-22T09:03:26.564+0000] {processor.py:186} INFO - Started process (PID=790) to work on /home/airflow/.local/lib/python3.12/site-packages/airflow/example_dags/tutorial.py
[2025-03-22T09:03:26.566+0000] {processor.py:914} INFO - Processing file /home/airflow/.local/lib/python3.12/site-packages/airflow/example_dags/tutorial.py for tasks to queue
[2025-03-22T09:03:26.572+0000] {logging_mixin.py:190} INFO - [2025-03-22T09:03:26.570+0000] {dagbag.py:588} INFO - Filling up the DagBag from /home/airflow/.local/lib/python3.12/site-packages/airflow/example_dags/tutorial.py
[2025-03-22T09:03:26.587+0000] {processor.py:925} INFO - DAG(s) 'tutorial' retrieved from /home/airflow/.local/lib/python3.12/site-packages/airflow/example_dags/tutorial.py
[2025-03-22T09:03:26.625+0000] {logging_mixin.py:190} INFO - [2025-03-22T09:03:26.625+0000] {dag.py:3239} INFO - Sync 1 DAGs
[2025-03-22T09:03:26.676+0000] {logging_mixin.py:190} INFO - [2025-03-22T09:03:26.675+0000] {dag.py:4180} INFO - Setting next_dagrun for tutorial to 2025-03-21 00:00:00+00:00, run_after=2025-03-22 00:00:00+00:00
[2025-03-22T09:03:26.702+0000] {processor.py:208} INFO - Processing /home/airflow/.local/lib/python3.12/site-packages/airflow/example_dags/tutorial.py took 0.149 seconds
[2025-03-22T09:03:57.250+0000] {processor.py:186} INFO - Started process (PID=853) to work on /home/airflow/.local/lib/python3.12/site-packages/airflow/example_dags/tutorial.py
[2025-03-22T09:03:57.251+0000] {processor.py:914} INFO - Processing file /home/airflow/.local/lib/python3.12/site-packages/airflow/example_dags/tutorial.py for tasks to queue
[2025-03-22T09:03:57.253+0000] {logging_mixin.py:190} INFO - [2025-03-22T09:03:57.253+0000] {dagbag.py:588} INFO - Filling up the DagBag from /home/airflow/.local/lib/python3.12/site-packages/airflow/example_dags/tutorial.py
[2025-03-22T09:03:57.261+0000] {processor.py:925} INFO - DAG(s) 'tutorial' retrieved from /home/airflow/.local/lib/python3.12/site-packages/airflow/example_dags/tutorial.py
[2025-03-22T09:03:57.283+0000] {logging_mixin.py:190} INFO - [2025-03-22T09:03:57.283+0000] {dag.py:3239} INFO - Sync 1 DAGs
[2025-03-22T09:03:57.306+0000] {logging_mixin.py:190} INFO - [2025-03-22T09:03:57.306+0000] {dag.py:4180} INFO - Setting next_dagrun for tutorial to 2025-03-21 00:00:00+00:00, run_after=2025-03-22 00:00:00+00:00
[2025-03-22T09:03:57.326+0000] {processor.py:208} INFO - Processing /home/airflow/.local/lib/python3.12/site-packages/airflow/example_dags/tutorial.py took 0.082 seconds
[2025-03-22T09:04:27.559+0000] {processor.py:186} INFO - Started process (PID=916) to work on /home/airflow/.local/lib/python3.12/site-packages/airflow/example_dags/tutorial.py
[2025-03-22T09:04:27.560+0000] {processor.py:914} INFO - Processing file /home/airflow/.local/lib/python3.12/site-packages/airflow/example_dags/tutorial.py for tasks to queue
[2025-03-22T09:04:27.562+0000] {logging_mixin.py:190} INFO - [2025-03-22T09:04:27.562+0000] {dagbag.py:588} INFO - Filling up the DagBag from /home/airflow/.local/lib/python3.12/site-packages/airflow/example_dags/tutorial.py
[2025-03-22T09:04:27.570+0000] {processor.py:925} INFO - DAG(s) 'tutorial' retrieved from /home/airflow/.local/lib/python3.12/site-packages/airflow/example_dags/tutorial.py
[2025-03-22T09:04:27.592+0000] {logging_mixin.py:190} INFO - [2025-03-22T09:04:27.591+0000] {dag.py:3239} INFO - Sync 1 DAGs
[2025-03-22T09:04:27.621+0000] {logging_mixin.py:190} INFO - [2025-03-22T09:04:27.621+0000] {dag.py:4180} INFO - Setting next_dagrun for tutorial to 2025-03-21 00:00:00+00:00, run_after=2025-03-22 00:00:00+00:00
[2025-03-22T09:04:27.651+0000] {processor.py:208} INFO - Processing /home/airflow/.local/lib/python3.12/site-packages/airflow/example_dags/tutorial.py took 0.099 seconds
[2025-03-22T09:04:58.324+0000] {processor.py:186} INFO - Started process (PID=979) to work on /home/airflow/.local/lib/python3.12/site-packages/airflow/example_dags/tutorial.py
[2025-03-22T09:04:58.325+0000] {processor.py:914} INFO - Processing file /home/airflow/.local/lib/python3.12/site-packages/airflow/example_dags/tutorial.py for tasks to queue
[2025-03-22T09:04:58.327+0000] {logging_mixin.py:190} INFO - [2025-03-22T09:04:58.327+0000] {dagbag.py:588} INFO - Filling up the DagBag from /home/airflow/.local/lib/python3.12/site-packages/airflow/example_dags/tutorial.py
[2025-03-22T09:04:58.337+0000] {processor.py:925} INFO - DAG(s) 'tutorial' retrieved from /home/airflow/.local/lib/python3.12/site-packages/airflow/example_dags/tutorial.py
[2025-03-22T09:04:58.359+0000] {logging_mixin.py:190} INFO - [2025-03-22T09:04:58.359+0000] {dag.py:3239} INFO - Sync 1 DAGs
[2025-03-22T09:04:58.385+0000] {logging_mixin.py:190} INFO - [2025-03-22T09:04:58.384+0000] {dag.py:4180} INFO - Setting next_dagrun for tutorial to 2025-03-21 00:00:00+00:00, run_after=2025-03-22 00:00:00+00:00
[2025-03-22T09:04:58.404+0000] {processor.py:208} INFO - Processing /home/airflow/.local/lib/python3.12/site-packages/airflow/example_dags/tutorial.py took 0.087 seconds
[2025-03-22T09:05:28.917+0000] {processor.py:186} INFO - Started process (PID=1042) to work on /home/airflow/.local/lib/python3.12/site-packages/airflow/example_dags/tutorial.py
[2025-03-22T09:05:28.919+0000] {processor.py:914} INFO - Processing file /home/airflow/.local/lib/python3.12/site-packages/airflow/example_dags/tutorial.py for tasks to queue
[2025-03-22T09:05:28.922+0000] {logging_mixin.py:190} INFO - [2025-03-22T09:05:28.921+0000] {dagbag.py:588} INFO - Filling up the DagBag from /home/airflow/.local/lib/python3.12/site-packages/airflow/example_dags/tutorial.py
[2025-03-22T09:05:28.933+0000] {processor.py:925} INFO - DAG(s) 'tutorial' retrieved from /home/airflow/.local/lib/python3.12/site-packages/airflow/example_dags/tutorial.py
[2025-03-22T09:05:28.961+0000] {logging_mixin.py:190} INFO - [2025-03-22T09:05:28.961+0000] {dag.py:3239} INFO - Sync 1 DAGs
[2025-03-22T09:05:28.992+0000] {logging_mixin.py:190} INFO - [2025-03-22T09:05:28.992+0000] {dag.py:4180} INFO - Setting next_dagrun for tutorial to 2025-03-21 00:00:00+00:00, run_after=2025-03-22 00:00:00+00:00
[2025-03-22T09:05:29.014+0000] {processor.py:208} INFO - Processing /home/airflow/.local/lib/python3.12/site-packages/airflow/example_dags/tutorial.py took 0.106 seconds
[2025-03-22T09:05:59.244+0000] {processor.py:186} INFO - Started process (PID=1105) to work on /home/airflow/.local/lib/python3.12/site-packages/airflow/example_dags/tutorial.py
[2025-03-22T09:05:59.245+0000] {processor.py:914} INFO - Processing file /home/airflow/.local/lib/python3.12/site-packages/airflow/example_dags/tutorial.py for tasks to queue
[2025-03-22T09:05:59.248+0000] {logging_mixin.py:190} INFO - [2025-03-22T09:05:59.248+0000] {dagbag.py:588} INFO - Filling up the DagBag from /home/airflow/.local/lib/python3.12/site-packages/airflow/example_dags/tutorial.py
[2025-03-22T09:05:59.258+0000] {processor.py:925} INFO - DAG(s) 'tutorial' retrieved from /home/airflow/.local/lib/python3.12/site-packages/airflow/example_dags/tutorial.py
[2025-03-22T09:05:59.284+0000] {logging_mixin.py:190} INFO - [2025-03-22T09:05:59.284+0000] {dag.py:3239} INFO - Sync 1 DAGs
[2025-03-22T09:05:59.316+0000] {logging_mixin.py:190} INFO - [2025-03-22T09:05:59.316+0000] {dag.py:4180} INFO - Setting next_dagrun for tutorial to 2025-03-21 00:00:00+00:00, run_after=2025-03-22 00:00:00+00:00
[2025-03-22T09:05:59.336+0000] {processor.py:208} INFO - Processing /home/airflow/.local/lib/python3.12/site-packages/airflow/example_dags/tutorial.py took 0.099 seconds
[2025-03-22T09:06:29.950+0000] {processor.py:186} INFO - Started process (PID=1168) to work on /home/airflow/.local/lib/python3.12/site-packages/airflow/example_dags/tutorial.py
[2025-03-22T09:06:29.951+0000] {processor.py:914} INFO - Processing file /home/airflow/.local/lib/python3.12/site-packages/airflow/example_dags/tutorial.py for tasks to queue
[2025-03-22T09:06:29.953+0000] {logging_mixin.py:190} INFO - [2025-03-22T09:06:29.953+0000] {dagbag.py:588} INFO - Filling up the DagBag from /home/airflow/.local/lib/python3.12/site-packages/airflow/example_dags/tutorial.py
[2025-03-22T09:06:29.961+0000] {processor.py:925} INFO - DAG(s) 'tutorial' retrieved from /home/airflow/.local/lib/python3.12/site-packages/airflow/example_dags/tutorial.py
[2025-03-22T09:06:29.983+0000] {logging_mixin.py:190} INFO - [2025-03-22T09:06:29.982+0000] {dag.py:3239} INFO - Sync 1 DAGs
[2025-03-22T09:06:30.008+0000] {logging_mixin.py:190} INFO - [2025-03-22T09:06:30.008+0000] {dag.py:4180} INFO - Setting next_dagrun for tutorial to 2025-03-21 00:00:00+00:00, run_after=2025-03-22 00:00:00+00:00
[2025-03-22T09:06:30.029+0000] {processor.py:208} INFO - Processing /home/airflow/.local/lib/python3.12/site-packages/airflow/example_dags/tutorial.py took 0.086 seconds
[2025-03-22T09:07:01.165+0000] {processor.py:186} INFO - Started process (PID=1231) to work on /home/airflow/.local/lib/python3.12/site-packages/airflow/example_dags/tutorial.py
[2025-03-22T09:07:01.166+0000] {processor.py:914} INFO - Processing file /home/airflow/.local/lib/python3.12/site-packages/airflow/example_dags/tutorial.py for tasks to queue
[2025-03-22T09:07:01.171+0000] {logging_mixin.py:190} INFO - [2025-03-22T09:07:01.171+0000] {dagbag.py:588} INFO - Filling up the DagBag from /home/airflow/.local/lib/python3.12/site-packages/airflow/example_dags/tutorial.py
[2025-03-22T09:07:01.182+0000] {processor.py:925} INFO - DAG(s) 'tutorial' retrieved from /home/airflow/.local/lib/python3.12/site-packages/airflow/example_dags/tutorial.py
[2025-03-22T09:07:01.209+0000] {logging_mixin.py:190} INFO - [2025-03-22T09:07:01.209+0000] {dag.py:3239} INFO - Sync 1 DAGs
[2025-03-22T09:07:01.243+0000] {logging_mixin.py:190} INFO - [2025-03-22T09:07:01.243+0000] {dag.py:4180} INFO - Setting next_dagrun for tutorial to 2025-03-21 00:00:00+00:00, run_after=2025-03-22 00:00:00+00:00
[2025-03-22T09:07:01.265+0000] {processor.py:208} INFO - Processing /home/airflow/.local/lib/python3.12/site-packages/airflow/example_dags/tutorial.py took 0.110 seconds
[2025-03-22T09:07:31.845+0000] {processor.py:186} INFO - Started process (PID=1294) to work on /home/airflow/.local/lib/python3.12/site-packages/airflow/example_dags/tutorial.py
[2025-03-22T09:07:31.846+0000] {processor.py:914} INFO - Processing file /home/airflow/.local/lib/python3.12/site-packages/airflow/example_dags/tutorial.py for tasks to queue
[2025-03-22T09:07:31.848+0000] {logging_mixin.py:190} INFO - [2025-03-22T09:07:31.848+0000] {dagbag.py:588} INFO - Filling up the DagBag from /home/airflow/.local/lib/python3.12/site-packages/airflow/example_dags/tutorial.py
[2025-03-22T09:07:31.857+0000] {processor.py:925} INFO - DAG(s) 'tutorial' retrieved from /home/airflow/.local/lib/python3.12/site-packages/airflow/example_dags/tutorial.py
[2025-03-22T09:07:31.878+0000] {logging_mixin.py:190} INFO - [2025-03-22T09:07:31.878+0000] {dag.py:3239} INFO - Sync 1 DAGs
[2025-03-22T09:07:31.903+0000] {logging_mixin.py:190} INFO - [2025-03-22T09:07:31.903+0000] {dag.py:4180} INFO - Setting next_dagrun for tutorial to 2025-03-21 00:00:00+00:00, run_after=2025-03-22 00:00:00+00:00
[2025-03-22T09:07:31.926+0000] {processor.py:208} INFO - Processing /home/airflow/.local/lib/python3.12/site-packages/airflow/example_dags/tutorial.py took 0.087 seconds
[2025-03-22T09:08:02.147+0000] {processor.py:186} INFO - Started process (PID=1357) to work on /home/airflow/.local/lib/python3.12/site-packages/airflow/example_dags/tutorial.py
[2025-03-22T09:08:02.148+0000] {processor.py:914} INFO - Processing file /home/airflow/.local/lib/python3.12/site-packages/airflow/example_dags/tutorial.py for tasks to queue
[2025-03-22T09:08:02.150+0000] {logging_mixin.py:190} INFO - [2025-03-22T09:08:02.150+0000] {dagbag.py:588} INFO - Filling up the DagBag from /home/airflow/.local/lib/python3.12/site-packages/airflow/example_dags/tutorial.py
[2025-03-22T09:08:02.160+0000] {processor.py:925} INFO - DAG(s) 'tutorial' retrieved from /home/airflow/.local/lib/python3.12/site-packages/airflow/example_dags/tutorial.py
[2025-03-22T09:08:02.185+0000] {logging_mixin.py:190} INFO - [2025-03-22T09:08:02.184+0000] {dag.py:3239} INFO - Sync 1 DAGs
[2025-03-22T09:08:02.215+0000] {logging_mixin.py:190} INFO - [2025-03-22T09:08:02.215+0000] {dag.py:4180} INFO - Setting next_dagrun for tutorial to 2025-03-21 00:00:00+00:00, run_after=2025-03-22 00:00:00+00:00
[2025-03-22T09:08:02.241+0000] {processor.py:208} INFO - Processing /home/airflow/.local/lib/python3.12/site-packages/airflow/example_dags/tutorial.py took 0.100 seconds
[2025-03-22T09:08:32.708+0000] {processor.py:186} INFO - Started process (PID=1420) to work on /home/airflow/.local/lib/python3.12/site-packages/airflow/example_dags/tutorial.py
[2025-03-22T09:08:32.709+0000] {processor.py:914} INFO - Processing file /home/airflow/.local/lib/python3.12/site-packages/airflow/example_dags/tutorial.py for tasks to queue
[2025-03-22T09:08:32.711+0000] {logging_mixin.py:190} INFO - [2025-03-22T09:08:32.711+0000] {dagbag.py:588} INFO - Filling up the DagBag from /home/airflow/.local/lib/python3.12/site-packages/airflow/example_dags/tutorial.py
[2025-03-22T09:08:32.719+0000] {processor.py:925} INFO - DAG(s) 'tutorial' retrieved from /home/airflow/.local/lib/python3.12/site-packages/airflow/example_dags/tutorial.py
[2025-03-22T09:08:32.740+0000] {logging_mixin.py:190} INFO - [2025-03-22T09:08:32.740+0000] {dag.py:3239} INFO - Sync 1 DAGs
[2025-03-22T09:08:32.767+0000] {logging_mixin.py:190} INFO - [2025-03-22T09:08:32.767+0000] {dag.py:4180} INFO - Setting next_dagrun for tutorial to 2025-03-21 00:00:00+00:00, run_after=2025-03-22 00:00:00+00:00
[2025-03-22T09:08:32.788+0000] {processor.py:208} INFO - Processing /home/airflow/.local/lib/python3.12/site-packages/airflow/example_dags/tutorial.py took 0.085 seconds
[2025-03-22T09:09:03.474+0000] {processor.py:186} INFO - Started process (PID=1483) to work on /home/airflow/.local/lib/python3.12/site-packages/airflow/example_dags/tutorial.py
[2025-03-22T09:09:03.475+0000] {processor.py:914} INFO - Processing file /home/airflow/.local/lib/python3.12/site-packages/airflow/example_dags/tutorial.py for tasks to queue
[2025-03-22T09:09:03.477+0000] {logging_mixin.py:190} INFO - [2025-03-22T09:09:03.477+0000] {dagbag.py:588} INFO - Filling up the DagBag from /home/airflow/.local/lib/python3.12/site-packages/airflow/example_dags/tutorial.py
[2025-03-22T09:09:03.484+0000] {processor.py:925} INFO - DAG(s) 'tutorial' retrieved from /home/airflow/.local/lib/python3.12/site-packages/airflow/example_dags/tutorial.py
[2025-03-22T09:09:03.505+0000] {logging_mixin.py:190} INFO - [2025-03-22T09:09:03.504+0000] {dag.py:3239} INFO - Sync 1 DAGs
[2025-03-22T09:09:03.530+0000] {logging_mixin.py:190} INFO - [2025-03-22T09:09:03.530+0000] {dag.py:4180} INFO - Setting next_dagrun for tutorial to 2025-03-21 00:00:00+00:00, run_after=2025-03-22 00:00:00+00:00
[2025-03-22T09:09:03.549+0000] {processor.py:208} INFO - Processing /home/airflow/.local/lib/python3.12/site-packages/airflow/example_dags/tutorial.py took 0.081 seconds
[2025-03-22T09:09:33.801+0000] {processor.py:186} INFO - Started process (PID=1546) to work on /home/airflow/.local/lib/python3.12/site-packages/airflow/example_dags/tutorial.py
[2025-03-22T09:09:33.802+0000] {processor.py:914} INFO - Processing file /home/airflow/.local/lib/python3.12/site-packages/airflow/example_dags/tutorial.py for tasks to queue
[2025-03-22T09:09:33.804+0000] {logging_mixin.py:190} INFO - [2025-03-22T09:09:33.804+0000] {dagbag.py:588} INFO - Filling up the DagBag from /home/airflow/.local/lib/python3.12/site-packages/airflow/example_dags/tutorial.py
[2025-03-22T09:09:33.813+0000] {processor.py:925} INFO - DAG(s) 'tutorial' retrieved from /home/airflow/.local/lib/python3.12/site-packages/airflow/example_dags/tutorial.py
[2025-03-22T09:09:33.832+0000] {logging_mixin.py:190} INFO - [2025-03-22T09:09:33.832+0000] {dag.py:3239} INFO - Sync 1 DAGs
[2025-03-22T09:09:33.853+0000] {logging_mixin.py:190} INFO - [2025-03-22T09:09:33.853+0000] {dag.py:4180} INFO - Setting next_dagrun for tutorial to 2025-03-21 00:00:00+00:00, run_after=2025-03-22 00:00:00+00:00
[2025-03-22T09:09:33.873+0000] {processor.py:208} INFO - Processing /home/airflow/.local/lib/python3.12/site-packages/airflow/example_dags/tutorial.py took 0.078 seconds
[2025-03-22T09:10:04.092+0000] {processor.py:186} INFO - Started process (PID=1609) to work on /home/airflow/.local/lib/python3.12/site-packages/airflow/example_dags/tutorial.py
[2025-03-22T09:10:04.093+0000] {processor.py:914} INFO - Processing file /home/airflow/.local/lib/python3.12/site-packages/airflow/example_dags/tutorial.py for tasks to queue
[2025-03-22T09:10:04.095+0000] {logging_mixin.py:190} INFO - [2025-03-22T09:10:04.095+0000] {dagbag.py:588} INFO - Filling up the DagBag from /home/airflow/.local/lib/python3.12/site-packages/airflow/example_dags/tutorial.py
[2025-03-22T09:10:04.104+0000] {processor.py:925} INFO - DAG(s) 'tutorial' retrieved from /home/airflow/.local/lib/python3.12/site-packages/airflow/example_dags/tutorial.py
[2025-03-22T09:10:04.123+0000] {logging_mixin.py:190} INFO - [2025-03-22T09:10:04.123+0000] {dag.py:3239} INFO - Sync 1 DAGs
[2025-03-22T09:10:04.146+0000] {logging_mixin.py:190} INFO - [2025-03-22T09:10:04.146+0000] {dag.py:4180} INFO - Setting next_dagrun for tutorial to 2025-03-21 00:00:00+00:00, run_after=2025-03-22 00:00:00+00:00
[2025-03-22T09:10:04.164+0000] {processor.py:208} INFO - Processing /home/airflow/.local/lib/python3.12/site-packages/airflow/example_dags/tutorial.py took 0.078 seconds
[2025-03-22T09:10:34.453+0000] {processor.py:186} INFO - Started process (PID=1672) to work on /home/airflow/.local/lib/python3.12/site-packages/airflow/example_dags/tutorial.py
[2025-03-22T09:10:34.454+0000] {processor.py:914} INFO - Processing file /home/airflow/.local/lib/python3.12/site-packages/airflow/example_dags/tutorial.py for tasks to queue
[2025-03-22T09:10:34.456+0000] {logging_mixin.py:190} INFO - [2025-03-22T09:10:34.456+0000] {dagbag.py:588} INFO - Filling up the DagBag from /home/airflow/.local/lib/python3.12/site-packages/airflow/example_dags/tutorial.py
[2025-03-22T09:10:34.465+0000] {processor.py:925} INFO - DAG(s) 'tutorial' retrieved from /home/airflow/.local/lib/python3.12/site-packages/airflow/example_dags/tutorial.py
[2025-03-22T09:10:34.493+0000] {logging_mixin.py:190} INFO - [2025-03-22T09:10:34.492+0000] {dag.py:3239} INFO - Sync 1 DAGs
[2025-03-22T09:10:34.525+0000] {logging_mixin.py:190} INFO - [2025-03-22T09:10:34.525+0000] {dag.py:4180} INFO - Setting next_dagrun for tutorial to 2025-03-21 00:00:00+00:00, run_after=2025-03-22 00:00:00+00:00
[2025-03-22T09:10:34.551+0000] {processor.py:208} INFO - Processing /home/airflow/.local/lib/python3.12/site-packages/airflow/example_dags/tutorial.py took 0.105 seconds
[2025-03-22T09:11:04.892+0000] {processor.py:186} INFO - Started process (PID=1735) to work on /home/airflow/.local/lib/python3.12/site-packages/airflow/example_dags/tutorial.py
[2025-03-22T09:11:04.893+0000] {processor.py:914} INFO - Processing file /home/airflow/.local/lib/python3.12/site-packages/airflow/example_dags/tutorial.py for tasks to queue
[2025-03-22T09:11:04.896+0000] {logging_mixin.py:190} INFO - [2025-03-22T09:11:04.896+0000] {dagbag.py:588} INFO - Filling up the DagBag from /home/airflow/.local/lib/python3.12/site-packages/airflow/example_dags/tutorial.py
[2025-03-22T09:11:04.905+0000] {processor.py:925} INFO - DAG(s) 'tutorial' retrieved from /home/airflow/.local/lib/python3.12/site-packages/airflow/example_dags/tutorial.py
[2025-03-22T09:11:04.927+0000] {logging_mixin.py:190} INFO - [2025-03-22T09:11:04.927+0000] {dag.py:3239} INFO - Sync 1 DAGs
[2025-03-22T09:11:04.958+0000] {logging_mixin.py:190} INFO - [2025-03-22T09:11:04.958+0000] {dag.py:4180} INFO - Setting next_dagrun for tutorial to 2025-03-21 00:00:00+00:00, run_after=2025-03-22 00:00:00+00:00
[2025-03-22T09:11:04.982+0000] {processor.py:208} INFO - Processing /home/airflow/.local/lib/python3.12/site-packages/airflow/example_dags/tutorial.py took 0.096 seconds
[2025-03-22T09:11:35.753+0000] {processor.py:186} INFO - Started process (PID=1798) to work on /home/airflow/.local/lib/python3.12/site-packages/airflow/example_dags/tutorial.py
[2025-03-22T09:11:35.754+0000] {processor.py:914} INFO - Processing file /home/airflow/.local/lib/python3.12/site-packages/airflow/example_dags/tutorial.py for tasks to queue
[2025-03-22T09:11:35.756+0000] {logging_mixin.py:190} INFO - [2025-03-22T09:11:35.756+0000] {dagbag.py:588} INFO - Filling up the DagBag from /home/airflow/.local/lib/python3.12/site-packages/airflow/example_dags/tutorial.py
[2025-03-22T09:11:35.764+0000] {processor.py:925} INFO - DAG(s) 'tutorial' retrieved from /home/airflow/.local/lib/python3.12/site-packages/airflow/example_dags/tutorial.py
[2025-03-22T09:11:35.785+0000] {logging_mixin.py:190} INFO - [2025-03-22T09:11:35.785+0000] {dag.py:3239} INFO - Sync 1 DAGs
[2025-03-22T09:11:35.812+0000] {logging_mixin.py:190} INFO - [2025-03-22T09:11:35.811+0000] {dag.py:4180} INFO - Setting next_dagrun for tutorial to 2025-03-21 00:00:00+00:00, run_after=2025-03-22 00:00:00+00:00
[2025-03-22T09:11:35.832+0000] {processor.py:208} INFO - Processing /home/airflow/.local/lib/python3.12/site-packages/airflow/example_dags/tutorial.py took 0.084 seconds
[2025-03-22T09:12:05.970+0000] {processor.py:186} INFO - Started process (PID=1861) to work on /home/airflow/.local/lib/python3.12/site-packages/airflow/example_dags/tutorial.py
[2025-03-22T09:12:05.971+0000] {processor.py:914} INFO - Processing file /home/airflow/.local/lib/python3.12/site-packages/airflow/example_dags/tutorial.py for tasks to queue
[2025-03-22T09:12:05.973+0000] {logging_mixin.py:190} INFO - [2025-03-22T09:12:05.973+0000] {dagbag.py:588} INFO - Filling up the DagBag from /home/airflow/.local/lib/python3.12/site-packages/airflow/example_dags/tutorial.py
[2025-03-22T09:12:05.980+0000] {processor.py:925} INFO - DAG(s) 'tutorial' retrieved from /home/airflow/.local/lib/python3.12/site-packages/airflow/example_dags/tutorial.py
[2025-03-22T09:12:06.000+0000] {logging_mixin.py:190} INFO - [2025-03-22T09:12:06.000+0000] {dag.py:3239} INFO - Sync 1 DAGs
[2025-03-22T09:12:06.024+0000] {logging_mixin.py:190} INFO - [2025-03-22T09:12:06.023+0000] {dag.py:4180} INFO - Setting next_dagrun for tutorial to 2025-03-21 00:00:00+00:00, run_after=2025-03-22 00:00:00+00:00
[2025-03-22T09:12:06.040+0000] {processor.py:208} INFO - Processing /home/airflow/.local/lib/python3.12/site-packages/airflow/example_dags/tutorial.py took 0.075 seconds
[2025-03-22T09:12:37.125+0000] {processor.py:186} INFO - Started process (PID=1924) to work on /home/airflow/.local/lib/python3.12/site-packages/airflow/example_dags/tutorial.py
[2025-03-22T09:12:37.126+0000] {processor.py:914} INFO - Processing file /home/airflow/.local/lib/python3.12/site-packages/airflow/example_dags/tutorial.py for tasks to queue
[2025-03-22T09:12:37.128+0000] {logging_mixin.py:190} INFO - [2025-03-22T09:12:37.128+0000] {dagbag.py:588} INFO - Filling up the DagBag from /home/airflow/.local/lib/python3.12/site-packages/airflow/example_dags/tutorial.py
[2025-03-22T09:12:37.135+0000] {processor.py:925} INFO - DAG(s) 'tutorial' retrieved from /home/airflow/.local/lib/python3.12/site-packages/airflow/example_dags/tutorial.py
[2025-03-22T09:12:37.154+0000] {logging_mixin.py:190} INFO - [2025-03-22T09:12:37.154+0000] {dag.py:3239} INFO - Sync 1 DAGs
[2025-03-22T09:12:37.180+0000] {logging_mixin.py:190} INFO - [2025-03-22T09:12:37.179+0000] {dag.py:4180} INFO - Setting next_dagrun for tutorial to 2025-03-21 00:00:00+00:00, run_after=2025-03-22 00:00:00+00:00
[2025-03-22T09:12:37.198+0000] {processor.py:208} INFO - Processing /home/airflow/.local/lib/python3.12/site-packages/airflow/example_dags/tutorial.py took 0.078 seconds
[2025-03-22T09:13:07.892+0000] {processor.py:186} INFO - Started process (PID=1987) to work on /home/airflow/.local/lib/python3.12/site-packages/airflow/example_dags/tutorial.py
[2025-03-22T09:13:07.893+0000] {processor.py:914} INFO - Processing file /home/airflow/.local/lib/python3.12/site-packages/airflow/example_dags/tutorial.py for tasks to queue
[2025-03-22T09:13:07.895+0000] {logging_mixin.py:190} INFO - [2025-03-22T09:13:07.895+0000] {dagbag.py:588} INFO - Filling up the DagBag from /home/airflow/.local/lib/python3.12/site-packages/airflow/example_dags/tutorial.py
[2025-03-22T09:13:07.903+0000] {processor.py:925} INFO - DAG(s) 'tutorial' retrieved from /home/airflow/.local/lib/python3.12/site-packages/airflow/example_dags/tutorial.py
[2025-03-22T09:13:07.920+0000] {logging_mixin.py:190} INFO - [2025-03-22T09:13:07.920+0000] {dag.py:3239} INFO - Sync 1 DAGs
[2025-03-22T09:13:07.942+0000] {logging_mixin.py:190} INFO - [2025-03-22T09:13:07.942+0000] {dag.py:4180} INFO - Setting next_dagrun for tutorial to 2025-03-21 00:00:00+00:00, run_after=2025-03-22 00:00:00+00:00
[2025-03-22T09:13:07.960+0000] {processor.py:208} INFO - Processing /home/airflow/.local/lib/python3.12/site-packages/airflow/example_dags/tutorial.py took 0.073 seconds
[2025-03-22T09:13:38.490+0000] {processor.py:186} INFO - Started process (PID=2050) to work on /home/airflow/.local/lib/python3.12/site-packages/airflow/example_dags/tutorial.py
[2025-03-22T09:13:38.491+0000] {processor.py:914} INFO - Processing file /home/airflow/.local/lib/python3.12/site-packages/airflow/example_dags/tutorial.py for tasks to queue
[2025-03-22T09:13:38.493+0000] {logging_mixin.py:190} INFO - [2025-03-22T09:13:38.493+0000] {dagbag.py:588} INFO - Filling up the DagBag from /home/airflow/.local/lib/python3.12/site-packages/airflow/example_dags/tutorial.py
[2025-03-22T09:13:38.501+0000] {processor.py:925} INFO - DAG(s) 'tutorial' retrieved from /home/airflow/.local/lib/python3.12/site-packages/airflow/example_dags/tutorial.py
[2025-03-22T09:13:38.520+0000] {logging_mixin.py:190} INFO - [2025-03-22T09:13:38.520+0000] {dag.py:3239} INFO - Sync 1 DAGs
[2025-03-22T09:13:38.550+0000] {logging_mixin.py:190} INFO - [2025-03-22T09:13:38.550+0000] {dag.py:4180} INFO - Setting next_dagrun for tutorial to 2025-03-21 00:00:00+00:00, run_after=2025-03-22 00:00:00+00:00
[2025-03-22T09:13:38.572+0000] {processor.py:208} INFO - Processing /home/airflow/.local/lib/python3.12/site-packages/airflow/example_dags/tutorial.py took 0.088 seconds
[2025-03-22T09:14:08.919+0000] {processor.py:186} INFO - Started process (PID=2113) to work on /home/airflow/.local/lib/python3.12/site-packages/airflow/example_dags/tutorial.py
[2025-03-22T09:14:08.920+0000] {processor.py:914} INFO - Processing file /home/airflow/.local/lib/python3.12/site-packages/airflow/example_dags/tutorial.py for tasks to queue
[2025-03-22T09:14:08.922+0000] {logging_mixin.py:190} INFO - [2025-03-22T09:14:08.922+0000] {dagbag.py:588} INFO - Filling up the DagBag from /home/airflow/.local/lib/python3.12/site-packages/airflow/example_dags/tutorial.py
[2025-03-22T09:14:08.930+0000] {processor.py:925} INFO - DAG(s) 'tutorial' retrieved from /home/airflow/.local/lib/python3.12/site-packages/airflow/example_dags/tutorial.py
[2025-03-22T09:14:08.949+0000] {logging_mixin.py:190} INFO - [2025-03-22T09:14:08.949+0000] {dag.py:3239} INFO - Sync 1 DAGs
[2025-03-22T09:14:08.970+0000] {logging_mixin.py:190} INFO - [2025-03-22T09:14:08.970+0000] {dag.py:4180} INFO - Setting next_dagrun for tutorial to 2025-03-21 00:00:00+00:00, run_after=2025-03-22 00:00:00+00:00
[2025-03-22T09:14:08.987+0000] {processor.py:208} INFO - Processing /home/airflow/.local/lib/python3.12/site-packages/airflow/example_dags/tutorial.py took 0.074 seconds
[2025-03-22T09:14:39.997+0000] {processor.py:186} INFO - Started process (PID=2176) to work on /home/airflow/.local/lib/python3.12/site-packages/airflow/example_dags/tutorial.py
[2025-03-22T09:14:39.998+0000] {processor.py:914} INFO - Processing file /home/airflow/.local/lib/python3.12/site-packages/airflow/example_dags/tutorial.py for tasks to queue
[2025-03-22T09:14:40.000+0000] {logging_mixin.py:190} INFO - [2025-03-22T09:14:40.000+0000] {dagbag.py:588} INFO - Filling up the DagBag from /home/airflow/.local/lib/python3.12/site-packages/airflow/example_dags/tutorial.py
[2025-03-22T09:14:40.007+0000] {processor.py:925} INFO - DAG(s) 'tutorial' retrieved from /home/airflow/.local/lib/python3.12/site-packages/airflow/example_dags/tutorial.py
[2025-03-22T09:14:40.025+0000] {logging_mixin.py:190} INFO - [2025-03-22T09:14:40.025+0000] {dag.py:3239} INFO - Sync 1 DAGs
[2025-03-22T09:14:40.048+0000] {logging_mixin.py:190} INFO - [2025-03-22T09:14:40.048+0000] {dag.py:4180} INFO - Setting next_dagrun for tutorial to 2025-03-21 00:00:00+00:00, run_after=2025-03-22 00:00:00+00:00
[2025-03-22T09:14:40.064+0000] {processor.py:208} INFO - Processing /home/airflow/.local/lib/python3.12/site-packages/airflow/example_dags/tutorial.py took 0.073 seconds
[2025-03-22T09:15:11.349+0000] {processor.py:186} INFO - Started process (PID=2238) to work on /home/airflow/.local/lib/python3.12/site-packages/airflow/example_dags/tutorial.py
[2025-03-22T09:15:11.350+0000] {processor.py:914} INFO - Processing file /home/airflow/.local/lib/python3.12/site-packages/airflow/example_dags/tutorial.py for tasks to queue
[2025-03-22T09:15:11.354+0000] {logging_mixin.py:190} INFO - [2025-03-22T09:15:11.354+0000] {dagbag.py:588} INFO - Filling up the DagBag from /home/airflow/.local/lib/python3.12/site-packages/airflow/example_dags/tutorial.py
[2025-03-22T09:15:11.366+0000] {processor.py:925} INFO - DAG(s) 'tutorial' retrieved from /home/airflow/.local/lib/python3.12/site-packages/airflow/example_dags/tutorial.py
[2025-03-22T09:15:11.397+0000] {logging_mixin.py:190} INFO - [2025-03-22T09:15:11.397+0000] {dag.py:3239} INFO - Sync 1 DAGs
[2025-03-22T09:15:11.436+0000] {logging_mixin.py:190} INFO - [2025-03-22T09:15:11.436+0000] {dag.py:4180} INFO - Setting next_dagrun for tutorial to 2025-03-21 00:00:00+00:00, run_after=2025-03-22 00:00:00+00:00
[2025-03-22T09:15:11.464+0000] {processor.py:208} INFO - Processing /home/airflow/.local/lib/python3.12/site-packages/airflow/example_dags/tutorial.py took 0.123 seconds
[2025-03-22T09:15:42.411+0000] {processor.py:186} INFO - Started process (PID=2301) to work on /home/airflow/.local/lib/python3.12/site-packages/airflow/example_dags/tutorial.py
[2025-03-22T09:15:42.412+0000] {processor.py:914} INFO - Processing file /home/airflow/.local/lib/python3.12/site-packages/airflow/example_dags/tutorial.py for tasks to queue
[2025-03-22T09:15:42.414+0000] {logging_mixin.py:190} INFO - [2025-03-22T09:15:42.414+0000] {dagbag.py:588} INFO - Filling up the DagBag from /home/airflow/.local/lib/python3.12/site-packages/airflow/example_dags/tutorial.py
[2025-03-22T09:15:42.423+0000] {processor.py:925} INFO - DAG(s) 'tutorial' retrieved from /home/airflow/.local/lib/python3.12/site-packages/airflow/example_dags/tutorial.py
[2025-03-22T09:15:42.458+0000] {logging_mixin.py:190} INFO - [2025-03-22T09:15:42.458+0000] {dag.py:3239} INFO - Sync 1 DAGs
[2025-03-22T09:15:42.486+0000] {logging_mixin.py:190} INFO - [2025-03-22T09:15:42.486+0000] {dag.py:4180} INFO - Setting next_dagrun for tutorial to 2025-03-21 00:00:00+00:00, run_after=2025-03-22 00:00:00+00:00
[2025-03-22T09:15:42.511+0000] {processor.py:208} INFO - Processing /home/airflow/.local/lib/python3.12/site-packages/airflow/example_dags/tutorial.py took 0.107 seconds
[2025-03-22T09:16:14.292+0000] {processor.py:186} INFO - Started process (PID=2364) to work on /home/airflow/.local/lib/python3.12/site-packages/airflow/example_dags/tutorial.py
[2025-03-22T09:16:14.292+0000] {processor.py:914} INFO - Processing file /home/airflow/.local/lib/python3.12/site-packages/airflow/example_dags/tutorial.py for tasks to queue
[2025-03-22T09:16:14.294+0000] {logging_mixin.py:190} INFO - [2025-03-22T09:16:14.294+0000] {dagbag.py:588} INFO - Filling up the DagBag from /home/airflow/.local/lib/python3.12/site-packages/airflow/example_dags/tutorial.py
[2025-03-22T09:16:14.300+0000] {processor.py:925} INFO - DAG(s) 'tutorial' retrieved from /home/airflow/.local/lib/python3.12/site-packages/airflow/example_dags/tutorial.py
[2025-03-22T09:16:14.319+0000] {logging_mixin.py:190} INFO - [2025-03-22T09:16:14.318+0000] {dag.py:3239} INFO - Sync 1 DAGs
[2025-03-22T09:16:14.340+0000] {logging_mixin.py:190} INFO - [2025-03-22T09:16:14.340+0000] {dag.py:4180} INFO - Setting next_dagrun for tutorial to 2025-03-21 00:00:00+00:00, run_after=2025-03-22 00:00:00+00:00
[2025-03-22T09:16:14.359+0000] {processor.py:208} INFO - Processing /home/airflow/.local/lib/python3.12/site-packages/airflow/example_dags/tutorial.py took 0.072 seconds
[2025-03-22T09:16:45.059+0000] {processor.py:186} INFO - Started process (PID=2426) to work on /home/airflow/.local/lib/python3.12/site-packages/airflow/example_dags/tutorial.py
[2025-03-22T09:16:45.060+0000] {processor.py:914} INFO - Processing file /home/airflow/.local/lib/python3.12/site-packages/airflow/example_dags/tutorial.py for tasks to queue
[2025-03-22T09:16:45.063+0000] {logging_mixin.py:190} INFO - [2025-03-22T09:16:45.062+0000] {dagbag.py:588} INFO - Filling up the DagBag from /home/airflow/.local/lib/python3.12/site-packages/airflow/example_dags/tutorial.py
[2025-03-22T09:16:45.073+0000] {processor.py:925} INFO - DAG(s) 'tutorial' retrieved from /home/airflow/.local/lib/python3.12/site-packages/airflow/example_dags/tutorial.py
[2025-03-22T09:16:45.102+0000] {logging_mixin.py:190} INFO - [2025-03-22T09:16:45.101+0000] {dag.py:3239} INFO - Sync 1 DAGs
[2025-03-22T09:16:45.135+0000] {logging_mixin.py:190} INFO - [2025-03-22T09:16:45.135+0000] {dag.py:4180} INFO - Setting next_dagrun for tutorial to 2025-03-21 00:00:00+00:00, run_after=2025-03-22 00:00:00+00:00
[2025-03-22T09:16:45.163+0000] {processor.py:208} INFO - Processing /home/airflow/.local/lib/python3.12/site-packages/airflow/example_dags/tutorial.py took 0.111 seconds
[2025-03-22T09:17:15.313+0000] {processor.py:186} INFO - Started process (PID=2488) to work on /home/airflow/.local/lib/python3.12/site-packages/airflow/example_dags/tutorial.py
[2025-03-22T09:17:15.314+0000] {processor.py:914} INFO - Processing file /home/airflow/.local/lib/python3.12/site-packages/airflow/example_dags/tutorial.py for tasks to queue
[2025-03-22T09:17:15.323+0000] {logging_mixin.py:190} INFO - [2025-03-22T09:17:15.322+0000] {dagbag.py:588} INFO - Filling up the DagBag from /home/airflow/.local/lib/python3.12/site-packages/airflow/example_dags/tutorial.py
[2025-03-22T09:17:15.335+0000] {processor.py:925} INFO - DAG(s) 'tutorial' retrieved from /home/airflow/.local/lib/python3.12/site-packages/airflow/example_dags/tutorial.py
[2025-03-22T09:17:15.358+0000] {logging_mixin.py:190} INFO - [2025-03-22T09:17:15.357+0000] {dag.py:3239} INFO - Sync 1 DAGs
[2025-03-22T09:17:15.381+0000] {logging_mixin.py:190} INFO - [2025-03-22T09:17:15.381+0000] {dag.py:4180} INFO - Setting next_dagrun for tutorial to 2025-03-21 00:00:00+00:00, run_after=2025-03-22 00:00:00+00:00
[2025-03-22T09:17:15.405+0000] {processor.py:208} INFO - Processing /home/airflow/.local/lib/python3.12/site-packages/airflow/example_dags/tutorial.py took 0.099 seconds
[2025-03-22T09:17:45.988+0000] {processor.py:186} INFO - Started process (PID=2551) to work on /home/airflow/.local/lib/python3.12/site-packages/airflow/example_dags/tutorial.py
[2025-03-22T09:17:45.989+0000] {processor.py:914} INFO - Processing file /home/airflow/.local/lib/python3.12/site-packages/airflow/example_dags/tutorial.py for tasks to queue
[2025-03-22T09:17:45.991+0000] {logging_mixin.py:190} INFO - [2025-03-22T09:17:45.991+0000] {dagbag.py:588} INFO - Filling up the DagBag from /home/airflow/.local/lib/python3.12/site-packages/airflow/example_dags/tutorial.py
[2025-03-22T09:17:45.998+0000] {processor.py:925} INFO - DAG(s) 'tutorial' retrieved from /home/airflow/.local/lib/python3.12/site-packages/airflow/example_dags/tutorial.py
[2025-03-22T09:17:46.017+0000] {logging_mixin.py:190} INFO - [2025-03-22T09:17:46.017+0000] {dag.py:3239} INFO - Sync 1 DAGs
[2025-03-22T09:17:46.040+0000] {logging_mixin.py:190} INFO - [2025-03-22T09:17:46.039+0000] {dag.py:4180} INFO - Setting next_dagrun for tutorial to 2025-03-21 00:00:00+00:00, run_after=2025-03-22 00:00:00+00:00
[2025-03-22T09:17:46.058+0000] {processor.py:208} INFO - Processing /home/airflow/.local/lib/python3.12/site-packages/airflow/example_dags/tutorial.py took 0.074 seconds
[2025-03-22T09:18:16.157+0000] {processor.py:186} INFO - Started process (PID=2616) to work on /home/airflow/.local/lib/python3.12/site-packages/airflow/example_dags/tutorial.py
[2025-03-22T09:18:16.158+0000] {processor.py:914} INFO - Processing file /home/airflow/.local/lib/python3.12/site-packages/airflow/example_dags/tutorial.py for tasks to queue
[2025-03-22T09:18:16.159+0000] {logging_mixin.py:190} INFO - [2025-03-22T09:18:16.158+0000] {dagbag.py:588} INFO - Filling up the DagBag from /home/airflow/.local/lib/python3.12/site-packages/airflow/example_dags/tutorial.py
[2025-03-22T09:18:16.167+0000] {processor.py:925} INFO - DAG(s) 'tutorial' retrieved from /home/airflow/.local/lib/python3.12/site-packages/airflow/example_dags/tutorial.py
[2025-03-22T09:18:16.188+0000] {logging_mixin.py:190} INFO - [2025-03-22T09:18:16.188+0000] {dag.py:3239} INFO - Sync 1 DAGs
[2025-03-22T09:18:16.214+0000] {logging_mixin.py:190} INFO - [2025-03-22T09:18:16.213+0000] {dag.py:4180} INFO - Setting next_dagrun for tutorial to 2025-03-21 00:00:00+00:00, run_after=2025-03-22 00:00:00+00:00
[2025-03-22T09:18:16.231+0000] {processor.py:208} INFO - Processing /home/airflow/.local/lib/python3.12/site-packages/airflow/example_dags/tutorial.py took 0.078 seconds
[2025-03-22T09:18:46.690+0000] {processor.py:186} INFO - Started process (PID=2681) to work on /home/airflow/.local/lib/python3.12/site-packages/airflow/example_dags/tutorial.py
[2025-03-22T09:18:46.691+0000] {processor.py:914} INFO - Processing file /home/airflow/.local/lib/python3.12/site-packages/airflow/example_dags/tutorial.py for tasks to queue
[2025-03-22T09:18:46.692+0000] {logging_mixin.py:190} INFO - [2025-03-22T09:18:46.692+0000] {dagbag.py:588} INFO - Filling up the DagBag from /home/airflow/.local/lib/python3.12/site-packages/airflow/example_dags/tutorial.py
[2025-03-22T09:18:46.701+0000] {processor.py:925} INFO - DAG(s) 'tutorial' retrieved from /home/airflow/.local/lib/python3.12/site-packages/airflow/example_dags/tutorial.py
[2025-03-22T09:18:46.727+0000] {logging_mixin.py:190} INFO - [2025-03-22T09:18:46.726+0000] {dag.py:3239} INFO - Sync 1 DAGs
[2025-03-22T09:18:46.754+0000] {logging_mixin.py:190} INFO - [2025-03-22T09:18:46.753+0000] {dag.py:4180} INFO - Setting next_dagrun for tutorial to 2025-03-21 00:00:00+00:00, run_after=2025-03-22 00:00:00+00:00
[2025-03-22T09:18:46.776+0000] {processor.py:208} INFO - Processing /home/airflow/.local/lib/python3.12/site-packages/airflow/example_dags/tutorial.py took 0.092 seconds
[2025-03-22T09:19:16.941+0000] {processor.py:186} INFO - Started process (PID=2746) to work on /home/airflow/.local/lib/python3.12/site-packages/airflow/example_dags/tutorial.py
[2025-03-22T09:19:16.942+0000] {processor.py:914} INFO - Processing file /home/airflow/.local/lib/python3.12/site-packages/airflow/example_dags/tutorial.py for tasks to queue
[2025-03-22T09:19:16.955+0000] {logging_mixin.py:190} INFO - [2025-03-22T09:19:16.955+0000] {dagbag.py:588} INFO - Filling up the DagBag from /home/airflow/.local/lib/python3.12/site-packages/airflow/example_dags/tutorial.py
[2025-03-22T09:19:16.976+0000] {processor.py:925} INFO - DAG(s) 'tutorial' retrieved from /home/airflow/.local/lib/python3.12/site-packages/airflow/example_dags/tutorial.py
[2025-03-22T09:19:17.001+0000] {logging_mixin.py:190} INFO - [2025-03-22T09:19:17.001+0000] {dag.py:3239} INFO - Sync 1 DAGs
[2025-03-22T09:19:17.031+0000] {logging_mixin.py:190} INFO - [2025-03-22T09:19:17.031+0000] {dag.py:4180} INFO - Setting next_dagrun for tutorial to 2025-03-21 00:00:00+00:00, run_after=2025-03-22 00:00:00+00:00
[2025-03-22T09:19:17.058+0000] {processor.py:208} INFO - Processing /home/airflow/.local/lib/python3.12/site-packages/airflow/example_dags/tutorial.py took 0.136 seconds
[2025-03-22T09:19:47.262+0000] {processor.py:186} INFO - Started process (PID=2810) to work on /home/airflow/.local/lib/python3.12/site-packages/airflow/example_dags/tutorial.py
[2025-03-22T09:19:47.263+0000] {processor.py:914} INFO - Processing file /home/airflow/.local/lib/python3.12/site-packages/airflow/example_dags/tutorial.py for tasks to queue
[2025-03-22T09:19:47.264+0000] {logging_mixin.py:190} INFO - [2025-03-22T09:19:47.264+0000] {dagbag.py:588} INFO - Filling up the DagBag from /home/airflow/.local/lib/python3.12/site-packages/airflow/example_dags/tutorial.py
[2025-03-22T09:19:47.274+0000] {processor.py:925} INFO - DAG(s) 'tutorial' retrieved from /home/airflow/.local/lib/python3.12/site-packages/airflow/example_dags/tutorial.py
[2025-03-22T09:19:47.301+0000] {logging_mixin.py:190} INFO - [2025-03-22T09:19:47.301+0000] {dag.py:3239} INFO - Sync 1 DAGs
[2025-03-22T09:19:47.331+0000] {logging_mixin.py:190} INFO - [2025-03-22T09:19:47.330+0000] {dag.py:4180} INFO - Setting next_dagrun for tutorial to 2025-03-21 00:00:00+00:00, run_after=2025-03-22 00:00:00+00:00
[2025-03-22T09:19:47.349+0000] {processor.py:208} INFO - Processing /home/airflow/.local/lib/python3.12/site-packages/airflow/example_dags/tutorial.py took 0.095 seconds
[2025-03-22T09:20:17.546+0000] {processor.py:186} INFO - Started process (PID=2874) to work on /home/airflow/.local/lib/python3.12/site-packages/airflow/example_dags/tutorial.py
[2025-03-22T09:20:17.547+0000] {processor.py:914} INFO - Processing file /home/airflow/.local/lib/python3.12/site-packages/airflow/example_dags/tutorial.py for tasks to queue
[2025-03-22T09:20:17.549+0000] {logging_mixin.py:190} INFO - [2025-03-22T09:20:17.549+0000] {dagbag.py:588} INFO - Filling up the DagBag from /home/airflow/.local/lib/python3.12/site-packages/airflow/example_dags/tutorial.py
[2025-03-22T09:20:17.564+0000] {processor.py:925} INFO - DAG(s) 'tutorial' retrieved from /home/airflow/.local/lib/python3.12/site-packages/airflow/example_dags/tutorial.py
[2025-03-22T09:20:17.596+0000] {logging_mixin.py:190} INFO - [2025-03-22T09:20:17.595+0000] {dag.py:3239} INFO - Sync 1 DAGs
[2025-03-22T09:20:17.634+0000] {logging_mixin.py:190} INFO - [2025-03-22T09:20:17.633+0000] {dag.py:4180} INFO - Setting next_dagrun for tutorial to 2025-03-21 00:00:00+00:00, run_after=2025-03-22 00:00:00+00:00
[2025-03-22T09:20:17.662+0000] {processor.py:208} INFO - Processing /home/airflow/.local/lib/python3.12/site-packages/airflow/example_dags/tutorial.py took 0.125 seconds
[2025-03-22T09:20:47.804+0000] {processor.py:186} INFO - Started process (PID=2938) to work on /home/airflow/.local/lib/python3.12/site-packages/airflow/example_dags/tutorial.py
[2025-03-22T09:20:47.805+0000] {processor.py:914} INFO - Processing file /home/airflow/.local/lib/python3.12/site-packages/airflow/example_dags/tutorial.py for tasks to queue
[2025-03-22T09:20:47.806+0000] {logging_mixin.py:190} INFO - [2025-03-22T09:20:47.806+0000] {dagbag.py:588} INFO - Filling up the DagBag from /home/airflow/.local/lib/python3.12/site-packages/airflow/example_dags/tutorial.py
[2025-03-22T09:20:47.814+0000] {processor.py:925} INFO - DAG(s) 'tutorial' retrieved from /home/airflow/.local/lib/python3.12/site-packages/airflow/example_dags/tutorial.py
[2025-03-22T09:20:47.832+0000] {logging_mixin.py:190} INFO - [2025-03-22T09:20:47.832+0000] {dag.py:3239} INFO - Sync 1 DAGs
[2025-03-22T09:20:47.855+0000] {logging_mixin.py:190} INFO - [2025-03-22T09:20:47.855+0000] {dag.py:4180} INFO - Setting next_dagrun for tutorial to 2025-03-21 00:00:00+00:00, run_after=2025-03-22 00:00:00+00:00
[2025-03-22T09:20:47.877+0000] {processor.py:208} INFO - Processing /home/airflow/.local/lib/python3.12/site-packages/airflow/example_dags/tutorial.py took 0.079 seconds
[2025-03-22T09:21:18.558+0000] {processor.py:186} INFO - Started process (PID=3002) to work on /home/airflow/.local/lib/python3.12/site-packages/airflow/example_dags/tutorial.py
[2025-03-22T09:21:18.559+0000] {processor.py:914} INFO - Processing file /home/airflow/.local/lib/python3.12/site-packages/airflow/example_dags/tutorial.py for tasks to queue
[2025-03-22T09:21:18.560+0000] {logging_mixin.py:190} INFO - [2025-03-22T09:21:18.560+0000] {dagbag.py:588} INFO - Filling up the DagBag from /home/airflow/.local/lib/python3.12/site-packages/airflow/example_dags/tutorial.py
[2025-03-22T09:21:18.570+0000] {processor.py:925} INFO - DAG(s) 'tutorial' retrieved from /home/airflow/.local/lib/python3.12/site-packages/airflow/example_dags/tutorial.py
[2025-03-22T09:21:18.590+0000] {logging_mixin.py:190} INFO - [2025-03-22T09:21:18.590+0000] {dag.py:3239} INFO - Sync 1 DAGs
[2025-03-22T09:21:18.613+0000] {logging_mixin.py:190} INFO - [2025-03-22T09:21:18.613+0000] {dag.py:4180} INFO - Setting next_dagrun for tutorial to 2025-03-21 00:00:00+00:00, run_after=2025-03-22 00:00:00+00:00
[2025-03-22T09:21:18.631+0000] {processor.py:208} INFO - Processing /home/airflow/.local/lib/python3.12/site-packages/airflow/example_dags/tutorial.py took 0.079 seconds
[2025-03-22T09:21:48.674+0000] {processor.py:186} INFO - Started process (PID=3065) to work on /home/airflow/.local/lib/python3.12/site-packages/airflow/example_dags/tutorial.py
[2025-03-22T09:21:48.675+0000] {processor.py:914} INFO - Processing file /home/airflow/.local/lib/python3.12/site-packages/airflow/example_dags/tutorial.py for tasks to queue
[2025-03-22T09:21:48.676+0000] {logging_mixin.py:190} INFO - [2025-03-22T09:21:48.676+0000] {dagbag.py:588} INFO - Filling up the DagBag from /home/airflow/.local/lib/python3.12/site-packages/airflow/example_dags/tutorial.py
[2025-03-22T09:21:48.686+0000] {processor.py:925} INFO - DAG(s) 'tutorial' retrieved from /home/airflow/.local/lib/python3.12/site-packages/airflow/example_dags/tutorial.py
[2025-03-22T09:21:48.712+0000] {logging_mixin.py:190} INFO - [2025-03-22T09:21:48.712+0000] {dag.py:3239} INFO - Sync 1 DAGs
[2025-03-22T09:21:48.740+0000] {logging_mixin.py:190} INFO - [2025-03-22T09:21:48.740+0000] {dag.py:4180} INFO - Setting next_dagrun for tutorial to 2025-03-21 00:00:00+00:00, run_after=2025-03-22 00:00:00+00:00
[2025-03-22T09:21:48.762+0000] {processor.py:208} INFO - Processing /home/airflow/.local/lib/python3.12/site-packages/airflow/example_dags/tutorial.py took 0.094 seconds
[2025-03-22T09:22:19.427+0000] {processor.py:186} INFO - Started process (PID=3129) to work on /home/airflow/.local/lib/python3.12/site-packages/airflow/example_dags/tutorial.py
[2025-03-22T09:22:19.428+0000] {processor.py:914} INFO - Processing file /home/airflow/.local/lib/python3.12/site-packages/airflow/example_dags/tutorial.py for tasks to queue
[2025-03-22T09:22:19.430+0000] {logging_mixin.py:190} INFO - [2025-03-22T09:22:19.429+0000] {dagbag.py:588} INFO - Filling up the DagBag from /home/airflow/.local/lib/python3.12/site-packages/airflow/example_dags/tutorial.py
[2025-03-22T09:22:19.440+0000] {processor.py:925} INFO - DAG(s) 'tutorial' retrieved from /home/airflow/.local/lib/python3.12/site-packages/airflow/example_dags/tutorial.py
[2025-03-22T09:22:19.461+0000] {logging_mixin.py:190} INFO - [2025-03-22T09:22:19.461+0000] {dag.py:3239} INFO - Sync 1 DAGs
[2025-03-22T09:22:19.486+0000] {logging_mixin.py:190} INFO - [2025-03-22T09:22:19.486+0000] {dag.py:4180} INFO - Setting next_dagrun for tutorial to 2025-03-21 00:00:00+00:00, run_after=2025-03-22 00:00:00+00:00
[2025-03-22T09:22:19.513+0000] {processor.py:208} INFO - Processing /home/airflow/.local/lib/python3.12/site-packages/airflow/example_dags/tutorial.py took 0.091 seconds
[2025-03-22T09:22:49.995+0000] {processor.py:186} INFO - Started process (PID=3194) to work on /home/airflow/.local/lib/python3.12/site-packages/airflow/example_dags/tutorial.py
[2025-03-22T09:22:49.996+0000] {processor.py:914} INFO - Processing file /home/airflow/.local/lib/python3.12/site-packages/airflow/example_dags/tutorial.py for tasks to queue
[2025-03-22T09:22:49.998+0000] {logging_mixin.py:190} INFO - [2025-03-22T09:22:49.997+0000] {dagbag.py:588} INFO - Filling up the DagBag from /home/airflow/.local/lib/python3.12/site-packages/airflow/example_dags/tutorial.py
[2025-03-22T09:22:50.010+0000] {processor.py:925} INFO - DAG(s) 'tutorial' retrieved from /home/airflow/.local/lib/python3.12/site-packages/airflow/example_dags/tutorial.py
[2025-03-22T09:22:50.033+0000] {logging_mixin.py:190} INFO - [2025-03-22T09:22:50.031+0000] {dag.py:3239} INFO - Sync 1 DAGs
[2025-03-22T09:22:50.072+0000] {logging_mixin.py:190} INFO - [2025-03-22T09:22:50.072+0000] {dag.py:4180} INFO - Setting next_dagrun for tutorial to 2025-03-21 00:00:00+00:00, run_after=2025-03-22 00:00:00+00:00
[2025-03-22T09:22:50.093+0000] {processor.py:208} INFO - Processing /home/airflow/.local/lib/python3.12/site-packages/airflow/example_dags/tutorial.py took 0.103 seconds
[2025-03-22T09:23:20.381+0000] {processor.py:186} INFO - Started process (PID=3257) to work on /home/airflow/.local/lib/python3.12/site-packages/airflow/example_dags/tutorial.py
[2025-03-22T09:23:20.382+0000] {processor.py:914} INFO - Processing file /home/airflow/.local/lib/python3.12/site-packages/airflow/example_dags/tutorial.py for tasks to queue
[2025-03-22T09:23:20.383+0000] {logging_mixin.py:190} INFO - [2025-03-22T09:23:20.383+0000] {dagbag.py:588} INFO - Filling up the DagBag from /home/airflow/.local/lib/python3.12/site-packages/airflow/example_dags/tutorial.py
[2025-03-22T09:23:20.392+0000] {processor.py:925} INFO - DAG(s) 'tutorial' retrieved from /home/airflow/.local/lib/python3.12/site-packages/airflow/example_dags/tutorial.py
[2025-03-22T09:23:20.414+0000] {logging_mixin.py:190} INFO - [2025-03-22T09:23:20.414+0000] {dag.py:3239} INFO - Sync 1 DAGs
[2025-03-22T09:23:20.442+0000] {logging_mixin.py:190} INFO - [2025-03-22T09:23:20.442+0000] {dag.py:4180} INFO - Setting next_dagrun for tutorial to 2025-03-21 00:00:00+00:00, run_after=2025-03-22 00:00:00+00:00
[2025-03-22T09:23:20.464+0000] {processor.py:208} INFO - Processing /home/airflow/.local/lib/python3.12/site-packages/airflow/example_dags/tutorial.py took 0.089 seconds
[2025-03-22T09:23:50.586+0000] {processor.py:186} INFO - Started process (PID=3320) to work on /home/airflow/.local/lib/python3.12/site-packages/airflow/example_dags/tutorial.py
[2025-03-22T09:23:50.587+0000] {processor.py:914} INFO - Processing file /home/airflow/.local/lib/python3.12/site-packages/airflow/example_dags/tutorial.py for tasks to queue
[2025-03-22T09:23:50.588+0000] {logging_mixin.py:190} INFO - [2025-03-22T09:23:50.588+0000] {dagbag.py:588} INFO - Filling up the DagBag from /home/airflow/.local/lib/python3.12/site-packages/airflow/example_dags/tutorial.py
[2025-03-22T09:23:50.596+0000] {processor.py:925} INFO - DAG(s) 'tutorial' retrieved from /home/airflow/.local/lib/python3.12/site-packages/airflow/example_dags/tutorial.py
[2025-03-22T09:23:50.614+0000] {logging_mixin.py:190} INFO - [2025-03-22T09:23:50.614+0000] {dag.py:3239} INFO - Sync 1 DAGs
[2025-03-22T09:23:50.636+0000] {logging_mixin.py:190} INFO - [2025-03-22T09:23:50.636+0000] {dag.py:4180} INFO - Setting next_dagrun for tutorial to 2025-03-21 00:00:00+00:00, run_after=2025-03-22 00:00:00+00:00
[2025-03-22T09:23:50.655+0000] {processor.py:208} INFO - Processing /home/airflow/.local/lib/python3.12/site-packages/airflow/example_dags/tutorial.py took 0.074 seconds
[2025-03-22T09:24:20.972+0000] {processor.py:186} INFO - Started process (PID=3384) to work on /home/airflow/.local/lib/python3.12/site-packages/airflow/example_dags/tutorial.py
[2025-03-22T09:24:20.973+0000] {processor.py:914} INFO - Processing file /home/airflow/.local/lib/python3.12/site-packages/airflow/example_dags/tutorial.py for tasks to queue
[2025-03-22T09:24:20.975+0000] {logging_mixin.py:190} INFO - [2025-03-22T09:24:20.975+0000] {dagbag.py:588} INFO - Filling up the DagBag from /home/airflow/.local/lib/python3.12/site-packages/airflow/example_dags/tutorial.py
[2025-03-22T09:24:20.992+0000] {processor.py:925} INFO - DAG(s) 'tutorial' retrieved from /home/airflow/.local/lib/python3.12/site-packages/airflow/example_dags/tutorial.py
[2025-03-22T09:24:21.053+0000] {logging_mixin.py:190} INFO - [2025-03-22T09:24:21.052+0000] {dag.py:3239} INFO - Sync 1 DAGs
[2025-03-22T09:24:21.093+0000] {logging_mixin.py:190} INFO - [2025-03-22T09:24:21.093+0000] {dag.py:4180} INFO - Setting next_dagrun for tutorial to 2025-03-21 00:00:00+00:00, run_after=2025-03-22 00:00:00+00:00
[2025-03-22T09:24:21.121+0000] {processor.py:208} INFO - Processing /home/airflow/.local/lib/python3.12/site-packages/airflow/example_dags/tutorial.py took 0.157 seconds
[2025-03-22T09:24:51.598+0000] {processor.py:186} INFO - Started process (PID=3454) to work on /home/airflow/.local/lib/python3.12/site-packages/airflow/example_dags/tutorial.py
[2025-03-22T09:24:51.599+0000] {processor.py:914} INFO - Processing file /home/airflow/.local/lib/python3.12/site-packages/airflow/example_dags/tutorial.py for tasks to queue
[2025-03-22T09:24:51.600+0000] {logging_mixin.py:190} INFO - [2025-03-22T09:24:51.600+0000] {dagbag.py:588} INFO - Filling up the DagBag from /home/airflow/.local/lib/python3.12/site-packages/airflow/example_dags/tutorial.py
[2025-03-22T09:24:51.607+0000] {processor.py:925} INFO - DAG(s) 'tutorial' retrieved from /home/airflow/.local/lib/python3.12/site-packages/airflow/example_dags/tutorial.py
[2025-03-22T09:24:51.626+0000] {logging_mixin.py:190} INFO - [2025-03-22T09:24:51.626+0000] {dag.py:3239} INFO - Sync 1 DAGs
[2025-03-22T09:24:51.647+0000] {logging_mixin.py:190} INFO - [2025-03-22T09:24:51.646+0000] {dag.py:4180} INFO - Setting next_dagrun for tutorial to 2025-03-21 00:00:00+00:00, run_after=2025-03-22 00:00:00+00:00
[2025-03-22T09:24:51.662+0000] {processor.py:208} INFO - Processing /home/airflow/.local/lib/python3.12/site-packages/airflow/example_dags/tutorial.py took 0.068 seconds
[2025-03-22T09:25:21.956+0000] {processor.py:186} INFO - Started process (PID=3518) to work on /home/airflow/.local/lib/python3.12/site-packages/airflow/example_dags/tutorial.py
[2025-03-22T09:25:21.957+0000] {processor.py:914} INFO - Processing file /home/airflow/.local/lib/python3.12/site-packages/airflow/example_dags/tutorial.py for tasks to queue
[2025-03-22T09:25:21.958+0000] {logging_mixin.py:190} INFO - [2025-03-22T09:25:21.958+0000] {dagbag.py:588} INFO - Filling up the DagBag from /home/airflow/.local/lib/python3.12/site-packages/airflow/example_dags/tutorial.py
[2025-03-22T09:25:21.966+0000] {processor.py:925} INFO - DAG(s) 'tutorial' retrieved from /home/airflow/.local/lib/python3.12/site-packages/airflow/example_dags/tutorial.py
[2025-03-22T09:25:21.986+0000] {logging_mixin.py:190} INFO - [2025-03-22T09:25:21.986+0000] {dag.py:3239} INFO - Sync 1 DAGs
[2025-03-22T09:25:22.011+0000] {logging_mixin.py:190} INFO - [2025-03-22T09:25:22.011+0000] {dag.py:4180} INFO - Setting next_dagrun for tutorial to 2025-03-21 00:00:00+00:00, run_after=2025-03-22 00:00:00+00:00
[2025-03-22T09:25:22.029+0000] {processor.py:208} INFO - Processing /home/airflow/.local/lib/python3.12/site-packages/airflow/example_dags/tutorial.py took 0.078 seconds
[2025-03-22T09:25:52.140+0000] {processor.py:186} INFO - Started process (PID=3582) to work on /home/airflow/.local/lib/python3.12/site-packages/airflow/example_dags/tutorial.py
[2025-03-22T09:25:52.141+0000] {processor.py:914} INFO - Processing file /home/airflow/.local/lib/python3.12/site-packages/airflow/example_dags/tutorial.py for tasks to queue
[2025-03-22T09:25:52.142+0000] {logging_mixin.py:190} INFO - [2025-03-22T09:25:52.142+0000] {dagbag.py:588} INFO - Filling up the DagBag from /home/airflow/.local/lib/python3.12/site-packages/airflow/example_dags/tutorial.py
[2025-03-22T09:25:52.150+0000] {processor.py:925} INFO - DAG(s) 'tutorial' retrieved from /home/airflow/.local/lib/python3.12/site-packages/airflow/example_dags/tutorial.py
[2025-03-22T09:25:52.172+0000] {logging_mixin.py:190} INFO - [2025-03-22T09:25:52.171+0000] {dag.py:3239} INFO - Sync 1 DAGs
[2025-03-22T09:25:52.200+0000] {logging_mixin.py:190} INFO - [2025-03-22T09:25:52.199+0000] {dag.py:4180} INFO - Setting next_dagrun for tutorial to 2025-03-21 00:00:00+00:00, run_after=2025-03-22 00:00:00+00:00
[2025-03-22T09:25:52.228+0000] {processor.py:208} INFO - Processing /home/airflow/.local/lib/python3.12/site-packages/airflow/example_dags/tutorial.py took 0.094 seconds
[2025-03-22T09:26:22.741+0000] {processor.py:186} INFO - Started process (PID=3646) to work on /home/airflow/.local/lib/python3.12/site-packages/airflow/example_dags/tutorial.py
[2025-03-22T09:26:22.742+0000] {processor.py:914} INFO - Processing file /home/airflow/.local/lib/python3.12/site-packages/airflow/example_dags/tutorial.py for tasks to queue
[2025-03-22T09:26:22.744+0000] {logging_mixin.py:190} INFO - [2025-03-22T09:26:22.743+0000] {dagbag.py:588} INFO - Filling up the DagBag from /home/airflow/.local/lib/python3.12/site-packages/airflow/example_dags/tutorial.py
[2025-03-22T09:26:22.754+0000] {processor.py:925} INFO - DAG(s) 'tutorial' retrieved from /home/airflow/.local/lib/python3.12/site-packages/airflow/example_dags/tutorial.py
[2025-03-22T09:26:22.781+0000] {logging_mixin.py:190} INFO - [2025-03-22T09:26:22.780+0000] {dag.py:3239} INFO - Sync 1 DAGs
[2025-03-22T09:26:22.810+0000] {logging_mixin.py:190} INFO - [2025-03-22T09:26:22.810+0000] {dag.py:4180} INFO - Setting next_dagrun for tutorial to 2025-03-21 00:00:00+00:00, run_after=2025-03-22 00:00:00+00:00
[2025-03-22T09:26:22.832+0000] {processor.py:208} INFO - Processing /home/airflow/.local/lib/python3.12/site-packages/airflow/example_dags/tutorial.py took 0.097 seconds
[2025-03-22T09:26:53.020+0000] {processor.py:186} INFO - Started process (PID=3710) to work on /home/airflow/.local/lib/python3.12/site-packages/airflow/example_dags/tutorial.py
[2025-03-22T09:26:53.021+0000] {processor.py:914} INFO - Processing file /home/airflow/.local/lib/python3.12/site-packages/airflow/example_dags/tutorial.py for tasks to queue
[2025-03-22T09:26:53.023+0000] {logging_mixin.py:190} INFO - [2025-03-22T09:26:53.023+0000] {dagbag.py:588} INFO - Filling up the DagBag from /home/airflow/.local/lib/python3.12/site-packages/airflow/example_dags/tutorial.py
[2025-03-22T09:26:53.037+0000] {processor.py:925} INFO - DAG(s) 'tutorial' retrieved from /home/airflow/.local/lib/python3.12/site-packages/airflow/example_dags/tutorial.py
[2025-03-22T09:26:53.067+0000] {logging_mixin.py:190} INFO - [2025-03-22T09:26:53.067+0000] {dag.py:3239} INFO - Sync 1 DAGs
[2025-03-22T09:26:53.102+0000] {logging_mixin.py:190} INFO - [2025-03-22T09:26:53.101+0000] {dag.py:4180} INFO - Setting next_dagrun for tutorial to 2025-03-21 00:00:00+00:00, run_after=2025-03-22 00:00:00+00:00
[2025-03-22T09:26:53.130+0000] {processor.py:208} INFO - Processing /home/airflow/.local/lib/python3.12/site-packages/airflow/example_dags/tutorial.py took 0.120 seconds
[2025-03-22T09:27:23.895+0000] {processor.py:186} INFO - Started process (PID=3774) to work on /home/airflow/.local/lib/python3.12/site-packages/airflow/example_dags/tutorial.py
[2025-03-22T09:27:23.896+0000] {processor.py:914} INFO - Processing file /home/airflow/.local/lib/python3.12/site-packages/airflow/example_dags/tutorial.py for tasks to queue
[2025-03-22T09:27:23.898+0000] {logging_mixin.py:190} INFO - [2025-03-22T09:27:23.897+0000] {dagbag.py:588} INFO - Filling up the DagBag from /home/airflow/.local/lib/python3.12/site-packages/airflow/example_dags/tutorial.py
[2025-03-22T09:27:23.911+0000] {processor.py:925} INFO - DAG(s) 'tutorial' retrieved from /home/airflow/.local/lib/python3.12/site-packages/airflow/example_dags/tutorial.py
[2025-03-22T09:27:23.943+0000] {logging_mixin.py:190} INFO - [2025-03-22T09:27:23.943+0000] {dag.py:3239} INFO - Sync 1 DAGs
[2025-03-22T09:27:23.981+0000] {logging_mixin.py:190} INFO - [2025-03-22T09:27:23.981+0000] {dag.py:4180} INFO - Setting next_dagrun for tutorial to 2025-03-21 00:00:00+00:00, run_after=2025-03-22 00:00:00+00:00
[2025-03-22T09:27:24.013+0000] {processor.py:208} INFO - Processing /home/airflow/.local/lib/python3.12/site-packages/airflow/example_dags/tutorial.py took 0.128 seconds
[2025-03-22T09:27:54.651+0000] {processor.py:186} INFO - Started process (PID=3838) to work on /home/airflow/.local/lib/python3.12/site-packages/airflow/example_dags/tutorial.py
[2025-03-22T09:27:54.652+0000] {processor.py:914} INFO - Processing file /home/airflow/.local/lib/python3.12/site-packages/airflow/example_dags/tutorial.py for tasks to queue
[2025-03-22T09:27:54.654+0000] {logging_mixin.py:190} INFO - [2025-03-22T09:27:54.654+0000] {dagbag.py:588} INFO - Filling up the DagBag from /home/airflow/.local/lib/python3.12/site-packages/airflow/example_dags/tutorial.py
[2025-03-22T09:27:54.673+0000] {processor.py:925} INFO - DAG(s) 'tutorial' retrieved from /home/airflow/.local/lib/python3.12/site-packages/airflow/example_dags/tutorial.py
[2025-03-22T09:27:54.702+0000] {logging_mixin.py:190} INFO - [2025-03-22T09:27:54.702+0000] {dag.py:3239} INFO - Sync 1 DAGs
[2025-03-22T09:27:54.733+0000] {logging_mixin.py:190} INFO - [2025-03-22T09:27:54.732+0000] {dag.py:4180} INFO - Setting next_dagrun for tutorial to 2025-03-21 00:00:00+00:00, run_after=2025-03-22 00:00:00+00:00
[2025-03-22T09:27:54.756+0000] {processor.py:208} INFO - Processing /home/airflow/.local/lib/python3.12/site-packages/airflow/example_dags/tutorial.py took 0.116 seconds
[2025-03-22T09:28:25.504+0000] {processor.py:186} INFO - Started process (PID=3902) to work on /home/airflow/.local/lib/python3.12/site-packages/airflow/example_dags/tutorial.py
[2025-03-22T09:28:25.506+0000] {processor.py:914} INFO - Processing file /home/airflow/.local/lib/python3.12/site-packages/airflow/example_dags/tutorial.py for tasks to queue
[2025-03-22T09:28:25.508+0000] {logging_mixin.py:190} INFO - [2025-03-22T09:28:25.507+0000] {dagbag.py:588} INFO - Filling up the DagBag from /home/airflow/.local/lib/python3.12/site-packages/airflow/example_dags/tutorial.py
[2025-03-22T09:28:25.518+0000] {processor.py:925} INFO - DAG(s) 'tutorial' retrieved from /home/airflow/.local/lib/python3.12/site-packages/airflow/example_dags/tutorial.py
[2025-03-22T09:28:25.547+0000] {logging_mixin.py:190} INFO - [2025-03-22T09:28:25.547+0000] {dag.py:3239} INFO - Sync 1 DAGs
[2025-03-22T09:28:25.789+0000] {logging_mixin.py:190} INFO - [2025-03-22T09:28:25.789+0000] {dag.py:4180} INFO - Setting next_dagrun for tutorial to 2025-03-21 00:00:00+00:00, run_after=2025-03-22 00:00:00+00:00
[2025-03-22T09:28:25.813+0000] {processor.py:208} INFO - Processing /home/airflow/.local/lib/python3.12/site-packages/airflow/example_dags/tutorial.py took 0.316 seconds
