[2025-04-06T13:30:27.234+0000] {local_task_job_runner.py:123} INFO - ::group::Pre task execution logs
[2025-04-06T13:30:27.260+0000] {taskinstance.py:2614} INFO - Dependencies all met for dep_context=non-requeueable deps ti=<TaskInstance: etl_duckdb_dag_custom_class.check_data manual__2025-04-06T13:30:19.512914+00:00 [queued]>
[2025-04-06T13:30:27.270+0000] {taskinstance.py:2614} INFO - Dependencies all met for dep_context=requeueable deps ti=<TaskInstance: etl_duckdb_dag_custom_class.check_data manual__2025-04-06T13:30:19.512914+00:00 [queued]>
[2025-04-06T13:30:27.271+0000] {taskinstance.py:2867} INFO - Starting attempt 1 of 2
[2025-04-06T13:30:27.291+0000] {taskinstance.py:2890} INFO - Executing <Task(_PythonDecoratedOperator): check_data> on 2025-04-06 13:30:19.512914+00:00
[2025-04-06T13:30:27.304+0000] {warnings.py:112} WARNING - /home/***/.local/lib/python3.12/site-packages/***/task/task_runner/standard_task_runner.py:70: DeprecationWarning: This process (pid=656) is multi-threaded, use of fork() may lead to deadlocks in the child.
  pid = os.fork()

[2025-04-06T13:30:27.306+0000] {standard_task_runner.py:72} INFO - Started process 658 to run task
[2025-04-06T13:30:27.307+0000] {standard_task_runner.py:104} INFO - Running: ['***', 'tasks', 'run', 'etl_duckdb_dag_custom_class', 'check_data', 'manual__2025-04-06T13:30:19.512914+00:00', '--job-id', '45', '--raw', '--subdir', 'DAGS_FOLDER/etl_duckdb_dag.py', '--cfg-path', '/tmp/tmpdhg3tzzk']
[2025-04-06T13:30:27.308+0000] {standard_task_runner.py:105} INFO - Job 45: Subtask check_data
[2025-04-06T13:30:27.377+0000] {task_command.py:467} INFO - Running <TaskInstance: etl_duckdb_dag_custom_class.check_data manual__2025-04-06T13:30:19.512914+00:00 [running]> on host 2e277e0df613
[2025-04-06T13:30:27.508+0000] {taskinstance.py:3134} INFO - Exporting env vars: AIRFLOW_CTX_DAG_EMAIL='laurenziusjulioanreaja@mail.ugm.ac.id,selvianisacahyamukti@mail.ugm.ac.id,yudypratamafanggidae@mail.ugm.ac.id' AIRFLOW_CTX_DAG_OWNER='julio' AIRFLOW_CTX_DAG_ID='etl_duckdb_dag_custom_class' AIRFLOW_CTX_TASK_ID='check_data' AIRFLOW_CTX_EXECUTION_DATE='2025-04-06T13:30:19.512914+00:00' AIRFLOW_CTX_TRY_NUMBER='1' AIRFLOW_CTX_DAG_RUN_ID='manual__2025-04-06T13:30:19.512914+00:00'
[2025-04-06T13:30:27.510+0000] {logging_mixin.py:190} INFO - Task instance is in running state
[2025-04-06T13:30:27.511+0000] {logging_mixin.py:190} INFO -  Previous state of the Task instance: queued
[2025-04-06T13:30:27.511+0000] {logging_mixin.py:190} INFO - Current task name:check_data state:running start_date:2025-04-06 13:30:27.260855+00:00
[2025-04-06T13:30:27.512+0000] {logging_mixin.py:190} INFO - Dag name:etl_duckdb_dag_custom_class and current dag run status:running
[2025-04-06T13:30:27.512+0000] {taskinstance.py:732} INFO - ::endgroup::
[2025-04-06T13:30:27.515+0000] {python.py:240} INFO - Done. Returned value was: True
[2025-04-06T13:30:27.544+0000] {taskinstance.py:341} INFO - ::group::Post task execution logs
[2025-04-06T13:30:27.545+0000] {taskinstance.py:353} INFO - Marking task as SUCCESS. dag_id=etl_duckdb_dag_custom_class, task_id=check_data, run_id=manual__2025-04-06T13:30:19.512914+00:00, execution_date=20250406T133019, start_date=20250406T133027, end_date=20250406T133027
[2025-04-06T13:30:27.572+0000] {logging_mixin.py:190} INFO - Task instance in success state
[2025-04-06T13:30:27.572+0000] {logging_mixin.py:190} INFO -  Previous state of the Task instance: running
[2025-04-06T13:30:27.573+0000] {logging_mixin.py:190} INFO - Dag name:etl_duckdb_dag_custom_class queued_at:2025-04-06 13:30:19.613521+00:00
[2025-04-06T13:30:27.573+0000] {logging_mixin.py:190} INFO - Task hostname:2e277e0df613 operator:_PythonDecoratedOperator
[2025-04-06T13:30:27.604+0000] {local_task_job_runner.py:266} INFO - Task exited with return code 0
[2025-04-06T13:30:27.646+0000] {taskinstance.py:3901} INFO - 1 downstream tasks scheduled from follow-on schedule check
[2025-04-06T13:30:27.649+0000] {local_task_job_runner.py:245} INFO - ::endgroup::
