[2025-04-06T11:47:05.957+0000] {local_task_job_runner.py:123} INFO - ::group::Pre task execution logs
[2025-04-06T11:47:06.225+0000] {taskinstance.py:2614} INFO - Dependencies all met for dep_context=non-requeueable deps ti=<TaskInstance: etl_duckdb_dag_custom_class.check_data scheduled__2025-04-05T00:00:00+00:00 [queued]>
[2025-04-06T11:47:06.236+0000] {taskinstance.py:2614} INFO - Dependencies all met for dep_context=requeueable deps ti=<TaskInstance: etl_duckdb_dag_custom_class.check_data scheduled__2025-04-05T00:00:00+00:00 [queued]>
[2025-04-06T11:47:06.237+0000] {taskinstance.py:2867} INFO - Starting attempt 1 of 2
[2025-04-06T11:47:06.261+0000] {taskinstance.py:2890} INFO - Executing <Task(_PythonDecoratedOperator): check_data> on 2025-04-05 00:00:00+00:00
[2025-04-06T11:47:06.277+0000] {warnings.py:112} WARNING - /home/***/.local/lib/python3.12/site-packages/***/task/task_runner/standard_task_runner.py:70: DeprecationWarning: This process (pid=208) is multi-threaded, use of fork() may lead to deadlocks in the child.
  pid = os.fork()

[2025-04-06T11:47:06.280+0000] {standard_task_runner.py:72} INFO - Started process 212 to run task
[2025-04-06T11:47:06.279+0000] {standard_task_runner.py:104} INFO - Running: ['***', 'tasks', 'run', 'etl_duckdb_dag_custom_class', 'check_data', 'scheduled__2025-04-05T00:00:00+00:00', '--job-id', '26', '--raw', '--subdir', 'DAGS_FOLDER/etl_duckdb_dag.py', '--cfg-path', '/tmp/tmp0_34uzpk']
[2025-04-06T11:47:06.281+0000] {standard_task_runner.py:105} INFO - Job 26: Subtask check_data
[2025-04-06T11:47:06.357+0000] {task_command.py:467} INFO - Running <TaskInstance: etl_duckdb_dag_custom_class.check_data scheduled__2025-04-05T00:00:00+00:00 [running]> on host ab75a5a3b87a
[2025-04-06T11:47:06.507+0000] {taskinstance.py:3134} INFO - Exporting env vars: AIRFLOW_CTX_DAG_OWNER='julio' AIRFLOW_CTX_DAG_ID='etl_duckdb_dag_custom_class' AIRFLOW_CTX_TASK_ID='check_data' AIRFLOW_CTX_EXECUTION_DATE='2025-04-05T00:00:00+00:00' AIRFLOW_CTX_TRY_NUMBER='1' AIRFLOW_CTX_DAG_RUN_ID='scheduled__2025-04-05T00:00:00+00:00'
[2025-04-06T11:47:06.509+0000] {logging_mixin.py:190} INFO - Task instance is in running state
[2025-04-06T11:47:06.510+0000] {logging_mixin.py:190} INFO -  Previous state of the Task instance: queued
[2025-04-06T11:47:06.511+0000] {logging_mixin.py:190} INFO - Current task name:check_data state:running start_date:2025-04-06 11:47:06.226655+00:00
[2025-04-06T11:47:06.511+0000] {logging_mixin.py:190} INFO - Dag name:etl_duckdb_dag_custom_class and current dag run status:running
[2025-04-06T11:47:06.512+0000] {taskinstance.py:732} INFO - ::endgroup::
[2025-04-06T11:47:06.513+0000] {python.py:240} INFO - Done. Returned value was: False
[2025-04-06T11:47:06.559+0000] {taskinstance.py:341} INFO - ::group::Post task execution logs
[2025-04-06T11:47:06.560+0000] {taskinstance.py:353} INFO - Marking task as SUCCESS. dag_id=etl_duckdb_dag_custom_class, task_id=check_data, run_id=scheduled__2025-04-05T00:00:00+00:00, execution_date=20250405T000000, start_date=20250406T114706, end_date=20250406T114706
[2025-04-06T11:47:06.598+0000] {logging_mixin.py:190} INFO - Task instance in success state
[2025-04-06T11:47:06.599+0000] {logging_mixin.py:190} INFO -  Previous state of the Task instance: running
[2025-04-06T11:47:06.600+0000] {logging_mixin.py:190} INFO - Dag name:etl_duckdb_dag_custom_class queued_at:2025-04-06 11:46:51.898322+00:00
[2025-04-06T11:47:06.601+0000] {logging_mixin.py:190} INFO - Task hostname:ab75a5a3b87a operator:_PythonDecoratedOperator
[2025-04-06T11:47:06.659+0000] {local_task_job_runner.py:266} INFO - Task exited with return code 0
[2025-04-06T11:47:06.729+0000] {taskinstance.py:3901} INFO - 1 downstream tasks scheduled from follow-on schedule check
[2025-04-06T11:47:06.734+0000] {local_task_job_runner.py:245} INFO - ::endgroup::
