[2025-04-17T23:01:24.922+0000] {local_task_job_runner.py:123} INFO - ::group::Pre task execution logs
[2025-04-17T23:01:24.984+0000] {taskinstance.py:2614} INFO - Dependencies all met for dep_context=non-requeueable deps ti=<TaskInstance: dag_data_quality.check_customer_key_duplicate scheduled__2025-04-16T00:00:00+00:00 [queued]>
[2025-04-17T23:01:25.017+0000] {taskinstance.py:2614} INFO - Dependencies all met for dep_context=requeueable deps ti=<TaskInstance: dag_data_quality.check_customer_key_duplicate scheduled__2025-04-16T00:00:00+00:00 [queued]>
[2025-04-17T23:01:25.020+0000] {taskinstance.py:2867} INFO - Starting attempt 1 of 2
[2025-04-17T23:01:25.078+0000] {taskinstance.py:2890} INFO - Executing <Task(_PythonDecoratedOperator): check_customer_key_duplicate> on 2025-04-16 00:00:00+00:00
[2025-04-17T23:01:25.703+0000] {standard_task_runner.py:104} INFO - Running: ['***', 'tasks', 'run', 'dag_data_quality', 'check_customer_key_duplicate', 'scheduled__2025-04-16T00:00:00+00:00', '--job-id', '177', '--raw', '--subdir', 'DAGS_FOLDER/dag_data_quality.py', '--cfg-path', '/tmp/tmpk9b6iib0']
[2025-04-17T23:01:25.699+0000] {warnings.py:112} WARNING - /home/***/.local/lib/python3.12/site-packages/***/task/task_runner/standard_task_runner.py:70: DeprecationWarning: This process (pid=11952) is multi-threaded, use of fork() may lead to deadlocks in the child.
  pid = os.fork()

[2025-04-17T23:01:25.708+0000] {standard_task_runner.py:105} INFO - Job 177: Subtask check_customer_key_duplicate
[2025-04-17T23:01:25.717+0000] {standard_task_runner.py:72} INFO - Started process 11972 to run task
[2025-04-17T23:01:27.886+0000] {task_command.py:467} INFO - Running <TaskInstance: dag_data_quality.check_customer_key_duplicate scheduled__2025-04-16T00:00:00+00:00 [running]> on host 697c9a4320f6
[2025-04-17T23:01:29.027+0000] {taskinstance.py:3134} INFO - Exporting env vars: AIRFLOW_CTX_DAG_EMAIL='laurenziusjulioanreaja@mail.ugm.ac.id,selvianisacahyamukti@mail.ugm.ac.id,yudypratamafanggidae@mail.ugm.ac.id' AIRFLOW_CTX_DAG_OWNER='julio' AIRFLOW_CTX_DAG_ID='dag_data_quality' AIRFLOW_CTX_TASK_ID='check_customer_key_duplicate' AIRFLOW_CTX_EXECUTION_DATE='2025-04-16T00:00:00+00:00' AIRFLOW_CTX_TRY_NUMBER='1' AIRFLOW_CTX_DAG_RUN_ID='scheduled__2025-04-16T00:00:00+00:00'
[2025-04-17T23:01:29.036+0000] {logging_mixin.py:190} INFO - Task instance is in running state
[2025-04-17T23:01:29.038+0000] {logging_mixin.py:190} INFO -  Previous state of the Task instance: queued
[2025-04-17T23:01:29.039+0000] {logging_mixin.py:190} INFO - Current task name:check_customer_key_duplicate state:running start_date:2025-04-17 23:01:24.986310+00:00
[2025-04-17T23:01:29.040+0000] {logging_mixin.py:190} INFO - Dag name:dag_data_quality and current dag run status:running
[2025-04-17T23:01:29.045+0000] {taskinstance.py:732} INFO - ::endgroup::
[2025-04-17T23:01:29.520+0000] {python.py:240} INFO - Done. Returned value was: ✅ customer_key OK, tidak ada duplikat
[2025-04-17T23:01:29.598+0000] {taskinstance.py:341} INFO - ::group::Post task execution logs
[2025-04-17T23:01:29.599+0000] {taskinstance.py:353} INFO - Marking task as SUCCESS. dag_id=dag_data_quality, task_id=check_customer_key_duplicate, run_id=scheduled__2025-04-16T00:00:00+00:00, execution_date=20250416T000000, start_date=20250417T230124, end_date=20250417T230129
[2025-04-17T23:01:29.680+0000] {logging_mixin.py:190} INFO - Task instance in success state
[2025-04-17T23:01:29.683+0000] {logging_mixin.py:190} INFO -  Previous state of the Task instance: running
[2025-04-17T23:01:29.684+0000] {logging_mixin.py:190} INFO - Dag name:dag_data_quality queued_at:2025-04-17 23:00:51.102903+00:00
[2025-04-17T23:01:29.685+0000] {logging_mixin.py:190} INFO - Task hostname:697c9a4320f6 operator:_PythonDecoratedOperator
[2025-04-17T23:01:29.773+0000] {local_task_job_runner.py:266} INFO - Task exited with return code 0
[2025-04-17T23:01:29.889+0000] {taskinstance.py:3901} INFO - 1 downstream tasks scheduled from follow-on schedule check
[2025-04-17T23:01:29.896+0000] {local_task_job_runner.py:245} INFO - ::endgroup::
