[2025-03-22T08:57:46.446+0000] {processor.py:186} INFO - Started process (PID=74) to work on /home/airflow/.local/lib/python3.12/site-packages/airflow/example_dags/example_xcomargs.py
[2025-03-22T08:57:46.447+0000] {processor.py:914} INFO - Processing file /home/airflow/.local/lib/python3.12/site-packages/airflow/example_dags/example_xcomargs.py for tasks to queue
[2025-03-22T08:57:46.451+0000] {logging_mixin.py:190} INFO - [2025-03-22T08:57:46.450+0000] {dagbag.py:588} INFO - Filling up the DagBag from /home/airflow/.local/lib/python3.12/site-packages/airflow/example_dags/example_xcomargs.py
[2025-03-22T08:57:46.483+0000] {processor.py:925} INFO - DAG(s) 'example_xcom_args_with_operators', 'example_xcom_args' retrieved from /home/airflow/.local/lib/python3.12/site-packages/airflow/example_dags/example_xcomargs.py
[2025-03-22T08:57:46.759+0000] {logging_mixin.py:190} INFO - [2025-03-22T08:57:46.759+0000] {override.py:1912} INFO - Created Permission View: can edit on DAG:example_xcom_args_with_operators
[2025-03-22T08:57:46.768+0000] {logging_mixin.py:190} INFO - [2025-03-22T08:57:46.768+0000] {override.py:1912} INFO - Created Permission View: can delete on DAG:example_xcom_args_with_operators
[2025-03-22T08:57:46.777+0000] {logging_mixin.py:190} INFO - [2025-03-22T08:57:46.777+0000] {override.py:1912} INFO - Created Permission View: can read on DAG:example_xcom_args_with_operators
[2025-03-22T08:57:46.786+0000] {logging_mixin.py:190} INFO - [2025-03-22T08:57:46.786+0000] {override.py:1912} INFO - Created Permission View: can delete on DAG Run:example_xcom_args_with_operators
[2025-03-22T08:57:46.796+0000] {logging_mixin.py:190} INFO - [2025-03-22T08:57:46.795+0000] {override.py:1912} INFO - Created Permission View: menu access on DAG Run:example_xcom_args_with_operators
[2025-03-22T08:57:46.805+0000] {logging_mixin.py:190} INFO - [2025-03-22T08:57:46.804+0000] {override.py:1912} INFO - Created Permission View: can create on DAG Run:example_xcom_args_with_operators
[2025-03-22T08:57:46.815+0000] {logging_mixin.py:190} INFO - [2025-03-22T08:57:46.814+0000] {override.py:1912} INFO - Created Permission View: can read on DAG Run:example_xcom_args_with_operators
[2025-03-22T08:57:46.835+0000] {logging_mixin.py:190} INFO - [2025-03-22T08:57:46.834+0000] {override.py:1912} INFO - Created Permission View: can edit on DAG:example_xcom_args
[2025-03-22T08:57:46.844+0000] {logging_mixin.py:190} INFO - [2025-03-22T08:57:46.844+0000] {override.py:1912} INFO - Created Permission View: can delete on DAG:example_xcom_args
[2025-03-22T08:57:46.855+0000] {logging_mixin.py:190} INFO - [2025-03-22T08:57:46.854+0000] {override.py:1912} INFO - Created Permission View: can read on DAG:example_xcom_args
[2025-03-22T08:57:46.865+0000] {logging_mixin.py:190} INFO - [2025-03-22T08:57:46.865+0000] {override.py:1912} INFO - Created Permission View: can delete on DAG Run:example_xcom_args
[2025-03-22T08:57:46.875+0000] {logging_mixin.py:190} INFO - [2025-03-22T08:57:46.874+0000] {override.py:1912} INFO - Created Permission View: menu access on DAG Run:example_xcom_args
[2025-03-22T08:57:46.883+0000] {logging_mixin.py:190} INFO - [2025-03-22T08:57:46.883+0000] {override.py:1912} INFO - Created Permission View: can create on DAG Run:example_xcom_args
[2025-03-22T08:57:46.892+0000] {logging_mixin.py:190} INFO - [2025-03-22T08:57:46.892+0000] {override.py:1912} INFO - Created Permission View: can read on DAG Run:example_xcom_args
[2025-03-22T08:57:46.893+0000] {logging_mixin.py:190} INFO - [2025-03-22T08:57:46.893+0000] {dag.py:3239} INFO - Sync 2 DAGs
[2025-03-22T08:57:46.911+0000] {logging_mixin.py:190} INFO - [2025-03-22T08:57:46.911+0000] {dag.py:3262} INFO - Creating ORM DAG for example_xcom_args
[2025-03-22T08:57:46.912+0000] {logging_mixin.py:190} INFO - [2025-03-22T08:57:46.912+0000] {dag.py:3262} INFO - Creating ORM DAG for example_xcom_args_with_operators
[2025-03-22T08:57:46.913+0000] {logging_mixin.py:190} INFO - [2025-03-22T08:57:46.913+0000] {dag.py:4180} INFO - Setting next_dagrun for example_xcom_args to None, run_after=None
[2025-03-22T08:57:46.914+0000] {logging_mixin.py:190} INFO - [2025-03-22T08:57:46.914+0000] {dag.py:4180} INFO - Setting next_dagrun for example_xcom_args_with_operators to None, run_after=None
[2025-03-22T08:57:46.939+0000] {processor.py:208} INFO - Processing /home/airflow/.local/lib/python3.12/site-packages/airflow/example_dags/example_xcomargs.py took 0.501 seconds
[2025-03-22T08:58:17.875+0000] {processor.py:186} INFO - Started process (PID=137) to work on /home/airflow/.local/lib/python3.12/site-packages/airflow/example_dags/example_xcomargs.py
[2025-03-22T08:58:17.876+0000] {processor.py:914} INFO - Processing file /home/airflow/.local/lib/python3.12/site-packages/airflow/example_dags/example_xcomargs.py for tasks to queue
[2025-03-22T08:58:17.879+0000] {logging_mixin.py:190} INFO - [2025-03-22T08:58:17.878+0000] {dagbag.py:588} INFO - Filling up the DagBag from /home/airflow/.local/lib/python3.12/site-packages/airflow/example_dags/example_xcomargs.py
[2025-03-22T08:58:17.892+0000] {processor.py:925} INFO - DAG(s) 'example_xcom_args', 'example_xcom_args_with_operators' retrieved from /home/airflow/.local/lib/python3.12/site-packages/airflow/example_dags/example_xcomargs.py
[2025-03-22T08:58:17.920+0000] {logging_mixin.py:190} INFO - [2025-03-22T08:58:17.919+0000] {dag.py:3239} INFO - Sync 2 DAGs
[2025-03-22T08:58:17.934+0000] {logging_mixin.py:190} INFO - [2025-03-22T08:58:17.934+0000] {dag.py:4180} INFO - Setting next_dagrun for example_xcom_args to None, run_after=None
[2025-03-22T08:58:17.939+0000] {logging_mixin.py:190} INFO - [2025-03-22T08:58:17.939+0000] {dag.py:4180} INFO - Setting next_dagrun for example_xcom_args_with_operators to None, run_after=None
[2025-03-22T08:58:17.971+0000] {processor.py:208} INFO - Processing /home/airflow/.local/lib/python3.12/site-packages/airflow/example_dags/example_xcomargs.py took 0.103 seconds
[2025-03-22T08:58:48.814+0000] {processor.py:186} INFO - Started process (PID=206) to work on /home/airflow/.local/lib/python3.12/site-packages/airflow/example_dags/example_xcomargs.py
[2025-03-22T08:58:48.816+0000] {processor.py:914} INFO - Processing file /home/airflow/.local/lib/python3.12/site-packages/airflow/example_dags/example_xcomargs.py for tasks to queue
[2025-03-22T08:58:48.818+0000] {logging_mixin.py:190} INFO - [2025-03-22T08:58:48.817+0000] {dagbag.py:588} INFO - Filling up the DagBag from /home/airflow/.local/lib/python3.12/site-packages/airflow/example_dags/example_xcomargs.py
[2025-03-22T08:58:48.827+0000] {processor.py:925} INFO - DAG(s) 'example_xcom_args', 'example_xcom_args_with_operators' retrieved from /home/airflow/.local/lib/python3.12/site-packages/airflow/example_dags/example_xcomargs.py
[2025-03-22T08:58:48.850+0000] {logging_mixin.py:190} INFO - [2025-03-22T08:58:48.850+0000] {dag.py:3239} INFO - Sync 2 DAGs
[2025-03-22T08:58:48.862+0000] {logging_mixin.py:190} INFO - [2025-03-22T08:58:48.862+0000] {dag.py:4180} INFO - Setting next_dagrun for example_xcom_args to None, run_after=None
[2025-03-22T08:58:48.866+0000] {logging_mixin.py:190} INFO - [2025-03-22T08:58:48.865+0000] {dag.py:4180} INFO - Setting next_dagrun for example_xcom_args_with_operators to None, run_after=None
[2025-03-22T08:58:48.880+0000] {processor.py:208} INFO - Processing /home/airflow/.local/lib/python3.12/site-packages/airflow/example_dags/example_xcomargs.py took 0.070 seconds
[2025-03-22T08:59:19.103+0000] {processor.py:186} INFO - Started process (PID=269) to work on /home/airflow/.local/lib/python3.12/site-packages/airflow/example_dags/example_xcomargs.py
[2025-03-22T08:59:19.104+0000] {processor.py:914} INFO - Processing file /home/airflow/.local/lib/python3.12/site-packages/airflow/example_dags/example_xcomargs.py for tasks to queue
[2025-03-22T08:59:19.106+0000] {logging_mixin.py:190} INFO - [2025-03-22T08:59:19.106+0000] {dagbag.py:588} INFO - Filling up the DagBag from /home/airflow/.local/lib/python3.12/site-packages/airflow/example_dags/example_xcomargs.py
[2025-03-22T08:59:19.118+0000] {processor.py:925} INFO - DAG(s) 'example_xcom_args_with_operators', 'example_xcom_args' retrieved from /home/airflow/.local/lib/python3.12/site-packages/airflow/example_dags/example_xcomargs.py
[2025-03-22T08:59:19.145+0000] {logging_mixin.py:190} INFO - [2025-03-22T08:59:19.145+0000] {dag.py:3239} INFO - Sync 2 DAGs
[2025-03-22T08:59:19.163+0000] {logging_mixin.py:190} INFO - [2025-03-22T08:59:19.163+0000] {dag.py:4180} INFO - Setting next_dagrun for example_xcom_args to None, run_after=None
[2025-03-22T08:59:19.168+0000] {logging_mixin.py:190} INFO - [2025-03-22T08:59:19.168+0000] {dag.py:4180} INFO - Setting next_dagrun for example_xcom_args_with_operators to None, run_after=None
[2025-03-22T08:59:19.187+0000] {processor.py:208} INFO - Processing /home/airflow/.local/lib/python3.12/site-packages/airflow/example_dags/example_xcomargs.py took 0.089 seconds
[2025-03-22T08:59:49.482+0000] {processor.py:186} INFO - Started process (PID=332) to work on /home/airflow/.local/lib/python3.12/site-packages/airflow/example_dags/example_xcomargs.py
[2025-03-22T08:59:49.483+0000] {processor.py:914} INFO - Processing file /home/airflow/.local/lib/python3.12/site-packages/airflow/example_dags/example_xcomargs.py for tasks to queue
[2025-03-22T08:59:49.487+0000] {logging_mixin.py:190} INFO - [2025-03-22T08:59:49.487+0000] {dagbag.py:588} INFO - Filling up the DagBag from /home/airflow/.local/lib/python3.12/site-packages/airflow/example_dags/example_xcomargs.py
[2025-03-22T08:59:49.502+0000] {processor.py:925} INFO - DAG(s) 'example_xcom_args', 'example_xcom_args_with_operators' retrieved from /home/airflow/.local/lib/python3.12/site-packages/airflow/example_dags/example_xcomargs.py
[2025-03-22T08:59:49.538+0000] {logging_mixin.py:190} INFO - [2025-03-22T08:59:49.537+0000] {dag.py:3239} INFO - Sync 2 DAGs
[2025-03-22T08:59:49.565+0000] {logging_mixin.py:190} INFO - [2025-03-22T08:59:49.565+0000] {dag.py:4180} INFO - Setting next_dagrun for example_xcom_args to None, run_after=None
[2025-03-22T08:59:49.571+0000] {logging_mixin.py:190} INFO - [2025-03-22T08:59:49.571+0000] {dag.py:4180} INFO - Setting next_dagrun for example_xcom_args_with_operators to None, run_after=None
[2025-03-22T08:59:49.594+0000] {processor.py:208} INFO - Processing /home/airflow/.local/lib/python3.12/site-packages/airflow/example_dags/example_xcomargs.py took 0.120 seconds
[2025-03-22T09:00:20.237+0000] {processor.py:186} INFO - Started process (PID=395) to work on /home/airflow/.local/lib/python3.12/site-packages/airflow/example_dags/example_xcomargs.py
[2025-03-22T09:00:20.239+0000] {processor.py:914} INFO - Processing file /home/airflow/.local/lib/python3.12/site-packages/airflow/example_dags/example_xcomargs.py for tasks to queue
[2025-03-22T09:00:20.241+0000] {logging_mixin.py:190} INFO - [2025-03-22T09:00:20.241+0000] {dagbag.py:588} INFO - Filling up the DagBag from /home/airflow/.local/lib/python3.12/site-packages/airflow/example_dags/example_xcomargs.py
[2025-03-22T09:00:20.253+0000] {processor.py:925} INFO - DAG(s) 'example_xcom_args', 'example_xcom_args_with_operators' retrieved from /home/airflow/.local/lib/python3.12/site-packages/airflow/example_dags/example_xcomargs.py
[2025-03-22T09:00:20.276+0000] {logging_mixin.py:190} INFO - [2025-03-22T09:00:20.276+0000] {dag.py:3239} INFO - Sync 2 DAGs
[2025-03-22T09:00:20.290+0000] {logging_mixin.py:190} INFO - [2025-03-22T09:00:20.290+0000] {dag.py:4180} INFO - Setting next_dagrun for example_xcom_args to None, run_after=None
[2025-03-22T09:00:20.297+0000] {logging_mixin.py:190} INFO - [2025-03-22T09:00:20.297+0000] {dag.py:4180} INFO - Setting next_dagrun for example_xcom_args_with_operators to None, run_after=None
[2025-03-22T09:00:20.323+0000] {processor.py:208} INFO - Processing /home/airflow/.local/lib/python3.12/site-packages/airflow/example_dags/example_xcomargs.py took 0.091 seconds
[2025-03-22T09:00:50.535+0000] {processor.py:186} INFO - Started process (PID=459) to work on /home/airflow/.local/lib/python3.12/site-packages/airflow/example_dags/example_xcomargs.py
[2025-03-22T09:00:50.536+0000] {processor.py:914} INFO - Processing file /home/airflow/.local/lib/python3.12/site-packages/airflow/example_dags/example_xcomargs.py for tasks to queue
[2025-03-22T09:00:50.538+0000] {logging_mixin.py:190} INFO - [2025-03-22T09:00:50.538+0000] {dagbag.py:588} INFO - Filling up the DagBag from /home/airflow/.local/lib/python3.12/site-packages/airflow/example_dags/example_xcomargs.py
[2025-03-22T09:00:50.551+0000] {processor.py:925} INFO - DAG(s) 'example_xcom_args_with_operators', 'example_xcom_args' retrieved from /home/airflow/.local/lib/python3.12/site-packages/airflow/example_dags/example_xcomargs.py
[2025-03-22T09:00:50.579+0000] {logging_mixin.py:190} INFO - [2025-03-22T09:00:50.578+0000] {dag.py:3239} INFO - Sync 2 DAGs
[2025-03-22T09:00:50.598+0000] {logging_mixin.py:190} INFO - [2025-03-22T09:00:50.598+0000] {dag.py:4180} INFO - Setting next_dagrun for example_xcom_args to None, run_after=None
[2025-03-22T09:00:50.602+0000] {logging_mixin.py:190} INFO - [2025-03-22T09:00:50.602+0000] {dag.py:4180} INFO - Setting next_dagrun for example_xcom_args_with_operators to None, run_after=None
[2025-03-22T09:00:50.634+0000] {processor.py:208} INFO - Processing /home/airflow/.local/lib/python3.12/site-packages/airflow/example_dags/example_xcomargs.py took 0.106 seconds
[2025-03-22T09:01:20.946+0000] {processor.py:186} INFO - Started process (PID=522) to work on /home/airflow/.local/lib/python3.12/site-packages/airflow/example_dags/example_xcomargs.py
[2025-03-22T09:01:20.947+0000] {processor.py:914} INFO - Processing file /home/airflow/.local/lib/python3.12/site-packages/airflow/example_dags/example_xcomargs.py for tasks to queue
[2025-03-22T09:01:20.949+0000] {logging_mixin.py:190} INFO - [2025-03-22T09:01:20.949+0000] {dagbag.py:588} INFO - Filling up the DagBag from /home/airflow/.local/lib/python3.12/site-packages/airflow/example_dags/example_xcomargs.py
[2025-03-22T09:01:20.959+0000] {processor.py:925} INFO - DAG(s) 'example_xcom_args_with_operators', 'example_xcom_args' retrieved from /home/airflow/.local/lib/python3.12/site-packages/airflow/example_dags/example_xcomargs.py
[2025-03-22T09:01:20.984+0000] {logging_mixin.py:190} INFO - [2025-03-22T09:01:20.984+0000] {dag.py:3239} INFO - Sync 2 DAGs
[2025-03-22T09:01:21.000+0000] {logging_mixin.py:190} INFO - [2025-03-22T09:01:21.000+0000] {dag.py:4180} INFO - Setting next_dagrun for example_xcom_args to None, run_after=None
[2025-03-22T09:01:21.004+0000] {logging_mixin.py:190} INFO - [2025-03-22T09:01:21.004+0000] {dag.py:4180} INFO - Setting next_dagrun for example_xcom_args_with_operators to None, run_after=None
[2025-03-22T09:01:21.021+0000] {processor.py:208} INFO - Processing /home/airflow/.local/lib/python3.12/site-packages/airflow/example_dags/example_xcomargs.py took 0.081 seconds
[2025-03-22T09:01:51.798+0000] {processor.py:186} INFO - Started process (PID=585) to work on /home/airflow/.local/lib/python3.12/site-packages/airflow/example_dags/example_xcomargs.py
[2025-03-22T09:01:51.799+0000] {processor.py:914} INFO - Processing file /home/airflow/.local/lib/python3.12/site-packages/airflow/example_dags/example_xcomargs.py for tasks to queue
[2025-03-22T09:01:51.803+0000] {logging_mixin.py:190} INFO - [2025-03-22T09:01:51.802+0000] {dagbag.py:588} INFO - Filling up the DagBag from /home/airflow/.local/lib/python3.12/site-packages/airflow/example_dags/example_xcomargs.py
[2025-03-22T09:01:51.815+0000] {processor.py:925} INFO - DAG(s) 'example_xcom_args_with_operators', 'example_xcom_args' retrieved from /home/airflow/.local/lib/python3.12/site-packages/airflow/example_dags/example_xcomargs.py
[2025-03-22T09:01:51.845+0000] {logging_mixin.py:190} INFO - [2025-03-22T09:01:51.845+0000] {dag.py:3239} INFO - Sync 2 DAGs
[2025-03-22T09:01:51.862+0000] {logging_mixin.py:190} INFO - [2025-03-22T09:01:51.862+0000] {dag.py:4180} INFO - Setting next_dagrun for example_xcom_args to None, run_after=None
[2025-03-22T09:01:51.868+0000] {logging_mixin.py:190} INFO - [2025-03-22T09:01:51.868+0000] {dag.py:4180} INFO - Setting next_dagrun for example_xcom_args_with_operators to None, run_after=None
[2025-03-22T09:01:51.890+0000] {processor.py:208} INFO - Processing /home/airflow/.local/lib/python3.12/site-packages/airflow/example_dags/example_xcomargs.py took 0.101 seconds
[2025-03-22T09:02:22.141+0000] {processor.py:186} INFO - Started process (PID=648) to work on /home/airflow/.local/lib/python3.12/site-packages/airflow/example_dags/example_xcomargs.py
[2025-03-22T09:02:22.142+0000] {processor.py:914} INFO - Processing file /home/airflow/.local/lib/python3.12/site-packages/airflow/example_dags/example_xcomargs.py for tasks to queue
[2025-03-22T09:02:22.145+0000] {logging_mixin.py:190} INFO - [2025-03-22T09:02:22.144+0000] {dagbag.py:588} INFO - Filling up the DagBag from /home/airflow/.local/lib/python3.12/site-packages/airflow/example_dags/example_xcomargs.py
[2025-03-22T09:02:22.161+0000] {processor.py:925} INFO - DAG(s) 'example_xcom_args', 'example_xcom_args_with_operators' retrieved from /home/airflow/.local/lib/python3.12/site-packages/airflow/example_dags/example_xcomargs.py
[2025-03-22T09:02:22.203+0000] {logging_mixin.py:190} INFO - [2025-03-22T09:02:22.203+0000] {dag.py:3239} INFO - Sync 2 DAGs
[2025-03-22T09:02:22.235+0000] {logging_mixin.py:190} INFO - [2025-03-22T09:02:22.234+0000] {dag.py:4180} INFO - Setting next_dagrun for example_xcom_args to None, run_after=None
[2025-03-22T09:02:22.241+0000] {logging_mixin.py:190} INFO - [2025-03-22T09:02:22.240+0000] {dag.py:4180} INFO - Setting next_dagrun for example_xcom_args_with_operators to None, run_after=None
[2025-03-22T09:02:22.267+0000] {processor.py:208} INFO - Processing /home/airflow/.local/lib/python3.12/site-packages/airflow/example_dags/example_xcomargs.py took 0.132 seconds
[2025-03-22T09:02:52.435+0000] {processor.py:186} INFO - Started process (PID=711) to work on /home/airflow/.local/lib/python3.12/site-packages/airflow/example_dags/example_xcomargs.py
[2025-03-22T09:02:52.436+0000] {processor.py:914} INFO - Processing file /home/airflow/.local/lib/python3.12/site-packages/airflow/example_dags/example_xcomargs.py for tasks to queue
[2025-03-22T09:02:52.440+0000] {logging_mixin.py:190} INFO - [2025-03-22T09:02:52.439+0000] {dagbag.py:588} INFO - Filling up the DagBag from /home/airflow/.local/lib/python3.12/site-packages/airflow/example_dags/example_xcomargs.py
[2025-03-22T09:02:52.451+0000] {processor.py:925} INFO - DAG(s) 'example_xcom_args_with_operators', 'example_xcom_args' retrieved from /home/airflow/.local/lib/python3.12/site-packages/airflow/example_dags/example_xcomargs.py
[2025-03-22T09:02:52.479+0000] {logging_mixin.py:190} INFO - [2025-03-22T09:02:52.479+0000] {dag.py:3239} INFO - Sync 2 DAGs
[2025-03-22T09:02:52.499+0000] {logging_mixin.py:190} INFO - [2025-03-22T09:02:52.499+0000] {dag.py:4180} INFO - Setting next_dagrun for example_xcom_args to None, run_after=None
[2025-03-22T09:02:52.503+0000] {logging_mixin.py:190} INFO - [2025-03-22T09:02:52.503+0000] {dag.py:4180} INFO - Setting next_dagrun for example_xcom_args_with_operators to None, run_after=None
[2025-03-22T09:02:52.523+0000] {processor.py:208} INFO - Processing /home/airflow/.local/lib/python3.12/site-packages/airflow/example_dags/example_xcomargs.py took 0.094 seconds
[2025-03-22T09:03:23.069+0000] {processor.py:186} INFO - Started process (PID=774) to work on /home/airflow/.local/lib/python3.12/site-packages/airflow/example_dags/example_xcomargs.py
[2025-03-22T09:03:23.070+0000] {processor.py:914} INFO - Processing file /home/airflow/.local/lib/python3.12/site-packages/airflow/example_dags/example_xcomargs.py for tasks to queue
[2025-03-22T09:03:23.073+0000] {logging_mixin.py:190} INFO - [2025-03-22T09:03:23.073+0000] {dagbag.py:588} INFO - Filling up the DagBag from /home/airflow/.local/lib/python3.12/site-packages/airflow/example_dags/example_xcomargs.py
[2025-03-22T09:03:23.088+0000] {processor.py:925} INFO - DAG(s) 'example_xcom_args_with_operators', 'example_xcom_args' retrieved from /home/airflow/.local/lib/python3.12/site-packages/airflow/example_dags/example_xcomargs.py
[2025-03-22T09:03:23.124+0000] {logging_mixin.py:190} INFO - [2025-03-22T09:03:23.124+0000] {dag.py:3239} INFO - Sync 2 DAGs
[2025-03-22T09:03:23.145+0000] {logging_mixin.py:190} INFO - [2025-03-22T09:03:23.144+0000] {dag.py:4180} INFO - Setting next_dagrun for example_xcom_args to None, run_after=None
[2025-03-22T09:03:23.151+0000] {logging_mixin.py:190} INFO - [2025-03-22T09:03:23.151+0000] {dag.py:4180} INFO - Setting next_dagrun for example_xcom_args_with_operators to None, run_after=None
[2025-03-22T09:03:23.179+0000] {processor.py:208} INFO - Processing /home/airflow/.local/lib/python3.12/site-packages/airflow/example_dags/example_xcomargs.py took 0.118 seconds
[2025-03-22T09:03:53.823+0000] {processor.py:186} INFO - Started process (PID=837) to work on /home/airflow/.local/lib/python3.12/site-packages/airflow/example_dags/example_xcomargs.py
[2025-03-22T09:03:53.824+0000] {processor.py:914} INFO - Processing file /home/airflow/.local/lib/python3.12/site-packages/airflow/example_dags/example_xcomargs.py for tasks to queue
[2025-03-22T09:03:53.827+0000] {logging_mixin.py:190} INFO - [2025-03-22T09:03:53.826+0000] {dagbag.py:588} INFO - Filling up the DagBag from /home/airflow/.local/lib/python3.12/site-packages/airflow/example_dags/example_xcomargs.py
[2025-03-22T09:03:53.836+0000] {processor.py:925} INFO - DAG(s) 'example_xcom_args', 'example_xcom_args_with_operators' retrieved from /home/airflow/.local/lib/python3.12/site-packages/airflow/example_dags/example_xcomargs.py
[2025-03-22T09:03:53.858+0000] {logging_mixin.py:190} INFO - [2025-03-22T09:03:53.858+0000] {dag.py:3239} INFO - Sync 2 DAGs
[2025-03-22T09:03:53.873+0000] {logging_mixin.py:190} INFO - [2025-03-22T09:03:53.873+0000] {dag.py:4180} INFO - Setting next_dagrun for example_xcom_args to None, run_after=None
[2025-03-22T09:03:53.877+0000] {logging_mixin.py:190} INFO - [2025-03-22T09:03:53.877+0000] {dag.py:4180} INFO - Setting next_dagrun for example_xcom_args_with_operators to None, run_after=None
[2025-03-22T09:03:53.897+0000] {processor.py:208} INFO - Processing /home/airflow/.local/lib/python3.12/site-packages/airflow/example_dags/example_xcomargs.py took 0.078 seconds
[2025-03-22T09:04:24.169+0000] {processor.py:186} INFO - Started process (PID=900) to work on /home/airflow/.local/lib/python3.12/site-packages/airflow/example_dags/example_xcomargs.py
[2025-03-22T09:04:24.170+0000] {processor.py:914} INFO - Processing file /home/airflow/.local/lib/python3.12/site-packages/airflow/example_dags/example_xcomargs.py for tasks to queue
[2025-03-22T09:04:24.173+0000] {logging_mixin.py:190} INFO - [2025-03-22T09:04:24.172+0000] {dagbag.py:588} INFO - Filling up the DagBag from /home/airflow/.local/lib/python3.12/site-packages/airflow/example_dags/example_xcomargs.py
[2025-03-22T09:04:24.187+0000] {processor.py:925} INFO - DAG(s) 'example_xcom_args_with_operators', 'example_xcom_args' retrieved from /home/airflow/.local/lib/python3.12/site-packages/airflow/example_dags/example_xcomargs.py
[2025-03-22T09:04:24.217+0000] {logging_mixin.py:190} INFO - [2025-03-22T09:04:24.216+0000] {dag.py:3239} INFO - Sync 2 DAGs
[2025-03-22T09:04:24.240+0000] {logging_mixin.py:190} INFO - [2025-03-22T09:04:24.240+0000] {dag.py:4180} INFO - Setting next_dagrun for example_xcom_args to None, run_after=None
[2025-03-22T09:04:24.256+0000] {logging_mixin.py:190} INFO - [2025-03-22T09:04:24.255+0000] {dag.py:4180} INFO - Setting next_dagrun for example_xcom_args_with_operators to None, run_after=None
[2025-03-22T09:04:24.278+0000] {processor.py:208} INFO - Processing /home/airflow/.local/lib/python3.12/site-packages/airflow/example_dags/example_xcomargs.py took 0.115 seconds
[2025-03-22T09:04:54.950+0000] {processor.py:186} INFO - Started process (PID=963) to work on /home/airflow/.local/lib/python3.12/site-packages/airflow/example_dags/example_xcomargs.py
[2025-03-22T09:04:54.951+0000] {processor.py:914} INFO - Processing file /home/airflow/.local/lib/python3.12/site-packages/airflow/example_dags/example_xcomargs.py for tasks to queue
[2025-03-22T09:04:54.954+0000] {logging_mixin.py:190} INFO - [2025-03-22T09:04:54.954+0000] {dagbag.py:588} INFO - Filling up the DagBag from /home/airflow/.local/lib/python3.12/site-packages/airflow/example_dags/example_xcomargs.py
[2025-03-22T09:04:54.965+0000] {processor.py:925} INFO - DAG(s) 'example_xcom_args', 'example_xcom_args_with_operators' retrieved from /home/airflow/.local/lib/python3.12/site-packages/airflow/example_dags/example_xcomargs.py
[2025-03-22T09:04:54.999+0000] {logging_mixin.py:190} INFO - [2025-03-22T09:04:54.999+0000] {dag.py:3239} INFO - Sync 2 DAGs
[2025-03-22T09:04:55.021+0000] {logging_mixin.py:190} INFO - [2025-03-22T09:04:55.020+0000] {dag.py:4180} INFO - Setting next_dagrun for example_xcom_args to None, run_after=None
[2025-03-22T09:04:55.026+0000] {logging_mixin.py:190} INFO - [2025-03-22T09:04:55.026+0000] {dag.py:4180} INFO - Setting next_dagrun for example_xcom_args_with_operators to None, run_after=None
[2025-03-22T09:04:55.050+0000] {processor.py:208} INFO - Processing /home/airflow/.local/lib/python3.12/site-packages/airflow/example_dags/example_xcomargs.py took 0.106 seconds
[2025-03-22T09:05:25.577+0000] {processor.py:186} INFO - Started process (PID=1026) to work on /home/airflow/.local/lib/python3.12/site-packages/airflow/example_dags/example_xcomargs.py
[2025-03-22T09:05:25.578+0000] {processor.py:914} INFO - Processing file /home/airflow/.local/lib/python3.12/site-packages/airflow/example_dags/example_xcomargs.py for tasks to queue
[2025-03-22T09:05:25.581+0000] {logging_mixin.py:190} INFO - [2025-03-22T09:05:25.581+0000] {dagbag.py:588} INFO - Filling up the DagBag from /home/airflow/.local/lib/python3.12/site-packages/airflow/example_dags/example_xcomargs.py
[2025-03-22T09:05:25.592+0000] {processor.py:925} INFO - DAG(s) 'example_xcom_args', 'example_xcom_args_with_operators' retrieved from /home/airflow/.local/lib/python3.12/site-packages/airflow/example_dags/example_xcomargs.py
[2025-03-22T09:05:25.614+0000] {logging_mixin.py:190} INFO - [2025-03-22T09:05:25.614+0000] {dag.py:3239} INFO - Sync 2 DAGs
[2025-03-22T09:05:25.630+0000] {logging_mixin.py:190} INFO - [2025-03-22T09:05:25.629+0000] {dag.py:4180} INFO - Setting next_dagrun for example_xcom_args to None, run_after=None
[2025-03-22T09:05:25.633+0000] {logging_mixin.py:190} INFO - [2025-03-22T09:05:25.633+0000] {dag.py:4180} INFO - Setting next_dagrun for example_xcom_args_with_operators to None, run_after=None
[2025-03-22T09:05:25.648+0000] {processor.py:208} INFO - Processing /home/airflow/.local/lib/python3.12/site-packages/airflow/example_dags/example_xcomargs.py took 0.078 seconds
[2025-03-22T09:05:55.711+0000] {processor.py:186} INFO - Started process (PID=1089) to work on /home/airflow/.local/lib/python3.12/site-packages/airflow/example_dags/example_xcomargs.py
[2025-03-22T09:05:55.713+0000] {processor.py:914} INFO - Processing file /home/airflow/.local/lib/python3.12/site-packages/airflow/example_dags/example_xcomargs.py for tasks to queue
[2025-03-22T09:05:55.717+0000] {logging_mixin.py:190} INFO - [2025-03-22T09:05:55.716+0000] {dagbag.py:588} INFO - Filling up the DagBag from /home/airflow/.local/lib/python3.12/site-packages/airflow/example_dags/example_xcomargs.py
[2025-03-22T09:05:55.733+0000] {processor.py:925} INFO - DAG(s) 'example_xcom_args', 'example_xcom_args_with_operators' retrieved from /home/airflow/.local/lib/python3.12/site-packages/airflow/example_dags/example_xcomargs.py
[2025-03-22T09:05:55.778+0000] {logging_mixin.py:190} INFO - [2025-03-22T09:05:55.778+0000] {dag.py:3239} INFO - Sync 2 DAGs
[2025-03-22T09:05:55.803+0000] {logging_mixin.py:190} INFO - [2025-03-22T09:05:55.803+0000] {dag.py:4180} INFO - Setting next_dagrun for example_xcom_args to None, run_after=None
[2025-03-22T09:05:55.811+0000] {logging_mixin.py:190} INFO - [2025-03-22T09:05:55.811+0000] {dag.py:4180} INFO - Setting next_dagrun for example_xcom_args_with_operators to None, run_after=None
[2025-03-22T09:05:55.840+0000] {processor.py:208} INFO - Processing /home/airflow/.local/lib/python3.12/site-packages/airflow/example_dags/example_xcomargs.py took 0.137 seconds
[2025-03-22T09:06:26.507+0000] {processor.py:186} INFO - Started process (PID=1152) to work on /home/airflow/.local/lib/python3.12/site-packages/airflow/example_dags/example_xcomargs.py
[2025-03-22T09:06:26.509+0000] {processor.py:914} INFO - Processing file /home/airflow/.local/lib/python3.12/site-packages/airflow/example_dags/example_xcomargs.py for tasks to queue
[2025-03-22T09:06:26.513+0000] {logging_mixin.py:190} INFO - [2025-03-22T09:06:26.512+0000] {dagbag.py:588} INFO - Filling up the DagBag from /home/airflow/.local/lib/python3.12/site-packages/airflow/example_dags/example_xcomargs.py
[2025-03-22T09:06:26.527+0000] {processor.py:925} INFO - DAG(s) 'example_xcom_args_with_operators', 'example_xcom_args' retrieved from /home/airflow/.local/lib/python3.12/site-packages/airflow/example_dags/example_xcomargs.py
[2025-03-22T09:06:26.557+0000] {logging_mixin.py:190} INFO - [2025-03-22T09:06:26.556+0000] {dag.py:3239} INFO - Sync 2 DAGs
[2025-03-22T09:06:26.574+0000] {logging_mixin.py:190} INFO - [2025-03-22T09:06:26.573+0000] {dag.py:4180} INFO - Setting next_dagrun for example_xcom_args to None, run_after=None
[2025-03-22T09:06:26.578+0000] {logging_mixin.py:190} INFO - [2025-03-22T09:06:26.577+0000] {dag.py:4180} INFO - Setting next_dagrun for example_xcom_args_with_operators to None, run_after=None
[2025-03-22T09:06:26.598+0000] {processor.py:208} INFO - Processing /home/airflow/.local/lib/python3.12/site-packages/airflow/example_dags/example_xcomargs.py took 0.097 seconds
[2025-03-22T09:06:56.733+0000] {processor.py:186} INFO - Started process (PID=1215) to work on /home/airflow/.local/lib/python3.12/site-packages/airflow/example_dags/example_xcomargs.py
[2025-03-22T09:06:56.734+0000] {processor.py:914} INFO - Processing file /home/airflow/.local/lib/python3.12/site-packages/airflow/example_dags/example_xcomargs.py for tasks to queue
[2025-03-22T09:06:56.736+0000] {logging_mixin.py:190} INFO - [2025-03-22T09:06:56.736+0000] {dagbag.py:588} INFO - Filling up the DagBag from /home/airflow/.local/lib/python3.12/site-packages/airflow/example_dags/example_xcomargs.py
[2025-03-22T09:06:56.747+0000] {processor.py:925} INFO - DAG(s) 'example_xcom_args_with_operators', 'example_xcom_args' retrieved from /home/airflow/.local/lib/python3.12/site-packages/airflow/example_dags/example_xcomargs.py
[2025-03-22T09:06:56.775+0000] {logging_mixin.py:190} INFO - [2025-03-22T09:06:56.775+0000] {dag.py:3239} INFO - Sync 2 DAGs
[2025-03-22T09:06:56.791+0000] {logging_mixin.py:190} INFO - [2025-03-22T09:06:56.790+0000] {dag.py:4180} INFO - Setting next_dagrun for example_xcom_args to None, run_after=None
[2025-03-22T09:06:56.794+0000] {logging_mixin.py:190} INFO - [2025-03-22T09:06:56.794+0000] {dag.py:4180} INFO - Setting next_dagrun for example_xcom_args_with_operators to None, run_after=None
[2025-03-22T09:06:56.811+0000] {processor.py:208} INFO - Processing /home/airflow/.local/lib/python3.12/site-packages/airflow/example_dags/example_xcomargs.py took 0.084 seconds
[2025-03-22T09:07:27.158+0000] {processor.py:186} INFO - Started process (PID=1278) to work on /home/airflow/.local/lib/python3.12/site-packages/airflow/example_dags/example_xcomargs.py
[2025-03-22T09:07:27.161+0000] {processor.py:914} INFO - Processing file /home/airflow/.local/lib/python3.12/site-packages/airflow/example_dags/example_xcomargs.py for tasks to queue
[2025-03-22T09:07:27.164+0000] {logging_mixin.py:190} INFO - [2025-03-22T09:07:27.164+0000] {dagbag.py:588} INFO - Filling up the DagBag from /home/airflow/.local/lib/python3.12/site-packages/airflow/example_dags/example_xcomargs.py
[2025-03-22T09:07:27.177+0000] {processor.py:925} INFO - DAG(s) 'example_xcom_args', 'example_xcom_args_with_operators' retrieved from /home/airflow/.local/lib/python3.12/site-packages/airflow/example_dags/example_xcomargs.py
[2025-03-22T09:07:27.217+0000] {logging_mixin.py:190} INFO - [2025-03-22T09:07:27.216+0000] {dag.py:3239} INFO - Sync 2 DAGs
[2025-03-22T09:07:27.242+0000] {logging_mixin.py:190} INFO - [2025-03-22T09:07:27.242+0000] {dag.py:4180} INFO - Setting next_dagrun for example_xcom_args to None, run_after=None
[2025-03-22T09:07:27.247+0000] {logging_mixin.py:190} INFO - [2025-03-22T09:07:27.246+0000] {dag.py:4180} INFO - Setting next_dagrun for example_xcom_args_with_operators to None, run_after=None
[2025-03-22T09:07:27.265+0000] {processor.py:208} INFO - Processing /home/airflow/.local/lib/python3.12/site-packages/airflow/example_dags/example_xcomargs.py took 0.116 seconds
[2025-03-22T09:07:57.901+0000] {processor.py:186} INFO - Started process (PID=1341) to work on /home/airflow/.local/lib/python3.12/site-packages/airflow/example_dags/example_xcomargs.py
[2025-03-22T09:07:57.902+0000] {processor.py:914} INFO - Processing file /home/airflow/.local/lib/python3.12/site-packages/airflow/example_dags/example_xcomargs.py for tasks to queue
[2025-03-22T09:07:57.904+0000] {logging_mixin.py:190} INFO - [2025-03-22T09:07:57.903+0000] {dagbag.py:588} INFO - Filling up the DagBag from /home/airflow/.local/lib/python3.12/site-packages/airflow/example_dags/example_xcomargs.py
[2025-03-22T09:07:57.913+0000] {processor.py:925} INFO - DAG(s) 'example_xcom_args', 'example_xcom_args_with_operators' retrieved from /home/airflow/.local/lib/python3.12/site-packages/airflow/example_dags/example_xcomargs.py
[2025-03-22T09:07:57.935+0000] {logging_mixin.py:190} INFO - [2025-03-22T09:07:57.935+0000] {dag.py:3239} INFO - Sync 2 DAGs
[2025-03-22T09:07:57.950+0000] {logging_mixin.py:190} INFO - [2025-03-22T09:07:57.949+0000] {dag.py:4180} INFO - Setting next_dagrun for example_xcom_args to None, run_after=None
[2025-03-22T09:07:57.953+0000] {logging_mixin.py:190} INFO - [2025-03-22T09:07:57.953+0000] {dag.py:4180} INFO - Setting next_dagrun for example_xcom_args_with_operators to None, run_after=None
[2025-03-22T09:07:57.969+0000] {processor.py:208} INFO - Processing /home/airflow/.local/lib/python3.12/site-packages/airflow/example_dags/example_xcomargs.py took 0.075 seconds
[2025-03-22T09:08:28.436+0000] {processor.py:186} INFO - Started process (PID=1404) to work on /home/airflow/.local/lib/python3.12/site-packages/airflow/example_dags/example_xcomargs.py
[2025-03-22T09:08:28.437+0000] {processor.py:914} INFO - Processing file /home/airflow/.local/lib/python3.12/site-packages/airflow/example_dags/example_xcomargs.py for tasks to queue
[2025-03-22T09:08:28.440+0000] {logging_mixin.py:190} INFO - [2025-03-22T09:08:28.439+0000] {dagbag.py:588} INFO - Filling up the DagBag from /home/airflow/.local/lib/python3.12/site-packages/airflow/example_dags/example_xcomargs.py
[2025-03-22T09:08:28.452+0000] {processor.py:925} INFO - DAG(s) 'example_xcom_args_with_operators', 'example_xcom_args' retrieved from /home/airflow/.local/lib/python3.12/site-packages/airflow/example_dags/example_xcomargs.py
[2025-03-22T09:08:28.485+0000] {logging_mixin.py:190} INFO - [2025-03-22T09:08:28.485+0000] {dag.py:3239} INFO - Sync 2 DAGs
[2025-03-22T09:08:28.507+0000] {logging_mixin.py:190} INFO - [2025-03-22T09:08:28.506+0000] {dag.py:4180} INFO - Setting next_dagrun for example_xcom_args to None, run_after=None
[2025-03-22T09:08:28.512+0000] {logging_mixin.py:190} INFO - [2025-03-22T09:08:28.511+0000] {dag.py:4180} INFO - Setting next_dagrun for example_xcom_args_with_operators to None, run_after=None
[2025-03-22T09:08:28.536+0000] {processor.py:208} INFO - Processing /home/airflow/.local/lib/python3.12/site-packages/airflow/example_dags/example_xcomargs.py took 0.107 seconds
[2025-03-22T09:08:59.164+0000] {processor.py:186} INFO - Started process (PID=1467) to work on /home/airflow/.local/lib/python3.12/site-packages/airflow/example_dags/example_xcomargs.py
[2025-03-22T09:08:59.165+0000] {processor.py:914} INFO - Processing file /home/airflow/.local/lib/python3.12/site-packages/airflow/example_dags/example_xcomargs.py for tasks to queue
[2025-03-22T09:08:59.167+0000] {logging_mixin.py:190} INFO - [2025-03-22T09:08:59.167+0000] {dagbag.py:588} INFO - Filling up the DagBag from /home/airflow/.local/lib/python3.12/site-packages/airflow/example_dags/example_xcomargs.py
[2025-03-22T09:08:59.176+0000] {processor.py:925} INFO - DAG(s) 'example_xcom_args', 'example_xcom_args_with_operators' retrieved from /home/airflow/.local/lib/python3.12/site-packages/airflow/example_dags/example_xcomargs.py
[2025-03-22T09:08:59.200+0000] {logging_mixin.py:190} INFO - [2025-03-22T09:08:59.199+0000] {dag.py:3239} INFO - Sync 2 DAGs
[2025-03-22T09:08:59.214+0000] {logging_mixin.py:190} INFO - [2025-03-22T09:08:59.214+0000] {dag.py:4180} INFO - Setting next_dagrun for example_xcom_args to None, run_after=None
[2025-03-22T09:08:59.217+0000] {logging_mixin.py:190} INFO - [2025-03-22T09:08:59.217+0000] {dag.py:4180} INFO - Setting next_dagrun for example_xcom_args_with_operators to None, run_after=None
[2025-03-22T09:08:59.231+0000] {processor.py:208} INFO - Processing /home/airflow/.local/lib/python3.12/site-packages/airflow/example_dags/example_xcomargs.py took 0.072 seconds
[2025-03-22T09:09:29.385+0000] {processor.py:186} INFO - Started process (PID=1530) to work on /home/airflow/.local/lib/python3.12/site-packages/airflow/example_dags/example_xcomargs.py
[2025-03-22T09:09:29.386+0000] {processor.py:914} INFO - Processing file /home/airflow/.local/lib/python3.12/site-packages/airflow/example_dags/example_xcomargs.py for tasks to queue
[2025-03-22T09:09:29.388+0000] {logging_mixin.py:190} INFO - [2025-03-22T09:09:29.388+0000] {dagbag.py:588} INFO - Filling up the DagBag from /home/airflow/.local/lib/python3.12/site-packages/airflow/example_dags/example_xcomargs.py
[2025-03-22T09:09:29.400+0000] {processor.py:925} INFO - DAG(s) 'example_xcom_args_with_operators', 'example_xcom_args' retrieved from /home/airflow/.local/lib/python3.12/site-packages/airflow/example_dags/example_xcomargs.py
[2025-03-22T09:09:29.428+0000] {logging_mixin.py:190} INFO - [2025-03-22T09:09:29.428+0000] {dag.py:3239} INFO - Sync 2 DAGs
[2025-03-22T09:09:29.444+0000] {logging_mixin.py:190} INFO - [2025-03-22T09:09:29.444+0000] {dag.py:4180} INFO - Setting next_dagrun for example_xcom_args to None, run_after=None
[2025-03-22T09:09:29.449+0000] {logging_mixin.py:190} INFO - [2025-03-22T09:09:29.449+0000] {dag.py:4180} INFO - Setting next_dagrun for example_xcom_args_with_operators to None, run_after=None
[2025-03-22T09:09:29.468+0000] {processor.py:208} INFO - Processing /home/airflow/.local/lib/python3.12/site-packages/airflow/example_dags/example_xcomargs.py took 0.090 seconds
[2025-03-22T09:09:59.579+0000] {processor.py:186} INFO - Started process (PID=1593) to work on /home/airflow/.local/lib/python3.12/site-packages/airflow/example_dags/example_xcomargs.py
[2025-03-22T09:09:59.580+0000] {processor.py:914} INFO - Processing file /home/airflow/.local/lib/python3.12/site-packages/airflow/example_dags/example_xcomargs.py for tasks to queue
[2025-03-22T09:09:59.584+0000] {logging_mixin.py:190} INFO - [2025-03-22T09:09:59.583+0000] {dagbag.py:588} INFO - Filling up the DagBag from /home/airflow/.local/lib/python3.12/site-packages/airflow/example_dags/example_xcomargs.py
[2025-03-22T09:09:59.595+0000] {processor.py:925} INFO - DAG(s) 'example_xcom_args_with_operators', 'example_xcom_args' retrieved from /home/airflow/.local/lib/python3.12/site-packages/airflow/example_dags/example_xcomargs.py
[2025-03-22T09:09:59.623+0000] {logging_mixin.py:190} INFO - [2025-03-22T09:09:59.622+0000] {dag.py:3239} INFO - Sync 2 DAGs
[2025-03-22T09:09:59.644+0000] {logging_mixin.py:190} INFO - [2025-03-22T09:09:59.643+0000] {dag.py:4180} INFO - Setting next_dagrun for example_xcom_args to None, run_after=None
[2025-03-22T09:09:59.648+0000] {logging_mixin.py:190} INFO - [2025-03-22T09:09:59.648+0000] {dag.py:4180} INFO - Setting next_dagrun for example_xcom_args_with_operators to None, run_after=None
[2025-03-22T09:09:59.669+0000] {processor.py:208} INFO - Processing /home/airflow/.local/lib/python3.12/site-packages/airflow/example_dags/example_xcomargs.py took 0.096 seconds
[2025-03-22T09:10:29.892+0000] {processor.py:186} INFO - Started process (PID=1656) to work on /home/airflow/.local/lib/python3.12/site-packages/airflow/example_dags/example_xcomargs.py
[2025-03-22T09:10:29.893+0000] {processor.py:914} INFO - Processing file /home/airflow/.local/lib/python3.12/site-packages/airflow/example_dags/example_xcomargs.py for tasks to queue
[2025-03-22T09:10:29.895+0000] {logging_mixin.py:190} INFO - [2025-03-22T09:10:29.895+0000] {dagbag.py:588} INFO - Filling up the DagBag from /home/airflow/.local/lib/python3.12/site-packages/airflow/example_dags/example_xcomargs.py
[2025-03-22T09:10:29.905+0000] {processor.py:925} INFO - DAG(s) 'example_xcom_args', 'example_xcom_args_with_operators' retrieved from /home/airflow/.local/lib/python3.12/site-packages/airflow/example_dags/example_xcomargs.py
[2025-03-22T09:10:29.930+0000] {logging_mixin.py:190} INFO - [2025-03-22T09:10:29.930+0000] {dag.py:3239} INFO - Sync 2 DAGs
[2025-03-22T09:10:29.948+0000] {logging_mixin.py:190} INFO - [2025-03-22T09:10:29.948+0000] {dag.py:4180} INFO - Setting next_dagrun for example_xcom_args to None, run_after=None
[2025-03-22T09:10:29.953+0000] {logging_mixin.py:190} INFO - [2025-03-22T09:10:29.953+0000] {dag.py:4180} INFO - Setting next_dagrun for example_xcom_args_with_operators to None, run_after=None
[2025-03-22T09:10:29.970+0000] {processor.py:208} INFO - Processing /home/airflow/.local/lib/python3.12/site-packages/airflow/example_dags/example_xcomargs.py took 0.083 seconds
[2025-03-22T09:11:00.555+0000] {processor.py:186} INFO - Started process (PID=1719) to work on /home/airflow/.local/lib/python3.12/site-packages/airflow/example_dags/example_xcomargs.py
[2025-03-22T09:11:00.555+0000] {processor.py:914} INFO - Processing file /home/airflow/.local/lib/python3.12/site-packages/airflow/example_dags/example_xcomargs.py for tasks to queue
[2025-03-22T09:11:00.557+0000] {logging_mixin.py:190} INFO - [2025-03-22T09:11:00.557+0000] {dagbag.py:588} INFO - Filling up the DagBag from /home/airflow/.local/lib/python3.12/site-packages/airflow/example_dags/example_xcomargs.py
[2025-03-22T09:11:00.566+0000] {processor.py:925} INFO - DAG(s) 'example_xcom_args', 'example_xcom_args_with_operators' retrieved from /home/airflow/.local/lib/python3.12/site-packages/airflow/example_dags/example_xcomargs.py
[2025-03-22T09:11:00.588+0000] {logging_mixin.py:190} INFO - [2025-03-22T09:11:00.588+0000] {dag.py:3239} INFO - Sync 2 DAGs
[2025-03-22T09:11:00.602+0000] {logging_mixin.py:190} INFO - [2025-03-22T09:11:00.602+0000] {dag.py:4180} INFO - Setting next_dagrun for example_xcom_args to None, run_after=None
[2025-03-22T09:11:00.606+0000] {logging_mixin.py:190} INFO - [2025-03-22T09:11:00.606+0000] {dag.py:4180} INFO - Setting next_dagrun for example_xcom_args_with_operators to None, run_after=None
[2025-03-22T09:11:00.620+0000] {processor.py:208} INFO - Processing /home/airflow/.local/lib/python3.12/site-packages/airflow/example_dags/example_xcomargs.py took 0.071 seconds
[2025-03-22T09:11:31.116+0000] {processor.py:186} INFO - Started process (PID=1781) to work on /home/airflow/.local/lib/python3.12/site-packages/airflow/example_dags/example_xcomargs.py
[2025-03-22T09:11:31.118+0000] {processor.py:914} INFO - Processing file /home/airflow/.local/lib/python3.12/site-packages/airflow/example_dags/example_xcomargs.py for tasks to queue
[2025-03-22T09:11:31.125+0000] {logging_mixin.py:190} INFO - [2025-03-22T09:11:31.125+0000] {dagbag.py:588} INFO - Filling up the DagBag from /home/airflow/.local/lib/python3.12/site-packages/airflow/example_dags/example_xcomargs.py
[2025-03-22T09:11:31.144+0000] {processor.py:925} INFO - DAG(s) 'example_xcom_args', 'example_xcom_args_with_operators' retrieved from /home/airflow/.local/lib/python3.12/site-packages/airflow/example_dags/example_xcomargs.py
[2025-03-22T09:11:31.189+0000] {logging_mixin.py:190} INFO - [2025-03-22T09:11:31.188+0000] {dag.py:3239} INFO - Sync 2 DAGs
[2025-03-22T09:11:31.223+0000] {logging_mixin.py:190} INFO - [2025-03-22T09:11:31.223+0000] {dag.py:4180} INFO - Setting next_dagrun for example_xcom_args to None, run_after=None
[2025-03-22T09:11:31.229+0000] {logging_mixin.py:190} INFO - [2025-03-22T09:11:31.229+0000] {dag.py:4180} INFO - Setting next_dagrun for example_xcom_args_with_operators to None, run_after=None
[2025-03-22T09:11:31.251+0000] {processor.py:208} INFO - Processing /home/airflow/.local/lib/python3.12/site-packages/airflow/example_dags/example_xcomargs.py took 0.145 seconds
[2025-03-22T09:12:01.334+0000] {processor.py:186} INFO - Started process (PID=1842) to work on /home/airflow/.local/lib/python3.12/site-packages/airflow/example_dags/example_xcomargs.py
[2025-03-22T09:12:01.335+0000] {processor.py:914} INFO - Processing file /home/airflow/.local/lib/python3.12/site-packages/airflow/example_dags/example_xcomargs.py for tasks to queue
[2025-03-22T09:12:01.337+0000] {logging_mixin.py:190} INFO - [2025-03-22T09:12:01.337+0000] {dagbag.py:588} INFO - Filling up the DagBag from /home/airflow/.local/lib/python3.12/site-packages/airflow/example_dags/example_xcomargs.py
[2025-03-22T09:12:01.345+0000] {processor.py:925} INFO - DAG(s) 'example_xcom_args', 'example_xcom_args_with_operators' retrieved from /home/airflow/.local/lib/python3.12/site-packages/airflow/example_dags/example_xcomargs.py
[2025-03-22T09:12:01.366+0000] {logging_mixin.py:190} INFO - [2025-03-22T09:12:01.365+0000] {dag.py:3239} INFO - Sync 2 DAGs
[2025-03-22T09:12:01.379+0000] {logging_mixin.py:190} INFO - [2025-03-22T09:12:01.379+0000] {dag.py:4180} INFO - Setting next_dagrun for example_xcom_args to None, run_after=None
[2025-03-22T09:12:01.382+0000] {logging_mixin.py:190} INFO - [2025-03-22T09:12:01.382+0000] {dag.py:4180} INFO - Setting next_dagrun for example_xcom_args_with_operators to None, run_after=None
[2025-03-22T09:12:01.396+0000] {processor.py:208} INFO - Processing /home/airflow/.local/lib/python3.12/site-packages/airflow/example_dags/example_xcomargs.py took 0.066 seconds
[2025-03-22T09:12:32.105+0000] {processor.py:186} INFO - Started process (PID=1905) to work on /home/airflow/.local/lib/python3.12/site-packages/airflow/example_dags/example_xcomargs.py
[2025-03-22T09:12:32.106+0000] {processor.py:914} INFO - Processing file /home/airflow/.local/lib/python3.12/site-packages/airflow/example_dags/example_xcomargs.py for tasks to queue
[2025-03-22T09:12:32.108+0000] {logging_mixin.py:190} INFO - [2025-03-22T09:12:32.108+0000] {dagbag.py:588} INFO - Filling up the DagBag from /home/airflow/.local/lib/python3.12/site-packages/airflow/example_dags/example_xcomargs.py
[2025-03-22T09:12:32.118+0000] {processor.py:925} INFO - DAG(s) 'example_xcom_args', 'example_xcom_args_with_operators' retrieved from /home/airflow/.local/lib/python3.12/site-packages/airflow/example_dags/example_xcomargs.py
[2025-03-22T09:12:32.147+0000] {logging_mixin.py:190} INFO - [2025-03-22T09:12:32.147+0000] {dag.py:3239} INFO - Sync 2 DAGs
[2025-03-22T09:12:32.166+0000] {logging_mixin.py:190} INFO - [2025-03-22T09:12:32.166+0000] {dag.py:4180} INFO - Setting next_dagrun for example_xcom_args to None, run_after=None
[2025-03-22T09:12:32.171+0000] {logging_mixin.py:190} INFO - [2025-03-22T09:12:32.171+0000] {dag.py:4180} INFO - Setting next_dagrun for example_xcom_args_with_operators to None, run_after=None
[2025-03-22T09:12:32.189+0000] {processor.py:208} INFO - Processing /home/airflow/.local/lib/python3.12/site-packages/airflow/example_dags/example_xcomargs.py took 0.089 seconds
[2025-03-22T09:13:02.312+0000] {processor.py:186} INFO - Started process (PID=1968) to work on /home/airflow/.local/lib/python3.12/site-packages/airflow/example_dags/example_xcomargs.py
[2025-03-22T09:13:02.313+0000] {processor.py:914} INFO - Processing file /home/airflow/.local/lib/python3.12/site-packages/airflow/example_dags/example_xcomargs.py for tasks to queue
[2025-03-22T09:13:02.317+0000] {logging_mixin.py:190} INFO - [2025-03-22T09:13:02.316+0000] {dagbag.py:588} INFO - Filling up the DagBag from /home/airflow/.local/lib/python3.12/site-packages/airflow/example_dags/example_xcomargs.py
[2025-03-22T09:13:02.334+0000] {processor.py:925} INFO - DAG(s) 'example_xcom_args', 'example_xcom_args_with_operators' retrieved from /home/airflow/.local/lib/python3.12/site-packages/airflow/example_dags/example_xcomargs.py
[2025-03-22T09:13:02.366+0000] {logging_mixin.py:190} INFO - [2025-03-22T09:13:02.366+0000] {dag.py:3239} INFO - Sync 2 DAGs
[2025-03-22T09:13:02.391+0000] {logging_mixin.py:190} INFO - [2025-03-22T09:13:02.391+0000] {dag.py:4180} INFO - Setting next_dagrun for example_xcom_args to None, run_after=None
[2025-03-22T09:13:02.397+0000] {logging_mixin.py:190} INFO - [2025-03-22T09:13:02.397+0000] {dag.py:4180} INFO - Setting next_dagrun for example_xcom_args_with_operators to None, run_after=None
[2025-03-22T09:13:02.420+0000] {processor.py:208} INFO - Processing /home/airflow/.local/lib/python3.12/site-packages/airflow/example_dags/example_xcomargs.py took 0.115 seconds
[2025-03-22T09:13:32.832+0000] {processor.py:186} INFO - Started process (PID=2031) to work on /home/airflow/.local/lib/python3.12/site-packages/airflow/example_dags/example_xcomargs.py
[2025-03-22T09:13:32.833+0000] {processor.py:914} INFO - Processing file /home/airflow/.local/lib/python3.12/site-packages/airflow/example_dags/example_xcomargs.py for tasks to queue
[2025-03-22T09:13:32.836+0000] {logging_mixin.py:190} INFO - [2025-03-22T09:13:32.836+0000] {dagbag.py:588} INFO - Filling up the DagBag from /home/airflow/.local/lib/python3.12/site-packages/airflow/example_dags/example_xcomargs.py
[2025-03-22T09:13:32.847+0000] {processor.py:925} INFO - DAG(s) 'example_xcom_args', 'example_xcom_args_with_operators' retrieved from /home/airflow/.local/lib/python3.12/site-packages/airflow/example_dags/example_xcomargs.py
[2025-03-22T09:13:32.882+0000] {logging_mixin.py:190} INFO - [2025-03-22T09:13:32.881+0000] {dag.py:3239} INFO - Sync 2 DAGs
[2025-03-22T09:13:32.907+0000] {logging_mixin.py:190} INFO - [2025-03-22T09:13:32.907+0000] {dag.py:4180} INFO - Setting next_dagrun for example_xcom_args to None, run_after=None
[2025-03-22T09:13:32.915+0000] {logging_mixin.py:190} INFO - [2025-03-22T09:13:32.915+0000] {dag.py:4180} INFO - Setting next_dagrun for example_xcom_args_with_operators to None, run_after=None
[2025-03-22T09:13:32.944+0000] {processor.py:208} INFO - Processing /home/airflow/.local/lib/python3.12/site-packages/airflow/example_dags/example_xcomargs.py took 0.118 seconds
[2025-03-22T09:14:03.117+0000] {processor.py:186} INFO - Started process (PID=2094) to work on /home/airflow/.local/lib/python3.12/site-packages/airflow/example_dags/example_xcomargs.py
[2025-03-22T09:14:03.118+0000] {processor.py:914} INFO - Processing file /home/airflow/.local/lib/python3.12/site-packages/airflow/example_dags/example_xcomargs.py for tasks to queue
[2025-03-22T09:14:03.120+0000] {logging_mixin.py:190} INFO - [2025-03-22T09:14:03.120+0000] {dagbag.py:588} INFO - Filling up the DagBag from /home/airflow/.local/lib/python3.12/site-packages/airflow/example_dags/example_xcomargs.py
[2025-03-22T09:14:03.131+0000] {processor.py:925} INFO - DAG(s) 'example_xcom_args', 'example_xcom_args_with_operators' retrieved from /home/airflow/.local/lib/python3.12/site-packages/airflow/example_dags/example_xcomargs.py
[2025-03-22T09:14:03.156+0000] {logging_mixin.py:190} INFO - [2025-03-22T09:14:03.155+0000] {dag.py:3239} INFO - Sync 2 DAGs
[2025-03-22T09:14:03.171+0000] {logging_mixin.py:190} INFO - [2025-03-22T09:14:03.171+0000] {dag.py:4180} INFO - Setting next_dagrun for example_xcom_args to None, run_after=None
[2025-03-22T09:14:03.175+0000] {logging_mixin.py:190} INFO - [2025-03-22T09:14:03.175+0000] {dag.py:4180} INFO - Setting next_dagrun for example_xcom_args_with_operators to None, run_after=None
[2025-03-22T09:14:03.195+0000] {processor.py:208} INFO - Processing /home/airflow/.local/lib/python3.12/site-packages/airflow/example_dags/example_xcomargs.py took 0.083 seconds
[2025-03-22T09:14:33.628+0000] {processor.py:186} INFO - Started process (PID=2157) to work on /home/airflow/.local/lib/python3.12/site-packages/airflow/example_dags/example_xcomargs.py
[2025-03-22T09:14:33.629+0000] {processor.py:914} INFO - Processing file /home/airflow/.local/lib/python3.12/site-packages/airflow/example_dags/example_xcomargs.py for tasks to queue
[2025-03-22T09:14:33.633+0000] {logging_mixin.py:190} INFO - [2025-03-22T09:14:33.633+0000] {dagbag.py:588} INFO - Filling up the DagBag from /home/airflow/.local/lib/python3.12/site-packages/airflow/example_dags/example_xcomargs.py
[2025-03-22T09:14:33.649+0000] {processor.py:925} INFO - DAG(s) 'example_xcom_args', 'example_xcom_args_with_operators' retrieved from /home/airflow/.local/lib/python3.12/site-packages/airflow/example_dags/example_xcomargs.py
[2025-03-22T09:14:33.682+0000] {logging_mixin.py:190} INFO - [2025-03-22T09:14:33.681+0000] {dag.py:3239} INFO - Sync 2 DAGs
[2025-03-22T09:14:33.702+0000] {logging_mixin.py:190} INFO - [2025-03-22T09:14:33.701+0000] {dag.py:4180} INFO - Setting next_dagrun for example_xcom_args to None, run_after=None
[2025-03-22T09:14:33.706+0000] {logging_mixin.py:190} INFO - [2025-03-22T09:14:33.706+0000] {dag.py:4180} INFO - Setting next_dagrun for example_xcom_args_with_operators to None, run_after=None
[2025-03-22T09:14:33.726+0000] {processor.py:208} INFO - Processing /home/airflow/.local/lib/python3.12/site-packages/airflow/example_dags/example_xcomargs.py took 0.105 seconds
[2025-03-22T09:15:04.210+0000] {processor.py:186} INFO - Started process (PID=2220) to work on /home/airflow/.local/lib/python3.12/site-packages/airflow/example_dags/example_xcomargs.py
[2025-03-22T09:15:04.211+0000] {processor.py:914} INFO - Processing file /home/airflow/.local/lib/python3.12/site-packages/airflow/example_dags/example_xcomargs.py for tasks to queue
[2025-03-22T09:15:04.214+0000] {logging_mixin.py:190} INFO - [2025-03-22T09:15:04.214+0000] {dagbag.py:588} INFO - Filling up the DagBag from /home/airflow/.local/lib/python3.12/site-packages/airflow/example_dags/example_xcomargs.py
[2025-03-22T09:15:04.225+0000] {processor.py:925} INFO - DAG(s) 'example_xcom_args', 'example_xcom_args_with_operators' retrieved from /home/airflow/.local/lib/python3.12/site-packages/airflow/example_dags/example_xcomargs.py
[2025-03-22T09:15:04.252+0000] {logging_mixin.py:190} INFO - [2025-03-22T09:15:04.251+0000] {dag.py:3239} INFO - Sync 2 DAGs
[2025-03-22T09:15:04.268+0000] {logging_mixin.py:190} INFO - [2025-03-22T09:15:04.267+0000] {dag.py:4180} INFO - Setting next_dagrun for example_xcom_args to None, run_after=None
[2025-03-22T09:15:04.272+0000] {logging_mixin.py:190} INFO - [2025-03-22T09:15:04.272+0000] {dag.py:4180} INFO - Setting next_dagrun for example_xcom_args_with_operators to None, run_after=None
[2025-03-22T09:15:04.289+0000] {processor.py:208} INFO - Processing /home/airflow/.local/lib/python3.12/site-packages/airflow/example_dags/example_xcomargs.py took 0.089 seconds
[2025-03-22T09:15:34.431+0000] {processor.py:186} INFO - Started process (PID=2282) to work on /home/airflow/.local/lib/python3.12/site-packages/airflow/example_dags/example_xcomargs.py
[2025-03-22T09:15:34.432+0000] {processor.py:914} INFO - Processing file /home/airflow/.local/lib/python3.12/site-packages/airflow/example_dags/example_xcomargs.py for tasks to queue
[2025-03-22T09:15:34.434+0000] {logging_mixin.py:190} INFO - [2025-03-22T09:15:34.434+0000] {dagbag.py:588} INFO - Filling up the DagBag from /home/airflow/.local/lib/python3.12/site-packages/airflow/example_dags/example_xcomargs.py
[2025-03-22T09:15:34.446+0000] {processor.py:925} INFO - DAG(s) 'example_xcom_args_with_operators', 'example_xcom_args' retrieved from /home/airflow/.local/lib/python3.12/site-packages/airflow/example_dags/example_xcomargs.py
[2025-03-22T09:15:34.470+0000] {logging_mixin.py:190} INFO - [2025-03-22T09:15:34.469+0000] {dag.py:3239} INFO - Sync 2 DAGs
[2025-03-22T09:15:34.484+0000] {logging_mixin.py:190} INFO - [2025-03-22T09:15:34.484+0000] {dag.py:4180} INFO - Setting next_dagrun for example_xcom_args to None, run_after=None
[2025-03-22T09:15:34.489+0000] {logging_mixin.py:190} INFO - [2025-03-22T09:15:34.488+0000] {dag.py:4180} INFO - Setting next_dagrun for example_xcom_args_with_operators to None, run_after=None
[2025-03-22T09:15:34.505+0000] {processor.py:208} INFO - Processing /home/airflow/.local/lib/python3.12/site-packages/airflow/example_dags/example_xcomargs.py took 0.079 seconds
[2025-03-22T09:16:04.610+0000] {processor.py:186} INFO - Started process (PID=2345) to work on /home/airflow/.local/lib/python3.12/site-packages/airflow/example_dags/example_xcomargs.py
[2025-03-22T09:16:04.611+0000] {processor.py:914} INFO - Processing file /home/airflow/.local/lib/python3.12/site-packages/airflow/example_dags/example_xcomargs.py for tasks to queue
[2025-03-22T09:16:04.613+0000] {logging_mixin.py:190} INFO - [2025-03-22T09:16:04.613+0000] {dagbag.py:588} INFO - Filling up the DagBag from /home/airflow/.local/lib/python3.12/site-packages/airflow/example_dags/example_xcomargs.py
[2025-03-22T09:16:04.624+0000] {processor.py:925} INFO - DAG(s) 'example_xcom_args', 'example_xcom_args_with_operators' retrieved from /home/airflow/.local/lib/python3.12/site-packages/airflow/example_dags/example_xcomargs.py
[2025-03-22T09:16:04.649+0000] {logging_mixin.py:190} INFO - [2025-03-22T09:16:04.649+0000] {dag.py:3239} INFO - Sync 2 DAGs
[2025-03-22T09:16:04.666+0000] {logging_mixin.py:190} INFO - [2025-03-22T09:16:04.666+0000] {dag.py:4180} INFO - Setting next_dagrun for example_xcom_args to None, run_after=None
[2025-03-22T09:16:04.671+0000] {logging_mixin.py:190} INFO - [2025-03-22T09:16:04.671+0000] {dag.py:4180} INFO - Setting next_dagrun for example_xcom_args_with_operators to None, run_after=None
[2025-03-22T09:16:04.688+0000] {processor.py:208} INFO - Processing /home/airflow/.local/lib/python3.12/site-packages/airflow/example_dags/example_xcomargs.py took 0.084 seconds
[2025-03-22T09:16:34.759+0000] {processor.py:186} INFO - Started process (PID=2408) to work on /home/airflow/.local/lib/python3.12/site-packages/airflow/example_dags/example_xcomargs.py
[2025-03-22T09:16:34.760+0000] {processor.py:914} INFO - Processing file /home/airflow/.local/lib/python3.12/site-packages/airflow/example_dags/example_xcomargs.py for tasks to queue
[2025-03-22T09:16:34.763+0000] {logging_mixin.py:190} INFO - [2025-03-22T09:16:34.762+0000] {dagbag.py:588} INFO - Filling up the DagBag from /home/airflow/.local/lib/python3.12/site-packages/airflow/example_dags/example_xcomargs.py
[2025-03-22T09:16:34.776+0000] {processor.py:925} INFO - DAG(s) 'example_xcom_args', 'example_xcom_args_with_operators' retrieved from /home/airflow/.local/lib/python3.12/site-packages/airflow/example_dags/example_xcomargs.py
[2025-03-22T09:16:34.803+0000] {logging_mixin.py:190} INFO - [2025-03-22T09:16:34.803+0000] {dag.py:3239} INFO - Sync 2 DAGs
[2025-03-22T09:16:34.819+0000] {logging_mixin.py:190} INFO - [2025-03-22T09:16:34.818+0000] {dag.py:4180} INFO - Setting next_dagrun for example_xcom_args to None, run_after=None
[2025-03-22T09:16:34.823+0000] {logging_mixin.py:190} INFO - [2025-03-22T09:16:34.823+0000] {dag.py:4180} INFO - Setting next_dagrun for example_xcom_args_with_operators to None, run_after=None
[2025-03-22T09:16:34.843+0000] {processor.py:208} INFO - Processing /home/airflow/.local/lib/python3.12/site-packages/airflow/example_dags/example_xcomargs.py took 0.091 seconds
[2025-03-22T09:17:05.240+0000] {processor.py:186} INFO - Started process (PID=2470) to work on /home/airflow/.local/lib/python3.12/site-packages/airflow/example_dags/example_xcomargs.py
[2025-03-22T09:17:05.241+0000] {processor.py:914} INFO - Processing file /home/airflow/.local/lib/python3.12/site-packages/airflow/example_dags/example_xcomargs.py for tasks to queue
[2025-03-22T09:17:05.245+0000] {logging_mixin.py:190} INFO - [2025-03-22T09:17:05.244+0000] {dagbag.py:588} INFO - Filling up the DagBag from /home/airflow/.local/lib/python3.12/site-packages/airflow/example_dags/example_xcomargs.py
[2025-03-22T09:17:05.255+0000] {processor.py:925} INFO - DAG(s) 'example_xcom_args_with_operators', 'example_xcom_args' retrieved from /home/airflow/.local/lib/python3.12/site-packages/airflow/example_dags/example_xcomargs.py
[2025-03-22T09:17:05.292+0000] {logging_mixin.py:190} INFO - [2025-03-22T09:17:05.292+0000] {dag.py:3239} INFO - Sync 2 DAGs
[2025-03-22T09:17:05.317+0000] {logging_mixin.py:190} INFO - [2025-03-22T09:17:05.316+0000] {dag.py:4180} INFO - Setting next_dagrun for example_xcom_args to None, run_after=None
[2025-03-22T09:17:05.325+0000] {logging_mixin.py:190} INFO - [2025-03-22T09:17:05.325+0000] {dag.py:4180} INFO - Setting next_dagrun for example_xcom_args_with_operators to None, run_after=None
[2025-03-22T09:17:05.355+0000] {processor.py:208} INFO - Processing /home/airflow/.local/lib/python3.12/site-packages/airflow/example_dags/example_xcomargs.py took 0.119 seconds
[2025-03-22T09:17:35.454+0000] {processor.py:186} INFO - Started process (PID=2533) to work on /home/airflow/.local/lib/python3.12/site-packages/airflow/example_dags/example_xcomargs.py
[2025-03-22T09:17:35.455+0000] {processor.py:914} INFO - Processing file /home/airflow/.local/lib/python3.12/site-packages/airflow/example_dags/example_xcomargs.py for tasks to queue
[2025-03-22T09:17:35.457+0000] {logging_mixin.py:190} INFO - [2025-03-22T09:17:35.457+0000] {dagbag.py:588} INFO - Filling up the DagBag from /home/airflow/.local/lib/python3.12/site-packages/airflow/example_dags/example_xcomargs.py
[2025-03-22T09:17:35.466+0000] {processor.py:925} INFO - DAG(s) 'example_xcom_args', 'example_xcom_args_with_operators' retrieved from /home/airflow/.local/lib/python3.12/site-packages/airflow/example_dags/example_xcomargs.py
[2025-03-22T09:17:35.493+0000] {logging_mixin.py:190} INFO - [2025-03-22T09:17:35.492+0000] {dag.py:3239} INFO - Sync 2 DAGs
[2025-03-22T09:17:35.509+0000] {logging_mixin.py:190} INFO - [2025-03-22T09:17:35.508+0000] {dag.py:4180} INFO - Setting next_dagrun for example_xcom_args to None, run_after=None
[2025-03-22T09:17:35.514+0000] {logging_mixin.py:190} INFO - [2025-03-22T09:17:35.514+0000] {dag.py:4180} INFO - Setting next_dagrun for example_xcom_args_with_operators to None, run_after=None
[2025-03-22T09:17:35.536+0000] {processor.py:208} INFO - Processing /home/airflow/.local/lib/python3.12/site-packages/airflow/example_dags/example_xcomargs.py took 0.088 seconds
[2025-03-22T09:18:06.397+0000] {processor.py:186} INFO - Started process (PID=2598) to work on /home/airflow/.local/lib/python3.12/site-packages/airflow/example_dags/example_xcomargs.py
[2025-03-22T09:18:06.398+0000] {processor.py:914} INFO - Processing file /home/airflow/.local/lib/python3.12/site-packages/airflow/example_dags/example_xcomargs.py for tasks to queue
[2025-03-22T09:18:06.400+0000] {logging_mixin.py:190} INFO - [2025-03-22T09:18:06.399+0000] {dagbag.py:588} INFO - Filling up the DagBag from /home/airflow/.local/lib/python3.12/site-packages/airflow/example_dags/example_xcomargs.py
[2025-03-22T09:18:06.410+0000] {processor.py:925} INFO - DAG(s) 'example_xcom_args', 'example_xcom_args_with_operators' retrieved from /home/airflow/.local/lib/python3.12/site-packages/airflow/example_dags/example_xcomargs.py
[2025-03-22T09:18:06.439+0000] {logging_mixin.py:190} INFO - [2025-03-22T09:18:06.438+0000] {dag.py:3239} INFO - Sync 2 DAGs
[2025-03-22T09:18:06.457+0000] {logging_mixin.py:190} INFO - [2025-03-22T09:18:06.456+0000] {dag.py:4180} INFO - Setting next_dagrun for example_xcom_args to None, run_after=None
[2025-03-22T09:18:06.462+0000] {logging_mixin.py:190} INFO - [2025-03-22T09:18:06.462+0000] {dag.py:4180} INFO - Setting next_dagrun for example_xcom_args_with_operators to None, run_after=None
[2025-03-22T09:18:06.481+0000] {processor.py:208} INFO - Processing /home/airflow/.local/lib/python3.12/site-packages/airflow/example_dags/example_xcomargs.py took 0.089 seconds
[2025-03-22T09:18:37.188+0000] {processor.py:186} INFO - Started process (PID=2663) to work on /home/airflow/.local/lib/python3.12/site-packages/airflow/example_dags/example_xcomargs.py
[2025-03-22T09:18:37.189+0000] {processor.py:914} INFO - Processing file /home/airflow/.local/lib/python3.12/site-packages/airflow/example_dags/example_xcomargs.py for tasks to queue
[2025-03-22T09:18:37.191+0000] {logging_mixin.py:190} INFO - [2025-03-22T09:18:37.190+0000] {dagbag.py:588} INFO - Filling up the DagBag from /home/airflow/.local/lib/python3.12/site-packages/airflow/example_dags/example_xcomargs.py
[2025-03-22T09:18:37.201+0000] {processor.py:925} INFO - DAG(s) 'example_xcom_args_with_operators', 'example_xcom_args' retrieved from /home/airflow/.local/lib/python3.12/site-packages/airflow/example_dags/example_xcomargs.py
[2025-03-22T09:18:37.225+0000] {logging_mixin.py:190} INFO - [2025-03-22T09:18:37.224+0000] {dag.py:3239} INFO - Sync 2 DAGs
[2025-03-22T09:18:37.241+0000] {logging_mixin.py:190} INFO - [2025-03-22T09:18:37.241+0000] {dag.py:4180} INFO - Setting next_dagrun for example_xcom_args to None, run_after=None
[2025-03-22T09:18:37.246+0000] {logging_mixin.py:190} INFO - [2025-03-22T09:18:37.245+0000] {dag.py:4180} INFO - Setting next_dagrun for example_xcom_args_with_operators to None, run_after=None
[2025-03-22T09:18:37.264+0000] {processor.py:208} INFO - Processing /home/airflow/.local/lib/python3.12/site-packages/airflow/example_dags/example_xcomargs.py took 0.083 seconds
[2025-03-22T09:19:07.731+0000] {processor.py:186} INFO - Started process (PID=2728) to work on /home/airflow/.local/lib/python3.12/site-packages/airflow/example_dags/example_xcomargs.py
[2025-03-22T09:19:07.732+0000] {processor.py:914} INFO - Processing file /home/airflow/.local/lib/python3.12/site-packages/airflow/example_dags/example_xcomargs.py for tasks to queue
[2025-03-22T09:19:07.734+0000] {logging_mixin.py:190} INFO - [2025-03-22T09:19:07.734+0000] {dagbag.py:588} INFO - Filling up the DagBag from /home/airflow/.local/lib/python3.12/site-packages/airflow/example_dags/example_xcomargs.py
[2025-03-22T09:19:07.745+0000] {processor.py:925} INFO - DAG(s) 'example_xcom_args', 'example_xcom_args_with_operators' retrieved from /home/airflow/.local/lib/python3.12/site-packages/airflow/example_dags/example_xcomargs.py
[2025-03-22T09:19:07.772+0000] {logging_mixin.py:190} INFO - [2025-03-22T09:19:07.772+0000] {dag.py:3239} INFO - Sync 2 DAGs
[2025-03-22T09:19:07.794+0000] {logging_mixin.py:190} INFO - [2025-03-22T09:19:07.794+0000] {dag.py:4180} INFO - Setting next_dagrun for example_xcom_args to None, run_after=None
[2025-03-22T09:19:07.799+0000] {logging_mixin.py:190} INFO - [2025-03-22T09:19:07.799+0000] {dag.py:4180} INFO - Setting next_dagrun for example_xcom_args_with_operators to None, run_after=None
[2025-03-22T09:19:07.822+0000] {processor.py:208} INFO - Processing /home/airflow/.local/lib/python3.12/site-packages/airflow/example_dags/example_xcomargs.py took 0.098 seconds
[2025-03-22T09:19:37.931+0000] {processor.py:186} INFO - Started process (PID=2792) to work on /home/airflow/.local/lib/python3.12/site-packages/airflow/example_dags/example_xcomargs.py
[2025-03-22T09:19:37.933+0000] {processor.py:914} INFO - Processing file /home/airflow/.local/lib/python3.12/site-packages/airflow/example_dags/example_xcomargs.py for tasks to queue
[2025-03-22T09:19:37.935+0000] {logging_mixin.py:190} INFO - [2025-03-22T09:19:37.934+0000] {dagbag.py:588} INFO - Filling up the DagBag from /home/airflow/.local/lib/python3.12/site-packages/airflow/example_dags/example_xcomargs.py
[2025-03-22T09:19:37.945+0000] {processor.py:925} INFO - DAG(s) 'example_xcom_args_with_operators', 'example_xcom_args' retrieved from /home/airflow/.local/lib/python3.12/site-packages/airflow/example_dags/example_xcomargs.py
[2025-03-22T09:19:37.970+0000] {logging_mixin.py:190} INFO - [2025-03-22T09:19:37.970+0000] {dag.py:3239} INFO - Sync 2 DAGs
[2025-03-22T09:19:37.987+0000] {logging_mixin.py:190} INFO - [2025-03-22T09:19:37.986+0000] {dag.py:4180} INFO - Setting next_dagrun for example_xcom_args to None, run_after=None
[2025-03-22T09:19:37.991+0000] {logging_mixin.py:190} INFO - [2025-03-22T09:19:37.991+0000] {dag.py:4180} INFO - Setting next_dagrun for example_xcom_args_with_operators to None, run_after=None
[2025-03-22T09:19:38.007+0000] {processor.py:208} INFO - Processing /home/airflow/.local/lib/python3.12/site-packages/airflow/example_dags/example_xcomargs.py took 0.082 seconds
[2025-03-22T09:20:09.076+0000] {processor.py:186} INFO - Started process (PID=2856) to work on /home/airflow/.local/lib/python3.12/site-packages/airflow/example_dags/example_xcomargs.py
[2025-03-22T09:20:09.077+0000] {processor.py:914} INFO - Processing file /home/airflow/.local/lib/python3.12/site-packages/airflow/example_dags/example_xcomargs.py for tasks to queue
[2025-03-22T09:20:09.079+0000] {logging_mixin.py:190} INFO - [2025-03-22T09:20:09.078+0000] {dagbag.py:588} INFO - Filling up the DagBag from /home/airflow/.local/lib/python3.12/site-packages/airflow/example_dags/example_xcomargs.py
[2025-03-22T09:20:09.095+0000] {processor.py:925} INFO - DAG(s) 'example_xcom_args', 'example_xcom_args_with_operators' retrieved from /home/airflow/.local/lib/python3.12/site-packages/airflow/example_dags/example_xcomargs.py
[2025-03-22T09:20:09.123+0000] {logging_mixin.py:190} INFO - [2025-03-22T09:20:09.122+0000] {dag.py:3239} INFO - Sync 2 DAGs
[2025-03-22T09:20:09.144+0000] {logging_mixin.py:190} INFO - [2025-03-22T09:20:09.144+0000] {dag.py:4180} INFO - Setting next_dagrun for example_xcom_args to None, run_after=None
[2025-03-22T09:20:09.149+0000] {logging_mixin.py:190} INFO - [2025-03-22T09:20:09.149+0000] {dag.py:4180} INFO - Setting next_dagrun for example_xcom_args_with_operators to None, run_after=None
[2025-03-22T09:20:09.172+0000] {processor.py:208} INFO - Processing /home/airflow/.local/lib/python3.12/site-packages/airflow/example_dags/example_xcomargs.py took 0.103 seconds
[2025-03-22T09:20:39.254+0000] {processor.py:186} INFO - Started process (PID=2920) to work on /home/airflow/.local/lib/python3.12/site-packages/airflow/example_dags/example_xcomargs.py
[2025-03-22T09:20:39.255+0000] {processor.py:914} INFO - Processing file /home/airflow/.local/lib/python3.12/site-packages/airflow/example_dags/example_xcomargs.py for tasks to queue
[2025-03-22T09:20:39.256+0000] {logging_mixin.py:190} INFO - [2025-03-22T09:20:39.256+0000] {dagbag.py:588} INFO - Filling up the DagBag from /home/airflow/.local/lib/python3.12/site-packages/airflow/example_dags/example_xcomargs.py
[2025-03-22T09:20:39.265+0000] {processor.py:925} INFO - DAG(s) 'example_xcom_args', 'example_xcom_args_with_operators' retrieved from /home/airflow/.local/lib/python3.12/site-packages/airflow/example_dags/example_xcomargs.py
[2025-03-22T09:20:39.285+0000] {logging_mixin.py:190} INFO - [2025-03-22T09:20:39.285+0000] {dag.py:3239} INFO - Sync 2 DAGs
[2025-03-22T09:20:39.299+0000] {logging_mixin.py:190} INFO - [2025-03-22T09:20:39.299+0000] {dag.py:4180} INFO - Setting next_dagrun for example_xcom_args to None, run_after=None
[2025-03-22T09:20:39.303+0000] {logging_mixin.py:190} INFO - [2025-03-22T09:20:39.303+0000] {dag.py:4180} INFO - Setting next_dagrun for example_xcom_args_with_operators to None, run_after=None
[2025-03-22T09:20:39.319+0000] {processor.py:208} INFO - Processing /home/airflow/.local/lib/python3.12/site-packages/airflow/example_dags/example_xcomargs.py took 0.069 seconds
[2025-03-22T09:21:09.432+0000] {processor.py:186} INFO - Started process (PID=2984) to work on /home/airflow/.local/lib/python3.12/site-packages/airflow/example_dags/example_xcomargs.py
[2025-03-22T09:21:09.432+0000] {processor.py:914} INFO - Processing file /home/airflow/.local/lib/python3.12/site-packages/airflow/example_dags/example_xcomargs.py for tasks to queue
[2025-03-22T09:21:09.434+0000] {logging_mixin.py:190} INFO - [2025-03-22T09:21:09.433+0000] {dagbag.py:588} INFO - Filling up the DagBag from /home/airflow/.local/lib/python3.12/site-packages/airflow/example_dags/example_xcomargs.py
[2025-03-22T09:21:09.443+0000] {processor.py:925} INFO - DAG(s) 'example_xcom_args', 'example_xcom_args_with_operators' retrieved from /home/airflow/.local/lib/python3.12/site-packages/airflow/example_dags/example_xcomargs.py
[2025-03-22T09:21:09.465+0000] {logging_mixin.py:190} INFO - [2025-03-22T09:21:09.465+0000] {dag.py:3239} INFO - Sync 2 DAGs
[2025-03-22T09:21:09.482+0000] {logging_mixin.py:190} INFO - [2025-03-22T09:21:09.481+0000] {dag.py:4180} INFO - Setting next_dagrun for example_xcom_args to None, run_after=None
[2025-03-22T09:21:09.487+0000] {logging_mixin.py:190} INFO - [2025-03-22T09:21:09.486+0000] {dag.py:4180} INFO - Setting next_dagrun for example_xcom_args_with_operators to None, run_after=None
[2025-03-22T09:21:09.504+0000] {processor.py:208} INFO - Processing /home/airflow/.local/lib/python3.12/site-packages/airflow/example_dags/example_xcomargs.py took 0.077 seconds
[2025-03-22T09:21:39.593+0000] {processor.py:186} INFO - Started process (PID=3048) to work on /home/airflow/.local/lib/python3.12/site-packages/airflow/example_dags/example_xcomargs.py
[2025-03-22T09:21:39.594+0000] {processor.py:914} INFO - Processing file /home/airflow/.local/lib/python3.12/site-packages/airflow/example_dags/example_xcomargs.py for tasks to queue
[2025-03-22T09:21:39.595+0000] {logging_mixin.py:190} INFO - [2025-03-22T09:21:39.594+0000] {dagbag.py:588} INFO - Filling up the DagBag from /home/airflow/.local/lib/python3.12/site-packages/airflow/example_dags/example_xcomargs.py
[2025-03-22T09:21:39.604+0000] {processor.py:925} INFO - DAG(s) 'example_xcom_args', 'example_xcom_args_with_operators' retrieved from /home/airflow/.local/lib/python3.12/site-packages/airflow/example_dags/example_xcomargs.py
[2025-03-22T09:21:39.624+0000] {logging_mixin.py:190} INFO - [2025-03-22T09:21:39.624+0000] {dag.py:3239} INFO - Sync 2 DAGs
[2025-03-22T09:21:39.638+0000] {logging_mixin.py:190} INFO - [2025-03-22T09:21:39.638+0000] {dag.py:4180} INFO - Setting next_dagrun for example_xcom_args to None, run_after=None
[2025-03-22T09:21:39.641+0000] {logging_mixin.py:190} INFO - [2025-03-22T09:21:39.641+0000] {dag.py:4180} INFO - Setting next_dagrun for example_xcom_args_with_operators to None, run_after=None
[2025-03-22T09:21:39.656+0000] {processor.py:208} INFO - Processing /home/airflow/.local/lib/python3.12/site-packages/airflow/example_dags/example_xcomargs.py took 0.068 seconds
[2025-03-22T09:22:09.871+0000] {processor.py:186} INFO - Started process (PID=3112) to work on /home/airflow/.local/lib/python3.12/site-packages/airflow/example_dags/example_xcomargs.py
[2025-03-22T09:22:09.872+0000] {processor.py:914} INFO - Processing file /home/airflow/.local/lib/python3.12/site-packages/airflow/example_dags/example_xcomargs.py for tasks to queue
[2025-03-22T09:22:09.873+0000] {logging_mixin.py:190} INFO - [2025-03-22T09:22:09.873+0000] {dagbag.py:588} INFO - Filling up the DagBag from /home/airflow/.local/lib/python3.12/site-packages/airflow/example_dags/example_xcomargs.py
[2025-03-22T09:22:09.883+0000] {processor.py:925} INFO - DAG(s) 'example_xcom_args', 'example_xcom_args_with_operators' retrieved from /home/airflow/.local/lib/python3.12/site-packages/airflow/example_dags/example_xcomargs.py
[2025-03-22T09:22:09.906+0000] {logging_mixin.py:190} INFO - [2025-03-22T09:22:09.906+0000] {dag.py:3239} INFO - Sync 2 DAGs
[2025-03-22T09:22:09.923+0000] {logging_mixin.py:190} INFO - [2025-03-22T09:22:09.923+0000] {dag.py:4180} INFO - Setting next_dagrun for example_xcom_args to None, run_after=None
[2025-03-22T09:22:09.928+0000] {logging_mixin.py:190} INFO - [2025-03-22T09:22:09.928+0000] {dag.py:4180} INFO - Setting next_dagrun for example_xcom_args_with_operators to None, run_after=None
[2025-03-22T09:22:09.947+0000] {processor.py:208} INFO - Processing /home/airflow/.local/lib/python3.12/site-packages/airflow/example_dags/example_xcomargs.py took 0.081 seconds
[2025-03-22T09:22:40.029+0000] {processor.py:186} INFO - Started process (PID=3176) to work on /home/airflow/.local/lib/python3.12/site-packages/airflow/example_dags/example_xcomargs.py
[2025-03-22T09:22:40.030+0000] {processor.py:914} INFO - Processing file /home/airflow/.local/lib/python3.12/site-packages/airflow/example_dags/example_xcomargs.py for tasks to queue
[2025-03-22T09:22:40.032+0000] {logging_mixin.py:190} INFO - [2025-03-22T09:22:40.031+0000] {dagbag.py:588} INFO - Filling up the DagBag from /home/airflow/.local/lib/python3.12/site-packages/airflow/example_dags/example_xcomargs.py
[2025-03-22T09:22:40.041+0000] {processor.py:925} INFO - DAG(s) 'example_xcom_args_with_operators', 'example_xcom_args' retrieved from /home/airflow/.local/lib/python3.12/site-packages/airflow/example_dags/example_xcomargs.py
[2025-03-22T09:22:40.063+0000] {logging_mixin.py:190} INFO - [2025-03-22T09:22:40.063+0000] {dag.py:3239} INFO - Sync 2 DAGs
[2025-03-22T09:22:40.076+0000] {logging_mixin.py:190} INFO - [2025-03-22T09:22:40.076+0000] {dag.py:4180} INFO - Setting next_dagrun for example_xcom_args to None, run_after=None
[2025-03-22T09:22:40.080+0000] {logging_mixin.py:190} INFO - [2025-03-22T09:22:40.079+0000] {dag.py:4180} INFO - Setting next_dagrun for example_xcom_args_with_operators to None, run_after=None
[2025-03-22T09:22:40.095+0000] {processor.py:208} INFO - Processing /home/airflow/.local/lib/python3.12/site-packages/airflow/example_dags/example_xcomargs.py took 0.071 seconds
[2025-03-22T09:23:10.314+0000] {processor.py:186} INFO - Started process (PID=3240) to work on /home/airflow/.local/lib/python3.12/site-packages/airflow/example_dags/example_xcomargs.py
[2025-03-22T09:23:10.315+0000] {processor.py:914} INFO - Processing file /home/airflow/.local/lib/python3.12/site-packages/airflow/example_dags/example_xcomargs.py for tasks to queue
[2025-03-22T09:23:10.317+0000] {logging_mixin.py:190} INFO - [2025-03-22T09:23:10.317+0000] {dagbag.py:588} INFO - Filling up the DagBag from /home/airflow/.local/lib/python3.12/site-packages/airflow/example_dags/example_xcomargs.py
[2025-03-22T09:23:10.328+0000] {processor.py:925} INFO - DAG(s) 'example_xcom_args', 'example_xcom_args_with_operators' retrieved from /home/airflow/.local/lib/python3.12/site-packages/airflow/example_dags/example_xcomargs.py
[2025-03-22T09:23:10.356+0000] {logging_mixin.py:190} INFO - [2025-03-22T09:23:10.356+0000] {dag.py:3239} INFO - Sync 2 DAGs
[2025-03-22T09:23:10.375+0000] {logging_mixin.py:190} INFO - [2025-03-22T09:23:10.375+0000] {dag.py:4180} INFO - Setting next_dagrun for example_xcom_args to None, run_after=None
[2025-03-22T09:23:10.379+0000] {logging_mixin.py:190} INFO - [2025-03-22T09:23:10.379+0000] {dag.py:4180} INFO - Setting next_dagrun for example_xcom_args_with_operators to None, run_after=None
[2025-03-22T09:23:10.397+0000] {processor.py:208} INFO - Processing /home/airflow/.local/lib/python3.12/site-packages/airflow/example_dags/example_xcomargs.py took 0.089 seconds
[2025-03-22T09:23:40.739+0000] {processor.py:186} INFO - Started process (PID=3304) to work on /home/airflow/.local/lib/python3.12/site-packages/airflow/example_dags/example_xcomargs.py
[2025-03-22T09:23:40.740+0000] {processor.py:914} INFO - Processing file /home/airflow/.local/lib/python3.12/site-packages/airflow/example_dags/example_xcomargs.py for tasks to queue
[2025-03-22T09:23:40.742+0000] {logging_mixin.py:190} INFO - [2025-03-22T09:23:40.741+0000] {dagbag.py:588} INFO - Filling up the DagBag from /home/airflow/.local/lib/python3.12/site-packages/airflow/example_dags/example_xcomargs.py
[2025-03-22T09:23:40.752+0000] {processor.py:925} INFO - DAG(s) 'example_xcom_args', 'example_xcom_args_with_operators' retrieved from /home/airflow/.local/lib/python3.12/site-packages/airflow/example_dags/example_xcomargs.py
[2025-03-22T09:23:40.786+0000] {logging_mixin.py:190} INFO - [2025-03-22T09:23:40.786+0000] {dag.py:3239} INFO - Sync 2 DAGs
[2025-03-22T09:23:40.812+0000] {logging_mixin.py:190} INFO - [2025-03-22T09:23:40.812+0000] {dag.py:4180} INFO - Setting next_dagrun for example_xcom_args to None, run_after=None
[2025-03-22T09:23:40.816+0000] {logging_mixin.py:190} INFO - [2025-03-22T09:23:40.816+0000] {dag.py:4180} INFO - Setting next_dagrun for example_xcom_args_with_operators to None, run_after=None
[2025-03-22T09:23:40.835+0000] {processor.py:208} INFO - Processing /home/airflow/.local/lib/python3.12/site-packages/airflow/example_dags/example_xcomargs.py took 0.102 seconds
[2025-03-22T09:24:10.950+0000] {processor.py:186} INFO - Started process (PID=3368) to work on /home/airflow/.local/lib/python3.12/site-packages/airflow/example_dags/example_xcomargs.py
[2025-03-22T09:24:10.951+0000] {processor.py:914} INFO - Processing file /home/airflow/.local/lib/python3.12/site-packages/airflow/example_dags/example_xcomargs.py for tasks to queue
[2025-03-22T09:24:10.952+0000] {logging_mixin.py:190} INFO - [2025-03-22T09:24:10.952+0000] {dagbag.py:588} INFO - Filling up the DagBag from /home/airflow/.local/lib/python3.12/site-packages/airflow/example_dags/example_xcomargs.py
[2025-03-22T09:24:10.964+0000] {processor.py:925} INFO - DAG(s) 'example_xcom_args', 'example_xcom_args_with_operators' retrieved from /home/airflow/.local/lib/python3.12/site-packages/airflow/example_dags/example_xcomargs.py
[2025-03-22T09:24:10.992+0000] {logging_mixin.py:190} INFO - [2025-03-22T09:24:10.991+0000] {dag.py:3239} INFO - Sync 2 DAGs
[2025-03-22T09:24:11.010+0000] {logging_mixin.py:190} INFO - [2025-03-22T09:24:11.009+0000] {dag.py:4180} INFO - Setting next_dagrun for example_xcom_args to None, run_after=None
[2025-03-22T09:24:11.015+0000] {logging_mixin.py:190} INFO - [2025-03-22T09:24:11.015+0000] {dag.py:4180} INFO - Setting next_dagrun for example_xcom_args_with_operators to None, run_after=None
[2025-03-22T09:24:11.043+0000] {processor.py:208} INFO - Processing /home/airflow/.local/lib/python3.12/site-packages/airflow/example_dags/example_xcomargs.py took 0.099 seconds
[2025-03-22T09:24:41.597+0000] {processor.py:186} INFO - Started process (PID=3432) to work on /home/airflow/.local/lib/python3.12/site-packages/airflow/example_dags/example_xcomargs.py
[2025-03-22T09:24:41.601+0000] {processor.py:914} INFO - Processing file /home/airflow/.local/lib/python3.12/site-packages/airflow/example_dags/example_xcomargs.py for tasks to queue
[2025-03-22T09:24:41.603+0000] {logging_mixin.py:190} INFO - [2025-03-22T09:24:41.602+0000] {dagbag.py:588} INFO - Filling up the DagBag from /home/airflow/.local/lib/python3.12/site-packages/airflow/example_dags/example_xcomargs.py
[2025-03-22T09:24:41.617+0000] {processor.py:925} INFO - DAG(s) 'example_xcom_args', 'example_xcom_args_with_operators' retrieved from /home/airflow/.local/lib/python3.12/site-packages/airflow/example_dags/example_xcomargs.py
[2025-03-22T09:24:41.658+0000] {logging_mixin.py:190} INFO - [2025-03-22T09:24:41.657+0000] {dag.py:3239} INFO - Sync 2 DAGs
[2025-03-22T09:24:41.680+0000] {logging_mixin.py:190} INFO - [2025-03-22T09:24:41.679+0000] {dag.py:4180} INFO - Setting next_dagrun for example_xcom_args to None, run_after=None
[2025-03-22T09:24:41.686+0000] {logging_mixin.py:190} INFO - [2025-03-22T09:24:41.686+0000] {dag.py:4180} INFO - Setting next_dagrun for example_xcom_args_with_operators to None, run_after=None
[2025-03-22T09:24:41.737+0000] {processor.py:208} INFO - Processing /home/airflow/.local/lib/python3.12/site-packages/airflow/example_dags/example_xcomargs.py took 0.148 seconds
[2025-03-22T09:25:11.962+0000] {processor.py:186} INFO - Started process (PID=3496) to work on /home/airflow/.local/lib/python3.12/site-packages/airflow/example_dags/example_xcomargs.py
[2025-03-22T09:25:11.963+0000] {processor.py:914} INFO - Processing file /home/airflow/.local/lib/python3.12/site-packages/airflow/example_dags/example_xcomargs.py for tasks to queue
[2025-03-22T09:25:11.965+0000] {logging_mixin.py:190} INFO - [2025-03-22T09:25:11.964+0000] {dagbag.py:588} INFO - Filling up the DagBag from /home/airflow/.local/lib/python3.12/site-packages/airflow/example_dags/example_xcomargs.py
[2025-03-22T09:25:11.976+0000] {processor.py:925} INFO - DAG(s) 'example_xcom_args', 'example_xcom_args_with_operators' retrieved from /home/airflow/.local/lib/python3.12/site-packages/airflow/example_dags/example_xcomargs.py
[2025-03-22T09:25:12.004+0000] {logging_mixin.py:190} INFO - [2025-03-22T09:25:12.003+0000] {dag.py:3239} INFO - Sync 2 DAGs
[2025-03-22T09:25:12.022+0000] {logging_mixin.py:190} INFO - [2025-03-22T09:25:12.021+0000] {dag.py:4180} INFO - Setting next_dagrun for example_xcom_args to None, run_after=None
[2025-03-22T09:25:12.026+0000] {logging_mixin.py:190} INFO - [2025-03-22T09:25:12.026+0000] {dag.py:4180} INFO - Setting next_dagrun for example_xcom_args_with_operators to None, run_after=None
[2025-03-22T09:25:12.047+0000] {processor.py:208} INFO - Processing /home/airflow/.local/lib/python3.12/site-packages/airflow/example_dags/example_xcomargs.py took 0.092 seconds
[2025-03-22T09:25:42.153+0000] {processor.py:186} INFO - Started process (PID=3560) to work on /home/airflow/.local/lib/python3.12/site-packages/airflow/example_dags/example_xcomargs.py
[2025-03-22T09:25:42.153+0000] {processor.py:914} INFO - Processing file /home/airflow/.local/lib/python3.12/site-packages/airflow/example_dags/example_xcomargs.py for tasks to queue
[2025-03-22T09:25:42.155+0000] {logging_mixin.py:190} INFO - [2025-03-22T09:25:42.154+0000] {dagbag.py:588} INFO - Filling up the DagBag from /home/airflow/.local/lib/python3.12/site-packages/airflow/example_dags/example_xcomargs.py
[2025-03-22T09:25:42.165+0000] {processor.py:925} INFO - DAG(s) 'example_xcom_args', 'example_xcom_args_with_operators' retrieved from /home/airflow/.local/lib/python3.12/site-packages/airflow/example_dags/example_xcomargs.py
[2025-03-22T09:25:42.189+0000] {logging_mixin.py:190} INFO - [2025-03-22T09:25:42.189+0000] {dag.py:3239} INFO - Sync 2 DAGs
[2025-03-22T09:25:42.204+0000] {logging_mixin.py:190} INFO - [2025-03-22T09:25:42.204+0000] {dag.py:4180} INFO - Setting next_dagrun for example_xcom_args to None, run_after=None
[2025-03-22T09:25:42.208+0000] {logging_mixin.py:190} INFO - [2025-03-22T09:25:42.208+0000] {dag.py:4180} INFO - Setting next_dagrun for example_xcom_args_with_operators to None, run_after=None
[2025-03-22T09:25:42.225+0000] {processor.py:208} INFO - Processing /home/airflow/.local/lib/python3.12/site-packages/airflow/example_dags/example_xcomargs.py took 0.078 seconds
[2025-03-22T09:26:12.760+0000] {processor.py:186} INFO - Started process (PID=3624) to work on /home/airflow/.local/lib/python3.12/site-packages/airflow/example_dags/example_xcomargs.py
[2025-03-22T09:26:12.761+0000] {processor.py:914} INFO - Processing file /home/airflow/.local/lib/python3.12/site-packages/airflow/example_dags/example_xcomargs.py for tasks to queue
[2025-03-22T09:26:12.762+0000] {logging_mixin.py:190} INFO - [2025-03-22T09:26:12.761+0000] {dagbag.py:588} INFO - Filling up the DagBag from /home/airflow/.local/lib/python3.12/site-packages/airflow/example_dags/example_xcomargs.py
[2025-03-22T09:26:12.771+0000] {processor.py:925} INFO - DAG(s) 'example_xcom_args_with_operators', 'example_xcom_args' retrieved from /home/airflow/.local/lib/python3.12/site-packages/airflow/example_dags/example_xcomargs.py
[2025-03-22T09:26:12.797+0000] {logging_mixin.py:190} INFO - [2025-03-22T09:26:12.797+0000] {dag.py:3239} INFO - Sync 2 DAGs
[2025-03-22T09:26:12.812+0000] {logging_mixin.py:190} INFO - [2025-03-22T09:26:12.812+0000] {dag.py:4180} INFO - Setting next_dagrun for example_xcom_args to None, run_after=None
[2025-03-22T09:26:12.816+0000] {logging_mixin.py:190} INFO - [2025-03-22T09:26:12.816+0000] {dag.py:4180} INFO - Setting next_dagrun for example_xcom_args_with_operators to None, run_after=None
[2025-03-22T09:26:12.834+0000] {processor.py:208} INFO - Processing /home/airflow/.local/lib/python3.12/site-packages/airflow/example_dags/example_xcomargs.py took 0.080 seconds
[2025-03-22T09:26:42.939+0000] {processor.py:186} INFO - Started process (PID=3688) to work on /home/airflow/.local/lib/python3.12/site-packages/airflow/example_dags/example_xcomargs.py
[2025-03-22T09:26:42.943+0000] {processor.py:914} INFO - Processing file /home/airflow/.local/lib/python3.12/site-packages/airflow/example_dags/example_xcomargs.py for tasks to queue
[2025-03-22T09:26:42.954+0000] {logging_mixin.py:190} INFO - [2025-03-22T09:26:42.953+0000] {dagbag.py:588} INFO - Filling up the DagBag from /home/airflow/.local/lib/python3.12/site-packages/airflow/example_dags/example_xcomargs.py
[2025-03-22T09:26:42.984+0000] {processor.py:925} INFO - DAG(s) 'example_xcom_args_with_operators', 'example_xcom_args' retrieved from /home/airflow/.local/lib/python3.12/site-packages/airflow/example_dags/example_xcomargs.py
[2025-03-22T09:26:43.023+0000] {logging_mixin.py:190} INFO - [2025-03-22T09:26:43.022+0000] {dag.py:3239} INFO - Sync 2 DAGs
[2025-03-22T09:26:43.040+0000] {logging_mixin.py:190} INFO - [2025-03-22T09:26:43.040+0000] {dag.py:4180} INFO - Setting next_dagrun for example_xcom_args to None, run_after=None
[2025-03-22T09:26:43.045+0000] {logging_mixin.py:190} INFO - [2025-03-22T09:26:43.045+0000] {dag.py:4180} INFO - Setting next_dagrun for example_xcom_args_with_operators to None, run_after=None
[2025-03-22T09:26:43.062+0000] {processor.py:208} INFO - Processing /home/airflow/.local/lib/python3.12/site-packages/airflow/example_dags/example_xcomargs.py took 0.131 seconds
[2025-03-22T09:27:13.375+0000] {processor.py:186} INFO - Started process (PID=3752) to work on /home/airflow/.local/lib/python3.12/site-packages/airflow/example_dags/example_xcomargs.py
[2025-03-22T09:27:13.376+0000] {processor.py:914} INFO - Processing file /home/airflow/.local/lib/python3.12/site-packages/airflow/example_dags/example_xcomargs.py for tasks to queue
[2025-03-22T09:27:13.378+0000] {logging_mixin.py:190} INFO - [2025-03-22T09:27:13.377+0000] {dagbag.py:588} INFO - Filling up the DagBag from /home/airflow/.local/lib/python3.12/site-packages/airflow/example_dags/example_xcomargs.py
[2025-03-22T09:27:13.396+0000] {processor.py:925} INFO - DAG(s) 'example_xcom_args', 'example_xcom_args_with_operators' retrieved from /home/airflow/.local/lib/python3.12/site-packages/airflow/example_dags/example_xcomargs.py
[2025-03-22T09:27:13.434+0000] {logging_mixin.py:190} INFO - [2025-03-22T09:27:13.434+0000] {dag.py:3239} INFO - Sync 2 DAGs
[2025-03-22T09:27:13.464+0000] {logging_mixin.py:190} INFO - [2025-03-22T09:27:13.464+0000] {dag.py:4180} INFO - Setting next_dagrun for example_xcom_args to None, run_after=None
[2025-03-22T09:27:13.471+0000] {logging_mixin.py:190} INFO - [2025-03-22T09:27:13.470+0000] {dag.py:4180} INFO - Setting next_dagrun for example_xcom_args_with_operators to None, run_after=None
[2025-03-22T09:27:13.497+0000] {processor.py:208} INFO - Processing /home/airflow/.local/lib/python3.12/site-packages/airflow/example_dags/example_xcomargs.py took 0.132 seconds
[2025-03-22T09:27:43.890+0000] {processor.py:186} INFO - Started process (PID=3816) to work on /home/airflow/.local/lib/python3.12/site-packages/airflow/example_dags/example_xcomargs.py
[2025-03-22T09:27:43.892+0000] {processor.py:914} INFO - Processing file /home/airflow/.local/lib/python3.12/site-packages/airflow/example_dags/example_xcomargs.py for tasks to queue
[2025-03-22T09:27:43.894+0000] {logging_mixin.py:190} INFO - [2025-03-22T09:27:43.893+0000] {dagbag.py:588} INFO - Filling up the DagBag from /home/airflow/.local/lib/python3.12/site-packages/airflow/example_dags/example_xcomargs.py
[2025-03-22T09:27:43.906+0000] {processor.py:925} INFO - DAG(s) 'example_xcom_args_with_operators', 'example_xcom_args' retrieved from /home/airflow/.local/lib/python3.12/site-packages/airflow/example_dags/example_xcomargs.py
[2025-03-22T09:27:43.938+0000] {logging_mixin.py:190} INFO - [2025-03-22T09:27:43.938+0000] {dag.py:3239} INFO - Sync 2 DAGs
[2025-03-22T09:27:43.960+0000] {logging_mixin.py:190} INFO - [2025-03-22T09:27:43.959+0000] {dag.py:4180} INFO - Setting next_dagrun for example_xcom_args to None, run_after=None
[2025-03-22T09:27:43.966+0000] {logging_mixin.py:190} INFO - [2025-03-22T09:27:43.966+0000] {dag.py:4180} INFO - Setting next_dagrun for example_xcom_args_with_operators to None, run_after=None
[2025-03-22T09:27:44.195+0000] {processor.py:208} INFO - Processing /home/airflow/.local/lib/python3.12/site-packages/airflow/example_dags/example_xcomargs.py took 0.312 seconds
[2025-03-22T09:28:15.112+0000] {processor.py:186} INFO - Started process (PID=3879) to work on /home/airflow/.local/lib/python3.12/site-packages/airflow/example_dags/example_xcomargs.py
[2025-03-22T09:28:15.114+0000] {processor.py:914} INFO - Processing file /home/airflow/.local/lib/python3.12/site-packages/airflow/example_dags/example_xcomargs.py for tasks to queue
[2025-03-22T09:28:15.116+0000] {logging_mixin.py:190} INFO - [2025-03-22T09:28:15.115+0000] {dagbag.py:588} INFO - Filling up the DagBag from /home/airflow/.local/lib/python3.12/site-packages/airflow/example_dags/example_xcomargs.py
[2025-03-22T09:28:15.129+0000] {processor.py:925} INFO - DAG(s) 'example_xcom_args_with_operators', 'example_xcom_args' retrieved from /home/airflow/.local/lib/python3.12/site-packages/airflow/example_dags/example_xcomargs.py
[2025-03-22T09:28:15.163+0000] {logging_mixin.py:190} INFO - [2025-03-22T09:28:15.163+0000] {dag.py:3239} INFO - Sync 2 DAGs
[2025-03-22T09:28:15.182+0000] {logging_mixin.py:190} INFO - [2025-03-22T09:28:15.182+0000] {dag.py:4180} INFO - Setting next_dagrun for example_xcom_args to None, run_after=None
[2025-03-22T09:28:15.188+0000] {logging_mixin.py:190} INFO - [2025-03-22T09:28:15.188+0000] {dag.py:4180} INFO - Setting next_dagrun for example_xcom_args_with_operators to None, run_after=None
[2025-03-22T09:28:15.464+0000] {processor.py:208} INFO - Processing /home/airflow/.local/lib/python3.12/site-packages/airflow/example_dags/example_xcomargs.py took 0.361 seconds
