[2025-03-22T08:57:58.298+0000] {processor.py:186} INFO - Started process (PID=130) to work on /home/airflow/.local/lib/python3.12/site-packages/airflow/example_dags/example_sla_dag.py
[2025-03-22T08:57:58.299+0000] {processor.py:914} INFO - Processing file /home/airflow/.local/lib/python3.12/site-packages/airflow/example_dags/example_sla_dag.py for tasks to queue
[2025-03-22T08:57:58.302+0000] {logging_mixin.py:190} INFO - [2025-03-22T08:57:58.301+0000] {dagbag.py:588} INFO - Filling up the DagBag from /home/airflow/.local/lib/python3.12/site-packages/airflow/example_dags/example_sla_dag.py
[2025-03-22T08:57:58.313+0000] {processor.py:925} INFO - DAG(s) 'example_sla_dag' retrieved from /home/airflow/.local/lib/python3.12/site-packages/airflow/example_dags/example_sla_dag.py
[2025-03-22T08:57:58.444+0000] {logging_mixin.py:190} INFO - [2025-03-22T08:57:58.443+0000] {override.py:1912} INFO - Created Permission View: can edit on DAG:example_sla_dag
[2025-03-22T08:57:58.457+0000] {logging_mixin.py:190} INFO - [2025-03-22T08:57:58.457+0000] {override.py:1912} INFO - Created Permission View: can delete on DAG:example_sla_dag
[2025-03-22T08:57:58.465+0000] {logging_mixin.py:190} INFO - [2025-03-22T08:57:58.465+0000] {override.py:1912} INFO - Created Permission View: can read on DAG:example_sla_dag
[2025-03-22T08:57:58.474+0000] {logging_mixin.py:190} INFO - [2025-03-22T08:57:58.474+0000] {override.py:1912} INFO - Created Permission View: can delete on DAG Run:example_sla_dag
[2025-03-22T08:57:58.482+0000] {logging_mixin.py:190} INFO - [2025-03-22T08:57:58.482+0000] {override.py:1912} INFO - Created Permission View: menu access on DAG Run:example_sla_dag
[2025-03-22T08:57:58.490+0000] {logging_mixin.py:190} INFO - [2025-03-22T08:57:58.489+0000] {override.py:1912} INFO - Created Permission View: can create on DAG Run:example_sla_dag
[2025-03-22T08:57:58.497+0000] {logging_mixin.py:190} INFO - [2025-03-22T08:57:58.497+0000] {override.py:1912} INFO - Created Permission View: can read on DAG Run:example_sla_dag
[2025-03-22T08:57:58.498+0000] {logging_mixin.py:190} INFO - [2025-03-22T08:57:58.498+0000] {dag.py:3239} INFO - Sync 1 DAGs
[2025-03-22T08:57:58.516+0000] {logging_mixin.py:190} INFO - [2025-03-22T08:57:58.516+0000] {dag.py:3262} INFO - Creating ORM DAG for example_sla_dag
[2025-03-22T08:57:58.532+0000] {logging_mixin.py:190} INFO - [2025-03-22T08:57:58.532+0000] {dag.py:4180} INFO - Setting next_dagrun for example_sla_dag to 2025-03-22 08:54:00+00:00, run_after=2025-03-22 08:56:00+00:00
[2025-03-22T08:57:58.550+0000] {processor.py:208} INFO - Processing /home/airflow/.local/lib/python3.12/site-packages/airflow/example_dags/example_sla_dag.py took 0.258 seconds
[2025-03-22T08:58:29.212+0000] {processor.py:186} INFO - Started process (PID=193) to work on /home/airflow/.local/lib/python3.12/site-packages/airflow/example_dags/example_sla_dag.py
[2025-03-22T08:58:29.213+0000] {processor.py:914} INFO - Processing file /home/airflow/.local/lib/python3.12/site-packages/airflow/example_dags/example_sla_dag.py for tasks to queue
[2025-03-22T08:58:29.215+0000] {logging_mixin.py:190} INFO - [2025-03-22T08:58:29.215+0000] {dagbag.py:588} INFO - Filling up the DagBag from /home/airflow/.local/lib/python3.12/site-packages/airflow/example_dags/example_sla_dag.py
[2025-03-22T08:58:29.226+0000] {processor.py:925} INFO - DAG(s) 'example_sla_dag' retrieved from /home/airflow/.local/lib/python3.12/site-packages/airflow/example_dags/example_sla_dag.py
[2025-03-22T08:58:29.245+0000] {logging_mixin.py:190} INFO - [2025-03-22T08:58:29.245+0000] {dag.py:3239} INFO - Sync 1 DAGs
[2025-03-22T08:58:29.270+0000] {logging_mixin.py:190} INFO - [2025-03-22T08:58:29.270+0000] {dag.py:4180} INFO - Setting next_dagrun for example_sla_dag to 2025-03-22 08:56:00+00:00, run_after=2025-03-22 08:58:00+00:00
[2025-03-22T08:58:29.287+0000] {processor.py:208} INFO - Processing /home/airflow/.local/lib/python3.12/site-packages/airflow/example_dags/example_sla_dag.py took 0.081 seconds
[2025-03-22T08:58:59.882+0000] {processor.py:186} INFO - Started process (PID=255) to work on /home/airflow/.local/lib/python3.12/site-packages/airflow/example_dags/example_sla_dag.py
[2025-03-22T08:58:59.883+0000] {processor.py:914} INFO - Processing file /home/airflow/.local/lib/python3.12/site-packages/airflow/example_dags/example_sla_dag.py for tasks to queue
[2025-03-22T08:58:59.885+0000] {logging_mixin.py:190} INFO - [2025-03-22T08:58:59.885+0000] {dagbag.py:588} INFO - Filling up the DagBag from /home/airflow/.local/lib/python3.12/site-packages/airflow/example_dags/example_sla_dag.py
[2025-03-22T08:58:59.898+0000] {processor.py:925} INFO - DAG(s) 'example_sla_dag' retrieved from /home/airflow/.local/lib/python3.12/site-packages/airflow/example_dags/example_sla_dag.py
[2025-03-22T08:58:59.919+0000] {logging_mixin.py:190} INFO - [2025-03-22T08:58:59.918+0000] {dag.py:3239} INFO - Sync 1 DAGs
[2025-03-22T08:58:59.953+0000] {logging_mixin.py:190} INFO - [2025-03-22T08:58:59.953+0000] {dag.py:4180} INFO - Setting next_dagrun for example_sla_dag to 2025-03-22 08:56:00+00:00, run_after=2025-03-22 08:58:00+00:00
[2025-03-22T08:58:59.976+0000] {processor.py:208} INFO - Processing /home/airflow/.local/lib/python3.12/site-packages/airflow/example_dags/example_sla_dag.py took 0.101 seconds
[2025-03-22T08:59:30.318+0000] {processor.py:186} INFO - Started process (PID=317) to work on /home/airflow/.local/lib/python3.12/site-packages/airflow/example_dags/example_sla_dag.py
[2025-03-22T08:59:30.319+0000] {processor.py:914} INFO - Processing file /home/airflow/.local/lib/python3.12/site-packages/airflow/example_dags/example_sla_dag.py for tasks to queue
[2025-03-22T08:59:30.321+0000] {logging_mixin.py:190} INFO - [2025-03-22T08:59:30.321+0000] {dagbag.py:588} INFO - Filling up the DagBag from /home/airflow/.local/lib/python3.12/site-packages/airflow/example_dags/example_sla_dag.py
[2025-03-22T08:59:30.331+0000] {processor.py:925} INFO - DAG(s) 'example_sla_dag' retrieved from /home/airflow/.local/lib/python3.12/site-packages/airflow/example_dags/example_sla_dag.py
[2025-03-22T08:59:30.349+0000] {logging_mixin.py:190} INFO - [2025-03-22T08:59:30.349+0000] {dag.py:3239} INFO - Sync 1 DAGs
[2025-03-22T08:59:30.378+0000] {logging_mixin.py:190} INFO - [2025-03-22T08:59:30.378+0000] {dag.py:4180} INFO - Setting next_dagrun for example_sla_dag to 2025-03-22 08:56:00+00:00, run_after=2025-03-22 08:58:00+00:00
[2025-03-22T08:59:30.398+0000] {processor.py:208} INFO - Processing /home/airflow/.local/lib/python3.12/site-packages/airflow/example_dags/example_sla_dag.py took 0.085 seconds
[2025-03-22T09:00:00.556+0000] {processor.py:186} INFO - Started process (PID=379) to work on /home/airflow/.local/lib/python3.12/site-packages/airflow/example_dags/example_sla_dag.py
[2025-03-22T09:00:00.557+0000] {processor.py:914} INFO - Processing file /home/airflow/.local/lib/python3.12/site-packages/airflow/example_dags/example_sla_dag.py for tasks to queue
[2025-03-22T09:00:00.561+0000] {logging_mixin.py:190} INFO - [2025-03-22T09:00:00.560+0000] {dagbag.py:588} INFO - Filling up the DagBag from /home/airflow/.local/lib/python3.12/site-packages/airflow/example_dags/example_sla_dag.py
[2025-03-22T09:00:00.578+0000] {processor.py:925} INFO - DAG(s) 'example_sla_dag' retrieved from /home/airflow/.local/lib/python3.12/site-packages/airflow/example_dags/example_sla_dag.py
[2025-03-22T09:00:00.622+0000] {logging_mixin.py:190} INFO - [2025-03-22T09:00:00.622+0000] {dag.py:3239} INFO - Sync 1 DAGs
[2025-03-22T09:00:00.738+0000] {logging_mixin.py:190} INFO - [2025-03-22T09:00:00.738+0000] {dag.py:4180} INFO - Setting next_dagrun for example_sla_dag to 2025-03-22 08:58:00+00:00, run_after=2025-03-22 09:00:00+00:00
[2025-03-22T09:00:00.795+0000] {processor.py:208} INFO - Processing /home/airflow/.local/lib/python3.12/site-packages/airflow/example_dags/example_sla_dag.py took 0.251 seconds
[2025-03-22T09:00:31.129+0000] {processor.py:186} INFO - Started process (PID=442) to work on /home/airflow/.local/lib/python3.12/site-packages/airflow/example_dags/example_sla_dag.py
[2025-03-22T09:00:31.130+0000] {processor.py:914} INFO - Processing file /home/airflow/.local/lib/python3.12/site-packages/airflow/example_dags/example_sla_dag.py for tasks to queue
[2025-03-22T09:00:31.133+0000] {logging_mixin.py:190} INFO - [2025-03-22T09:00:31.132+0000] {dagbag.py:588} INFO - Filling up the DagBag from /home/airflow/.local/lib/python3.12/site-packages/airflow/example_dags/example_sla_dag.py
[2025-03-22T09:00:31.144+0000] {processor.py:925} INFO - DAG(s) 'example_sla_dag' retrieved from /home/airflow/.local/lib/python3.12/site-packages/airflow/example_dags/example_sla_dag.py
[2025-03-22T09:00:31.163+0000] {logging_mixin.py:190} INFO - [2025-03-22T09:00:31.163+0000] {dag.py:3239} INFO - Sync 1 DAGs
[2025-03-22T09:00:31.190+0000] {logging_mixin.py:190} INFO - [2025-03-22T09:00:31.190+0000] {dag.py:4180} INFO - Setting next_dagrun for example_sla_dag to 2025-03-22 08:58:00+00:00, run_after=2025-03-22 09:00:00+00:00
[2025-03-22T09:00:31.209+0000] {processor.py:208} INFO - Processing /home/airflow/.local/lib/python3.12/site-packages/airflow/example_dags/example_sla_dag.py took 0.086 seconds
[2025-03-22T09:01:01.724+0000] {processor.py:186} INFO - Started process (PID=506) to work on /home/airflow/.local/lib/python3.12/site-packages/airflow/example_dags/example_sla_dag.py
[2025-03-22T09:01:01.725+0000] {processor.py:914} INFO - Processing file /home/airflow/.local/lib/python3.12/site-packages/airflow/example_dags/example_sla_dag.py for tasks to queue
[2025-03-22T09:01:01.727+0000] {logging_mixin.py:190} INFO - [2025-03-22T09:01:01.727+0000] {dagbag.py:588} INFO - Filling up the DagBag from /home/airflow/.local/lib/python3.12/site-packages/airflow/example_dags/example_sla_dag.py
[2025-03-22T09:01:01.737+0000] {processor.py:925} INFO - DAG(s) 'example_sla_dag' retrieved from /home/airflow/.local/lib/python3.12/site-packages/airflow/example_dags/example_sla_dag.py
[2025-03-22T09:01:01.755+0000] {logging_mixin.py:190} INFO - [2025-03-22T09:01:01.755+0000] {dag.py:3239} INFO - Sync 1 DAGs
[2025-03-22T09:01:01.779+0000] {logging_mixin.py:190} INFO - [2025-03-22T09:01:01.779+0000] {dag.py:4180} INFO - Setting next_dagrun for example_sla_dag to 2025-03-22 08:58:00+00:00, run_after=2025-03-22 09:00:00+00:00
[2025-03-22T09:01:01.798+0000] {processor.py:208} INFO - Processing /home/airflow/.local/lib/python3.12/site-packages/airflow/example_dags/example_sla_dag.py took 0.079 seconds
[2025-03-22T09:01:32.213+0000] {processor.py:186} INFO - Started process (PID=569) to work on /home/airflow/.local/lib/python3.12/site-packages/airflow/example_dags/example_sla_dag.py
[2025-03-22T09:01:32.214+0000] {processor.py:914} INFO - Processing file /home/airflow/.local/lib/python3.12/site-packages/airflow/example_dags/example_sla_dag.py for tasks to queue
[2025-03-22T09:01:32.216+0000] {logging_mixin.py:190} INFO - [2025-03-22T09:01:32.215+0000] {dagbag.py:588} INFO - Filling up the DagBag from /home/airflow/.local/lib/python3.12/site-packages/airflow/example_dags/example_sla_dag.py
[2025-03-22T09:01:32.225+0000] {processor.py:925} INFO - DAG(s) 'example_sla_dag' retrieved from /home/airflow/.local/lib/python3.12/site-packages/airflow/example_dags/example_sla_dag.py
[2025-03-22T09:01:32.244+0000] {logging_mixin.py:190} INFO - [2025-03-22T09:01:32.244+0000] {dag.py:3239} INFO - Sync 1 DAGs
[2025-03-22T09:01:32.271+0000] {logging_mixin.py:190} INFO - [2025-03-22T09:01:32.271+0000] {dag.py:4180} INFO - Setting next_dagrun for example_sla_dag to 2025-03-22 08:58:00+00:00, run_after=2025-03-22 09:00:00+00:00
[2025-03-22T09:01:32.289+0000] {processor.py:208} INFO - Processing /home/airflow/.local/lib/python3.12/site-packages/airflow/example_dags/example_sla_dag.py took 0.082 seconds
[2025-03-22T09:02:02.575+0000] {processor.py:186} INFO - Started process (PID=632) to work on /home/airflow/.local/lib/python3.12/site-packages/airflow/example_dags/example_sla_dag.py
[2025-03-22T09:02:02.576+0000] {processor.py:914} INFO - Processing file /home/airflow/.local/lib/python3.12/site-packages/airflow/example_dags/example_sla_dag.py for tasks to queue
[2025-03-22T09:02:02.578+0000] {logging_mixin.py:190} INFO - [2025-03-22T09:02:02.578+0000] {dagbag.py:588} INFO - Filling up the DagBag from /home/airflow/.local/lib/python3.12/site-packages/airflow/example_dags/example_sla_dag.py
[2025-03-22T09:02:02.589+0000] {processor.py:925} INFO - DAG(s) 'example_sla_dag' retrieved from /home/airflow/.local/lib/python3.12/site-packages/airflow/example_dags/example_sla_dag.py
[2025-03-22T09:02:02.613+0000] {logging_mixin.py:190} INFO - [2025-03-22T09:02:02.612+0000] {dag.py:3239} INFO - Sync 1 DAGs
[2025-03-22T09:02:02.645+0000] {logging_mixin.py:190} INFO - [2025-03-22T09:02:02.645+0000] {dag.py:4180} INFO - Setting next_dagrun for example_sla_dag to 2025-03-22 09:00:00+00:00, run_after=2025-03-22 09:02:00+00:00
[2025-03-22T09:02:02.670+0000] {processor.py:208} INFO - Processing /home/airflow/.local/lib/python3.12/site-packages/airflow/example_dags/example_sla_dag.py took 0.103 seconds
[2025-03-22T09:02:33.106+0000] {processor.py:186} INFO - Started process (PID=695) to work on /home/airflow/.local/lib/python3.12/site-packages/airflow/example_dags/example_sla_dag.py
[2025-03-22T09:02:33.107+0000] {processor.py:914} INFO - Processing file /home/airflow/.local/lib/python3.12/site-packages/airflow/example_dags/example_sla_dag.py for tasks to queue
[2025-03-22T09:02:33.110+0000] {logging_mixin.py:190} INFO - [2025-03-22T09:02:33.109+0000] {dagbag.py:588} INFO - Filling up the DagBag from /home/airflow/.local/lib/python3.12/site-packages/airflow/example_dags/example_sla_dag.py
[2025-03-22T09:02:33.122+0000] {processor.py:925} INFO - DAG(s) 'example_sla_dag' retrieved from /home/airflow/.local/lib/python3.12/site-packages/airflow/example_dags/example_sla_dag.py
[2025-03-22T09:02:33.142+0000] {logging_mixin.py:190} INFO - [2025-03-22T09:02:33.142+0000] {dag.py:3239} INFO - Sync 1 DAGs
[2025-03-22T09:02:33.167+0000] {logging_mixin.py:190} INFO - [2025-03-22T09:02:33.167+0000] {dag.py:4180} INFO - Setting next_dagrun for example_sla_dag to 2025-03-22 09:00:00+00:00, run_after=2025-03-22 09:02:00+00:00
[2025-03-22T09:02:33.186+0000] {processor.py:208} INFO - Processing /home/airflow/.local/lib/python3.12/site-packages/airflow/example_dags/example_sla_dag.py took 0.086 seconds
[2025-03-22T09:03:03.585+0000] {processor.py:186} INFO - Started process (PID=758) to work on /home/airflow/.local/lib/python3.12/site-packages/airflow/example_dags/example_sla_dag.py
[2025-03-22T09:03:03.586+0000] {processor.py:914} INFO - Processing file /home/airflow/.local/lib/python3.12/site-packages/airflow/example_dags/example_sla_dag.py for tasks to queue
[2025-03-22T09:03:03.588+0000] {logging_mixin.py:190} INFO - [2025-03-22T09:03:03.588+0000] {dagbag.py:588} INFO - Filling up the DagBag from /home/airflow/.local/lib/python3.12/site-packages/airflow/example_dags/example_sla_dag.py
[2025-03-22T09:03:03.598+0000] {processor.py:925} INFO - DAG(s) 'example_sla_dag' retrieved from /home/airflow/.local/lib/python3.12/site-packages/airflow/example_dags/example_sla_dag.py
[2025-03-22T09:03:03.616+0000] {logging_mixin.py:190} INFO - [2025-03-22T09:03:03.616+0000] {dag.py:3239} INFO - Sync 1 DAGs
[2025-03-22T09:03:03.643+0000] {logging_mixin.py:190} INFO - [2025-03-22T09:03:03.643+0000] {dag.py:4180} INFO - Setting next_dagrun for example_sla_dag to 2025-03-22 09:00:00+00:00, run_after=2025-03-22 09:02:00+00:00
[2025-03-22T09:03:03.662+0000] {processor.py:208} INFO - Processing /home/airflow/.local/lib/python3.12/site-packages/airflow/example_dags/example_sla_dag.py took 0.082 seconds
[2025-03-22T09:03:33.849+0000] {processor.py:186} INFO - Started process (PID=820) to work on /home/airflow/.local/lib/python3.12/site-packages/airflow/example_dags/example_sla_dag.py
[2025-03-22T09:03:33.850+0000] {processor.py:914} INFO - Processing file /home/airflow/.local/lib/python3.12/site-packages/airflow/example_dags/example_sla_dag.py for tasks to queue
[2025-03-22T09:03:33.851+0000] {logging_mixin.py:190} INFO - [2025-03-22T09:03:33.851+0000] {dagbag.py:588} INFO - Filling up the DagBag from /home/airflow/.local/lib/python3.12/site-packages/airflow/example_dags/example_sla_dag.py
[2025-03-22T09:03:33.860+0000] {processor.py:925} INFO - DAG(s) 'example_sla_dag' retrieved from /home/airflow/.local/lib/python3.12/site-packages/airflow/example_dags/example_sla_dag.py
[2025-03-22T09:03:33.877+0000] {logging_mixin.py:190} INFO - [2025-03-22T09:03:33.877+0000] {dag.py:3239} INFO - Sync 1 DAGs
[2025-03-22T09:03:33.900+0000] {logging_mixin.py:190} INFO - [2025-03-22T09:03:33.900+0000] {dag.py:4180} INFO - Setting next_dagrun for example_sla_dag to 2025-03-22 09:00:00+00:00, run_after=2025-03-22 09:02:00+00:00
[2025-03-22T09:03:33.920+0000] {processor.py:208} INFO - Processing /home/airflow/.local/lib/python3.12/site-packages/airflow/example_dags/example_sla_dag.py took 0.076 seconds
[2025-03-22T09:04:04.291+0000] {processor.py:186} INFO - Started process (PID=883) to work on /home/airflow/.local/lib/python3.12/site-packages/airflow/example_dags/example_sla_dag.py
[2025-03-22T09:04:04.292+0000] {processor.py:914} INFO - Processing file /home/airflow/.local/lib/python3.12/site-packages/airflow/example_dags/example_sla_dag.py for tasks to queue
[2025-03-22T09:04:04.294+0000] {logging_mixin.py:190} INFO - [2025-03-22T09:04:04.294+0000] {dagbag.py:588} INFO - Filling up the DagBag from /home/airflow/.local/lib/python3.12/site-packages/airflow/example_dags/example_sla_dag.py
[2025-03-22T09:04:04.305+0000] {processor.py:925} INFO - DAG(s) 'example_sla_dag' retrieved from /home/airflow/.local/lib/python3.12/site-packages/airflow/example_dags/example_sla_dag.py
[2025-03-22T09:04:04.323+0000] {logging_mixin.py:190} INFO - [2025-03-22T09:04:04.323+0000] {dag.py:3239} INFO - Sync 1 DAGs
[2025-03-22T09:04:04.347+0000] {logging_mixin.py:190} INFO - [2025-03-22T09:04:04.346+0000] {dag.py:4180} INFO - Setting next_dagrun for example_sla_dag to 2025-03-22 09:02:00+00:00, run_after=2025-03-22 09:04:00+00:00
[2025-03-22T09:04:04.362+0000] {processor.py:208} INFO - Processing /home/airflow/.local/lib/python3.12/site-packages/airflow/example_dags/example_sla_dag.py took 0.078 seconds
[2025-03-22T09:04:34.871+0000] {processor.py:186} INFO - Started process (PID=946) to work on /home/airflow/.local/lib/python3.12/site-packages/airflow/example_dags/example_sla_dag.py
[2025-03-22T09:04:34.872+0000] {processor.py:914} INFO - Processing file /home/airflow/.local/lib/python3.12/site-packages/airflow/example_dags/example_sla_dag.py for tasks to queue
[2025-03-22T09:04:34.874+0000] {logging_mixin.py:190} INFO - [2025-03-22T09:04:34.874+0000] {dagbag.py:588} INFO - Filling up the DagBag from /home/airflow/.local/lib/python3.12/site-packages/airflow/example_dags/example_sla_dag.py
[2025-03-22T09:04:34.886+0000] {processor.py:925} INFO - DAG(s) 'example_sla_dag' retrieved from /home/airflow/.local/lib/python3.12/site-packages/airflow/example_dags/example_sla_dag.py
[2025-03-22T09:04:34.904+0000] {logging_mixin.py:190} INFO - [2025-03-22T09:04:34.903+0000] {dag.py:3239} INFO - Sync 1 DAGs
[2025-03-22T09:04:34.931+0000] {logging_mixin.py:190} INFO - [2025-03-22T09:04:34.931+0000] {dag.py:4180} INFO - Setting next_dagrun for example_sla_dag to 2025-03-22 09:02:00+00:00, run_after=2025-03-22 09:04:00+00:00
[2025-03-22T09:04:34.948+0000] {processor.py:208} INFO - Processing /home/airflow/.local/lib/python3.12/site-packages/airflow/example_dags/example_sla_dag.py took 0.083 seconds
[2025-03-22T09:05:05.581+0000] {processor.py:186} INFO - Started process (PID=1009) to work on /home/airflow/.local/lib/python3.12/site-packages/airflow/example_dags/example_sla_dag.py
[2025-03-22T09:05:05.582+0000] {processor.py:914} INFO - Processing file /home/airflow/.local/lib/python3.12/site-packages/airflow/example_dags/example_sla_dag.py for tasks to queue
[2025-03-22T09:05:05.584+0000] {logging_mixin.py:190} INFO - [2025-03-22T09:05:05.584+0000] {dagbag.py:588} INFO - Filling up the DagBag from /home/airflow/.local/lib/python3.12/site-packages/airflow/example_dags/example_sla_dag.py
[2025-03-22T09:05:05.596+0000] {processor.py:925} INFO - DAG(s) 'example_sla_dag' retrieved from /home/airflow/.local/lib/python3.12/site-packages/airflow/example_dags/example_sla_dag.py
[2025-03-22T09:05:05.617+0000] {logging_mixin.py:190} INFO - [2025-03-22T09:05:05.617+0000] {dag.py:3239} INFO - Sync 1 DAGs
[2025-03-22T09:05:05.651+0000] {logging_mixin.py:190} INFO - [2025-03-22T09:05:05.650+0000] {dag.py:4180} INFO - Setting next_dagrun for example_sla_dag to 2025-03-22 09:02:00+00:00, run_after=2025-03-22 09:04:00+00:00
[2025-03-22T09:05:05.669+0000] {processor.py:208} INFO - Processing /home/airflow/.local/lib/python3.12/site-packages/airflow/example_dags/example_sla_dag.py took 0.094 seconds
[2025-03-22T09:05:36.609+0000] {processor.py:186} INFO - Started process (PID=1072) to work on /home/airflow/.local/lib/python3.12/site-packages/airflow/example_dags/example_sla_dag.py
[2025-03-22T09:05:36.611+0000] {processor.py:914} INFO - Processing file /home/airflow/.local/lib/python3.12/site-packages/airflow/example_dags/example_sla_dag.py for tasks to queue
[2025-03-22T09:05:36.614+0000] {logging_mixin.py:190} INFO - [2025-03-22T09:05:36.614+0000] {dagbag.py:588} INFO - Filling up the DagBag from /home/airflow/.local/lib/python3.12/site-packages/airflow/example_dags/example_sla_dag.py
[2025-03-22T09:05:36.628+0000] {processor.py:925} INFO - DAG(s) 'example_sla_dag' retrieved from /home/airflow/.local/lib/python3.12/site-packages/airflow/example_dags/example_sla_dag.py
[2025-03-22T09:05:36.652+0000] {logging_mixin.py:190} INFO - [2025-03-22T09:05:36.652+0000] {dag.py:3239} INFO - Sync 1 DAGs
[2025-03-22T09:05:36.683+0000] {logging_mixin.py:190} INFO - [2025-03-22T09:05:36.683+0000] {dag.py:4180} INFO - Setting next_dagrun for example_sla_dag to 2025-03-22 09:02:00+00:00, run_after=2025-03-22 09:04:00+00:00
[2025-03-22T09:05:36.705+0000] {processor.py:208} INFO - Processing /home/airflow/.local/lib/python3.12/site-packages/airflow/example_dags/example_sla_dag.py took 0.103 seconds
[2025-03-22T09:06:07.628+0000] {processor.py:186} INFO - Started process (PID=1135) to work on /home/airflow/.local/lib/python3.12/site-packages/airflow/example_dags/example_sla_dag.py
[2025-03-22T09:06:07.629+0000] {processor.py:914} INFO - Processing file /home/airflow/.local/lib/python3.12/site-packages/airflow/example_dags/example_sla_dag.py for tasks to queue
[2025-03-22T09:06:07.631+0000] {logging_mixin.py:190} INFO - [2025-03-22T09:06:07.631+0000] {dagbag.py:588} INFO - Filling up the DagBag from /home/airflow/.local/lib/python3.12/site-packages/airflow/example_dags/example_sla_dag.py
[2025-03-22T09:06:07.642+0000] {processor.py:925} INFO - DAG(s) 'example_sla_dag' retrieved from /home/airflow/.local/lib/python3.12/site-packages/airflow/example_dags/example_sla_dag.py
[2025-03-22T09:06:07.663+0000] {logging_mixin.py:190} INFO - [2025-03-22T09:06:07.663+0000] {dag.py:3239} INFO - Sync 1 DAGs
[2025-03-22T09:06:07.695+0000] {logging_mixin.py:190} INFO - [2025-03-22T09:06:07.695+0000] {dag.py:4180} INFO - Setting next_dagrun for example_sla_dag to 2025-03-22 09:04:00+00:00, run_after=2025-03-22 09:06:00+00:00
[2025-03-22T09:06:07.716+0000] {processor.py:208} INFO - Processing /home/airflow/.local/lib/python3.12/site-packages/airflow/example_dags/example_sla_dag.py took 0.095 seconds
[2025-03-22T09:06:37.873+0000] {processor.py:186} INFO - Started process (PID=1197) to work on /home/airflow/.local/lib/python3.12/site-packages/airflow/example_dags/example_sla_dag.py
[2025-03-22T09:06:37.874+0000] {processor.py:914} INFO - Processing file /home/airflow/.local/lib/python3.12/site-packages/airflow/example_dags/example_sla_dag.py for tasks to queue
[2025-03-22T09:06:37.883+0000] {logging_mixin.py:190} INFO - [2025-03-22T09:06:37.882+0000] {dagbag.py:588} INFO - Filling up the DagBag from /home/airflow/.local/lib/python3.12/site-packages/airflow/example_dags/example_sla_dag.py
[2025-03-22T09:06:37.917+0000] {processor.py:925} INFO - DAG(s) 'example_sla_dag' retrieved from /home/airflow/.local/lib/python3.12/site-packages/airflow/example_dags/example_sla_dag.py
[2025-03-22T09:06:37.963+0000] {logging_mixin.py:190} INFO - [2025-03-22T09:06:37.963+0000] {dag.py:3239} INFO - Sync 1 DAGs
[2025-03-22T09:06:38.009+0000] {logging_mixin.py:190} INFO - [2025-03-22T09:06:38.008+0000] {dag.py:4180} INFO - Setting next_dagrun for example_sla_dag to 2025-03-22 09:04:00+00:00, run_after=2025-03-22 09:06:00+00:00
[2025-03-22T09:06:38.029+0000] {processor.py:208} INFO - Processing /home/airflow/.local/lib/python3.12/site-packages/airflow/example_dags/example_sla_dag.py took 0.166 seconds
[2025-03-22T09:07:08.331+0000] {processor.py:186} INFO - Started process (PID=1260) to work on /home/airflow/.local/lib/python3.12/site-packages/airflow/example_dags/example_sla_dag.py
[2025-03-22T09:07:08.335+0000] {processor.py:914} INFO - Processing file /home/airflow/.local/lib/python3.12/site-packages/airflow/example_dags/example_sla_dag.py for tasks to queue
[2025-03-22T09:07:08.341+0000] {logging_mixin.py:190} INFO - [2025-03-22T09:07:08.340+0000] {dagbag.py:588} INFO - Filling up the DagBag from /home/airflow/.local/lib/python3.12/site-packages/airflow/example_dags/example_sla_dag.py
[2025-03-22T09:07:08.355+0000] {processor.py:925} INFO - DAG(s) 'example_sla_dag' retrieved from /home/airflow/.local/lib/python3.12/site-packages/airflow/example_dags/example_sla_dag.py
[2025-03-22T09:07:08.380+0000] {logging_mixin.py:190} INFO - [2025-03-22T09:07:08.380+0000] {dag.py:3239} INFO - Sync 1 DAGs
[2025-03-22T09:07:08.414+0000] {logging_mixin.py:190} INFO - [2025-03-22T09:07:08.413+0000] {dag.py:4180} INFO - Setting next_dagrun for example_sla_dag to 2025-03-22 09:04:00+00:00, run_after=2025-03-22 09:06:00+00:00
[2025-03-22T09:07:08.439+0000] {processor.py:208} INFO - Processing /home/airflow/.local/lib/python3.12/site-packages/airflow/example_dags/example_sla_dag.py took 0.116 seconds
[2025-03-22T09:07:38.829+0000] {processor.py:186} INFO - Started process (PID=1323) to work on /home/airflow/.local/lib/python3.12/site-packages/airflow/example_dags/example_sla_dag.py
[2025-03-22T09:07:38.830+0000] {processor.py:914} INFO - Processing file /home/airflow/.local/lib/python3.12/site-packages/airflow/example_dags/example_sla_dag.py for tasks to queue
[2025-03-22T09:07:38.831+0000] {logging_mixin.py:190} INFO - [2025-03-22T09:07:38.831+0000] {dagbag.py:588} INFO - Filling up the DagBag from /home/airflow/.local/lib/python3.12/site-packages/airflow/example_dags/example_sla_dag.py
[2025-03-22T09:07:38.839+0000] {processor.py:925} INFO - DAG(s) 'example_sla_dag' retrieved from /home/airflow/.local/lib/python3.12/site-packages/airflow/example_dags/example_sla_dag.py
[2025-03-22T09:07:38.854+0000] {logging_mixin.py:190} INFO - [2025-03-22T09:07:38.854+0000] {dag.py:3239} INFO - Sync 1 DAGs
[2025-03-22T09:07:38.876+0000] {logging_mixin.py:190} INFO - [2025-03-22T09:07:38.876+0000] {dag.py:4180} INFO - Setting next_dagrun for example_sla_dag to 2025-03-22 09:04:00+00:00, run_after=2025-03-22 09:06:00+00:00
[2025-03-22T09:07:38.894+0000] {processor.py:208} INFO - Processing /home/airflow/.local/lib/python3.12/site-packages/airflow/example_dags/example_sla_dag.py took 0.070 seconds
[2025-03-22T09:08:09.004+0000] {processor.py:186} INFO - Started process (PID=1386) to work on /home/airflow/.local/lib/python3.12/site-packages/airflow/example_dags/example_sla_dag.py
[2025-03-22T09:08:09.005+0000] {processor.py:914} INFO - Processing file /home/airflow/.local/lib/python3.12/site-packages/airflow/example_dags/example_sla_dag.py for tasks to queue
[2025-03-22T09:08:09.007+0000] {logging_mixin.py:190} INFO - [2025-03-22T09:08:09.006+0000] {dagbag.py:588} INFO - Filling up the DagBag from /home/airflow/.local/lib/python3.12/site-packages/airflow/example_dags/example_sla_dag.py
[2025-03-22T09:08:09.016+0000] {processor.py:925} INFO - DAG(s) 'example_sla_dag' retrieved from /home/airflow/.local/lib/python3.12/site-packages/airflow/example_dags/example_sla_dag.py
[2025-03-22T09:08:09.033+0000] {logging_mixin.py:190} INFO - [2025-03-22T09:08:09.032+0000] {dag.py:3239} INFO - Sync 1 DAGs
[2025-03-22T09:08:09.056+0000] {logging_mixin.py:190} INFO - [2025-03-22T09:08:09.056+0000] {dag.py:4180} INFO - Setting next_dagrun for example_sla_dag to 2025-03-22 09:06:00+00:00, run_after=2025-03-22 09:08:00+00:00
[2025-03-22T09:08:09.072+0000] {processor.py:208} INFO - Processing /home/airflow/.local/lib/python3.12/site-packages/airflow/example_dags/example_sla_dag.py took 0.074 seconds
[2025-03-22T09:08:39.313+0000] {processor.py:186} INFO - Started process (PID=1449) to work on /home/airflow/.local/lib/python3.12/site-packages/airflow/example_dags/example_sla_dag.py
[2025-03-22T09:08:39.314+0000] {processor.py:914} INFO - Processing file /home/airflow/.local/lib/python3.12/site-packages/airflow/example_dags/example_sla_dag.py for tasks to queue
[2025-03-22T09:08:39.316+0000] {logging_mixin.py:190} INFO - [2025-03-22T09:08:39.316+0000] {dagbag.py:588} INFO - Filling up the DagBag from /home/airflow/.local/lib/python3.12/site-packages/airflow/example_dags/example_sla_dag.py
[2025-03-22T09:08:39.326+0000] {processor.py:925} INFO - DAG(s) 'example_sla_dag' retrieved from /home/airflow/.local/lib/python3.12/site-packages/airflow/example_dags/example_sla_dag.py
[2025-03-22T09:08:39.348+0000] {logging_mixin.py:190} INFO - [2025-03-22T09:08:39.347+0000] {dag.py:3239} INFO - Sync 1 DAGs
[2025-03-22T09:08:39.377+0000] {logging_mixin.py:190} INFO - [2025-03-22T09:08:39.377+0000] {dag.py:4180} INFO - Setting next_dagrun for example_sla_dag to 2025-03-22 09:06:00+00:00, run_after=2025-03-22 09:08:00+00:00
[2025-03-22T09:08:39.398+0000] {processor.py:208} INFO - Processing /home/airflow/.local/lib/python3.12/site-packages/airflow/example_dags/example_sla_dag.py took 0.091 seconds
[2025-03-22T09:09:10.291+0000] {processor.py:186} INFO - Started process (PID=1512) to work on /home/airflow/.local/lib/python3.12/site-packages/airflow/example_dags/example_sla_dag.py
[2025-03-22T09:09:10.292+0000] {processor.py:914} INFO - Processing file /home/airflow/.local/lib/python3.12/site-packages/airflow/example_dags/example_sla_dag.py for tasks to queue
[2025-03-22T09:09:10.294+0000] {logging_mixin.py:190} INFO - [2025-03-22T09:09:10.293+0000] {dagbag.py:588} INFO - Filling up the DagBag from /home/airflow/.local/lib/python3.12/site-packages/airflow/example_dags/example_sla_dag.py
[2025-03-22T09:09:10.305+0000] {processor.py:925} INFO - DAG(s) 'example_sla_dag' retrieved from /home/airflow/.local/lib/python3.12/site-packages/airflow/example_dags/example_sla_dag.py
[2025-03-22T09:09:10.325+0000] {logging_mixin.py:190} INFO - [2025-03-22T09:09:10.325+0000] {dag.py:3239} INFO - Sync 1 DAGs
[2025-03-22T09:09:10.358+0000] {logging_mixin.py:190} INFO - [2025-03-22T09:09:10.357+0000] {dag.py:4180} INFO - Setting next_dagrun for example_sla_dag to 2025-03-22 09:06:00+00:00, run_after=2025-03-22 09:08:00+00:00
[2025-03-22T09:09:10.388+0000] {processor.py:208} INFO - Processing /home/airflow/.local/lib/python3.12/site-packages/airflow/example_dags/example_sla_dag.py took 0.101 seconds
[2025-03-22T09:09:40.622+0000] {processor.py:186} INFO - Started process (PID=1575) to work on /home/airflow/.local/lib/python3.12/site-packages/airflow/example_dags/example_sla_dag.py
[2025-03-22T09:09:40.623+0000] {processor.py:914} INFO - Processing file /home/airflow/.local/lib/python3.12/site-packages/airflow/example_dags/example_sla_dag.py for tasks to queue
[2025-03-22T09:09:40.625+0000] {logging_mixin.py:190} INFO - [2025-03-22T09:09:40.624+0000] {dagbag.py:588} INFO - Filling up the DagBag from /home/airflow/.local/lib/python3.12/site-packages/airflow/example_dags/example_sla_dag.py
[2025-03-22T09:09:40.633+0000] {processor.py:925} INFO - DAG(s) 'example_sla_dag' retrieved from /home/airflow/.local/lib/python3.12/site-packages/airflow/example_dags/example_sla_dag.py
[2025-03-22T09:09:40.649+0000] {logging_mixin.py:190} INFO - [2025-03-22T09:09:40.649+0000] {dag.py:3239} INFO - Sync 1 DAGs
[2025-03-22T09:09:40.671+0000] {logging_mixin.py:190} INFO - [2025-03-22T09:09:40.671+0000] {dag.py:4180} INFO - Setting next_dagrun for example_sla_dag to 2025-03-22 09:06:00+00:00, run_after=2025-03-22 09:08:00+00:00
[2025-03-22T09:09:40.687+0000] {processor.py:208} INFO - Processing /home/airflow/.local/lib/python3.12/site-packages/airflow/example_dags/example_sla_dag.py took 0.069 seconds
[2025-03-22T09:10:10.809+0000] {processor.py:186} INFO - Started process (PID=1638) to work on /home/airflow/.local/lib/python3.12/site-packages/airflow/example_dags/example_sla_dag.py
[2025-03-22T09:10:10.811+0000] {processor.py:914} INFO - Processing file /home/airflow/.local/lib/python3.12/site-packages/airflow/example_dags/example_sla_dag.py for tasks to queue
[2025-03-22T09:10:10.815+0000] {logging_mixin.py:190} INFO - [2025-03-22T09:10:10.815+0000] {dagbag.py:588} INFO - Filling up the DagBag from /home/airflow/.local/lib/python3.12/site-packages/airflow/example_dags/example_sla_dag.py
[2025-03-22T09:10:10.825+0000] {processor.py:925} INFO - DAG(s) 'example_sla_dag' retrieved from /home/airflow/.local/lib/python3.12/site-packages/airflow/example_dags/example_sla_dag.py
[2025-03-22T09:10:10.849+0000] {logging_mixin.py:190} INFO - [2025-03-22T09:10:10.849+0000] {dag.py:3239} INFO - Sync 1 DAGs
[2025-03-22T09:10:10.877+0000] {logging_mixin.py:190} INFO - [2025-03-22T09:10:10.877+0000] {dag.py:4180} INFO - Setting next_dagrun for example_sla_dag to 2025-03-22 09:08:00+00:00, run_after=2025-03-22 09:10:00+00:00
[2025-03-22T09:10:10.895+0000] {processor.py:208} INFO - Processing /home/airflow/.local/lib/python3.12/site-packages/airflow/example_dags/example_sla_dag.py took 0.092 seconds
[2025-03-22T09:10:41.604+0000] {processor.py:186} INFO - Started process (PID=1701) to work on /home/airflow/.local/lib/python3.12/site-packages/airflow/example_dags/example_sla_dag.py
[2025-03-22T09:10:41.605+0000] {processor.py:914} INFO - Processing file /home/airflow/.local/lib/python3.12/site-packages/airflow/example_dags/example_sla_dag.py for tasks to queue
[2025-03-22T09:10:41.607+0000] {logging_mixin.py:190} INFO - [2025-03-22T09:10:41.607+0000] {dagbag.py:588} INFO - Filling up the DagBag from /home/airflow/.local/lib/python3.12/site-packages/airflow/example_dags/example_sla_dag.py
[2025-03-22T09:10:41.617+0000] {processor.py:925} INFO - DAG(s) 'example_sla_dag' retrieved from /home/airflow/.local/lib/python3.12/site-packages/airflow/example_dags/example_sla_dag.py
[2025-03-22T09:10:41.636+0000] {logging_mixin.py:190} INFO - [2025-03-22T09:10:41.635+0000] {dag.py:3239} INFO - Sync 1 DAGs
[2025-03-22T09:10:41.665+0000] {logging_mixin.py:190} INFO - [2025-03-22T09:10:41.665+0000] {dag.py:4180} INFO - Setting next_dagrun for example_sla_dag to 2025-03-22 09:08:00+00:00, run_after=2025-03-22 09:10:00+00:00
[2025-03-22T09:10:41.686+0000] {processor.py:208} INFO - Processing /home/airflow/.local/lib/python3.12/site-packages/airflow/example_dags/example_sla_dag.py took 0.088 seconds
[2025-03-22T09:11:12.083+0000] {processor.py:186} INFO - Started process (PID=1764) to work on /home/airflow/.local/lib/python3.12/site-packages/airflow/example_dags/example_sla_dag.py
[2025-03-22T09:11:12.084+0000] {processor.py:914} INFO - Processing file /home/airflow/.local/lib/python3.12/site-packages/airflow/example_dags/example_sla_dag.py for tasks to queue
[2025-03-22T09:11:12.087+0000] {logging_mixin.py:190} INFO - [2025-03-22T09:11:12.087+0000] {dagbag.py:588} INFO - Filling up the DagBag from /home/airflow/.local/lib/python3.12/site-packages/airflow/example_dags/example_sla_dag.py
[2025-03-22T09:11:12.109+0000] {processor.py:925} INFO - DAG(s) 'example_sla_dag' retrieved from /home/airflow/.local/lib/python3.12/site-packages/airflow/example_dags/example_sla_dag.py
[2025-03-22T09:11:12.141+0000] {logging_mixin.py:190} INFO - [2025-03-22T09:11:12.141+0000] {dag.py:3239} INFO - Sync 1 DAGs
[2025-03-22T09:11:12.183+0000] {logging_mixin.py:190} INFO - [2025-03-22T09:11:12.183+0000] {dag.py:4180} INFO - Setting next_dagrun for example_sla_dag to 2025-03-22 09:08:00+00:00, run_after=2025-03-22 09:10:00+00:00
[2025-03-22T09:11:12.210+0000] {processor.py:208} INFO - Processing /home/airflow/.local/lib/python3.12/site-packages/airflow/example_dags/example_sla_dag.py took 0.134 seconds
[2025-03-22T09:11:42.607+0000] {processor.py:186} INFO - Started process (PID=1827) to work on /home/airflow/.local/lib/python3.12/site-packages/airflow/example_dags/example_sla_dag.py
[2025-03-22T09:11:42.608+0000] {processor.py:914} INFO - Processing file /home/airflow/.local/lib/python3.12/site-packages/airflow/example_dags/example_sla_dag.py for tasks to queue
[2025-03-22T09:11:42.611+0000] {logging_mixin.py:190} INFO - [2025-03-22T09:11:42.610+0000] {dagbag.py:588} INFO - Filling up the DagBag from /home/airflow/.local/lib/python3.12/site-packages/airflow/example_dags/example_sla_dag.py
[2025-03-22T09:11:42.622+0000] {processor.py:925} INFO - DAG(s) 'example_sla_dag' retrieved from /home/airflow/.local/lib/python3.12/site-packages/airflow/example_dags/example_sla_dag.py
[2025-03-22T09:11:42.644+0000] {logging_mixin.py:190} INFO - [2025-03-22T09:11:42.644+0000] {dag.py:3239} INFO - Sync 1 DAGs
[2025-03-22T09:11:42.675+0000] {logging_mixin.py:190} INFO - [2025-03-22T09:11:42.675+0000] {dag.py:4180} INFO - Setting next_dagrun for example_sla_dag to 2025-03-22 09:08:00+00:00, run_after=2025-03-22 09:10:00+00:00
[2025-03-22T09:11:42.697+0000] {processor.py:208} INFO - Processing /home/airflow/.local/lib/python3.12/site-packages/airflow/example_dags/example_sla_dag.py took 0.095 seconds
[2025-03-22T09:12:12.756+0000] {processor.py:186} INFO - Started process (PID=1890) to work on /home/airflow/.local/lib/python3.12/site-packages/airflow/example_dags/example_sla_dag.py
[2025-03-22T09:12:12.756+0000] {processor.py:914} INFO - Processing file /home/airflow/.local/lib/python3.12/site-packages/airflow/example_dags/example_sla_dag.py for tasks to queue
[2025-03-22T09:12:12.759+0000] {logging_mixin.py:190} INFO - [2025-03-22T09:12:12.759+0000] {dagbag.py:588} INFO - Filling up the DagBag from /home/airflow/.local/lib/python3.12/site-packages/airflow/example_dags/example_sla_dag.py
[2025-03-22T09:12:12.770+0000] {processor.py:925} INFO - DAG(s) 'example_sla_dag' retrieved from /home/airflow/.local/lib/python3.12/site-packages/airflow/example_dags/example_sla_dag.py
[2025-03-22T09:12:12.794+0000] {logging_mixin.py:190} INFO - [2025-03-22T09:12:12.793+0000] {dag.py:3239} INFO - Sync 1 DAGs
[2025-03-22T09:12:12.861+0000] {logging_mixin.py:190} INFO - [2025-03-22T09:12:12.860+0000] {dag.py:4180} INFO - Setting next_dagrun for example_sla_dag to 2025-03-22 09:10:00+00:00, run_after=2025-03-22 09:12:00+00:00
[2025-03-22T09:12:12.919+0000] {processor.py:208} INFO - Processing /home/airflow/.local/lib/python3.12/site-packages/airflow/example_dags/example_sla_dag.py took 0.169 seconds
[2025-03-22T09:12:43.818+0000] {processor.py:186} INFO - Started process (PID=1953) to work on /home/airflow/.local/lib/python3.12/site-packages/airflow/example_dags/example_sla_dag.py
[2025-03-22T09:12:43.819+0000] {processor.py:914} INFO - Processing file /home/airflow/.local/lib/python3.12/site-packages/airflow/example_dags/example_sla_dag.py for tasks to queue
[2025-03-22T09:12:43.820+0000] {logging_mixin.py:190} INFO - [2025-03-22T09:12:43.820+0000] {dagbag.py:588} INFO - Filling up the DagBag from /home/airflow/.local/lib/python3.12/site-packages/airflow/example_dags/example_sla_dag.py
[2025-03-22T09:12:43.829+0000] {processor.py:925} INFO - DAG(s) 'example_sla_dag' retrieved from /home/airflow/.local/lib/python3.12/site-packages/airflow/example_dags/example_sla_dag.py
[2025-03-22T09:12:43.845+0000] {logging_mixin.py:190} INFO - [2025-03-22T09:12:43.845+0000] {dag.py:3239} INFO - Sync 1 DAGs
[2025-03-22T09:12:43.874+0000] {logging_mixin.py:190} INFO - [2025-03-22T09:12:43.873+0000] {dag.py:4180} INFO - Setting next_dagrun for example_sla_dag to 2025-03-22 09:10:00+00:00, run_after=2025-03-22 09:12:00+00:00
[2025-03-22T09:12:43.900+0000] {processor.py:208} INFO - Processing /home/airflow/.local/lib/python3.12/site-packages/airflow/example_dags/example_sla_dag.py took 0.089 seconds
[2025-03-22T09:13:14.483+0000] {processor.py:186} INFO - Started process (PID=2016) to work on /home/airflow/.local/lib/python3.12/site-packages/airflow/example_dags/example_sla_dag.py
[2025-03-22T09:13:14.484+0000] {processor.py:914} INFO - Processing file /home/airflow/.local/lib/python3.12/site-packages/airflow/example_dags/example_sla_dag.py for tasks to queue
[2025-03-22T09:13:14.486+0000] {logging_mixin.py:190} INFO - [2025-03-22T09:13:14.485+0000] {dagbag.py:588} INFO - Filling up the DagBag from /home/airflow/.local/lib/python3.12/site-packages/airflow/example_dags/example_sla_dag.py
[2025-03-22T09:13:14.493+0000] {processor.py:925} INFO - DAG(s) 'example_sla_dag' retrieved from /home/airflow/.local/lib/python3.12/site-packages/airflow/example_dags/example_sla_dag.py
[2025-03-22T09:13:14.511+0000] {logging_mixin.py:190} INFO - [2025-03-22T09:13:14.511+0000] {dag.py:3239} INFO - Sync 1 DAGs
[2025-03-22T09:13:14.536+0000] {logging_mixin.py:190} INFO - [2025-03-22T09:13:14.536+0000] {dag.py:4180} INFO - Setting next_dagrun for example_sla_dag to 2025-03-22 09:10:00+00:00, run_after=2025-03-22 09:12:00+00:00
[2025-03-22T09:13:14.556+0000] {processor.py:208} INFO - Processing /home/airflow/.local/lib/python3.12/site-packages/airflow/example_dags/example_sla_dag.py took 0.078 seconds
[2025-03-22T09:13:45.058+0000] {processor.py:186} INFO - Started process (PID=2079) to work on /home/airflow/.local/lib/python3.12/site-packages/airflow/example_dags/example_sla_dag.py
[2025-03-22T09:13:45.059+0000] {processor.py:914} INFO - Processing file /home/airflow/.local/lib/python3.12/site-packages/airflow/example_dags/example_sla_dag.py for tasks to queue
[2025-03-22T09:13:45.061+0000] {logging_mixin.py:190} INFO - [2025-03-22T09:13:45.061+0000] {dagbag.py:588} INFO - Filling up the DagBag from /home/airflow/.local/lib/python3.12/site-packages/airflow/example_dags/example_sla_dag.py
[2025-03-22T09:13:45.073+0000] {processor.py:925} INFO - DAG(s) 'example_sla_dag' retrieved from /home/airflow/.local/lib/python3.12/site-packages/airflow/example_dags/example_sla_dag.py
[2025-03-22T09:13:45.097+0000] {logging_mixin.py:190} INFO - [2025-03-22T09:13:45.097+0000] {dag.py:3239} INFO - Sync 1 DAGs
[2025-03-22T09:13:45.126+0000] {logging_mixin.py:190} INFO - [2025-03-22T09:13:45.126+0000] {dag.py:4180} INFO - Setting next_dagrun for example_sla_dag to 2025-03-22 09:10:00+00:00, run_after=2025-03-22 09:12:00+00:00
[2025-03-22T09:13:45.143+0000] {processor.py:208} INFO - Processing /home/airflow/.local/lib/python3.12/site-packages/airflow/example_dags/example_sla_dag.py took 0.090 seconds
[2025-03-22T09:14:15.571+0000] {processor.py:186} INFO - Started process (PID=2142) to work on /home/airflow/.local/lib/python3.12/site-packages/airflow/example_dags/example_sla_dag.py
[2025-03-22T09:14:15.572+0000] {processor.py:914} INFO - Processing file /home/airflow/.local/lib/python3.12/site-packages/airflow/example_dags/example_sla_dag.py for tasks to queue
[2025-03-22T09:14:15.574+0000] {logging_mixin.py:190} INFO - [2025-03-22T09:14:15.574+0000] {dagbag.py:588} INFO - Filling up the DagBag from /home/airflow/.local/lib/python3.12/site-packages/airflow/example_dags/example_sla_dag.py
[2025-03-22T09:14:15.583+0000] {processor.py:925} INFO - DAG(s) 'example_sla_dag' retrieved from /home/airflow/.local/lib/python3.12/site-packages/airflow/example_dags/example_sla_dag.py
[2025-03-22T09:14:15.600+0000] {logging_mixin.py:190} INFO - [2025-03-22T09:14:15.600+0000] {dag.py:3239} INFO - Sync 1 DAGs
[2025-03-22T09:14:15.625+0000] {logging_mixin.py:190} INFO - [2025-03-22T09:14:15.625+0000] {dag.py:4180} INFO - Setting next_dagrun for example_sla_dag to 2025-03-22 09:12:00+00:00, run_after=2025-03-22 09:14:00+00:00
[2025-03-22T09:14:15.644+0000] {processor.py:208} INFO - Processing /home/airflow/.local/lib/python3.12/site-packages/airflow/example_dags/example_sla_dag.py took 0.077 seconds
[2025-03-22T09:14:45.893+0000] {processor.py:186} INFO - Started process (PID=2205) to work on /home/airflow/.local/lib/python3.12/site-packages/airflow/example_dags/example_sla_dag.py
[2025-03-22T09:14:45.894+0000] {processor.py:914} INFO - Processing file /home/airflow/.local/lib/python3.12/site-packages/airflow/example_dags/example_sla_dag.py for tasks to queue
[2025-03-22T09:14:45.897+0000] {logging_mixin.py:190} INFO - [2025-03-22T09:14:45.897+0000] {dagbag.py:588} INFO - Filling up the DagBag from /home/airflow/.local/lib/python3.12/site-packages/airflow/example_dags/example_sla_dag.py
[2025-03-22T09:14:45.913+0000] {processor.py:925} INFO - DAG(s) 'example_sla_dag' retrieved from /home/airflow/.local/lib/python3.12/site-packages/airflow/example_dags/example_sla_dag.py
[2025-03-22T09:14:45.942+0000] {logging_mixin.py:190} INFO - [2025-03-22T09:14:45.942+0000] {dag.py:3239} INFO - Sync 1 DAGs
[2025-03-22T09:14:45.971+0000] {logging_mixin.py:190} INFO - [2025-03-22T09:14:45.970+0000] {dag.py:4180} INFO - Setting next_dagrun for example_sla_dag to 2025-03-22 09:12:00+00:00, run_after=2025-03-22 09:14:00+00:00
[2025-03-22T09:14:45.992+0000] {processor.py:208} INFO - Processing /home/airflow/.local/lib/python3.12/site-packages/airflow/example_dags/example_sla_dag.py took 0.104 seconds
[2025-03-22T09:15:16.332+0000] {processor.py:186} INFO - Started process (PID=2268) to work on /home/airflow/.local/lib/python3.12/site-packages/airflow/example_dags/example_sla_dag.py
[2025-03-22T09:15:16.333+0000] {processor.py:914} INFO - Processing file /home/airflow/.local/lib/python3.12/site-packages/airflow/example_dags/example_sla_dag.py for tasks to queue
[2025-03-22T09:15:16.335+0000] {logging_mixin.py:190} INFO - [2025-03-22T09:15:16.335+0000] {dagbag.py:588} INFO - Filling up the DagBag from /home/airflow/.local/lib/python3.12/site-packages/airflow/example_dags/example_sla_dag.py
[2025-03-22T09:15:16.345+0000] {processor.py:925} INFO - DAG(s) 'example_sla_dag' retrieved from /home/airflow/.local/lib/python3.12/site-packages/airflow/example_dags/example_sla_dag.py
[2025-03-22T09:15:16.366+0000] {logging_mixin.py:190} INFO - [2025-03-22T09:15:16.366+0000] {dag.py:3239} INFO - Sync 1 DAGs
[2025-03-22T09:15:16.395+0000] {logging_mixin.py:190} INFO - [2025-03-22T09:15:16.395+0000] {dag.py:4180} INFO - Setting next_dagrun for example_sla_dag to 2025-03-22 09:12:00+00:00, run_after=2025-03-22 09:14:00+00:00
[2025-03-22T09:15:16.415+0000] {processor.py:208} INFO - Processing /home/airflow/.local/lib/python3.12/site-packages/airflow/example_dags/example_sla_dag.py took 0.090 seconds
[2025-03-22T09:15:47.115+0000] {processor.py:186} INFO - Started process (PID=2331) to work on /home/airflow/.local/lib/python3.12/site-packages/airflow/example_dags/example_sla_dag.py
[2025-03-22T09:15:47.116+0000] {processor.py:914} INFO - Processing file /home/airflow/.local/lib/python3.12/site-packages/airflow/example_dags/example_sla_dag.py for tasks to queue
[2025-03-22T09:15:47.125+0000] {logging_mixin.py:190} INFO - [2025-03-22T09:15:47.121+0000] {dagbag.py:588} INFO - Filling up the DagBag from /home/airflow/.local/lib/python3.12/site-packages/airflow/example_dags/example_sla_dag.py
[2025-03-22T09:15:47.136+0000] {processor.py:925} INFO - DAG(s) 'example_sla_dag' retrieved from /home/airflow/.local/lib/python3.12/site-packages/airflow/example_dags/example_sla_dag.py
[2025-03-22T09:15:47.173+0000] {logging_mixin.py:190} INFO - [2025-03-22T09:15:47.172+0000] {dag.py:3239} INFO - Sync 1 DAGs
[2025-03-22T09:15:47.203+0000] {logging_mixin.py:190} INFO - [2025-03-22T09:15:47.202+0000] {dag.py:4180} INFO - Setting next_dagrun for example_sla_dag to 2025-03-22 09:12:00+00:00, run_after=2025-03-22 09:14:00+00:00
[2025-03-22T09:15:47.229+0000] {processor.py:208} INFO - Processing /home/airflow/.local/lib/python3.12/site-packages/airflow/example_dags/example_sla_dag.py took 0.127 seconds
[2025-03-22T09:16:17.415+0000] {processor.py:186} INFO - Started process (PID=2394) to work on /home/airflow/.local/lib/python3.12/site-packages/airflow/example_dags/example_sla_dag.py
[2025-03-22T09:16:17.416+0000] {processor.py:914} INFO - Processing file /home/airflow/.local/lib/python3.12/site-packages/airflow/example_dags/example_sla_dag.py for tasks to queue
[2025-03-22T09:16:17.418+0000] {logging_mixin.py:190} INFO - [2025-03-22T09:16:17.417+0000] {dagbag.py:588} INFO - Filling up the DagBag from /home/airflow/.local/lib/python3.12/site-packages/airflow/example_dags/example_sla_dag.py
[2025-03-22T09:16:17.427+0000] {processor.py:925} INFO - DAG(s) 'example_sla_dag' retrieved from /home/airflow/.local/lib/python3.12/site-packages/airflow/example_dags/example_sla_dag.py
[2025-03-22T09:16:17.444+0000] {logging_mixin.py:190} INFO - [2025-03-22T09:16:17.444+0000] {dag.py:3239} INFO - Sync 1 DAGs
[2025-03-22T09:16:17.467+0000] {logging_mixin.py:190} INFO - [2025-03-22T09:16:17.467+0000] {dag.py:4180} INFO - Setting next_dagrun for example_sla_dag to 2025-03-22 09:14:00+00:00, run_after=2025-03-22 09:16:00+00:00
[2025-03-22T09:16:17.485+0000] {processor.py:208} INFO - Processing /home/airflow/.local/lib/python3.12/site-packages/airflow/example_dags/example_sla_dag.py took 0.076 seconds
[2025-03-22T09:16:47.876+0000] {processor.py:186} INFO - Started process (PID=2457) to work on /home/airflow/.local/lib/python3.12/site-packages/airflow/example_dags/example_sla_dag.py
[2025-03-22T09:16:47.877+0000] {processor.py:914} INFO - Processing file /home/airflow/.local/lib/python3.12/site-packages/airflow/example_dags/example_sla_dag.py for tasks to queue
[2025-03-22T09:16:47.879+0000] {logging_mixin.py:190} INFO - [2025-03-22T09:16:47.879+0000] {dagbag.py:588} INFO - Filling up the DagBag from /home/airflow/.local/lib/python3.12/site-packages/airflow/example_dags/example_sla_dag.py
[2025-03-22T09:16:47.889+0000] {processor.py:925} INFO - DAG(s) 'example_sla_dag' retrieved from /home/airflow/.local/lib/python3.12/site-packages/airflow/example_dags/example_sla_dag.py
[2025-03-22T09:16:47.908+0000] {logging_mixin.py:190} INFO - [2025-03-22T09:16:47.908+0000] {dag.py:3239} INFO - Sync 1 DAGs
[2025-03-22T09:16:47.933+0000] {logging_mixin.py:190} INFO - [2025-03-22T09:16:47.933+0000] {dag.py:4180} INFO - Setting next_dagrun for example_sla_dag to 2025-03-22 09:14:00+00:00, run_after=2025-03-22 09:16:00+00:00
[2025-03-22T09:16:47.950+0000] {processor.py:208} INFO - Processing /home/airflow/.local/lib/python3.12/site-packages/airflow/example_dags/example_sla_dag.py took 0.082 seconds
[2025-03-22T09:17:18.726+0000] {processor.py:186} INFO - Started process (PID=2520) to work on /home/airflow/.local/lib/python3.12/site-packages/airflow/example_dags/example_sla_dag.py
[2025-03-22T09:17:18.727+0000] {processor.py:914} INFO - Processing file /home/airflow/.local/lib/python3.12/site-packages/airflow/example_dags/example_sla_dag.py for tasks to queue
[2025-03-22T09:17:18.729+0000] {logging_mixin.py:190} INFO - [2025-03-22T09:17:18.728+0000] {dagbag.py:588} INFO - Filling up the DagBag from /home/airflow/.local/lib/python3.12/site-packages/airflow/example_dags/example_sla_dag.py
[2025-03-22T09:17:18.739+0000] {processor.py:925} INFO - DAG(s) 'example_sla_dag' retrieved from /home/airflow/.local/lib/python3.12/site-packages/airflow/example_dags/example_sla_dag.py
[2025-03-22T09:17:18.760+0000] {logging_mixin.py:190} INFO - [2025-03-22T09:17:18.760+0000] {dag.py:3239} INFO - Sync 1 DAGs
[2025-03-22T09:17:18.786+0000] {logging_mixin.py:190} INFO - [2025-03-22T09:17:18.786+0000] {dag.py:4180} INFO - Setting next_dagrun for example_sla_dag to 2025-03-22 09:14:00+00:00, run_after=2025-03-22 09:16:00+00:00
[2025-03-22T09:17:18.806+0000] {processor.py:208} INFO - Processing /home/airflow/.local/lib/python3.12/site-packages/airflow/example_dags/example_sla_dag.py took 0.087 seconds
[2025-03-22T09:17:49.095+0000] {processor.py:186} INFO - Started process (PID=2583) to work on /home/airflow/.local/lib/python3.12/site-packages/airflow/example_dags/example_sla_dag.py
[2025-03-22T09:17:49.096+0000] {processor.py:914} INFO - Processing file /home/airflow/.local/lib/python3.12/site-packages/airflow/example_dags/example_sla_dag.py for tasks to queue
[2025-03-22T09:17:49.098+0000] {logging_mixin.py:190} INFO - [2025-03-22T09:17:49.097+0000] {dagbag.py:588} INFO - Filling up the DagBag from /home/airflow/.local/lib/python3.12/site-packages/airflow/example_dags/example_sla_dag.py
[2025-03-22T09:17:49.109+0000] {processor.py:925} INFO - DAG(s) 'example_sla_dag' retrieved from /home/airflow/.local/lib/python3.12/site-packages/airflow/example_dags/example_sla_dag.py
[2025-03-22T09:17:49.131+0000] {logging_mixin.py:190} INFO - [2025-03-22T09:17:49.131+0000] {dag.py:3239} INFO - Sync 1 DAGs
[2025-03-22T09:17:49.162+0000] {logging_mixin.py:190} INFO - [2025-03-22T09:17:49.162+0000] {dag.py:4180} INFO - Setting next_dagrun for example_sla_dag to 2025-03-22 09:14:00+00:00, run_after=2025-03-22 09:16:00+00:00
[2025-03-22T09:17:49.182+0000] {processor.py:208} INFO - Processing /home/airflow/.local/lib/python3.12/site-packages/airflow/example_dags/example_sla_dag.py took 0.093 seconds
[2025-03-22T09:18:19.858+0000] {processor.py:186} INFO - Started process (PID=2648) to work on /home/airflow/.local/lib/python3.12/site-packages/airflow/example_dags/example_sla_dag.py
[2025-03-22T09:18:19.858+0000] {processor.py:914} INFO - Processing file /home/airflow/.local/lib/python3.12/site-packages/airflow/example_dags/example_sla_dag.py for tasks to queue
[2025-03-22T09:18:19.860+0000] {logging_mixin.py:190} INFO - [2025-03-22T09:18:19.859+0000] {dagbag.py:588} INFO - Filling up the DagBag from /home/airflow/.local/lib/python3.12/site-packages/airflow/example_dags/example_sla_dag.py
[2025-03-22T09:18:19.872+0000] {processor.py:925} INFO - DAG(s) 'example_sla_dag' retrieved from /home/airflow/.local/lib/python3.12/site-packages/airflow/example_dags/example_sla_dag.py
[2025-03-22T09:18:19.890+0000] {logging_mixin.py:190} INFO - [2025-03-22T09:18:19.890+0000] {dag.py:3239} INFO - Sync 1 DAGs
[2025-03-22T09:18:19.916+0000] {logging_mixin.py:190} INFO - [2025-03-22T09:18:19.916+0000] {dag.py:4180} INFO - Setting next_dagrun for example_sla_dag to 2025-03-22 09:16:00+00:00, run_after=2025-03-22 09:18:00+00:00
[2025-03-22T09:18:19.933+0000] {processor.py:208} INFO - Processing /home/airflow/.local/lib/python3.12/site-packages/airflow/example_dags/example_sla_dag.py took 0.080 seconds
[2025-03-22T09:18:51.188+0000] {processor.py:186} INFO - Started process (PID=2719) to work on /home/airflow/.local/lib/python3.12/site-packages/airflow/example_dags/example_sla_dag.py
[2025-03-22T09:18:51.188+0000] {processor.py:914} INFO - Processing file /home/airflow/.local/lib/python3.12/site-packages/airflow/example_dags/example_sla_dag.py for tasks to queue
[2025-03-22T09:18:51.190+0000] {logging_mixin.py:190} INFO - [2025-03-22T09:18:51.189+0000] {dagbag.py:588} INFO - Filling up the DagBag from /home/airflow/.local/lib/python3.12/site-packages/airflow/example_dags/example_sla_dag.py
[2025-03-22T09:18:51.201+0000] {processor.py:925} INFO - DAG(s) 'example_sla_dag' retrieved from /home/airflow/.local/lib/python3.12/site-packages/airflow/example_dags/example_sla_dag.py
[2025-03-22T09:18:51.222+0000] {logging_mixin.py:190} INFO - [2025-03-22T09:18:51.221+0000] {dag.py:3239} INFO - Sync 1 DAGs
[2025-03-22T09:18:51.250+0000] {logging_mixin.py:190} INFO - [2025-03-22T09:18:51.250+0000] {dag.py:4180} INFO - Setting next_dagrun for example_sla_dag to 2025-03-22 09:16:00+00:00, run_after=2025-03-22 09:18:00+00:00
[2025-03-22T09:18:51.275+0000] {processor.py:208} INFO - Processing /home/airflow/.local/lib/python3.12/site-packages/airflow/example_dags/example_sla_dag.py took 0.093 seconds
[2025-03-22T09:19:21.651+0000] {processor.py:186} INFO - Started process (PID=2782) to work on /home/airflow/.local/lib/python3.12/site-packages/airflow/example_dags/example_sla_dag.py
[2025-03-22T09:19:21.652+0000] {processor.py:914} INFO - Processing file /home/airflow/.local/lib/python3.12/site-packages/airflow/example_dags/example_sla_dag.py for tasks to queue
[2025-03-22T09:19:21.653+0000] {logging_mixin.py:190} INFO - [2025-03-22T09:19:21.653+0000] {dagbag.py:588} INFO - Filling up the DagBag from /home/airflow/.local/lib/python3.12/site-packages/airflow/example_dags/example_sla_dag.py
[2025-03-22T09:19:21.664+0000] {processor.py:925} INFO - DAG(s) 'example_sla_dag' retrieved from /home/airflow/.local/lib/python3.12/site-packages/airflow/example_dags/example_sla_dag.py
[2025-03-22T09:19:21.684+0000] {logging_mixin.py:190} INFO - [2025-03-22T09:19:21.684+0000] {dag.py:3239} INFO - Sync 1 DAGs
[2025-03-22T09:19:21.712+0000] {logging_mixin.py:190} INFO - [2025-03-22T09:19:21.712+0000] {dag.py:4180} INFO - Setting next_dagrun for example_sla_dag to 2025-03-22 09:16:00+00:00, run_after=2025-03-22 09:18:00+00:00
[2025-03-22T09:19:21.731+0000] {processor.py:208} INFO - Processing /home/airflow/.local/lib/python3.12/site-packages/airflow/example_dags/example_sla_dag.py took 0.086 seconds
[2025-03-22T09:19:52.720+0000] {processor.py:186} INFO - Started process (PID=2846) to work on /home/airflow/.local/lib/python3.12/site-packages/airflow/example_dags/example_sla_dag.py
[2025-03-22T09:19:52.721+0000] {processor.py:914} INFO - Processing file /home/airflow/.local/lib/python3.12/site-packages/airflow/example_dags/example_sla_dag.py for tasks to queue
[2025-03-22T09:19:52.722+0000] {logging_mixin.py:190} INFO - [2025-03-22T09:19:52.722+0000] {dagbag.py:588} INFO - Filling up the DagBag from /home/airflow/.local/lib/python3.12/site-packages/airflow/example_dags/example_sla_dag.py
[2025-03-22T09:19:52.732+0000] {processor.py:925} INFO - DAG(s) 'example_sla_dag' retrieved from /home/airflow/.local/lib/python3.12/site-packages/airflow/example_dags/example_sla_dag.py
[2025-03-22T09:19:52.753+0000] {logging_mixin.py:190} INFO - [2025-03-22T09:19:52.753+0000] {dag.py:3239} INFO - Sync 1 DAGs
[2025-03-22T09:19:52.784+0000] {logging_mixin.py:190} INFO - [2025-03-22T09:19:52.784+0000] {dag.py:4180} INFO - Setting next_dagrun for example_sla_dag to 2025-03-22 09:16:00+00:00, run_after=2025-03-22 09:18:00+00:00
[2025-03-22T09:19:52.805+0000] {processor.py:208} INFO - Processing /home/airflow/.local/lib/python3.12/site-packages/airflow/example_dags/example_sla_dag.py took 0.090 seconds
[2025-03-22T09:20:22.985+0000] {processor.py:186} INFO - Started process (PID=2909) to work on /home/airflow/.local/lib/python3.12/site-packages/airflow/example_dags/example_sla_dag.py
[2025-03-22T09:20:22.986+0000] {processor.py:914} INFO - Processing file /home/airflow/.local/lib/python3.12/site-packages/airflow/example_dags/example_sla_dag.py for tasks to queue
[2025-03-22T09:20:22.988+0000] {logging_mixin.py:190} INFO - [2025-03-22T09:20:22.987+0000] {dagbag.py:588} INFO - Filling up the DagBag from /home/airflow/.local/lib/python3.12/site-packages/airflow/example_dags/example_sla_dag.py
[2025-03-22T09:20:22.997+0000] {processor.py:925} INFO - DAG(s) 'example_sla_dag' retrieved from /home/airflow/.local/lib/python3.12/site-packages/airflow/example_dags/example_sla_dag.py
[2025-03-22T09:20:23.016+0000] {logging_mixin.py:190} INFO - [2025-03-22T09:20:23.015+0000] {dag.py:3239} INFO - Sync 1 DAGs
[2025-03-22T09:20:23.042+0000] {logging_mixin.py:190} INFO - [2025-03-22T09:20:23.041+0000] {dag.py:4180} INFO - Setting next_dagrun for example_sla_dag to 2025-03-22 09:18:00+00:00, run_after=2025-03-22 09:20:00+00:00
[2025-03-22T09:20:23.060+0000] {processor.py:208} INFO - Processing /home/airflow/.local/lib/python3.12/site-packages/airflow/example_dags/example_sla_dag.py took 0.080 seconds
[2025-03-22T09:20:53.208+0000] {processor.py:186} INFO - Started process (PID=2973) to work on /home/airflow/.local/lib/python3.12/site-packages/airflow/example_dags/example_sla_dag.py
[2025-03-22T09:20:53.210+0000] {processor.py:914} INFO - Processing file /home/airflow/.local/lib/python3.12/site-packages/airflow/example_dags/example_sla_dag.py for tasks to queue
[2025-03-22T09:20:53.211+0000] {logging_mixin.py:190} INFO - [2025-03-22T09:20:53.211+0000] {dagbag.py:588} INFO - Filling up the DagBag from /home/airflow/.local/lib/python3.12/site-packages/airflow/example_dags/example_sla_dag.py
[2025-03-22T09:20:53.222+0000] {processor.py:925} INFO - DAG(s) 'example_sla_dag' retrieved from /home/airflow/.local/lib/python3.12/site-packages/airflow/example_dags/example_sla_dag.py
[2025-03-22T09:20:53.243+0000] {logging_mixin.py:190} INFO - [2025-03-22T09:20:53.242+0000] {dag.py:3239} INFO - Sync 1 DAGs
[2025-03-22T09:20:53.272+0000] {logging_mixin.py:190} INFO - [2025-03-22T09:20:53.272+0000] {dag.py:4180} INFO - Setting next_dagrun for example_sla_dag to 2025-03-22 09:18:00+00:00, run_after=2025-03-22 09:20:00+00:00
[2025-03-22T09:20:53.293+0000] {processor.py:208} INFO - Processing /home/airflow/.local/lib/python3.12/site-packages/airflow/example_dags/example_sla_dag.py took 0.093 seconds
[2025-03-22T09:21:23.629+0000] {processor.py:186} INFO - Started process (PID=3037) to work on /home/airflow/.local/lib/python3.12/site-packages/airflow/example_dags/example_sla_dag.py
[2025-03-22T09:21:23.630+0000] {processor.py:914} INFO - Processing file /home/airflow/.local/lib/python3.12/site-packages/airflow/example_dags/example_sla_dag.py for tasks to queue
[2025-03-22T09:21:23.631+0000] {logging_mixin.py:190} INFO - [2025-03-22T09:21:23.631+0000] {dagbag.py:588} INFO - Filling up the DagBag from /home/airflow/.local/lib/python3.12/site-packages/airflow/example_dags/example_sla_dag.py
[2025-03-22T09:21:23.641+0000] {processor.py:925} INFO - DAG(s) 'example_sla_dag' retrieved from /home/airflow/.local/lib/python3.12/site-packages/airflow/example_dags/example_sla_dag.py
[2025-03-22T09:21:23.670+0000] {logging_mixin.py:190} INFO - [2025-03-22T09:21:23.670+0000] {dag.py:3239} INFO - Sync 1 DAGs
[2025-03-22T09:21:23.696+0000] {logging_mixin.py:190} INFO - [2025-03-22T09:21:23.696+0000] {dag.py:4180} INFO - Setting next_dagrun for example_sla_dag to 2025-03-22 09:18:00+00:00, run_after=2025-03-22 09:20:00+00:00
[2025-03-22T09:21:23.712+0000] {processor.py:208} INFO - Processing /home/airflow/.local/lib/python3.12/site-packages/airflow/example_dags/example_sla_dag.py took 0.088 seconds
[2025-03-22T09:21:54.460+0000] {processor.py:186} INFO - Started process (PID=3101) to work on /home/airflow/.local/lib/python3.12/site-packages/airflow/example_dags/example_sla_dag.py
[2025-03-22T09:21:54.461+0000] {processor.py:914} INFO - Processing file /home/airflow/.local/lib/python3.12/site-packages/airflow/example_dags/example_sla_dag.py for tasks to queue
[2025-03-22T09:21:54.463+0000] {logging_mixin.py:190} INFO - [2025-03-22T09:21:54.462+0000] {dagbag.py:588} INFO - Filling up the DagBag from /home/airflow/.local/lib/python3.12/site-packages/airflow/example_dags/example_sla_dag.py
[2025-03-22T09:21:54.472+0000] {processor.py:925} INFO - DAG(s) 'example_sla_dag' retrieved from /home/airflow/.local/lib/python3.12/site-packages/airflow/example_dags/example_sla_dag.py
[2025-03-22T09:21:54.491+0000] {logging_mixin.py:190} INFO - [2025-03-22T09:21:54.491+0000] {dag.py:3239} INFO - Sync 1 DAGs
[2025-03-22T09:21:54.515+0000] {logging_mixin.py:190} INFO - [2025-03-22T09:21:54.515+0000] {dag.py:4180} INFO - Setting next_dagrun for example_sla_dag to 2025-03-22 09:18:00+00:00, run_after=2025-03-22 09:20:00+00:00
[2025-03-22T09:21:54.535+0000] {processor.py:208} INFO - Processing /home/airflow/.local/lib/python3.12/site-packages/airflow/example_dags/example_sla_dag.py took 0.081 seconds
[2025-03-22T09:22:25.242+0000] {processor.py:186} INFO - Started process (PID=3166) to work on /home/airflow/.local/lib/python3.12/site-packages/airflow/example_dags/example_sla_dag.py
[2025-03-22T09:22:25.243+0000] {processor.py:914} INFO - Processing file /home/airflow/.local/lib/python3.12/site-packages/airflow/example_dags/example_sla_dag.py for tasks to queue
[2025-03-22T09:22:25.245+0000] {logging_mixin.py:190} INFO - [2025-03-22T09:22:25.244+0000] {dagbag.py:588} INFO - Filling up the DagBag from /home/airflow/.local/lib/python3.12/site-packages/airflow/example_dags/example_sla_dag.py
[2025-03-22T09:22:25.255+0000] {processor.py:925} INFO - DAG(s) 'example_sla_dag' retrieved from /home/airflow/.local/lib/python3.12/site-packages/airflow/example_dags/example_sla_dag.py
[2025-03-22T09:22:25.276+0000] {logging_mixin.py:190} INFO - [2025-03-22T09:22:25.276+0000] {dag.py:3239} INFO - Sync 1 DAGs
[2025-03-22T09:22:25.305+0000] {logging_mixin.py:190} INFO - [2025-03-22T09:22:25.305+0000] {dag.py:4180} INFO - Setting next_dagrun for example_sla_dag to 2025-03-22 09:20:00+00:00, run_after=2025-03-22 09:22:00+00:00
[2025-03-22T09:22:25.325+0000] {processor.py:208} INFO - Processing /home/airflow/.local/lib/python3.12/site-packages/airflow/example_dags/example_sla_dag.py took 0.090 seconds
[2025-03-22T09:22:55.430+0000] {processor.py:186} INFO - Started process (PID=3230) to work on /home/airflow/.local/lib/python3.12/site-packages/airflow/example_dags/example_sla_dag.py
[2025-03-22T09:22:55.431+0000] {processor.py:914} INFO - Processing file /home/airflow/.local/lib/python3.12/site-packages/airflow/example_dags/example_sla_dag.py for tasks to queue
[2025-03-22T09:22:55.432+0000] {logging_mixin.py:190} INFO - [2025-03-22T09:22:55.432+0000] {dagbag.py:588} INFO - Filling up the DagBag from /home/airflow/.local/lib/python3.12/site-packages/airflow/example_dags/example_sla_dag.py
[2025-03-22T09:22:55.442+0000] {processor.py:925} INFO - DAG(s) 'example_sla_dag' retrieved from /home/airflow/.local/lib/python3.12/site-packages/airflow/example_dags/example_sla_dag.py
[2025-03-22T09:22:55.460+0000] {logging_mixin.py:190} INFO - [2025-03-22T09:22:55.459+0000] {dag.py:3239} INFO - Sync 1 DAGs
[2025-03-22T09:22:55.487+0000] {logging_mixin.py:190} INFO - [2025-03-22T09:22:55.487+0000] {dag.py:4180} INFO - Setting next_dagrun for example_sla_dag to 2025-03-22 09:20:00+00:00, run_after=2025-03-22 09:22:00+00:00
[2025-03-22T09:22:55.505+0000] {processor.py:208} INFO - Processing /home/airflow/.local/lib/python3.12/site-packages/airflow/example_dags/example_sla_dag.py took 0.080 seconds
[2025-03-22T09:23:26.623+0000] {processor.py:186} INFO - Started process (PID=3294) to work on /home/airflow/.local/lib/python3.12/site-packages/airflow/example_dags/example_sla_dag.py
[2025-03-22T09:23:26.624+0000] {processor.py:914} INFO - Processing file /home/airflow/.local/lib/python3.12/site-packages/airflow/example_dags/example_sla_dag.py for tasks to queue
[2025-03-22T09:23:26.625+0000] {logging_mixin.py:190} INFO - [2025-03-22T09:23:26.625+0000] {dagbag.py:588} INFO - Filling up the DagBag from /home/airflow/.local/lib/python3.12/site-packages/airflow/example_dags/example_sla_dag.py
[2025-03-22T09:23:26.636+0000] {processor.py:925} INFO - DAG(s) 'example_sla_dag' retrieved from /home/airflow/.local/lib/python3.12/site-packages/airflow/example_dags/example_sla_dag.py
[2025-03-22T09:23:26.654+0000] {logging_mixin.py:190} INFO - [2025-03-22T09:23:26.654+0000] {dag.py:3239} INFO - Sync 1 DAGs
[2025-03-22T09:23:26.679+0000] {logging_mixin.py:190} INFO - [2025-03-22T09:23:26.679+0000] {dag.py:4180} INFO - Setting next_dagrun for example_sla_dag to 2025-03-22 09:20:00+00:00, run_after=2025-03-22 09:22:00+00:00
[2025-03-22T09:23:26.695+0000] {processor.py:208} INFO - Processing /home/airflow/.local/lib/python3.12/site-packages/airflow/example_dags/example_sla_dag.py took 0.078 seconds
[2025-03-22T09:23:57.690+0000] {processor.py:186} INFO - Started process (PID=3358) to work on /home/airflow/.local/lib/python3.12/site-packages/airflow/example_dags/example_sla_dag.py
[2025-03-22T09:23:57.691+0000] {processor.py:914} INFO - Processing file /home/airflow/.local/lib/python3.12/site-packages/airflow/example_dags/example_sla_dag.py for tasks to queue
[2025-03-22T09:23:57.692+0000] {logging_mixin.py:190} INFO - [2025-03-22T09:23:57.692+0000] {dagbag.py:588} INFO - Filling up the DagBag from /home/airflow/.local/lib/python3.12/site-packages/airflow/example_dags/example_sla_dag.py
[2025-03-22T09:23:57.701+0000] {processor.py:925} INFO - DAG(s) 'example_sla_dag' retrieved from /home/airflow/.local/lib/python3.12/site-packages/airflow/example_dags/example_sla_dag.py
[2025-03-22T09:23:57.717+0000] {logging_mixin.py:190} INFO - [2025-03-22T09:23:57.717+0000] {dag.py:3239} INFO - Sync 1 DAGs
[2025-03-22T09:23:57.740+0000] {logging_mixin.py:190} INFO - [2025-03-22T09:23:57.740+0000] {dag.py:4180} INFO - Setting next_dagrun for example_sla_dag to 2025-03-22 09:20:00+00:00, run_after=2025-03-22 09:22:00+00:00
[2025-03-22T09:23:57.755+0000] {processor.py:208} INFO - Processing /home/airflow/.local/lib/python3.12/site-packages/airflow/example_dags/example_sla_dag.py took 0.069 seconds
[2025-03-22T09:24:28.673+0000] {processor.py:186} INFO - Started process (PID=3422) to work on /home/airflow/.local/lib/python3.12/site-packages/airflow/example_dags/example_sla_dag.py
[2025-03-22T09:24:28.674+0000] {processor.py:914} INFO - Processing file /home/airflow/.local/lib/python3.12/site-packages/airflow/example_dags/example_sla_dag.py for tasks to queue
[2025-03-22T09:24:28.676+0000] {logging_mixin.py:190} INFO - [2025-03-22T09:24:28.675+0000] {dagbag.py:588} INFO - Filling up the DagBag from /home/airflow/.local/lib/python3.12/site-packages/airflow/example_dags/example_sla_dag.py
[2025-03-22T09:24:28.686+0000] {processor.py:925} INFO - DAG(s) 'example_sla_dag' retrieved from /home/airflow/.local/lib/python3.12/site-packages/airflow/example_dags/example_sla_dag.py
[2025-03-22T09:24:28.705+0000] {logging_mixin.py:190} INFO - [2025-03-22T09:24:28.705+0000] {dag.py:3239} INFO - Sync 1 DAGs
[2025-03-22T09:24:28.730+0000] {logging_mixin.py:190} INFO - [2025-03-22T09:24:28.729+0000] {dag.py:4180} INFO - Setting next_dagrun for example_sla_dag to 2025-03-22 09:22:00+00:00, run_after=2025-03-22 09:24:00+00:00
[2025-03-22T09:24:28.746+0000] {processor.py:208} INFO - Processing /home/airflow/.local/lib/python3.12/site-packages/airflow/example_dags/example_sla_dag.py took 0.078 seconds
[2025-03-22T09:24:59.076+0000] {processor.py:186} INFO - Started process (PID=3486) to work on /home/airflow/.local/lib/python3.12/site-packages/airflow/example_dags/example_sla_dag.py
[2025-03-22T09:24:59.077+0000] {processor.py:914} INFO - Processing file /home/airflow/.local/lib/python3.12/site-packages/airflow/example_dags/example_sla_dag.py for tasks to queue
[2025-03-22T09:24:59.078+0000] {logging_mixin.py:190} INFO - [2025-03-22T09:24:59.078+0000] {dagbag.py:588} INFO - Filling up the DagBag from /home/airflow/.local/lib/python3.12/site-packages/airflow/example_dags/example_sla_dag.py
[2025-03-22T09:24:59.088+0000] {processor.py:925} INFO - DAG(s) 'example_sla_dag' retrieved from /home/airflow/.local/lib/python3.12/site-packages/airflow/example_dags/example_sla_dag.py
[2025-03-22T09:24:59.107+0000] {logging_mixin.py:190} INFO - [2025-03-22T09:24:59.107+0000] {dag.py:3239} INFO - Sync 1 DAGs
[2025-03-22T09:24:59.133+0000] {logging_mixin.py:190} INFO - [2025-03-22T09:24:59.133+0000] {dag.py:4180} INFO - Setting next_dagrun for example_sla_dag to 2025-03-22 09:22:00+00:00, run_after=2025-03-22 09:24:00+00:00
[2025-03-22T09:24:59.150+0000] {processor.py:208} INFO - Processing /home/airflow/.local/lib/python3.12/site-packages/airflow/example_dags/example_sla_dag.py took 0.080 seconds
[2025-03-22T09:25:29.960+0000] {processor.py:186} INFO - Started process (PID=3550) to work on /home/airflow/.local/lib/python3.12/site-packages/airflow/example_dags/example_sla_dag.py
[2025-03-22T09:25:29.961+0000] {processor.py:914} INFO - Processing file /home/airflow/.local/lib/python3.12/site-packages/airflow/example_dags/example_sla_dag.py for tasks to queue
[2025-03-22T09:25:29.962+0000] {logging_mixin.py:190} INFO - [2025-03-22T09:25:29.962+0000] {dagbag.py:588} INFO - Filling up the DagBag from /home/airflow/.local/lib/python3.12/site-packages/airflow/example_dags/example_sla_dag.py
[2025-03-22T09:25:29.972+0000] {processor.py:925} INFO - DAG(s) 'example_sla_dag' retrieved from /home/airflow/.local/lib/python3.12/site-packages/airflow/example_dags/example_sla_dag.py
[2025-03-22T09:25:30.007+0000] {logging_mixin.py:190} INFO - [2025-03-22T09:25:30.007+0000] {dag.py:3239} INFO - Sync 1 DAGs
[2025-03-22T09:25:30.044+0000] {logging_mixin.py:190} INFO - [2025-03-22T09:25:30.044+0000] {dag.py:4180} INFO - Setting next_dagrun for example_sla_dag to 2025-03-22 09:22:00+00:00, run_after=2025-03-22 09:24:00+00:00
[2025-03-22T09:25:30.064+0000] {processor.py:208} INFO - Processing /home/airflow/.local/lib/python3.12/site-packages/airflow/example_dags/example_sla_dag.py took 0.109 seconds
[2025-03-22T09:26:00.166+0000] {processor.py:186} INFO - Started process (PID=3614) to work on /home/airflow/.local/lib/python3.12/site-packages/airflow/example_dags/example_sla_dag.py
[2025-03-22T09:26:00.167+0000] {processor.py:914} INFO - Processing file /home/airflow/.local/lib/python3.12/site-packages/airflow/example_dags/example_sla_dag.py for tasks to queue
[2025-03-22T09:26:00.169+0000] {logging_mixin.py:190} INFO - [2025-03-22T09:26:00.168+0000] {dagbag.py:588} INFO - Filling up the DagBag from /home/airflow/.local/lib/python3.12/site-packages/airflow/example_dags/example_sla_dag.py
[2025-03-22T09:26:00.179+0000] {processor.py:925} INFO - DAG(s) 'example_sla_dag' retrieved from /home/airflow/.local/lib/python3.12/site-packages/airflow/example_dags/example_sla_dag.py
[2025-03-22T09:26:00.198+0000] {logging_mixin.py:190} INFO - [2025-03-22T09:26:00.198+0000] {dag.py:3239} INFO - Sync 1 DAGs
[2025-03-22T09:26:00.225+0000] {logging_mixin.py:190} INFO - [2025-03-22T09:26:00.225+0000] {dag.py:4180} INFO - Setting next_dagrun for example_sla_dag to 2025-03-22 09:24:00+00:00, run_after=2025-03-22 09:26:00+00:00
[2025-03-22T09:26:00.243+0000] {processor.py:208} INFO - Processing /home/airflow/.local/lib/python3.12/site-packages/airflow/example_dags/example_sla_dag.py took 0.083 seconds
[2025-03-22T09:26:31.053+0000] {processor.py:186} INFO - Started process (PID=3678) to work on /home/airflow/.local/lib/python3.12/site-packages/airflow/example_dags/example_sla_dag.py
[2025-03-22T09:26:31.053+0000] {processor.py:914} INFO - Processing file /home/airflow/.local/lib/python3.12/site-packages/airflow/example_dags/example_sla_dag.py for tasks to queue
[2025-03-22T09:26:31.055+0000] {logging_mixin.py:190} INFO - [2025-03-22T09:26:31.054+0000] {dagbag.py:588} INFO - Filling up the DagBag from /home/airflow/.local/lib/python3.12/site-packages/airflow/example_dags/example_sla_dag.py
[2025-03-22T09:26:31.066+0000] {processor.py:925} INFO - DAG(s) 'example_sla_dag' retrieved from /home/airflow/.local/lib/python3.12/site-packages/airflow/example_dags/example_sla_dag.py
[2025-03-22T09:26:31.085+0000] {logging_mixin.py:190} INFO - [2025-03-22T09:26:31.084+0000] {dag.py:3239} INFO - Sync 1 DAGs
[2025-03-22T09:26:31.110+0000] {logging_mixin.py:190} INFO - [2025-03-22T09:26:31.110+0000] {dag.py:4180} INFO - Setting next_dagrun for example_sla_dag to 2025-03-22 09:24:00+00:00, run_after=2025-03-22 09:26:00+00:00
[2025-03-22T09:26:31.128+0000] {processor.py:208} INFO - Processing /home/airflow/.local/lib/python3.12/site-packages/airflow/example_dags/example_sla_dag.py took 0.081 seconds
[2025-03-22T09:27:01.518+0000] {processor.py:186} INFO - Started process (PID=3742) to work on /home/airflow/.local/lib/python3.12/site-packages/airflow/example_dags/example_sla_dag.py
[2025-03-22T09:27:01.519+0000] {processor.py:914} INFO - Processing file /home/airflow/.local/lib/python3.12/site-packages/airflow/example_dags/example_sla_dag.py for tasks to queue
[2025-03-22T09:27:01.520+0000] {logging_mixin.py:190} INFO - [2025-03-22T09:27:01.520+0000] {dagbag.py:588} INFO - Filling up the DagBag from /home/airflow/.local/lib/python3.12/site-packages/airflow/example_dags/example_sla_dag.py
[2025-03-22T09:27:01.529+0000] {processor.py:925} INFO - DAG(s) 'example_sla_dag' retrieved from /home/airflow/.local/lib/python3.12/site-packages/airflow/example_dags/example_sla_dag.py
[2025-03-22T09:27:01.547+0000] {logging_mixin.py:190} INFO - [2025-03-22T09:27:01.546+0000] {dag.py:3239} INFO - Sync 1 DAGs
[2025-03-22T09:27:01.570+0000] {logging_mixin.py:190} INFO - [2025-03-22T09:27:01.570+0000] {dag.py:4180} INFO - Setting next_dagrun for example_sla_dag to 2025-03-22 09:24:00+00:00, run_after=2025-03-22 09:26:00+00:00
[2025-03-22T09:27:01.587+0000] {processor.py:208} INFO - Processing /home/airflow/.local/lib/python3.12/site-packages/airflow/example_dags/example_sla_dag.py took 0.075 seconds
[2025-03-22T09:27:32.349+0000] {processor.py:186} INFO - Started process (PID=3806) to work on /home/airflow/.local/lib/python3.12/site-packages/airflow/example_dags/example_sla_dag.py
[2025-03-22T09:27:32.350+0000] {processor.py:914} INFO - Processing file /home/airflow/.local/lib/python3.12/site-packages/airflow/example_dags/example_sla_dag.py for tasks to queue
[2025-03-22T09:27:32.351+0000] {logging_mixin.py:190} INFO - [2025-03-22T09:27:32.350+0000] {dagbag.py:588} INFO - Filling up the DagBag from /home/airflow/.local/lib/python3.12/site-packages/airflow/example_dags/example_sla_dag.py
[2025-03-22T09:27:32.360+0000] {processor.py:925} INFO - DAG(s) 'example_sla_dag' retrieved from /home/airflow/.local/lib/python3.12/site-packages/airflow/example_dags/example_sla_dag.py
[2025-03-22T09:27:32.379+0000] {logging_mixin.py:190} INFO - [2025-03-22T09:27:32.379+0000] {dag.py:3239} INFO - Sync 1 DAGs
[2025-03-22T09:27:32.408+0000] {logging_mixin.py:190} INFO - [2025-03-22T09:27:32.408+0000] {dag.py:4180} INFO - Setting next_dagrun for example_sla_dag to 2025-03-22 09:24:00+00:00, run_after=2025-03-22 09:26:00+00:00
[2025-03-22T09:27:32.427+0000] {processor.py:208} INFO - Processing /home/airflow/.local/lib/python3.12/site-packages/airflow/example_dags/example_sla_dag.py took 0.084 seconds
[2025-03-22T09:28:03.463+0000] {processor.py:186} INFO - Started process (PID=3870) to work on /home/airflow/.local/lib/python3.12/site-packages/airflow/example_dags/example_sla_dag.py
[2025-03-22T09:28:03.465+0000] {processor.py:914} INFO - Processing file /home/airflow/.local/lib/python3.12/site-packages/airflow/example_dags/example_sla_dag.py for tasks to queue
[2025-03-22T09:28:03.467+0000] {logging_mixin.py:190} INFO - [2025-03-22T09:28:03.467+0000] {dagbag.py:588} INFO - Filling up the DagBag from /home/airflow/.local/lib/python3.12/site-packages/airflow/example_dags/example_sla_dag.py
[2025-03-22T09:28:03.482+0000] {processor.py:925} INFO - DAG(s) 'example_sla_dag' retrieved from /home/airflow/.local/lib/python3.12/site-packages/airflow/example_dags/example_sla_dag.py
[2025-03-22T09:28:03.507+0000] {logging_mixin.py:190} INFO - [2025-03-22T09:28:03.507+0000] {dag.py:3239} INFO - Sync 1 DAGs
[2025-03-22T09:28:03.549+0000] {logging_mixin.py:190} INFO - [2025-03-22T09:28:03.549+0000] {dag.py:4180} INFO - Setting next_dagrun for example_sla_dag to 2025-03-22 09:26:00+00:00, run_after=2025-03-22 09:28:00+00:00
[2025-03-22T09:28:03.575+0000] {processor.py:208} INFO - Processing /home/airflow/.local/lib/python3.12/site-packages/airflow/example_dags/example_sla_dag.py took 0.120 seconds
