[2025-03-22T08:57:52.407+0000] {processor.py:186} INFO - Started process (PID=103) to work on /home/airflow/.local/lib/python3.12/site-packages/airflow/example_dags/example_branch_day_of_week_operator.py
[2025-03-22T08:57:52.408+0000] {processor.py:914} INFO - Processing file /home/airflow/.local/lib/python3.12/site-packages/airflow/example_dags/example_branch_day_of_week_operator.py for tasks to queue
[2025-03-22T08:57:52.410+0000] {logging_mixin.py:190} INFO - [2025-03-22T08:57:52.410+0000] {dagbag.py:588} INFO - Filling up the DagBag from /home/airflow/.local/lib/python3.12/site-packages/airflow/example_dags/example_branch_day_of_week_operator.py
[2025-03-22T08:57:52.420+0000] {processor.py:925} INFO - DAG(s) 'example_weekday_branch_operator' retrieved from /home/airflow/.local/lib/python3.12/site-packages/airflow/example_dags/example_branch_day_of_week_operator.py
[2025-03-22T08:57:52.541+0000] {logging_mixin.py:190} INFO - [2025-03-22T08:57:52.540+0000] {override.py:1912} INFO - Created Permission View: can edit on DAG:example_weekday_branch_operator
[2025-03-22T08:57:52.556+0000] {logging_mixin.py:190} INFO - [2025-03-22T08:57:52.556+0000] {override.py:1912} INFO - Created Permission View: can delete on DAG:example_weekday_branch_operator
[2025-03-22T08:57:52.566+0000] {logging_mixin.py:190} INFO - [2025-03-22T08:57:52.565+0000] {override.py:1912} INFO - Created Permission View: can read on DAG:example_weekday_branch_operator
[2025-03-22T08:57:52.577+0000] {logging_mixin.py:190} INFO - [2025-03-22T08:57:52.576+0000] {override.py:1912} INFO - Created Permission View: can delete on DAG Run:example_weekday_branch_operator
[2025-03-22T08:57:52.586+0000] {logging_mixin.py:190} INFO - [2025-03-22T08:57:52.586+0000] {override.py:1912} INFO - Created Permission View: menu access on DAG Run:example_weekday_branch_operator
[2025-03-22T08:57:52.596+0000] {logging_mixin.py:190} INFO - [2025-03-22T08:57:52.595+0000] {override.py:1912} INFO - Created Permission View: can create on DAG Run:example_weekday_branch_operator
[2025-03-22T08:57:52.605+0000] {logging_mixin.py:190} INFO - [2025-03-22T08:57:52.605+0000] {override.py:1912} INFO - Created Permission View: can read on DAG Run:example_weekday_branch_operator
[2025-03-22T08:57:52.606+0000] {logging_mixin.py:190} INFO - [2025-03-22T08:57:52.606+0000] {dag.py:3239} INFO - Sync 1 DAGs
[2025-03-22T08:57:52.626+0000] {logging_mixin.py:190} INFO - [2025-03-22T08:57:52.626+0000] {dag.py:3262} INFO - Creating ORM DAG for example_weekday_branch_operator
[2025-03-22T08:57:52.651+0000] {logging_mixin.py:190} INFO - [2025-03-22T08:57:52.651+0000] {dag.py:4180} INFO - Setting next_dagrun for example_weekday_branch_operator to 2025-03-21 00:00:00+00:00, run_after=2025-03-22 00:00:00+00:00
[2025-03-22T08:57:52.670+0000] {processor.py:208} INFO - Processing /home/airflow/.local/lib/python3.12/site-packages/airflow/example_dags/example_branch_day_of_week_operator.py took 0.269 seconds
[2025-03-22T08:58:23.290+0000] {processor.py:186} INFO - Started process (PID=166) to work on /home/airflow/.local/lib/python3.12/site-packages/airflow/example_dags/example_branch_day_of_week_operator.py
[2025-03-22T08:58:23.291+0000] {processor.py:914} INFO - Processing file /home/airflow/.local/lib/python3.12/site-packages/airflow/example_dags/example_branch_day_of_week_operator.py for tasks to queue
[2025-03-22T08:58:23.294+0000] {logging_mixin.py:190} INFO - [2025-03-22T08:58:23.293+0000] {dagbag.py:588} INFO - Filling up the DagBag from /home/airflow/.local/lib/python3.12/site-packages/airflow/example_dags/example_branch_day_of_week_operator.py
[2025-03-22T08:58:23.303+0000] {processor.py:925} INFO - DAG(s) 'example_weekday_branch_operator' retrieved from /home/airflow/.local/lib/python3.12/site-packages/airflow/example_dags/example_branch_day_of_week_operator.py
[2025-03-22T08:58:23.323+0000] {logging_mixin.py:190} INFO - [2025-03-22T08:58:23.323+0000] {dag.py:3239} INFO - Sync 1 DAGs
[2025-03-22T08:58:23.344+0000] {logging_mixin.py:190} INFO - [2025-03-22T08:58:23.344+0000] {dag.py:4180} INFO - Setting next_dagrun for example_weekday_branch_operator to 2025-03-21 00:00:00+00:00, run_after=2025-03-22 00:00:00+00:00
[2025-03-22T08:58:23.362+0000] {processor.py:208} INFO - Processing /home/airflow/.local/lib/python3.12/site-packages/airflow/example_dags/example_branch_day_of_week_operator.py took 0.077 seconds
[2025-03-22T08:58:54.052+0000] {processor.py:186} INFO - Started process (PID=229) to work on /home/airflow/.local/lib/python3.12/site-packages/airflow/example_dags/example_branch_day_of_week_operator.py
[2025-03-22T08:58:54.053+0000] {processor.py:914} INFO - Processing file /home/airflow/.local/lib/python3.12/site-packages/airflow/example_dags/example_branch_day_of_week_operator.py for tasks to queue
[2025-03-22T08:58:54.055+0000] {logging_mixin.py:190} INFO - [2025-03-22T08:58:54.055+0000] {dagbag.py:588} INFO - Filling up the DagBag from /home/airflow/.local/lib/python3.12/site-packages/airflow/example_dags/example_branch_day_of_week_operator.py
[2025-03-22T08:58:54.066+0000] {processor.py:925} INFO - DAG(s) 'example_weekday_branch_operator' retrieved from /home/airflow/.local/lib/python3.12/site-packages/airflow/example_dags/example_branch_day_of_week_operator.py
[2025-03-22T08:58:54.088+0000] {logging_mixin.py:190} INFO - [2025-03-22T08:58:54.088+0000] {dag.py:3239} INFO - Sync 1 DAGs
[2025-03-22T08:58:54.112+0000] {logging_mixin.py:190} INFO - [2025-03-22T08:58:54.112+0000] {dag.py:4180} INFO - Setting next_dagrun for example_weekday_branch_operator to 2025-03-21 00:00:00+00:00, run_after=2025-03-22 00:00:00+00:00
[2025-03-22T08:58:54.130+0000] {processor.py:208} INFO - Processing /home/airflow/.local/lib/python3.12/site-packages/airflow/example_dags/example_branch_day_of_week_operator.py took 0.083 seconds
[2025-03-22T08:59:25.172+0000] {processor.py:186} INFO - Started process (PID=292) to work on /home/airflow/.local/lib/python3.12/site-packages/airflow/example_dags/example_branch_day_of_week_operator.py
[2025-03-22T08:59:25.173+0000] {processor.py:914} INFO - Processing file /home/airflow/.local/lib/python3.12/site-packages/airflow/example_dags/example_branch_day_of_week_operator.py for tasks to queue
[2025-03-22T08:59:25.176+0000] {logging_mixin.py:190} INFO - [2025-03-22T08:59:25.175+0000] {dagbag.py:588} INFO - Filling up the DagBag from /home/airflow/.local/lib/python3.12/site-packages/airflow/example_dags/example_branch_day_of_week_operator.py
[2025-03-22T08:59:25.192+0000] {processor.py:925} INFO - DAG(s) 'example_weekday_branch_operator' retrieved from /home/airflow/.local/lib/python3.12/site-packages/airflow/example_dags/example_branch_day_of_week_operator.py
[2025-03-22T08:59:25.223+0000] {logging_mixin.py:190} INFO - [2025-03-22T08:59:25.223+0000] {dag.py:3239} INFO - Sync 1 DAGs
[2025-03-22T08:59:25.257+0000] {logging_mixin.py:190} INFO - [2025-03-22T08:59:25.257+0000] {dag.py:4180} INFO - Setting next_dagrun for example_weekday_branch_operator to 2025-03-21 00:00:00+00:00, run_after=2025-03-22 00:00:00+00:00
[2025-03-22T08:59:25.282+0000] {processor.py:208} INFO - Processing /home/airflow/.local/lib/python3.12/site-packages/airflow/example_dags/example_branch_day_of_week_operator.py took 0.119 seconds
[2025-03-22T08:59:55.356+0000] {processor.py:186} INFO - Started process (PID=354) to work on /home/airflow/.local/lib/python3.12/site-packages/airflow/example_dags/example_branch_day_of_week_operator.py
[2025-03-22T08:59:55.357+0000] {processor.py:914} INFO - Processing file /home/airflow/.local/lib/python3.12/site-packages/airflow/example_dags/example_branch_day_of_week_operator.py for tasks to queue
[2025-03-22T08:59:55.360+0000] {logging_mixin.py:190} INFO - [2025-03-22T08:59:55.360+0000] {dagbag.py:588} INFO - Filling up the DagBag from /home/airflow/.local/lib/python3.12/site-packages/airflow/example_dags/example_branch_day_of_week_operator.py
[2025-03-22T08:59:55.370+0000] {processor.py:925} INFO - DAG(s) 'example_weekday_branch_operator' retrieved from /home/airflow/.local/lib/python3.12/site-packages/airflow/example_dags/example_branch_day_of_week_operator.py
[2025-03-22T08:59:55.390+0000] {logging_mixin.py:190} INFO - [2025-03-22T08:59:55.390+0000] {dag.py:3239} INFO - Sync 1 DAGs
[2025-03-22T08:59:55.419+0000] {logging_mixin.py:190} INFO - [2025-03-22T08:59:55.418+0000] {dag.py:4180} INFO - Setting next_dagrun for example_weekday_branch_operator to 2025-03-21 00:00:00+00:00, run_after=2025-03-22 00:00:00+00:00
[2025-03-22T08:59:55.437+0000] {processor.py:208} INFO - Processing /home/airflow/.local/lib/python3.12/site-packages/airflow/example_dags/example_branch_day_of_week_operator.py took 0.086 seconds
[2025-03-22T09:00:25.788+0000] {processor.py:186} INFO - Started process (PID=417) to work on /home/airflow/.local/lib/python3.12/site-packages/airflow/example_dags/example_branch_day_of_week_operator.py
[2025-03-22T09:00:25.789+0000] {processor.py:914} INFO - Processing file /home/airflow/.local/lib/python3.12/site-packages/airflow/example_dags/example_branch_day_of_week_operator.py for tasks to queue
[2025-03-22T09:00:25.791+0000] {logging_mixin.py:190} INFO - [2025-03-22T09:00:25.791+0000] {dagbag.py:588} INFO - Filling up the DagBag from /home/airflow/.local/lib/python3.12/site-packages/airflow/example_dags/example_branch_day_of_week_operator.py
[2025-03-22T09:00:25.800+0000] {processor.py:925} INFO - DAG(s) 'example_weekday_branch_operator' retrieved from /home/airflow/.local/lib/python3.12/site-packages/airflow/example_dags/example_branch_day_of_week_operator.py
[2025-03-22T09:00:25.820+0000] {logging_mixin.py:190} INFO - [2025-03-22T09:00:25.820+0000] {dag.py:3239} INFO - Sync 1 DAGs
[2025-03-22T09:00:25.844+0000] {logging_mixin.py:190} INFO - [2025-03-22T09:00:25.844+0000] {dag.py:4180} INFO - Setting next_dagrun for example_weekday_branch_operator to 2025-03-21 00:00:00+00:00, run_after=2025-03-22 00:00:00+00:00
[2025-03-22T09:00:25.861+0000] {processor.py:208} INFO - Processing /home/airflow/.local/lib/python3.12/site-packages/airflow/example_dags/example_branch_day_of_week_operator.py took 0.078 seconds
[2025-03-22T09:00:56.436+0000] {processor.py:186} INFO - Started process (PID=481) to work on /home/airflow/.local/lib/python3.12/site-packages/airflow/example_dags/example_branch_day_of_week_operator.py
[2025-03-22T09:00:56.437+0000] {processor.py:914} INFO - Processing file /home/airflow/.local/lib/python3.12/site-packages/airflow/example_dags/example_branch_day_of_week_operator.py for tasks to queue
[2025-03-22T09:00:56.439+0000] {logging_mixin.py:190} INFO - [2025-03-22T09:00:56.439+0000] {dagbag.py:588} INFO - Filling up the DagBag from /home/airflow/.local/lib/python3.12/site-packages/airflow/example_dags/example_branch_day_of_week_operator.py
[2025-03-22T09:00:56.448+0000] {processor.py:925} INFO - DAG(s) 'example_weekday_branch_operator' retrieved from /home/airflow/.local/lib/python3.12/site-packages/airflow/example_dags/example_branch_day_of_week_operator.py
[2025-03-22T09:00:56.470+0000] {logging_mixin.py:190} INFO - [2025-03-22T09:00:56.470+0000] {dag.py:3239} INFO - Sync 1 DAGs
[2025-03-22T09:00:56.494+0000] {logging_mixin.py:190} INFO - [2025-03-22T09:00:56.494+0000] {dag.py:4180} INFO - Setting next_dagrun for example_weekday_branch_operator to 2025-03-21 00:00:00+00:00, run_after=2025-03-22 00:00:00+00:00
[2025-03-22T09:00:56.515+0000] {processor.py:208} INFO - Processing /home/airflow/.local/lib/python3.12/site-packages/airflow/example_dags/example_branch_day_of_week_operator.py took 0.085 seconds
[2025-03-22T09:01:26.609+0000] {processor.py:186} INFO - Started process (PID=543) to work on /home/airflow/.local/lib/python3.12/site-packages/airflow/example_dags/example_branch_day_of_week_operator.py
[2025-03-22T09:01:26.610+0000] {processor.py:914} INFO - Processing file /home/airflow/.local/lib/python3.12/site-packages/airflow/example_dags/example_branch_day_of_week_operator.py for tasks to queue
[2025-03-22T09:01:26.613+0000] {logging_mixin.py:190} INFO - [2025-03-22T09:01:26.612+0000] {dagbag.py:588} INFO - Filling up the DagBag from /home/airflow/.local/lib/python3.12/site-packages/airflow/example_dags/example_branch_day_of_week_operator.py
[2025-03-22T09:01:26.622+0000] {processor.py:925} INFO - DAG(s) 'example_weekday_branch_operator' retrieved from /home/airflow/.local/lib/python3.12/site-packages/airflow/example_dags/example_branch_day_of_week_operator.py
[2025-03-22T09:01:26.644+0000] {logging_mixin.py:190} INFO - [2025-03-22T09:01:26.644+0000] {dag.py:3239} INFO - Sync 1 DAGs
[2025-03-22T09:01:26.668+0000] {logging_mixin.py:190} INFO - [2025-03-22T09:01:26.667+0000] {dag.py:4180} INFO - Setting next_dagrun for example_weekday_branch_operator to 2025-03-21 00:00:00+00:00, run_after=2025-03-22 00:00:00+00:00
[2025-03-22T09:01:26.686+0000] {processor.py:208} INFO - Processing /home/airflow/.local/lib/python3.12/site-packages/airflow/example_dags/example_branch_day_of_week_operator.py took 0.082 seconds
[2025-03-22T09:01:57.394+0000] {processor.py:186} INFO - Started process (PID=606) to work on /home/airflow/.local/lib/python3.12/site-packages/airflow/example_dags/example_branch_day_of_week_operator.py
[2025-03-22T09:01:57.395+0000] {processor.py:914} INFO - Processing file /home/airflow/.local/lib/python3.12/site-packages/airflow/example_dags/example_branch_day_of_week_operator.py for tasks to queue
[2025-03-22T09:01:57.398+0000] {logging_mixin.py:190} INFO - [2025-03-22T09:01:57.398+0000] {dagbag.py:588} INFO - Filling up the DagBag from /home/airflow/.local/lib/python3.12/site-packages/airflow/example_dags/example_branch_day_of_week_operator.py
[2025-03-22T09:01:57.408+0000] {processor.py:925} INFO - DAG(s) 'example_weekday_branch_operator' retrieved from /home/airflow/.local/lib/python3.12/site-packages/airflow/example_dags/example_branch_day_of_week_operator.py
[2025-03-22T09:01:57.433+0000] {logging_mixin.py:190} INFO - [2025-03-22T09:01:57.432+0000] {dag.py:3239} INFO - Sync 1 DAGs
[2025-03-22T09:01:57.461+0000] {logging_mixin.py:190} INFO - [2025-03-22T09:01:57.461+0000] {dag.py:4180} INFO - Setting next_dagrun for example_weekday_branch_operator to 2025-03-21 00:00:00+00:00, run_after=2025-03-22 00:00:00+00:00
[2025-03-22T09:01:57.483+0000] {processor.py:208} INFO - Processing /home/airflow/.local/lib/python3.12/site-packages/airflow/example_dags/example_branch_day_of_week_operator.py took 0.096 seconds
[2025-03-22T09:02:28.091+0000] {processor.py:186} INFO - Started process (PID=669) to work on /home/airflow/.local/lib/python3.12/site-packages/airflow/example_dags/example_branch_day_of_week_operator.py
[2025-03-22T09:02:28.093+0000] {processor.py:914} INFO - Processing file /home/airflow/.local/lib/python3.12/site-packages/airflow/example_dags/example_branch_day_of_week_operator.py for tasks to queue
[2025-03-22T09:02:28.096+0000] {logging_mixin.py:190} INFO - [2025-03-22T09:02:28.096+0000] {dagbag.py:588} INFO - Filling up the DagBag from /home/airflow/.local/lib/python3.12/site-packages/airflow/example_dags/example_branch_day_of_week_operator.py
[2025-03-22T09:02:28.109+0000] {processor.py:925} INFO - DAG(s) 'example_weekday_branch_operator' retrieved from /home/airflow/.local/lib/python3.12/site-packages/airflow/example_dags/example_branch_day_of_week_operator.py
[2025-03-22T09:02:28.134+0000] {logging_mixin.py:190} INFO - [2025-03-22T09:02:28.134+0000] {dag.py:3239} INFO - Sync 1 DAGs
[2025-03-22T09:02:28.161+0000] {logging_mixin.py:190} INFO - [2025-03-22T09:02:28.161+0000] {dag.py:4180} INFO - Setting next_dagrun for example_weekday_branch_operator to 2025-03-21 00:00:00+00:00, run_after=2025-03-22 00:00:00+00:00
[2025-03-22T09:02:28.185+0000] {processor.py:208} INFO - Processing /home/airflow/.local/lib/python3.12/site-packages/airflow/example_dags/example_branch_day_of_week_operator.py took 0.099 seconds
[2025-03-22T09:02:58.264+0000] {processor.py:186} INFO - Started process (PID=732) to work on /home/airflow/.local/lib/python3.12/site-packages/airflow/example_dags/example_branch_day_of_week_operator.py
[2025-03-22T09:02:58.265+0000] {processor.py:914} INFO - Processing file /home/airflow/.local/lib/python3.12/site-packages/airflow/example_dags/example_branch_day_of_week_operator.py for tasks to queue
[2025-03-22T09:02:58.268+0000] {logging_mixin.py:190} INFO - [2025-03-22T09:02:58.267+0000] {dagbag.py:588} INFO - Filling up the DagBag from /home/airflow/.local/lib/python3.12/site-packages/airflow/example_dags/example_branch_day_of_week_operator.py
[2025-03-22T09:02:58.279+0000] {processor.py:925} INFO - DAG(s) 'example_weekday_branch_operator' retrieved from /home/airflow/.local/lib/python3.12/site-packages/airflow/example_dags/example_branch_day_of_week_operator.py
[2025-03-22T09:02:58.299+0000] {logging_mixin.py:190} INFO - [2025-03-22T09:02:58.299+0000] {dag.py:3239} INFO - Sync 1 DAGs
[2025-03-22T09:02:58.329+0000] {logging_mixin.py:190} INFO - [2025-03-22T09:02:58.328+0000] {dag.py:4180} INFO - Setting next_dagrun for example_weekday_branch_operator to 2025-03-21 00:00:00+00:00, run_after=2025-03-22 00:00:00+00:00
[2025-03-22T09:02:58.353+0000] {processor.py:208} INFO - Processing /home/airflow/.local/lib/python3.12/site-packages/airflow/example_dags/example_branch_day_of_week_operator.py took 0.094 seconds
[2025-03-22T09:03:28.870+0000] {processor.py:186} INFO - Started process (PID=795) to work on /home/airflow/.local/lib/python3.12/site-packages/airflow/example_dags/example_branch_day_of_week_operator.py
[2025-03-22T09:03:28.871+0000] {processor.py:914} INFO - Processing file /home/airflow/.local/lib/python3.12/site-packages/airflow/example_dags/example_branch_day_of_week_operator.py for tasks to queue
[2025-03-22T09:03:28.874+0000] {logging_mixin.py:190} INFO - [2025-03-22T09:03:28.873+0000] {dagbag.py:588} INFO - Filling up the DagBag from /home/airflow/.local/lib/python3.12/site-packages/airflow/example_dags/example_branch_day_of_week_operator.py
[2025-03-22T09:03:28.883+0000] {processor.py:925} INFO - DAG(s) 'example_weekday_branch_operator' retrieved from /home/airflow/.local/lib/python3.12/site-packages/airflow/example_dags/example_branch_day_of_week_operator.py
[2025-03-22T09:03:28.901+0000] {logging_mixin.py:190} INFO - [2025-03-22T09:03:28.901+0000] {dag.py:3239} INFO - Sync 1 DAGs
[2025-03-22T09:03:28.924+0000] {logging_mixin.py:190} INFO - [2025-03-22T09:03:28.924+0000] {dag.py:4180} INFO - Setting next_dagrun for example_weekday_branch_operator to 2025-03-21 00:00:00+00:00, run_after=2025-03-22 00:00:00+00:00
[2025-03-22T09:03:28.941+0000] {processor.py:208} INFO - Processing /home/airflow/.local/lib/python3.12/site-packages/airflow/example_dags/example_branch_day_of_week_operator.py took 0.076 seconds
[2025-03-22T09:03:59.520+0000] {processor.py:186} INFO - Started process (PID=858) to work on /home/airflow/.local/lib/python3.12/site-packages/airflow/example_dags/example_branch_day_of_week_operator.py
[2025-03-22T09:03:59.521+0000] {processor.py:914} INFO - Processing file /home/airflow/.local/lib/python3.12/site-packages/airflow/example_dags/example_branch_day_of_week_operator.py for tasks to queue
[2025-03-22T09:03:59.525+0000] {logging_mixin.py:190} INFO - [2025-03-22T09:03:59.524+0000] {dagbag.py:588} INFO - Filling up the DagBag from /home/airflow/.local/lib/python3.12/site-packages/airflow/example_dags/example_branch_day_of_week_operator.py
[2025-03-22T09:03:59.536+0000] {processor.py:925} INFO - DAG(s) 'example_weekday_branch_operator' retrieved from /home/airflow/.local/lib/python3.12/site-packages/airflow/example_dags/example_branch_day_of_week_operator.py
[2025-03-22T09:03:59.564+0000] {logging_mixin.py:190} INFO - [2025-03-22T09:03:59.563+0000] {dag.py:3239} INFO - Sync 1 DAGs
[2025-03-22T09:03:59.598+0000] {logging_mixin.py:190} INFO - [2025-03-22T09:03:59.598+0000] {dag.py:4180} INFO - Setting next_dagrun for example_weekday_branch_operator to 2025-03-21 00:00:00+00:00, run_after=2025-03-22 00:00:00+00:00
[2025-03-22T09:03:59.627+0000] {processor.py:208} INFO - Processing /home/airflow/.local/lib/python3.12/site-packages/airflow/example_dags/example_branch_day_of_week_operator.py took 0.113 seconds
[2025-03-22T09:04:29.853+0000] {processor.py:186} INFO - Started process (PID=921) to work on /home/airflow/.local/lib/python3.12/site-packages/airflow/example_dags/example_branch_day_of_week_operator.py
[2025-03-22T09:04:29.854+0000] {processor.py:914} INFO - Processing file /home/airflow/.local/lib/python3.12/site-packages/airflow/example_dags/example_branch_day_of_week_operator.py for tasks to queue
[2025-03-22T09:04:29.857+0000] {logging_mixin.py:190} INFO - [2025-03-22T09:04:29.856+0000] {dagbag.py:588} INFO - Filling up the DagBag from /home/airflow/.local/lib/python3.12/site-packages/airflow/example_dags/example_branch_day_of_week_operator.py
[2025-03-22T09:04:29.865+0000] {processor.py:925} INFO - DAG(s) 'example_weekday_branch_operator' retrieved from /home/airflow/.local/lib/python3.12/site-packages/airflow/example_dags/example_branch_day_of_week_operator.py
[2025-03-22T09:04:29.886+0000] {logging_mixin.py:190} INFO - [2025-03-22T09:04:29.886+0000] {dag.py:3239} INFO - Sync 1 DAGs
[2025-03-22T09:04:29.912+0000] {logging_mixin.py:190} INFO - [2025-03-22T09:04:29.912+0000] {dag.py:4180} INFO - Setting next_dagrun for example_weekday_branch_operator to 2025-03-21 00:00:00+00:00, run_after=2025-03-22 00:00:00+00:00
[2025-03-22T09:04:29.931+0000] {processor.py:208} INFO - Processing /home/airflow/.local/lib/python3.12/site-packages/airflow/example_dags/example_branch_day_of_week_operator.py took 0.084 seconds
[2025-03-22T09:05:00.587+0000] {processor.py:186} INFO - Started process (PID=984) to work on /home/airflow/.local/lib/python3.12/site-packages/airflow/example_dags/example_branch_day_of_week_operator.py
[2025-03-22T09:05:00.588+0000] {processor.py:914} INFO - Processing file /home/airflow/.local/lib/python3.12/site-packages/airflow/example_dags/example_branch_day_of_week_operator.py for tasks to queue
[2025-03-22T09:05:00.590+0000] {logging_mixin.py:190} INFO - [2025-03-22T09:05:00.590+0000] {dagbag.py:588} INFO - Filling up the DagBag from /home/airflow/.local/lib/python3.12/site-packages/airflow/example_dags/example_branch_day_of_week_operator.py
[2025-03-22T09:05:00.602+0000] {processor.py:925} INFO - DAG(s) 'example_weekday_branch_operator' retrieved from /home/airflow/.local/lib/python3.12/site-packages/airflow/example_dags/example_branch_day_of_week_operator.py
[2025-03-22T09:05:00.623+0000] {logging_mixin.py:190} INFO - [2025-03-22T09:05:00.623+0000] {dag.py:3239} INFO - Sync 1 DAGs
[2025-03-22T09:05:00.650+0000] {logging_mixin.py:190} INFO - [2025-03-22T09:05:00.650+0000] {dag.py:4180} INFO - Setting next_dagrun for example_weekday_branch_operator to 2025-03-21 00:00:00+00:00, run_after=2025-03-22 00:00:00+00:00
[2025-03-22T09:05:00.672+0000] {processor.py:208} INFO - Processing /home/airflow/.local/lib/python3.12/site-packages/airflow/example_dags/example_branch_day_of_week_operator.py took 0.093 seconds
[2025-03-22T09:05:31.372+0000] {processor.py:186} INFO - Started process (PID=1047) to work on /home/airflow/.local/lib/python3.12/site-packages/airflow/example_dags/example_branch_day_of_week_operator.py
[2025-03-22T09:05:31.373+0000] {processor.py:914} INFO - Processing file /home/airflow/.local/lib/python3.12/site-packages/airflow/example_dags/example_branch_day_of_week_operator.py for tasks to queue
[2025-03-22T09:05:31.377+0000] {logging_mixin.py:190} INFO - [2025-03-22T09:05:31.376+0000] {dagbag.py:588} INFO - Filling up the DagBag from /home/airflow/.local/lib/python3.12/site-packages/airflow/example_dags/example_branch_day_of_week_operator.py
[2025-03-22T09:05:31.391+0000] {processor.py:925} INFO - DAG(s) 'example_weekday_branch_operator' retrieved from /home/airflow/.local/lib/python3.12/site-packages/airflow/example_dags/example_branch_day_of_week_operator.py
[2025-03-22T09:05:31.419+0000] {logging_mixin.py:190} INFO - [2025-03-22T09:05:31.418+0000] {dag.py:3239} INFO - Sync 1 DAGs
[2025-03-22T09:05:31.452+0000] {logging_mixin.py:190} INFO - [2025-03-22T09:05:31.451+0000] {dag.py:4180} INFO - Setting next_dagrun for example_weekday_branch_operator to 2025-03-21 00:00:00+00:00, run_after=2025-03-22 00:00:00+00:00
[2025-03-22T09:05:31.478+0000] {processor.py:208} INFO - Processing /home/airflow/.local/lib/python3.12/site-packages/airflow/example_dags/example_branch_day_of_week_operator.py took 0.113 seconds
[2025-03-22T09:06:01.540+0000] {processor.py:186} INFO - Started process (PID=1110) to work on /home/airflow/.local/lib/python3.12/site-packages/airflow/example_dags/example_branch_day_of_week_operator.py
[2025-03-22T09:06:01.541+0000] {processor.py:914} INFO - Processing file /home/airflow/.local/lib/python3.12/site-packages/airflow/example_dags/example_branch_day_of_week_operator.py for tasks to queue
[2025-03-22T09:06:01.545+0000] {logging_mixin.py:190} INFO - [2025-03-22T09:06:01.544+0000] {dagbag.py:588} INFO - Filling up the DagBag from /home/airflow/.local/lib/python3.12/site-packages/airflow/example_dags/example_branch_day_of_week_operator.py
[2025-03-22T09:06:01.556+0000] {processor.py:925} INFO - DAG(s) 'example_weekday_branch_operator' retrieved from /home/airflow/.local/lib/python3.12/site-packages/airflow/example_dags/example_branch_day_of_week_operator.py
[2025-03-22T09:06:01.582+0000] {logging_mixin.py:190} INFO - [2025-03-22T09:06:01.582+0000] {dag.py:3239} INFO - Sync 1 DAGs
[2025-03-22T09:06:01.613+0000] {logging_mixin.py:190} INFO - [2025-03-22T09:06:01.613+0000] {dag.py:4180} INFO - Setting next_dagrun for example_weekday_branch_operator to 2025-03-21 00:00:00+00:00, run_after=2025-03-22 00:00:00+00:00
[2025-03-22T09:06:01.636+0000] {processor.py:208} INFO - Processing /home/airflow/.local/lib/python3.12/site-packages/airflow/example_dags/example_branch_day_of_week_operator.py took 0.104 seconds
[2025-03-22T09:06:32.322+0000] {processor.py:186} INFO - Started process (PID=1173) to work on /home/airflow/.local/lib/python3.12/site-packages/airflow/example_dags/example_branch_day_of_week_operator.py
[2025-03-22T09:06:32.322+0000] {processor.py:914} INFO - Processing file /home/airflow/.local/lib/python3.12/site-packages/airflow/example_dags/example_branch_day_of_week_operator.py for tasks to queue
[2025-03-22T09:06:32.325+0000] {logging_mixin.py:190} INFO - [2025-03-22T09:06:32.325+0000] {dagbag.py:588} INFO - Filling up the DagBag from /home/airflow/.local/lib/python3.12/site-packages/airflow/example_dags/example_branch_day_of_week_operator.py
[2025-03-22T09:06:32.336+0000] {processor.py:925} INFO - DAG(s) 'example_weekday_branch_operator' retrieved from /home/airflow/.local/lib/python3.12/site-packages/airflow/example_dags/example_branch_day_of_week_operator.py
[2025-03-22T09:06:32.359+0000] {logging_mixin.py:190} INFO - [2025-03-22T09:06:32.359+0000] {dag.py:3239} INFO - Sync 1 DAGs
[2025-03-22T09:06:32.384+0000] {logging_mixin.py:190} INFO - [2025-03-22T09:06:32.383+0000] {dag.py:4180} INFO - Setting next_dagrun for example_weekday_branch_operator to 2025-03-21 00:00:00+00:00, run_after=2025-03-22 00:00:00+00:00
[2025-03-22T09:06:32.402+0000] {processor.py:208} INFO - Processing /home/airflow/.local/lib/python3.12/site-packages/airflow/example_dags/example_branch_day_of_week_operator.py took 0.086 seconds
[2025-03-22T09:07:02.673+0000] {processor.py:186} INFO - Started process (PID=1236) to work on /home/airflow/.local/lib/python3.12/site-packages/airflow/example_dags/example_branch_day_of_week_operator.py
[2025-03-22T09:07:02.674+0000] {processor.py:914} INFO - Processing file /home/airflow/.local/lib/python3.12/site-packages/airflow/example_dags/example_branch_day_of_week_operator.py for tasks to queue
[2025-03-22T09:07:02.678+0000] {logging_mixin.py:190} INFO - [2025-03-22T09:07:02.678+0000] {dagbag.py:588} INFO - Filling up the DagBag from /home/airflow/.local/lib/python3.12/site-packages/airflow/example_dags/example_branch_day_of_week_operator.py
[2025-03-22T09:07:02.691+0000] {processor.py:925} INFO - DAG(s) 'example_weekday_branch_operator' retrieved from /home/airflow/.local/lib/python3.12/site-packages/airflow/example_dags/example_branch_day_of_week_operator.py
[2025-03-22T09:07:02.726+0000] {logging_mixin.py:190} INFO - [2025-03-22T09:07:02.725+0000] {dag.py:3239} INFO - Sync 1 DAGs
[2025-03-22T09:07:02.761+0000] {logging_mixin.py:190} INFO - [2025-03-22T09:07:02.761+0000] {dag.py:4180} INFO - Setting next_dagrun for example_weekday_branch_operator to 2025-03-21 00:00:00+00:00, run_after=2025-03-22 00:00:00+00:00
[2025-03-22T09:07:02.783+0000] {processor.py:208} INFO - Processing /home/airflow/.local/lib/python3.12/site-packages/airflow/example_dags/example_branch_day_of_week_operator.py took 0.125 seconds
[2025-03-22T09:07:33.107+0000] {processor.py:186} INFO - Started process (PID=1299) to work on /home/airflow/.local/lib/python3.12/site-packages/airflow/example_dags/example_branch_day_of_week_operator.py
[2025-03-22T09:07:33.110+0000] {processor.py:914} INFO - Processing file /home/airflow/.local/lib/python3.12/site-packages/airflow/example_dags/example_branch_day_of_week_operator.py for tasks to queue
[2025-03-22T09:07:33.114+0000] {logging_mixin.py:190} INFO - [2025-03-22T09:07:33.113+0000] {dagbag.py:588} INFO - Filling up the DagBag from /home/airflow/.local/lib/python3.12/site-packages/airflow/example_dags/example_branch_day_of_week_operator.py
[2025-03-22T09:07:33.123+0000] {processor.py:925} INFO - DAG(s) 'example_weekday_branch_operator' retrieved from /home/airflow/.local/lib/python3.12/site-packages/airflow/example_dags/example_branch_day_of_week_operator.py
[2025-03-22T09:07:33.142+0000] {logging_mixin.py:190} INFO - [2025-03-22T09:07:33.142+0000] {dag.py:3239} INFO - Sync 1 DAGs
[2025-03-22T09:07:33.166+0000] {logging_mixin.py:190} INFO - [2025-03-22T09:07:33.166+0000] {dag.py:4180} INFO - Setting next_dagrun for example_weekday_branch_operator to 2025-03-21 00:00:00+00:00, run_after=2025-03-22 00:00:00+00:00
[2025-03-22T09:07:33.184+0000] {processor.py:208} INFO - Processing /home/airflow/.local/lib/python3.12/site-packages/airflow/example_dags/example_branch_day_of_week_operator.py took 0.091 seconds
[2025-03-22T09:08:03.522+0000] {processor.py:186} INFO - Started process (PID=1362) to work on /home/airflow/.local/lib/python3.12/site-packages/airflow/example_dags/example_branch_day_of_week_operator.py
[2025-03-22T09:08:03.524+0000] {processor.py:914} INFO - Processing file /home/airflow/.local/lib/python3.12/site-packages/airflow/example_dags/example_branch_day_of_week_operator.py for tasks to queue
[2025-03-22T09:08:03.528+0000] {logging_mixin.py:190} INFO - [2025-03-22T09:08:03.527+0000] {dagbag.py:588} INFO - Filling up the DagBag from /home/airflow/.local/lib/python3.12/site-packages/airflow/example_dags/example_branch_day_of_week_operator.py
[2025-03-22T09:08:03.544+0000] {processor.py:925} INFO - DAG(s) 'example_weekday_branch_operator' retrieved from /home/airflow/.local/lib/python3.12/site-packages/airflow/example_dags/example_branch_day_of_week_operator.py
[2025-03-22T09:08:03.585+0000] {logging_mixin.py:190} INFO - [2025-03-22T09:08:03.585+0000] {dag.py:3239} INFO - Sync 1 DAGs
[2025-03-22T09:08:03.627+0000] {logging_mixin.py:190} INFO - [2025-03-22T09:08:03.627+0000] {dag.py:4180} INFO - Setting next_dagrun for example_weekday_branch_operator to 2025-03-21 00:00:00+00:00, run_after=2025-03-22 00:00:00+00:00
[2025-03-22T09:08:03.655+0000] {processor.py:208} INFO - Processing /home/airflow/.local/lib/python3.12/site-packages/airflow/example_dags/example_branch_day_of_week_operator.py took 0.141 seconds
[2025-03-22T09:08:33.964+0000] {processor.py:186} INFO - Started process (PID=1425) to work on /home/airflow/.local/lib/python3.12/site-packages/airflow/example_dags/example_branch_day_of_week_operator.py
[2025-03-22T09:08:33.965+0000] {processor.py:914} INFO - Processing file /home/airflow/.local/lib/python3.12/site-packages/airflow/example_dags/example_branch_day_of_week_operator.py for tasks to queue
[2025-03-22T09:08:33.968+0000] {logging_mixin.py:190} INFO - [2025-03-22T09:08:33.967+0000] {dagbag.py:588} INFO - Filling up the DagBag from /home/airflow/.local/lib/python3.12/site-packages/airflow/example_dags/example_branch_day_of_week_operator.py
[2025-03-22T09:08:33.978+0000] {processor.py:925} INFO - DAG(s) 'example_weekday_branch_operator' retrieved from /home/airflow/.local/lib/python3.12/site-packages/airflow/example_dags/example_branch_day_of_week_operator.py
[2025-03-22T09:08:33.999+0000] {logging_mixin.py:190} INFO - [2025-03-22T09:08:33.999+0000] {dag.py:3239} INFO - Sync 1 DAGs
[2025-03-22T09:08:34.025+0000] {logging_mixin.py:190} INFO - [2025-03-22T09:08:34.025+0000] {dag.py:4180} INFO - Setting next_dagrun for example_weekday_branch_operator to 2025-03-21 00:00:00+00:00, run_after=2025-03-22 00:00:00+00:00
[2025-03-22T09:08:34.044+0000] {processor.py:208} INFO - Processing /home/airflow/.local/lib/python3.12/site-packages/airflow/example_dags/example_branch_day_of_week_operator.py took 0.086 seconds
[2025-03-22T09:09:04.738+0000] {processor.py:186} INFO - Started process (PID=1488) to work on /home/airflow/.local/lib/python3.12/site-packages/airflow/example_dags/example_branch_day_of_week_operator.py
[2025-03-22T09:09:04.739+0000] {processor.py:914} INFO - Processing file /home/airflow/.local/lib/python3.12/site-packages/airflow/example_dags/example_branch_day_of_week_operator.py for tasks to queue
[2025-03-22T09:09:04.743+0000] {logging_mixin.py:190} INFO - [2025-03-22T09:09:04.742+0000] {dagbag.py:588} INFO - Filling up the DagBag from /home/airflow/.local/lib/python3.12/site-packages/airflow/example_dags/example_branch_day_of_week_operator.py
[2025-03-22T09:09:04.753+0000] {processor.py:925} INFO - DAG(s) 'example_weekday_branch_operator' retrieved from /home/airflow/.local/lib/python3.12/site-packages/airflow/example_dags/example_branch_day_of_week_operator.py
[2025-03-22T09:09:04.774+0000] {logging_mixin.py:190} INFO - [2025-03-22T09:09:04.774+0000] {dag.py:3239} INFO - Sync 1 DAGs
[2025-03-22T09:09:04.809+0000] {logging_mixin.py:190} INFO - [2025-03-22T09:09:04.809+0000] {dag.py:4180} INFO - Setting next_dagrun for example_weekday_branch_operator to 2025-03-21 00:00:00+00:00, run_after=2025-03-22 00:00:00+00:00
[2025-03-22T09:09:04.833+0000] {processor.py:208} INFO - Processing /home/airflow/.local/lib/python3.12/site-packages/airflow/example_dags/example_branch_day_of_week_operator.py took 0.101 seconds
[2025-03-22T09:09:35.026+0000] {processor.py:186} INFO - Started process (PID=1551) to work on /home/airflow/.local/lib/python3.12/site-packages/airflow/example_dags/example_branch_day_of_week_operator.py
[2025-03-22T09:09:35.027+0000] {processor.py:914} INFO - Processing file /home/airflow/.local/lib/python3.12/site-packages/airflow/example_dags/example_branch_day_of_week_operator.py for tasks to queue
[2025-03-22T09:09:35.029+0000] {logging_mixin.py:190} INFO - [2025-03-22T09:09:35.029+0000] {dagbag.py:588} INFO - Filling up the DagBag from /home/airflow/.local/lib/python3.12/site-packages/airflow/example_dags/example_branch_day_of_week_operator.py
[2025-03-22T09:09:35.038+0000] {processor.py:925} INFO - DAG(s) 'example_weekday_branch_operator' retrieved from /home/airflow/.local/lib/python3.12/site-packages/airflow/example_dags/example_branch_day_of_week_operator.py
[2025-03-22T09:09:35.057+0000] {logging_mixin.py:190} INFO - [2025-03-22T09:09:35.057+0000] {dag.py:3239} INFO - Sync 1 DAGs
[2025-03-22T09:09:35.080+0000] {logging_mixin.py:190} INFO - [2025-03-22T09:09:35.079+0000] {dag.py:4180} INFO - Setting next_dagrun for example_weekday_branch_operator to 2025-03-21 00:00:00+00:00, run_after=2025-03-22 00:00:00+00:00
[2025-03-22T09:09:35.098+0000] {processor.py:208} INFO - Processing /home/airflow/.local/lib/python3.12/site-packages/airflow/example_dags/example_branch_day_of_week_operator.py took 0.077 seconds
[2025-03-22T09:10:05.362+0000] {processor.py:186} INFO - Started process (PID=1614) to work on /home/airflow/.local/lib/python3.12/site-packages/airflow/example_dags/example_branch_day_of_week_operator.py
[2025-03-22T09:10:05.363+0000] {processor.py:914} INFO - Processing file /home/airflow/.local/lib/python3.12/site-packages/airflow/example_dags/example_branch_day_of_week_operator.py for tasks to queue
[2025-03-22T09:10:05.365+0000] {logging_mixin.py:190} INFO - [2025-03-22T09:10:05.365+0000] {dagbag.py:588} INFO - Filling up the DagBag from /home/airflow/.local/lib/python3.12/site-packages/airflow/example_dags/example_branch_day_of_week_operator.py
[2025-03-22T09:10:05.374+0000] {processor.py:925} INFO - DAG(s) 'example_weekday_branch_operator' retrieved from /home/airflow/.local/lib/python3.12/site-packages/airflow/example_dags/example_branch_day_of_week_operator.py
[2025-03-22T09:10:05.401+0000] {logging_mixin.py:190} INFO - [2025-03-22T09:10:05.400+0000] {dag.py:3239} INFO - Sync 1 DAGs
[2025-03-22T09:10:05.434+0000] {logging_mixin.py:190} INFO - [2025-03-22T09:10:05.434+0000] {dag.py:4180} INFO - Setting next_dagrun for example_weekday_branch_operator to 2025-03-21 00:00:00+00:00, run_after=2025-03-22 00:00:00+00:00
[2025-03-22T09:10:05.456+0000] {processor.py:208} INFO - Processing /home/airflow/.local/lib/python3.12/site-packages/airflow/example_dags/example_branch_day_of_week_operator.py took 0.099 seconds
[2025-03-22T09:10:35.877+0000] {processor.py:186} INFO - Started process (PID=1677) to work on /home/airflow/.local/lib/python3.12/site-packages/airflow/example_dags/example_branch_day_of_week_operator.py
[2025-03-22T09:10:35.878+0000] {processor.py:914} INFO - Processing file /home/airflow/.local/lib/python3.12/site-packages/airflow/example_dags/example_branch_day_of_week_operator.py for tasks to queue
[2025-03-22T09:10:35.881+0000] {logging_mixin.py:190} INFO - [2025-03-22T09:10:35.880+0000] {dagbag.py:588} INFO - Filling up the DagBag from /home/airflow/.local/lib/python3.12/site-packages/airflow/example_dags/example_branch_day_of_week_operator.py
[2025-03-22T09:10:35.898+0000] {processor.py:925} INFO - DAG(s) 'example_weekday_branch_operator' retrieved from /home/airflow/.local/lib/python3.12/site-packages/airflow/example_dags/example_branch_day_of_week_operator.py
[2025-03-22T09:10:35.928+0000] {logging_mixin.py:190} INFO - [2025-03-22T09:10:35.927+0000] {dag.py:3239} INFO - Sync 1 DAGs
[2025-03-22T09:10:35.969+0000] {logging_mixin.py:190} INFO - [2025-03-22T09:10:35.969+0000] {dag.py:4180} INFO - Setting next_dagrun for example_weekday_branch_operator to 2025-03-21 00:00:00+00:00, run_after=2025-03-22 00:00:00+00:00
[2025-03-22T09:10:35.993+0000] {processor.py:208} INFO - Processing /home/airflow/.local/lib/python3.12/site-packages/airflow/example_dags/example_branch_day_of_week_operator.py took 0.123 seconds
[2025-03-22T09:11:06.339+0000] {processor.py:186} INFO - Started process (PID=1740) to work on /home/airflow/.local/lib/python3.12/site-packages/airflow/example_dags/example_branch_day_of_week_operator.py
[2025-03-22T09:11:06.340+0000] {processor.py:914} INFO - Processing file /home/airflow/.local/lib/python3.12/site-packages/airflow/example_dags/example_branch_day_of_week_operator.py for tasks to queue
[2025-03-22T09:11:06.343+0000] {logging_mixin.py:190} INFO - [2025-03-22T09:11:06.343+0000] {dagbag.py:588} INFO - Filling up the DagBag from /home/airflow/.local/lib/python3.12/site-packages/airflow/example_dags/example_branch_day_of_week_operator.py
[2025-03-22T09:11:06.353+0000] {processor.py:925} INFO - DAG(s) 'example_weekday_branch_operator' retrieved from /home/airflow/.local/lib/python3.12/site-packages/airflow/example_dags/example_branch_day_of_week_operator.py
[2025-03-22T09:11:06.377+0000] {logging_mixin.py:190} INFO - [2025-03-22T09:11:06.377+0000] {dag.py:3239} INFO - Sync 1 DAGs
[2025-03-22T09:11:06.408+0000] {logging_mixin.py:190} INFO - [2025-03-22T09:11:06.408+0000] {dag.py:4180} INFO - Setting next_dagrun for example_weekday_branch_operator to 2025-03-21 00:00:00+00:00, run_after=2025-03-22 00:00:00+00:00
[2025-03-22T09:11:06.431+0000] {processor.py:208} INFO - Processing /home/airflow/.local/lib/python3.12/site-packages/airflow/example_dags/example_branch_day_of_week_operator.py took 0.097 seconds
[2025-03-22T09:11:37.011+0000] {processor.py:186} INFO - Started process (PID=1803) to work on /home/airflow/.local/lib/python3.12/site-packages/airflow/example_dags/example_branch_day_of_week_operator.py
[2025-03-22T09:11:37.012+0000] {processor.py:914} INFO - Processing file /home/airflow/.local/lib/python3.12/site-packages/airflow/example_dags/example_branch_day_of_week_operator.py for tasks to queue
[2025-03-22T09:11:37.015+0000] {logging_mixin.py:190} INFO - [2025-03-22T09:11:37.015+0000] {dagbag.py:588} INFO - Filling up the DagBag from /home/airflow/.local/lib/python3.12/site-packages/airflow/example_dags/example_branch_day_of_week_operator.py
[2025-03-22T09:11:37.026+0000] {processor.py:925} INFO - DAG(s) 'example_weekday_branch_operator' retrieved from /home/airflow/.local/lib/python3.12/site-packages/airflow/example_dags/example_branch_day_of_week_operator.py
[2025-03-22T09:11:37.049+0000] {logging_mixin.py:190} INFO - [2025-03-22T09:11:37.048+0000] {dag.py:3239} INFO - Sync 1 DAGs
[2025-03-22T09:11:37.077+0000] {logging_mixin.py:190} INFO - [2025-03-22T09:11:37.077+0000] {dag.py:4180} INFO - Setting next_dagrun for example_weekday_branch_operator to 2025-03-21 00:00:00+00:00, run_after=2025-03-22 00:00:00+00:00
[2025-03-22T09:11:37.097+0000] {processor.py:208} INFO - Processing /home/airflow/.local/lib/python3.12/site-packages/airflow/example_dags/example_branch_day_of_week_operator.py took 0.094 seconds
[2025-03-22T09:12:07.356+0000] {processor.py:186} INFO - Started process (PID=1866) to work on /home/airflow/.local/lib/python3.12/site-packages/airflow/example_dags/example_branch_day_of_week_operator.py
[2025-03-22T09:12:07.357+0000] {processor.py:914} INFO - Processing file /home/airflow/.local/lib/python3.12/site-packages/airflow/example_dags/example_branch_day_of_week_operator.py for tasks to queue
[2025-03-22T09:12:07.360+0000] {logging_mixin.py:190} INFO - [2025-03-22T09:12:07.360+0000] {dagbag.py:588} INFO - Filling up the DagBag from /home/airflow/.local/lib/python3.12/site-packages/airflow/example_dags/example_branch_day_of_week_operator.py
[2025-03-22T09:12:07.368+0000] {processor.py:925} INFO - DAG(s) 'example_weekday_branch_operator' retrieved from /home/airflow/.local/lib/python3.12/site-packages/airflow/example_dags/example_branch_day_of_week_operator.py
[2025-03-22T09:12:07.389+0000] {logging_mixin.py:190} INFO - [2025-03-22T09:12:07.388+0000] {dag.py:3239} INFO - Sync 1 DAGs
[2025-03-22T09:12:07.418+0000] {logging_mixin.py:190} INFO - [2025-03-22T09:12:07.418+0000] {dag.py:4180} INFO - Setting next_dagrun for example_weekday_branch_operator to 2025-03-21 00:00:00+00:00, run_after=2025-03-22 00:00:00+00:00
[2025-03-22T09:12:07.436+0000] {processor.py:208} INFO - Processing /home/airflow/.local/lib/python3.12/site-packages/airflow/example_dags/example_branch_day_of_week_operator.py took 0.085 seconds
[2025-03-22T09:12:38.385+0000] {processor.py:186} INFO - Started process (PID=1929) to work on /home/airflow/.local/lib/python3.12/site-packages/airflow/example_dags/example_branch_day_of_week_operator.py
[2025-03-22T09:12:38.386+0000] {processor.py:914} INFO - Processing file /home/airflow/.local/lib/python3.12/site-packages/airflow/example_dags/example_branch_day_of_week_operator.py for tasks to queue
[2025-03-22T09:12:38.388+0000] {logging_mixin.py:190} INFO - [2025-03-22T09:12:38.388+0000] {dagbag.py:588} INFO - Filling up the DagBag from /home/airflow/.local/lib/python3.12/site-packages/airflow/example_dags/example_branch_day_of_week_operator.py
[2025-03-22T09:12:38.398+0000] {processor.py:925} INFO - DAG(s) 'example_weekday_branch_operator' retrieved from /home/airflow/.local/lib/python3.12/site-packages/airflow/example_dags/example_branch_day_of_week_operator.py
[2025-03-22T09:12:38.418+0000] {logging_mixin.py:190} INFO - [2025-03-22T09:12:38.418+0000] {dag.py:3239} INFO - Sync 1 DAGs
[2025-03-22T09:12:38.446+0000] {logging_mixin.py:190} INFO - [2025-03-22T09:12:38.446+0000] {dag.py:4180} INFO - Setting next_dagrun for example_weekday_branch_operator to 2025-03-21 00:00:00+00:00, run_after=2025-03-22 00:00:00+00:00
[2025-03-22T09:12:38.476+0000] {processor.py:208} INFO - Processing /home/airflow/.local/lib/python3.12/site-packages/airflow/example_dags/example_branch_day_of_week_operator.py took 0.098 seconds
[2025-03-22T09:13:09.109+0000] {processor.py:186} INFO - Started process (PID=1992) to work on /home/airflow/.local/lib/python3.12/site-packages/airflow/example_dags/example_branch_day_of_week_operator.py
[2025-03-22T09:13:09.109+0000] {processor.py:914} INFO - Processing file /home/airflow/.local/lib/python3.12/site-packages/airflow/example_dags/example_branch_day_of_week_operator.py for tasks to queue
[2025-03-22T09:13:09.111+0000] {logging_mixin.py:190} INFO - [2025-03-22T09:13:09.111+0000] {dagbag.py:588} INFO - Filling up the DagBag from /home/airflow/.local/lib/python3.12/site-packages/airflow/example_dags/example_branch_day_of_week_operator.py
[2025-03-22T09:13:09.120+0000] {processor.py:925} INFO - DAG(s) 'example_weekday_branch_operator' retrieved from /home/airflow/.local/lib/python3.12/site-packages/airflow/example_dags/example_branch_day_of_week_operator.py
[2025-03-22T09:13:09.138+0000] {logging_mixin.py:190} INFO - [2025-03-22T09:13:09.137+0000] {dag.py:3239} INFO - Sync 1 DAGs
[2025-03-22T09:13:09.160+0000] {logging_mixin.py:190} INFO - [2025-03-22T09:13:09.160+0000] {dag.py:4180} INFO - Setting next_dagrun for example_weekday_branch_operator to 2025-03-21 00:00:00+00:00, run_after=2025-03-22 00:00:00+00:00
[2025-03-22T09:13:09.179+0000] {processor.py:208} INFO - Processing /home/airflow/.local/lib/python3.12/site-packages/airflow/example_dags/example_branch_day_of_week_operator.py took 0.075 seconds
[2025-03-22T09:13:39.755+0000] {processor.py:186} INFO - Started process (PID=2055) to work on /home/airflow/.local/lib/python3.12/site-packages/airflow/example_dags/example_branch_day_of_week_operator.py
[2025-03-22T09:13:39.757+0000] {processor.py:914} INFO - Processing file /home/airflow/.local/lib/python3.12/site-packages/airflow/example_dags/example_branch_day_of_week_operator.py for tasks to queue
[2025-03-22T09:13:39.760+0000] {logging_mixin.py:190} INFO - [2025-03-22T09:13:39.760+0000] {dagbag.py:588} INFO - Filling up the DagBag from /home/airflow/.local/lib/python3.12/site-packages/airflow/example_dags/example_branch_day_of_week_operator.py
[2025-03-22T09:13:39.770+0000] {processor.py:925} INFO - DAG(s) 'example_weekday_branch_operator' retrieved from /home/airflow/.local/lib/python3.12/site-packages/airflow/example_dags/example_branch_day_of_week_operator.py
[2025-03-22T09:13:39.789+0000] {logging_mixin.py:190} INFO - [2025-03-22T09:13:39.788+0000] {dag.py:3239} INFO - Sync 1 DAGs
[2025-03-22T09:13:39.812+0000] {logging_mixin.py:190} INFO - [2025-03-22T09:13:39.812+0000] {dag.py:4180} INFO - Setting next_dagrun for example_weekday_branch_operator to 2025-03-21 00:00:00+00:00, run_after=2025-03-22 00:00:00+00:00
[2025-03-22T09:13:39.831+0000] {processor.py:208} INFO - Processing /home/airflow/.local/lib/python3.12/site-packages/airflow/example_dags/example_branch_day_of_week_operator.py took 0.082 seconds
[2025-03-22T09:14:10.174+0000] {processor.py:186} INFO - Started process (PID=2118) to work on /home/airflow/.local/lib/python3.12/site-packages/airflow/example_dags/example_branch_day_of_week_operator.py
[2025-03-22T09:14:10.175+0000] {processor.py:914} INFO - Processing file /home/airflow/.local/lib/python3.12/site-packages/airflow/example_dags/example_branch_day_of_week_operator.py for tasks to queue
[2025-03-22T09:14:10.178+0000] {logging_mixin.py:190} INFO - [2025-03-22T09:14:10.177+0000] {dagbag.py:588} INFO - Filling up the DagBag from /home/airflow/.local/lib/python3.12/site-packages/airflow/example_dags/example_branch_day_of_week_operator.py
[2025-03-22T09:14:10.186+0000] {processor.py:925} INFO - DAG(s) 'example_weekday_branch_operator' retrieved from /home/airflow/.local/lib/python3.12/site-packages/airflow/example_dags/example_branch_day_of_week_operator.py
[2025-03-22T09:14:10.204+0000] {logging_mixin.py:190} INFO - [2025-03-22T09:14:10.204+0000] {dag.py:3239} INFO - Sync 1 DAGs
[2025-03-22T09:14:10.227+0000] {logging_mixin.py:190} INFO - [2025-03-22T09:14:10.226+0000] {dag.py:4180} INFO - Setting next_dagrun for example_weekday_branch_operator to 2025-03-21 00:00:00+00:00, run_after=2025-03-22 00:00:00+00:00
[2025-03-22T09:14:10.244+0000] {processor.py:208} INFO - Processing /home/airflow/.local/lib/python3.12/site-packages/airflow/example_dags/example_branch_day_of_week_operator.py took 0.075 seconds
[2025-03-22T09:14:40.285+0000] {processor.py:186} INFO - Started process (PID=2181) to work on /home/airflow/.local/lib/python3.12/site-packages/airflow/example_dags/example_branch_day_of_week_operator.py
[2025-03-22T09:14:40.285+0000] {processor.py:914} INFO - Processing file /home/airflow/.local/lib/python3.12/site-packages/airflow/example_dags/example_branch_day_of_week_operator.py for tasks to queue
[2025-03-22T09:14:40.287+0000] {logging_mixin.py:190} INFO - [2025-03-22T09:14:40.287+0000] {dagbag.py:588} INFO - Filling up the DagBag from /home/airflow/.local/lib/python3.12/site-packages/airflow/example_dags/example_branch_day_of_week_operator.py
[2025-03-22T09:14:40.296+0000] {processor.py:925} INFO - DAG(s) 'example_weekday_branch_operator' retrieved from /home/airflow/.local/lib/python3.12/site-packages/airflow/example_dags/example_branch_day_of_week_operator.py
[2025-03-22T09:14:40.314+0000] {logging_mixin.py:190} INFO - [2025-03-22T09:14:40.314+0000] {dag.py:3239} INFO - Sync 1 DAGs
[2025-03-22T09:14:40.337+0000] {logging_mixin.py:190} INFO - [2025-03-22T09:14:40.337+0000] {dag.py:4180} INFO - Setting next_dagrun for example_weekday_branch_operator to 2025-03-21 00:00:00+00:00, run_after=2025-03-22 00:00:00+00:00
[2025-03-22T09:14:40.359+0000] {processor.py:208} INFO - Processing /home/airflow/.local/lib/python3.12/site-packages/airflow/example_dags/example_branch_day_of_week_operator.py took 0.079 seconds
[2025-03-22T09:15:11.752+0000] {processor.py:186} INFO - Started process (PID=2243) to work on /home/airflow/.local/lib/python3.12/site-packages/airflow/example_dags/example_branch_day_of_week_operator.py
[2025-03-22T09:15:11.753+0000] {processor.py:914} INFO - Processing file /home/airflow/.local/lib/python3.12/site-packages/airflow/example_dags/example_branch_day_of_week_operator.py for tasks to queue
[2025-03-22T09:15:11.756+0000] {logging_mixin.py:190} INFO - [2025-03-22T09:15:11.756+0000] {dagbag.py:588} INFO - Filling up the DagBag from /home/airflow/.local/lib/python3.12/site-packages/airflow/example_dags/example_branch_day_of_week_operator.py
[2025-03-22T09:15:11.771+0000] {processor.py:925} INFO - DAG(s) 'example_weekday_branch_operator' retrieved from /home/airflow/.local/lib/python3.12/site-packages/airflow/example_dags/example_branch_day_of_week_operator.py
[2025-03-22T09:15:11.810+0000] {logging_mixin.py:190} INFO - [2025-03-22T09:15:11.810+0000] {dag.py:3239} INFO - Sync 1 DAGs
[2025-03-22T09:15:11.849+0000] {logging_mixin.py:190} INFO - [2025-03-22T09:15:11.848+0000] {dag.py:4180} INFO - Setting next_dagrun for example_weekday_branch_operator to 2025-03-21 00:00:00+00:00, run_after=2025-03-22 00:00:00+00:00
[2025-03-22T09:15:11.874+0000] {processor.py:208} INFO - Processing /home/airflow/.local/lib/python3.12/site-packages/airflow/example_dags/example_branch_day_of_week_operator.py took 0.129 seconds
[2025-03-22T09:15:42.789+0000] {processor.py:186} INFO - Started process (PID=2306) to work on /home/airflow/.local/lib/python3.12/site-packages/airflow/example_dags/example_branch_day_of_week_operator.py
[2025-03-22T09:15:42.790+0000] {processor.py:914} INFO - Processing file /home/airflow/.local/lib/python3.12/site-packages/airflow/example_dags/example_branch_day_of_week_operator.py for tasks to queue
[2025-03-22T09:15:42.793+0000] {logging_mixin.py:190} INFO - [2025-03-22T09:15:42.792+0000] {dagbag.py:588} INFO - Filling up the DagBag from /home/airflow/.local/lib/python3.12/site-packages/airflow/example_dags/example_branch_day_of_week_operator.py
[2025-03-22T09:15:42.803+0000] {processor.py:925} INFO - DAG(s) 'example_weekday_branch_operator' retrieved from /home/airflow/.local/lib/python3.12/site-packages/airflow/example_dags/example_branch_day_of_week_operator.py
[2025-03-22T09:15:42.829+0000] {logging_mixin.py:190} INFO - [2025-03-22T09:15:42.828+0000] {dag.py:3239} INFO - Sync 1 DAGs
[2025-03-22T09:15:42.860+0000] {logging_mixin.py:190} INFO - [2025-03-22T09:15:42.860+0000] {dag.py:4180} INFO - Setting next_dagrun for example_weekday_branch_operator to 2025-03-21 00:00:00+00:00, run_after=2025-03-22 00:00:00+00:00
[2025-03-22T09:15:42.883+0000] {processor.py:208} INFO - Processing /home/airflow/.local/lib/python3.12/site-packages/airflow/example_dags/example_branch_day_of_week_operator.py took 0.102 seconds
[2025-03-22T09:16:14.638+0000] {processor.py:186} INFO - Started process (PID=2369) to work on /home/airflow/.local/lib/python3.12/site-packages/airflow/example_dags/example_branch_day_of_week_operator.py
[2025-03-22T09:16:14.639+0000] {processor.py:914} INFO - Processing file /home/airflow/.local/lib/python3.12/site-packages/airflow/example_dags/example_branch_day_of_week_operator.py for tasks to queue
[2025-03-22T09:16:14.641+0000] {logging_mixin.py:190} INFO - [2025-03-22T09:16:14.641+0000] {dagbag.py:588} INFO - Filling up the DagBag from /home/airflow/.local/lib/python3.12/site-packages/airflow/example_dags/example_branch_day_of_week_operator.py
[2025-03-22T09:16:14.650+0000] {processor.py:925} INFO - DAG(s) 'example_weekday_branch_operator' retrieved from /home/airflow/.local/lib/python3.12/site-packages/airflow/example_dags/example_branch_day_of_week_operator.py
[2025-03-22T09:16:14.674+0000] {logging_mixin.py:190} INFO - [2025-03-22T09:16:14.673+0000] {dag.py:3239} INFO - Sync 1 DAGs
[2025-03-22T09:16:14.705+0000] {logging_mixin.py:190} INFO - [2025-03-22T09:16:14.704+0000] {dag.py:4180} INFO - Setting next_dagrun for example_weekday_branch_operator to 2025-03-21 00:00:00+00:00, run_after=2025-03-22 00:00:00+00:00
[2025-03-22T09:16:14.727+0000] {processor.py:208} INFO - Processing /home/airflow/.local/lib/python3.12/site-packages/airflow/example_dags/example_branch_day_of_week_operator.py took 0.094 seconds
[2025-03-22T09:16:45.442+0000] {processor.py:186} INFO - Started process (PID=2431) to work on /home/airflow/.local/lib/python3.12/site-packages/airflow/example_dags/example_branch_day_of_week_operator.py
[2025-03-22T09:16:45.443+0000] {processor.py:914} INFO - Processing file /home/airflow/.local/lib/python3.12/site-packages/airflow/example_dags/example_branch_day_of_week_operator.py for tasks to queue
[2025-03-22T09:16:45.446+0000] {logging_mixin.py:190} INFO - [2025-03-22T09:16:45.445+0000] {dagbag.py:588} INFO - Filling up the DagBag from /home/airflow/.local/lib/python3.12/site-packages/airflow/example_dags/example_branch_day_of_week_operator.py
[2025-03-22T09:16:45.457+0000] {processor.py:925} INFO - DAG(s) 'example_weekday_branch_operator' retrieved from /home/airflow/.local/lib/python3.12/site-packages/airflow/example_dags/example_branch_day_of_week_operator.py
[2025-03-22T09:16:45.477+0000] {logging_mixin.py:190} INFO - [2025-03-22T09:16:45.477+0000] {dag.py:3239} INFO - Sync 1 DAGs
[2025-03-22T09:16:45.504+0000] {logging_mixin.py:190} INFO - [2025-03-22T09:16:45.504+0000] {dag.py:4180} INFO - Setting next_dagrun for example_weekday_branch_operator to 2025-03-21 00:00:00+00:00, run_after=2025-03-22 00:00:00+00:00
[2025-03-22T09:16:45.523+0000] {processor.py:208} INFO - Processing /home/airflow/.local/lib/python3.12/site-packages/airflow/example_dags/example_branch_day_of_week_operator.py took 0.087 seconds
[2025-03-22T09:17:15.988+0000] {processor.py:186} INFO - Started process (PID=2494) to work on /home/airflow/.local/lib/python3.12/site-packages/airflow/example_dags/example_branch_day_of_week_operator.py
[2025-03-22T09:17:15.989+0000] {processor.py:914} INFO - Processing file /home/airflow/.local/lib/python3.12/site-packages/airflow/example_dags/example_branch_day_of_week_operator.py for tasks to queue
[2025-03-22T09:17:15.991+0000] {logging_mixin.py:190} INFO - [2025-03-22T09:17:15.991+0000] {dagbag.py:588} INFO - Filling up the DagBag from /home/airflow/.local/lib/python3.12/site-packages/airflow/example_dags/example_branch_day_of_week_operator.py
[2025-03-22T09:17:16.001+0000] {processor.py:925} INFO - DAG(s) 'example_weekday_branch_operator' retrieved from /home/airflow/.local/lib/python3.12/site-packages/airflow/example_dags/example_branch_day_of_week_operator.py
[2025-03-22T09:17:16.021+0000] {logging_mixin.py:190} INFO - [2025-03-22T09:17:16.021+0000] {dag.py:3239} INFO - Sync 1 DAGs
[2025-03-22T09:17:16.047+0000] {logging_mixin.py:190} INFO - [2025-03-22T09:17:16.047+0000] {dag.py:4180} INFO - Setting next_dagrun for example_weekday_branch_operator to 2025-03-21 00:00:00+00:00, run_after=2025-03-22 00:00:00+00:00
[2025-03-22T09:17:16.066+0000] {processor.py:208} INFO - Processing /home/airflow/.local/lib/python3.12/site-packages/airflow/example_dags/example_branch_day_of_week_operator.py took 0.084 seconds
[2025-03-22T09:17:46.385+0000] {processor.py:186} INFO - Started process (PID=2556) to work on /home/airflow/.local/lib/python3.12/site-packages/airflow/example_dags/example_branch_day_of_week_operator.py
[2025-03-22T09:17:46.386+0000] {processor.py:914} INFO - Processing file /home/airflow/.local/lib/python3.12/site-packages/airflow/example_dags/example_branch_day_of_week_operator.py for tasks to queue
[2025-03-22T09:17:46.388+0000] {logging_mixin.py:190} INFO - [2025-03-22T09:17:46.388+0000] {dagbag.py:588} INFO - Filling up the DagBag from /home/airflow/.local/lib/python3.12/site-packages/airflow/example_dags/example_branch_day_of_week_operator.py
[2025-03-22T09:17:46.404+0000] {processor.py:925} INFO - DAG(s) 'example_weekday_branch_operator' retrieved from /home/airflow/.local/lib/python3.12/site-packages/airflow/example_dags/example_branch_day_of_week_operator.py
[2025-03-22T09:17:46.429+0000] {logging_mixin.py:190} INFO - [2025-03-22T09:17:46.428+0000] {dag.py:3239} INFO - Sync 1 DAGs
[2025-03-22T09:17:46.454+0000] {logging_mixin.py:190} INFO - [2025-03-22T09:17:46.454+0000] {dag.py:4180} INFO - Setting next_dagrun for example_weekday_branch_operator to 2025-03-21 00:00:00+00:00, run_after=2025-03-22 00:00:00+00:00
[2025-03-22T09:17:46.472+0000] {processor.py:208} INFO - Processing /home/airflow/.local/lib/python3.12/site-packages/airflow/example_dags/example_branch_day_of_week_operator.py took 0.091 seconds
[2025-03-22T09:18:17.506+0000] {processor.py:186} INFO - Started process (PID=2622) to work on /home/airflow/.local/lib/python3.12/site-packages/airflow/example_dags/example_branch_day_of_week_operator.py
[2025-03-22T09:18:17.506+0000] {processor.py:914} INFO - Processing file /home/airflow/.local/lib/python3.12/site-packages/airflow/example_dags/example_branch_day_of_week_operator.py for tasks to queue
[2025-03-22T09:18:17.507+0000] {logging_mixin.py:190} INFO - [2025-03-22T09:18:17.507+0000] {dagbag.py:588} INFO - Filling up the DagBag from /home/airflow/.local/lib/python3.12/site-packages/airflow/example_dags/example_branch_day_of_week_operator.py
[2025-03-22T09:18:17.515+0000] {processor.py:925} INFO - DAG(s) 'example_weekday_branch_operator' retrieved from /home/airflow/.local/lib/python3.12/site-packages/airflow/example_dags/example_branch_day_of_week_operator.py
[2025-03-22T09:18:17.535+0000] {logging_mixin.py:190} INFO - [2025-03-22T09:18:17.535+0000] {dag.py:3239} INFO - Sync 1 DAGs
[2025-03-22T09:18:17.557+0000] {logging_mixin.py:190} INFO - [2025-03-22T09:18:17.556+0000] {dag.py:4180} INFO - Setting next_dagrun for example_weekday_branch_operator to 2025-03-21 00:00:00+00:00, run_after=2025-03-22 00:00:00+00:00
[2025-03-22T09:18:17.573+0000] {processor.py:208} INFO - Processing /home/airflow/.local/lib/python3.12/site-packages/airflow/example_dags/example_branch_day_of_week_operator.py took 0.073 seconds
[2025-03-22T09:18:47.938+0000] {processor.py:186} INFO - Started process (PID=2686) to work on /home/airflow/.local/lib/python3.12/site-packages/airflow/example_dags/example_branch_day_of_week_operator.py
[2025-03-22T09:18:47.938+0000] {processor.py:914} INFO - Processing file /home/airflow/.local/lib/python3.12/site-packages/airflow/example_dags/example_branch_day_of_week_operator.py for tasks to queue
[2025-03-22T09:18:47.939+0000] {logging_mixin.py:190} INFO - [2025-03-22T09:18:47.939+0000] {dagbag.py:588} INFO - Filling up the DagBag from /home/airflow/.local/lib/python3.12/site-packages/airflow/example_dags/example_branch_day_of_week_operator.py
[2025-03-22T09:18:47.948+0000] {processor.py:925} INFO - DAG(s) 'example_weekday_branch_operator' retrieved from /home/airflow/.local/lib/python3.12/site-packages/airflow/example_dags/example_branch_day_of_week_operator.py
[2025-03-22T09:18:47.966+0000] {logging_mixin.py:190} INFO - [2025-03-22T09:18:47.965+0000] {dag.py:3239} INFO - Sync 1 DAGs
[2025-03-22T09:18:47.992+0000] {logging_mixin.py:190} INFO - [2025-03-22T09:18:47.991+0000] {dag.py:4180} INFO - Setting next_dagrun for example_weekday_branch_operator to 2025-03-21 00:00:00+00:00, run_after=2025-03-22 00:00:00+00:00
[2025-03-22T09:18:48.011+0000] {processor.py:208} INFO - Processing /home/airflow/.local/lib/python3.12/site-packages/airflow/example_dags/example_branch_day_of_week_operator.py took 0.078 seconds
[2025-03-22T09:19:18.250+0000] {processor.py:186} INFO - Started process (PID=2751) to work on /home/airflow/.local/lib/python3.12/site-packages/airflow/example_dags/example_branch_day_of_week_operator.py
[2025-03-22T09:19:18.251+0000] {processor.py:914} INFO - Processing file /home/airflow/.local/lib/python3.12/site-packages/airflow/example_dags/example_branch_day_of_week_operator.py for tasks to queue
[2025-03-22T09:19:18.252+0000] {logging_mixin.py:190} INFO - [2025-03-22T09:19:18.252+0000] {dagbag.py:588} INFO - Filling up the DagBag from /home/airflow/.local/lib/python3.12/site-packages/airflow/example_dags/example_branch_day_of_week_operator.py
[2025-03-22T09:19:18.261+0000] {processor.py:925} INFO - DAG(s) 'example_weekday_branch_operator' retrieved from /home/airflow/.local/lib/python3.12/site-packages/airflow/example_dags/example_branch_day_of_week_operator.py
[2025-03-22T09:19:18.284+0000] {logging_mixin.py:190} INFO - [2025-03-22T09:19:18.283+0000] {dag.py:3239} INFO - Sync 1 DAGs
[2025-03-22T09:19:18.314+0000] {logging_mixin.py:190} INFO - [2025-03-22T09:19:18.314+0000] {dag.py:4180} INFO - Setting next_dagrun for example_weekday_branch_operator to 2025-03-21 00:00:00+00:00, run_after=2025-03-22 00:00:00+00:00
[2025-03-22T09:19:18.337+0000] {processor.py:208} INFO - Processing /home/airflow/.local/lib/python3.12/site-packages/airflow/example_dags/example_branch_day_of_week_operator.py took 0.093 seconds
[2025-03-22T09:19:48.531+0000] {processor.py:186} INFO - Started process (PID=2815) to work on /home/airflow/.local/lib/python3.12/site-packages/airflow/example_dags/example_branch_day_of_week_operator.py
[2025-03-22T09:19:48.532+0000] {processor.py:914} INFO - Processing file /home/airflow/.local/lib/python3.12/site-packages/airflow/example_dags/example_branch_day_of_week_operator.py for tasks to queue
[2025-03-22T09:19:48.533+0000] {logging_mixin.py:190} INFO - [2025-03-22T09:19:48.533+0000] {dagbag.py:588} INFO - Filling up the DagBag from /home/airflow/.local/lib/python3.12/site-packages/airflow/example_dags/example_branch_day_of_week_operator.py
[2025-03-22T09:19:48.542+0000] {processor.py:925} INFO - DAG(s) 'example_weekday_branch_operator' retrieved from /home/airflow/.local/lib/python3.12/site-packages/airflow/example_dags/example_branch_day_of_week_operator.py
[2025-03-22T09:19:48.561+0000] {logging_mixin.py:190} INFO - [2025-03-22T09:19:48.561+0000] {dag.py:3239} INFO - Sync 1 DAGs
[2025-03-22T09:19:48.585+0000] {logging_mixin.py:190} INFO - [2025-03-22T09:19:48.584+0000] {dag.py:4180} INFO - Setting next_dagrun for example_weekday_branch_operator to 2025-03-21 00:00:00+00:00, run_after=2025-03-22 00:00:00+00:00
[2025-03-22T09:19:48.604+0000] {processor.py:208} INFO - Processing /home/airflow/.local/lib/python3.12/site-packages/airflow/example_dags/example_branch_day_of_week_operator.py took 0.078 seconds
[2025-03-22T09:20:18.923+0000] {processor.py:186} INFO - Started process (PID=2879) to work on /home/airflow/.local/lib/python3.12/site-packages/airflow/example_dags/example_branch_day_of_week_operator.py
[2025-03-22T09:20:18.924+0000] {processor.py:914} INFO - Processing file /home/airflow/.local/lib/python3.12/site-packages/airflow/example_dags/example_branch_day_of_week_operator.py for tasks to queue
[2025-03-22T09:20:18.925+0000] {logging_mixin.py:190} INFO - [2025-03-22T09:20:18.925+0000] {dagbag.py:588} INFO - Filling up the DagBag from /home/airflow/.local/lib/python3.12/site-packages/airflow/example_dags/example_branch_day_of_week_operator.py
[2025-03-22T09:20:18.937+0000] {processor.py:925} INFO - DAG(s) 'example_weekday_branch_operator' retrieved from /home/airflow/.local/lib/python3.12/site-packages/airflow/example_dags/example_branch_day_of_week_operator.py
[2025-03-22T09:20:18.960+0000] {logging_mixin.py:190} INFO - [2025-03-22T09:20:18.960+0000] {dag.py:3239} INFO - Sync 1 DAGs
[2025-03-22T09:20:18.987+0000] {logging_mixin.py:190} INFO - [2025-03-22T09:20:18.987+0000] {dag.py:4180} INFO - Setting next_dagrun for example_weekday_branch_operator to 2025-03-21 00:00:00+00:00, run_after=2025-03-22 00:00:00+00:00
[2025-03-22T09:20:19.006+0000] {processor.py:208} INFO - Processing /home/airflow/.local/lib/python3.12/site-packages/airflow/example_dags/example_branch_day_of_week_operator.py took 0.090 seconds
[2025-03-22T09:20:49.103+0000] {processor.py:186} INFO - Started process (PID=2943) to work on /home/airflow/.local/lib/python3.12/site-packages/airflow/example_dags/example_branch_day_of_week_operator.py
[2025-03-22T09:20:49.104+0000] {processor.py:914} INFO - Processing file /home/airflow/.local/lib/python3.12/site-packages/airflow/example_dags/example_branch_day_of_week_operator.py for tasks to queue
[2025-03-22T09:20:49.106+0000] {logging_mixin.py:190} INFO - [2025-03-22T09:20:49.105+0000] {dagbag.py:588} INFO - Filling up the DagBag from /home/airflow/.local/lib/python3.12/site-packages/airflow/example_dags/example_branch_day_of_week_operator.py
[2025-03-22T09:20:49.114+0000] {processor.py:925} INFO - DAG(s) 'example_weekday_branch_operator' retrieved from /home/airflow/.local/lib/python3.12/site-packages/airflow/example_dags/example_branch_day_of_week_operator.py
[2025-03-22T09:20:49.134+0000] {logging_mixin.py:190} INFO - [2025-03-22T09:20:49.134+0000] {dag.py:3239} INFO - Sync 1 DAGs
[2025-03-22T09:20:49.159+0000] {logging_mixin.py:190} INFO - [2025-03-22T09:20:49.159+0000] {dag.py:4180} INFO - Setting next_dagrun for example_weekday_branch_operator to 2025-03-21 00:00:00+00:00, run_after=2025-03-22 00:00:00+00:00
[2025-03-22T09:20:49.177+0000] {processor.py:208} INFO - Processing /home/airflow/.local/lib/python3.12/site-packages/airflow/example_dags/example_branch_day_of_week_operator.py took 0.079 seconds
[2025-03-22T09:21:19.905+0000] {processor.py:186} INFO - Started process (PID=3007) to work on /home/airflow/.local/lib/python3.12/site-packages/airflow/example_dags/example_branch_day_of_week_operator.py
[2025-03-22T09:21:19.905+0000] {processor.py:914} INFO - Processing file /home/airflow/.local/lib/python3.12/site-packages/airflow/example_dags/example_branch_day_of_week_operator.py for tasks to queue
[2025-03-22T09:21:19.906+0000] {logging_mixin.py:190} INFO - [2025-03-22T09:21:19.906+0000] {dagbag.py:588} INFO - Filling up the DagBag from /home/airflow/.local/lib/python3.12/site-packages/airflow/example_dags/example_branch_day_of_week_operator.py
[2025-03-22T09:21:19.915+0000] {processor.py:925} INFO - DAG(s) 'example_weekday_branch_operator' retrieved from /home/airflow/.local/lib/python3.12/site-packages/airflow/example_dags/example_branch_day_of_week_operator.py
[2025-03-22T09:21:19.937+0000] {logging_mixin.py:190} INFO - [2025-03-22T09:21:19.937+0000] {dag.py:3239} INFO - Sync 1 DAGs
[2025-03-22T09:21:19.966+0000] {logging_mixin.py:190} INFO - [2025-03-22T09:21:19.966+0000] {dag.py:4180} INFO - Setting next_dagrun for example_weekday_branch_operator to 2025-03-21 00:00:00+00:00, run_after=2025-03-22 00:00:00+00:00
[2025-03-22T09:21:19.984+0000] {processor.py:208} INFO - Processing /home/airflow/.local/lib/python3.12/site-packages/airflow/example_dags/example_branch_day_of_week_operator.py took 0.085 seconds
[2025-03-22T09:21:50.244+0000] {processor.py:186} INFO - Started process (PID=3071) to work on /home/airflow/.local/lib/python3.12/site-packages/airflow/example_dags/example_branch_day_of_week_operator.py
[2025-03-22T09:21:50.245+0000] {processor.py:914} INFO - Processing file /home/airflow/.local/lib/python3.12/site-packages/airflow/example_dags/example_branch_day_of_week_operator.py for tasks to queue
[2025-03-22T09:21:50.247+0000] {logging_mixin.py:190} INFO - [2025-03-22T09:21:50.247+0000] {dagbag.py:588} INFO - Filling up the DagBag from /home/airflow/.local/lib/python3.12/site-packages/airflow/example_dags/example_branch_day_of_week_operator.py
[2025-03-22T09:21:50.260+0000] {processor.py:925} INFO - DAG(s) 'example_weekday_branch_operator' retrieved from /home/airflow/.local/lib/python3.12/site-packages/airflow/example_dags/example_branch_day_of_week_operator.py
[2025-03-22T09:21:50.290+0000] {logging_mixin.py:190} INFO - [2025-03-22T09:21:50.289+0000] {dag.py:3239} INFO - Sync 1 DAGs
[2025-03-22T09:21:50.322+0000] {logging_mixin.py:190} INFO - [2025-03-22T09:21:50.322+0000] {dag.py:4180} INFO - Setting next_dagrun for example_weekday_branch_operator to 2025-03-21 00:00:00+00:00, run_after=2025-03-22 00:00:00+00:00
[2025-03-22T09:21:50.344+0000] {processor.py:208} INFO - Processing /home/airflow/.local/lib/python3.12/site-packages/airflow/example_dags/example_branch_day_of_week_operator.py took 0.108 seconds
[2025-03-22T09:22:21.309+0000] {processor.py:186} INFO - Started process (PID=3142) to work on /home/airflow/.local/lib/python3.12/site-packages/airflow/example_dags/example_branch_day_of_week_operator.py
[2025-03-22T09:22:21.310+0000] {processor.py:914} INFO - Processing file /home/airflow/.local/lib/python3.12/site-packages/airflow/example_dags/example_branch_day_of_week_operator.py for tasks to queue
[2025-03-22T09:22:21.311+0000] {logging_mixin.py:190} INFO - [2025-03-22T09:22:21.311+0000] {dagbag.py:588} INFO - Filling up the DagBag from /home/airflow/.local/lib/python3.12/site-packages/airflow/example_dags/example_branch_day_of_week_operator.py
[2025-03-22T09:22:21.325+0000] {processor.py:925} INFO - DAG(s) 'example_weekday_branch_operator' retrieved from /home/airflow/.local/lib/python3.12/site-packages/airflow/example_dags/example_branch_day_of_week_operator.py
[2025-03-22T09:22:21.356+0000] {logging_mixin.py:190} INFO - [2025-03-22T09:22:21.356+0000] {dag.py:3239} INFO - Sync 1 DAGs
[2025-03-22T09:22:21.393+0000] {logging_mixin.py:190} INFO - [2025-03-22T09:22:21.393+0000] {dag.py:4180} INFO - Setting next_dagrun for example_weekday_branch_operator to 2025-03-21 00:00:00+00:00, run_after=2025-03-22 00:00:00+00:00
[2025-03-22T09:22:21.421+0000] {processor.py:208} INFO - Processing /home/airflow/.local/lib/python3.12/site-packages/airflow/example_dags/example_branch_day_of_week_operator.py took 0.120 seconds
[2025-03-22T09:22:51.843+0000] {processor.py:186} INFO - Started process (PID=3206) to work on /home/airflow/.local/lib/python3.12/site-packages/airflow/example_dags/example_branch_day_of_week_operator.py
[2025-03-22T09:22:51.843+0000] {processor.py:914} INFO - Processing file /home/airflow/.local/lib/python3.12/site-packages/airflow/example_dags/example_branch_day_of_week_operator.py for tasks to queue
[2025-03-22T09:22:51.845+0000] {logging_mixin.py:190} INFO - [2025-03-22T09:22:51.845+0000] {dagbag.py:588} INFO - Filling up the DagBag from /home/airflow/.local/lib/python3.12/site-packages/airflow/example_dags/example_branch_day_of_week_operator.py
[2025-03-22T09:22:51.857+0000] {processor.py:925} INFO - DAG(s) 'example_weekday_branch_operator' retrieved from /home/airflow/.local/lib/python3.12/site-packages/airflow/example_dags/example_branch_day_of_week_operator.py
[2025-03-22T09:22:51.879+0000] {logging_mixin.py:190} INFO - [2025-03-22T09:22:51.879+0000] {dag.py:3239} INFO - Sync 1 DAGs
[2025-03-22T09:22:51.903+0000] {logging_mixin.py:190} INFO - [2025-03-22T09:22:51.903+0000] {dag.py:4180} INFO - Setting next_dagrun for example_weekday_branch_operator to 2025-03-21 00:00:00+00:00, run_after=2025-03-22 00:00:00+00:00
[2025-03-22T09:22:51.921+0000] {processor.py:208} INFO - Processing /home/airflow/.local/lib/python3.12/site-packages/airflow/example_dags/example_branch_day_of_week_operator.py took 0.084 seconds
[2025-03-22T09:23:22.812+0000] {processor.py:186} INFO - Started process (PID=3270) to work on /home/airflow/.local/lib/python3.12/site-packages/airflow/example_dags/example_branch_day_of_week_operator.py
[2025-03-22T09:23:22.813+0000] {processor.py:914} INFO - Processing file /home/airflow/.local/lib/python3.12/site-packages/airflow/example_dags/example_branch_day_of_week_operator.py for tasks to queue
[2025-03-22T09:23:22.814+0000] {logging_mixin.py:190} INFO - [2025-03-22T09:23:22.814+0000] {dagbag.py:588} INFO - Filling up the DagBag from /home/airflow/.local/lib/python3.12/site-packages/airflow/example_dags/example_branch_day_of_week_operator.py
[2025-03-22T09:23:22.825+0000] {processor.py:925} INFO - DAG(s) 'example_weekday_branch_operator' retrieved from /home/airflow/.local/lib/python3.12/site-packages/airflow/example_dags/example_branch_day_of_week_operator.py
[2025-03-22T09:23:22.855+0000] {logging_mixin.py:190} INFO - [2025-03-22T09:23:22.855+0000] {dag.py:3239} INFO - Sync 1 DAGs
[2025-03-22T09:23:22.884+0000] {logging_mixin.py:190} INFO - [2025-03-22T09:23:22.884+0000] {dag.py:4180} INFO - Setting next_dagrun for example_weekday_branch_operator to 2025-03-21 00:00:00+00:00, run_after=2025-03-22 00:00:00+00:00
[2025-03-22T09:23:22.906+0000] {processor.py:208} INFO - Processing /home/airflow/.local/lib/python3.12/site-packages/airflow/example_dags/example_branch_day_of_week_operator.py took 0.101 seconds
[2025-03-22T09:23:53.088+0000] {processor.py:186} INFO - Started process (PID=3335) to work on /home/airflow/.local/lib/python3.12/site-packages/airflow/example_dags/example_branch_day_of_week_operator.py
[2025-03-22T09:23:53.089+0000] {processor.py:914} INFO - Processing file /home/airflow/.local/lib/python3.12/site-packages/airflow/example_dags/example_branch_day_of_week_operator.py for tasks to queue
[2025-03-22T09:23:53.090+0000] {logging_mixin.py:190} INFO - [2025-03-22T09:23:53.090+0000] {dagbag.py:588} INFO - Filling up the DagBag from /home/airflow/.local/lib/python3.12/site-packages/airflow/example_dags/example_branch_day_of_week_operator.py
[2025-03-22T09:23:53.102+0000] {processor.py:925} INFO - DAG(s) 'example_weekday_branch_operator' retrieved from /home/airflow/.local/lib/python3.12/site-packages/airflow/example_dags/example_branch_day_of_week_operator.py
[2025-03-22T09:23:53.124+0000] {logging_mixin.py:190} INFO - [2025-03-22T09:23:53.124+0000] {dag.py:3239} INFO - Sync 1 DAGs
[2025-03-22T09:23:53.152+0000] {logging_mixin.py:190} INFO - [2025-03-22T09:23:53.152+0000] {dag.py:4180} INFO - Setting next_dagrun for example_weekday_branch_operator to 2025-03-21 00:00:00+00:00, run_after=2025-03-22 00:00:00+00:00
[2025-03-22T09:23:53.172+0000] {processor.py:208} INFO - Processing /home/airflow/.local/lib/python3.12/site-packages/airflow/example_dags/example_branch_day_of_week_operator.py took 0.090 seconds
[2025-03-22T09:24:24.707+0000] {processor.py:186} INFO - Started process (PID=3399) to work on /home/airflow/.local/lib/python3.12/site-packages/airflow/example_dags/example_branch_day_of_week_operator.py
[2025-03-22T09:24:24.708+0000] {processor.py:914} INFO - Processing file /home/airflow/.local/lib/python3.12/site-packages/airflow/example_dags/example_branch_day_of_week_operator.py for tasks to queue
[2025-03-22T09:24:24.709+0000] {logging_mixin.py:190} INFO - [2025-03-22T09:24:24.709+0000] {dagbag.py:588} INFO - Filling up the DagBag from /home/airflow/.local/lib/python3.12/site-packages/airflow/example_dags/example_branch_day_of_week_operator.py
[2025-03-22T09:24:24.718+0000] {processor.py:925} INFO - DAG(s) 'example_weekday_branch_operator' retrieved from /home/airflow/.local/lib/python3.12/site-packages/airflow/example_dags/example_branch_day_of_week_operator.py
[2025-03-22T09:24:24.737+0000] {logging_mixin.py:190} INFO - [2025-03-22T09:24:24.737+0000] {dag.py:3239} INFO - Sync 1 DAGs
[2025-03-22T09:24:24.761+0000] {logging_mixin.py:190} INFO - [2025-03-22T09:24:24.761+0000] {dag.py:4180} INFO - Setting next_dagrun for example_weekday_branch_operator to 2025-03-21 00:00:00+00:00, run_after=2025-03-22 00:00:00+00:00
[2025-03-22T09:24:24.779+0000] {processor.py:208} INFO - Processing /home/airflow/.local/lib/python3.12/site-packages/airflow/example_dags/example_branch_day_of_week_operator.py took 0.078 seconds
[2025-03-22T09:24:55.331+0000] {processor.py:186} INFO - Started process (PID=3462) to work on /home/airflow/.local/lib/python3.12/site-packages/airflow/example_dags/example_branch_day_of_week_operator.py
[2025-03-22T09:24:55.332+0000] {processor.py:914} INFO - Processing file /home/airflow/.local/lib/python3.12/site-packages/airflow/example_dags/example_branch_day_of_week_operator.py for tasks to queue
[2025-03-22T09:24:55.333+0000] {logging_mixin.py:190} INFO - [2025-03-22T09:24:55.332+0000] {dagbag.py:588} INFO - Filling up the DagBag from /home/airflow/.local/lib/python3.12/site-packages/airflow/example_dags/example_branch_day_of_week_operator.py
[2025-03-22T09:24:55.342+0000] {processor.py:925} INFO - DAG(s) 'example_weekday_branch_operator' retrieved from /home/airflow/.local/lib/python3.12/site-packages/airflow/example_dags/example_branch_day_of_week_operator.py
[2025-03-22T09:24:55.364+0000] {logging_mixin.py:190} INFO - [2025-03-22T09:24:55.364+0000] {dag.py:3239} INFO - Sync 1 DAGs
[2025-03-22T09:24:55.387+0000] {logging_mixin.py:190} INFO - [2025-03-22T09:24:55.386+0000] {dag.py:4180} INFO - Setting next_dagrun for example_weekday_branch_operator to 2025-03-21 00:00:00+00:00, run_after=2025-03-22 00:00:00+00:00
[2025-03-22T09:24:55.405+0000] {processor.py:208} INFO - Processing /home/airflow/.local/lib/python3.12/site-packages/airflow/example_dags/example_branch_day_of_week_operator.py took 0.080 seconds
[2025-03-22T09:25:26.093+0000] {processor.py:186} INFO - Started process (PID=3526) to work on /home/airflow/.local/lib/python3.12/site-packages/airflow/example_dags/example_branch_day_of_week_operator.py
[2025-03-22T09:25:26.094+0000] {processor.py:914} INFO - Processing file /home/airflow/.local/lib/python3.12/site-packages/airflow/example_dags/example_branch_day_of_week_operator.py for tasks to queue
[2025-03-22T09:25:26.096+0000] {logging_mixin.py:190} INFO - [2025-03-22T09:25:26.095+0000] {dagbag.py:588} INFO - Filling up the DagBag from /home/airflow/.local/lib/python3.12/site-packages/airflow/example_dags/example_branch_day_of_week_operator.py
[2025-03-22T09:25:26.105+0000] {processor.py:925} INFO - DAG(s) 'example_weekday_branch_operator' retrieved from /home/airflow/.local/lib/python3.12/site-packages/airflow/example_dags/example_branch_day_of_week_operator.py
[2025-03-22T09:25:26.126+0000] {logging_mixin.py:190} INFO - [2025-03-22T09:25:26.126+0000] {dag.py:3239} INFO - Sync 1 DAGs
[2025-03-22T09:25:26.151+0000] {logging_mixin.py:190} INFO - [2025-03-22T09:25:26.151+0000] {dag.py:4180} INFO - Setting next_dagrun for example_weekday_branch_operator to 2025-03-21 00:00:00+00:00, run_after=2025-03-22 00:00:00+00:00
[2025-03-22T09:25:26.167+0000] {processor.py:208} INFO - Processing /home/airflow/.local/lib/python3.12/site-packages/airflow/example_dags/example_branch_day_of_week_operator.py took 0.079 seconds
[2025-03-22T09:25:57.048+0000] {processor.py:186} INFO - Started process (PID=3589) to work on /home/airflow/.local/lib/python3.12/site-packages/airflow/example_dags/example_branch_day_of_week_operator.py
[2025-03-22T09:25:57.048+0000] {processor.py:914} INFO - Processing file /home/airflow/.local/lib/python3.12/site-packages/airflow/example_dags/example_branch_day_of_week_operator.py for tasks to queue
[2025-03-22T09:25:57.050+0000] {logging_mixin.py:190} INFO - [2025-03-22T09:25:57.049+0000] {dagbag.py:588} INFO - Filling up the DagBag from /home/airflow/.local/lib/python3.12/site-packages/airflow/example_dags/example_branch_day_of_week_operator.py
[2025-03-22T09:25:57.058+0000] {processor.py:925} INFO - DAG(s) 'example_weekday_branch_operator' retrieved from /home/airflow/.local/lib/python3.12/site-packages/airflow/example_dags/example_branch_day_of_week_operator.py
[2025-03-22T09:25:57.078+0000] {logging_mixin.py:190} INFO - [2025-03-22T09:25:57.077+0000] {dag.py:3239} INFO - Sync 1 DAGs
[2025-03-22T09:25:57.101+0000] {logging_mixin.py:190} INFO - [2025-03-22T09:25:57.101+0000] {dag.py:4180} INFO - Setting next_dagrun for example_weekday_branch_operator to 2025-03-21 00:00:00+00:00, run_after=2025-03-22 00:00:00+00:00
[2025-03-22T09:25:57.117+0000] {processor.py:208} INFO - Processing /home/airflow/.local/lib/python3.12/site-packages/airflow/example_dags/example_branch_day_of_week_operator.py took 0.074 seconds
[2025-03-22T09:26:27.464+0000] {processor.py:186} INFO - Started process (PID=3653) to work on /home/airflow/.local/lib/python3.12/site-packages/airflow/example_dags/example_branch_day_of_week_operator.py
[2025-03-22T09:26:27.465+0000] {processor.py:914} INFO - Processing file /home/airflow/.local/lib/python3.12/site-packages/airflow/example_dags/example_branch_day_of_week_operator.py for tasks to queue
[2025-03-22T09:26:27.466+0000] {logging_mixin.py:190} INFO - [2025-03-22T09:26:27.466+0000] {dagbag.py:588} INFO - Filling up the DagBag from /home/airflow/.local/lib/python3.12/site-packages/airflow/example_dags/example_branch_day_of_week_operator.py
[2025-03-22T09:26:27.476+0000] {processor.py:925} INFO - DAG(s) 'example_weekday_branch_operator' retrieved from /home/airflow/.local/lib/python3.12/site-packages/airflow/example_dags/example_branch_day_of_week_operator.py
[2025-03-22T09:26:27.499+0000] {logging_mixin.py:190} INFO - [2025-03-22T09:26:27.499+0000] {dag.py:3239} INFO - Sync 1 DAGs
[2025-03-22T09:26:27.524+0000] {logging_mixin.py:190} INFO - [2025-03-22T09:26:27.524+0000] {dag.py:4180} INFO - Setting next_dagrun for example_weekday_branch_operator to 2025-03-21 00:00:00+00:00, run_after=2025-03-22 00:00:00+00:00
[2025-03-22T09:26:27.542+0000] {processor.py:208} INFO - Processing /home/airflow/.local/lib/python3.12/site-packages/airflow/example_dags/example_branch_day_of_week_operator.py took 0.084 seconds
[2025-03-22T09:26:58.986+0000] {processor.py:186} INFO - Started process (PID=3717) to work on /home/airflow/.local/lib/python3.12/site-packages/airflow/example_dags/example_branch_day_of_week_operator.py
[2025-03-22T09:26:58.987+0000] {processor.py:914} INFO - Processing file /home/airflow/.local/lib/python3.12/site-packages/airflow/example_dags/example_branch_day_of_week_operator.py for tasks to queue
[2025-03-22T09:26:58.988+0000] {logging_mixin.py:190} INFO - [2025-03-22T09:26:58.988+0000] {dagbag.py:588} INFO - Filling up the DagBag from /home/airflow/.local/lib/python3.12/site-packages/airflow/example_dags/example_branch_day_of_week_operator.py
[2025-03-22T09:26:59.000+0000] {processor.py:925} INFO - DAG(s) 'example_weekday_branch_operator' retrieved from /home/airflow/.local/lib/python3.12/site-packages/airflow/example_dags/example_branch_day_of_week_operator.py
[2025-03-22T09:26:59.024+0000] {logging_mixin.py:190} INFO - [2025-03-22T09:26:59.024+0000] {dag.py:3239} INFO - Sync 1 DAGs
[2025-03-22T09:26:59.052+0000] {logging_mixin.py:190} INFO - [2025-03-22T09:26:59.052+0000] {dag.py:4180} INFO - Setting next_dagrun for example_weekday_branch_operator to 2025-03-21 00:00:00+00:00, run_after=2025-03-22 00:00:00+00:00
[2025-03-22T09:26:59.071+0000] {processor.py:208} INFO - Processing /home/airflow/.local/lib/python3.12/site-packages/airflow/example_dags/example_branch_day_of_week_operator.py took 0.091 seconds
[2025-03-22T09:27:30.015+0000] {processor.py:186} INFO - Started process (PID=3781) to work on /home/airflow/.local/lib/python3.12/site-packages/airflow/example_dags/example_branch_day_of_week_operator.py
[2025-03-22T09:27:30.016+0000] {processor.py:914} INFO - Processing file /home/airflow/.local/lib/python3.12/site-packages/airflow/example_dags/example_branch_day_of_week_operator.py for tasks to queue
[2025-03-22T09:27:30.017+0000] {logging_mixin.py:190} INFO - [2025-03-22T09:27:30.017+0000] {dagbag.py:588} INFO - Filling up the DagBag from /home/airflow/.local/lib/python3.12/site-packages/airflow/example_dags/example_branch_day_of_week_operator.py
[2025-03-22T09:27:30.029+0000] {processor.py:925} INFO - DAG(s) 'example_weekday_branch_operator' retrieved from /home/airflow/.local/lib/python3.12/site-packages/airflow/example_dags/example_branch_day_of_week_operator.py
[2025-03-22T09:27:30.052+0000] {logging_mixin.py:190} INFO - [2025-03-22T09:27:30.052+0000] {dag.py:3239} INFO - Sync 1 DAGs
[2025-03-22T09:27:30.084+0000] {logging_mixin.py:190} INFO - [2025-03-22T09:27:30.083+0000] {dag.py:4180} INFO - Setting next_dagrun for example_weekday_branch_operator to 2025-03-21 00:00:00+00:00, run_after=2025-03-22 00:00:00+00:00
[2025-03-22T09:27:30.108+0000] {processor.py:208} INFO - Processing /home/airflow/.local/lib/python3.12/site-packages/airflow/example_dags/example_branch_day_of_week_operator.py took 0.099 seconds
[2025-03-22T09:28:00.739+0000] {processor.py:186} INFO - Started process (PID=3845) to work on /home/airflow/.local/lib/python3.12/site-packages/airflow/example_dags/example_branch_day_of_week_operator.py
[2025-03-22T09:28:00.740+0000] {processor.py:914} INFO - Processing file /home/airflow/.local/lib/python3.12/site-packages/airflow/example_dags/example_branch_day_of_week_operator.py for tasks to queue
[2025-03-22T09:28:00.742+0000] {logging_mixin.py:190} INFO - [2025-03-22T09:28:00.742+0000] {dagbag.py:588} INFO - Filling up the DagBag from /home/airflow/.local/lib/python3.12/site-packages/airflow/example_dags/example_branch_day_of_week_operator.py
[2025-03-22T09:28:00.755+0000] {processor.py:925} INFO - DAG(s) 'example_weekday_branch_operator' retrieved from /home/airflow/.local/lib/python3.12/site-packages/airflow/example_dags/example_branch_day_of_week_operator.py
[2025-03-22T09:28:00.783+0000] {logging_mixin.py:190} INFO - [2025-03-22T09:28:00.783+0000] {dag.py:3239} INFO - Sync 1 DAGs
[2025-03-22T09:28:00.816+0000] {logging_mixin.py:190} INFO - [2025-03-22T09:28:00.816+0000] {dag.py:4180} INFO - Setting next_dagrun for example_weekday_branch_operator to 2025-03-21 00:00:00+00:00, run_after=2025-03-22 00:00:00+00:00
[2025-03-22T09:28:00.842+0000] {processor.py:208} INFO - Processing /home/airflow/.local/lib/python3.12/site-packages/airflow/example_dags/example_branch_day_of_week_operator.py took 0.111 seconds
