[2025-04-12T01:12:13.436+0000] {local_task_job_runner.py:123} INFO - ::group::Pre task execution logs
[2025-04-12T01:12:13.473+0000] {taskinstance.py:2614} INFO - Dependencies all met for dep_context=non-requeueable deps ti=<TaskInstance: etl_duckdb_dag_custom_class.init scheduled__2025-04-11T00:00:00+00:00 [queued]>
[2025-04-12T01:12:13.492+0000] {taskinstance.py:2614} INFO - Dependencies all met for dep_context=requeueable deps ti=<TaskInstance: etl_duckdb_dag_custom_class.init scheduled__2025-04-11T00:00:00+00:00 [queued]>
[2025-04-12T01:12:13.493+0000] {taskinstance.py:2867} INFO - Starting attempt 2 of 2
[2025-04-12T01:12:13.518+0000] {taskinstance.py:2890} INFO - Executing <Task(_PythonDecoratedOperator): init> on 2025-04-11 00:00:00+00:00
[2025-04-12T01:12:13.532+0000] {warnings.py:112} WARNING - /home/***/.local/lib/python3.12/site-packages/***/task/task_runner/standard_task_runner.py:70: DeprecationWarning: This process (pid=46137) is multi-threaded, use of fork() may lead to deadlocks in the child.
  pid = os.fork()

[2025-04-12T01:12:13.535+0000] {standard_task_runner.py:104} INFO - Running: ['***', 'tasks', 'run', 'etl_duckdb_dag_custom_class', 'init', 'scheduled__2025-04-11T00:00:00+00:00', '--job-id', '133', '--raw', '--subdir', 'DAGS_FOLDER/etl_duckdb_dag.py', '--cfg-path', '/tmp/tmpwow900ss']
[2025-04-12T01:12:13.536+0000] {standard_task_runner.py:72} INFO - Started process 46139 to run task
[2025-04-12T01:12:13.536+0000] {standard_task_runner.py:105} INFO - Job 133: Subtask init
[2025-04-12T01:12:13.614+0000] {task_command.py:467} INFO - Running <TaskInstance: etl_duckdb_dag_custom_class.init scheduled__2025-04-11T00:00:00+00:00 [running]> on host 2e277e0df613
[2025-04-12T01:12:13.761+0000] {taskinstance.py:3134} INFO - Exporting env vars: AIRFLOW_CTX_DAG_EMAIL='laurenziusjulioanreaja@mail.ugm.ac.id,selvianisacahyamukti@mail.ugm.ac.id,yudypratamafanggidae@mail.ugm.ac.id' AIRFLOW_CTX_DAG_OWNER='julio' AIRFLOW_CTX_DAG_ID='etl_duckdb_dag_custom_class' AIRFLOW_CTX_TASK_ID='init' AIRFLOW_CTX_EXECUTION_DATE='2025-04-11T00:00:00+00:00' AIRFLOW_CTX_TRY_NUMBER='2' AIRFLOW_CTX_DAG_RUN_ID='scheduled__2025-04-11T00:00:00+00:00'
[2025-04-12T01:12:13.763+0000] {logging_mixin.py:190} INFO - Task instance is in running state
[2025-04-12T01:12:13.764+0000] {logging_mixin.py:190} INFO -  Previous state of the Task instance: queued
[2025-04-12T01:12:13.765+0000] {logging_mixin.py:190} INFO - Current task name:init state:running start_date:2025-04-12 01:12:13.474422+00:00
[2025-04-12T01:12:13.765+0000] {logging_mixin.py:190} INFO - Dag name:etl_duckdb_dag_custom_class and current dag run status:running
[2025-04-12T01:12:13.766+0000] {taskinstance.py:732} INFO - ::endgroup::
[2025-04-12T01:12:13.824+0000] {logging_mixin.py:190} INFO - ✅ Struktur data warehouse berhasil diinisialisasi.
[2025-04-12T01:12:13.834+0000] {logging_mixin.py:190} INFO - 🔌 Koneksi DuckDB ditutup.
[2025-04-12T01:12:13.836+0000] {python.py:240} INFO - Done. Returned value was: None
[2025-04-12T01:12:13.854+0000] {taskinstance.py:341} INFO - ::group::Post task execution logs
[2025-04-12T01:12:13.856+0000] {taskinstance.py:353} INFO - Marking task as SUCCESS. dag_id=etl_duckdb_dag_custom_class, task_id=init, run_id=scheduled__2025-04-11T00:00:00+00:00, execution_date=20250411T000000, start_date=20250412T011213, end_date=20250412T011213
[2025-04-12T01:12:13.895+0000] {logging_mixin.py:190} INFO - Task instance in success state
[2025-04-12T01:12:13.896+0000] {logging_mixin.py:190} INFO -  Previous state of the Task instance: running
[2025-04-12T01:12:13.897+0000] {logging_mixin.py:190} INFO - Dag name:etl_duckdb_dag_custom_class queued_at:2025-04-12 01:06:37.793745+00:00
[2025-04-12T01:12:13.898+0000] {logging_mixin.py:190} INFO - Task hostname:2e277e0df613 operator:_PythonDecoratedOperator
[2025-04-12T01:12:13.956+0000] {local_task_job_runner.py:266} INFO - Task exited with return code 0
[2025-04-12T01:12:14.001+0000] {taskinstance.py:3901} INFO - 1 downstream tasks scheduled from follow-on schedule check
[2025-04-12T01:12:14.006+0000] {local_task_job_runner.py:245} INFO - ::endgroup::
